2019-05-22 10:55:01,222 INFO Loading configuration file: /tmp/nfvbench/nfvbench_config.cfg
2019-05-22 10:55:01,259 INFO EXT chain with OpenStack mode disabled
2019-05-22 10:55:01,259 INFO -c /tmp/nfvbench/nfvbench_config.cfg --rate 10Gbps --flow-count 1024 --duration 30 --json /tmp/nfvbench/priv_3c2n_10Gbps-3.json
2019-05-22 10:55:01,261 INFO Connecting to TRex (127.0.0.1)...
2019-05-22 10:55:01,397 INFO Connected to TRex
2019-05-22 10:55:01,397 INFO    Port 0: Ethernet Controller X710 for 10GbE SFP+ speed=10Gbps mac=e4:43:4b:2e:9f:e2 pci=0000:1a:00.2 driver=net_i40e
2019-05-22 10:55:01,397 INFO    Port 1: Ethernet Controller X710 for 10GbE SFP+ speed=10Gbps mac=e4:43:4b:2e:9f:e3 pci=0000:1a:00.3 driver=net_i40e
2019-05-22 10:55:01,398 INFO Port 0: dst MAC ['52:54:00:00:00:aa', '52:54:01:00:00:aa', '52:54:02:00:00:aa']
2019-05-22 10:55:01,398 INFO Port 1: dst MAC ['52:54:00:00:00:bb', '52:54:01:00:00:bb', '52:54:02:00:00:bb']
2019-05-22 10:55:01,398 INFO ChainRunner initialized
2019-05-22 10:55:01,399 INFO Starting 3xEXT benchmark...
2019-05-22 10:55:01,403 INFO Starting traffic generator to ensure end-to-end connectivity
2019-05-22 10:55:01,424 INFO Created 3 traffic streams for port 0.
2019-05-22 10:55:01,427 INFO Created 3 traffic streams for port 1.
2019-05-22 10:55:01,538 INFO Captured unique src mac 0/6, capturing return packets (retry 1/100)...
2019-05-22 10:55:03,661 INFO Received packet from mac: 52:54:02:00:00:bb (chain=2, port=1)
2019-05-22 10:55:03,661 INFO Received packet from mac: 52:54:00:00:00:bb (chain=0, port=1)
2019-05-22 10:55:03,661 INFO Received packet from mac: 52:54:01:00:00:bb (chain=1, port=1)
2019-05-22 10:55:03,661 INFO Received packet from mac: 52:54:01:00:00:aa (chain=1, port=0)
2019-05-22 10:55:03,661 INFO Received packet from mac: 52:54:00:00:00:aa (chain=0, port=0)
2019-05-22 10:55:03,661 INFO Received packet from mac: 52:54:02:00:00:aa (chain=2, port=0)
2019-05-22 10:55:03,661 INFO End-to-end connectivity established
2019-05-22 10:55:03,681 INFO Cleared all existing streams
2019-05-22 10:55:03,714 INFO Created 6 traffic streams for port 0.
2019-05-22 10:55:03,719 INFO Created 6 traffic streams for port 1.
2019-05-22 10:55:03,720 INFO Starting to generate traffic...
2019-05-22 10:55:03,720 INFO Running traffic generator
2019-05-22 10:55:13,749 INFO TX: 148973875; RX: 100008564; Est. Dropped: 48965311; Est. Drop rate: 32.8684%
2019-05-22 10:55:23,767 INFO TX: 298059946; RX: 200104240; Est. Dropped: 97955706; Est. Drop rate: 32.8644%
2019-05-22 10:55:33,757 INFO TX: 446428482; RX: 299725262; Est. Dropped: 146703220; Est. Drop rate: 32.8615%
2019-05-22 10:55:33,757 INFO ...traffic generating ended.
2019-05-22 10:55:33,763 INFO Service chain 'EXT' run completed.
2019-05-22 10:55:33,763 INFO Clean up skipped.
2019-05-22 10:55:33,792 INFO Saving results in json file: /tmp/nfvbench/priv_3c2n_10Gbps-3.json...
2019-05-22 10:55:33,800 INFO 
========== NFVBench Summary ==========
Date: 2019-05-22 10:55:01
NFVBench version 2.0.5
Openstack Neutron:
  vSwitch: 
  Encapsulation: 
Benchmarks:
> Networks:
  > Components:
    > Traffic Generator:
        Profile: trex-local
        Tool: TRex
    > Versions:
      > Traffic_Generator:
          build_date: Nov 13 2017
          version: v2.32
          built_by: hhaim
          mode: STL
          build_time: 10:58:17
  > Service chain:
    > EXT:
      > Traffic:
          Profile: traffic_profile_64B
          Bidirectional: True
          Flow count: 1024
          Service chains count: 3
          Compute nodes: []
            
            Run Summary:
            
              +-----------------+-------------+----------------------+----------------------+----------------------+
              |   L2 Frame Size |  Drop Rate  |   Avg Latency (usec) |   Min Latency (usec) |  Max Latency (usec)  |
              +=================+=============+======================+======================+======================+
              |              64 |  32.8615%   |                  753 |                   40 |        1,121         |
              +-----------------+-------------+----------------------+----------------------+----------------------+
              
            
            L2 frame size: 64
            
            Run Config:
            
              +-------------+---------------------------+------------------------+-----------------+---------------------------+------------------------+-----------------+
              |  Direction  |  Requested TX Rate (bps)  |  Actual TX Rate (bps)  |  RX Rate (bps)  |  Requested TX Rate (pps)  |  Actual TX Rate (pps)  |  RX Rate (pps)  |
              +=============+===========================+========================+=================+===========================+========================+=================+
              |   Forward   |        5.0000 Gbps        |      5.0000 Gbps       |   2.8472 Gbps   |       7,440,476 pps       |     7,440,474 pps      |  4,236,838 pps  |
              +-------------+---------------------------+------------------------+-----------------+---------------------------+------------------------+-----------------+
              |   Reverse   |        5.0000 Gbps        |      5.0000 Gbps       |   3.8667 Gbps   |       7,440,476 pps       |     7,440,474 pps      |  5,754,003 pps  |
              +-------------+---------------------------+------------------------+-----------------+---------------------------+------------------------+-----------------+
              |    Total    |       10.0000 Gbps        |      10.0000 Gbps      |   6.7138 Gbps   |      14,880,952 pps       |     14,880,948 pps     |  9,990,841 pps  |
              +-------------+---------------------------+------------------------+-----------------+---------------------------+------------------------+-----------------+
              
            Forward Chain Packet Counters and Latency:
            
              +---------+--------------+-------------------------+------------+------------+------------+
              |  Chain  |  TRex.TX.p0  |       TRex.RX.p1        |  Avg lat.  |  Min lat.  |  Max lat.  |
              +=========+==============+=========================+============+============+============+
              |    0    |  74,404,747  | -31,961,116 (-42.9557%) |  719 usec  |  100 usec  |  874 usec  |
              +---------+--------------+-------------------------+------------+------------+------------+
              |    1    |  74,404,747  | -32,173,339 (-43.2410%) |  719 usec  |  100 usec  |  878 usec  |
              +---------+--------------+-------------------------+------------+------------+------------+
              |    2    |  74,404,747  | -31,974,639 (-42.9739%) |  665 usec  |  40 usec   |  844 usec  |
              +---------+--------------+-------------------------+------------+------------+------------+
              |  total  | 223,214,241  | -96,109,094 (-43.0569%) |  701 usec  |  40 usec   |  878 usec  |
              +---------+--------------+-------------------------+------------+------------+------------+
              
            Reverse Chain Packet Counters and Latency:
            
              +---------+--------------+---------------------------------+------------+------------+------------+
              |  Chain  |  TRex.TX.p1  |           TRex.RX.p0            |  Avg lat.  |  Min lat.  |  Max lat.  |
              +=========+==============+=================================+============+============+============+
              |    0    |  74,404,747  | +60,058,870,509 (+80719.1381%)  |  525 usec  |  40 usec   |  630 usec  |
              +---------+--------------+---------------------------------+------------+------------+------------+
              |    1    |  74,404,747  | +60,058,604,177 (+80718.7802%)  |  972 usec  |  100 usec  | 1,119 usec |
              +---------+--------------+---------------------------------+------------+------------+------------+
              |    2    |  74,404,747  | +60,058,604,182 (+80718.7802%)  |  978 usec  |  100 usec  | 1,121 usec |
              +---------+--------------+---------------------------------+------------+------------+------------+
              |  total  | 223,214,241  | +180,176,078,868 (+80718.8995%) |  825 usec  |  40 usec   | 1,121 usec |
              +---------+--------------+---------------------------------+------------+------------+------------+
              

