2019-05-22 09:29:36,135 INFO Loading configuration file: /tmp/nfvbench/nfvbench_config.cfg
2019-05-22 09:29:36,171 INFO EXT chain with OpenStack mode disabled
2019-05-22 09:29:36,171 INFO -c /tmp/nfvbench/nfvbench_config.cfg --rate 10Gbps --flow-count 1024 --duration 30 --json /tmp/nfvbench/nonpriv_3c2n_10Gbps-2.json
2019-05-22 09:29:36,173 INFO Connecting to TRex (127.0.0.1)...
2019-05-22 09:29:36,309 INFO Connected to TRex
2019-05-22 09:29:36,309 INFO    Port 0: Ethernet Controller X710 for 10GbE SFP+ speed=10Gbps mac=e4:43:4b:2e:9f:e2 pci=0000:1a:00.2 driver=net_i40e
2019-05-22 09:29:36,309 INFO    Port 1: Ethernet Controller X710 for 10GbE SFP+ speed=10Gbps mac=e4:43:4b:2e:9f:e3 pci=0000:1a:00.3 driver=net_i40e
2019-05-22 09:29:36,310 INFO Port 0: dst MAC ['52:54:00:00:00:aa', '52:54:01:00:00:aa', '52:54:02:00:00:aa']
2019-05-22 09:29:36,310 INFO Port 1: dst MAC ['52:54:00:00:00:bb', '52:54:01:00:00:bb', '52:54:02:00:00:bb']
2019-05-22 09:29:36,311 INFO ChainRunner initialized
2019-05-22 09:29:36,311 INFO Starting 3xEXT benchmark...
2019-05-22 09:29:36,316 INFO Starting traffic generator to ensure end-to-end connectivity
2019-05-22 09:29:36,336 INFO Created 3 traffic streams for port 0.
2019-05-22 09:29:36,339 INFO Created 3 traffic streams for port 1.
2019-05-22 09:29:36,450 INFO Captured unique src mac 0/6, capturing return packets (retry 1/100)...
2019-05-22 09:29:38,572 INFO Received packet from mac: 52:54:01:00:00:bb (chain=1, port=1)
2019-05-22 09:29:38,572 INFO Received packet from mac: 52:54:00:00:00:bb (chain=0, port=1)
2019-05-22 09:29:38,572 INFO Received packet from mac: 52:54:02:00:00:bb (chain=2, port=1)
2019-05-22 09:29:38,573 INFO Received packet from mac: 52:54:01:00:00:aa (chain=1, port=0)
2019-05-22 09:29:38,573 INFO Received packet from mac: 52:54:02:00:00:aa (chain=2, port=0)
2019-05-22 09:29:38,573 INFO Received packet from mac: 52:54:00:00:00:aa (chain=0, port=0)
2019-05-22 09:29:38,573 INFO End-to-end connectivity established
2019-05-22 09:29:38,592 INFO Cleared all existing streams
2019-05-22 09:29:38,619 INFO Created 6 traffic streams for port 0.
2019-05-22 09:29:38,625 INFO Created 6 traffic streams for port 1.
2019-05-22 09:29:38,625 INFO Starting to generate traffic...
2019-05-22 09:29:38,625 INFO Running traffic generator
2019-05-22 09:29:48,655 INFO TX: 148969460; RX: 80091932; Est. Dropped: 68877528; Est. Drop rate: 46.2360%
2019-05-22 09:29:58,672 INFO TX: 298049144; RX: 160248691; Est. Dropped: 137800453; Est. Drop rate: 46.2341%
2019-05-22 09:30:08,666 INFO TX: 446428554; RX: 240034547; Est. Dropped: 206394007; Est. Drop rate: 46.2323%
2019-05-22 09:30:08,666 INFO ...traffic generating ended.
2019-05-22 09:30:08,672 INFO Service chain 'EXT' run completed.
2019-05-22 09:30:08,672 INFO Clean up skipped.
2019-05-22 09:30:08,700 INFO Saving results in json file: /tmp/nfvbench/nonpriv_3c2n_10Gbps-2.json...
2019-05-22 09:30:08,709 INFO 
========== NFVBench Summary ==========
Date: 2019-05-22 09:29:36
NFVBench version 2.0.5
Openstack Neutron:
  vSwitch: 
  Encapsulation: 
Benchmarks:
> Networks:
  > Components:
    > Traffic Generator:
        Profile: trex-local
        Tool: TRex
    > Versions:
      > Traffic_Generator:
          build_date: Nov 13 2017
          version: v2.32
          built_by: hhaim
          mode: STL
          build_time: 10:58:17
  > Service chain:
    > EXT:
      > Traffic:
          Profile: traffic_profile_64B
          Bidirectional: True
          Flow count: 1024
          Service chains count: 3
          Compute nodes: []
            
            Run Summary:
            
              +-----------------+-------------+----------------------+----------------------+----------------------+
              |   L2 Frame Size |  Drop Rate  |   Avg Latency (usec) |   Min Latency (usec) |  Max Latency (usec)  |
              +=================+=============+======================+======================+======================+
              |              64 |  46.2323%   |                  938 |                   20 |        1,419         |
              +-----------------+-------------+----------------------+----------------------+----------------------+
              
            
            L2 frame size: 64
            
            Run Config:
            
              +-------------+---------------------------+------------------------+-----------------+---------------------------+------------------------+-----------------+
              |  Direction  |  Requested TX Rate (bps)  |  Actual TX Rate (bps)  |  RX Rate (bps)  |  Requested TX Rate (pps)  |  Actual TX Rate (pps)  |  RX Rate (pps)  |
              +=============+===========================+========================+=================+===========================+========================+=================+
              |   Forward   |        5.0000 Gbps        |      5.0000 Gbps       |   2.3093 Gbps   |       7,440,476 pps       |     7,440,475 pps      |  3,436,414 pps  |
              +-------------+---------------------------+------------------------+-----------------+---------------------------+------------------------+-----------------+
              |   Reverse   |        5.0000 Gbps        |      5.0000 Gbps       |   3.0675 Gbps   |       7,440,476 pps       |     7,440,475 pps      |  4,564,736 pps  |
              +-------------+---------------------------+------------------------+-----------------+---------------------------+------------------------+-----------------+
              |    Total    |       10.0000 Gbps        |      10.0000 Gbps      |   5.3768 Gbps   |      14,880,952 pps       |     14,880,950 pps     |  8,001,150 pps  |
              +-------------+---------------------------+------------------------+-----------------+---------------------------+------------------------+-----------------+
              
            Forward Chain Packet Counters and Latency:
            
              +---------+--------------+--------------------------+------------+------------+------------+
              |  Chain  |  TRex.TX.p0  |        TRex.RX.p1        |  Avg lat.  |  Min lat.  |  Max lat.  |
              +=========+==============+==========================+============+============+============+
              |    0    |  74,404,759  | -40,031,742 (-53.8027%)  |  878 usec  |  30 usec   | 1,175 usec |
              +---------+--------------+--------------------------+------------+------------+------------+
              |    1    |  74,404,759  | -40,068,502 (-53.8521%)  |  888 usec  |  30 usec   | 1,151 usec |
              +---------+--------------+--------------------------+------------+------------+------------+
              |    2    |  74,404,759  | -40,021,591 (-53.7890%)  |  826 usec  |  20 usec   | 1,106 usec |
              +---------+--------------+--------------------------+------------+------------+------------+
              |  total  | 223,214,277  | -120,121,835 (-53.8146%) |  864 usec  |  20 usec   | 1,175 usec |
              +---------+--------------+--------------------------+------------+------------+------------+
              
            Reverse Chain Packet Counters and Latency:
            
              +---------+--------------+---------------------------------+------------+------------+------------+
              |  Chain  |  TRex.TX.p1  |           TRex.RX.p0            |  Avg lat.  |  Min lat.  |  Max lat.  |
              +=========+==============+=================================+============+============+============+
              |    0    |  74,404,759  | +64,351,193,950 (+86488.0080%)  | 1,248 usec |  70 usec   | 1,416 usec |
              +---------+--------------+---------------------------------+------------+------------+------------+
              |    1    |  74,404,759  | +64,351,194,092 (+86488.0082%)  | 1,244 usec |  70 usec   | 1,419 usec |
              +---------+--------------+---------------------------------+------------+------------+------------+
              |    2    |  74,404,759  | +60,056,433,250 (+80715.8494%)  |  625 usec  |  40 usec   |  752 usec  |
              +---------+--------------+---------------------------------+------------+------------+------------+
              |  total  | 223,214,277  | +188,758,821,292 (+84563.9552%) | 1,039 usec |  40 usec   | 1,419 usec |
              +---------+--------------+---------------------------------+------------+------------+------------+
              

