2018-10-31 15:34:19,790 INFO Loading configuration file: /tmp/nfvbench/nfvbench_config.cfg
2018-10-31 15:34:19,822 INFO EXT chain with OpenStack mode disabled
2018-10-31 15:34:19,822 INFO -c /tmp/nfvbench/nfvbench_config.cfg --rate ndr --flow-count 1000 --duration 30
2018-10-31 15:34:19,824 INFO Connecting to TRex (127.0.0.1)...
2018-10-31 15:34:19,962 INFO Connected to TRex
2018-10-31 15:34:19,962 INFO    Port 0: Device 158b speed=25Gbps mac=3c:fd:fe:bd:f8:60 pci=0000:3b:00.0 driver=net_i40e
2018-10-31 15:34:19,962 INFO    Port 1: Device 158b speed=25Gbps mac=3c:fd:fe:bd:f8:61 pci=0000:3b:00.1 driver=net_i40e
2018-10-31 15:34:19,963 INFO Port 0: dst MAC ['52:54:00:00:00:aa']
2018-10-31 15:34:19,963 INFO Port 1: dst MAC ['52:54:00:00:00:bb']
2018-10-31 15:34:19,963 INFO ChainRunner initialized
2018-10-31 15:34:19,964 INFO Starting 1xEXT benchmark...
2018-10-31 15:34:20,174 INFO Starting traffic generator to ensure end-to-end connectivity
2018-10-31 15:34:20,180 INFO Created 1 traffic streams for port 0.
2018-10-31 15:34:20,181 INFO Created 1 traffic streams for port 1.
2018-10-31 15:34:20,291 INFO Captured unique src mac 0/2, capturing return packets (retry 1/100)...
2018-10-31 15:34:22,412 INFO Received packet from mac: 52:54:00:00:00:bb (chain=0, port=1)
2018-10-31 15:34:22,412 INFO Received packet from mac: 52:54:00:00:00:aa (chain=0, port=0)
2018-10-31 15:34:22,412 INFO End-to-end connectivity established
2018-10-31 15:34:22,429 INFO Cleared all existing streams
2018-10-31 15:34:22,436 INFO Created 2 traffic streams for port 0.
2018-10-31 15:34:22,438 INFO Created 2 traffic streams for port 1.
2018-10-31 15:34:22,438 INFO *** Searching NDR for 64 (Bidirectional)...
2018-10-31 15:34:22,438 INFO Range search [0.0 .. 200.0] targets: {'ndr': 0.001}
2018-10-31 15:34:22,438 INFO Modified traffic stream for port 0, new rate=100.0%.
2018-10-31 15:34:22,438 INFO Modified traffic stream for port 1, new rate=100.0%.
2018-10-31 15:34:22,438 INFO Running traffic generator


2018-10-31 15:34:29 - [local][warning]   - [1mCPU util. is high: 85.6%[22m
2018-10-31 15:34:32,460 INFO TX: 408517801; RX: 36445916; Est. Dropped: 372071885; Est. Drop rate: 91.0785%
2018-10-31 15:34:42,473 INFO TX: 817129564; RX: 72914975; Est. Dropped: 744214589; Est. Drop rate: 91.0767%
2018-10-31 15:34:52,473 INFO TX: 1224766361; RX: 109310239; Est. Dropped: 1115456122; Est. Drop rate: 91.0750%
2018-10-31 15:34:54,478 INFO WARNING: There is a significant difference between requested TX rate (74404760) and actual TX rate (40825545). The traffic generator may not have sufficient CPU to achieve the requested TX rate.
2018-10-31 15:34:54,478 INFO Average drop rate: 91.075013
2018-10-31 15:34:54,479 INFO Range search [0.0 .. 100.0] targets: {'ndr': 0.001}
2018-10-31 15:34:54,479 INFO Modified traffic stream for port 0, new rate=50.0%.
2018-10-31 15:34:54,479 INFO Modified traffic stream for port 1, new rate=50.0%.
2018-10-31 15:34:54,479 INFO Running traffic generator
2018-10-31 15:35:04,504 INFO TX: 372404424; RX: 36478294; Est. Dropped: 335926130; Est. Drop rate: 90.2047%
2018-10-31 15:35:14,518 INFO TX: 744937328; RX: 72957395; Est. Dropped: 671979933; Est. Drop rate: 90.2062%
2018-10-31 15:35:24,518 INFO TX: 1116072674; RX: 109316502; Est. Dropped: 1006756172; Est. Drop rate: 90.2053%
2018-10-31 15:35:26,524 INFO Average drop rate: 90.205252
2018-10-31 15:35:26,524 INFO Range search [0.0 .. 50.0] targets: {'ndr': 0.001}
2018-10-31 15:35:26,525 INFO Modified traffic stream for port 0, new rate=25.0%.
2018-10-31 15:35:26,525 INFO Modified traffic stream for port 1, new rate=25.0%.
2018-10-31 15:35:26,525 INFO Running traffic generator
2018-10-31 15:35:36,547 INFO TX: 186199556; RX: 36373218; Est. Dropped: 149826338; Est. Drop rate: 80.4655%
2018-10-31 15:35:46,561 INFO TX: 372467775; RX: 72781980; Est. Dropped: 299685795; Est. Drop rate: 80.4595%
2018-10-31 15:35:56,558 INFO TX: 558035996; RX: 109044552; Est. Dropped: 448991444; Est. Drop rate: 80.4592%
2018-10-31 15:35:58,564 INFO Average drop rate: 80.459226
2018-10-31 15:35:58,564 INFO Range search [0.0 .. 25.0] targets: {'ndr': 0.001}
2018-10-31 15:35:58,564 INFO Modified traffic stream for port 0, new rate=12.5%.
2018-10-31 15:35:58,564 INFO Modified traffic stream for port 1, new rate=12.5%.
2018-10-31 15:35:58,564 INFO Running traffic generator
2018-10-31 15:36:08,589 INFO TX: 93097639; RX: 36401349; Est. Dropped: 56696290; Est. Drop rate: 60.8998%
2018-10-31 15:36:18,604 INFO TX: 186249181; RX: 72819400; Est. Dropped: 113429781; Est. Drop rate: 60.9022%
2018-10-31 15:36:28,599 INFO TX: 279017832; RX: 109104657; Est. Dropped: 169913175; Est. Drop rate: 60.8969%
2018-10-31 15:36:30,605 INFO Average drop rate: 60.896887
2018-10-31 15:36:30,605 INFO Range search [0.0 .. 12.5] targets: {'ndr': 0.001}
2018-10-31 15:36:30,605 INFO Modified traffic stream for port 0, new rate=6.25%.
2018-10-31 15:36:30,605 INFO Modified traffic stream for port 1, new rate=6.25%.
2018-10-31 15:36:30,605 INFO Running traffic generator
2018-10-31 15:36:40,628 INFO TX: 46549132; RX: 36318175; Est. Dropped: 10230957; Est. Drop rate: 21.9788%
2018-10-31 15:36:50,643 INFO TX: 93115707; RX: 72647259; Est. Dropped: 20468448; Est. Drop rate: 21.9817%
2018-10-31 15:37:00,639 INFO TX: 139508928; RX: 108840279; Est. Dropped: 30668649; Est. Drop rate: 21.9833%
2018-10-31 15:37:02,645 INFO Average drop rate: 21.983288
2018-10-31 15:37:02,645 INFO Range search [0.0 .. 6.25] targets: {'ndr': 0.001}
2018-10-31 15:37:02,645 INFO Modified traffic stream for port 0, new rate=3.125%.
2018-10-31 15:37:02,645 INFO Modified traffic stream for port 1, new rate=3.125%.
2018-10-31 15:37:02,645 INFO Running traffic generator
2018-10-31 15:37:12,669 INFO TX: 23274922; RX: 23274921; Est. Dropped: 1; Est. Drop rate: 0.0000%
2018-10-31 15:37:22,683 INFO TX: 46558450; RX: 46558408; Est. Dropped: 42; Est. Drop rate: 0.0001%
2018-10-31 15:37:32,680 INFO TX: 69754464; RX: 69754464; Est. Dropped: 0; Est. Drop rate: 0.0000%
2018-10-31 15:37:34,686 INFO Average drop rate: 0.000000
2018-10-31 15:37:34,686 INFO Range search [3.125 .. 6.25] targets: {'ndr': 0.001}
2018-10-31 15:37:34,686 INFO Modified traffic stream for port 0, new rate=4.6875%.
2018-10-31 15:37:34,686 INFO Modified traffic stream for port 1, new rate=4.6875%.
2018-10-31 15:37:34,686 INFO Running traffic generator
2018-10-31 15:37:44,710 INFO TX: 34911984; RX: 34911358; Est. Dropped: 626; Est. Drop rate: 0.0018%
2018-10-31 15:37:54,724 INFO TX: 69837298; RX: 69836401; Est. Dropped: 897; Est. Drop rate: 0.0013%
2018-10-31 15:38:04,720 INFO TX: 104631696; RX: 104631173; Est. Dropped: 523; Est. Drop rate: 0.0005%
2018-10-31 15:38:06,726 INFO Average drop rate: 0.000500
2018-10-31 15:38:06,726 INFO Range search [4.6875 .. 6.25] targets: {'ndr': 0.001}
2018-10-31 15:38:06,727 INFO Modified traffic stream for port 0, new rate=5.46875%.
2018-10-31 15:38:06,727 INFO Modified traffic stream for port 1, new rate=5.46875%.
2018-10-31 15:38:06,727 INFO Running traffic generator
2018-10-31 15:38:16,750 INFO TX: 40730181; RX: 36123086; Est. Dropped: 4607095; Est. Drop rate: 11.3113%
2018-10-31 15:38:26,764 INFO TX: 81476198; RX: 72257357; Est. Dropped: 9218841; Est. Drop rate: 11.3148%
2018-10-31 15:38:36,761 INFO TX: 122070314; RX: 108266115; Est. Dropped: 13804199; Est. Drop rate: 11.3084%
2018-10-31 15:38:38,766 INFO Average drop rate: 11.308400
2018-10-31 15:38:38,766 INFO Range search [4.6875 .. 5.46875] targets: {'ndr': 0.001}
2018-10-31 15:38:38,767 INFO Modified traffic stream for port 0, new rate=5.078125%.
2018-10-31 15:38:38,767 INFO Modified traffic stream for port 1, new rate=5.078125%.
2018-10-31 15:38:38,767 INFO Running traffic generator
2018-10-31 15:38:48,791 INFO TX: 37822237; RX: 35900570; Est. Dropped: 1921667; Est. Drop rate: 5.0808%
2018-10-31 15:38:58,805 INFO TX: 75657876; RX: 71827639; Est. Dropped: 3830237; Est. Drop rate: 5.0626%
2018-10-31 15:39:08,802 INFO TX: 113351010; RX: 107607161; Est. Dropped: 5743849; Est. Drop rate: 5.0673%
2018-10-31 15:39:10,808 INFO Average drop rate: 5.067312
2018-10-31 15:39:10,808 INFO Range search [4.6875 .. 5.078125] targets: {'ndr': 0.001}
2018-10-31 15:39:10,808 INFO Modified traffic stream for port 0, new rate=4.8828125%.
2018-10-31 15:39:10,808 INFO Modified traffic stream for port 1, new rate=4.8828125%.
2018-10-31 15:39:10,808 INFO Running traffic generator
2018-10-31 15:39:20,831 INFO TX: 36367271; RX: 35401283; Est. Dropped: 965988; Est. Drop rate: 2.6562%
2018-10-31 15:39:30,845 INFO TX: 72747787; RX: 70820974; Est. Dropped: 1926813; Est. Drop rate: 2.6486%
2018-10-31 15:39:40,841 INFO TX: 108991358; RX: 106133167; Est. Dropped: 2858191; Est. Drop rate: 2.6224%
2018-10-31 15:39:42,847 INFO Average drop rate: 2.622401
2018-10-31 15:39:42,847 INFO Range search [4.6875 .. 4.8828125] targets: {'ndr': 0.001}
2018-10-31 15:39:42,847 INFO Modified traffic stream for port 0, new rate=4.78515625%.
2018-10-31 15:39:42,847 INFO Modified traffic stream for port 1, new rate=4.78515625%.
2018-10-31 15:39:42,847 INFO Running traffic generator
2018-10-31 15:39:52,877 INFO TX: 35635935; RX: 35369965; Est. Dropped: 265970; Est. Drop rate: 0.7464%
2018-10-31 15:40:02,891 INFO TX: 71289619; RX: 70764613; Est. Dropped: 525006; Est. Drop rate: 0.7364%
2018-10-31 15:40:12,882 INFO TX: 106811516; RX: 106030851; Est. Dropped: 780665; Est. Drop rate: 0.7309%
2018-10-31 15:40:14,888 INFO Average drop rate: 0.730881
2018-10-31 15:40:14,888 INFO Range search [4.6875 .. 4.78515625] targets: {'ndr': 0.001}
2018-10-31 15:40:14,888 INFO Found ndr (0.001) load: 4.6875
2018-10-31 15:40:14,888 INFO NDR load: 9.375
2018-10-31 15:40:14,888 INFO Service chain 'EXT' run completed.
2018-10-31 15:40:14,888 INFO Clean up skipped.
2018-10-31 15:40:14,917 INFO 
========== NFVBench Summary ==========
Date: 2018-10-31 15:34:19
NFVBench version 2.0.1
Openstack Neutron:
  vSwitch: 
  Encapsulation: 
Benchmarks:
> Networks:
  > Components:
    > Traffic Generator:
        Profile: trex-local
        Tool: TRex
    > Versions:
      > Traffic_Generator:
          build_date: Nov 13 2017
          version: v2.32
          built_by: hhaim
          mode: STL
          build_time: 10:58:17
  > Measurement Parameters:
      NDR: 0.001
  > Service chain:
    > EXT:
      > Traffic:
          Profile: traffic_profile_64B
          Bidirectional: True
          Flow count: 1000
          Service chains count: 1
          Compute nodes: []
            
            Run Summary:
            
              +-----+-----------------+------------------+------------------+-----------------+----------------------+----------------------+----------------------+
              |  -  |   L2 Frame Size |  Rate (fwd+rev)  |  Rate (fwd+rev)  |  Avg Drop Rate  |   Avg Latency (usec) |   Min Latency (usec) |   Max Latency (usec) |
              +=====+=================+==================+==================+=================+======================+======================+======================+
              | NDR |              64 |   2.3438 Gbps    |  3,487,722 pps   |     0.0005%     |                  172 |                   10 |                  257 |
              +-----+-----------------+------------------+------------------+-----------------+----------------------+----------------------+----------------------+
              
            
            L2 frame size: 64
            NDR search duration: 352 seconds
            

