2018-10-31 15:33:23,074 INFO Loading configuration file: /tmp/nfvbench/nfvbench_config.cfg
2018-10-31 15:33:23,104 INFO EXT chain with OpenStack mode disabled
2018-10-31 15:33:23,105 INFO -c /tmp/nfvbench/nfvbench_config.cfg --rate 20Gbps --flow-count 1000 --duration 30
2018-10-31 15:33:23,106 INFO Connecting to TRex (127.0.0.1)...
2018-10-31 15:33:23,247 INFO Connected to TRex
2018-10-31 15:33:23,247 INFO    Port 0: Device 158b speed=25Gbps mac=3c:fd:fe:bd:f8:60 pci=0000:3b:00.0 driver=net_i40e
2018-10-31 15:33:23,247 INFO    Port 1: Device 158b speed=25Gbps mac=3c:fd:fe:bd:f8:61 pci=0000:3b:00.1 driver=net_i40e
2018-10-31 15:33:23,248 INFO Port 0: dst MAC ['52:54:00:00:00:aa']
2018-10-31 15:33:23,248 INFO Port 1: dst MAC ['52:54:00:00:00:bb']
2018-10-31 15:33:23,248 INFO ChainRunner initialized
2018-10-31 15:33:23,249 INFO Starting 1xEXT benchmark...
2018-10-31 15:33:23,458 INFO Starting traffic generator to ensure end-to-end connectivity
2018-10-31 15:33:23,465 INFO Created 1 traffic streams for port 0.
2018-10-31 15:33:23,466 INFO Created 1 traffic streams for port 1.
2018-10-31 15:33:23,576 INFO Captured unique src mac 0/2, capturing return packets (retry 1/100)...
2018-10-31 15:33:25,697 INFO Received packet from mac: 52:54:00:00:00:bb (chain=0, port=1)
2018-10-31 15:33:25,697 INFO Received packet from mac: 52:54:00:00:00:aa (chain=0, port=0)
2018-10-31 15:33:25,697 INFO End-to-end connectivity established
2018-10-31 15:33:25,714 INFO Cleared all existing streams
2018-10-31 15:33:25,721 INFO Created 2 traffic streams for port 0.
2018-10-31 15:33:25,723 INFO Created 2 traffic streams for port 1.
2018-10-31 15:33:25,726 INFO Starting to generate traffic...
2018-10-31 15:33:25,726 INFO Running traffic generator
2018-10-31 15:33:35,747 INFO TX: 297924049; RX: 36377998; Est. Dropped: 261546051; Est. Drop rate: 87.7895%
2018-10-31 15:33:45,760 INFO TX: 595945990; RX: 72767440; Est. Dropped: 523178550; Est. Drop rate: 87.7896%
2018-10-31 15:33:55,757 INFO TX: 892857194; RX: 108968721; Est. Dropped: 783888473; Est. Drop rate: 87.7955%
2018-10-31 15:33:55,757 INFO ...traffic generating ended.
2018-10-31 15:33:55,761 INFO Service chain 'EXT' run completed.
2018-10-31 15:33:55,761 INFO Clean up skipped.
2018-10-31 15:33:55,787 INFO 
========== NFVBench Summary ==========
Date: 2018-10-31 15:33:23
NFVBench version 2.0.1
Openstack Neutron:
  vSwitch: 
  Encapsulation: 
Benchmarks:
> Networks:
  > Components:
    > Traffic Generator:
        Profile: trex-local
        Tool: TRex
    > Versions:
      > Traffic_Generator:
          build_date: Nov 13 2017
          version: v2.32
          built_by: hhaim
          mode: STL
          build_time: 10:58:17
  > Service chain:
    > EXT:
      > Traffic:
          Profile: traffic_profile_64B
          Bidirectional: True
          Flow count: 1000
          Service chains count: 1
          Compute nodes: []
            
            Run Summary:
            
              +-----------------+-------------+----------------------+----------------------+----------------------+
              |   L2 Frame Size |  Drop Rate  |   Avg Latency (usec) |   Min Latency (usec) |   Max Latency (usec) |
              +=================+=============+======================+======================+======================+
              |              64 |  87.7955%   |                  481 |                   20 |                  787 |
              +-----------------+-------------+----------------------+----------------------+----------------------+
              
            
            L2 frame size: 64
            
            Run Config:
            
              +-------------+---------------------------+------------------------+-----------------+---------------------------+------------------------+-----------------+
              |  Direction  |  Requested TX Rate (bps)  |  Actual TX Rate (bps)  |  RX Rate (bps)  |  Requested TX Rate (pps)  |  Actual TX Rate (pps)  |  RX Rate (pps)  |
              +=============+===========================+========================+=================+===========================+========================+=================+
              |   Forward   |       10.0000 Gbps        |      10.0000 Gbps      |   1.2272 Gbps   |      14,880,952 pps       |     14,880,953 pps     |  1,826,253 pps  |
              +-------------+---------------------------+------------------------+-----------------+---------------------------+------------------------+-----------------+
              |   Reverse   |       10.0000 Gbps        |      10.0000 Gbps      |   1.2137 Gbps   |      14,880,952 pps       |     14,880,953 pps     |  1,806,037 pps  |
              +-------------+---------------------------+------------------------+-----------------+---------------------------+------------------------+-----------------+
              |    Total    |       20.0000 Gbps        |      20.0000 Gbps      |   2.4409 Gbps   |      29,761,904 pps       |     29,761,906 pps     |  3,632,290 pps  |
              +-------------+---------------------------+------------------------+-----------------+---------------------------+------------------------+-----------------+
              
            Forward Chain Packet Counters and Latency:
            
              +---------+--------------+--------------------------+------------+------------+------------+
              |   Chain |  TRex.TX.p0  |        TRex.RX.p1        |  Avg lat.  |  Min lat.  |  Max lat.  |
              +=========+==============+==========================+============+============+============+
              |       0 | 446,428,597  | -391,640,995 (-87.7276%) |  232 usec  |  20 usec   |  487 usec  |
              +---------+--------------+--------------------------+------------+------------+------------+
              
            Reverse Chain Packet Counters and Latency:
            
              +---------+--------------+--------------------------+------------+------------+------------+
              |   Chain |  TRex.TX.p1  |        TRex.RX.p0        |  Avg lat.  |  Min lat.  |  Max lat.  |
              +=========+==============+==========================+============+============+============+
              |       0 | 446,428,597  | -392,247,478 (-87.8634%) |  729 usec  |  20 usec   |  787 usec  |
              +---------+--------------+--------------------------+------------+------------+------------+
              

