2018-11-19 08:19:18,655 INFO Loading configuration file: /tmp/nfvbench/nfvbench_config.cfg
2018-11-19 08:19:18,686 INFO EXT chain with OpenStack mode disabled
2018-11-19 08:19:18,686 INFO -c /tmp/nfvbench/nfvbench_config.cfg --rate ndr --flow-count 1024 --duration 30 --json /tmp/nfvbench/1vsc_8_ndr-1.log
2018-11-19 08:19:18,688 INFO Connecting to TRex (127.0.0.1)...
2018-11-19 08:19:18,823 INFO Connected to TRex
2018-11-19 08:19:18,823 INFO    Port 0: Device 158b speed=25Gbps mac=3c:fd:fe:bd:f8:60 pci=0000:3b:00.0 driver=net_i40e
2018-11-19 08:19:18,823 INFO    Port 1: Device 158b speed=25Gbps mac=3c:fd:fe:bd:f8:61 pci=0000:3b:00.1 driver=net_i40e
2018-11-19 08:19:18,824 INFO Port 0: VLANs [1070]
2018-11-19 08:19:18,824 INFO Port 1: VLANs [1064]
2018-11-19 08:19:18,824 INFO ChainRunner initialized
2018-11-19 08:19:18,825 INFO Starting 1xEXT benchmark...
2018-11-19 08:19:18,929 INFO Polling ARP until successful...
2018-11-19 08:19:19,041 INFO    ARP: port=0 chain=0 src IP=172.16.10.100 dst IP=172.16.10.10 -> MAC=52:54:00:00:00:aa
2018-11-19 08:19:19,041 INFO ARP resolved successfully for port 0
2018-11-19 08:19:19,152 INFO    ARP: port=1 chain=0 src IP=172.16.20.100 dst IP=172.16.20.10 -> MAC=52:54:00:00:00:bb
2018-11-19 08:19:19,152 INFO ARP resolved successfully for port 1
2018-11-19 08:19:19,254 INFO Port 0: dst MAC ['52:54:00:00:00:aa']
2018-11-19 08:19:19,254 INFO Port 1: dst MAC ['52:54:00:00:00:bb']
2018-11-19 08:19:19,254 INFO Starting traffic generator to ensure end-to-end connectivity
2018-11-19 08:19:19,262 INFO Created 1 traffic streams for port 0.
2018-11-19 08:19:19,263 INFO Created 1 traffic streams for port 1.
2018-11-19 08:19:19,372 INFO Captured unique src mac 0/2, capturing return packets (retry 1/100)...
2018-11-19 08:19:21,493 INFO Received packet from mac: 52:54:00:00:00:bb (chain=0, port=1)
2018-11-19 08:19:21,493 INFO Received packet from mac: 52:54:00:00:00:aa (chain=0, port=0)
2018-11-19 08:19:21,493 INFO End-to-end connectivity established
2018-11-19 08:19:21,510 INFO Cleared all existing streams
2018-11-19 08:19:21,525 INFO Created 2 traffic streams for port 0.
2018-11-19 08:19:21,526 INFO Created 2 traffic streams for port 1.
2018-11-19 08:19:21,527 INFO *** Searching NDR for 64 (Bidirectional)...
2018-11-19 08:19:21,527 INFO Range search [0.0 .. 200.0] targets: {'ndr': 0.001}
2018-11-19 08:19:21,527 INFO Modified traffic stream for port 0, new rate=100.0%.
2018-11-19 08:19:21,527 INFO Modified traffic stream for port 1, new rate=100.0%.
2018-11-19 08:19:21,527 INFO Running traffic generator


2018-11-19 08:19:27 - [local][warning]   - [1mCPU util. is high: 86.0%[22m
2018-11-19 08:19:31,543 INFO TX: 412593764; RX: 10780858; Est. Dropped: 401812906; Est. Drop rate: 97.3871%
2018-11-19 08:19:41,557 INFO TX: 825518108; RX: 21574586; Est. Dropped: 803943522; Est. Drop rate: 97.3865%
2018-11-19 08:19:51,562 INFO TX: 1237724023; RX: 32355128; Est. Dropped: 1205368895; Est. Drop rate: 97.3859%
2018-11-19 08:19:53,567 INFO WARNING: There is a significant difference between requested TX rate (74404760) and actual TX rate (41257467). The traffic generator may not have sufficient CPU to achieve the requested TX rate.
2018-11-19 08:19:53,567 INFO Average drop rate: 97.385917
2018-11-19 08:19:53,567 INFO Range search [0.0 .. 100.0] targets: {'ndr': 0.001}
2018-11-19 08:19:53,567 INFO Modified traffic stream for port 0, new rate=50.0%.
2018-11-19 08:19:53,567 INFO Modified traffic stream for port 1, new rate=50.0%.
2018-11-19 08:19:53,567 INFO Running traffic generator


2018-11-19 08:20:01 - [local][warning]   - [1mCPU util. is high: 86.0%[22m
2018-11-19 08:20:03,588 INFO TX: 372382201; RX: 10788954; Est. Dropped: 361593247; Est. Drop rate: 97.1027%
2018-11-19 08:20:13,601 INFO TX: 744907891; RX: 21584282; Est. Dropped: 723323609; Est. Drop rate: 97.1024%
2018-11-19 08:20:23,598 INFO TX: 1116067282; RX: 32346465; Est. Dropped: 1083720817; Est. Drop rate: 97.1017%
2018-11-19 08:20:25,604 INFO Average drop rate: 97.101746
2018-11-19 08:20:25,604 INFO Range search [0.0 .. 50.0] targets: {'ndr': 0.001}
2018-11-19 08:20:25,604 INFO Modified traffic stream for port 0, new rate=25.0%.
2018-11-19 08:20:25,604 INFO Modified traffic stream for port 1, new rate=25.0%.
2018-11-19 08:20:25,604 INFO Running traffic generator
2018-11-19 08:20:35,625 INFO TX: 186199161; RX: 10773430; Est. Dropped: 175425731; Est. Drop rate: 94.2140%
2018-11-19 08:20:45,638 INFO TX: 372464808; RX: 21552822; Est. Dropped: 350911986; Est. Drop rate: 94.2135%
2018-11-19 08:20:55,636 INFO TX: 558042066; RX: 32298877; Est. Dropped: 525743189; Est. Drop rate: 94.2121%
2018-11-19 08:20:57,642 INFO Average drop rate: 94.212107
2018-11-19 08:20:57,642 INFO Range search [0.0 .. 25.0] targets: {'ndr': 0.001}
2018-11-19 08:20:57,642 INFO Modified traffic stream for port 0, new rate=12.5%.
2018-11-19 08:20:57,642 INFO Modified traffic stream for port 1, new rate=12.5%.
2018-11-19 08:20:57,642 INFO Running traffic generator
2018-11-19 08:21:07,664 INFO TX: 93092971; RX: 10770971; Est. Dropped: 82322000; Est. Drop rate: 88.4299%
2018-11-19 08:21:17,677 INFO TX: 186223932; RX: 21548059; Est. Dropped: 164675873; Est. Drop rate: 88.4290%
2018-11-19 08:21:27,674 INFO TX: 279013284; RX: 32290993; Est. Dropped: 246722291; Est. Drop rate: 88.4267%
2018-11-19 08:21:29,680 INFO Average drop rate: 88.426718
2018-11-19 08:21:29,680 INFO Range search [0.0 .. 12.5] targets: {'ndr': 0.001}
2018-11-19 08:21:29,680 INFO Modified traffic stream for port 0, new rate=6.25%.
2018-11-19 08:21:29,680 INFO Modified traffic stream for port 1, new rate=6.25%.
2018-11-19 08:21:29,680 INFO Running traffic generator
2018-11-19 08:21:39,698 INFO TX: 46532875; RX: 10784522; Est. Dropped: 35748353; Est. Drop rate: 76.8239%
2018-11-19 08:21:49,711 INFO TX: 93097877; RX: 21577738; Est. Dropped: 71520139; Est. Drop rate: 76.8225%
2018-11-19 08:21:59,711 INFO TX: 139505646; RX: 32342026; Est. Dropped: 107163620; Est. Drop rate: 76.8167%
2018-11-19 08:22:01,717 INFO Average drop rate: 76.816690
2018-11-19 08:22:01,717 INFO Range search [0.0 .. 6.25] targets: {'ndr': 0.001}
2018-11-19 08:22:01,717 INFO Modified traffic stream for port 0, new rate=3.125%.
2018-11-19 08:22:01,717 INFO Modified traffic stream for port 1, new rate=3.125%.
2018-11-19 08:22:01,717 INFO Running traffic generator
2018-11-19 08:22:11,740 INFO TX: 23272657; RX: 10780858; Est. Dropped: 12491799; Est. Drop rate: 53.6759%
2018-11-19 08:22:21,754 INFO TX: 46555007; RX: 21577402; Est. Dropped: 24977605; Est. Drop rate: 53.6518%
2018-11-19 08:22:31,750 INFO TX: 69751510; RX: 32343409; Est. Dropped: 37408101; Est. Drop rate: 53.6305%
2018-11-19 08:22:33,756 INFO Average drop rate: 53.630525
2018-11-19 08:22:33,756 INFO Range search [0.0 .. 3.125] targets: {'ndr': 0.001}
2018-11-19 08:22:33,756 INFO Modified traffic stream for port 0, new rate=1.5625%.
2018-11-19 08:22:33,756 INFO Modified traffic stream for port 1, new rate=1.5625%.
2018-11-19 08:22:33,756 INFO Running traffic generator
2018-11-19 08:22:43,777 INFO TX: 11635795; RX: 10884654; Est. Dropped: 751141; Est. Drop rate: 6.4554%
2018-11-19 08:22:53,790 INFO TX: 23275706; RX: 21779234; Est. Dropped: 1496472; Est. Drop rate: 6.4293%
2018-11-19 08:23:03,788 INFO TX: 34874400; RX: 32642697; Est. Dropped: 2231703; Est. Drop rate: 6.3993%
2018-11-19 08:23:05,793 INFO Average drop rate: 6.399258
2018-11-19 08:23:05,793 INFO Range search [0.0 .. 1.5625] targets: {'ndr': 0.001}
2018-11-19 08:23:05,793 INFO Modified traffic stream for port 0, new rate=0.78125%.
2018-11-19 08:23:05,793 INFO Modified traffic stream for port 1, new rate=0.78125%.
2018-11-19 08:23:05,793 INFO Running traffic generator
2018-11-19 08:23:15,817 INFO TX: 5817743; RX: 5815879; Est. Dropped: 1864; Est. Drop rate: 0.0320%
2018-11-19 08:23:25,831 INFO TX: 11637801; RX: 11634603; Est. Dropped: 3198; Est. Drop rate: 0.0275%
2018-11-19 08:23:35,827 INFO TX: 17435764; RX: 17431795; Est. Dropped: 3969; Est. Drop rate: 0.0228%
2018-11-19 08:23:37,833 INFO Average drop rate: 0.022764
2018-11-19 08:23:37,833 INFO Range search [0.0 .. 0.78125] targets: {'ndr': 0.001}
2018-11-19 08:23:37,833 INFO Modified traffic stream for port 0, new rate=0.390625%.
2018-11-19 08:23:37,833 INFO Modified traffic stream for port 1, new rate=0.390625%.
2018-11-19 08:23:37,834 INFO Running traffic generator
2018-11-19 08:23:47,856 INFO TX: 2908352; RX: 2908139; Est. Dropped: 213; Est. Drop rate: 0.0073%
2018-11-19 08:23:57,870 INFO TX: 5817903; RX: 5817613; Est. Dropped: 290; Est. Drop rate: 0.0050%
2018-11-19 08:24:07,864 INFO TX: 8716454; RX: 8716454; Est. Dropped: 0; Est. Drop rate: 0.0000%
2018-11-19 08:24:09,869 INFO Average drop rate: 0.000000
2018-11-19 08:24:09,869 INFO Range search [0.390625 .. 0.78125] targets: {'ndr': 0.001}
2018-11-19 08:24:09,870 INFO Modified traffic stream for port 0, new rate=0.5859375%.
2018-11-19 08:24:09,870 INFO Modified traffic stream for port 1, new rate=0.5859375%.
2018-11-19 08:24:09,870 INFO Running traffic generator
2018-11-19 08:24:19,901 INFO TX: 4362636; RX: 4362446; Est. Dropped: 190; Est. Drop rate: 0.0044%
2018-11-19 08:24:29,915 INFO TX: 8727440; RX: 8727318; Est. Dropped: 122; Est. Drop rate: 0.0014%
2018-11-19 08:24:39,914 INFO TX: 13076112; RX: 13076112; Est. Dropped: 0; Est. Drop rate: 0.0000%
2018-11-19 08:24:41,919 INFO Average drop rate: 0.000000
2018-11-19 08:24:41,920 INFO Range search [0.5859375 .. 0.78125] targets: {'ndr': 0.001}
2018-11-19 08:24:41,920 INFO Modified traffic stream for port 0, new rate=0.68359375%.
2018-11-19 08:24:41,920 INFO Modified traffic stream for port 1, new rate=0.68359375%.
2018-11-19 08:24:41,920 INFO Running traffic generator
2018-11-19 08:24:51,939 INFO TX: 5087911; RX: 5087429; Est. Dropped: 482; Est. Drop rate: 0.0095%
2018-11-19 08:25:01,946 INFO TX: 10176297; RX: 10176297; Est. Dropped: 0; Est. Drop rate: 0.0000%
2018-11-19 08:25:11,952 INFO TX: 15255934; RX: 15255934; Est. Dropped: 0; Est. Drop rate: 0.0000%
2018-11-19 08:25:13,957 INFO Average drop rate: 0.000000
2018-11-19 08:25:13,957 INFO Range search [0.68359375 .. 0.78125] targets: {'ndr': 0.001}
2018-11-19 08:25:13,958 INFO Found ndr (0.001) load: 0.68359375
2018-11-19 08:25:13,958 INFO NDR load: 1.3671875
2018-11-19 08:25:13,958 INFO Service chain 'EXT' run completed.
2018-11-19 08:25:13,958 INFO Clean up skipped.
2018-11-19 08:25:13,984 INFO Saving results in json file: /tmp/nfvbench/1vsc_8_ndr-1.log...
2018-11-19 08:25:13,987 INFO 
========== NFVBench Summary ==========
Date: 2018-11-19 08:19:18
NFVBench version 2.0.5
Openstack Neutron:
  vSwitch: 
  Encapsulation: 
Benchmarks:
> Networks:
  > Components:
    > Traffic Generator:
        Profile: trex-local
        Tool: TRex
    > Versions:
      > Traffic_Generator:
          build_date: Nov 13 2017
          version: v2.32
          built_by: hhaim
          mode: STL
          build_time: 10:58:17
  > Measurement Parameters:
      NDR: 0.001
  > Service chain:
    > EXT:
      > Traffic:
          Profile: traffic_profile_64B
          Bidirectional: True
          Flow count: 1024
          Service chains count: 1
          Compute nodes: []
            
            Run Summary:
            
              +-----+-----------------+------------------+------------------+-----------------+----------------------+----------------------+----------------------+
              |  -  |   L2 Frame Size |  Rate (fwd+rev)  |  Rate (fwd+rev)  |  Avg Drop Rate  |   Avg Latency (usec) |   Min Latency (usec) |   Max Latency (usec) |
              +=====+=================+==================+==================+=================+======================+======================+======================+
              | NDR |              64 |  341.7969 Mbps   |   508,626 pps    |     0.0000%     |                  476 |                   30 |                  646 |
              +-----+-----------------+------------------+------------------+-----------------+----------------------+----------------------+----------------------+
              
            
            L2 frame size: 64
            NDR search duration: 352 seconds
            

