2018-11-19 08:18:45,108 INFO Loading configuration file: /tmp/nfvbench/nfvbench_config.cfg
2018-11-19 08:18:45,138 INFO EXT chain with OpenStack mode disabled
2018-11-19 08:18:45,139 INFO -c /tmp/nfvbench/nfvbench_config.cfg --rate 18500000pps --flow-count 1024 --duration 30 --json /tmp/nfvbench/1vsc_8_18500000pps-1.log
2018-11-19 08:18:45,140 INFO Connecting to TRex (127.0.0.1)...
2018-11-19 08:18:45,288 INFO Connected to TRex
2018-11-19 08:18:45,288 INFO    Port 0: Device 158b speed=25Gbps mac=3c:fd:fe:bd:f8:60 pci=0000:3b:00.0 driver=net_i40e
2018-11-19 08:18:45,288 INFO    Port 1: Device 158b speed=25Gbps mac=3c:fd:fe:bd:f8:61 pci=0000:3b:00.1 driver=net_i40e
2018-11-19 08:18:45,289 INFO Port 0: VLANs [1070]
2018-11-19 08:18:45,289 INFO Port 1: VLANs [1064]
2018-11-19 08:18:45,289 INFO ChainRunner initialized
2018-11-19 08:18:45,290 INFO Starting 1xEXT benchmark...
2018-11-19 08:18:45,397 INFO Polling ARP until successful...
2018-11-19 08:18:45,508 INFO    ARP: port=0 chain=0 src IP=172.16.10.100 dst IP=172.16.10.10 -> MAC=52:54:00:00:00:aa
2018-11-19 08:18:45,508 INFO ARP resolved successfully for port 0
2018-11-19 08:18:45,618 INFO    ARP: port=1 chain=0 src IP=172.16.20.100 dst IP=172.16.20.10 -> MAC=52:54:00:00:00:bb
2018-11-19 08:18:45,619 INFO ARP resolved successfully for port 1
2018-11-19 08:18:45,720 INFO Port 0: dst MAC ['52:54:00:00:00:aa']
2018-11-19 08:18:45,720 INFO Port 1: dst MAC ['52:54:00:00:00:bb']
2018-11-19 08:18:45,720 INFO Starting traffic generator to ensure end-to-end connectivity
2018-11-19 08:18:45,728 INFO Created 1 traffic streams for port 0.
2018-11-19 08:18:45,729 INFO Created 1 traffic streams for port 1.
2018-11-19 08:18:45,838 INFO Captured unique src mac 0/2, capturing return packets (retry 1/100)...
2018-11-19 08:18:47,959 INFO Received packet from mac: 52:54:00:00:00:bb (chain=0, port=1)
2018-11-19 08:18:47,959 INFO Received packet from mac: 52:54:00:00:00:aa (chain=0, port=0)
2018-11-19 08:18:47,959 INFO End-to-end connectivity established
2018-11-19 08:18:47,975 INFO Cleared all existing streams
2018-11-19 08:18:47,990 INFO Created 2 traffic streams for port 0.
2018-11-19 08:18:47,992 INFO Created 2 traffic streams for port 1.
2018-11-19 08:18:47,992 INFO Starting to generate traffic...
2018-11-19 08:18:47,992 INFO Running traffic generator
2018-11-19 08:18:58,014 INFO TX: 185192151; RX: 10812192; Est. Dropped: 174379959; Est. Drop rate: 94.1616%
2018-11-19 08:19:08,027 INFO TX: 370446955; RX: 21630752; Est. Dropped: 348816203; Est. Drop rate: 94.1609%
2018-11-19 08:19:18,024 INFO TX: 554995212; RX: 32402062; Est. Dropped: 522593150; Est. Drop rate: 94.1617%
2018-11-19 08:19:18,024 INFO ...traffic generating ended.
2018-11-19 08:19:18,028 INFO Service chain 'EXT' run completed.
2018-11-19 08:19:18,028 INFO Clean up skipped.
2018-11-19 08:19:18,052 INFO Saving results in json file: /tmp/nfvbench/1vsc_8_18500000pps-1.log...
2018-11-19 08:19:18,058 INFO 
========== NFVBench Summary ==========
Date: 2018-11-19 08:18:45
NFVBench version 2.0.5
Openstack Neutron:
  vSwitch: 
  Encapsulation: 
Benchmarks:
> Networks:
  > Components:
    > Traffic Generator:
        Profile: trex-local
        Tool: TRex
    > Versions:
      > Traffic_Generator:
          build_date: Nov 13 2017
          version: v2.32
          built_by: hhaim
          mode: STL
          build_time: 10:58:17
  > Service chain:
    > EXT:
      > Traffic:
          Profile: traffic_profile_64B
          Bidirectional: True
          Flow count: 1024
          Service chains count: 1
          Compute nodes: []
            
            Run Summary:
            
              +-----------------+-------------+----------------------+----------------------+----------------------+
              |   L2 Frame Size |  Drop Rate  |  Avg Latency (usec)  |   Min Latency (usec) |  Max Latency (usec)  |
              +=================+=============+======================+======================+======================+
              |              64 |  94.1617%   |        5,501         |                  100 |        6,130         |
              +-----------------+-------------+----------------------+----------------------+----------------------+
              
            
            L2 frame size: 64
            
            Run Config:
            
              +-------------+---------------------------+------------------------+-----------------+---------------------------+------------------------+-----------------+
              |  Direction  |  Requested TX Rate (bps)  |  Actual TX Rate (bps)  |  RX Rate (bps)  |  Requested TX Rate (pps)  |  Actual TX Rate (pps)  |  RX Rate (pps)  |
              +=============+===========================+========================+=================+===========================+========================+=================+
              |   Forward   |        6.2160 Gbps        |      6.2159 Gbps       |  362.9114 Mbps  |       9,250,000 pps       |     9,249,920 pps      |   540,046 pps   |
              +-------------+---------------------------+------------------------+-----------------+---------------------------+------------------------+-----------------+
              |   Reverse   |        6.2160 Gbps        |      6.2159 Gbps       |  362.8948 Mbps  |       9,250,000 pps       |     9,249,920 pps      |   540,022 pps   |
              +-------------+---------------------------+------------------------+-----------------+---------------------------+------------------------+-----------------+
              |    Total    |       12.4320 Gbps        |      12.4319 Gbps      |  725.8062 Mbps  |      18,500,000 pps       |     18,499,840 pps     |  1,080,068 pps  |
              +-------------+---------------------------+------------------------+-----------------+---------------------------+------------------------+-----------------+
              
            Forward Chain Packet Counters and Latency:
            
              +---------+--------------+--------------------------+------------+------------+------------+
              |   Chain |  TRex.TX.p0  |        TRex.RX.p1        |  Avg lat.  |  Min lat.  |  Max lat.  |
              +=========+==============+==========================+============+============+============+
              |       0 | 277,497,606  | -261,296,205 (-94.1616%) | 5,753 usec |  100 usec  | 6,130 usec |
              +---------+--------------+--------------------------+------------+------------+------------+
              
            Reverse Chain Packet Counters and Latency:
            
              +---------+--------------+--------------------------+------------+------------+------------+
              |   Chain |  TRex.TX.p1  |        TRex.RX.p0        |  Avg lat.  |  Min lat.  |  Max lat.  |
              +=========+==============+==========================+============+============+============+
              |       0 | 277,497,606  | -261,296,945 (-94.1619%) | 5,252 usec |  300 usec  | 5,638 usec |
              +---------+--------------+--------------------------+------------+------------+------------+
              

