2018-10-31 13:40:36,477 INFO Loading configuration file: /tmp/nfvbench/nfvbench_config.cfg
2018-10-31 13:40:36,509 INFO EXT chain with OpenStack mode disabled
2018-10-31 13:40:36,509 INFO -c /tmp/nfvbench/nfvbench_config.cfg --rate 20Gbps --flow-count 1000 --duration 30
2018-10-31 13:40:36,510 INFO Connecting to TRex (127.0.0.1)...
2018-10-31 13:40:36,647 INFO Connected to TRex
2018-10-31 13:40:36,647 INFO    Port 0: Device 158b speed=25Gbps mac=3c:fd:fe:bd:f8:60 pci=0000:3b:00.0 driver=net_i40e
2018-10-31 13:40:36,647 INFO    Port 1: Device 158b speed=25Gbps mac=3c:fd:fe:bd:f8:61 pci=0000:3b:00.1 driver=net_i40e
2018-10-31 13:40:36,648 INFO Port 0: dst MAC ['52:54:00:00:00:aa']
2018-10-31 13:40:36,648 INFO Port 1: dst MAC ['52:54:00:00:00:bb']
2018-10-31 13:40:36,648 INFO ChainRunner initialized
2018-10-31 13:40:36,649 INFO Starting 1xEXT benchmark...
2018-10-31 13:40:36,864 INFO Starting traffic generator to ensure end-to-end connectivity
2018-10-31 13:40:36,870 INFO Created 1 traffic streams for port 0.
2018-10-31 13:40:36,871 INFO Created 1 traffic streams for port 1.
2018-10-31 13:40:36,980 INFO Captured unique src mac 0/2, capturing return packets (retry 1/100)...
2018-10-31 13:40:39,104 INFO Received packet from mac: 52:54:00:00:00:bb (chain=0, port=1)
2018-10-31 13:40:39,104 INFO Received packet from mac: 52:54:00:00:00:aa (chain=0, port=0)
2018-10-31 13:40:39,104 INFO End-to-end connectivity established
2018-10-31 13:40:39,121 INFO Cleared all existing streams
2018-10-31 13:40:39,128 INFO Created 2 traffic streams for port 0.
2018-10-31 13:40:39,130 INFO Created 2 traffic streams for port 1.
2018-10-31 13:40:39,133 INFO Starting to generate traffic...
2018-10-31 13:40:39,133 INFO Running traffic generator
2018-10-31 13:40:49,154 INFO TX: 297922565; RX: 34838049; Est. Dropped: 263084516; Est. Drop rate: 88.3063%
2018-10-31 13:40:59,172 INFO TX: 596066591; RX: 69707057; Est. Dropped: 526359534; Est. Drop rate: 88.3055%
2018-10-31 13:41:09,165 INFO TX: 892857194; RX: 104422180; Est. Dropped: 788435014; Est. Drop rate: 88.3047%
2018-10-31 13:41:09,165 INFO ...traffic generating ended.
2018-10-31 13:41:09,168 INFO Service chain 'EXT' run completed.
2018-10-31 13:41:09,169 INFO Clean up skipped.
2018-10-31 13:41:09,196 INFO 
========== NFVBench Summary ==========
Date: 2018-10-31 13:40:36
NFVBench version 2.0.1
Openstack Neutron:
  vSwitch: 
  Encapsulation: 
Benchmarks:
> Networks:
  > Components:
    > Traffic Generator:
        Profile: trex-local
        Tool: TRex
    > Versions:
      > Traffic_Generator:
          build_date: Nov 13 2017
          version: v2.32
          built_by: hhaim
          mode: STL
          build_time: 10:58:17
  > Service chain:
    > EXT:
      > Traffic:
          Profile: traffic_profile_64B
          Bidirectional: True
          Flow count: 1000
          Service chains count: 1
          Compute nodes: []
            
            Run Summary:
            
              +-----------------+-------------+----------------------+----------------------+----------------------+
              |   L2 Frame Size |  Drop Rate  |   Avg Latency (usec) |   Min Latency (usec) |   Max Latency (usec) |
              +=================+=============+======================+======================+======================+
              |              64 |  88.3047%   |                  313 |                   10 |                  712 |
              +-----------------+-------------+----------------------+----------------------+----------------------+
              
            
            L2 frame size: 64
            
            Run Config:
            
              +-------------+---------------------------+------------------------+-----------------+---------------------------+------------------------+-----------------+
              |  Direction  |  Requested TX Rate (bps)  |  Actual TX Rate (bps)  |  RX Rate (bps)  |  Requested TX Rate (pps)  |  Actual TX Rate (pps)  |  RX Rate (pps)  |
              +=============+===========================+========================+=================+===========================+========================+=================+
              |   Forward   |       10.0000 Gbps        |      10.0000 Gbps      |  467.8300 Mbps  |      14,880,952 pps       |     14,880,953 pps     |   696,175 pps   |
              +-------------+---------------------------+------------------------+-----------------+---------------------------+------------------------+-----------------+
              |   Reverse   |       10.0000 Gbps        |      10.0000 Gbps      |   1.8712 Gbps   |      14,880,952 pps       |     14,880,953 pps     |  2,784,563 pps  |
              +-------------+---------------------------+------------------------+-----------------+---------------------------+------------------------+-----------------+
              |    Total    |       20.0000 Gbps        |      20.0000 Gbps      |   2.3391 Gbps   |      29,761,904 pps       |     29,761,906 pps     |  3,480,738 pps  |
              +-------------+---------------------------+------------------------+-----------------+---------------------------+------------------------+-----------------+
              
            Forward Chain Packet Counters and Latency:
            
              +---------+--------------+--------------------------+------------+------------+------------+
              |   Chain |  TRex.TX.p0  |        TRex.RX.p1        |  Avg lat.  |  Min lat.  |  Max lat.  |
              +=========+==============+==========================+============+============+============+
              |       0 | 446,428,597  | -425,543,331 (-95.3217%) |  237 usec  |  10 usec   |  335 usec  |
              +---------+--------------+--------------------------+------------+------------+------------+
              
            Reverse Chain Packet Counters and Latency:
            
              +---------+--------------+--------------------------+------------+------------+------------+
              |   Chain |  TRex.TX.p1  |        TRex.RX.p0        |  Avg lat.  |  Min lat.  |  Max lat.  |
              +=========+==============+==========================+============+============+============+
              |       0 | 446,428,597  | -362,891,683 (-81.2877%) |  618 usec  |  100 usec  |  712 usec  |
              +---------+--------------+--------------------------+------------+------------+------------+
              

