2018-11-19 09:46:02,470 INFO Loading configuration file: /tmp/nfvbench/nfvbench_config.cfg
2018-11-19 09:46:02,502 INFO EXT chain with OpenStack mode disabled
2018-11-19 09:46:02,502 INFO -c /tmp/nfvbench/nfvbench_config.cfg --rate ndr --flow-count 1024 --duration 30 --json /tmp/nfvbench/2vsc_1_ndr-1.json
2018-11-19 09:46:02,503 INFO Connecting to TRex (127.0.0.1)...
2018-11-19 09:46:02,639 INFO Connected to TRex
2018-11-19 09:46:02,639 INFO    Port 0: Device 158b speed=25Gbps mac=3c:fd:fe:bd:f8:60 pci=0000:3b:00.0 driver=net_i40e
2018-11-19 09:46:02,639 INFO    Port 1: Device 158b speed=25Gbps mac=3c:fd:fe:bd:f8:61 pci=0000:3b:00.1 driver=net_i40e
2018-11-19 09:46:02,640 INFO Port 0: VLANs (1070, 1071)
2018-11-19 09:46:02,640 INFO Port 1: VLANs (1064, 1065)
2018-11-19 09:46:02,640 INFO ChainRunner initialized
2018-11-19 09:46:02,641 INFO Starting 2xEXT benchmark...
2018-11-19 09:46:02,745 INFO Polling ARP until successful...
2018-11-19 09:46:02,954 INFO    ARP: port=0 chain=0 src IP=172.16.10.100 dst IP=172.16.10.10 -> MAC=52:54:00:00:00:aa
2018-11-19 09:46:02,954 INFO    ARP: port=0 chain=1 src IP=172.16.10.101 dst IP=172.16.10.11 -> MAC=52:54:00:00:00:aa
2018-11-19 09:46:02,955 INFO ARP resolved successfully for port 0
2018-11-19 09:46:03,165 INFO    ARP: port=1 chain=0 src IP=172.16.20.100 dst IP=172.16.20.10 -> MAC=52:54:00:00:00:bb
2018-11-19 09:46:03,165 INFO    ARP: port=1 chain=1 src IP=172.16.20.101 dst IP=172.16.20.11 -> MAC=52:54:00:00:00:bb
2018-11-19 09:46:03,165 INFO ARP resolved successfully for port 1
2018-11-19 09:46:03,267 INFO Port 0: dst MAC ['52:54:00:00:00:aa', '52:54:00:00:00:aa']
2018-11-19 09:46:03,267 INFO Port 1: dst MAC ['52:54:00:00:00:bb', '52:54:00:00:00:bb']
2018-11-19 09:46:03,267 INFO Starting traffic generator to ensure end-to-end connectivity
2018-11-19 09:46:03,281 INFO Created 2 traffic streams for port 0.
2018-11-19 09:46:03,283 INFO Created 2 traffic streams for port 1.
2018-11-19 09:46:03,398 INFO Captured unique src mac 0/2, capturing return packets (retry 1/100)...
2018-11-19 09:46:05,520 INFO Received packet from mac: 52:54:00:00:00:bb (chain=1, port=1)
2018-11-19 09:46:05,520 INFO Received packet from mac: 52:54:00:00:00:aa (chain=1, port=0)
2018-11-19 09:46:05,520 INFO End-to-end connectivity established
2018-11-19 09:46:05,543 INFO Cleared all existing streams
2018-11-19 09:46:05,571 INFO Created 4 traffic streams for port 0.
2018-11-19 09:46:05,574 INFO Created 4 traffic streams for port 1.
2018-11-19 09:46:05,574 INFO *** Searching NDR for 64 (Bidirectional)...
2018-11-19 09:46:05,574 INFO Range search [0.0 .. 200.0] targets: {'ndr': 0.001}
2018-11-19 09:46:05,574 INFO Modified traffic stream for port 0, new rate=100.0%.
2018-11-19 09:46:05,574 INFO Modified traffic stream for port 1, new rate=100.0%.
2018-11-19 09:46:05,574 INFO Running traffic generator


2018-11-19 09:46:12 - [local][warning]   - [1mCPU util. is high: 88.7%[22m
2018-11-19 09:46:15,597 INFO TX: 416291179; RX: 29269536; Est. Dropped: 387021643; Est. Drop rate: 92.9690%
2018-11-19 09:46:25,611 INFO TX: 837007461; RX: 58544185; Est. Dropped: 778463276; Est. Drop rate: 93.0055%
2018-11-19 09:46:35,611 INFO TX: 1256505217; RX: 87744788; Est. Dropped: 1168760429; Est. Drop rate: 93.0168%
2018-11-19 09:46:37,617 INFO WARNING: There is a significant difference between requested TX rate (74404760) and actual TX rate (41883507). The traffic generator may not have sufficient CPU to achieve the requested TX rate.
2018-11-19 09:46:37,617 INFO Average drop rate: 93.016759
2018-11-19 09:46:37,618 INFO Range search [0.0 .. 100.0] targets: {'ndr': 0.001}
2018-11-19 09:46:37,618 INFO Modified traffic stream for port 0, new rate=50.0%.
2018-11-19 09:46:37,618 INFO Modified traffic stream for port 1, new rate=50.0%.
2018-11-19 09:46:37,618 INFO Running traffic generator


2018-11-19 09:46:45 - [local][warning]   - [1mCPU util. is high: 85.9%[22m
2018-11-19 09:46:47,648 INFO TX: 372400316; RX: 29279147; Est. Dropped: 343121169; Est. Drop rate: 92.1377%
2018-11-19 09:46:57,663 INFO TX: 744979540; RX: 58603986; Est. Dropped: 686375554; Est. Drop rate: 92.1335%
2018-11-19 09:47:07,658 INFO TX: 1116084132; RX: 87793336; Est. Dropped: 1028290796; Est. Drop rate: 92.1338%
2018-11-19 09:47:09,665 INFO Average drop rate: 92.133807
2018-11-19 09:47:09,665 INFO Range search [0.0 .. 50.0] targets: {'ndr': 0.001}
2018-11-19 09:47:09,665 INFO Modified traffic stream for port 0, new rate=25.0%.
2018-11-19 09:47:09,665 INFO Modified traffic stream for port 1, new rate=25.0%.
2018-11-19 09:47:09,665 INFO Running traffic generator
2018-11-19 09:47:19,688 INFO TX: 186188740; RX: 29304193; Est. Dropped: 156884547; Est. Drop rate: 84.2610%
2018-11-19 09:47:29,703 INFO TX: 372470324; RX: 58594025; Est. Dropped: 313876299; Est. Drop rate: 84.2688%
2018-11-19 09:47:39,699 INFO TX: 558026568; RX: 87791232; Est. Dropped: 470235336; Est. Drop rate: 84.2676%
2018-11-19 09:47:41,705 INFO Average drop rate: 84.267553
2018-11-19 09:47:41,705 INFO Range search [0.0 .. 25.0] targets: {'ndr': 0.001}
2018-11-19 09:47:41,705 INFO Modified traffic stream for port 0, new rate=12.5%.
2018-11-19 09:47:41,705 INFO Modified traffic stream for port 1, new rate=12.5%.
2018-11-19 09:47:41,705 INFO Running traffic generator
2018-11-19 09:47:51,736 INFO TX: 93096626; RX: 29385240; Est. Dropped: 63711386; Est. Drop rate: 68.4358%
2018-11-19 09:48:01,750 INFO TX: 186235040; RX: 58744313; Est. Dropped: 127490727; Est. Drop rate: 68.4569%
2018-11-19 09:48:11,746 INFO TX: 279011292; RX: 87950631; Est. Dropped: 191060661; Est. Drop rate: 68.4778%
2018-11-19 09:48:13,752 INFO Average drop rate: 68.477752
2018-11-19 09:48:13,752 INFO Range search [0.0 .. 12.5] targets: {'ndr': 0.001}
2018-11-19 09:48:13,753 INFO Modified traffic stream for port 0, new rate=6.25%.
2018-11-19 09:48:13,753 INFO Modified traffic stream for port 1, new rate=6.25%.
2018-11-19 09:48:13,753 INFO Running traffic generator
2018-11-19 09:48:23,785 INFO TX: 46546968; RX: 23538734; Est. Dropped: 23008234; Est. Drop rate: 49.4301%
2018-11-19 09:48:33,791 INFO TX: 93074646; RX: 47063773; Est. Dropped: 46010873; Est. Drop rate: 49.4344%
2018-11-19 09:48:43,795 INFO TX: 139503020; RX: 70538626; Est. Dropped: 68964394; Est. Drop rate: 49.4358%
2018-11-19 09:48:45,802 INFO Average drop rate: 49.435771
2018-11-19 09:48:45,802 INFO Range search [0.0 .. 6.25] targets: {'ndr': 0.001}
2018-11-19 09:48:45,802 INFO Modified traffic stream for port 0, new rate=3.125%.
2018-11-19 09:48:45,802 INFO Modified traffic stream for port 1, new rate=3.125%.
2018-11-19 09:48:45,802 INFO Running traffic generator
2018-11-19 09:48:55,833 INFO TX: 23272560; RX: 11997377; Est. Dropped: 11275183; Est. Drop rate: 48.4484%
2018-11-19 09:49:05,848 INFO TX: 46556306; RX: 24001720; Est. Dropped: 22554586; Est. Drop rate: 48.4458%
2018-11-19 09:49:15,843 INFO TX: 69748800; RX: 35962531; Est. Dropped: 33786269; Est. Drop rate: 48.4399%
2018-11-19 09:49:17,850 INFO Average drop rate: 48.439929
2018-11-19 09:49:17,850 INFO Range search [0.0 .. 3.125] targets: {'ndr': 0.001}
2018-11-19 09:49:17,850 INFO Modified traffic stream for port 0, new rate=1.5625%.
2018-11-19 09:49:17,850 INFO Modified traffic stream for port 1, new rate=1.5625%.
2018-11-19 09:49:17,850 INFO Running traffic generator
2018-11-19 09:49:27,877 INFO TX: 11635874; RX: 6212374; Est. Dropped: 5423500; Est. Drop rate: 46.6102%
2018-11-19 09:49:37,893 INFO TX: 23276778; RX: 12425861; Est. Dropped: 10850917; Est. Drop rate: 46.6169%
2018-11-19 09:49:47,881 INFO TX: 34871528; RX: 18617525; Est. Dropped: 16254003; Est. Drop rate: 46.6111%
2018-11-19 09:49:49,886 INFO Average drop rate: 46.611101
2018-11-19 09:49:49,887 INFO Range search [0.0 .. 1.5625] targets: {'ndr': 0.001}
2018-11-19 09:49:49,887 INFO Modified traffic stream for port 0, new rate=0.78125%.
2018-11-19 09:49:49,887 INFO Modified traffic stream for port 1, new rate=0.78125%.
2018-11-19 09:49:49,887 INFO Running traffic generator
2018-11-19 09:49:59,918 INFO TX: 5816240; RX: 3311169; Est. Dropped: 2505071; Est. Drop rate: 43.0703%
2018-11-19 09:50:09,932 INFO TX: 11635002; RX: 6620169; Est. Dropped: 5014833; Est. Drop rate: 43.1013%
2018-11-19 09:50:19,931 INFO TX: 17432908; RX: 9917973; Est. Dropped: 7514935; Est. Drop rate: 43.1078%
2018-11-19 09:50:21,937 INFO Average drop rate: 43.107753
2018-11-19 09:50:21,937 INFO Range search [0.0 .. 0.78125] targets: {'ndr': 0.001}
2018-11-19 09:50:21,938 INFO Modified traffic stream for port 0, new rate=0.390625%.
2018-11-19 09:50:21,938 INFO Modified traffic stream for port 1, new rate=0.390625%.
2018-11-19 09:50:21,938 INFO Running traffic generator
2018-11-19 09:50:31,963 INFO TX: 2907208; RX: 1857638; Est. Dropped: 1049570; Est. Drop rate: 36.1023%
2018-11-19 09:50:41,976 INFO TX: 5815516; RX: 3710896; Est. Dropped: 2104620; Est. Drop rate: 36.1897%
2018-11-19 09:50:51,969 INFO TX: 8713600; RX: 5557506; Est. Dropped: 3156094; Est. Drop rate: 36.2203%
2018-11-19 09:50:53,975 INFO Average drop rate: 36.220322
2018-11-19 09:50:53,975 INFO Range search [0.0 .. 0.390625] targets: {'ndr': 0.001}
2018-11-19 09:50:53,975 INFO Modified traffic stream for port 0, new rate=0.1953125%.
2018-11-19 09:50:53,975 INFO Modified traffic stream for port 1, new rate=0.1953125%.
2018-11-19 09:50:53,975 INFO Running traffic generator
2018-11-19 09:51:04,003 INFO TX: 1452134; RX: 1115392; Est. Dropped: 336742; Est. Drop rate: 23.1895%
2018-11-19 09:51:14,017 INFO TX: 2905444; RX: 2230969; Est. Dropped: 674475; Est. Drop rate: 23.2142%
2018-11-19 09:51:24,010 INFO TX: 4353944; RX: 3343920; Est. Dropped: 1010024; Est. Drop rate: 23.1979%
2018-11-19 09:51:26,016 INFO Average drop rate: 23.197910
2018-11-19 09:51:26,016 INFO Range search [0.0 .. 0.1953125] targets: {'ndr': 0.001}
2018-11-19 09:51:26,016 INFO Modified traffic stream for port 0, new rate=0.09765625%.
2018-11-19 09:51:26,016 INFO Modified traffic stream for port 1, new rate=0.09765625%.
2018-11-19 09:51:26,017 INFO Running traffic generator
2018-11-19 09:51:36,048 INFO TX: 725350; RX: 714203; Est. Dropped: 11147; Est. Drop rate: 1.5368%
2018-11-19 09:51:46,062 INFO TX: 1451060; RX: 1429017; Est. Dropped: 22043; Est. Drop rate: 1.5191%
2018-11-19 09:51:56,053 INFO TX: 2174120; RX: 2141163; Est. Dropped: 32957; Est. Drop rate: 1.5159%
2018-11-19 09:51:58,058 INFO Average drop rate: 1.515878
2018-11-19 09:51:58,058 INFO Range search [0.0 .. 0.09765625] targets: {'ndr': 0.001}
2018-11-19 09:51:58,058 INFO Found ndr (0.001) load: 0.0
2018-11-19 09:51:58,058 INFO NDR load: 0
2018-11-19 09:51:58,059 INFO Service chain 'EXT' run completed.
2018-11-19 09:51:58,059 INFO Clean up skipped.
2018-11-19 09:51:58,085 INFO Saving results in json file: /tmp/nfvbench/2vsc_1_ndr-1.json...
2018-11-19 09:51:58,088 INFO 
========== NFVBench Summary ==========
Date: 2018-11-19 09:46:02
NFVBench version 2.0.5
Openstack Neutron:
  vSwitch: 
  Encapsulation: 
Benchmarks:
> Networks:
  > Components:
    > Traffic Generator:
        Profile: trex-local
        Tool: TRex
    > Versions:
      > Traffic_Generator:
          build_date: Nov 13 2017
          version: v2.32
          built_by: hhaim
          mode: STL
          build_time: 10:58:17
  > Measurement Parameters:
      NDR: 0.001
  > Service chain:
    > EXT:
      > Traffic:
          Profile: traffic_profile_64B
          Bidirectional: True
          Flow count: 1024
          Service chains count: 2
          Compute nodes: []
            
            Run Summary:
            
              +-----+-----------------+------------------+------------------+-----------------+----------------------+----------------------+----------------------+
              |  -  |   L2 Frame Size |  Rate (fwd+rev)  |  Rate (fwd+rev)  |  Avg Drop Rate  |   Avg Latency (usec) |   Min Latency (usec) |   Max Latency (usec) |
              +=====+=================+==================+==================+=================+======================+======================+======================+
              | NDR |              64 |    0.0000 bps    |      0 pps       |       0%        |                    0 |                    0 |                    0 |
              +-----+-----------------+------------------+------------------+-----------------+----------------------+----------------------+----------------------+
              
            
            L2 frame size: 64
            NDR search duration: 352 seconds
            

