2018-11-05 08:13:03,983 INFO Loading configuration file: /tmp/nfvbench/nfvbench_config.cfg
2018-11-05 08:13:04,014 INFO EXT chain with OpenStack mode disabled
2018-11-05 08:13:04,014 INFO -c /tmp/nfvbench/nfvbench_config.cfg --rate 20Gbps --flow-count 1000 --duration 30
2018-11-05 08:13:04,016 INFO Connecting to TRex (127.0.0.1)...
2018-11-05 08:13:04,159 INFO Connected to TRex
2018-11-05 08:13:04,159 INFO    Port 0: Device 158b speed=25Gbps mac=3c:fd:fe:bd:f8:60 pci=0000:3b:00.0 driver=net_i40e
2018-11-05 08:13:04,159 INFO    Port 1: Device 158b speed=25Gbps mac=3c:fd:fe:bd:f8:61 pci=0000:3b:00.1 driver=net_i40e
2018-11-05 08:13:04,160 INFO Port 0: VLANs [1070]
2018-11-05 08:13:04,160 INFO Port 1: VLANs [1064]
2018-11-05 08:13:04,160 INFO Port 0: dst MAC ['52:54:00:00:00:aa']
2018-11-05 08:13:04,160 INFO Port 1: dst MAC ['52:54:00:00:00:bb']
2018-11-05 08:13:04,160 INFO ChainRunner initialized
2018-11-05 08:13:04,161 INFO Adjusting frame size 64 Bytes to minimum size 68 Bytes due to traffic generator restriction
2018-11-05 08:13:04,161 INFO Starting 1xEXT benchmark...
2018-11-05 08:13:04,166 INFO Starting traffic generator to ensure end-to-end connectivity
2018-11-05 08:13:04,173 INFO Created 1 traffic streams for port 0.
2018-11-05 08:13:04,174 INFO Created 1 traffic streams for port 1.
2018-11-05 08:13:04,283 INFO Captured unique src mac 0/2, capturing return packets (retry 1/100)...
2018-11-05 08:13:06,405 INFO Received packet from mac: 52:54:00:00:00:bb (chain=0, port=1)
2018-11-05 08:13:06,405 INFO Received packet from mac: 52:54:00:00:00:aa (chain=0, port=0)
2018-11-05 08:13:06,405 INFO End-to-end connectivity established
2018-11-05 08:13:06,422 INFO Cleared all existing streams
2018-11-05 08:13:06,431 INFO Created 2 traffic streams for port 0.
2018-11-05 08:13:06,432 INFO Created 2 traffic streams for port 1.
2018-11-05 08:13:06,436 INFO Starting to generate traffic...
2018-11-05 08:13:06,436 INFO Running traffic generator
2018-11-05 08:13:16,458 INFO TX: 284394775; RX: 31209285; Est. Dropped: 253185490; Est. Drop rate: 89.0261%
2018-11-05 08:13:26,472 INFO TX: 568872197; RX: 62427141; Est. Dropped: 506445056; Est. Drop rate: 89.0262%
2018-11-05 08:13:36,468 INFO TX: 852256184; RX: 93522757; Est. Dropped: 758733427; Est. Drop rate: 89.0265%
2018-11-05 08:13:36,468 INFO ...traffic generating ended.
2018-11-05 08:13:36,472 INFO Service chain 'EXT' run completed.
2018-11-05 08:13:36,472 INFO Clean up skipped.
2018-11-05 08:13:36,500 INFO 
========== NFVBench Summary ==========
Date: 2018-11-05 08:13:04
NFVBench version 2.0.2
Openstack Neutron:
  vSwitch: 
  Encapsulation: 
Benchmarks:
> Networks:
  > Components:
    > Traffic Generator:
        Profile: trex-local
        Tool: TRex
    > Versions:
      > Traffic_Generator:
          build_date: Nov 13 2017
          version: v2.32
          built_by: hhaim
          mode: STL
          build_time: 10:58:17
  > Service chain:
    > EXT:
      > Traffic:
          Profile: traffic_profile_64B
          Bidirectional: True
          Flow count: 1000
          Service chains count: 1
          Compute nodes: []
            
            Run Summary:
            
              +-----------------+-------------+----------------------+----------------------+----------------------+
              |   L2 Frame Size |  Drop Rate  |   Avg Latency (usec) |   Min Latency (usec) |   Max Latency (usec) |
              +=================+=============+======================+======================+======================+
              |              64 |  89.0265%   |                  360 |                   20 |                  767 |
              +-----------------+-------------+----------------------+----------------------+----------------------+
              
            
            L2 frame size: 64
            Actual l2 frame size: 68
            
            Run Config:
            
              +-------------+---------------------------+------------------------+-----------------+---------------------------+------------------------+-----------------+
              |  Direction  |  Requested TX Rate (bps)  |  Actual TX Rate (bps)  |  RX Rate (bps)  |  Requested TX Rate (pps)  |  Actual TX Rate (pps)  |  RX Rate (pps)  |
              +=============+===========================+========================+=================+===========================+========================+=================+
              |   Forward   |       10.0000 Gbps        |      9.9998 Gbps       |   1.7557 Gbps   |      14,204,545 pps       |     14,204,269 pps     |  2,493,879 pps  |
              +-------------+---------------------------+------------------------+-----------------+---------------------------+------------------------+-----------------+
              |   Reverse   |       10.0000 Gbps        |      9.9998 Gbps       |  438.9760 Mbps  |      14,204,545 pps       |     14,204,269 pps     |   623,545 pps   |
              +-------------+---------------------------+------------------------+-----------------+---------------------------+------------------------+-----------------+
              |    Total    |       20.0000 Gbps        |      19.9996 Gbps      |   2.1947 Gbps   |      28,409,090 pps       |     28,408,538 pps     |  3,117,424 pps  |
              +-------------+---------------------------+------------------------+-----------------+---------------------------+------------------------+-----------------+
              
            Forward Chain Packet Counters and Latency:
            
              +---------+--------------+--------------------------+------------+------------+------------+
              |   Chain |  TRex.TX.p0  |        TRex.RX.p1        |  Avg lat.  |  Min lat.  |  Max lat.  |
              +=========+==============+==========================+============+============+============+
              |       0 | 426,128,092  | -351,311,700 (-82.4427%) |  717 usec  |  20 usec   |  767 usec  |
              +---------+--------------+--------------------------+------------+------------+------------+
              
            Reverse Chain Packet Counters and Latency:
            
              +---------+--------------+--------------------------+------------+------------+------------+
              |   Chain |  TRex.TX.p1  |        TRex.RX.p0        |  Avg lat.  |  Min lat.  |  Max lat.  |
              +=========+==============+==========================+============+============+============+
              |       0 | 426,128,092  | -407,421,727 (-95.6102%) |  272 usec  |  200 usec  |  385 usec  |
              +---------+--------------+--------------------------+------------+------------+------------+
              

