2018-10-31 15:44:46,606 INFO Loading configuration file: /tmp/nfvbench/nfvbench_config.cfg
2018-10-31 15:44:46,639 INFO EXT chain with OpenStack mode disabled
2018-10-31 15:44:46,640 INFO -c /tmp/nfvbench/nfvbench_config.cfg --rate 20Gbps --flow-count 1000 --duration 30
2018-10-31 15:44:46,641 INFO Connecting to TRex (127.0.0.1)...
2018-10-31 15:44:46,779 INFO Connected to TRex
2018-10-31 15:44:46,779 INFO    Port 0: Device 158b speed=25Gbps mac=3c:fd:fe:bd:f8:60 pci=0000:3b:00.0 driver=net_i40e
2018-10-31 15:44:46,779 INFO    Port 1: Device 158b speed=25Gbps mac=3c:fd:fe:bd:f8:61 pci=0000:3b:00.1 driver=net_i40e
2018-10-31 15:44:46,780 INFO Port 0: dst MAC ['52:54:00:00:00:aa']
2018-10-31 15:44:46,780 INFO Port 1: dst MAC ['52:54:00:00:00:bb']
2018-10-31 15:44:46,780 INFO ChainRunner initialized
2018-10-31 15:44:46,781 INFO Starting 1xEXT benchmark...
2018-10-31 15:44:46,990 INFO Starting traffic generator to ensure end-to-end connectivity
2018-10-31 15:44:46,996 INFO Created 1 traffic streams for port 0.
2018-10-31 15:44:46,997 INFO Created 1 traffic streams for port 1.
2018-10-31 15:44:47,107 INFO Captured unique src mac 0/2, capturing return packets (retry 1/100)...
2018-10-31 15:44:49,228 INFO Received packet from mac: 52:54:00:00:00:bb (chain=0, port=1)
2018-10-31 15:44:49,228 INFO Received packet from mac: 52:54:00:00:00:aa (chain=0, port=0)
2018-10-31 15:44:49,228 INFO End-to-end connectivity established
2018-10-31 15:44:49,244 INFO Cleared all existing streams
2018-10-31 15:44:49,252 INFO Created 2 traffic streams for port 0.
2018-10-31 15:44:49,254 INFO Created 2 traffic streams for port 1.
2018-10-31 15:44:49,257 INFO Starting to generate traffic...
2018-10-31 15:44:49,257 INFO Running traffic generator
2018-10-31 15:44:59,279 INFO TX: 297920529; RX: 20769341; Est. Dropped: 277151188; Est. Drop rate: 93.0286%
2018-10-31 15:45:09,293 INFO TX: 595950361; RX: 41324045; Est. Dropped: 554626316; Est. Drop rate: 93.0659%
2018-10-31 15:45:19,281 INFO TX: 892857194; RX: 61917670; Est. Dropped: 830939524; Est. Drop rate: 93.0652%
2018-10-31 15:45:19,282 INFO ...traffic generating ended.
2018-10-31 15:45:19,285 INFO Service chain 'EXT' run completed.
2018-10-31 15:45:19,285 INFO Clean up skipped.
2018-10-31 15:45:19,312 INFO 
========== NFVBench Summary ==========
Date: 2018-10-31 15:44:46
NFVBench version 2.0.1
Openstack Neutron:
  vSwitch: 
  Encapsulation: 
Benchmarks:
> Networks:
  > Components:
    > Traffic Generator:
        Profile: trex-local
        Tool: TRex
    > Versions:
      > Traffic_Generator:
          build_date: Nov 13 2017
          version: v2.32
          built_by: hhaim
          mode: STL
          build_time: 10:58:17
  > Service chain:
    > EXT:
      > Traffic:
          Profile: traffic_profile_64B
          Bidirectional: True
          Flow count: 1000
          Service chains count: 1
          Compute nodes: []
            
            Run Summary:
            
              +-----------------+-------------+----------------------+----------------------+----------------------+
              |   L2 Frame Size |  Drop Rate  |   Avg Latency (usec) |   Min Latency (usec) |  Max Latency (usec)  |
              +=================+=============+======================+======================+======================+
              |              64 |  93.0652%   |                  802 |                   80 |        1,232         |
              +-----------------+-------------+----------------------+----------------------+----------------------+
              
            
            L2 frame size: 64
            
            Run Config:
            
              +-------------+---------------------------+------------------------+-----------------+---------------------------+------------------------+-----------------+
              |  Direction  |  Requested TX Rate (bps)  |  Actual TX Rate (bps)  |  RX Rate (bps)  |  Requested TX Rate (pps)  |  Actual TX Rate (pps)  |  RX Rate (pps)  |
              +=============+===========================+========================+=================+===========================+========================+=================+
              |   Forward   |       10.0000 Gbps        |      10.0000 Gbps      |  698.8106 Mbps  |      14,880,952 pps       |     14,880,953 pps     |  1,039,896 pps  |
              +-------------+---------------------------+------------------------+-----------------+---------------------------+------------------------+-----------------+
              |   Reverse   |       10.0000 Gbps        |      10.0000 Gbps      |  688.1452 Mbps  |      14,880,952 pps       |     14,880,953 pps     |  1,024,025 pps  |
              +-------------+---------------------------+------------------------+-----------------+---------------------------+------------------------+-----------------+
              |    Total    |       20.0000 Gbps        |      20.0000 Gbps      |   1.3870 Gbps   |      29,761,904 pps       |     29,761,906 pps     |  2,063,921 pps  |
              +-------------+---------------------------+------------------------+-----------------+---------------------------+------------------------+-----------------+
              
            Forward Chain Packet Counters and Latency:
            
              +---------+--------------+--------------------------+------------+------------+------------+
              |   Chain |  TRex.TX.p0  |        TRex.RX.p1        |  Avg lat.  |  Min lat.  |  Max lat.  |
              +=========+==============+==========================+============+============+============+
              |       0 | 446,428,597  | -415,231,695 (-93.0119%) |  940 usec  |  80 usec   | 1,232 usec |
              +---------+--------------+--------------------------+------------+------------+------------+
              
            Reverse Chain Packet Counters and Latency:
            
              +---------+--------------+--------------------------+------------+------------+------------+
              |   Chain |  TRex.TX.p1  |        TRex.RX.p0        |  Avg lat.  |  Min lat.  |  Max lat.  |
              +=========+==============+==========================+============+============+============+
              |       0 | 446,428,597  | -415,707,829 (-93.1185%) |  669 usec  |  100 usec  | 1,115 usec |
              +---------+--------------+--------------------------+------------+------------+------------+
              

