2018-11-19 10:39:15,601 INFO Loading configuration file: /tmp/nfvbench/nfvbench_config.cfg
2018-11-19 10:39:15,633 INFO EXT chain with OpenStack mode disabled
2018-11-19 10:39:15,633 INFO -c /tmp/nfvbench/nfvbench_config.cfg --rate 18500000pps --flow-count 1024 --duration 30 --json /tmp/nfvbench/2csc_4_18500000pps-1.json
2018-11-19 10:39:15,634 INFO Connecting to TRex (127.0.0.1)...
2018-11-19 10:39:15,776 INFO Connected to TRex
2018-11-19 10:39:15,776 INFO    Port 0: Device 158b speed=25Gbps mac=3c:fd:fe:bd:f8:60 pci=0000:3b:00.0 driver=net_i40e
2018-11-19 10:39:15,776 INFO    Port 1: Device 158b speed=25Gbps mac=3c:fd:fe:bd:f8:61 pci=0000:3b:00.1 driver=net_i40e
2018-11-19 10:39:15,777 INFO Port 0: VLANs (1070, 1071)
2018-11-19 10:39:15,777 INFO Port 1: VLANs (1064, 1065)
2018-11-19 10:39:15,777 INFO ChainRunner initialized
2018-11-19 10:39:15,778 INFO Starting 2xEXT benchmark...
2018-11-19 10:39:15,883 INFO Polling ARP until successful...
2018-11-19 10:39:16,093 INFO    ARP: port=0 chain=0 src IP=172.16.10.100 dst IP=172.16.10.10 -> MAC=52:54:00:00:00:aa
2018-11-19 10:39:16,093 INFO    ARP: port=0 chain=1 src IP=172.16.10.101 dst IP=172.16.10.11 -> MAC=52:54:00:00:00:aa
2018-11-19 10:39:16,093 INFO ARP resolved successfully for port 0
2018-11-19 10:39:16,302 INFO    ARP: port=1 chain=0 src IP=172.16.20.100 dst IP=172.16.20.10 -> MAC=52:54:00:00:00:bb
2018-11-19 10:39:16,302 INFO    ARP: port=1 chain=1 src IP=172.16.20.101 dst IP=172.16.20.11 -> MAC=52:54:00:00:00:bb
2018-11-19 10:39:16,302 INFO ARP resolved successfully for port 1
2018-11-19 10:39:16,404 INFO Port 0: dst MAC ['52:54:00:00:00:aa', '52:54:00:00:00:aa']
2018-11-19 10:39:16,404 INFO Port 1: dst MAC ['52:54:00:00:00:bb', '52:54:00:00:00:bb']
2018-11-19 10:39:16,404 INFO Starting traffic generator to ensure end-to-end connectivity
2018-11-19 10:39:16,419 INFO Created 2 traffic streams for port 0.
2018-11-19 10:39:16,421 INFO Created 2 traffic streams for port 1.
2018-11-19 10:39:16,531 INFO Captured unique src mac 0/2, capturing return packets (retry 1/100)...
2018-11-19 10:39:18,652 INFO Received packet from mac: 52:54:00:00:00:aa (chain=1, port=0)
2018-11-19 10:39:18,652 INFO Received packet from mac: 52:54:00:00:00:bb (chain=1, port=1)
2018-11-19 10:39:18,652 INFO End-to-end connectivity established
2018-11-19 10:39:18,670 INFO Cleared all existing streams
2018-11-19 10:39:18,699 INFO Created 4 traffic streams for port 0.
2018-11-19 10:39:18,702 INFO Created 4 traffic streams for port 1.
2018-11-19 10:39:18,702 INFO Starting to generate traffic...
2018-11-19 10:39:18,702 INFO Running traffic generator
2018-11-19 10:39:28,725 INFO TX: 185196994; RX: 4490499; Est. Dropped: 180706495; Est. Drop rate: 97.5753%
2018-11-19 10:39:38,740 INFO TX: 370466474; RX: 8493016; Est. Dropped: 361973458; Est. Drop rate: 97.7075%
2018-11-19 10:39:48,726 INFO TX: 555001872; RX: 12910598; Est. Dropped: 542091274; Est. Drop rate: 97.6738%
2018-11-19 10:39:48,727 INFO ...traffic generating ended.
2018-11-19 10:39:48,731 INFO Service chain 'EXT' run completed.
2018-11-19 10:39:48,732 INFO Clean up skipped.
2018-11-19 10:39:48,757 INFO Saving results in json file: /tmp/nfvbench/2csc_4_18500000pps-1.json...
2018-11-19 10:39:48,764 INFO 
========== NFVBench Summary ==========
Date: 2018-11-19 10:39:15
NFVBench version 2.0.5
Openstack Neutron:
  vSwitch: 
  Encapsulation: 
Benchmarks:
> Networks:
  > Components:
    > Traffic Generator:
        Profile: trex-local
        Tool: TRex
    > Versions:
      > Traffic_Generator:
          build_date: Nov 13 2017
          version: v2.32
          built_by: hhaim
          mode: STL
          build_time: 10:58:17
  > Service chain:
    > EXT:
      > Traffic:
          Profile: traffic_profile_64B
          Bidirectional: True
          Flow count: 1024
          Service chains count: 2
          Compute nodes: []
            
            Run Summary:
            
              +-----------------+-------------+----------------------+----------------------+----------------------+
              |   L2 Frame Size |  Drop Rate  |  Avg Latency (usec)  |  Min Latency (usec)  |  Max Latency (usec)  |
              +=================+=============+======================+======================+======================+
              |              64 |  97.6738%   |        21,440        |        1,000         |        52,879        |
              +-----------------+-------------+----------------------+----------------------+----------------------+
              
            
            L2 frame size: 64
            
            Run Config:
            
              +-------------+---------------------------+------------------------+-----------------+---------------------------+------------------------+-----------------+
              |  Direction  |  Requested TX Rate (bps)  |  Actual TX Rate (bps)  |  RX Rate (bps)  |  Requested TX Rate (pps)  |  Actual TX Rate (pps)  |  RX Rate (pps)  |
              +=============+===========================+========================+=================+===========================+========================+=================+
              |   Forward   |        6.2160 Gbps        |      6.2160 Gbps       |  151.5617 Mbps  |       9,250,000 pps       |     9,250,031 pps      |   225,538 pps   |
              +-------------+---------------------------+------------------------+-----------------+---------------------------+------------------------+-----------------+
              |   Reverse   |        6.2160 Gbps        |      6.2160 Gbps       |  137.6357 Mbps  |       9,250,000 pps       |     9,250,031 pps      |   204,815 pps   |
              +-------------+---------------------------+------------------------+-----------------+---------------------------+------------------------+-----------------+
              |    Total    |       12.4320 Gbps        |      12.4320 Gbps      |  289.1974 Mbps  |      18,500,000 pps       |     18,500,062 pps     |   430,353 pps   |
              +-------------+---------------------------+------------------------+-----------------+---------------------------+------------------------+-----------------+
              
            Forward Chain Packet Counters and Latency:
            
              +---------+--------------+--------------------------+-------------+------------+-------------+
              |  Chain  |  TRex.TX.p0  |        TRex.RX.p1        |  Avg lat.   |  Min lat.  |  Max lat.   |
              +=========+==============+==========================+=============+============+=============+
              |    0    | 138,750,468  | -135,372,524 (-97.5655%) | 21,681 usec | 1,000 usec | 49,142 usec |
              +---------+--------------+--------------------------+-------------+------------+-------------+
              |    1    | 138,750,468  | -135,361,242 (-97.5573%) | 24,355 usec | 1,000 usec | 52,879 usec |
              +---------+--------------+--------------------------+-------------+------------+-------------+
              |  total  | 277,500,936  | -270,733,766 (-97.5614%) | 23,018 usec | 1,000 usec | 52,879 usec |
              +---------+--------------+--------------------------+-------------+------------+-------------+
              
            Reverse Chain Packet Counters and Latency:
            
              +---------+--------------+--------------------------+-------------+------------+-------------+
              |  Chain  |  TRex.TX.p1  |        TRex.RX.p0        |  Avg lat.   |  Min lat.  |  Max lat.   |
              +=========+==============+==========================+=============+============+=============+
              |    0    | 138,750,468  | -135,664,665 (-97.7760%) | 19,450 usec | 1,000 usec | 49,075 usec |
              +---------+--------------+--------------------------+-------------+------------+-------------+
              |    1    | 138,750,468  | -135,691,819 (-97.7956%) | 20,566 usec | 1,000 usec | 52,340 usec |
              +---------+--------------+--------------------------+-------------+------------+-------------+
              |  total  | 277,500,936  | -271,356,484 (-97.7858%) | 20,008 usec | 1,000 usec | 52,340 usec |
              +---------+--------------+--------------------------+-------------+------------+-------------+
              

