2018-11-09 14:11:44,244 INFO Loading configuration file: /tmp/nfvbench/nfvbench_config.cfg
2018-11-09 14:11:44,275 INFO EXT chain with OpenStack mode disabled
2018-11-09 14:11:44,276 INFO -c /tmp/nfvbench/nfvbench_config.cfg --rate 20Gbps --flow-count 1000 --duration 30 --json /tmp/nfvbench/2csc_4_20Gbps-1.log
2018-11-09 14:11:44,277 INFO Connecting to TRex (127.0.0.1)...
2018-11-09 14:11:44,414 INFO Connected to TRex
2018-11-09 14:11:44,414 INFO    Port 0: Device 158b speed=25Gbps mac=3c:fd:fe:bd:f8:60 pci=0000:3b:00.0 driver=net_i40e
2018-11-09 14:11:44,414 INFO    Port 1: Device 158b speed=25Gbps mac=3c:fd:fe:bd:f8:61 pci=0000:3b:00.1 driver=net_i40e
2018-11-09 14:11:44,415 INFO Port 0: VLANs [1070]
2018-11-09 14:11:44,415 INFO Port 1: VLANs [1064]
2018-11-09 14:11:44,415 INFO ChainRunner initialized
2018-11-09 14:11:44,415 INFO Adjusting frame size 64 Bytes to minimum size 68 Bytes due to traffic generator restriction
2018-11-09 14:11:44,416 INFO Starting 1xEXT benchmark...
2018-11-09 14:11:44,521 INFO Polling ARP until successful...
2018-11-09 14:11:44,730 INFO    ARP: port=0 chain=0 src IP=172.16.10.100 dst IP=172.16.10.10 -> MAC=52:54:00:00:00:aa
2018-11-09 14:11:44,730 INFO ARP resolved successfully for port 0
2018-11-09 14:11:44,939 INFO    ARP: port=1 chain=0 src IP=172.16.20.100 dst IP=172.16.20.10 -> MAC=52:54:00:00:00:bb
2018-11-09 14:11:44,939 INFO ARP resolved successfully for port 1
2018-11-09 14:11:45,041 INFO Port 0: dst MAC ['52:54:00:00:00:aa']
2018-11-09 14:11:45,041 INFO Port 1: dst MAC ['52:54:00:00:00:bb']
2018-11-09 14:11:45,041 INFO Starting traffic generator to ensure end-to-end connectivity
2018-11-09 14:11:45,047 INFO Created 1 traffic streams for port 0.
2018-11-09 14:11:45,049 INFO Created 1 traffic streams for port 1.
2018-11-09 14:11:45,159 INFO Captured unique src mac 0/2, capturing return packets (retry 1/100)...
2018-11-09 14:11:47,280 INFO Received packet from mac: 52:54:00:00:00:bb (chain=0, port=1)
2018-11-09 14:11:47,280 INFO Received packet from mac: 52:54:00:00:00:aa (chain=0, port=0)
2018-11-09 14:11:47,280 INFO End-to-end connectivity established
2018-11-09 14:11:47,296 INFO Cleared all existing streams
2018-11-09 14:11:47,305 INFO Created 2 traffic streams for port 0.
2018-11-09 14:11:47,306 INFO Created 2 traffic streams for port 1.
2018-11-09 14:11:47,310 INFO Starting to generate traffic...
2018-11-09 14:11:47,310 INFO Running traffic generator
2018-11-09 14:11:57,331 INFO TX: 284391114; RX: 2307079; Est. Dropped: 282084035; Est. Drop rate: 99.1888%
2018-11-09 14:12:07,345 INFO TX: 568873593; RX: 4855930; Est. Dropped: 564017663; Est. Drop rate: 99.1464%
2018-11-09 14:12:17,342 INFO TX: 852281344; RX: 7659831; Est. Dropped: 844621513; Est. Drop rate: 99.1013%
2018-11-09 14:12:17,342 INFO ...traffic generating ended.
2018-11-09 14:12:17,345 INFO Service chain 'EXT' run completed.
2018-11-09 14:12:17,345 INFO Clean up skipped.
2018-11-09 14:12:17,368 INFO Saving results in json file: /tmp/nfvbench/2csc_4_20Gbps-1.log...
2018-11-09 14:12:17,374 INFO 
========== NFVBench Summary ==========
Date: 2018-11-09 14:11:44
NFVBench version 2.0.3
Openstack Neutron:
  vSwitch: 
  Encapsulation: 
Benchmarks:
> Networks:
  > Components:
    > Traffic Generator:
        Profile: trex-local
        Tool: TRex
    > Versions:
      > Traffic_Generator:
          build_date: Nov 13 2017
          version: v2.32
          built_by: hhaim
          mode: STL
          build_time: 10:58:17
  > Service chain:
    > EXT:
      > Traffic:
          Profile: traffic_profile_64B
          Bidirectional: True
          Flow count: 1000
          Service chains count: 1
          Compute nodes: []
            
            Run Summary:
            
              +-----------------+-------------+----------------------+----------------------+----------------------+
              |   L2 Frame Size |  Drop Rate  |  Avg Latency (usec)  |   Min Latency (usec) |  Max Latency (usec)  |
              +=================+=============+======================+======================+======================+
              |              64 |  99.1013%   |        8,357         |                  400 |        47,672        |
              +-----------------+-------------+----------------------+----------------------+----------------------+
              
            
            L2 frame size: 64
            Actual l2 frame size: 68
            
            Run Config:
            
              +-------------+---------------------------+------------------------+-----------------+---------------------------+------------------------+-----------------+
              |  Direction  |  Requested TX Rate (bps)  |  Actual TX Rate (bps)  |  RX Rate (bps)  |  Requested TX Rate (pps)  |  Actual TX Rate (pps)  |  RX Rate (pps)  |
              +=============+===========================+========================+=================+===========================+========================+=================+
              |   Forward   |       10.0000 Gbps        |      10.0001 Gbps      |  81.1481 Mbps   |      14,204,545 pps       |     14,204,689 pps     |   115,267 pps   |
              +-------------+---------------------------+------------------------+-----------------+---------------------------+------------------------+-----------------+
              |   Reverse   |       10.0000 Gbps        |      10.0001 Gbps      |  98.6026 Mbps   |      14,204,545 pps       |     14,204,689 pps     |   140,060 pps   |
              +-------------+---------------------------+------------------------+-----------------+---------------------------+------------------------+-----------------+
              |    Total    |       20.0000 Gbps        |      20.0002 Gbps      |  179.7507 Mbps  |      28,409,090 pps       |     28,409,378 pps     |   255,327 pps   |
              +-------------+---------------------------+------------------------+-----------------+---------------------------+------------------------+-----------------+
              
            Forward Chain Packet Counters and Latency:
            
              +---------+--------------+--------------------------+-------------+------------+-------------+
              |   Chain |  TRex.TX.p0  |        TRex.RX.p1        |  Avg lat.   |  Min lat.  |  Max lat.   |
              +=========+==============+==========================+=============+============+=============+
              |       0 | 426,140,672  | -422,682,658 (-99.1885%) | 10,926 usec |  400 usec  | 44,154 usec |
              +---------+--------------+--------------------------+-------------+------------+-------------+
              
            Reverse Chain Packet Counters and Latency:
            
              +---------+--------------+--------------------------+------------+------------+-------------+
              |   Chain |  TRex.TX.p1  |        TRex.RX.p0        |  Avg lat.  |  Min lat.  |  Max lat.   |
              +=========+==============+==========================+============+============+=============+
              |       0 | 426,140,672  | -421,938,855 (-99.0140%) | 5,239 usec |  700 usec  | 47,672 usec |
              +---------+--------------+--------------------------+------------+------------+-------------+
              

