2018-11-19 12:16:40,671 INFO Loading configuration file: /tmp/nfvbench/nfvbench_config.cfg
2018-11-19 12:16:40,702 INFO EXT chain with OpenStack mode disabled
2018-11-19 12:16:40,702 INFO -c /tmp/nfvbench/nfvbench_config.cfg --rate 18500000pps --flow-count 1024 --duration 30 --json /tmp/nfvbench/2csp_8_18500000pps-1.json
2018-11-19 12:16:40,704 INFO Connecting to TRex (127.0.0.1)...
2018-11-19 12:16:40,844 INFO Connected to TRex
2018-11-19 12:16:40,844 INFO    Port 0: Device 158b speed=25Gbps mac=3c:fd:fe:bd:f8:60 pci=0000:3b:00.0 driver=net_i40e
2018-11-19 12:16:40,844 INFO    Port 1: Device 158b speed=25Gbps mac=3c:fd:fe:bd:f8:61 pci=0000:3b:00.1 driver=net_i40e
2018-11-19 12:16:40,845 INFO Port 0: VLANs (1070, 1071)
2018-11-19 12:16:40,845 INFO Port 1: VLANs (1064, 1065)
2018-11-19 12:16:40,845 INFO ChainRunner initialized
2018-11-19 12:16:40,846 INFO Starting 2xEXT benchmark...
2018-11-19 12:16:40,951 INFO Polling ARP until successful...
2018-11-19 12:16:41,160 INFO    ARP: port=0 chain=0 src IP=172.16.10.100 dst IP=172.16.10.10 -> MAC=52:54:00:00:00:aa
2018-11-19 12:16:41,160 INFO    ARP: port=0 chain=1 src IP=172.16.10.101 dst IP=172.16.10.11 -> MAC=52:54:00:00:00:aa
2018-11-19 12:16:41,160 INFO ARP resolved successfully for port 0
2018-11-19 12:16:41,370 INFO    ARP: port=1 chain=0 src IP=172.16.20.100 dst IP=172.16.20.10 -> MAC=52:54:00:00:00:bb
2018-11-19 12:16:41,370 INFO    ARP: port=1 chain=1 src IP=172.16.20.101 dst IP=172.16.20.11 -> MAC=52:54:00:00:00:bb
2018-11-19 12:16:41,370 INFO ARP resolved successfully for port 1
2018-11-19 12:16:41,472 INFO Port 0: dst MAC ['52:54:00:00:00:aa', '52:54:00:00:00:aa']
2018-11-19 12:16:41,472 INFO Port 1: dst MAC ['52:54:00:00:00:bb', '52:54:00:00:00:bb']
2018-11-19 12:16:41,472 INFO Starting traffic generator to ensure end-to-end connectivity
2018-11-19 12:16:41,486 INFO Created 2 traffic streams for port 0.
2018-11-19 12:16:41,488 INFO Created 2 traffic streams for port 1.
2018-11-19 12:16:41,598 INFO Captured unique src mac 0/2, capturing return packets (retry 1/100)...
2018-11-19 12:16:43,719 INFO Received packet from mac: 52:54:00:00:00:bb (chain=1, port=1)
2018-11-19 12:16:43,719 INFO Received packet from mac: 52:54:00:00:00:aa (chain=1, port=0)
2018-11-19 12:16:43,719 INFO End-to-end connectivity established
2018-11-19 12:16:43,737 INFO Cleared all existing streams
2018-11-19 12:16:43,766 INFO Created 4 traffic streams for port 0.
2018-11-19 12:16:43,769 INFO Created 4 traffic streams for port 1.
2018-11-19 12:16:43,769 INFO Starting to generate traffic...
2018-11-19 12:16:43,769 INFO Running traffic generator
2018-11-19 12:16:53,792 INFO TX: 185191718; RX: 1991772; Est. Dropped: 183199946; Est. Drop rate: 98.9245%
2018-11-19 12:17:03,805 INFO TX: 370438428; RX: 3926106; Est. Dropped: 366512322; Est. Drop rate: 98.9401%
2018-11-19 12:17:13,801 INFO TX: 554991204; RX: 6204377; Est. Dropped: 548786827; Est. Drop rate: 98.8821%
2018-11-19 12:17:13,801 INFO ...traffic generating ended.
2018-11-19 12:17:13,805 INFO Service chain 'EXT' run completed.
2018-11-19 12:17:13,805 INFO Clean up skipped.
2018-11-19 12:17:13,830 INFO Saving results in json file: /tmp/nfvbench/2csp_8_18500000pps-1.json...
2018-11-19 12:17:13,837 INFO 
========== NFVBench Summary ==========
Date: 2018-11-19 12:16:40
NFVBench version 2.0.5
Openstack Neutron:
  vSwitch: 
  Encapsulation: 
Benchmarks:
> Networks:
  > Components:
    > Traffic Generator:
        Profile: trex-local
        Tool: TRex
    > Versions:
      > Traffic_Generator:
          build_date: Nov 13 2017
          version: v2.32
          built_by: hhaim
          mode: STL
          build_time: 10:58:17
  > Service chain:
    > EXT:
      > Traffic:
          Profile: traffic_profile_64B
          Bidirectional: True
          Flow count: 1024
          Service chains count: 2
          Compute nodes: []
            
            Run Summary:
            
              +-----------------+-------------+----------------------+----------------------+----------------------+
              |   L2 Frame Size |  Drop Rate  |  Avg Latency (usec)  |   Min Latency (usec) |  Max Latency (usec)  |
              +=================+=============+======================+======================+======================+
              |              64 |  98.8821%   |        43,800        |                  500 |        96,382        |
              +-----------------+-------------+----------------------+----------------------+----------------------+
              
            
            L2 frame size: 64
            
            Run Config:
            
              +-------------+---------------------------+------------------------+-----------------+---------------------------+------------------------+-----------------+
              |  Direction  |  Requested TX Rate (bps)  |  Actual TX Rate (bps)  |  RX Rate (bps)  |  Requested TX Rate (pps)  |  Actual TX Rate (pps)  |  RX Rate (pps)  |
              +=============+===========================+========================+=================+===========================+========================+=================+
              |   Forward   |        6.2160 Gbps        |      6.2159 Gbps       |  64.7757 Mbps   |       9,250,000 pps       |     9,249,853 pps      |   96,392 pps    |
              +-------------+---------------------------+------------------------+-----------------+---------------------------+------------------------+-----------------+
              |   Reverse   |        6.2160 Gbps        |      6.2159 Gbps       |  74.2024 Mbps   |       9,250,000 pps       |     9,249,853 pps      |   110,420 pps   |
              +-------------+---------------------------+------------------------+-----------------+---------------------------+------------------------+-----------------+
              |    Total    |       12.4320 Gbps        |      12.4318 Gbps      |  138.9780 Mbps  |      18,500,000 pps       |     18,499,706 pps     |   206,812 pps   |
              +-------------+---------------------------+------------------------+-----------------+---------------------------+------------------------+-----------------+
              
            Forward Chain Packet Counters and Latency:
            
              +---------+--------------+--------------------------+-------------+------------+-------------+
              |  Chain  |  TRex.TX.p0  |        TRex.RX.p1        |  Avg lat.   |  Min lat.  |  Max lat.   |
              +=========+==============+==========================+=============+============+=============+
              |    0    | 138,747,801  | -137,324,688 (-98.9743%) | 47,354 usec |  600 usec  | 96,382 usec |
              +---------+--------------+--------------------------+-------------+------------+-------------+
              |    1    | 138,747,801  | -137,278,118 (-98.9408%) | 46,613 usec |  500 usec  | 80,403 usec |
              +---------+--------------+--------------------------+-------------+------------+-------------+
              |  total  | 277,495,602  | -274,602,806 (-98.9575%) | 46,984 usec |  500 usec  | 96,382 usec |
              +---------+--------------+--------------------------+-------------+------------+-------------+
              
            Reverse Chain Packet Counters and Latency:
            
              +---------+--------------+--------------------------+-------------+------------+-------------+
              |  Chain  |  TRex.TX.p1  |        TRex.RX.p0        |  Avg lat.   |  Min lat.  |  Max lat.   |
              +=========+==============+==========================+=============+============+=============+
              |    0    | 138,747,801  | -137,028,276 (-98.7607%) | 40,428 usec |  500 usec  | 80,389 usec |
              +---------+--------------+--------------------------+-------------+------------+-------------+
              |    1    | 138,747,801  | -137,153,697 (-98.8511%) | 39,884 usec |  500 usec  | 92,422 usec |
              +---------+--------------+--------------------------+-------------+------------+-------------+
              |  total  | 277,495,602  | -274,181,973 (-98.8059%) | 40,156 usec |  500 usec  | 92,422 usec |
              +---------+--------------+--------------------------+-------------+------------+-------------+
              

