2018-11-09 12:32:26,961 INFO Loading configuration file: /tmp/nfvbench/nfvbench_config.cfg
2018-11-09 12:32:26,993 INFO EXT chain with OpenStack mode disabled
2018-11-09 12:32:26,993 INFO -c /tmp/nfvbench/nfvbench_config.cfg --rate 20Gbps --flow-count 1000 --duration 30 --json /tmp/nfvbench/2csp_8_20Gbps-1.log
2018-11-09 12:32:26,994 INFO Connecting to TRex (127.0.0.1)...
2018-11-09 12:32:27,138 INFO Connected to TRex
2018-11-09 12:32:27,139 INFO    Port 0: Device 158b speed=25Gbps mac=3c:fd:fe:bd:f8:60 pci=0000:3b:00.0 driver=net_i40e
2018-11-09 12:32:27,139 INFO    Port 1: Device 158b speed=25Gbps mac=3c:fd:fe:bd:f8:61 pci=0000:3b:00.1 driver=net_i40e
2018-11-09 12:32:27,140 INFO Port 0: VLANs (1070, 1071)
2018-11-09 12:32:27,140 INFO Port 1: VLANs (1064, 1065)
2018-11-09 12:32:27,140 INFO ChainRunner initialized
2018-11-09 12:32:27,140 INFO Adjusting frame size 64 Bytes to minimum size 68 Bytes due to traffic generator restriction
2018-11-09 12:32:27,141 INFO Starting 2xEXT benchmark...
2018-11-09 12:32:27,246 INFO Polling ARP until successful...
2018-11-09 12:32:27,455 INFO    ARP: port=0 chain=0 src IP=172.16.10.100 dst IP=172.16.10.10 -> MAC=52:54:00:00:00:aa
2018-11-09 12:32:27,455 INFO    ARP: port=0 chain=1 src IP=172.16.10.101 dst IP=172.16.10.11 -> MAC=52:54:00:00:00:aa
2018-11-09 12:32:27,455 INFO ARP resolved successfully for port 0
2018-11-09 12:32:27,664 INFO    ARP: port=1 chain=0 src IP=172.16.20.100 dst IP=172.16.20.10 -> MAC=52:54:00:00:00:bb
2018-11-09 12:32:27,664 INFO    ARP: port=1 chain=1 src IP=172.16.20.101 dst IP=172.16.20.11 -> MAC=52:54:00:00:00:bb
2018-11-09 12:32:27,664 INFO ARP resolved successfully for port 1
2018-11-09 12:32:27,766 INFO Port 0: dst MAC ['52:54:00:00:00:aa', '52:54:00:00:00:aa']
2018-11-09 12:32:27,766 INFO Port 1: dst MAC ['52:54:00:00:00:bb', '52:54:00:00:00:bb']
2018-11-09 12:32:27,766 INFO Starting traffic generator to ensure end-to-end connectivity
2018-11-09 12:32:27,778 INFO Created 2 traffic streams for port 0.
2018-11-09 12:32:27,780 INFO Created 2 traffic streams for port 1.
2018-11-09 12:32:27,889 INFO Captured unique src mac 0/2, capturing return packets (retry 1/100)...
2018-11-09 12:32:30,011 INFO Received packet from mac: 52:54:00:00:00:aa (chain=1, port=0)
2018-11-09 12:32:30,011 INFO Received packet from mac: 52:54:00:00:00:bb (chain=1, port=1)
2018-11-09 12:32:30,011 INFO End-to-end connectivity established
2018-11-09 12:32:30,027 INFO Cleared all existing streams
2018-11-09 12:32:30,043 INFO Created 4 traffic streams for port 0.
2018-11-09 12:32:30,046 INFO Created 4 traffic streams for port 1.
2018-11-09 12:32:30,049 INFO Starting to generate traffic...
2018-11-09 12:32:30,049 INFO Running traffic generator
2018-11-09 12:32:40,073 INFO TX: 284389875; RX: 1744411; Est. Dropped: 282645464; Est. Drop rate: 99.3866%
2018-11-09 12:32:50,088 INFO TX: 568905807; RX: 3546523; Est. Dropped: 565359284; Est. Drop rate: 99.3766%
2018-11-09 12:33:00,083 INFO TX: 852278440; RX: 5665874; Est. Dropped: 846612566; Est. Drop rate: 99.3352%
2018-11-09 12:33:00,083 INFO ...traffic generating ended.
2018-11-09 12:33:00,088 INFO Service chain 'EXT' run completed.
2018-11-09 12:33:00,088 INFO Clean up skipped.
2018-11-09 12:33:00,115 INFO Saving results in json file: /tmp/nfvbench/2csp_8_20Gbps-1.log...
2018-11-09 12:33:00,122 INFO 
========== NFVBench Summary ==========
Date: 2018-11-09 12:32:27
NFVBench version 2.0.3
Openstack Neutron:
  vSwitch: 
  Encapsulation: 
Benchmarks:
> Networks:
  > Components:
    > Traffic Generator:
        Profile: trex-local
        Tool: TRex
    > Versions:
      > Traffic_Generator:
          build_date: Nov 13 2017
          version: v2.32
          built_by: hhaim
          mode: STL
          build_time: 10:58:17
  > Service chain:
    > EXT:
      > Traffic:
          Profile: traffic_profile_64B
          Bidirectional: True
          Flow count: 1000
          Service chains count: 2
          Compute nodes: []
            
            Run Summary:
            
              +-----------------+-------------+----------------------+----------------------+----------------------+
              |   L2 Frame Size |  Drop Rate  |  Avg Latency (usec)  |   Min Latency (usec) |  Max Latency (usec)  |
              +=================+=============+======================+======================+======================+
              |              64 |  99.3352%   |        27,702        |                  100 |        88,162        |
              +-----------------+-------------+----------------------+----------------------+----------------------+
              
            
            L2 frame size: 64
            Actual l2 frame size: 68
            
            Run Config:
            
              +-------------+---------------------------+------------------------+-----------------+---------------------------+------------------------+-----------------+
              |  Direction  |  Requested TX Rate (bps)  |  Actual TX Rate (bps)  |  RX Rate (bps)  |  Requested TX Rate (pps)  |  Actual TX Rate (pps)  |  RX Rate (pps)  |
              +=============+===========================+========================+=================+===========================+========================+=================+
              |   Forward   |       10.0000 Gbps        |      10.0001 Gbps      |  71.0056 Mbps   |      14,204,545 pps       |     14,204,640 pps     |   100,860 pps   |
              +-------------+---------------------------+------------------------+-----------------+---------------------------+------------------------+-----------------+
              |   Reverse   |       10.0000 Gbps        |      10.0001 Gbps      |  61.9535 Mbps   |      14,204,545 pps       |     14,204,640 pps     |   88,002 pps    |
              +-------------+---------------------------+------------------------+-----------------+---------------------------+------------------------+-----------------+
              |    Total    |       20.0000 Gbps        |      20.0001 Gbps      |  132.9592 Mbps  |      28,409,090 pps       |     28,409,280 pps     |   188,862 pps   |
              +-------------+---------------------------+------------------------+-----------------+---------------------------+------------------------+-----------------+
              
            Forward Chain Packet Counters and Latency:
            
              +---------+--------------+--------------------------+-------------+------------+-------------+
              |  Chain  |  TRex.TX.p0  |        TRex.RX.p1        |  Avg lat.   |  Min lat.  |  Max lat.   |
              +=========+==============+==========================+=============+============+=============+
              |    0    | 213,069,610  | -211,522,928 (-99.2741%) | 17,277 usec |  100 usec  | 88,162 usec |
              +---------+--------------+--------------------------+-------------+------------+-------------+
              |    1    | 213,069,610  | -211,590,484 (-99.3058%) | 23,509 usec |  100 usec  | 76,138 usec |
              +---------+--------------+--------------------------+-------------+------------+-------------+
              |  total  | 426,139,220  | -423,113,412 (-99.2899%) | 20,393 usec |  100 usec  | 88,162 usec |
              +---------+--------------+--------------------------+-------------+------------+-------------+
              
            Reverse Chain Packet Counters and Latency:
            
              +---------+--------------+--------------------------+-------------+------------+-------------+
              |  Chain  |  TRex.TX.p1  |        TRex.RX.p0        |  Avg lat.   |  Min lat.  |  Max lat.   |
              +=========+==============+==========================+=============+============+=============+
              |    0    | 213,069,610  | -211,763,656 (-99.3871%) | 30,816 usec |  100 usec  | 80,118 usec |
              +---------+--------------+--------------------------+-------------+------------+-------------+
              |    1    | 213,069,610  | -211,734,475 (-99.3734%) | 37,346 usec |  100 usec  | 84,045 usec |
              +---------+--------------+--------------------------+-------------+------------+-------------+
              |  total  | 426,139,220  | -423,498,131 (-99.3802%) | 34,081 usec |  100 usec  | 84,045 usec |
              +---------+--------------+--------------------------+-------------+------------+-------------+
              

