2018-10-31 15:16:42,656 INFO Loading configuration file: /tmp/nfvbench/nfvbench_config.cfg
2018-10-31 15:16:42,687 INFO EXT chain with OpenStack mode disabled
2018-10-31 15:16:42,687 INFO -c /tmp/nfvbench/nfvbench_config.cfg --rate ndr --flow-count 1000 --duration 30
2018-10-31 15:16:42,689 INFO Connecting to TRex (127.0.0.1)...
2018-10-31 15:16:42,830 INFO Connected to TRex
2018-10-31 15:16:42,830 INFO    Port 0: Device 158b speed=25Gbps mac=3c:fd:fe:bd:f8:60 pci=0000:3b:00.0 driver=net_i40e
2018-10-31 15:16:42,830 INFO    Port 1: Device 158b speed=25Gbps mac=3c:fd:fe:bd:f8:61 pci=0000:3b:00.1 driver=net_i40e
2018-10-31 15:16:42,831 INFO Port 0: dst MAC ['52:54:00:00:00:aa']
2018-10-31 15:16:42,831 INFO Port 1: dst MAC ['52:54:00:00:00:bb']
2018-10-31 15:16:42,831 INFO ChainRunner initialized
2018-10-31 15:16:42,832 INFO Starting 1xEXT benchmark...
2018-10-31 15:16:43,040 INFO Starting traffic generator to ensure end-to-end connectivity
2018-10-31 15:16:43,046 INFO Created 1 traffic streams for port 0.
2018-10-31 15:16:43,047 INFO Created 1 traffic streams for port 1.
2018-10-31 15:16:43,156 INFO Captured unique src mac 0/2, capturing return packets (retry 1/100)...
2018-10-31 15:16:45,277 INFO Received packet from mac: 52:54:00:00:00:bb (chain=0, port=1)
2018-10-31 15:16:45,277 INFO Received packet from mac: 52:54:00:00:00:aa (chain=0, port=0)
2018-10-31 15:16:45,277 INFO End-to-end connectivity established
2018-10-31 15:16:45,294 INFO Cleared all existing streams
2018-10-31 15:16:45,301 INFO Created 2 traffic streams for port 0.
2018-10-31 15:16:45,302 INFO Created 2 traffic streams for port 1.
2018-10-31 15:16:45,303 INFO *** Searching NDR for 64 (Bidirectional)...
2018-10-31 15:16:45,303 INFO Range search [0.0 .. 200.0] targets: {'ndr': 0.001}
2018-10-31 15:16:45,303 INFO Modified traffic stream for port 0, new rate=100.0%.
2018-10-31 15:16:45,303 INFO Modified traffic stream for port 1, new rate=100.0%.
2018-10-31 15:16:45,303 INFO Running traffic generator


2018-10-31 15:16:52 - [local][warning]   - [1mCPU util. is high: 87.6%[22m
2018-10-31 15:16:55,323 INFO TX: 409744914; RX: 59936075; Est. Dropped: 349808839; Est. Drop rate: 85.3723%
2018-10-31 15:17:05,337 INFO TX: 819531970; RX: 119927438; Est. Dropped: 699604532; Est. Drop rate: 85.3664%
2018-10-31 15:17:15,336 INFO TX: 1228214734; RX: 179780967; Est. Dropped: 1048433767; Est. Drop rate: 85.3624%
2018-10-31 15:17:17,342 INFO WARNING: There is a significant difference between requested TX rate (74404760) and actual TX rate (40940491). The traffic generator may not have sufficient CPU to achieve the requested TX rate.
2018-10-31 15:17:17,342 INFO Average drop rate: 85.362416
2018-10-31 15:17:17,342 INFO Range search [0.0 .. 100.0] targets: {'ndr': 0.001}
2018-10-31 15:17:17,342 INFO Modified traffic stream for port 0, new rate=50.0%.
2018-10-31 15:17:17,342 INFO Modified traffic stream for port 1, new rate=50.0%.
2018-10-31 15:17:17,342 INFO Running traffic generator


2018-10-31 15:17:24 - [local][warning]   - [1mCPU util. is high: 85.4%[22m
2018-10-31 15:17:27,365 INFO TX: 372393586; RX: 59968361; Est. Dropped: 312425225; Est. Drop rate: 83.8965%
2018-10-31 15:17:37,379 INFO TX: 744923167; RX: 119974823; Est. Dropped: 624948344; Est. Drop rate: 83.8943%
2018-10-31 15:17:47,375 INFO TX: 1116071324; RX: 179765723; Est. Dropped: 936305601; Est. Drop rate: 83.8930%
2018-10-31 15:17:49,381 INFO Average drop rate: 83.892990
2018-10-31 15:17:49,381 INFO Range search [0.0 .. 50.0] targets: {'ndr': 0.001}
2018-10-31 15:17:49,381 INFO Modified traffic stream for port 0, new rate=25.0%.
2018-10-31 15:17:49,381 INFO Modified traffic stream for port 1, new rate=25.0%.
2018-10-31 15:17:49,381 INFO Running traffic generator
2018-10-31 15:17:59,404 INFO TX: 186186918; RX: 59752907; Est. Dropped: 126434011; Est. Drop rate: 67.9070%
2018-10-31 15:18:09,418 INFO TX: 372451787; RX: 119529701; Est. Dropped: 252922086; Est. Drop rate: 67.9073%
2018-10-31 15:18:19,415 INFO TX: 558035660; RX: 179093883; Est. Dropped: 378941777; Est. Drop rate: 67.9064%
2018-10-31 15:18:21,420 INFO Average drop rate: 67.906373
2018-10-31 15:18:21,420 INFO Range search [0.0 .. 25.0] targets: {'ndr': 0.001}
2018-10-31 15:18:21,420 INFO Modified traffic stream for port 0, new rate=12.5%.
2018-10-31 15:18:21,421 INFO Modified traffic stream for port 1, new rate=12.5%.
2018-10-31 15:18:21,421 INFO Running traffic generator
2018-10-31 15:18:31,445 INFO TX: 93092200; RX: 59494953; Est. Dropped: 33597247; Est. Drop rate: 36.0903%
2018-10-31 15:18:41,458 INFO TX: 186225093; RX: 119012599; Est. Dropped: 67212494; Est. Drop rate: 36.0921%
2018-10-31 15:18:51,452 INFO TX: 279017832; RX: 178310076; Est. Dropped: 100707756; Est. Drop rate: 36.0937%
2018-10-31 15:18:53,457 INFO Average drop rate: 36.093663
2018-10-31 15:18:53,457 INFO Range search [0.0 .. 12.5] targets: {'ndr': 0.001}
2018-10-31 15:18:53,457 INFO Modified traffic stream for port 0, new rate=6.25%.
2018-10-31 15:18:53,457 INFO Modified traffic stream for port 1, new rate=6.25%.
2018-10-31 15:18:53,458 INFO Running traffic generator
2018-10-31 15:19:03,486 INFO TX: 46549819; RX: 46549744; Est. Dropped: 75; Est. Drop rate: 0.0002%
2018-10-31 15:19:13,501 INFO TX: 93116490; RX: 93116551; Est. Dropped: -61; Est. Drop rate: -0.0001%
2018-10-31 15:19:23,497 INFO TX: 139508928; RX: 139508928; Est. Dropped: 0; Est. Drop rate: 0.0000%
2018-10-31 15:19:25,502 INFO Average drop rate: 0.000000
2018-10-31 15:19:25,503 INFO Range search [6.25 .. 12.5] targets: {'ndr': 0.001}
2018-10-31 15:19:25,503 INFO Modified traffic stream for port 0, new rate=9.375%.
2018-10-31 15:19:25,503 INFO Modified traffic stream for port 1, new rate=9.375%.
2018-10-31 15:19:25,503 INFO Running traffic generator
2018-10-31 15:19:35,526 INFO TX: 69824716; RX: 59618412; Est. Dropped: 10206304; Est. Drop rate: 14.6170%
2018-10-31 15:19:45,540 INFO TX: 139675846; RX: 119258515; Est. Dropped: 20417331; Est. Drop rate: 14.6177%
2018-10-31 15:19:55,537 INFO TX: 209263414; RX: 178668611; Est. Dropped: 30594803; Est. Drop rate: 14.6202%
2018-10-31 15:19:57,543 INFO Average drop rate: 14.620235
2018-10-31 15:19:57,543 INFO Range search [6.25 .. 9.375] targets: {'ndr': 0.001}
2018-10-31 15:19:57,544 INFO Modified traffic stream for port 0, new rate=7.8125%.
2018-10-31 15:19:57,544 INFO Modified traffic stream for port 1, new rate=7.8125%.
2018-10-31 15:19:57,544 INFO Running traffic generator
2018-10-31 15:20:07,571 INFO TX: 58188272; RX: 58006081; Est. Dropped: 182191; Est. Drop rate: 0.3131%
2018-10-31 15:20:17,586 INFO TX: 116397029; RX: 116032725; Est. Dropped: 364304; Est. Drop rate: 0.3130%
2018-10-31 15:20:27,587 INFO TX: 174386162; RX: 173840422; Est. Dropped: 545740; Est. Drop rate: 0.3129%
2018-10-31 15:20:29,593 INFO Average drop rate: 0.312949
2018-10-31 15:20:29,593 INFO Range search [6.25 .. 7.8125] targets: {'ndr': 0.001}
2018-10-31 15:20:29,593 INFO Modified traffic stream for port 0, new rate=7.03125%.
2018-10-31 15:20:29,593 INFO Modified traffic stream for port 1, new rate=7.03125%.
2018-10-31 15:20:29,593 INFO Running traffic generator
2018-10-31 15:20:39,621 INFO TX: 52367831; RX: 52367363; Est. Dropped: 468; Est. Drop rate: 0.0009%
2018-10-31 15:20:49,635 INFO TX: 104755610; RX: 104754847; Est. Dropped: 763; Est. Drop rate: 0.0007%
2018-10-31 15:20:59,632 INFO TX: 156947548; RX: 156946625; Est. Dropped: 923; Est. Drop rate: 0.0006%
2018-10-31 15:21:01,637 INFO Average drop rate: 0.000588
2018-10-31 15:21:01,637 INFO Range search [7.03125 .. 7.8125] targets: {'ndr': 0.001}
2018-10-31 15:21:01,638 INFO Modified traffic stream for port 0, new rate=7.421875%.
2018-10-31 15:21:01,638 INFO Modified traffic stream for port 1, new rate=7.421875%.
2018-10-31 15:21:01,638 INFO Running traffic generator
2018-10-31 15:21:11,662 INFO TX: 55278919; RX: 55262226; Est. Dropped: 16693; Est. Drop rate: 0.0302%
2018-10-31 15:21:21,676 INFO TX: 110577493; RX: 110543415; Est. Dropped: 34078; Est. Drop rate: 0.0308%
2018-10-31 15:21:31,673 INFO TX: 165666858; RX: 165620725; Est. Dropped: 46133; Est. Drop rate: 0.0278%
2018-10-31 15:21:33,679 INFO Average drop rate: 0.027847
2018-10-31 15:21:33,679 INFO Range search [7.03125 .. 7.421875] targets: {'ndr': 0.001}
2018-10-31 15:21:33,679 INFO Modified traffic stream for port 0, new rate=7.2265625%.
2018-10-31 15:21:33,679 INFO Modified traffic stream for port 1, new rate=7.2265625%.
2018-10-31 15:21:33,679 INFO Running traffic generator
2018-10-31 15:21:43,703 INFO TX: 53823037; RX: 53822967; Est. Dropped: 70; Est. Drop rate: 0.0001%
2018-10-31 15:21:53,717 INFO TX: 107666611; RX: 107666415; Est. Dropped: 196; Est. Drop rate: 0.0002%
2018-10-31 15:22:03,714 INFO TX: 161307200; RX: 161307200; Est. Dropped: 0; Est. Drop rate: 0.0000%
2018-10-31 15:22:05,719 INFO Average drop rate: 0.000000
2018-10-31 15:22:05,719 INFO Range search [7.2265625 .. 7.421875] targets: {'ndr': 0.001}
2018-10-31 15:22:05,719 INFO Modified traffic stream for port 0, new rate=7.32421875%.
2018-10-31 15:22:05,720 INFO Modified traffic stream for port 1, new rate=7.32421875%.
2018-10-31 15:22:05,720 INFO Running traffic generator
2018-10-31 15:22:15,744 INFO TX: 54546102; RX: 54533924; Est. Dropped: 12178; Est. Drop rate: 0.0223%
2018-10-31 15:22:25,758 INFO TX: 109116826; RX: 109091735; Est. Dropped: 25091; Est. Drop rate: 0.0230%
2018-10-31 15:22:35,755 INFO TX: 163487040; RX: 163450883; Est. Dropped: 36157; Est. Drop rate: 0.0221%
2018-10-31 15:22:37,760 INFO Average drop rate: 0.022116
2018-10-31 15:22:37,761 INFO Range search [7.2265625 .. 7.32421875] targets: {'ndr': 0.001}
2018-10-31 15:22:37,761 INFO Found ndr (0.001) load: 7.2265625
2018-10-31 15:22:37,761 INFO NDR load: 14.453125
2018-10-31 15:22:37,761 INFO Service chain 'EXT' run completed.
2018-10-31 15:22:37,761 INFO Clean up skipped.
2018-10-31 15:22:37,791 INFO 
========== NFVBench Summary ==========
Date: 2018-10-31 15:16:42
NFVBench version 2.0.1
Openstack Neutron:
  vSwitch: 
  Encapsulation: 
Benchmarks:
> Networks:
  > Components:
    > Traffic Generator:
        Profile: trex-local
        Tool: TRex
    > Versions:
      > Traffic_Generator:
          build_date: Nov 13 2017
          version: v2.32
          built_by: hhaim
          mode: STL
          build_time: 10:58:17
  > Measurement Parameters:
      NDR: 0.001
  > Service chain:
    > EXT:
      > Traffic:
          Profile: traffic_profile_64B
          Bidirectional: True
          Flow count: 1000
          Service chains count: 1
          Compute nodes: []
            
            Run Summary:
            
              +-----+-----------------+------------------+------------------+-----------------+----------------------+----------------------+----------------------+
              |  -  |   L2 Frame Size |  Rate (fwd+rev)  |  Rate (fwd+rev)  |  Avg Drop Rate  |   Avg Latency (usec) |   Min Latency (usec) |   Max Latency (usec) |
              +=====+=================+==================+==================+=================+======================+======================+======================+
              | NDR |              64 |   3.6133 Gbps    |  5,376,906 pps   |     0.0000%     |                   57 |                   10 |                   91 |
              +-----+-----------------+------------------+------------------+-----------------+----------------------+----------------------+----------------------+
              
            
            L2 frame size: 64
            NDR search duration: 352 seconds
            

