2018-12-13 18:41:22,707 INFO Loading configuration file: /tmp/nfvbench/nfvbench_config.cfg
2018-12-13 18:41:22,740 INFO EXT chain with OpenStack mode disabled
2018-12-13 18:41:22,740 INFO -c /tmp/nfvbench/nfvbench_config.cfg --rate 10Gbps --flow-count 1024 --duration 60 --json /tmp/nfvbench/vnf_mlx_2c1n_10Gbps-1.json
2018-12-13 18:41:22,742 INFO Connecting to TRex (127.0.0.1)...
2018-12-13 18:41:22,791 INFO Connected to TRex
2018-12-13 18:41:22,792 INFO    Port 0: MT27710 Family [ConnectX-4 Lx Virtual Function] speed=10Gbps mac=ee:00:51:d3:06:e8 pci=0000:5e:00.4 driver=net_mlx5
2018-12-13 18:41:22,792 INFO    Port 1: MT27710 Family [ConnectX-4 Lx Virtual Function] speed=10Gbps mac=ba:a7:6c:aa:67:7b pci=0000:5e:00.5 driver=net_mlx5
2018-12-13 18:41:22,793 INFO Port 0: VLANs (1044, 1044)
2018-12-13 18:41:22,793 INFO Port 1: VLANs (1072, 1072)
2018-12-13 18:41:22,793 INFO ChainRunner initialized
2018-12-13 18:41:22,794 INFO Starting 2xEXT benchmark...
2018-12-13 18:41:22,891 INFO Polling ARP until successful...
2018-12-13 18:41:23,149 INFO    ARP: port=0 chain=0 src IP=172.16.10.100 dst IP=172.16.10.10 -> MAC=52:54:00:00:00:aa
2018-12-13 18:41:23,149 INFO    ARP: port=0 chain=1 src IP=172.16.10.101 dst IP=172.16.10.11 -> MAC=52:54:01:00:00:aa
2018-12-13 18:41:23,150 INFO ARP resolved successfully for port 0
2018-12-13 18:41:23,311 INFO    ARP: port=1 chain=0 src IP=172.16.20.100 dst IP=172.16.20.10 -> MAC=52:54:00:00:00:bb
2018-12-13 18:41:23,311 INFO    ARP: port=1 chain=1 src IP=172.16.20.101 dst IP=172.16.20.11 -> MAC=52:54:01:00:00:bb
2018-12-13 18:41:23,311 INFO ARP resolved successfully for port 1
2018-12-13 18:41:23,384 INFO Port 0: dst MAC ['52:54:00:00:00:aa', '52:54:01:00:00:aa']
2018-12-13 18:41:23,384 INFO Port 1: dst MAC ['52:54:00:00:00:bb', '52:54:01:00:00:bb']
2018-12-13 18:41:23,384 INFO Starting traffic generator to ensure end-to-end connectivity
2018-12-13 18:41:23,401 INFO Created 2 traffic streams for port 0.
2018-12-13 18:41:23,403 INFO Created 2 traffic streams for port 1.
2018-12-13 18:41:23,502 INFO Captured unique src mac 0/4, capturing return packets (retry 1/100)...
2018-12-13 18:41:25,598 INFO Received packet from mac: 52:54:00:00:00:bb (chain=0, port=1)
2018-12-13 18:41:25,598 INFO Received packet from mac: 52:54:01:00:00:bb (chain=1, port=1)
2018-12-13 18:41:25,598 INFO Received packet from mac: 52:54:01:00:00:aa (chain=1, port=0)
2018-12-13 18:41:25,598 INFO Received packet from mac: 52:54:00:00:00:aa (chain=0, port=0)
2018-12-13 18:41:25,598 INFO End-to-end connectivity established
2018-12-13 18:41:25,620 INFO Cleared all existing streams
2018-12-13 18:41:25,653 INFO Created 4 traffic streams for port 0.
2018-12-13 18:41:25,657 INFO Created 4 traffic streams for port 1.
2018-12-13 18:41:25,657 INFO Starting to generate traffic...
2018-12-13 18:41:25,657 INFO Running traffic generator
2018-12-13 18:41:35,691 INFO TX: 148975037; RX: 49736233; Est. Dropped: 99238804; Est. Drop rate: 66.6144%
2018-12-13 18:41:45,708 INFO TX: 298030401; RX: 99499702; Est. Dropped: 198530699; Est. Drop rate: 66.6142%
2018-12-13 18:41:55,724 INFO TX: 447086903; RX: 149202679; Est. Dropped: 297884224; Est. Drop rate: 66.6278%
2018-12-13 18:42:05,742 INFO TX: 596157155; RX: 198901093; Est. Dropped: 397256062; Est. Drop rate: 66.6361%
2018-12-13 18:42:15,761 INFO TX: 745230997; RX: 248632506; Est. Dropped: 496598491; Est. Drop rate: 66.6369%
2018-12-13 18:42:25,696 INFO TX: 892852552; RX: 297895539; Est. Dropped: 594957013; Est. Drop rate: 66.6355%
2018-12-13 18:42:25,696 INFO ...traffic generating ended.
2018-12-13 18:42:25,705 INFO Service chain 'EXT' run completed.
2018-12-13 18:42:25,705 INFO Clean up skipped.
2018-12-13 18:42:25,741 INFO Saving results in json file: /tmp/nfvbench/vnf_mlx_2c1n_10Gbps-1.json...
2018-12-13 18:42:25,748 INFO 
========== NFVBench Summary ==========
Date: 2018-12-13 18:41:22
NFVBench version 2.0.5
Openstack Neutron:
  vSwitch: 
  Encapsulation: 
Benchmarks:
> Networks:
  > Components:
    > Traffic Generator:
        Profile: trex-local
        Tool: TRex
    > Versions:
      > Traffic_Generator:
          build_date: Nov 13 2017
          version: v2.32
          built_by: hhaim
          mode: STL
          build_time: 10:58:17
  > Service chain:
    > EXT:
      > Traffic:
          Profile: traffic_profile_64B
          Bidirectional: True
          Flow count: 1024
          Service chains count: 2
          Compute nodes: []
            
            Run Summary:
            
              +-----------------+-------------+----------------------+----------------------+----------------------+
              |   L2 Frame Size |  Drop Rate  |  Avg Latency (usec)  |   Min Latency (usec) |  Max Latency (usec)  |
              +=================+=============+======================+======================+======================+
              |              64 |  66.6355%   |        1,176         |                   20 |        1,413         |
              +-----------------+-------------+----------------------+----------------------+----------------------+
              
            
            L2 frame size: 64
            
            Run Config:
            
              +-------------+---------------------------+------------------------+-----------------+---------------------------+------------------------+-----------------+
              |  Direction  |  Requested TX Rate (bps)  |  Actual TX Rate (bps)  |  RX Rate (bps)  |  Requested TX Rate (pps)  |  Actual TX Rate (pps)  |  RX Rate (pps)  |
              +=============+===========================+========================+=================+===========================+========================+=================+
              |   Forward   |        5.0000 Gbps        |      5.0000 Gbps       |   1.6682 Gbps   |       7,440,476 pps       |     7,440,437 pps      |  2,482,413 pps  |
              +-------------+---------------------------+------------------------+-----------------+---------------------------+------------------------+-----------------+
              |   Reverse   |        5.0000 Gbps        |      5.0000 Gbps       |   1.6682 Gbps   |       7,440,476 pps       |     7,440,437 pps      |  2,482,512 pps  |
              +-------------+---------------------------+------------------------+-----------------+---------------------------+------------------------+-----------------+
              |    Total    |       10.0000 Gbps        |      9.9999 Gbps       |   3.3364 Gbps   |      14,880,952 pps       |     14,880,874 pps     |  4,964,925 pps  |
              +-------------+---------------------------+------------------------+-----------------+---------------------------+------------------------+-----------------+
              
            Forward Chain Packet Counters and Latency:
            
              +---------+--------------+--------------------------+------------+------------+------------+
              |  Chain  |  TRex.TX.p0  |        TRex.RX.p1        |  Avg lat.  |  Min lat.  |  Max lat.  |
              +=========+==============+==========================+============+============+============+
              |    0    | 223,213,137  | -148,661,506 (-66.6007%) | 1,175 usec |  30 usec   | 1,398 usec |
              +---------+--------------+--------------------------+------------+------------+------------+
              |    1    | 223,213,137  | -148,819,988 (-66.6717%) | 1,184 usec |  20 usec   | 1,403 usec |
              +---------+--------------+--------------------------+------------+------------+------------+
              |  total  | 446,426,274  | -297,481,494 (-66.6362%) | 1,180 usec |  20 usec   | 1,403 usec |
              +---------+--------------+--------------------------+------------+------------+------------+
              
            Reverse Chain Packet Counters and Latency:
            
              +---------+--------------+--------------------------+------------+------------+------------+
              |  Chain  |  TRex.TX.p1  |        TRex.RX.p0        |  Avg lat.  |  Min lat.  |  Max lat.  |
              +=========+==============+==========================+============+============+============+
              |    0    | 223,213,137  | -148,684,093 (-66.6108%) | 1,171 usec |  600 usec  | 1,368 usec |
              +---------+--------------+--------------------------+------------+------------+------------+
              |    1    | 223,213,137  | -148,791,432 (-66.6589%) | 1,179 usec |  70 usec   | 1,413 usec |
              +---------+--------------+--------------------------+------------+------------+------------+
              |  total  | 446,426,274  | -297,475,525 (-66.6349%) | 1,175 usec |  70 usec   | 1,413 usec |
              +---------+--------------+--------------------------+------------+------------+------------+
              

