2018-12-13 18:34:09,808 INFO Loading configuration file: /tmp/nfvbench/nfvbench_config.cfg
2018-12-13 18:34:09,846 INFO EXT chain with OpenStack mode disabled
2018-12-13 18:34:09,847 INFO -c /tmp/nfvbench/nfvbench_config.cfg --rate 10Gbps --flow-count 1024 --duration 60 --json /tmp/nfvbench/vnf_mlx_1c6n_10Gbps-1.json
2018-12-13 18:34:09,848 INFO Connecting to TRex (127.0.0.1)...
2018-12-13 18:34:09,891 INFO Connected to TRex
2018-12-13 18:34:09,891 INFO    Port 0: MT27710 Family [ConnectX-4 Lx Virtual Function] speed=10Gbps mac=ee:00:51:d3:06:e8 pci=0000:5e:00.4 driver=net_mlx5
2018-12-13 18:34:09,891 INFO    Port 1: MT27710 Family [ConnectX-4 Lx Virtual Function] speed=10Gbps mac=ba:a7:6c:aa:67:7b pci=0000:5e:00.5 driver=net_mlx5
2018-12-13 18:34:09,892 INFO Port 0: VLANs [1044]
2018-12-13 18:34:09,892 INFO Port 1: VLANs [1072]
2018-12-13 18:34:09,892 INFO ChainRunner initialized
2018-12-13 18:34:09,893 INFO Starting 1xEXT benchmark...
2018-12-13 18:34:09,984 INFO Polling ARP until successful...
2018-12-13 18:34:10,145 INFO    ARP: port=0 chain=0 src IP=172.16.10.100 dst IP=172.16.10.10 -> MAC=52:54:00:00:00:aa
2018-12-13 18:34:10,145 INFO ARP resolved successfully for port 0
2018-12-13 18:34:10,305 INFO    ARP: port=1 chain=0 src IP=172.16.20.100 dst IP=172.16.20.10 -> MAC=52:54:00:00:00:bb
2018-12-13 18:34:10,305 INFO ARP resolved successfully for port 1
2018-12-13 18:34:10,378 INFO Port 0: dst MAC ['52:54:00:00:00:aa']
2018-12-13 18:34:10,378 INFO Port 1: dst MAC ['52:54:00:00:00:bb']
2018-12-13 18:34:10,378 INFO Starting traffic generator to ensure end-to-end connectivity
2018-12-13 18:34:10,387 INFO Created 1 traffic streams for port 0.
2018-12-13 18:34:10,388 INFO Created 1 traffic streams for port 1.
2018-12-13 18:34:10,480 INFO Captured unique src mac 0/2, capturing return packets (retry 1/100)...
2018-12-13 18:34:12,576 INFO Received packet from mac: 52:54:00:00:00:bb (chain=0, port=1)
2018-12-13 18:34:12,576 INFO Received packet from mac: 52:54:00:00:00:aa (chain=0, port=0)
2018-12-13 18:34:12,576 INFO End-to-end connectivity established
2018-12-13 18:34:12,597 INFO Cleared all existing streams
2018-12-13 18:34:12,613 INFO Created 2 traffic streams for port 0.
2018-12-13 18:34:12,615 INFO Created 2 traffic streams for port 1.
2018-12-13 18:34:12,615 INFO Starting to generate traffic...
2018-12-13 18:34:12,615 INFO Running traffic generator
2018-12-13 18:34:22,645 INFO TX: 148948435; RX: 14025583; Est. Dropped: 134922852; Est. Drop rate: 90.5836%
2018-12-13 18:34:32,662 INFO TX: 298008764; RX: 28058273; Est. Dropped: 269950491; Est. Drop rate: 90.5847%
2018-12-13 18:34:42,679 INFO TX: 447067554; RX: 42080713; Est. Dropped: 404986841; Est. Drop rate: 90.5874%
2018-12-13 18:34:52,696 INFO TX: 596122527; RX: 56097147; Est. Dropped: 540025380; Est. Drop rate: 90.5897%
2018-12-13 18:35:02,713 INFO TX: 745179007; RX: 70095733; Est. Dropped: 675083274; Est. Drop rate: 90.5934%
2018-12-13 18:35:12,658 INFO TX: 892856792; RX: 83976219; Est. Dropped: 808880573; Est. Drop rate: 90.5947%
2018-12-13 18:35:12,659 INFO ...traffic generating ended.
2018-12-13 18:35:12,666 INFO Service chain 'EXT' run completed.
2018-12-13 18:35:12,666 INFO Clean up skipped.
2018-12-13 18:35:12,701 INFO Saving results in json file: /tmp/nfvbench/vnf_mlx_1c6n_10Gbps-1.json...
2018-12-13 18:35:12,707 INFO 
========== NFVBench Summary ==========
Date: 2018-12-13 18:34:09
NFVBench version 2.0.5
Openstack Neutron:
  vSwitch: 
  Encapsulation: 
Benchmarks:
> Networks:
  > Components:
    > Traffic Generator:
        Profile: trex-local
        Tool: TRex
    > Versions:
      > Traffic_Generator:
          build_date: Nov 13 2017
          version: v2.32
          built_by: hhaim
          mode: STL
          build_time: 10:58:17
  > Service chain:
    > EXT:
      > Traffic:
          Profile: traffic_profile_64B
          Bidirectional: True
          Flow count: 1024
          Service chains count: 1
          Compute nodes: []
            
            Run Summary:
            
              +-----------------+-------------+----------------------+----------------------+----------------------+
              |   L2 Frame Size |  Drop Rate  |  Avg Latency (usec)  |   Min Latency (usec) |  Max Latency (usec)  |
              +=================+=============+======================+======================+======================+
              |              64 |  90.5947%   |        3,712         |                  100 |        4,463         |
              +-----------------+-------------+----------------------+----------------------+----------------------+
              
            
            L2 frame size: 64
            
            Run Config:
            
              +-------------+---------------------------+------------------------+-----------------+---------------------------+------------------------+-----------------+
              |  Direction  |  Requested TX Rate (bps)  |  Actual TX Rate (bps)  |  RX Rate (bps)  |  Requested TX Rate (pps)  |  Actual TX Rate (pps)  |  RX Rate (pps)  |
              +=============+===========================+========================+=================+===========================+========================+=================+
              |   Forward   |        5.0000 Gbps        |      5.0000 Gbps       |  482.6336 Mbps  |       7,440,476 pps       |     7,440,473 pps      |   718,204 pps   |
              +-------------+---------------------------+------------------------+-----------------+---------------------------+------------------------+-----------------+
              |   Reverse   |        5.0000 Gbps        |      5.0000 Gbps       |  457.9000 Mbps  |       7,440,476 pps       |     7,440,473 pps      |   681,398 pps   |
              +-------------+---------------------------+------------------------+-----------------+---------------------------+------------------------+-----------------+
              |    Total    |       10.0000 Gbps        |      10.0000 Gbps      |  940.5337 Mbps  |      14,880,952 pps       |     14,880,946 pps     |  1,399,602 pps  |
              +-------------+---------------------------+------------------------+-----------------+---------------------------+------------------------+-----------------+
              
            Forward Chain Packet Counters and Latency:
            
              +---------+--------------+--------------------------+------------+------------+------------+
              |   Chain |  TRex.TX.p0  |        TRex.RX.p1        |  Avg lat.  |  Min lat.  |  Max lat.  |
              +=========+==============+==========================+============+============+============+
              |       0 | 446,428,394  | -403,336,108 (-90.3473%) | 3,666 usec |  100 usec  | 4,463 usec |
              +---------+--------------+--------------------------+------------+------------+------------+
              
            Reverse Chain Packet Counters and Latency:
            
              +---------+--------------+--------------------------+------------+------------+------------+
              |   Chain |  TRex.TX.p1  |        TRex.RX.p0        |  Avg lat.  |  Min lat.  |  Max lat.  |
              +=========+==============+==========================+============+============+============+
              |       0 | 446,428,394  | -405,544,469 (-90.8420%) | 3,759 usec | 2,000 usec | 4,439 usec |
              +---------+--------------+--------------------------+------------+------------+------------+
              

