2018-12-13 19:25:35,545 INFO Loading configuration file: /tmp/nfvbench/nfvbench_config.cfg
2018-12-13 19:25:35,578 INFO EXT chain with OpenStack mode disabled
2018-12-13 19:25:35,578 INFO -c /tmp/nfvbench/nfvbench_config.cfg --rate 10Gbps --flow-count 1024 --duration 60 --json /tmp/nfvbench/vnf_mlx_6c1n_10Gbps-1.json
2018-12-13 19:25:35,580 INFO Connecting to TRex (127.0.0.1)...
2018-12-13 19:25:35,630 INFO Connected to TRex
2018-12-13 19:25:35,630 INFO    Port 0: MT27710 Family [ConnectX-4 Lx Virtual Function] speed=10Gbps mac=ee:00:51:d3:06:e8 pci=0000:5e:00.4 driver=net_mlx5
2018-12-13 19:25:35,630 INFO    Port 1: MT27710 Family [ConnectX-4 Lx Virtual Function] speed=10Gbps mac=ba:a7:6c:aa:67:7b pci=0000:5e:00.5 driver=net_mlx5
2018-12-13 19:25:35,631 INFO Port 0: VLANs (1044, 1044, 1044, 1044, 1044, 1044)
2018-12-13 19:25:35,631 INFO Port 1: VLANs (1072, 1072, 1072, 1072, 1072, 1072)
2018-12-13 19:25:35,631 INFO ChainRunner initialized
2018-12-13 19:25:35,632 INFO Starting 6xEXT benchmark...
2018-12-13 19:25:35,720 INFO Polling ARP until successful...
2018-12-13 19:25:35,983 INFO    ARP: port=0 chain=0 src IP=172.16.10.100 dst IP=172.16.10.10 -> MAC=52:54:00:00:00:aa
2018-12-13 19:25:35,983 INFO    ARP: port=0 chain=1 src IP=172.16.10.101 dst IP=172.16.10.11 -> MAC=52:54:01:00:00:aa
2018-12-13 19:25:35,983 INFO    ARP: port=0 chain=2 src IP=172.16.10.102 dst IP=172.16.10.12 -> MAC=52:54:02:00:00:aa
2018-12-13 19:25:35,983 INFO    ARP: port=0 chain=3 src IP=172.16.10.103 dst IP=172.16.10.13 -> MAC=52:54:03:00:00:aa
2018-12-13 19:25:35,983 INFO    ARP: port=0 chain=4 src IP=172.16.10.104 dst IP=172.16.10.14 -> MAC=52:54:04:00:00:aa
2018-12-13 19:25:35,983 INFO    ARP: port=0 chain=5 src IP=172.16.10.105 dst IP=172.16.10.15 -> MAC=52:54:05:00:00:aa
2018-12-13 19:25:35,983 INFO ARP resolved successfully for port 0
2018-12-13 19:25:36,245 INFO    ARP: port=1 chain=0 src IP=172.16.20.100 dst IP=172.16.20.10 -> MAC=52:54:00:00:00:bb
2018-12-13 19:25:36,245 INFO    ARP: port=1 chain=1 src IP=172.16.20.101 dst IP=172.16.20.11 -> MAC=52:54:01:00:00:bb
2018-12-13 19:25:36,245 INFO    ARP: port=1 chain=2 src IP=172.16.20.102 dst IP=172.16.20.12 -> MAC=52:54:02:00:00:bb
2018-12-13 19:25:36,246 INFO    ARP: port=1 chain=3 src IP=172.16.20.103 dst IP=172.16.20.13 -> MAC=52:54:03:00:00:bb
2018-12-13 19:25:36,246 INFO    ARP: port=1 chain=4 src IP=172.16.20.104 dst IP=172.16.20.14 -> MAC=52:54:04:00:00:bb
2018-12-13 19:25:36,246 INFO    ARP: port=1 chain=5 src IP=172.16.20.105 dst IP=172.16.20.15 -> MAC=52:54:05:00:00:bb
2018-12-13 19:25:36,246 INFO ARP resolved successfully for port 1
2018-12-13 19:25:36,319 INFO Port 0: dst MAC ['52:54:00:00:00:aa', '52:54:01:00:00:aa', '52:54:02:00:00:aa', '52:54:03:00:00:aa', '52:54:04:00:00:aa', '52:54:05:00:00:aa']
2018-12-13 19:25:36,320 INFO Port 1: dst MAC ['52:54:00:00:00:bb', '52:54:01:00:00:bb', '52:54:02:00:00:bb', '52:54:03:00:00:bb', '52:54:04:00:00:bb', '52:54:05:00:00:bb']
2018-12-13 19:25:36,320 INFO Starting traffic generator to ensure end-to-end connectivity
2018-12-13 19:25:36,368 INFO Created 6 traffic streams for port 0.
2018-12-13 19:25:36,372 INFO Created 6 traffic streams for port 1.
2018-12-13 19:25:36,471 INFO Captured unique src mac 0/12, capturing return packets (retry 1/100)...
2018-12-13 19:25:38,566 INFO Received packet from mac: 52:54:04:00:00:bb (chain=4, port=1)
2018-12-13 19:25:38,567 INFO Received packet from mac: 52:54:01:00:00:bb (chain=1, port=1)
2018-12-13 19:25:38,567 INFO Received packet from mac: 52:54:03:00:00:bb (chain=3, port=1)
2018-12-13 19:25:38,567 INFO Received packet from mac: 52:54:05:00:00:bb (chain=5, port=1)
2018-12-13 19:25:38,567 INFO Received packet from mac: 52:54:00:00:00:bb (chain=0, port=1)
2018-12-13 19:25:38,567 INFO Received packet from mac: 52:54:02:00:00:bb (chain=2, port=1)
2018-12-13 19:25:38,567 INFO Received packet from mac: 52:54:01:00:00:aa (chain=1, port=0)
2018-12-13 19:25:38,567 INFO Received packet from mac: 52:54:02:00:00:aa (chain=2, port=0)
2018-12-13 19:25:38,567 INFO Received packet from mac: 52:54:04:00:00:aa (chain=4, port=0)
2018-12-13 19:25:38,567 INFO Received packet from mac: 52:54:03:00:00:aa (chain=3, port=0)
2018-12-13 19:25:38,567 INFO Received packet from mac: 52:54:05:00:00:aa (chain=5, port=0)
2018-12-13 19:25:38,567 INFO Received packet from mac: 52:54:00:00:00:aa (chain=0, port=0)
2018-12-13 19:25:38,567 INFO End-to-end connectivity established
2018-12-13 19:25:38,588 INFO Cleared all existing streams
2018-12-13 19:25:38,706 INFO Created 12 traffic streams for port 0.
2018-12-13 19:25:38,713 INFO Created 12 traffic streams for port 1.
2018-12-13 19:25:38,713 INFO Starting to generate traffic...
2018-12-13 19:25:38,713 INFO Running traffic generator
2018-12-13 19:25:48,754 INFO TX: 148961874; RX: 47735952; Est. Dropped: 101225922; Est. Drop rate: 67.9542%
2018-12-13 19:25:58,777 INFO TX: 298112007; RX: 95595326; Est. Dropped: 202516681; Est. Drop rate: 67.9331%
2018-12-13 19:26:08,800 INFO TX: 447261858; RX: 143461799; Est. Dropped: 303800059; Est. Drop rate: 67.9244%
2018-12-13 19:26:18,822 INFO TX: 596386496; RX: 191274695; Est. Dropped: 405111801; Est. Drop rate: 67.9277%
2018-12-13 19:26:28,841 INFO TX: 745475557; RX: 239057797; Est. Dropped: 506417760; Est. Drop rate: 67.9322%
2018-12-13 19:26:38,761 INFO TX: 892858924; RX: 286315948; Est. Dropped: 606542976; Est. Drop rate: 67.9327%
2018-12-13 19:26:38,761 INFO ...traffic generating ended.
2018-12-13 19:26:38,774 INFO Service chain 'EXT' run completed.
2018-12-13 19:26:38,774 INFO Clean up skipped.
2018-12-13 19:26:38,812 INFO Saving results in json file: /tmp/nfvbench/vnf_mlx_6c1n_10Gbps-1.json...
2018-12-13 19:26:38,822 INFO 
========== NFVBench Summary ==========
Date: 2018-12-13 19:25:35
NFVBench version 2.0.5
Openstack Neutron:
  vSwitch: 
  Encapsulation: 
Benchmarks:
> Networks:
  > Components:
    > Traffic Generator:
        Profile: trex-local
        Tool: TRex
    > Versions:
      > Traffic_Generator:
          build_date: Nov 13 2017
          version: v2.32
          built_by: hhaim
          mode: STL
          build_time: 10:58:17
  > Service chain:
    > EXT:
      > Traffic:
          Profile: traffic_profile_64B
          Bidirectional: True
          Flow count: 1024
          Service chains count: 6
          Compute nodes: []
            
            Run Summary:
            
              +-----------------+-------------+----------------------+----------------------+----------------------+
              |   L2 Frame Size |  Drop Rate  |  Avg Latency (usec)  |   Min Latency (usec) |  Max Latency (usec)  |
              +=================+=============+======================+======================+======================+
              |              64 |  67.9327%   |        1,520         |                   20 |        2,426         |
              +-----------------+-------------+----------------------+----------------------+----------------------+
              
            
            L2 frame size: 64
            
            Run Config:
            
              +-------------+---------------------------+------------------------+-----------------+---------------------------+------------------------+-----------------+
              |  Direction  |  Requested TX Rate (bps)  |  Actual TX Rate (bps)  |  RX Rate (bps)  |  Requested TX Rate (pps)  |  Actual TX Rate (pps)  |  RX Rate (pps)  |
              +=============+===========================+========================+=================+===========================+========================+=================+
              |   Forward   |        5.0000 Gbps        |      5.0000 Gbps       |   1.6065 Gbps   |       7,440,476 pps       |     7,440,491 pps      |  2,390,561 pps  |
              +-------------+---------------------------+------------------------+-----------------+---------------------------+------------------------+-----------------+
              |   Reverse   |        5.0000 Gbps        |      5.0000 Gbps       |   1.6003 Gbps   |       7,440,476 pps       |     7,440,491 pps      |  2,381,371 pps  |
              +-------------+---------------------------+------------------------+-----------------+---------------------------+------------------------+-----------------+
              |    Total    |       10.0000 Gbps        |      10.0000 Gbps      |   3.2067 Gbps   |      14,880,952 pps       |     14,880,982 pps     |  4,771,932 pps  |
              +-------------+---------------------------+------------------------+-----------------+---------------------------+------------------------+-----------------+
              
            Forward Chain Packet Counters and Latency:
            
              +---------+--------------+--------------------------+------------+------------+------------+
              |  Chain  |  TRex.TX.p0  |        TRex.RX.p1        |  Avg lat.  |  Min lat.  |  Max lat.  |
              +=========+==============+==========================+============+============+============+
              |    0    |  74,404,910  | -50,483,301 (-67.8494%)  | 1,505 usec |  30 usec   | 2,076 usec |
              +---------+--------------+--------------------------+------------+------------+------------+
              |    1    |  74,404,910  | -50,466,347 (-67.8266%)  | 1,440 usec |  20 usec   | 2,095 usec |
              +---------+--------------+--------------------------+------------+------------+------------+
              |    2    |  74,404,910  | -50,548,990 (-67.9377%)  | 1,454 usec |  20 usec   | 2,093 usec |
              +---------+--------------+--------------------------+------------+------------+------------+
              |    3    |  74,404,910  | -50,501,422 (-67.8738%)  | 1,487 usec |  30 usec   | 2,123 usec |
              +---------+--------------+--------------------------+------------+------------+------------+
              |    4    |  74,404,910  | -50,502,753 (-67.8756%)  | 1,524 usec |  20 usec   | 2,190 usec |
              +---------+--------------+--------------------------+------------+------------+------------+
              |    5    |  74,404,910  | -50,492,969 (-67.8624%)  | 1,527 usec |  30 usec   | 2,248 usec |
              +---------+--------------+--------------------------+------------+------------+------------+
              |  total  | 446,429,460  | -302,995,782 (-67.8709%) | 1,490 usec |  20 usec   | 2,248 usec |
              +---------+--------------+--------------------------+------------+------------+------------+
              
            Reverse Chain Packet Counters and Latency:
            
              +---------+--------------+--------------------------+------------+------------+------------+
              |  Chain  |  TRex.TX.p1  |        TRex.RX.p0        |  Avg lat.  |  Min lat.  |  Max lat.  |
              +=========+==============+==========================+============+============+============+
              |    0    |  74,404,910  | -50,570,066 (-67.9660%)  | 1,513 usec |  700 usec  | 2,418 usec |
              +---------+--------------+--------------------------+------------+------------+------------+
              |    1    |  74,404,910  | -50,559,361 (-67.9516%)  | 1,539 usec |  900 usec  | 2,381 usec |
              +---------+--------------+--------------------------+------------+------------+------------+
              |    2    |  74,404,910  | -50,637,178 (-68.0562%)  | 1,543 usec |  700 usec  | 2,354 usec |
              +---------+--------------+--------------------------+------------+------------+------------+
              |    3    |  74,404,910  | -50,601,739 (-68.0086%)  | 1,566 usec |  700 usec  | 2,375 usec |
              +---------+--------------+--------------------------+------------+------------+------------+
              |    4    |  74,404,910  | -50,585,044 (-67.9862%)  | 1,559 usec |  700 usec  | 2,391 usec |
              +---------+--------------+--------------------------+------------+------------+------------+
              |    5    |  74,404,910  | -50,593,810 (-67.9979%)  | 1,591 usec |  600 usec  | 2,426 usec |
              +---------+--------------+--------------------------+------------+------------+------------+
              |  total  | 446,429,460  | -303,547,198 (-67.9944%) | 1,552 usec |  600 usec  | 2,426 usec |
              +---------+--------------+--------------------------+------------+------------+------------+
              

