2018-12-13 17:39:19,692 INFO Loading configuration file: /tmp/nfvbench/nfvbench_config.cfg
2018-12-13 17:39:19,730 INFO EXT chain with OpenStack mode disabled
2018-12-13 17:39:19,730 INFO -c /tmp/nfvbench/nfvbench_config.cfg --rate 10Gbps --flow-count 1024 --duration 60 --json /tmp/nfvbench/vnf_mlx_1c1n_10Gbps-1.json
2018-12-13 17:39:19,732 INFO Connecting to TRex (127.0.0.1)...
2018-12-13 17:39:19,776 INFO Connected to TRex
2018-12-13 17:39:19,776 INFO    Port 0: MT27710 Family [ConnectX-4 Lx Virtual Function] speed=10Gbps mac=ee:00:51:d3:06:e8 pci=0000:5e:00.4 driver=net_mlx5
2018-12-13 17:39:19,776 INFO    Port 1: MT27710 Family [ConnectX-4 Lx Virtual Function] speed=10Gbps mac=ba:a7:6c:aa:67:7b pci=0000:5e:00.5 driver=net_mlx5
2018-12-13 17:39:19,777 INFO Port 0: VLANs [1044]
2018-12-13 17:39:19,777 INFO Port 1: VLANs [1072]
2018-12-13 17:39:19,778 INFO ChainRunner initialized
2018-12-13 17:39:19,779 INFO Starting 1xEXT benchmark...
2018-12-13 17:39:19,872 INFO Polling ARP until successful...
2018-12-13 17:39:20,031 INFO    ARP: port=0 chain=0 src IP=172.16.10.100 dst IP=172.16.10.10 -> MAC=52:54:00:00:00:aa
2018-12-13 17:39:20,031 INFO ARP resolved successfully for port 0
2018-12-13 17:39:20,190 INFO    ARP: port=1 chain=0 src IP=172.16.20.100 dst IP=172.16.20.10 -> MAC=52:54:00:00:00:bb
2018-12-13 17:39:20,190 INFO ARP resolved successfully for port 1
2018-12-13 17:39:20,266 INFO Port 0: dst MAC ['52:54:00:00:00:aa']
2018-12-13 17:39:20,266 INFO Port 1: dst MAC ['52:54:00:00:00:bb']
2018-12-13 17:39:20,266 INFO Starting traffic generator to ensure end-to-end connectivity
2018-12-13 17:39:20,275 INFO Created 1 traffic streams for port 0.
2018-12-13 17:39:20,276 INFO Created 1 traffic streams for port 1.
2018-12-13 17:39:20,370 INFO Captured unique src mac 0/2, capturing return packets (retry 1/100)...
2018-12-13 17:39:22,466 INFO Received packet from mac: 52:54:00:00:00:bb (chain=0, port=1)
2018-12-13 17:39:22,466 INFO Received packet from mac: 52:54:00:00:00:aa (chain=0, port=0)
2018-12-13 17:39:22,466 INFO End-to-end connectivity established
2018-12-13 17:39:22,488 INFO Cleared all existing streams
2018-12-13 17:39:22,504 INFO Created 2 traffic streams for port 0.
2018-12-13 17:39:22,506 INFO Created 2 traffic streams for port 1.
2018-12-13 17:39:22,506 INFO Starting to generate traffic...
2018-12-13 17:39:22,506 INFO Running traffic generator
2018-12-13 17:39:32,539 INFO TX: 148955482; RX: 27074262; Est. Dropped: 121881220; Est. Drop rate: 81.8239%
2018-12-13 17:39:42,556 INFO TX: 298005649; RX: 54107246; Est. Dropped: 243898403; Est. Drop rate: 81.8436%
2018-12-13 17:39:52,572 INFO TX: 447055052; RX: 81177207; Est. Dropped: 365877845; Est. Drop rate: 81.8418%
2018-12-13 17:40:02,589 INFO TX: 596103903; RX: 108228578; Est. Dropped: 487875325; Est. Drop rate: 81.8440%
2018-12-13 17:40:12,606 INFO TX: 745159920; RX: 135229547; Est. Dropped: 609930373; Est. Drop rate: 81.8523%
2018-12-13 17:40:22,550 INFO TX: 892856792; RX: 161984975; Est. Dropped: 730871817; Est. Drop rate: 81.8577%
2018-12-13 17:40:22,550 INFO ...traffic generating ended.
2018-12-13 17:40:22,558 INFO Service chain 'EXT' run completed.
2018-12-13 17:40:22,558 INFO Clean up skipped.
2018-12-13 17:40:22,596 INFO Saving results in json file: /tmp/nfvbench/vnf_mlx_1c1n_10Gbps-1.json...
2018-12-13 17:40:22,602 INFO 
========== NFVBench Summary ==========
Date: 2018-12-13 17:39:19
NFVBench version 2.0.5
Openstack Neutron:
  vSwitch: 
  Encapsulation: 
Benchmarks:
> Networks:
  > Components:
    > Traffic Generator:
        Profile: trex-local
        Tool: TRex
    > Versions:
      > Traffic_Generator:
          build_date: Nov 13 2017
          version: v2.32
          built_by: hhaim
          mode: STL
          build_time: 10:58:17
  > Service chain:
    > EXT:
      > Traffic:
          Profile: traffic_profile_64B
          Bidirectional: True
          Flow count: 1024
          Service chains count: 1
          Compute nodes: []
            
            Run Summary:
            
              +-----------------+-------------+----------------------+----------------------+----------------------+
              |   L2 Frame Size |  Drop Rate  |   Avg Latency (usec) |   Min Latency (usec) |  Max Latency (usec)  |
              +=================+=============+======================+======================+======================+
              |              64 |  81.8577%   |                  931 |                   50 |        1,473         |
              +-----------------+-------------+----------------------+----------------------+----------------------+
              
            
            L2 frame size: 64
            
            Run Config:
            
              +-------------+---------------------------+------------------------+-----------------+---------------------------+------------------------+-----------------+
              |  Direction  |  Requested TX Rate (bps)  |  Actual TX Rate (bps)  |  RX Rate (bps)  |  Requested TX Rate (pps)  |  Actual TX Rate (pps)  |  RX Rate (pps)  |
              +=============+===========================+========================+=================+===========================+========================+=================+
              |   Forward   |        5.0000 Gbps        |      5.0000 Gbps       |  907.1061 Mbps  |       7,440,476 pps       |     7,440,473 pps      |  1,349,860 pps  |
              +-------------+---------------------------+------------------------+-----------------+---------------------------+------------------------+-----------------+
              |   Reverse   |        5.0000 Gbps        |      5.0000 Gbps       |  907.1256 Mbps  |       7,440,476 pps       |     7,440,473 pps      |  1,349,889 pps  |
              +-------------+---------------------------+------------------------+-----------------+---------------------------+------------------------+-----------------+
              |    Total    |       10.0000 Gbps        |      10.0000 Gbps      |   1.8142 Gbps   |      14,880,952 pps       |     14,880,946 pps     |  2,699,749 pps  |
              +-------------+---------------------------+------------------------+-----------------+---------------------------+------------------------+-----------------+
              
            Forward Chain Packet Counters and Latency:
            
              +---------+--------------+--------------------------+------------+------------+------------+
              |   Chain |  TRex.TX.p0  |        TRex.RX.p1        |  Avg lat.  |  Min lat.  |  Max lat.  |
              +=========+==============+==========================+============+============+============+
              |       0 | 446,428,394  | -365,436,784 (-81.8579%) |  929 usec  |  500 usec  | 1,473 usec |
              +---------+--------------+--------------------------+------------+------------+------------+
              
            Reverse Chain Packet Counters and Latency:
            
              +---------+--------------+--------------------------+------------+------------+------------+
              |   Chain |  TRex.TX.p1  |        TRex.RX.p0        |  Avg lat.  |  Min lat.  |  Max lat.  |
              +=========+==============+==========================+============+============+============+
              |       0 | 446,428,394  | -365,435,037 (-81.8575%) |  936 usec  |  50 usec   | 1,456 usec |
              +---------+--------------+--------------------------+------------+------------+------------+
              

