2018-12-13 19:07:00,098 INFO Loading configuration file: /tmp/nfvbench/nfvbench_config.cfg
2018-12-13 19:07:00,130 INFO EXT chain with OpenStack mode disabled
2018-12-13 19:07:00,131 INFO -c /tmp/nfvbench/nfvbench_config.cfg --rate 10Gbps --flow-count 1024 --duration 60 --json /tmp/nfvbench/vnf_mlx_3c2n_10Gbps-1.json
2018-12-13 19:07:00,132 INFO Connecting to TRex (127.0.0.1)...
2018-12-13 19:07:00,173 INFO Connected to TRex
2018-12-13 19:07:00,173 INFO    Port 0: MT27710 Family [ConnectX-4 Lx Virtual Function] speed=10Gbps mac=ee:00:51:d3:06:e8 pci=0000:5e:00.4 driver=net_mlx5
2018-12-13 19:07:00,173 INFO    Port 1: MT27710 Family [ConnectX-4 Lx Virtual Function] speed=10Gbps mac=ba:a7:6c:aa:67:7b pci=0000:5e:00.5 driver=net_mlx5
2018-12-13 19:07:00,174 INFO Port 0: VLANs (1044, 1044, 1044)
2018-12-13 19:07:00,174 INFO Port 1: VLANs (1072, 1072, 1072)
2018-12-13 19:07:00,174 INFO ChainRunner initialized
2018-12-13 19:07:00,175 INFO Starting 3xEXT benchmark...
2018-12-13 19:07:00,264 INFO Polling ARP until successful...
2018-12-13 19:07:00,524 INFO    ARP: port=0 chain=0 src IP=172.16.10.100 dst IP=172.16.10.10 -> MAC=52:54:00:00:00:aa
2018-12-13 19:07:00,524 INFO    ARP: port=0 chain=1 src IP=172.16.10.101 dst IP=172.16.10.11 -> MAC=52:54:01:00:00:aa
2018-12-13 19:07:00,525 INFO    ARP: port=0 chain=2 src IP=172.16.10.102 dst IP=172.16.10.12 -> MAC=52:54:02:00:00:aa
2018-12-13 19:07:00,525 INFO ARP resolved successfully for port 0
2018-12-13 19:07:00,788 INFO    ARP: port=1 chain=0 src IP=172.16.20.100 dst IP=172.16.20.10 -> MAC=52:54:00:00:00:bb
2018-12-13 19:07:00,788 INFO    ARP: port=1 chain=1 src IP=172.16.20.101 dst IP=172.16.20.11 -> MAC=52:54:01:00:00:bb
2018-12-13 19:07:00,788 INFO    ARP: port=1 chain=2 src IP=172.16.20.102 dst IP=172.16.20.12 -> MAC=52:54:02:00:00:bb
2018-12-13 19:07:00,788 INFO ARP resolved successfully for port 1
2018-12-13 19:07:00,862 INFO Port 0: dst MAC ['52:54:00:00:00:aa', '52:54:01:00:00:aa', '52:54:02:00:00:aa']
2018-12-13 19:07:00,863 INFO Port 1: dst MAC ['52:54:00:00:00:bb', '52:54:01:00:00:bb', '52:54:02:00:00:bb']
2018-12-13 19:07:00,863 INFO Starting traffic generator to ensure end-to-end connectivity
2018-12-13 19:07:00,896 INFO Created 3 traffic streams for port 0.
2018-12-13 19:07:00,898 INFO Created 3 traffic streams for port 1.
2018-12-13 19:07:01,001 INFO Captured unique src mac 0/6, capturing return packets (retry 1/100)...
2018-12-13 19:07:03,151 INFO Received packet from mac: 52:54:02:00:00:bb (chain=2, port=1)
2018-12-13 19:07:03,151 INFO Received packet from mac: 52:54:01:00:00:bb (chain=1, port=1)
2018-12-13 19:07:03,151 INFO Received packet from mac: 52:54:00:00:00:bb (chain=0, port=1)
2018-12-13 19:07:03,154 INFO Received packet from mac: 52:54:02:00:00:aa (chain=2, port=0)
2018-12-13 19:07:03,154 INFO Received packet from mac: 52:54:01:00:00:aa (chain=1, port=0)
2018-12-13 19:07:03,154 INFO Received packet from mac: 52:54:00:00:00:aa (chain=0, port=0)
2018-12-13 19:07:03,154 INFO End-to-end connectivity established
2018-12-13 19:07:03,176 INFO Cleared all existing streams
2018-12-13 19:07:03,224 INFO Created 6 traffic streams for port 0.
2018-12-13 19:07:03,228 INFO Created 6 traffic streams for port 1.
2018-12-13 19:07:03,228 INFO Starting to generate traffic...
2018-12-13 19:07:03,228 INFO Running traffic generator
2018-12-13 19:07:13,255 INFO TX: 148851909; RX: 31847191; Est. Dropped: 117004718; Est. Drop rate: 78.6048%
2018-12-13 19:07:23,274 INFO TX: 297936519; RX: 63750452; Est. Dropped: 234186067; Est. Drop rate: 78.6027%
2018-12-13 19:07:33,294 INFO TX: 447044459; RX: 95652342; Est. Dropped: 351392117; Est. Drop rate: 78.6034%
2018-12-13 19:07:43,312 INFO TX: 596116747; RX: 127549473; Est. Dropped: 468567274; Est. Drop rate: 78.6033%
2018-12-13 19:07:53,330 INFO TX: 745191423; RX: 159447458; Est. Dropped: 585743965; Est. Drop rate: 78.6032%
2018-12-13 19:08:03,272 INFO TX: 892857544; RX: 191098523; Est. Dropped: 701759021; Est. Drop rate: 78.5970%
2018-12-13 19:08:03,272 INFO ...traffic generating ended.
2018-12-13 19:08:03,283 INFO Service chain 'EXT' run completed.
2018-12-13 19:08:03,283 INFO Clean up skipped.
2018-12-13 19:08:03,318 INFO Saving results in json file: /tmp/nfvbench/vnf_mlx_3c2n_10Gbps-1.json...
2018-12-13 19:08:03,326 INFO 
========== NFVBench Summary ==========
Date: 2018-12-13 19:07:00
NFVBench version 2.0.5
Openstack Neutron:
  vSwitch: 
  Encapsulation: 
Benchmarks:
> Networks:
  > Components:
    > Traffic Generator:
        Profile: trex-local
        Tool: TRex
    > Versions:
      > Traffic_Generator:
          build_date: Nov 13 2017
          version: v2.32
          built_by: hhaim
          mode: STL
          build_time: 10:58:17
  > Service chain:
    > EXT:
      > Traffic:
          Profile: traffic_profile_64B
          Bidirectional: True
          Flow count: 1024
          Service chains count: 3
          Compute nodes: []
            
            Run Summary:
            
              +-----------------+-------------+----------------------+----------------------+----------------------+
              |   L2 Frame Size |  Drop Rate  |  Avg Latency (usec)  |   Min Latency (usec) |  Max Latency (usec)  |
              +=================+=============+======================+======================+======================+
              |              64 |  78.5970%   |        2,671         |                   30 |        17,871        |
              +-----------------+-------------+----------------------+----------------------+----------------------+
              
            
            L2 frame size: 64
            
            Run Config:
            
              +-------------+---------------------------+------------------------+-----------------+---------------------------+------------------------+-----------------+
              |  Direction  |  Requested TX Rate (bps)  |  Actual TX Rate (bps)  |  RX Rate (bps)  |  Requested TX Rate (pps)  |  Actual TX Rate (pps)  |  RX Rate (pps)  |
              +=============+===========================+========================+=================+===========================+========================+=================+
              |   Forward   |        5.0000 Gbps        |      5.0000 Gbps       |   1.0968 Gbps   |       7,440,476 pps       |     7,440,479 pps      |  1,632,184 pps  |
              +-------------+---------------------------+------------------------+-----------------+---------------------------+------------------------+-----------------+
              |   Reverse   |        5.0000 Gbps        |      5.0000 Gbps       |   1.0435 Gbps   |       7,440,476 pps       |     7,440,479 pps      |  1,552,790 pps  |
              +-------------+---------------------------+------------------------+-----------------+---------------------------+------------------------+-----------------+
              |    Total    |       10.0000 Gbps        |      10.0000 Gbps      |   2.1403 Gbps   |      14,880,952 pps       |     14,880,958 pps     |  3,184,974 pps  |
              +-------------+---------------------------+------------------------+-----------------+---------------------------+------------------------+-----------------+
              
            Forward Chain Packet Counters and Latency:
            
              +---------+--------------+--------------------------+------------+------------+-------------+
              |  Chain  |  TRex.TX.p0  |        TRex.RX.p1        |  Avg lat.  |  Min lat.  |  Max lat.   |
              +=========+==============+==========================+============+============+=============+
              |    0    | 148,809,590  | -141,443,762 (-95.0502%) | 2,691 usec |  30 usec   | 4,992 usec  |
              +---------+--------------+--------------------------+------------+------------+-------------+
              |    1    | 148,809,590  | -123,245,613 (-82.8210%) | 2,333 usec |  60 usec   | 4,228 usec  |
              +---------+--------------+--------------------------+------------+------------+-------------+
              |    2    | 148,809,590  | -83,812,930 (-56.3223%)  | 5,349 usec |  30 usec   | 17,871 usec |
              +---------+--------------+--------------------------+------------+------------+-------------+
              |  total  | 446,428,770  | -348,502,305 (-78.0645%) | 3,458 usec |  30 usec   | 17,871 usec |
              +---------+--------------+--------------------------+------------+------------+-------------+
              
            Reverse Chain Packet Counters and Latency:
            
              +---------+--------------+--------------------------+------------+------------+------------+
              |  Chain  |  TRex.TX.p1  |        TRex.RX.p0        |  Avg lat.  |  Min lat.  |  Max lat.  |
              +=========+==============+==========================+============+============+============+
              |    0    | 148,809,590  | -116,680,863 (-78.4095%) | 1,883 usec |  300 usec  | 4,158 usec |
              +---------+--------------+--------------------------+------------+------------+------------+
              |    1    | 148,809,590  | -119,984,171 (-80.6293%) | 1,912 usec |  60 usec   | 3,904 usec |
              +---------+--------------+--------------------------+------------+------------+------------+
              |    2    | 148,809,590  | -116,596,294 (-78.3527%) | 1,978 usec |  70 usec   | 3,988 usec |
              +---------+--------------+--------------------------+------------+------------+------------+
              |  total  | 446,428,770  | -353,261,328 (-79.1305%) | 1,924 usec |  60 usec   | 4,158 usec |
              +---------+--------------+--------------------------+------------+------------+------------+
              

