2018-10-31 14:40:22,417 INFO Loading configuration file: /tmp/nfvbench/nfvbench_config.cfg
2018-10-31 14:40:22,447 INFO EXT chain with OpenStack mode disabled
2018-10-31 14:40:22,448 INFO -c /tmp/nfvbench/nfvbench_config.cfg --rate ndr --flow-count 1000 --duration 30
2018-10-31 14:40:22,449 INFO Connecting to TRex (127.0.0.1)...
2018-10-31 14:40:22,592 INFO Connected to TRex
2018-10-31 14:40:22,592 INFO    Port 0: Device 158b speed=25Gbps mac=3c:fd:fe:bd:f8:60 pci=0000:3b:00.0 driver=net_i40e
2018-10-31 14:40:22,592 INFO    Port 1: Device 158b speed=25Gbps mac=3c:fd:fe:bd:f8:61 pci=0000:3b:00.1 driver=net_i40e
2018-10-31 14:40:22,593 INFO Port 0: dst MAC ['52:54:00:00:00:aa']
2018-10-31 14:40:22,593 INFO Port 1: dst MAC ['52:54:00:00:00:bb']
2018-10-31 14:40:22,593 INFO ChainRunner initialized
2018-10-31 14:40:22,594 INFO Starting 1xEXT benchmark...
2018-10-31 14:40:22,804 INFO Starting traffic generator to ensure end-to-end connectivity
2018-10-31 14:40:22,811 INFO Created 1 traffic streams for port 0.
2018-10-31 14:40:22,812 INFO Created 1 traffic streams for port 1.
2018-10-31 14:40:22,921 INFO Captured unique src mac 0/2, capturing return packets (retry 1/100)...
2018-10-31 14:40:25,042 INFO Received packet from mac: 52:54:00:00:00:bb (chain=0, port=1)
2018-10-31 14:40:25,042 INFO Received packet from mac: 52:54:00:00:00:aa (chain=0, port=0)
2018-10-31 14:40:25,042 INFO End-to-end connectivity established
2018-10-31 14:40:25,059 INFO Cleared all existing streams
2018-10-31 14:40:25,067 INFO Created 2 traffic streams for port 0.
2018-10-31 14:40:25,069 INFO Created 2 traffic streams for port 1.
2018-10-31 14:40:25,069 INFO *** Searching NDR for 64 (Bidirectional)...
2018-10-31 14:40:25,069 INFO Range search [0.0 .. 200.0] targets: {'ndr': 0.001}
2018-10-31 14:40:25,069 INFO Modified traffic stream for port 0, new rate=100.0%.
2018-10-31 14:40:25,069 INFO Modified traffic stream for port 1, new rate=100.0%.
2018-10-31 14:40:25,069 INFO Running traffic generator


2018-10-31 14:40:32 - [local][warning]   - [1mCPU util. is high: 87.3%[22m
2018-10-31 14:40:35,089 INFO TX: 409217231; RX: 60641513; Est. Dropped: 348575718; Est. Drop rate: 85.1811%
2018-10-31 14:40:45,103 INFO TX: 818619488; RX: 121293292; Est. Dropped: 697326196; Est. Drop rate: 85.1832%
2018-10-31 14:40:55,103 INFO TX: 1227035032; RX: 181796748; Est. Dropped: 1045238284; Est. Drop rate: 85.1841%
2018-10-31 14:40:57,108 INFO WARNING: There is a significant difference between requested TX rate (74404760) and actual TX rate (40901167). The traffic generator may not have sufficient CPU to achieve the requested TX rate.
2018-10-31 14:40:57,108 INFO Average drop rate: 85.184062
2018-10-31 14:40:57,109 INFO Range search [0.0 .. 100.0] targets: {'ndr': 0.001}
2018-10-31 14:40:57,109 INFO Modified traffic stream for port 0, new rate=50.0%.
2018-10-31 14:40:57,109 INFO Modified traffic stream for port 1, new rate=50.0%.
2018-10-31 14:40:57,109 INFO Running traffic generator


2018-10-31 14:41:05 - [local][warning]   - [1mCPU util. is high: 85.8%[22m
2018-10-31 14:41:07,135 INFO TX: 372410661; RX: 60679837; Est. Dropped: 311730824; Est. Drop rate: 83.7062%
2018-10-31 14:41:17,148 INFO TX: 744976529; RX: 121386272; Est. Dropped: 623590257; Est. Drop rate: 83.7060%
2018-10-31 14:41:27,145 INFO TX: 1116071326; RX: 181854373; Est. Dropped: 934216953; Est. Drop rate: 83.7058%
2018-10-31 14:41:29,151 INFO Average drop rate: 83.705847
2018-10-31 14:41:29,151 INFO Range search [0.0 .. 50.0] targets: {'ndr': 0.001}
2018-10-31 14:41:29,151 INFO Modified traffic stream for port 0, new rate=25.0%.
2018-10-31 14:41:29,152 INFO Modified traffic stream for port 1, new rate=25.0%.
2018-10-31 14:41:29,152 INFO Running traffic generator
2018-10-31 14:41:39,175 INFO TX: 186200595; RX: 60651771; Est. Dropped: 125548824; Est. Drop rate: 67.4267%
2018-10-31 14:41:49,189 INFO TX: 372468165; RX: 121320315; Est. Dropped: 251147850; Est. Drop rate: 67.4280%
2018-10-31 14:41:59,186 INFO TX: 558035746; RX: 181781495; Est. Dropped: 376254251; Est. Drop rate: 67.4248%
2018-10-31 14:42:01,191 INFO Average drop rate: 67.424758
2018-10-31 14:42:01,191 INFO Range search [0.0 .. 25.0] targets: {'ndr': 0.001}
2018-10-31 14:42:01,191 INFO Modified traffic stream for port 0, new rate=12.5%.
2018-10-31 14:42:01,191 INFO Modified traffic stream for port 1, new rate=12.5%.
2018-10-31 14:42:01,192 INFO Running traffic generator
2018-10-31 14:42:11,218 INFO TX: 93094145; RX: 60355694; Est. Dropped: 32738451; Est. Drop rate: 35.1670%
2018-10-31 14:42:21,232 INFO TX: 186228399; RX: 120744901; Est. Dropped: 65483498; Est. Drop rate: 35.1630%
2018-10-31 14:42:31,228 INFO TX: 279017868; RX: 180921255; Est. Dropped: 98096613; Est. Drop rate: 35.1578%
2018-10-31 14:42:33,234 INFO Average drop rate: 35.157825
2018-10-31 14:42:33,234 INFO Range search [0.0 .. 12.5] targets: {'ndr': 0.001}
2018-10-31 14:42:33,234 INFO Modified traffic stream for port 0, new rate=6.25%.
2018-10-31 14:42:33,234 INFO Modified traffic stream for port 1, new rate=6.25%.
2018-10-31 14:42:33,234 INFO Running traffic generator
2018-10-31 14:42:43,257 INFO TX: 46543075; RX: 46542686; Est. Dropped: 389; Est. Drop rate: 0.0008%
2018-10-31 14:42:53,272 INFO TX: 93110259; RX: 93109949; Est. Dropped: 310; Est. Drop rate: 0.0003%
2018-10-31 14:43:03,269 INFO TX: 139508930; RX: 139508930; Est. Dropped: 0; Est. Drop rate: 0.0000%
2018-10-31 14:43:05,274 INFO Average drop rate: 0.000000
2018-10-31 14:43:05,274 INFO Range search [6.25 .. 12.5] targets: {'ndr': 0.001}
2018-10-31 14:43:05,275 INFO Modified traffic stream for port 0, new rate=9.375%.
2018-10-31 14:43:05,275 INFO Modified traffic stream for port 1, new rate=9.375%.
2018-10-31 14:43:05,275 INFO Running traffic generator
2018-10-31 14:43:15,298 INFO TX: 69824045; RX: 60250136; Est. Dropped: 9573909; Est. Drop rate: 13.7115%
2018-10-31 14:43:25,312 INFO TX: 139674022; RX: 120534267; Est. Dropped: 19139755; Est. Drop rate: 13.7032%
2018-10-31 14:43:35,309 INFO TX: 209263394; RX: 180605165; Est. Dropped: 28658229; Est. Drop rate: 13.6948%
2018-10-31 14:43:37,315 INFO Average drop rate: 13.694812
2018-10-31 14:43:37,315 INFO Range search [6.25 .. 9.375] targets: {'ndr': 0.001}
2018-10-31 14:43:37,315 INFO Modified traffic stream for port 0, new rate=7.8125%.
2018-10-31 14:43:37,315 INFO Modified traffic stream for port 1, new rate=7.8125%.
2018-10-31 14:43:37,316 INFO Running traffic generator
2018-10-31 14:43:47,337 INFO TX: 58182761; RX: 58181511; Est. Dropped: 1250; Est. Drop rate: 0.0021%
2018-10-31 14:43:57,351 INFO TX: 116391624; RX: 116389523; Est. Dropped: 2101; Est. Drop rate: 0.0018%
2018-10-31 14:44:07,348 INFO TX: 174386164; RX: 174383467; Est. Dropped: 2697; Est. Drop rate: 0.0015%
2018-10-31 14:44:09,353 INFO Average drop rate: 0.001547
2018-10-31 14:44:09,353 INFO Range search [6.25 .. 7.8125] targets: {'ndr': 0.001}
2018-10-31 14:44:09,353 INFO Modified traffic stream for port 0, new rate=7.03125%.
2018-10-31 14:44:09,354 INFO Modified traffic stream for port 1, new rate=7.03125%.
2018-10-31 14:44:09,354 INFO Running traffic generator
2018-10-31 14:44:19,378 INFO TX: 52363629; RX: 52363174; Est. Dropped: 455; Est. Drop rate: 0.0009%
2018-10-31 14:44:29,392 INFO TX: 104751584; RX: 104751140; Est. Dropped: 444; Est. Drop rate: 0.0004%
2018-10-31 14:44:39,389 INFO TX: 156947550; RX: 156947550; Est. Dropped: 0; Est. Drop rate: 0.0000%
2018-10-31 14:44:41,395 INFO Average drop rate: 0.000000
2018-10-31 14:44:41,395 INFO Range search [7.03125 .. 7.8125] targets: {'ndr': 0.001}
2018-10-31 14:44:41,395 INFO Modified traffic stream for port 0, new rate=7.421875%.
2018-10-31 14:44:41,395 INFO Modified traffic stream for port 1, new rate=7.421875%.
2018-10-31 14:44:41,395 INFO Running traffic generator
2018-10-31 14:44:51,417 INFO TX: 55277632; RX: 55277206; Est. Dropped: 426; Est. Drop rate: 0.0008%
2018-10-31 14:45:01,431 INFO TX: 110576142; RX: 110575615; Est. Dropped: 527; Est. Drop rate: 0.0005%
2018-10-31 14:45:11,427 INFO TX: 165666860; RX: 165666860; Est. Dropped: 0; Est. Drop rate: 0.0000%
2018-10-31 14:45:13,433 INFO Average drop rate: 0.000000
2018-10-31 14:45:13,433 INFO Range search [7.421875 .. 7.8125] targets: {'ndr': 0.001}
2018-10-31 14:45:13,434 INFO Modified traffic stream for port 0, new rate=7.6171875%.
2018-10-31 14:45:13,434 INFO Modified traffic stream for port 1, new rate=7.6171875%.
2018-10-31 14:45:13,434 INFO Running traffic generator
2018-10-31 14:45:23,460 INFO TX: 56733364; RX: 56733002; Est. Dropped: 362; Est. Drop rate: 0.0006%
2018-10-31 14:45:33,474 INFO TX: 113488204; RX: 113487946; Est. Dropped: 258; Est. Drop rate: 0.0002%
2018-10-31 14:45:43,470 INFO TX: 170026512; RX: 170026512; Est. Dropped: 0; Est. Drop rate: 0.0000%
2018-10-31 14:45:45,476 INFO Average drop rate: 0.000000
2018-10-31 14:45:45,476 INFO Range search [7.6171875 .. 7.8125] targets: {'ndr': 0.001}
2018-10-31 14:45:45,476 INFO Modified traffic stream for port 0, new rate=7.71484375%.
2018-10-31 14:45:45,476 INFO Modified traffic stream for port 1, new rate=7.71484375%.
2018-10-31 14:45:45,476 INFO Running traffic generator
2018-10-31 14:45:55,499 INFO TX: 57459689; RX: 57457838; Est. Dropped: 1851; Est. Drop rate: 0.0032%
2018-10-31 14:46:05,513 INFO TX: 114941237; RX: 114938348; Est. Dropped: 2889; Est. Drop rate: 0.0025%
2018-10-31 14:46:15,509 INFO TX: 172206334; RX: 172202295; Est. Dropped: 4039; Est. Drop rate: 0.0023%
2018-10-31 14:46:17,515 INFO Average drop rate: 0.002345
2018-10-31 14:46:17,515 INFO Range search [7.6171875 .. 7.71484375] targets: {'ndr': 0.001}
2018-10-31 14:46:17,515 INFO Found ndr (0.001) load: 7.6171875
2018-10-31 14:46:17,516 INFO NDR load: 15.234375
2018-10-31 14:46:17,516 INFO Service chain 'EXT' run completed.
2018-10-31 14:46:17,516 INFO Clean up skipped.
2018-10-31 14:46:17,544 INFO 
========== NFVBench Summary ==========
Date: 2018-10-31 14:40:22
NFVBench version 2.0.1
Openstack Neutron:
  vSwitch: 
  Encapsulation: 
Benchmarks:
> Networks:
  > Components:
    > Traffic Generator:
        Profile: trex-local
        Tool: TRex
    > Versions:
      > Traffic_Generator:
          build_date: Nov 13 2017
          version: v2.32
          built_by: hhaim
          mode: STL
          build_time: 10:58:17
  > Measurement Parameters:
      NDR: 0.001
  > Service chain:
    > EXT:
      > Traffic:
          Profile: traffic_profile_64B
          Bidirectional: True
          Flow count: 1000
          Service chains count: 1
          Compute nodes: []
            
            Run Summary:
            
              +-----+-----------------+------------------+------------------+-----------------+----------------------+----------------------+----------------------+
              |  -  |   L2 Frame Size |  Rate (fwd+rev)  |  Rate (fwd+rev)  |  Avg Drop Rate  |   Avg Latency (usec) |   Min Latency (usec) |   Max Latency (usec) |
              +=====+=================+==================+==================+=================+======================+======================+======================+
              | NDR |              64 |   3.8086 Gbps    |  5,667,550 pps   |     0.0000%     |                  127 |                   10 |                  218 |
              +-----+-----------------+------------------+------------------+-----------------+----------------------+----------------------+----------------------+
              
            
            L2 frame size: 64
            NDR search duration: 352 seconds
            

