2018-12-07 07:25:34,689 INFO Loading configuration file: /tmp/nfvbench/nfvbench_config.cfg
2018-12-07 07:25:34,723 INFO EXT chain with OpenStack mode disabled
2018-12-07 07:25:34,723 INFO -c /tmp/nfvbench/nfvbench_config.cfg --rate ndr --flow-count 1024 --duration 30 --json /tmp/nfvbench/csc_6c2n_ndr-imix.json
2018-12-07 07:25:34,724 INFO Connecting to TRex (127.0.0.1)...


2018-12-07 07:25:34 - [local][warning]   - [1mCPU util. is high: 90.1%[22m
2018-12-07 07:25:34,859 INFO Connected to TRex
2018-12-07 07:25:34,859 INFO    Port 0: Device 158b speed=25Gbps mac=3c:fd:fe:bd:f8:60 pci=0000:3b:00.0 driver=net_i40e
2018-12-07 07:25:34,859 INFO    Port 1: Device 158b speed=25Gbps mac=3c:fd:fe:bd:f8:61 pci=0000:3b:00.1 driver=net_i40e
2018-12-07 07:25:34,860 INFO ChainRunner initialized
2018-12-07 07:25:34,861 INFO Starting 6xEXT benchmark...
2018-12-07 07:25:34,970 INFO Polling ARP until successful...
2018-12-07 07:25:35,182 INFO    ARP: port=0 chain=0 src IP=172.16.10.100 dst IP=172.16.10.10 -> MAC=52:54:00:00:00:aa
2018-12-07 07:25:35,182 INFO    ARP: port=0 chain=1 src IP=172.16.10.101 dst IP=172.16.10.11 -> MAC=52:54:01:00:00:aa
2018-12-07 07:25:35,182 INFO    ARP: port=0 chain=2 src IP=172.16.10.102 dst IP=172.16.10.12 -> MAC=52:54:02:00:00:aa
2018-12-07 07:25:35,182 INFO    ARP: port=0 chain=3 src IP=172.16.10.103 dst IP=172.16.10.13 -> MAC=52:54:03:00:00:aa
2018-12-07 07:25:35,183 INFO    ARP: port=0 chain=4 src IP=172.16.10.104 dst IP=172.16.10.14 -> MAC=52:54:04:00:00:aa
2018-12-07 07:25:35,183 INFO    ARP: port=0 chain=5 src IP=172.16.10.105 dst IP=172.16.10.15 -> MAC=52:54:05:00:00:aa
2018-12-07 07:25:35,183 INFO ARP resolved successfully for port 0
2018-12-07 07:25:35,395 INFO    ARP: port=1 chain=0 src IP=172.16.20.100 dst IP=172.16.20.10 -> MAC=52:54:00:00:00:bb
2018-12-07 07:25:35,395 INFO    ARP: port=1 chain=1 src IP=172.16.20.101 dst IP=172.16.20.11 -> MAC=52:54:01:00:00:bb
2018-12-07 07:25:35,395 INFO    ARP: port=1 chain=2 src IP=172.16.20.102 dst IP=172.16.20.12 -> MAC=52:54:02:00:00:bb
2018-12-07 07:25:35,395 INFO    ARP: port=1 chain=3 src IP=172.16.20.103 dst IP=172.16.20.13 -> MAC=52:54:03:00:00:bb
2018-12-07 07:25:35,396 INFO    ARP: port=1 chain=4 src IP=172.16.20.104 dst IP=172.16.20.14 -> MAC=52:54:04:00:00:bb
2018-12-07 07:25:35,396 INFO    ARP: port=1 chain=5 src IP=172.16.20.105 dst IP=172.16.20.15 -> MAC=52:54:05:00:00:bb
2018-12-07 07:25:35,396 INFO ARP resolved successfully for port 1
2018-12-07 07:25:35,497 INFO Port 0: dst MAC ['52:54:00:00:00:aa', '52:54:01:00:00:aa', '52:54:02:00:00:aa', '52:54:03:00:00:aa', '52:54:04:00:00:aa', '52:54:05:00:00:aa']
2018-12-07 07:25:35,497 INFO Port 1: dst MAC ['52:54:00:00:00:bb', '52:54:01:00:00:bb', '52:54:02:00:00:bb', '52:54:03:00:00:bb', '52:54:04:00:00:bb', '52:54:05:00:00:bb']
2018-12-07 07:25:35,497 INFO Starting traffic generator to ensure end-to-end connectivity
2018-12-07 07:25:35,532 INFO Created 6 traffic streams for port 0.
2018-12-07 07:25:35,536 INFO Created 6 traffic streams for port 1.
2018-12-07 07:25:35,654 INFO Captured unique src mac 0/12, capturing return packets (retry 1/100)...
2018-12-07 07:25:37,777 INFO Received packet from mac: 52:54:00:00:00:bb (chain=0, port=1)
2018-12-07 07:25:37,777 INFO Received packet from mac: 52:54:03:00:00:bb (chain=3, port=1)
2018-12-07 07:25:37,777 INFO Received packet from mac: 52:54:05:00:00:bb (chain=5, port=1)
2018-12-07 07:25:37,777 INFO Received packet from mac: 52:54:01:00:00:bb (chain=1, port=1)
2018-12-07 07:25:37,778 INFO Received packet from mac: 52:54:02:00:00:bb (chain=2, port=1)
2018-12-07 07:25:37,778 INFO Received packet from mac: 52:54:04:00:00:bb (chain=4, port=1)
2018-12-07 07:25:37,778 INFO Received packet from mac: 52:54:03:00:00:aa (chain=3, port=0)
2018-12-07 07:25:37,778 INFO Received packet from mac: 52:54:02:00:00:aa (chain=2, port=0)
2018-12-07 07:25:37,778 INFO Received packet from mac: 52:54:00:00:00:aa (chain=0, port=0)
2018-12-07 07:25:37,778 INFO Received packet from mac: 52:54:01:00:00:aa (chain=1, port=0)
2018-12-07 07:25:37,778 INFO Received packet from mac: 52:54:04:00:00:aa (chain=4, port=0)
2018-12-07 07:25:37,778 INFO Received packet from mac: 52:54:05:00:00:aa (chain=5, port=0)
2018-12-07 07:25:37,778 INFO End-to-end connectivity established
2018-12-07 07:25:37,803 INFO Cleared all existing streams
2018-12-07 07:25:37,940 INFO Created 24 traffic streams for port 0.
2018-12-07 07:25:37,954 INFO Created 24 traffic streams for port 1.
2018-12-07 07:25:37,955 INFO *** Searching NDR for IMIX (Bidirectional)...
2018-12-07 07:25:37,955 INFO Range search [0.0 .. 200.0] targets: {'ndr': 0.001}
2018-12-07 07:25:37,955 INFO Modified traffic stream for port 0, new rate=100.0%.
2018-12-07 07:25:37,955 INFO Modified traffic stream for port 1, new rate=100.0%.
2018-12-07 07:25:37,955 INFO Running traffic generator


2018-12-07 07:25:43 - [local][warning]   - [1mCPU util. is high: 85.4%[22m
2018-12-07 07:25:47,987 INFO TX: 144967081; RX: 17306264; Est. Dropped: 127660817; Est. Drop rate: 88.0619%
2018-12-07 07:25:58,004 INFO TX: 290011851; RX: 34636952; Est. Dropped: 255374899; Est. Drop rate: 88.0567%
2018-12-07 07:26:07,999 INFO TX: 434544918; RX: 51904472; Est. Dropped: 382640446; Est. Drop rate: 88.0554%
2018-12-07 07:26:10,009 INFO WARNING: There is a significant difference between requested TX rate (16368398) and actual TX rate (14484830). The traffic generator may not have sufficient CPU to achieve the requested TX rate.
2018-12-07 07:26:10,010 INFO Average drop rate: 88.055441
2018-12-07 07:26:10,010 INFO Range search [0.0 .. 100.0] targets: {'ndr': 0.001}
2018-12-07 07:26:10,010 INFO Modified traffic stream for port 0, new rate=50.0%.
2018-12-07 07:26:10,010 INFO Modified traffic stream for port 1, new rate=50.0%.
2018-12-07 07:26:10,010 INFO Running traffic generator
2018-12-07 07:26:20,039 INFO TX: 81914765; RX: 17401971; Est. Dropped: 64512794; Est. Drop rate: 78.7560%
2018-12-07 07:26:30,053 INFO TX: 163879648; RX: 34818419; Est. Dropped: 129061229; Est. Drop rate: 78.7537%
2018-12-07 07:26:40,052 INFO TX: 245526768; RX: 52172284; Est. Dropped: 193354484; Est. Drop rate: 78.7509%
2018-12-07 07:26:42,062 INFO Average drop rate: 78.750877
2018-12-07 07:26:42,062 INFO Range search [0.0 .. 50.0] targets: {'ndr': 0.001}
2018-12-07 07:26:42,062 INFO Modified traffic stream for port 0, new rate=25.0%.
2018-12-07 07:26:42,062 INFO Modified traffic stream for port 1, new rate=25.0%.
2018-12-07 07:26:42,063 INFO Running traffic generator
2018-12-07 07:26:52,101 INFO TX: 40960394; RX: 17953596; Est. Dropped: 23006798; Est. Drop rate: 56.1684%
2018-12-07 07:27:02,119 INFO TX: 81956992; RX: 35936316; Est. Dropped: 46020676; Est. Drop rate: 56.1522%
2018-12-07 07:27:12,111 INFO TX: 122763792; RX: 53848558; Est. Dropped: 68915234; Est. Drop rate: 56.1364%
2018-12-07 07:27:14,121 INFO Average drop rate: 56.136449
2018-12-07 07:27:14,121 INFO Range search [0.0 .. 25.0] targets: {'ndr': 0.001}
2018-12-07 07:27:14,122 INFO Modified traffic stream for port 0, new rate=12.5%.
2018-12-07 07:27:14,122 INFO Modified traffic stream for port 1, new rate=12.5%.
2018-12-07 07:27:14,122 INFO Running traffic generator
2018-12-07 07:27:24,163 INFO TX: 20479528; RX: 19706917; Est. Dropped: 772611; Est. Drop rate: 3.7726%
2018-12-07 07:27:34,177 INFO TX: 40969753; RX: 39425105; Est. Dropped: 1544648; Est. Drop rate: 3.7702%
2018-12-07 07:27:44,173 INFO TX: 61382292; RX: 59048884; Est. Dropped: 2333408; Est. Drop rate: 3.8014%
2018-12-07 07:27:46,183 INFO Average drop rate: 3.801435
2018-12-07 07:27:46,183 INFO Range search [0.0 .. 12.5] targets: {'ndr': 0.001}
2018-12-07 07:27:46,184 INFO Modified traffic stream for port 0, new rate=6.25%.
2018-12-07 07:27:46,184 INFO Modified traffic stream for port 1, new rate=6.25%.
2018-12-07 07:27:46,184 INFO Running traffic generator
2018-12-07 07:27:56,224 INFO TX: 10240496; RX: 10240464; Est. Dropped: 32; Est. Drop rate: 0.0003%
2018-12-07 07:28:06,243 INFO TX: 20490978; RX: 20490984; Est. Dropped: -6; Est. Drop rate: -0.0000%
2018-12-07 07:28:16,232 INFO TX: 30691548; RX: 30691548; Est. Dropped: 0; Est. Drop rate: 0.0000%
2018-12-07 07:28:18,243 INFO Average drop rate: 0.000000
2018-12-07 07:28:18,243 INFO Range search [6.25 .. 12.5] targets: {'ndr': 0.001}
2018-12-07 07:28:18,244 INFO Modified traffic stream for port 0, new rate=9.375%.
2018-12-07 07:28:18,244 INFO Modified traffic stream for port 1, new rate=9.375%.
2018-12-07 07:28:18,244 INFO Running traffic generator
2018-12-07 07:28:28,284 INFO TX: 15361650; RX: 15361528; Est. Dropped: 122; Est. Drop rate: 0.0008%
2018-12-07 07:28:38,304 INFO TX: 30737540; RX: 30737364; Est. Dropped: 176; Est. Drop rate: 0.0006%
2018-12-07 07:28:48,294 INFO TX: 46036920; RX: 46036920; Est. Dropped: 0; Est. Drop rate: 0.0000%
2018-12-07 07:28:50,305 INFO Average drop rate: 0.000000
2018-12-07 07:28:50,305 INFO Range search [9.375 .. 12.5] targets: {'ndr': 0.001}
2018-12-07 07:28:50,305 INFO Modified traffic stream for port 0, new rate=10.9375%.
2018-12-07 07:28:50,305 INFO Modified traffic stream for port 1, new rate=10.9375%.
2018-12-07 07:28:50,305 INFO Running traffic generator
2018-12-07 07:29:00,344 INFO TX: 17919796; RX: 17919542; Est. Dropped: 254; Est. Drop rate: 0.0014%
2018-12-07 07:29:10,364 INFO TX: 35857836; RX: 35857633; Est. Dropped: 203; Est. Drop rate: 0.0006%
2018-12-07 07:29:20,357 INFO TX: 53709612; RX: 53709612; Est. Dropped: 0; Est. Drop rate: 0.0000%
2018-12-07 07:29:22,368 INFO Average drop rate: 0.000000
2018-12-07 07:29:22,368 INFO Range search [10.9375 .. 12.5] targets: {'ndr': 0.001}
2018-12-07 07:29:22,368 INFO Modified traffic stream for port 0, new rate=11.71875%.
2018-12-07 07:29:22,368 INFO Modified traffic stream for port 1, new rate=11.71875%.
2018-12-07 07:29:22,368 INFO Running traffic generator
2018-12-07 07:29:32,408 INFO TX: 19200709; RX: 19200444; Est. Dropped: 265; Est. Drop rate: 0.0014%
2018-12-07 07:29:42,427 INFO TX: 38420086; RX: 38419808; Est. Dropped: 278; Est. Drop rate: 0.0007%
2018-12-07 07:29:52,419 INFO TX: 57545952; RX: 57545952; Est. Dropped: 0; Est. Drop rate: 0.0000%
2018-12-07 07:29:54,430 INFO Average drop rate: 0.000000
2018-12-07 07:29:54,430 INFO Range search [11.71875 .. 12.5] targets: {'ndr': 0.001}
2018-12-07 07:29:54,430 INFO Modified traffic stream for port 0, new rate=12.109375%.
2018-12-07 07:29:54,430 INFO Modified traffic stream for port 1, new rate=12.109375%.
2018-12-07 07:29:54,430 INFO Running traffic generator
2018-12-07 07:30:04,468 INFO TX: 19840548; RX: 19830740; Est. Dropped: 9808; Est. Drop rate: 0.0494%
2018-12-07 07:30:14,487 INFO TX: 39699154; RX: 39680568; Est. Dropped: 18586; Est. Drop rate: 0.0468%
2018-12-07 07:30:24,479 INFO TX: 59464128; RX: 59445917; Est. Dropped: 18211; Est. Drop rate: 0.0306%
2018-12-07 07:30:26,490 INFO Average drop rate: 0.030625
2018-12-07 07:30:26,490 INFO Range search [11.71875 .. 12.109375] targets: {'ndr': 0.001}
2018-12-07 07:30:26,490 INFO Modified traffic stream for port 0, new rate=11.9140625%.
2018-12-07 07:30:26,490 INFO Modified traffic stream for port 1, new rate=11.9140625%.
2018-12-07 07:30:26,490 INFO Running traffic generator
2018-12-07 07:30:36,529 INFO TX: 19520434; RX: 19520128; Est. Dropped: 306; Est. Drop rate: 0.0016%
2018-12-07 07:30:46,549 INFO TX: 39060254; RX: 39059912; Est. Dropped: 342; Est. Drop rate: 0.0009%
2018-12-07 07:30:56,542 INFO TX: 58505040; RX: 58505040; Est. Dropped: 0; Est. Drop rate: 0.0000%
2018-12-07 07:30:58,553 INFO Average drop rate: 0.000000
2018-12-07 07:30:58,553 INFO Range search [11.9140625 .. 12.109375] targets: {'ndr': 0.001}
2018-12-07 07:30:58,554 INFO Modified traffic stream for port 0, new rate=12.01171875%.
2018-12-07 07:30:58,554 INFO Modified traffic stream for port 1, new rate=12.01171875%.
2018-12-07 07:30:58,554 INFO Running traffic generator
2018-12-07 07:31:08,594 INFO TX: 19682042; RX: 19681529; Est. Dropped: 513; Est. Drop rate: 0.0026%
2018-12-07 07:31:18,609 INFO TX: 39373989; RX: 39373619; Est. Dropped: 370; Est. Drop rate: 0.0009%
2018-12-07 07:31:28,607 INFO TX: 58984596; RX: 58984596; Est. Dropped: 0; Est. Drop rate: 0.0000%
2018-12-07 07:31:30,618 INFO Average drop rate: 0.000000
2018-12-07 07:31:30,618 INFO Range search [12.01171875 .. 12.109375] targets: {'ndr': 0.001}
2018-12-07 07:31:30,618 INFO Found ndr (0.001) load: 12.01171875
2018-12-07 07:31:30,619 INFO NDR load: 24.0234375
2018-12-07 07:31:30,619 INFO Service chain 'EXT' run completed.
2018-12-07 07:31:30,619 INFO Clean up skipped.
2018-12-07 07:31:30,653 INFO Saving results in json file: /tmp/nfvbench/csc_6c2n_ndr-imix.json...
2018-12-07 07:31:30,656 INFO 
========== NFVBench Summary ==========
Date: 2018-12-07 07:25:34
NFVBench version 2.0.5
Openstack Neutron:
  vSwitch: 
  Encapsulation: 
Benchmarks:
> Networks:
  > Components:
    > Traffic Generator:
        Profile: trex-local
        Tool: TRex
    > Versions:
      > Traffic_Generator:
          build_date: Nov 13 2017
          version: v2.32
          built_by: hhaim
          mode: STL
          build_time: 10:58:17
  > Measurement Parameters:
      NDR: 0.001
  > Service chain:
    > EXT:
      > Traffic:
          Profile: traffic_profile_IMIX
          Bidirectional: True
          Flow count: 1024
          Service chains count: 6
          Compute nodes: []
            
            Run Summary:
            
              +-----+-----------------+------------------+------------------+-----------------+----------------------+----------------------+----------------------+
              |  -  |  L2 Frame Size  |  Rate (fwd+rev)  |  Rate (fwd+rev)  |  Avg Drop Rate  |   Avg Latency (usec) |   Min Latency (usec) |   Max Latency (usec) |
              +=====+=================+==================+==================+=================+======================+======================+======================+
              | NDR |      IMIX       |   6.0059 Gbps    |  1,966,124 pps   |     0.0000%     |                  262 |                   10 |                  456 |
              +-----+-----------------+------------------+------------------+-----------------+----------------------+----------------------+----------------------+
              
            
            L2 frame size: IMIX
            NDR search duration: 353 seconds
            

