2018-12-07 05:35:43,473 INFO Loading configuration file: /tmp/nfvbench/nfvbench_config.cfg
2018-12-07 05:35:43,507 INFO EXT chain with OpenStack mode disabled
2018-12-07 05:35:43,507 INFO -c /tmp/nfvbench/nfvbench_config.cfg --rate ndr --flow-count 1024 --duration 30 --json /tmp/nfvbench/csc_2c1n_ndr-imix.json
2018-12-07 05:35:43,509 INFO Connecting to TRex (127.0.0.1)...
2018-12-07 05:35:43,644 INFO Connected to TRex
2018-12-07 05:35:43,644 INFO    Port 0: Device 158b speed=25Gbps mac=3c:fd:fe:bd:f8:60 pci=0000:3b:00.0 driver=net_i40e
2018-12-07 05:35:43,644 INFO    Port 1: Device 158b speed=25Gbps mac=3c:fd:fe:bd:f8:61 pci=0000:3b:00.1 driver=net_i40e
2018-12-07 05:35:43,645 INFO ChainRunner initialized
2018-12-07 05:35:43,645 INFO Starting 2xEXT benchmark...
2018-12-07 05:35:43,751 INFO Polling ARP until successful...
2018-12-07 05:35:43,960 INFO    ARP: port=0 chain=0 src IP=172.16.10.100 dst IP=172.16.10.10 -> MAC=52:54:00:00:00:aa
2018-12-07 05:35:43,960 INFO    ARP: port=0 chain=1 src IP=172.16.10.101 dst IP=172.16.10.11 -> MAC=52:54:01:00:00:aa
2018-12-07 05:35:43,960 INFO ARP resolved successfully for port 0
2018-12-07 05:35:44,071 INFO    ARP: port=1 chain=0 src IP=172.16.20.100 dst IP=172.16.20.10 -> MAC=52:54:00:00:00:bb
2018-12-07 05:35:44,071 INFO    ARP: port=1 chain=1 src IP=172.16.20.101 dst IP=172.16.20.11 -> MAC=52:54:01:00:00:bb
2018-12-07 05:35:44,071 INFO ARP resolved successfully for port 1
2018-12-07 05:35:44,173 INFO Port 0: dst MAC ['52:54:00:00:00:aa', '52:54:01:00:00:aa']
2018-12-07 05:35:44,173 INFO Port 1: dst MAC ['52:54:00:00:00:bb', '52:54:01:00:00:bb']
2018-12-07 05:35:44,173 INFO Starting traffic generator to ensure end-to-end connectivity
2018-12-07 05:35:44,186 INFO Created 2 traffic streams for port 0.
2018-12-07 05:35:44,188 INFO Created 2 traffic streams for port 1.
2018-12-07 05:35:44,302 INFO Captured unique src mac 0/4, capturing return packets (retry 1/100)...
2018-12-07 05:35:46,428 INFO Received packet from mac: 52:54:01:00:00:bb (chain=1, port=1)
2018-12-07 05:35:46,428 INFO Received packet from mac: 52:54:00:00:00:bb (chain=0, port=1)
2018-12-07 05:35:46,428 INFO Received packet from mac: 52:54:00:00:00:aa (chain=0, port=0)
2018-12-07 05:35:46,429 INFO Received packet from mac: 52:54:01:00:00:aa (chain=1, port=0)
2018-12-07 05:35:46,429 INFO End-to-end connectivity established
2018-12-07 05:35:46,446 INFO Cleared all existing streams
2018-12-07 05:35:46,492 INFO Created 8 traffic streams for port 0.
2018-12-07 05:35:46,498 INFO Created 8 traffic streams for port 1.
2018-12-07 05:35:46,498 INFO *** Searching NDR for IMIX (Bidirectional)...
2018-12-07 05:35:46,498 INFO Range search [0.0 .. 200.0] targets: {'ndr': 0.001}
2018-12-07 05:35:46,498 INFO Modified traffic stream for port 0, new rate=100.0%.
2018-12-07 05:35:46,498 INFO Modified traffic stream for port 1, new rate=100.0%.
2018-12-07 05:35:46,498 INFO Running traffic generator


2018-12-07 05:35:52 - [local][warning]   - [1mCPU util. is high: 85.1%[22m
2018-12-07 05:35:56,521 INFO TX: 144015879; RX: 39708252; Est. Dropped: 104307627; Est. Drop rate: 72.4279%
2018-12-07 05:36:06,536 INFO TX: 288050062; RX: 79431194; Est. Dropped: 208618868; Est. Drop rate: 72.4245%
2018-12-07 05:36:16,535 INFO TX: 431714484; RX: 119037374; Est. Dropped: 312677110; Est. Drop rate: 72.4268%
2018-12-07 05:36:18,542 INFO WARNING: There is a significant difference between requested TX rate (16368398) and actual TX rate (14390482). The traffic generator may not have sufficient CPU to achieve the requested TX rate.
2018-12-07 05:36:18,542 INFO Average drop rate: 72.426829
2018-12-07 05:36:18,542 INFO Range search [0.0 .. 100.0] targets: {'ndr': 0.001}
2018-12-07 05:36:18,542 INFO Modified traffic stream for port 0, new rate=50.0%.
2018-12-07 05:36:18,542 INFO Modified traffic stream for port 1, new rate=50.0%.
2018-12-07 05:36:18,542 INFO Running traffic generator
2018-12-07 05:36:28,564 INFO TX: 81903690; RX: 39668324; Est. Dropped: 42235366; Est. Drop rate: 51.5671%
2018-12-07 05:36:38,579 INFO TX: 163868286; RX: 79372643; Est. Dropped: 84495643; Est. Drop rate: 51.5631%
2018-12-07 05:36:48,577 INFO TX: 245526240; RX: 118948516; Est. Dropped: 126577724; Est. Drop rate: 51.5536%
2018-12-07 05:36:50,584 INFO Average drop rate: 51.553644
2018-12-07 05:36:50,584 INFO Range search [0.0 .. 50.0] targets: {'ndr': 0.001}
2018-12-07 05:36:50,584 INFO Modified traffic stream for port 0, new rate=25.0%.
2018-12-07 05:36:50,584 INFO Modified traffic stream for port 1, new rate=25.0%.
2018-12-07 05:36:50,584 INFO Running traffic generator
2018-12-07 05:37:00,608 INFO TX: 40963117; RX: 39673422; Est. Dropped: 1289695; Est. Drop rate: 3.1484%
2018-12-07 05:37:10,623 INFO TX: 81944838; RX: 79397036; Est. Dropped: 2547802; Est. Drop rate: 3.1092%
2018-12-07 05:37:20,618 INFO TX: 122763252; RX: 118983062; Est. Dropped: 3780190; Est. Drop rate: 3.0793%
2018-12-07 05:37:22,625 INFO Average drop rate: 3.079252
2018-12-07 05:37:22,625 INFO Range search [0.0 .. 25.0] targets: {'ndr': 0.001}
2018-12-07 05:37:22,626 INFO Modified traffic stream for port 0, new rate=12.5%.
2018-12-07 05:37:22,626 INFO Modified traffic stream for port 1, new rate=12.5%.
2018-12-07 05:37:22,626 INFO Running traffic generator
2018-12-07 05:37:32,659 INFO TX: 20481208; RX: 20481186; Est. Dropped: 22; Est. Drop rate: 0.0001%
2018-12-07 05:37:42,674 INFO TX: 40972450; RX: 40972342; Est. Dropped: 108; Est. Drop rate: 0.0003%
2018-12-07 05:37:52,672 INFO TX: 61381760; RX: 61381760; Est. Dropped: 0; Est. Drop rate: 0.0000%
2018-12-07 05:37:54,678 INFO Average drop rate: 0.000000
2018-12-07 05:37:54,679 INFO Range search [12.5 .. 25.0] targets: {'ndr': 0.001}
2018-12-07 05:37:54,679 INFO Modified traffic stream for port 0, new rate=18.75%.
2018-12-07 05:37:54,679 INFO Modified traffic stream for port 1, new rate=18.75%.
2018-12-07 05:37:54,679 INFO Running traffic generator
2018-12-07 05:38:04,712 INFO TX: 30722327; RX: 30722279; Est. Dropped: 48; Est. Drop rate: 0.0002%
2018-12-07 05:38:14,728 INFO TX: 61459693; RX: 61459645; Est. Dropped: 48; Est. Drop rate: 0.0001%
2018-12-07 05:38:24,723 INFO TX: 92072508; RX: 92072508; Est. Dropped: 0; Est. Drop rate: 0.0000%
2018-12-07 05:38:26,730 INFO Average drop rate: 0.000000
2018-12-07 05:38:26,730 INFO Range search [18.75 .. 25.0] targets: {'ndr': 0.001}
2018-12-07 05:38:26,730 INFO Modified traffic stream for port 0, new rate=21.875%.
2018-12-07 05:38:26,730 INFO Modified traffic stream for port 1, new rate=21.875%.
2018-12-07 05:38:26,730 INFO Running traffic generator
2018-12-07 05:38:36,762 INFO TX: 35839840; RX: 35839813; Est. Dropped: 27; Est. Drop rate: 0.0001%
2018-12-07 05:38:46,776 INFO TX: 71693474; RX: 71693369; Est. Dropped: 105; Est. Drop rate: 0.0001%
2018-12-07 05:38:56,771 INFO TX: 107417880; RX: 107417880; Est. Dropped: 0; Est. Drop rate: 0.0000%
2018-12-07 05:38:58,778 INFO Average drop rate: 0.000000
2018-12-07 05:38:58,778 INFO Range search [21.875 .. 25.0] targets: {'ndr': 0.001}
2018-12-07 05:38:58,778 INFO Modified traffic stream for port 0, new rate=23.4375%.
2018-12-07 05:38:58,779 INFO Modified traffic stream for port 1, new rate=23.4375%.
2018-12-07 05:38:58,779 INFO Running traffic generator
2018-12-07 05:39:08,815 INFO TX: 38419036; RX: 38418905; Est. Dropped: 131; Est. Drop rate: 0.0003%
2018-12-07 05:39:18,831 INFO TX: 76836585; RX: 76836521; Est. Dropped: 64; Est. Drop rate: 0.0001%
2018-12-07 05:39:28,822 INFO TX: 115090572; RX: 115090572; Est. Dropped: 0; Est. Drop rate: 0.0000%
2018-12-07 05:39:30,828 INFO Average drop rate: 0.000000
2018-12-07 05:39:30,829 INFO Range search [23.4375 .. 25.0] targets: {'ndr': 0.001}
2018-12-07 05:39:30,829 INFO Modified traffic stream for port 0, new rate=24.21875%.
2018-12-07 05:39:30,829 INFO Modified traffic stream for port 1, new rate=24.21875%.
2018-12-07 05:39:30,829 INFO Running traffic generator
2018-12-07 05:39:40,853 INFO TX: 39680005; RX: 39675133; Est. Dropped: 4872; Est. Drop rate: 0.0123%
2018-12-07 05:39:50,868 INFO TX: 79381726; RX: 79376866; Est. Dropped: 4860; Est. Drop rate: 0.0061%
2018-12-07 05:40:00,863 INFO TX: 118926912; RX: 118922280; Est. Dropped: 4632; Est. Drop rate: 0.0039%
2018-12-07 05:40:02,870 INFO Average drop rate: 0.003895
2018-12-07 05:40:02,870 INFO Range search [23.4375 .. 24.21875] targets: {'ndr': 0.001}
2018-12-07 05:40:02,870 INFO Modified traffic stream for port 0, new rate=23.828125%.
2018-12-07 05:40:02,870 INFO Modified traffic stream for port 1, new rate=23.828125%.
2018-12-07 05:40:02,870 INFO Running traffic generator
2018-12-07 05:40:12,903 INFO TX: 39041637; RX: 39041450; Est. Dropped: 187; Est. Drop rate: 0.0005%
2018-12-07 05:40:22,918 INFO TX: 78102948; RX: 78102722; Est. Dropped: 226; Est. Drop rate: 0.0003%
2018-12-07 05:40:32,913 INFO TX: 117008736; RX: 117008736; Est. Dropped: 0; Est. Drop rate: 0.0000%
2018-12-07 05:40:34,920 INFO Average drop rate: 0.000000
2018-12-07 05:40:34,920 INFO Range search [23.828125 .. 24.21875] targets: {'ndr': 0.001}
2018-12-07 05:40:34,920 INFO Modified traffic stream for port 0, new rate=24.0234375%.
2018-12-07 05:40:34,920 INFO Modified traffic stream for port 1, new rate=24.0234375%.
2018-12-07 05:40:34,920 INFO Running traffic generator
2018-12-07 05:40:44,953 INFO TX: 39360272; RX: 39360009; Est. Dropped: 263; Est. Drop rate: 0.0007%
2018-12-07 05:40:54,969 INFO TX: 78742084; RX: 78741954; Est. Dropped: 130; Est. Drop rate: 0.0002%
2018-12-07 05:41:04,961 INFO TX: 117967824; RX: 117967824; Est. Dropped: 0; Est. Drop rate: 0.0000%
2018-12-07 05:41:06,968 INFO Average drop rate: 0.000000
2018-12-07 05:41:06,968 INFO Range search [24.0234375 .. 24.21875] targets: {'ndr': 0.001}
2018-12-07 05:41:06,968 INFO Modified traffic stream for port 0, new rate=24.12109375%.
2018-12-07 05:41:06,968 INFO Modified traffic stream for port 1, new rate=24.12109375%.
2018-12-07 05:41:06,969 INFO Running traffic generator
2018-12-07 05:41:16,992 INFO TX: 39521514; RX: 39521342; Est. Dropped: 172; Est. Drop rate: 0.0004%
2018-12-07 05:41:27,007 INFO TX: 79062350; RX: 79051534; Est. Dropped: 10816; Est. Drop rate: 0.0137%
2018-12-07 05:41:37,005 INFO TX: 118447368; RX: 118436760; Est. Dropped: 10608; Est. Drop rate: 0.0090%
2018-12-07 05:41:39,011 INFO Average drop rate: 0.008956
2018-12-07 05:41:39,011 INFO Range search [24.0234375 .. 24.12109375] targets: {'ndr': 0.001}
2018-12-07 05:41:39,012 INFO Found ndr (0.001) load: 24.0234375
2018-12-07 05:41:39,012 INFO NDR load: 48.046875
2018-12-07 05:41:39,012 INFO Service chain 'EXT' run completed.
2018-12-07 05:41:39,012 INFO Clean up skipped.
2018-12-07 05:41:39,038 INFO Saving results in json file: /tmp/nfvbench/csc_2c1n_ndr-imix.json...
2018-12-07 05:41:39,041 INFO 
========== NFVBench Summary ==========
Date: 2018-12-07 05:35:43
NFVBench version 2.0.5
Openstack Neutron:
  vSwitch: 
  Encapsulation: 
Benchmarks:
> Networks:
  > Components:
    > Traffic Generator:
        Profile: trex-local
        Tool: TRex
    > Versions:
      > Traffic_Generator:
          build_date: Nov 13 2017
          version: v2.32
          built_by: hhaim
          mode: STL
          build_time: 10:58:17
  > Measurement Parameters:
      NDR: 0.001
  > Service chain:
    > EXT:
      > Traffic:
          Profile: traffic_profile_IMIX
          Bidirectional: True
          Flow count: 1024
          Service chains count: 2
          Compute nodes: []
            
            Run Summary:
            
              +-----+-----------------+------------------+------------------+-----------------+----------------------+----------------------+----------------------+
              |  -  |  L2 Frame Size  |  Rate (fwd+rev)  |  Rate (fwd+rev)  |  Avg Drop Rate  |   Avg Latency (usec) |   Min Latency (usec) |   Max Latency (usec) |
              +=====+=================+==================+==================+=================+======================+======================+======================+
              | NDR |      IMIX       |   12.0117 Gbps   |  3,932,250 pps   |     0.0000%     |                  101 |                   10 |                  161 |
              +-----+-----------------+------------------+------------------+-----------------+----------------------+----------------------+----------------------+
              
            
            L2 frame size: IMIX
            NDR search duration: 353 seconds
            

