2018-12-07 07:25:00,731 INFO Loading configuration file: /tmp/nfvbench/nfvbench_config.cfg
2018-12-07 07:25:00,765 INFO EXT chain with OpenStack mode disabled
2018-12-07 07:25:00,765 INFO -c /tmp/nfvbench/nfvbench_config.cfg --rate 18500000pps --flow-count 1024 --duration 30 --json /tmp/nfvbench/csc_6c2n_18500000pps-imix.json
2018-12-07 07:25:00,766 INFO Connecting to TRex (127.0.0.1)...
2018-12-07 07:25:00,903 INFO Connected to TRex
2018-12-07 07:25:00,903 INFO    Port 0: Device 158b speed=25Gbps mac=3c:fd:fe:bd:f8:60 pci=0000:3b:00.0 driver=net_i40e
2018-12-07 07:25:00,903 INFO    Port 1: Device 158b speed=25Gbps mac=3c:fd:fe:bd:f8:61 pci=0000:3b:00.1 driver=net_i40e
2018-12-07 07:25:00,904 INFO ChainRunner initialized
2018-12-07 07:25:00,905 INFO Starting 6xEXT benchmark...
2018-12-07 07:25:01,010 INFO Polling ARP until successful...
2018-12-07 07:25:01,223 INFO    ARP: port=0 chain=0 src IP=172.16.10.100 dst IP=172.16.10.10 -> MAC=52:54:00:00:00:aa
2018-12-07 07:25:01,223 INFO    ARP: port=0 chain=1 src IP=172.16.10.101 dst IP=172.16.10.11 -> MAC=52:54:01:00:00:aa
2018-12-07 07:25:01,223 INFO    ARP: port=0 chain=2 src IP=172.16.10.102 dst IP=172.16.10.12 -> MAC=52:54:02:00:00:aa
2018-12-07 07:25:01,223 INFO    ARP: port=0 chain=3 src IP=172.16.10.103 dst IP=172.16.10.13 -> MAC=52:54:03:00:00:aa
2018-12-07 07:25:01,223 INFO    ARP: port=0 chain=4 src IP=172.16.10.104 dst IP=172.16.10.14 -> MAC=52:54:04:00:00:aa
2018-12-07 07:25:01,223 INFO    ARP: port=0 chain=5 src IP=172.16.10.105 dst IP=172.16.10.15 -> MAC=52:54:05:00:00:aa
2018-12-07 07:25:01,223 INFO ARP resolved successfully for port 0
2018-12-07 07:25:01,436 INFO    ARP: port=1 chain=0 src IP=172.16.20.100 dst IP=172.16.20.10 -> MAC=52:54:00:00:00:bb
2018-12-07 07:25:01,436 INFO    ARP: port=1 chain=1 src IP=172.16.20.101 dst IP=172.16.20.11 -> MAC=52:54:01:00:00:bb
2018-12-07 07:25:01,436 INFO    ARP: port=1 chain=2 src IP=172.16.20.102 dst IP=172.16.20.12 -> MAC=52:54:02:00:00:bb
2018-12-07 07:25:01,436 INFO    ARP: port=1 chain=3 src IP=172.16.20.103 dst IP=172.16.20.13 -> MAC=52:54:03:00:00:bb
2018-12-07 07:25:01,436 INFO    ARP: port=1 chain=4 src IP=172.16.20.104 dst IP=172.16.20.14 -> MAC=52:54:04:00:00:bb
2018-12-07 07:25:01,436 INFO    ARP: port=1 chain=5 src IP=172.16.20.105 dst IP=172.16.20.15 -> MAC=52:54:05:00:00:bb
2018-12-07 07:25:01,436 INFO ARP resolved successfully for port 1
2018-12-07 07:25:01,538 INFO Port 0: dst MAC ['52:54:00:00:00:aa', '52:54:01:00:00:aa', '52:54:02:00:00:aa', '52:54:03:00:00:aa', '52:54:04:00:00:aa', '52:54:05:00:00:aa']
2018-12-07 07:25:01,538 INFO Port 1: dst MAC ['52:54:00:00:00:bb', '52:54:01:00:00:bb', '52:54:02:00:00:bb', '52:54:03:00:00:bb', '52:54:04:00:00:bb', '52:54:05:00:00:bb']
2018-12-07 07:25:01,538 INFO Starting traffic generator to ensure end-to-end connectivity
2018-12-07 07:25:01,574 INFO Created 6 traffic streams for port 0.
2018-12-07 07:25:01,578 INFO Created 6 traffic streams for port 1.
2018-12-07 07:25:01,690 INFO Captured unique src mac 0/12, capturing return packets (retry 1/100)...
2018-12-07 07:25:03,813 INFO Received packet from mac: 52:54:00:00:00:bb (chain=0, port=1)
2018-12-07 07:25:03,813 INFO Received packet from mac: 52:54:03:00:00:bb (chain=3, port=1)
2018-12-07 07:25:03,813 INFO Received packet from mac: 52:54:05:00:00:bb (chain=5, port=1)
2018-12-07 07:25:03,813 INFO Received packet from mac: 52:54:01:00:00:bb (chain=1, port=1)
2018-12-07 07:25:03,813 INFO Received packet from mac: 52:54:02:00:00:bb (chain=2, port=1)
2018-12-07 07:25:03,813 INFO Received packet from mac: 52:54:04:00:00:bb (chain=4, port=1)
2018-12-07 07:25:03,813 INFO Received packet from mac: 52:54:03:00:00:aa (chain=3, port=0)
2018-12-07 07:25:03,813 INFO Received packet from mac: 52:54:00:00:00:aa (chain=0, port=0)
2018-12-07 07:25:03,813 INFO Received packet from mac: 52:54:01:00:00:aa (chain=1, port=0)
2018-12-07 07:25:03,813 INFO Received packet from mac: 52:54:02:00:00:aa (chain=2, port=0)
2018-12-07 07:25:03,813 INFO Received packet from mac: 52:54:04:00:00:aa (chain=4, port=0)
2018-12-07 07:25:03,813 INFO Received packet from mac: 52:54:05:00:00:aa (chain=5, port=0)
2018-12-07 07:25:03,814 INFO End-to-end connectivity established
2018-12-07 07:25:03,833 INFO Cleared all existing streams
2018-12-07 07:25:03,972 INFO Created 24 traffic streams for port 0.
2018-12-07 07:25:03,985 INFO Created 24 traffic streams for port 1.
2018-12-07 07:25:03,986 INFO Starting to generate traffic...
2018-12-07 07:25:03,986 INFO Running traffic generator


2018-12-07 07:25:11 - [local][warning]   - [1mCPU util. is high: 86.5%[22m
2018-12-07 07:25:14,017 INFO TX: 144953751; RX: 17436627; Est. Dropped: 127517124; Est. Drop rate: 87.9709%
2018-12-07 07:25:24,035 INFO TX: 289963590; RX: 34896083; Est. Dropped: 255067507; Est. Drop rate: 87.9654%
2018-12-07 07:25:34,030 INFO TX: 434482728; RX: 52326926; Est. Dropped: 382155802; Est. Drop rate: 87.9565%
2018-12-07 07:25:34,031 INFO ...traffic generating ended.
2018-12-07 07:25:34,038 INFO WARNING: There is a significant difference between requested TX rate (18500000.0) and actual TX rate (14482757). The traffic generator may not have sufficient CPU to achieve the requested TX rate.
2018-12-07 07:25:34,039 INFO Service chain 'EXT' run completed.
2018-12-07 07:25:34,039 INFO Clean up skipped.
2018-12-07 07:25:34,069 INFO Saving results in json file: /tmp/nfvbench/csc_6c2n_18500000pps-imix.json...
2018-12-07 07:25:34,077 INFO 
========== NFVBench Summary ==========
Date: 2018-12-07 07:25:00
NFVBench version 2.0.5
Openstack Neutron:
  vSwitch: 
  Encapsulation: 
Benchmarks:
> Networks:
  > Components:
    > Traffic Generator:
        Profile: trex-local
        Tool: TRex
    > Versions:
      > Traffic_Generator:
          build_date: Nov 13 2017
          version: v2.32
          built_by: hhaim
          mode: STL
          build_time: 10:58:17
  > Service chain:
    > EXT:
      > Traffic:
          Profile: traffic_profile_IMIX
          Bidirectional: True
          Flow count: 1024
          Service chains count: 6
          Compute nodes: []
            
            Run Summary:
            
              +-----------------+-------------+----------------------+----------------------+----------------------+
              |  L2 Frame Size  |  Drop Rate  |  Avg Latency (usec)  |   Min Latency (usec) |  Max Latency (usec)  |
              +=================+=============+======================+======================+======================+
              |      IMIX       |  87.9565%   |        4,693         |                  100 |        7,183         |
              +-----------------+-------------+----------------------+----------------------+----------------------+
              
            
            L2 frame size: IMIX
            
            Run Config:
            
              +-------------+---------------------------+------------------------+-----------------+---------------------------+------------------------+-----------------+
              |  Direction  |  Requested TX Rate (bps)  |  Actual TX Rate (bps)  |  RX Rate (bps)  |  Requested TX Rate (pps)  |  Actual TX Rate (pps)  |  RX Rate (pps)  |
              +=============+===========================+========================+=================+===========================+========================+=================+
              |   Forward   |       28.2557 Gbps        |      22.1211 Gbps      |   4.5670 Gbps   |       9,250,000 pps       |     7,241,745 pps      |  1,495,076 pps  |
              +-------------+---------------------------+------------------------+-----------------+---------------------------+------------------------+-----------------+
              |   Reverse   |       28.2557 Gbps        |      22.1189 Gbps      |  761.0848 Mbps  |       9,250,000 pps       |     7,241,012 pps      |   249,154 pps   |
              +-------------+---------------------------+------------------------+-----------------+---------------------------+------------------------+-----------------+
              |    Total    |       56.5113 Gbps        |      44.2400 Gbps      |   5.3280 Gbps   |      18,500,000 pps       |     14,482,757 pps     |  1,744,230 pps  |
              +-------------+---------------------------+------------------------+-----------------+---------------------------+------------------------+-----------------+
              
              WARNING: There is a significant difference between requested TX rate (18500000.0) and actual TX rate (14482757). The traffic generator may not have sufficient CPU to achieve the requested TX rate.
              
            Forward Chain Packet Counters and Latency:
            
              +---------+--------------+--------------------------+------------+------------+------------+
              |  Chain  |  TRex.TX.p0  |        TRex.RX.p1        |  Avg lat.  |  Min lat.  |  Max lat.  |
              +=========+==============+==========================+============+============+============+
              |    0    |  36,208,726  | -28,733,369 (-79.3548%)  | 5,924 usec |  100 usec  | 6,896 usec |
              +---------+--------------+--------------------------+------------+------------+------------+
              |    1    |  36,208,726  | -28,733,368 (-79.3548%)  | 5,913 usec |  100 usec  | 6,945 usec |
              +---------+--------------+--------------------------+------------+------------+------------+
              |    2    |  36,208,726  | -28,733,325 (-79.3547%)  | 5,951 usec |  200 usec  | 7,003 usec |
              +---------+--------------+--------------------------+------------+------------+------------+
              |    3    |  36,208,726  | -28,733,322 (-79.3547%)  | 5,970 usec |  200 usec  | 7,064 usec |
              +---------+--------------+--------------------------+------------+------------+------------+
              |    4    |  36,208,726  | -28,733,278 (-79.3546%)  | 5,979 usec |  200 usec  | 7,116 usec |
              +---------+--------------+--------------------------+------------+------------+------------+
              |    5    |  36,208,726  | -28,733,411 (-79.3549%)  | 5,997 usec |  200 usec  | 7,183 usec |
              +---------+--------------+--------------------------+------------+------------+------------+
              |  total  | 217,252,356  | -172,400,073 (-79.3548%) | 5,956 usec |  100 usec  | 7,183 usec |
              +---------+--------------+--------------------------+------------+------------+------------+
              
            Reverse Chain Packet Counters and Latency:
            
              +---------+--------------+--------------------------+------------+------------+------------+
              |  Chain  |  TRex.TX.p1  |        TRex.RX.p0        |  Avg lat.  |  Min lat.  |  Max lat.  |
              +=========+==============+==========================+============+============+============+
              |    0    |  36,205,062  | -34,959,363 (-96.5593%)  | 4,502 usec | 3,000 usec | 5,321 usec |
              +---------+--------------+--------------------------+------------+------------+------------+
              |    1    |  36,205,062  | -34,959,200 (-96.5589%)  | 4,470 usec | 3,000 usec | 5,303 usec |
              +---------+--------------+--------------------------+------------+------------+------------+
              |    2    |  36,205,062  | -34,959,621 (-96.5600%)  | 4,490 usec | 3,000 usec | 5,308 usec |
              +---------+--------------+--------------------------+------------+------------+------------+
              |    3    |  36,205,062  | -34,959,215 (-96.5589%)  | 4,462 usec | 3,000 usec | 5,285 usec |
              +---------+--------------+--------------------------+------------+------------+------------+
              |    4    |  36,205,062  | -34,959,062 (-96.5585%)  | 4,494 usec | 3,000 usec | 5,319 usec |
              +---------+--------------+--------------------------+------------+------------+------------+
              |    5    |  36,205,062  | -34,959,268 (-96.5591%)  | 4,485 usec | 3,000 usec | 5,323 usec |
              +---------+--------------+--------------------------+------------+------------+------------+
              |  total  | 217,230,372  | -209,755,729 (-96.5591%) | 4,484 usec | 3,000 usec | 5,323 usec |
              +---------+--------------+--------------------------+------------+------------+------------+
              

