2018-12-07 06:51:36,757 INFO Loading configuration file: /tmp/nfvbench/nfvbench_config.cfg
2018-12-07 06:51:36,791 INFO EXT chain with OpenStack mode disabled
2018-12-07 06:51:36,791 INFO -c /tmp/nfvbench/nfvbench_config.cfg --rate ndr --flow-count 1024 --duration 30 --json /tmp/nfvbench/csc_4c2n_ndr-imix.json
2018-12-07 06:51:36,793 INFO Connecting to TRex (127.0.0.1)...
2018-12-07 06:51:36,927 INFO Connected to TRex
2018-12-07 06:51:36,928 INFO    Port 0: Device 158b speed=25Gbps mac=3c:fd:fe:bd:f8:60 pci=0000:3b:00.0 driver=net_i40e
2018-12-07 06:51:36,928 INFO    Port 1: Device 158b speed=25Gbps mac=3c:fd:fe:bd:f8:61 pci=0000:3b:00.1 driver=net_i40e
2018-12-07 06:51:36,928 INFO ChainRunner initialized
2018-12-07 06:51:36,929 INFO Starting 4xEXT benchmark...
2018-12-07 06:51:37,033 INFO Polling ARP until successful...
2018-12-07 06:51:37,245 INFO    ARP: port=0 chain=0 src IP=172.16.10.100 dst IP=172.16.10.10 -> MAC=52:54:00:00:00:aa
2018-12-07 06:51:37,245 INFO    ARP: port=0 chain=1 src IP=172.16.10.101 dst IP=172.16.10.11 -> MAC=52:54:01:00:00:aa
2018-12-07 06:51:37,245 INFO    ARP: port=0 chain=2 src IP=172.16.10.102 dst IP=172.16.10.12 -> MAC=52:54:02:00:00:aa
2018-12-07 06:51:37,245 INFO    ARP: port=0 chain=3 src IP=172.16.10.103 dst IP=172.16.10.13 -> MAC=52:54:03:00:00:aa
2018-12-07 06:51:37,245 INFO ARP resolved successfully for port 0
2018-12-07 06:51:37,456 INFO    ARP: port=1 chain=0 src IP=172.16.20.100 dst IP=172.16.20.10 -> MAC=52:54:00:00:00:bb
2018-12-07 06:51:37,456 INFO    ARP: port=1 chain=1 src IP=172.16.20.101 dst IP=172.16.20.11 -> MAC=52:54:01:00:00:bb
2018-12-07 06:51:37,456 INFO    ARP: port=1 chain=2 src IP=172.16.20.102 dst IP=172.16.20.12 -> MAC=52:54:02:00:00:bb
2018-12-07 06:51:37,456 INFO    ARP: port=1 chain=3 src IP=172.16.20.103 dst IP=172.16.20.13 -> MAC=52:54:03:00:00:bb
2018-12-07 06:51:37,456 INFO ARP resolved successfully for port 1
2018-12-07 06:51:37,558 INFO Port 0: dst MAC ['52:54:00:00:00:aa', '52:54:01:00:00:aa', '52:54:02:00:00:aa', '52:54:03:00:00:aa']
2018-12-07 06:51:37,558 INFO Port 1: dst MAC ['52:54:00:00:00:bb', '52:54:01:00:00:bb', '52:54:02:00:00:bb', '52:54:03:00:00:bb']
2018-12-07 06:51:37,558 INFO Starting traffic generator to ensure end-to-end connectivity
2018-12-07 06:51:37,582 INFO Created 4 traffic streams for port 0.
2018-12-07 06:51:37,584 INFO Created 4 traffic streams for port 1.
2018-12-07 06:51:37,696 INFO Captured unique src mac 0/8, capturing return packets (retry 1/100)...
2018-12-07 06:51:39,818 INFO Received packet from mac: 52:54:01:00:00:bb (chain=1, port=1)
2018-12-07 06:51:39,818 INFO Received packet from mac: 52:54:02:00:00:bb (chain=2, port=1)
2018-12-07 06:51:39,818 INFO Received packet from mac: 52:54:03:00:00:bb (chain=3, port=1)
2018-12-07 06:51:39,819 INFO Received packet from mac: 52:54:00:00:00:bb (chain=0, port=1)
2018-12-07 06:51:39,819 INFO Received packet from mac: 52:54:03:00:00:aa (chain=3, port=0)
2018-12-07 06:51:39,819 INFO Received packet from mac: 52:54:02:00:00:aa (chain=2, port=0)
2018-12-07 06:51:39,819 INFO Received packet from mac: 52:54:00:00:00:aa (chain=0, port=0)
2018-12-07 06:51:39,819 INFO Received packet from mac: 52:54:01:00:00:aa (chain=1, port=0)
2018-12-07 06:51:39,819 INFO End-to-end connectivity established
2018-12-07 06:51:39,837 INFO Cleared all existing streams
2018-12-07 06:51:39,929 INFO Created 16 traffic streams for port 0.
2018-12-07 06:51:39,938 INFO Created 16 traffic streams for port 1.
2018-12-07 06:51:39,938 INFO *** Searching NDR for IMIX (Bidirectional)...
2018-12-07 06:51:39,938 INFO Range search [0.0 .. 200.0] targets: {'ndr': 0.001}
2018-12-07 06:51:39,939 INFO Modified traffic stream for port 0, new rate=100.0%.
2018-12-07 06:51:39,939 INFO Modified traffic stream for port 1, new rate=100.0%.
2018-12-07 06:51:39,939 INFO Running traffic generator


2018-12-07 06:51:46 - [local][warning]   - [1mCPU util. is high: 87.5%[22m
2018-12-07 06:51:49,966 INFO TX: 144682270; RX: 18340778; Est. Dropped: 126341492; Est. Drop rate: 87.3234%
2018-12-07 06:51:59,982 INFO TX: 289419343; RX: 36713642; Est. Dropped: 252705701; Est. Drop rate: 87.3147%
2018-12-07 06:52:09,979 INFO TX: 433718208; RX: 55035769; Est. Dropped: 378682439; Est. Drop rate: 87.3107%
2018-12-07 06:52:11,986 INFO WARNING: There is a significant difference between requested TX rate (16368398) and actual TX rate (14457273). The traffic generator may not have sufficient CPU to achieve the requested TX rate.
2018-12-07 06:52:11,986 INFO Average drop rate: 87.310708
2018-12-07 06:52:11,986 INFO Range search [0.0 .. 100.0] targets: {'ndr': 0.001}
2018-12-07 06:52:11,986 INFO Modified traffic stream for port 0, new rate=50.0%.
2018-12-07 06:52:11,986 INFO Modified traffic stream for port 1, new rate=50.0%.
2018-12-07 06:52:11,986 INFO Running traffic generator
2018-12-07 06:52:22,021 INFO TX: 81927907; RX: 18476448; Est. Dropped: 63451459; Est. Drop rate: 77.4479%
2018-12-07 06:52:32,033 INFO TX: 163886354; RX: 36963738; Est. Dropped: 126922616; Est. Drop rate: 77.4455%
2018-12-07 06:52:42,030 INFO TX: 245526504; RX: 55382986; Est. Dropped: 190143518; Est. Drop rate: 77.4432%
2018-12-07 06:52:44,038 INFO Average drop rate: 77.443174
2018-12-07 06:52:44,038 INFO Range search [0.0 .. 50.0] targets: {'ndr': 0.001}
2018-12-07 06:52:44,038 INFO Modified traffic stream for port 0, new rate=25.0%.
2018-12-07 06:52:44,038 INFO Modified traffic stream for port 1, new rate=25.0%.
2018-12-07 06:52:44,038 INFO Running traffic generator
2018-12-07 06:52:54,074 INFO TX: 40971982; RX: 18901903; Est. Dropped: 22070079; Est. Drop rate: 53.8663%
2018-12-07 06:53:04,090 INFO TX: 81960904; RX: 37813391; Est. Dropped: 44147513; Est. Drop rate: 53.8641%
2018-12-07 06:53:14,084 INFO TX: 122763520; RX: 56642164; Est. Dropped: 66121356; Est. Drop rate: 53.8608%
2018-12-07 06:53:16,092 INFO Average drop rate: 53.860753
2018-12-07 06:53:16,092 INFO Range search [0.0 .. 25.0] targets: {'ndr': 0.001}
2018-12-07 06:53:16,093 INFO Modified traffic stream for port 0, new rate=12.5%.
2018-12-07 06:53:16,093 INFO Modified traffic stream for port 1, new rate=12.5%.
2018-12-07 06:53:16,093 INFO Running traffic generator
2018-12-07 06:53:26,126 INFO TX: 20482120; RX: 20479799; Est. Dropped: 2321; Est. Drop rate: 0.0113%
2018-12-07 06:53:36,142 INFO TX: 40978099; RX: 40975818; Est. Dropped: 2281; Est. Drop rate: 0.0056%
2018-12-07 06:53:46,138 INFO TX: 61382040; RX: 61380008; Est. Dropped: 2032; Est. Drop rate: 0.0033%
2018-12-07 06:53:48,146 INFO Average drop rate: 0.003310
2018-12-07 06:53:48,146 INFO Range search [0.0 .. 12.5] targets: {'ndr': 0.001}
2018-12-07 06:53:48,146 INFO Modified traffic stream for port 0, new rate=6.25%.
2018-12-07 06:53:48,146 INFO Modified traffic stream for port 1, new rate=6.25%.
2018-12-07 06:53:48,146 INFO Running traffic generator
2018-12-07 06:53:58,173 INFO TX: 10234628; RX: 10234628; Est. Dropped: 0; Est. Drop rate: 0.0000%
2018-12-07 06:54:08,187 INFO TX: 20480164; RX: 20479942; Est. Dropped: 222; Est. Drop rate: 0.0011%
2018-12-07 06:54:18,188 INFO TX: 30691280; RX: 30691280; Est. Dropped: 0; Est. Drop rate: 0.0000%
2018-12-07 06:54:20,196 INFO Average drop rate: 0.000000
2018-12-07 06:54:20,196 INFO Range search [6.25 .. 12.5] targets: {'ndr': 0.001}
2018-12-07 06:54:20,197 INFO Modified traffic stream for port 0, new rate=9.375%.
2018-12-07 06:54:20,197 INFO Modified traffic stream for port 1, new rate=9.375%.
2018-12-07 06:54:20,197 INFO Running traffic generator
2018-12-07 06:54:30,219 INFO TX: 15345672; RX: 15345358; Est. Dropped: 314; Est. Drop rate: 0.0020%
2018-12-07 06:54:40,234 INFO TX: 30712772; RX: 30712517; Est. Dropped: 255; Est. Drop rate: 0.0008%
2018-12-07 06:54:50,243 INFO TX: 46036656; RX: 46036656; Est. Dropped: 0; Est. Drop rate: 0.0000%
2018-12-07 06:54:52,251 INFO Average drop rate: 0.000000
2018-12-07 06:54:52,251 INFO Range search [9.375 .. 12.5] targets: {'ndr': 0.001}
2018-12-07 06:54:52,251 INFO Modified traffic stream for port 0, new rate=10.9375%.
2018-12-07 06:54:52,251 INFO Modified traffic stream for port 1, new rate=10.9375%.
2018-12-07 06:54:52,251 INFO Running traffic generator
2018-12-07 06:55:02,282 INFO TX: 17919737; RX: 17919598; Est. Dropped: 139; Est. Drop rate: 0.0008%
2018-12-07 06:55:12,300 INFO TX: 35853952; RX: 35853874; Est. Dropped: 78; Est. Drop rate: 0.0002%
2018-12-07 06:55:22,293 INFO TX: 53709344; RX: 53709344; Est. Dropped: 0; Est. Drop rate: 0.0000%
2018-12-07 06:55:24,301 INFO Average drop rate: 0.000000
2018-12-07 06:55:24,302 INFO Range search [10.9375 .. 12.5] targets: {'ndr': 0.001}
2018-12-07 06:55:24,302 INFO Modified traffic stream for port 0, new rate=11.71875%.
2018-12-07 06:55:24,302 INFO Modified traffic stream for port 1, new rate=11.71875%.
2018-12-07 06:55:24,302 INFO Running traffic generator
2018-12-07 06:55:34,333 INFO TX: 19198600; RX: 19198409; Est. Dropped: 191; Est. Drop rate: 0.0010%
2018-12-07 06:55:44,350 INFO TX: 38413794; RX: 38413405; Est. Dropped: 389; Est. Drop rate: 0.0010%
2018-12-07 06:55:54,343 INFO TX: 57545688; RX: 57545688; Est. Dropped: 0; Est. Drop rate: 0.0000%
2018-12-07 06:55:56,352 INFO Average drop rate: 0.000000
2018-12-07 06:55:56,352 INFO Range search [11.71875 .. 12.5] targets: {'ndr': 0.001}
2018-12-07 06:55:56,353 INFO Modified traffic stream for port 0, new rate=12.109375%.
2018-12-07 06:55:56,353 INFO Modified traffic stream for port 1, new rate=12.109375%.
2018-12-07 06:55:56,353 INFO Running traffic generator
2018-12-07 06:56:06,384 INFO TX: 19842244; RX: 19842003; Est. Dropped: 241; Est. Drop rate: 0.0012%
2018-12-07 06:56:16,401 INFO TX: 39698156; RX: 39697974; Est. Dropped: 182; Est. Drop rate: 0.0005%
2018-12-07 06:56:26,394 INFO TX: 59463864; RX: 59463864; Est. Dropped: 0; Est. Drop rate: 0.0000%
2018-12-07 06:56:28,403 INFO Average drop rate: 0.000000
2018-12-07 06:56:28,403 INFO Range search [12.109375 .. 12.5] targets: {'ndr': 0.001}
2018-12-07 06:56:28,403 INFO Modified traffic stream for port 0, new rate=12.3046875%.
2018-12-07 06:56:28,403 INFO Modified traffic stream for port 1, new rate=12.3046875%.
2018-12-07 06:56:28,403 INFO Running traffic generator
2018-12-07 06:56:38,436 INFO TX: 20161944; RX: 20161698; Est. Dropped: 246; Est. Drop rate: 0.0012%
2018-12-07 06:56:48,453 INFO TX: 40337728; RX: 40337446; Est. Dropped: 282; Est. Drop rate: 0.0007%
2018-12-07 06:56:58,446 INFO TX: 60422944; RX: 60422944; Est. Dropped: 0; Est. Drop rate: 0.0000%
2018-12-07 06:57:00,455 INFO Average drop rate: 0.000000
2018-12-07 06:57:00,455 INFO Range search [12.3046875 .. 12.5] targets: {'ndr': 0.001}
2018-12-07 06:57:00,455 INFO Modified traffic stream for port 0, new rate=12.40234375%.
2018-12-07 06:57:00,455 INFO Modified traffic stream for port 1, new rate=12.40234375%.
2018-12-07 06:57:00,456 INFO Running traffic generator
2018-12-07 06:57:10,486 INFO TX: 20319932; RX: 20319558; Est. Dropped: 374; Est. Drop rate: 0.0018%
2018-12-07 06:57:20,503 INFO TX: 40656396; RX: 40656209; Est. Dropped: 187; Est. Drop rate: 0.0005%
2018-12-07 06:57:30,496 INFO TX: 60902488; RX: 60902488; Est. Dropped: 0; Est. Drop rate: 0.0000%
2018-12-07 06:57:32,505 INFO Average drop rate: 0.000000
2018-12-07 06:57:32,505 INFO Range search [12.40234375 .. 12.5] targets: {'ndr': 0.001}
2018-12-07 06:57:32,506 INFO Found ndr (0.001) load: 12.40234375
2018-12-07 06:57:32,506 INFO NDR load: 24.8046875
2018-12-07 06:57:32,506 INFO Service chain 'EXT' run completed.
2018-12-07 06:57:32,506 INFO Clean up skipped.
2018-12-07 06:57:32,536 INFO Saving results in json file: /tmp/nfvbench/csc_4c2n_ndr-imix.json...
2018-12-07 06:57:32,539 INFO 
========== NFVBench Summary ==========
Date: 2018-12-07 06:51:36
NFVBench version 2.0.5
Openstack Neutron:
  vSwitch: 
  Encapsulation: 
Benchmarks:
> Networks:
  > Components:
    > Traffic Generator:
        Profile: trex-local
        Tool: TRex
    > Versions:
      > Traffic_Generator:
          build_date: Nov 13 2017
          version: v2.32
          built_by: hhaim
          mode: STL
          build_time: 10:58:17
  > Measurement Parameters:
      NDR: 0.001
  > Service chain:
    > EXT:
      > Traffic:
          Profile: traffic_profile_IMIX
          Bidirectional: True
          Flow count: 1024
          Service chains count: 4
          Compute nodes: []
            
            Run Summary:
            
              +-----+-----------------+------------------+------------------+-----------------+----------------------+----------------------+----------------------+
              |  -  |  L2 Frame Size  |  Rate (fwd+rev)  |  Rate (fwd+rev)  |  Avg Drop Rate  |   Avg Latency (usec) |   Min Latency (usec) |   Max Latency (usec) |
              +=====+=================+==================+==================+=================+======================+======================+======================+
              | NDR |      IMIX       |   6.2012 Gbps    |  2,030,064 pps   |     0.0000%     |                  190 |                   10 |                  293 |
              +-----+-----------------+------------------+------------------+-----------------+----------------------+----------------------+----------------------+
              
            
            L2 frame size: IMIX
            NDR search duration: 353 seconds
            

