2018-12-07 15:27:12,864 INFO Loading configuration file: /tmp/nfvbench/nfvbench_config.cfg
2018-12-07 15:27:12,897 INFO EXT chain with OpenStack mode disabled
2018-12-07 15:27:12,897 INFO -c /tmp/nfvbench/nfvbench_config.cfg --rate 18500000pps --flow-count 1024 --duration 30 --json /tmp/nfvbench/csp_2c4n_18500000pps-imix.json
2018-12-07 15:27:12,898 INFO Connecting to TRex (127.0.0.1)...
2018-12-07 15:27:13,040 INFO Connected to TRex
2018-12-07 15:27:13,041 INFO    Port 0: Device 158b speed=25Gbps mac=3c:fd:fe:bd:f8:60 pci=0000:3b:00.0 driver=net_i40e
2018-12-07 15:27:13,041 INFO    Port 1: Device 158b speed=25Gbps mac=3c:fd:fe:bd:f8:61 pci=0000:3b:00.1 driver=net_i40e
2018-12-07 15:27:13,041 INFO ChainRunner initialized
2018-12-07 15:27:13,042 INFO Starting 2xEXT benchmark...
2018-12-07 15:27:13,147 INFO Polling ARP until successful...
2018-12-07 15:27:13,356 INFO    ARP: port=0 chain=0 src IP=172.16.10.100 dst IP=172.16.10.10 -> MAC=52:54:00:00:00:aa
2018-12-07 15:27:13,356 INFO    ARP: port=0 chain=1 src IP=172.16.10.101 dst IP=172.16.10.11 -> MAC=52:54:01:00:00:aa
2018-12-07 15:27:13,356 INFO ARP resolved successfully for port 0
2018-12-07 15:27:13,472 INFO    ARP: port=1 chain=0 src IP=172.16.20.100 dst IP=172.16.20.10 -> MAC=52:54:00:00:00:bb
2018-12-07 15:27:13,472 INFO    ARP: port=1 chain=1 src IP=172.16.20.101 dst IP=172.16.20.11 -> MAC=52:54:01:00:00:bb
2018-12-07 15:27:13,472 INFO ARP resolved successfully for port 1
2018-12-07 15:27:13,574 INFO Port 0: dst MAC ['52:54:00:00:00:aa', '52:54:01:00:00:aa']
2018-12-07 15:27:13,574 INFO Port 1: dst MAC ['52:54:00:00:00:bb', '52:54:01:00:00:bb']
2018-12-07 15:27:13,574 INFO Starting traffic generator to ensure end-to-end connectivity
2018-12-07 15:27:13,586 INFO Created 2 traffic streams for port 0.
2018-12-07 15:27:13,588 INFO Created 2 traffic streams for port 1.
2018-12-07 15:27:13,697 INFO Captured unique src mac 0/4, capturing return packets (retry 1/100)...
2018-12-07 15:27:15,818 INFO Received packet from mac: 52:54:01:00:00:bb (chain=1, port=1)
2018-12-07 15:27:15,819 INFO Received packet from mac: 52:54:00:00:00:bb (chain=0, port=1)
2018-12-07 15:27:15,819 INFO Received packet from mac: 52:54:00:00:00:aa (chain=0, port=0)
2018-12-07 15:27:15,819 INFO Received packet from mac: 52:54:01:00:00:aa (chain=1, port=0)
2018-12-07 15:27:15,819 INFO End-to-end connectivity established
2018-12-07 15:27:15,835 INFO Cleared all existing streams
2018-12-07 15:27:15,882 INFO Created 8 traffic streams for port 0.
2018-12-07 15:27:15,887 INFO Created 8 traffic streams for port 1.
2018-12-07 15:27:15,887 INFO Starting to generate traffic...
2018-12-07 15:27:15,887 INFO Running traffic generator


2018-12-07 15:27:24 - [local][warning]   - [1mCPU util. is high: 88.1%[22m
2018-12-07 15:27:25,911 INFO TX: 144145720; RX: 35982759; Est. Dropped: 108162961; Est. Drop rate: 75.0372%
2018-12-07 15:27:35,925 INFO TX: 288386930; RX: 72002944; Est. Dropped: 216383986; Est. Drop rate: 75.0325%
2018-12-07 15:27:45,924 INFO TX: 432230600; RX: 107922422; Est. Dropped: 324308178; Est. Drop rate: 75.0313%
2018-12-07 15:27:45,924 INFO ...traffic generating ended.
2018-12-07 15:27:45,929 INFO WARNING: There is a significant difference between requested TX rate (18500000.0) and actual TX rate (14407686). The traffic generator may not have sufficient CPU to achieve the requested TX rate.
2018-12-07 15:27:45,929 INFO Service chain 'EXT' run completed.
2018-12-07 15:27:45,929 INFO Clean up skipped.
2018-12-07 15:27:45,954 INFO Saving results in json file: /tmp/nfvbench/csp_2c4n_18500000pps-imix.json...
2018-12-07 15:27:45,960 INFO 
========== NFVBench Summary ==========
Date: 2018-12-07 15:27:13
NFVBench version 2.0.5
Openstack Neutron:
  vSwitch: 
  Encapsulation: 
Benchmarks:
> Networks:
  > Components:
    > Traffic Generator:
        Profile: trex-local
        Tool: TRex
    > Versions:
      > Traffic_Generator:
          build_date: Nov 13 2017
          version: v2.32
          built_by: hhaim
          mode: STL
          build_time: 10:58:17
  > Service chain:
    > EXT:
      > Traffic:
          Profile: traffic_profile_IMIX
          Bidirectional: True
          Flow count: 1024
          Service chains count: 2
          Compute nodes: []
            
            Run Summary:
            
              +-----------------+-------------+----------------------+----------------------+----------------------+
              |  L2 Frame Size  |  Drop Rate  |   Avg Latency (usec) |   Min Latency (usec) |  Max Latency (usec)  |
              +=================+=============+======================+======================+======================+
              |      IMIX       |  75.0313%   |                  888 |                  300 |        1,156         |
              +-----------------+-------------+----------------------+----------------------+----------------------+
              
            
            L2 frame size: IMIX
            
            Run Config:
            
              +-------------+---------------------------+------------------------+-----------------+---------------------------+------------------------+-----------------+
              |  Direction  |  Requested TX Rate (bps)  |  Actual TX Rate (bps)  |  RX Rate (bps)  |  Requested TX Rate (pps)  |  Actual TX Rate (pps)  |  RX Rate (pps)  |
              +=============+===========================+========================+=================+===========================+========================+=================+
              |   Forward   |       28.2557 Gbps        |      22.0057 Gbps      |   5.5664 Gbps   |       9,250,000 pps       |     7,203,951 pps      |  1,822,265 pps  |
              +-------------+---------------------------+------------------------+-----------------+---------------------------+------------------------+-----------------+
              |   Reverse   |       28.2557 Gbps        |      22.0050 Gbps      |   5.4225 Gbps   |       9,250,000 pps       |     7,203,735 pps      |  1,775,148 pps  |
              +-------------+---------------------------+------------------------+-----------------+---------------------------+------------------------+-----------------+
              |    Total    |       56.5113 Gbps        |      44.0107 Gbps      |  10.9889 Gbps   |      18,500,000 pps       |     14,407,686 pps     |  3,597,413 pps  |
              +-------------+---------------------------+------------------------+-----------------+---------------------------+------------------------+-----------------+
              
              WARNING: There is a significant difference between requested TX rate (18500000.0) and actual TX rate (14407686). The traffic generator may not have sufficient CPU to achieve the requested TX rate.
              
            Forward Chain Packet Counters and Latency:
            
              +---------+--------------+--------------------------+------------+------------+------------+
              |  Chain  |  TRex.TX.p0  |        TRex.RX.p1        |  Avg lat.  |  Min lat.  |  Max lat.  |
              +=========+==============+==========================+============+============+============+
              |    0    | 108,059,268  | -80,725,947 (-74.7053%)  |  886 usec  |  300 usec  | 1,015 usec |
              +---------+--------------+--------------------------+------------+------------+------------+
              |    1    | 108,059,268  | -80,724,610 (-74.7040%)  |  903 usec  |  300 usec  | 1,046 usec |
              +---------+--------------+--------------------------+------------+------------+------------+
              |  total  | 216,118,536  | -161,450,557 (-74.7046%) |  895 usec  |  300 usec  | 1,046 usec |
              +---------+--------------+--------------------------+------------+------------+------------+
              
            Reverse Chain Packet Counters and Latency:
            
              +---------+--------------+--------------------------+------------+------------+------------+
              |  Chain  |  TRex.TX.p1  |        TRex.RX.p0        |  Avg lat.  |  Min lat.  |  Max lat.  |
              +=========+==============+==========================+============+============+============+
              |    0    | 108,056,032  | -81,429,176 (-75.3583%)  |  875 usec  |  500 usec  | 1,140 usec |
              +---------+--------------+--------------------------+------------+------------+------------+
              |    1    | 108,056,032  | -81,428,445 (-75.3576%)  |  892 usec  |  500 usec  | 1,156 usec |
              +---------+--------------+--------------------------+------------+------------+------------+
              |  total  | 216,112,064  | -162,857,621 (-75.3579%) |  884 usec  |  500 usec  | 1,156 usec |
              +---------+--------------+--------------------------+------------+------------+------------+
              

