2018-12-07 14:12:26,002 INFO Loading configuration file: /tmp/nfvbench/nfvbench_config.cfg
2018-12-07 14:12:26,035 INFO EXT chain with OpenStack mode disabled
2018-12-07 14:12:26,035 INFO -c /tmp/nfvbench/nfvbench_config.cfg --rate 18500000pps --flow-count 1024 --duration 30 --json /tmp/nfvbench/csp_1c6n_18500000pps-imix.json
2018-12-07 14:12:26,037 INFO Connecting to TRex (127.0.0.1)...
2018-12-07 14:12:26,173 INFO Connected to TRex
2018-12-07 14:12:26,173 INFO    Port 0: Device 158b speed=25Gbps mac=3c:fd:fe:bd:f8:60 pci=0000:3b:00.0 driver=net_i40e
2018-12-07 14:12:26,173 INFO    Port 1: Device 158b speed=25Gbps mac=3c:fd:fe:bd:f8:61 pci=0000:3b:00.1 driver=net_i40e
2018-12-07 14:12:26,173 INFO ChainRunner initialized
2018-12-07 14:12:26,174 INFO Starting 1xEXT benchmark...
2018-12-07 14:12:26,278 INFO Polling ARP until successful...
2018-12-07 14:12:26,389 INFO    ARP: port=0 chain=0 src IP=172.16.10.100 dst IP=172.16.10.10 -> MAC=52:54:00:00:00:aa
2018-12-07 14:12:26,389 INFO ARP resolved successfully for port 0
2018-12-07 14:12:26,499 INFO    ARP: port=1 chain=0 src IP=172.16.20.100 dst IP=172.16.20.10 -> MAC=52:54:00:00:00:bb
2018-12-07 14:12:26,499 INFO ARP resolved successfully for port 1
2018-12-07 14:12:26,601 INFO Port 0: dst MAC ['52:54:00:00:00:aa']
2018-12-07 14:12:26,601 INFO Port 1: dst MAC ['52:54:00:00:00:bb']
2018-12-07 14:12:26,601 INFO Starting traffic generator to ensure end-to-end connectivity
2018-12-07 14:12:26,608 INFO Created 1 traffic streams for port 0.
2018-12-07 14:12:26,609 INFO Created 1 traffic streams for port 1.
2018-12-07 14:12:26,718 INFO Captured unique src mac 0/2, capturing return packets (retry 1/100)...
2018-12-07 14:12:28,839 INFO Received packet from mac: 52:54:00:00:00:bb (chain=0, port=1)
2018-12-07 14:12:28,839 INFO Received packet from mac: 52:54:00:00:00:aa (chain=0, port=0)
2018-12-07 14:12:28,839 INFO End-to-end connectivity established
2018-12-07 14:12:28,856 INFO Cleared all existing streams
2018-12-07 14:12:28,880 INFO Created 4 traffic streams for port 0.
2018-12-07 14:12:28,882 INFO Created 4 traffic streams for port 1.
2018-12-07 14:12:28,883 INFO Starting to generate traffic...
2018-12-07 14:12:28,883 INFO Running traffic generator


2018-12-07 14:12:36 - [local][warning]   - [1mCPU util. is high: 86.8%[22m
2018-12-07 14:12:38,901 INFO TX: 144041911; RX: 42450051; Est. Dropped: 101591860; Est. Drop rate: 70.5294%
2018-12-07 14:12:48,910 INFO TX: 287967874; RX: 85016552; Est. Dropped: 202951322; Est. Drop rate: 70.4771%
2018-12-07 14:12:58,915 INFO TX: 431705638; RX: 127512422; Est. Dropped: 304193216; Est. Drop rate: 70.4631%
2018-12-07 14:12:58,915 INFO ...traffic generating ended.
2018-12-07 14:12:58,919 INFO WARNING: There is a significant difference between requested TX rate (18500000.0) and actual TX rate (14390187). The traffic generator may not have sufficient CPU to achieve the requested TX rate.
2018-12-07 14:12:58,919 INFO Service chain 'EXT' run completed.
2018-12-07 14:12:58,919 INFO Clean up skipped.
2018-12-07 14:12:58,945 INFO Saving results in json file: /tmp/nfvbench/csp_1c6n_18500000pps-imix.json...
2018-12-07 14:12:58,952 INFO 
========== NFVBench Summary ==========
Date: 2018-12-07 14:12:26
NFVBench version 2.0.5
Openstack Neutron:
  vSwitch: 
  Encapsulation: 
Benchmarks:
> Networks:
  > Components:
    > Traffic Generator:
        Profile: trex-local
        Tool: TRex
    > Versions:
      > Traffic_Generator:
          build_date: Nov 13 2017
          version: v2.32
          built_by: hhaim
          mode: STL
          build_time: 10:58:17
  > Service chain:
    > EXT:
      > Traffic:
          Profile: traffic_profile_IMIX
          Bidirectional: True
          Flow count: 1024
          Service chains count: 1
          Compute nodes: []
            
            Run Summary:
            
              +-----------------+-------------+----------------------+----------------------+----------------------+
              |  L2 Frame Size  |  Drop Rate  |  Avg Latency (usec)  |   Min Latency (usec) |  Max Latency (usec)  |
              +=================+=============+======================+======================+======================+
              |      IMIX       |  70.4631%   |        1,293         |                   20 |        1,660         |
              +-----------------+-------------+----------------------+----------------------+----------------------+
              
            
            L2 frame size: IMIX
            
            Run Config:
            
              +-------------+---------------------------+------------------------+-----------------+---------------------------+------------------------+-----------------+
              |  Direction  |  Requested TX Rate (bps)  |  Actual TX Rate (bps)  |  RX Rate (bps)  |  Requested TX Rate (pps)  |  Actual TX Rate (pps)  |  RX Rate (pps)  |
              +=============+===========================+========================+=================+===========================+========================+=================+
              |   Forward   |       28.2557 Gbps        |      21.9781 Gbps      |   6.4916 Gbps   |       9,250,000 pps       |     7,194,941 pps      |  2,125,156 pps  |
              +-------------+---------------------------+------------------------+-----------------+---------------------------+------------------------+-----------------+
              |   Reverse   |       28.2557 Gbps        |      21.9791 Gbps      |   6.4920 Gbps   |       9,250,000 pps       |     7,195,246 pps      |  2,125,257 pps  |
              +-------------+---------------------------+------------------------+-----------------+---------------------------+------------------------+-----------------+
              |    Total    |       56.5113 Gbps        |      43.9572 Gbps      |  12.9836 Gbps   |      18,500,000 pps       |     14,390,187 pps     |  4,250,413 pps  |
              +-------------+---------------------------+------------------------+-----------------+---------------------------+------------------------+-----------------+
              
              WARNING: There is a significant difference between requested TX rate (18500000.0) and actual TX rate (14390187). The traffic generator may not have sufficient CPU to achieve the requested TX rate.
              
            Forward Chain Packet Counters and Latency:
            
              +---------+--------------+--------------------------+------------+------------+------------+
              |   Chain |  TRex.TX.p0  |        TRex.RX.p1        |  Avg lat.  |  Min lat.  |  Max lat.  |
              +=========+==============+==========================+============+============+============+
              |       0 | 215,848,231  | -152,093,522 (-70.4632%) | 1,354 usec |  20 usec   | 1,660 usec |
              +---------+--------------+--------------------------+------------+------------+------------+
              
            Reverse Chain Packet Counters and Latency:
            
              +---------+--------------+--------------------------+------------+------------+------------+
              |   Chain |  TRex.TX.p1  |        TRex.RX.p0        |  Avg lat.  |  Min lat.  |  Max lat.  |
              +=========+==============+==========================+============+============+============+
              |       0 | 215,857,407  | -152,099,694 (-70.4630%) | 1,233 usec |  40 usec   | 1,409 usec |
              +---------+--------------+--------------------------+------------+------------+------------+
              

