2018-12-07 14:49:20,851 INFO Loading configuration file: /tmp/nfvbench/nfvbench_config.cfg
2018-12-07 14:49:20,883 INFO EXT chain with OpenStack mode disabled
2018-12-07 14:49:20,884 INFO -c /tmp/nfvbench/nfvbench_config.cfg --rate 18500000pps --flow-count 1024 --duration 30 --json /tmp/nfvbench/csp_2c2n_18500000pps-imix.json
2018-12-07 14:49:20,885 INFO Connecting to TRex (127.0.0.1)...
2018-12-07 14:49:21,028 INFO Connected to TRex
2018-12-07 14:49:21,028 INFO    Port 0: Device 158b speed=25Gbps mac=3c:fd:fe:bd:f8:60 pci=0000:3b:00.0 driver=net_i40e
2018-12-07 14:49:21,028 INFO    Port 1: Device 158b speed=25Gbps mac=3c:fd:fe:bd:f8:61 pci=0000:3b:00.1 driver=net_i40e
2018-12-07 14:49:21,029 INFO ChainRunner initialized
2018-12-07 14:49:21,029 INFO Starting 2xEXT benchmark...
2018-12-07 14:49:21,134 INFO Polling ARP until successful...
2018-12-07 14:49:21,250 INFO    ARP: port=0 chain=0 src IP=172.16.10.100 dst IP=172.16.10.10 -> MAC=52:54:00:00:00:aa
2018-12-07 14:49:21,250 INFO    ARP: port=0 chain=1 src IP=172.16.10.101 dst IP=172.16.10.11 -> MAC=52:54:01:00:00:aa
2018-12-07 14:49:21,250 INFO ARP resolved successfully for port 0
2018-12-07 14:49:21,458 INFO    ARP: port=1 chain=0 src IP=172.16.20.100 dst IP=172.16.20.10 -> MAC=52:54:00:00:00:bb
2018-12-07 14:49:21,459 INFO    ARP: port=1 chain=1 src IP=172.16.20.101 dst IP=172.16.20.11 -> MAC=52:54:01:00:00:bb
2018-12-07 14:49:21,459 INFO ARP resolved successfully for port 1
2018-12-07 14:49:21,560 INFO Port 0: dst MAC ['52:54:00:00:00:aa', '52:54:01:00:00:aa']
2018-12-07 14:49:21,560 INFO Port 1: dst MAC ['52:54:00:00:00:bb', '52:54:01:00:00:bb']
2018-12-07 14:49:21,560 INFO Starting traffic generator to ensure end-to-end connectivity
2018-12-07 14:49:21,573 INFO Created 2 traffic streams for port 0.
2018-12-07 14:49:21,574 INFO Created 2 traffic streams for port 1.
2018-12-07 14:49:21,684 INFO Captured unique src mac 0/4, capturing return packets (retry 1/100)...
2018-12-07 14:49:23,806 INFO Received packet from mac: 52:54:01:00:00:bb (chain=1, port=1)
2018-12-07 14:49:23,806 INFO Received packet from mac: 52:54:00:00:00:bb (chain=0, port=1)
2018-12-07 14:49:23,806 INFO Received packet from mac: 52:54:00:00:00:aa (chain=0, port=0)
2018-12-07 14:49:23,806 INFO Received packet from mac: 52:54:01:00:00:aa (chain=1, port=0)
2018-12-07 14:49:23,806 INFO End-to-end connectivity established
2018-12-07 14:49:23,822 INFO Cleared all existing streams
2018-12-07 14:49:23,869 INFO Created 8 traffic streams for port 0.
2018-12-07 14:49:23,875 INFO Created 8 traffic streams for port 1.
2018-12-07 14:49:23,875 INFO Starting to generate traffic...
2018-12-07 14:49:23,875 INFO Running traffic generator


2018-12-07 14:49:31 - [local][warning]   - [1mCPU util. is high: 85.7%[22m
2018-12-07 14:49:33,897 INFO TX: 144159617; RX: 37543824; Est. Dropped: 106615793; Est. Drop rate: 73.9568%
2018-12-07 14:49:43,912 INFO TX: 288368196; RX: 75137548; Est. Dropped: 213230648; Est. Drop rate: 73.9439%
2018-12-07 14:49:53,910 INFO TX: 432185964; RX: 112617886; Est. Dropped: 319568078; Est. Drop rate: 73.9423%
2018-12-07 14:49:53,910 INFO ...traffic generating ended.
2018-12-07 14:49:53,915 INFO WARNING: There is a significant difference between requested TX rate (18500000.0) and actual TX rate (14406198). The traffic generator may not have sufficient CPU to achieve the requested TX rate.
2018-12-07 14:49:53,915 INFO Service chain 'EXT' run completed.
2018-12-07 14:49:53,915 INFO Clean up skipped.
2018-12-07 14:49:53,942 INFO Saving results in json file: /tmp/nfvbench/csp_2c2n_18500000pps-imix.json...
2018-12-07 14:49:53,949 INFO 
========== NFVBench Summary ==========
Date: 2018-12-07 14:49:21
NFVBench version 2.0.5
Openstack Neutron:
  vSwitch: 
  Encapsulation: 
Benchmarks:
> Networks:
  > Components:
    > Traffic Generator:
        Profile: trex-local
        Tool: TRex
    > Versions:
      > Traffic_Generator:
          build_date: Nov 13 2017
          version: v2.32
          built_by: hhaim
          mode: STL
          build_time: 10:58:17
  > Service chain:
    > EXT:
      > Traffic:
          Profile: traffic_profile_IMIX
          Bidirectional: True
          Flow count: 1024
          Service chains count: 2
          Compute nodes: []
            
            Run Summary:
            
              +-----------------+-------------+----------------------+----------------------+----------------------+
              |  L2 Frame Size  |  Drop Rate  |   Avg Latency (usec) |   Min Latency (usec) |  Max Latency (usec)  |
              +=================+=============+======================+======================+======================+
              |      IMIX       |  73.9423%   |                  850 |                  200 |        1,092         |
              +-----------------+-------------+----------------------+----------------------+----------------------+
              
            
            L2 frame size: IMIX
            
            Run Config:
            
              +-------------+---------------------------+------------------------+-----------------+---------------------------+------------------------+-----------------+
              |  Direction  |  Requested TX Rate (bps)  |  Actual TX Rate (bps)  |  RX Rate (bps)  |  Requested TX Rate (pps)  |  Actual TX Rate (pps)  |  RX Rate (pps)  |
              +=============+===========================+========================+=================+===========================+========================+=================+
              |   Forward   |       28.2557 Gbps        |      22.0029 Gbps      |   5.7334 Gbps   |       9,250,000 pps       |     7,203,030 pps      |  1,876,942 pps  |
              +-------------+---------------------------+------------------------+-----------------+---------------------------+------------------------+-----------------+
              |   Reverse   |       28.2557 Gbps        |      22.0033 Gbps      |   5.7336 Gbps   |       9,250,000 pps       |     7,203,168 pps      |  1,876,987 pps  |
              +-------------+---------------------------+------------------------+-----------------+---------------------------+------------------------+-----------------+
              |    Total    |       56.5113 Gbps        |      44.0061 Gbps      |  11.4670 Gbps   |      18,500,000 pps       |     14,406,198 pps     |  3,753,929 pps  |
              +-------------+---------------------------+------------------------+-----------------+---------------------------+------------------------+-----------------+
              
              WARNING: There is a significant difference between requested TX rate (18500000.0) and actual TX rate (14406198). The traffic generator may not have sufficient CPU to achieve the requested TX rate.
              
            Forward Chain Packet Counters and Latency:
            
              +---------+--------------+--------------------------+------------+------------+------------+
              |  Chain  |  TRex.TX.p0  |        TRex.RX.p1        |  Avg lat.  |  Min lat.  |  Max lat.  |
              +=========+==============+==========================+============+============+============+
              |    0    | 108,045,458  | -79,892,313 (-73.9432%)  |  837 usec  |  200 usec  | 1,077 usec |
              +---------+--------------+--------------------------+------------+------------+------------+
              |    1    | 108,045,458  | -79,890,328 (-73.9414%)  |  854 usec  |  300 usec  | 1,092 usec |
              +---------+--------------+--------------------------+------------+------------+------------+
              |  total  | 216,090,916  | -159,782,641 (-73.9423%) |  846 usec  |  200 usec  | 1,092 usec |
              +---------+--------------+--------------------------+------------+------------+------------+
              
            Reverse Chain Packet Counters and Latency:
            
              +---------+--------------+--------------------------+------------+------------+------------+
              |  Chain  |  TRex.TX.p1  |        TRex.RX.p0        |  Avg lat.  |  Min lat.  |  Max lat.  |
              +=========+==============+==========================+============+============+============+
              |    0    | 108,047,524  | -79,892,093 (-73.9416%)  |  849 usec  |  200 usec  |  935 usec  |
              +---------+--------------+--------------------------+------------+------------+------------+
              |    1    | 108,047,524  | -79,893,344 (-73.9428%)  |  866 usec  |  200 usec  |  951 usec  |
              +---------+--------------+--------------------------+------------+------------+------------+
              |  total  | 216,095,048  | -159,785,437 (-73.9422%) |  858 usec  |  200 usec  |  951 usec  |
              +---------+--------------+--------------------------+------------+------------+------------+
              

