2018-12-07 07:35:29,087 INFO Loading configuration file: /tmp/nfvbench/nfvbench_config.cfg
2018-12-07 07:35:29,120 INFO EXT chain with OpenStack mode disabled
2018-12-07 07:35:29,120 INFO -c /tmp/nfvbench/nfvbench_config.cfg --rate ndr --flow-count 1024 --duration 30 --json /tmp/nfvbench/csp_1c1n_ndr-imix.json
2018-12-07 07:35:29,121 INFO Connecting to TRex (127.0.0.1)...
2018-12-07 07:35:29,255 INFO Connected to TRex
2018-12-07 07:35:29,256 INFO    Port 0: Device 158b speed=25Gbps mac=3c:fd:fe:bd:f8:60 pci=0000:3b:00.0 driver=net_i40e
2018-12-07 07:35:29,256 INFO    Port 1: Device 158b speed=25Gbps mac=3c:fd:fe:bd:f8:61 pci=0000:3b:00.1 driver=net_i40e
2018-12-07 07:35:29,256 INFO ChainRunner initialized
2018-12-07 07:35:29,257 INFO Starting 1xEXT benchmark...
2018-12-07 07:35:29,362 INFO Polling ARP until successful...
2018-12-07 07:35:29,472 INFO    ARP: port=0 chain=0 src IP=172.16.10.100 dst IP=172.16.10.10 -> MAC=52:54:00:00:00:aa
2018-12-07 07:35:29,472 INFO ARP resolved successfully for port 0
2018-12-07 07:35:29,582 INFO    ARP: port=1 chain=0 src IP=172.16.20.100 dst IP=172.16.20.10 -> MAC=52:54:00:00:00:bb
2018-12-07 07:35:29,583 INFO ARP resolved successfully for port 1
2018-12-07 07:35:29,684 INFO Port 0: dst MAC ['52:54:00:00:00:aa']
2018-12-07 07:35:29,684 INFO Port 1: dst MAC ['52:54:00:00:00:bb']
2018-12-07 07:35:29,684 INFO Starting traffic generator to ensure end-to-end connectivity
2018-12-07 07:35:29,691 INFO Created 1 traffic streams for port 0.
2018-12-07 07:35:29,692 INFO Created 1 traffic streams for port 1.
2018-12-07 07:35:29,801 INFO Captured unique src mac 0/2, capturing return packets (retry 1/100)...
2018-12-07 07:35:31,923 INFO Received packet from mac: 52:54:00:00:00:bb (chain=0, port=1)
2018-12-07 07:35:31,923 INFO Received packet from mac: 52:54:00:00:00:aa (chain=0, port=0)
2018-12-07 07:35:31,923 INFO End-to-end connectivity established
2018-12-07 07:35:31,940 INFO Cleared all existing streams
2018-12-07 07:35:31,963 INFO Created 4 traffic streams for port 0.
2018-12-07 07:35:31,966 INFO Created 4 traffic streams for port 1.
2018-12-07 07:35:31,966 INFO *** Searching NDR for IMIX (Bidirectional)...
2018-12-07 07:35:31,967 INFO Range search [0.0 .. 200.0] targets: {'ndr': 0.001}
2018-12-07 07:35:31,967 INFO Modified traffic stream for port 0, new rate=100.0%.
2018-12-07 07:35:31,967 INFO Modified traffic stream for port 1, new rate=100.0%.
2018-12-07 07:35:31,967 INFO Running traffic generator


2018-12-07 07:35:37 - [local][warning]   - [1mCPU util. is high: 85.7%[22m
2018-12-07 07:35:41,987 INFO TX: 144129522; RX: 44960374; Est. Dropped: 99169148; Est. Drop rate: 68.8056%
2018-12-07 07:35:52,001 INFO TX: 288155903; RX: 89925318; Est. Dropped: 198230585; Est. Drop rate: 68.7928%
2018-12-07 07:36:02,000 INFO TX: 431968867; RX: 134773589; Est. Dropped: 297195278; Est. Drop rate: 68.8002%
2018-12-07 07:36:04,006 INFO WARNING: There is a significant difference between requested TX rate (16368398) and actual TX rate (14398962). The traffic generator may not have sufficient CPU to achieve the requested TX rate.
2018-12-07 07:36:04,006 INFO Average drop rate: 68.800161
2018-12-07 07:36:04,006 INFO Range search [0.0 .. 100.0] targets: {'ndr': 0.001}
2018-12-07 07:36:04,006 INFO Modified traffic stream for port 0, new rate=50.0%.
2018-12-07 07:36:04,006 INFO Modified traffic stream for port 1, new rate=50.0%.
2018-12-07 07:36:04,006 INFO Running traffic generator
2018-12-07 07:36:14,031 INFO TX: 81919018; RX: 44834394; Est. Dropped: 37084624; Est. Drop rate: 45.2699%
2018-12-07 07:36:24,046 INFO TX: 163873158; RX: 89766490; Est. Dropped: 74106668; Est. Drop rate: 45.2220%
2018-12-07 07:36:34,041 INFO TX: 245526116; RX: 134537872; Est. Dropped: 110988244; Est. Drop rate: 45.2043%
2018-12-07 07:36:36,047 INFO Average drop rate: 45.204252
2018-12-07 07:36:36,047 INFO Range search [0.0 .. 50.0] targets: {'ndr': 0.001}
2018-12-07 07:36:36,047 INFO Modified traffic stream for port 0, new rate=25.0%.
2018-12-07 07:36:36,047 INFO Modified traffic stream for port 1, new rate=25.0%.
2018-12-07 07:36:36,047 INFO Running traffic generator
2018-12-07 07:36:46,071 INFO TX: 40960128; RX: 40960091; Est. Dropped: 37; Est. Drop rate: 0.0001%
2018-12-07 07:36:56,085 INFO TX: 81937488; RX: 81937365; Est. Dropped: 123; Est. Drop rate: 0.0002%
2018-12-07 07:37:06,082 INFO TX: 122763118; RX: 122763118; Est. Dropped: 0; Est. Drop rate: 0.0000%
2018-12-07 07:37:08,088 INFO Average drop rate: 0.000000
2018-12-07 07:37:08,088 INFO Range search [25.0 .. 50.0] targets: {'ndr': 0.001}
2018-12-07 07:37:08,088 INFO Modified traffic stream for port 0, new rate=37.5%.
2018-12-07 07:37:08,088 INFO Modified traffic stream for port 1, new rate=37.5%.
2018-12-07 07:37:08,088 INFO Running traffic generator
2018-12-07 07:37:18,111 INFO TX: 61443442; RX: 44999960; Est. Dropped: 16443482; Est. Drop rate: 26.7620%
2018-12-07 07:37:28,125 INFO TX: 122909939; RX: 90050502; Est. Dropped: 32859437; Est. Drop rate: 26.7346%
2018-12-07 07:37:38,121 INFO TX: 184144592; RX: 134907286; Est. Dropped: 49237306; Est. Drop rate: 26.7384%
2018-12-07 07:37:40,127 INFO Average drop rate: 26.738394
2018-12-07 07:37:40,127 INFO Range search [25.0 .. 37.5] targets: {'ndr': 0.001}
2018-12-07 07:37:40,127 INFO Modified traffic stream for port 0, new rate=31.25%.
2018-12-07 07:37:40,127 INFO Modified traffic stream for port 1, new rate=31.25%.
2018-12-07 07:37:40,127 INFO Running traffic generator
2018-12-07 07:37:50,151 INFO TX: 51199867; RX: 44969494; Est. Dropped: 6230373; Est. Drop rate: 12.1687%
2018-12-07 07:38:00,165 INFO TX: 102421852; RX: 90018912; Est. Dropped: 12402940; Est. Drop rate: 12.1097%
2018-12-07 07:38:10,161 INFO TX: 153453880; RX: 134899273; Est. Dropped: 18554607; Est. Drop rate: 12.0913%
2018-12-07 07:38:12,167 INFO Average drop rate: 12.091325
2018-12-07 07:38:12,167 INFO Range search [25.0 .. 31.25] targets: {'ndr': 0.001}
2018-12-07 07:38:12,167 INFO Modified traffic stream for port 0, new rate=28.125%.
2018-12-07 07:38:12,167 INFO Modified traffic stream for port 1, new rate=28.125%.
2018-12-07 07:38:12,167 INFO Running traffic generator
q2018-12-07 07:38:22,191 INFO TX: 46083637; RX: 44893961; Est. Dropped: 1189676; Est. Drop rate: 2.5816%
2018-12-07 07:38:32,205 INFO TX: 92183218; RX: 89931164; Est. Dropped: 2252054; Est. Drop rate: 2.4430%
2018-12-07 07:38:42,201 INFO TX: 138108488; RX: 134790564; Est. Dropped: 3317924; Est. Drop rate: 2.4024%
2018-12-07 07:38:44,207 INFO Average drop rate: 2.402404
2018-12-07 07:38:44,207 INFO Range search [25.0 .. 28.125] targets: {'ndr': 0.001}
2018-12-07 07:38:44,207 INFO Modified traffic stream for port 0, new rate=26.5625%.
2018-12-07 07:38:44,207 INFO Modified traffic stream for port 1, new rate=26.5625%.
2018-12-07 07:38:44,207 INFO Running traffic generator
2018-12-07 07:38:54,230 INFO TX: 43518593; RX: 43518455; Est. Dropped: 138; Est. Drop rate: 0.0003%
2018-12-07 07:39:04,244 INFO TX: 87056860; RX: 87056658; Est. Dropped: 202; Est. Drop rate: 0.0002%
2018-12-07 07:39:14,241 INFO TX: 130435800; RX: 130435800; Est. Dropped: 0; Est. Drop rate: 0.0000%
2018-12-07 07:39:16,247 INFO Average drop rate: 0.000000
2018-12-07 07:39:16,247 INFO Range search [26.5625 .. 28.125] targets: {'ndr': 0.001}
2018-12-07 07:39:16,247 INFO Modified traffic stream for port 0, new rate=27.34375%.
2018-12-07 07:39:16,247 INFO Modified traffic stream for port 1, new rate=27.34375%.
2018-12-07 07:39:16,247 INFO Running traffic generator
2018-12-07 07:39:26,270 INFO TX: 44803003; RX: 44802897; Est. Dropped: 106; Est. Drop rate: 0.0002%
2018-12-07 07:39:36,284 INFO TX: 89622525; RX: 89622343; Est. Dropped: 182; Est. Drop rate: 0.0002%
2018-12-07 07:39:46,280 INFO TX: 134272136; RX: 134272136; Est. Dropped: 0; Est. Drop rate: 0.0000%
2018-12-07 07:39:48,286 INFO Average drop rate: 0.000000
2018-12-07 07:39:48,286 INFO Range search [27.34375 .. 28.125] targets: {'ndr': 0.001}
2018-12-07 07:39:48,286 INFO Modified traffic stream for port 0, new rate=27.734375%.
2018-12-07 07:39:48,286 INFO Modified traffic stream for port 1, new rate=27.734375%.
2018-12-07 07:39:48,286 INFO Running traffic generator
2018-12-07 07:39:58,311 INFO TX: 45438614; RX: 44904893; Est. Dropped: 533721; Est. Drop rate: 1.1746%
2018-12-07 07:40:08,325 INFO TX: 90899241; RX: 89834194; Est. Dropped: 1065047; Est. Drop rate: 1.1717%
2018-12-07 07:40:18,322 INFO TX: 136190314; RX: 134646332; Est. Dropped: 1543982; Est. Drop rate: 1.1337%
2018-12-07 07:40:20,327 INFO Average drop rate: 1.133694
2018-12-07 07:40:20,328 INFO Range search [27.34375 .. 27.734375] targets: {'ndr': 0.001}
2018-12-07 07:40:20,328 INFO Modified traffic stream for port 0, new rate=27.5390625%.
2018-12-07 07:40:20,328 INFO Modified traffic stream for port 1, new rate=27.5390625%.
2018-12-07 07:40:20,328 INFO Running traffic generator
2018-12-07 07:40:30,351 INFO TX: 45118606; RX: 44667279; Est. Dropped: 451327; Est. Drop rate: 1.0003%
2018-12-07 07:40:40,366 INFO TX: 90258072; RX: 89432953; Est. Dropped: 825119; Est. Drop rate: 0.9142%
2018-12-07 07:40:50,362 INFO TX: 135231232; RX: 134036031; Est. Dropped: 1195201; Est. Drop rate: 0.8838%
2018-12-07 07:40:52,368 INFO Average drop rate: 0.883820
2018-12-07 07:40:52,368 INFO Range search [27.34375 .. 27.5390625] targets: {'ndr': 0.001}
2018-12-07 07:40:52,368 INFO Modified traffic stream for port 0, new rate=27.44140625%.
2018-12-07 07:40:52,368 INFO Modified traffic stream for port 1, new rate=27.44140625%.
2018-12-07 07:40:52,368 INFO Running traffic generator
2018-12-07 07:41:02,391 INFO TX: 44963435; RX: 44724655; Est. Dropped: 238780; Est. Drop rate: 0.5311%
2018-12-07 07:41:12,405 INFO TX: 89943395; RX: 89502306; Est. Dropped: 441089; Est. Drop rate: 0.4904%
2018-12-07 07:41:22,401 INFO TX: 134751708; RX: 134122973; Est. Dropped: 628735; Est. Drop rate: 0.4666%
2018-12-07 07:41:24,407 INFO Average drop rate: 0.466588
2018-12-07 07:41:24,407 INFO Range search [27.34375 .. 27.44140625] targets: {'ndr': 0.001}
2018-12-07 07:41:24,407 INFO Found ndr (0.001) load: 27.34375
2018-12-07 07:41:24,407 INFO NDR load: 54.6875
2018-12-07 07:41:24,408 INFO Service chain 'EXT' run completed.
2018-12-07 07:41:24,408 INFO Clean up skipped.
2018-12-07 07:41:24,439 INFO Saving results in json file: /tmp/nfvbench/csp_1c1n_ndr-imix.json...
2018-12-07 07:41:24,442 INFO 
========== NFVBench Summary ==========
Date: 2018-12-07 07:35:29
NFVBench version 2.0.5
Openstack Neutron:
  vSwitch: 
  Encapsulation: 
Benchmarks:
> Networks:
  > Components:
    > Traffic Generator:
        Profile: trex-local
        Tool: TRex
    > Versions:
      > Traffic_Generator:
          build_date: Nov 13 2017
          version: v2.32
          built_by: hhaim
          mode: STL
          build_time: 10:58:17
  > Measurement Parameters:
      NDR: 0.001
  > Service chain:
    > EXT:
      > Traffic:
          Profile: traffic_profile_IMIX
          Bidirectional: True
          Flow count: 1024
          Service chains count: 1
          Compute nodes: []
            
            Run Summary:
            
              +-----+-----------------+------------------+------------------+-----------------+----------------------+----------------------+----------------------+
              |  -  |  L2 Frame Size  |  Rate (fwd+rev)  |  Rate (fwd+rev)  |  Avg Drop Rate  |   Avg Latency (usec) |   Min Latency (usec) |   Max Latency (usec) |
              +=====+=================+==================+==================+=================+======================+======================+======================+
              | NDR |      IMIX       |   13.6719 Gbps   |  4,475,732 pps   |     0.0000%     |                   93 |                   10 |                  135 |
              +-----+-----------------+------------------+------------------+-----------------+----------------------+----------------------+----------------------+
              
            
            L2 frame size: IMIX
            NDR search duration: 352 seconds
            

