2018-12-07 14:26:05,116 INFO Loading configuration file: /tmp/nfvbench/nfvbench_config.cfg
2018-12-07 14:26:05,148 INFO EXT chain with OpenStack mode disabled
2018-12-07 14:26:05,149 INFO -c /tmp/nfvbench/nfvbench_config.cfg --rate 18500000pps --flow-count 1024 --duration 30 --json /tmp/nfvbench/csp_1c8n_18500000pps-imix.json
2018-12-07 14:26:05,150 INFO Connecting to TRex (127.0.0.1)...
2018-12-07 14:26:05,286 INFO Connected to TRex
2018-12-07 14:26:05,286 INFO    Port 0: Device 158b speed=25Gbps mac=3c:fd:fe:bd:f8:60 pci=0000:3b:00.0 driver=net_i40e
2018-12-07 14:26:05,286 INFO    Port 1: Device 158b speed=25Gbps mac=3c:fd:fe:bd:f8:61 pci=0000:3b:00.1 driver=net_i40e
2018-12-07 14:26:05,287 INFO ChainRunner initialized
2018-12-07 14:26:05,288 INFO Starting 1xEXT benchmark...
2018-12-07 14:26:05,393 INFO Polling ARP until successful...
2018-12-07 14:26:05,504 INFO    ARP: port=0 chain=0 src IP=172.16.10.100 dst IP=172.16.10.10 -> MAC=52:54:00:00:00:aa
2018-12-07 14:26:05,504 INFO ARP resolved successfully for port 0
2018-12-07 14:26:05,614 INFO    ARP: port=1 chain=0 src IP=172.16.20.100 dst IP=172.16.20.10 -> MAC=52:54:00:00:00:bb
2018-12-07 14:26:05,614 INFO ARP resolved successfully for port 1
2018-12-07 14:26:05,716 INFO Port 0: dst MAC ['52:54:00:00:00:aa']
2018-12-07 14:26:05,716 INFO Port 1: dst MAC ['52:54:00:00:00:bb']
2018-12-07 14:26:05,716 INFO Starting traffic generator to ensure end-to-end connectivity
2018-12-07 14:26:05,723 INFO Created 1 traffic streams for port 0.
2018-12-07 14:26:05,724 INFO Created 1 traffic streams for port 1.
2018-12-07 14:26:05,834 INFO Captured unique src mac 0/2, capturing return packets (retry 1/100)...
2018-12-07 14:26:07,955 INFO Received packet from mac: 52:54:00:00:00:bb (chain=0, port=1)
2018-12-07 14:26:07,955 INFO Received packet from mac: 52:54:00:00:00:aa (chain=0, port=0)
2018-12-07 14:26:07,955 INFO End-to-end connectivity established
2018-12-07 14:26:07,972 INFO Cleared all existing streams
2018-12-07 14:26:07,996 INFO Created 4 traffic streams for port 0.
2018-12-07 14:26:07,999 INFO Created 4 traffic streams for port 1.
2018-12-07 14:26:07,999 INFO Starting to generate traffic...
2018-12-07 14:26:07,999 INFO Running traffic generator


2018-12-07 14:26:15 - [local][warning]   - [1mCPU util. is high: 86.9%[22m
2018-12-07 14:26:18,019 INFO TX: 144150863; RX: 40127514; Est. Dropped: 104023349; Est. Drop rate: 72.1628%
2018-12-07 14:26:28,033 INFO TX: 288267995; RX: 80421553; Est. Dropped: 207846442; Est. Drop rate: 72.1018%
2018-12-07 14:26:38,033 INFO TX: 431936544; RX: 120663170; Est. Dropped: 311273374; Est. Drop rate: 72.0646%
2018-12-07 14:26:38,033 INFO ...traffic generating ended.
2018-12-07 14:26:38,036 INFO WARNING: There is a significant difference between requested TX rate (18500000.0) and actual TX rate (14397884). The traffic generator may not have sufficient CPU to achieve the requested TX rate.
2018-12-07 14:26:38,036 INFO Service chain 'EXT' run completed.
2018-12-07 14:26:38,036 INFO Clean up skipped.
2018-12-07 14:26:38,059 INFO Saving results in json file: /tmp/nfvbench/csp_1c8n_18500000pps-imix.json...
2018-12-07 14:26:38,066 INFO 
========== NFVBench Summary ==========
Date: 2018-12-07 14:26:05
NFVBench version 2.0.5
Openstack Neutron:
  vSwitch: 
  Encapsulation: 
Benchmarks:
> Networks:
  > Components:
    > Traffic Generator:
        Profile: trex-local
        Tool: TRex
    > Versions:
      > Traffic_Generator:
          build_date: Nov 13 2017
          version: v2.32
          built_by: hhaim
          mode: STL
          build_time: 10:58:17
  > Service chain:
    > EXT:
      > Traffic:
          Profile: traffic_profile_IMIX
          Bidirectional: True
          Flow count: 1024
          Service chains count: 1
          Compute nodes: []
            
            Run Summary:
            
              +-----------------+-------------+----------------------+----------------------+----------------------+
              |  L2 Frame Size  |  Drop Rate  |  Avg Latency (usec)  |   Min Latency (usec) |  Max Latency (usec)  |
              +=================+=============+======================+======================+======================+
              |      IMIX       |  72.0646%   |        1,410         |                   30 |        1,652         |
              +-----------------+-------------+----------------------+----------------------+----------------------+
              
            
            L2 frame size: IMIX
            
            Run Config:
            
              +-------------+---------------------------+------------------------+-----------------+---------------------------+------------------------+-----------------+
              |  Direction  |  Requested TX Rate (bps)  |  Actual TX Rate (bps)  |  RX Rate (bps)  |  Requested TX Rate (pps)  |  Actual TX Rate (pps)  |  RX Rate (pps)  |
              +=============+===========================+========================+=================+===========================+========================+=================+
              |   Forward   |       28.2557 Gbps        |      21.9903 Gbps      |   6.1431 Gbps   |       9,250,000 pps       |     7,198,935 pps      |  2,011,057 pps  |
              +-------------+---------------------------+------------------------+-----------------+---------------------------+------------------------+-----------------+
              |   Reverse   |       28.2557 Gbps        |      21.9904 Gbps      |   6.1431 Gbps   |       9,250,000 pps       |     7,198,949 pps      |  2,011,048 pps  |
              +-------------+---------------------------+------------------------+-----------------+---------------------------+------------------------+-----------------+
              |    Total    |       56.5113 Gbps        |      43.9807 Gbps      |  12.2862 Gbps   |      18,500,000 pps       |     14,397,884 pps     |  4,022,105 pps  |
              +-------------+---------------------------+------------------------+-----------------+---------------------------+------------------------+-----------------+
              
              WARNING: There is a significant difference between requested TX rate (18500000.0) and actual TX rate (14397884). The traffic generator may not have sufficient CPU to achieve the requested TX rate.
              
            Forward Chain Packet Counters and Latency:
            
              +---------+--------------+--------------------------+------------+------------+------------+
              |   Chain |  TRex.TX.p0  |        TRex.RX.p1        |  Avg lat.  |  Min lat.  |  Max lat.  |
              +=========+==============+==========================+============+============+============+
              |       0 | 215,968,055  | -155,636,326 (-72.0645%) | 1,539 usec |  30 usec   | 1,652 usec |
              +---------+--------------+--------------------------+------------+------------+------------+
              
            Reverse Chain Packet Counters and Latency:
            
              +---------+--------------+--------------------------+------------+------------+------------+
              |   Chain |  TRex.TX.p1  |        TRex.RX.p0        |  Avg lat.  |  Min lat.  |  Max lat.  |
              +=========+==============+==========================+============+============+============+
              |       0 | 215,968,489  | -155,637,048 (-72.0647%) | 1,284 usec | 1,000 usec | 1,383 usec |
              +---------+--------------+--------------------------+------------+------------+------------+
              

