2018-12-07 17:51:57,540 INFO Loading configuration file: /tmp/nfvbench/nfvbench_config.cfg
2018-12-07 17:51:57,572 INFO EXT chain with OpenStack mode disabled
2018-12-07 17:51:57,573 INFO -c /tmp/nfvbench/nfvbench_config.cfg --rate 18500000pps --flow-count 1024 --duration 30 --json /tmp/nfvbench/vsc_1c2n_18500000pps-imix.json
2018-12-07 17:51:57,574 INFO Connecting to TRex (127.0.0.1)...
2018-12-07 17:51:57,711 INFO Connected to TRex
2018-12-07 17:51:57,711 INFO    Port 0: Device 158b speed=25Gbps mac=3c:fd:fe:bd:f8:60 pci=0000:3b:00.0 driver=net_i40e
2018-12-07 17:51:57,711 INFO    Port 1: Device 158b speed=25Gbps mac=3c:fd:fe:bd:f8:61 pci=0000:3b:00.1 driver=net_i40e
2018-12-07 17:51:57,712 INFO ChainRunner initialized
2018-12-07 17:51:57,713 INFO Starting 1xEXT benchmark...
2018-12-07 17:51:57,818 INFO Polling ARP until successful...
2018-12-07 17:51:57,929 INFO    ARP: port=0 chain=0 src IP=172.16.10.100 dst IP=172.16.10.10 -> MAC=52:54:00:00:00:aa
2018-12-07 17:51:57,929 INFO ARP resolved successfully for port 0
2018-12-07 17:51:58,039 INFO    ARP: port=1 chain=0 src IP=172.16.20.100 dst IP=172.16.20.10 -> MAC=52:54:00:00:00:bb
2018-12-07 17:51:58,039 INFO ARP resolved successfully for port 1
2018-12-07 17:51:58,141 INFO Port 0: dst MAC ['52:54:00:00:00:aa']
2018-12-07 17:51:58,141 INFO Port 1: dst MAC ['52:54:00:00:00:bb']
2018-12-07 17:51:58,141 INFO Starting traffic generator to ensure end-to-end connectivity
2018-12-07 17:51:58,148 INFO Created 1 traffic streams for port 0.
2018-12-07 17:51:58,149 INFO Created 1 traffic streams for port 1.
2018-12-07 17:51:58,258 INFO Captured unique src mac 0/2, capturing return packets (retry 1/100)...
2018-12-07 17:52:00,379 INFO Received packet from mac: 52:54:00:00:00:bb (chain=0, port=1)
2018-12-07 17:52:00,379 INFO Received packet from mac: 52:54:00:00:00:aa (chain=0, port=0)
2018-12-07 17:52:00,379 INFO End-to-end connectivity established
2018-12-07 17:52:00,395 INFO Cleared all existing streams
2018-12-07 17:52:00,419 INFO Created 4 traffic streams for port 0.
2018-12-07 17:52:00,422 INFO Created 4 traffic streams for port 1.
2018-12-07 17:52:00,422 INFO Starting to generate traffic...
2018-12-07 17:52:00,422 INFO Running traffic generator


2018-12-07 17:52:08 - [local][warning]   - [1mCPU util. is high: 87.0%[22m
2018-12-07 17:52:10,443 INFO TX: 144250975; RX: 23494424; Est. Dropped: 120756551; Est. Drop rate: 83.7128%
2018-12-07 17:52:20,456 INFO TX: 288420424; RX: 47093423; Est. Dropped: 241327001; Est. Drop rate: 83.6720%
2018-12-07 17:52:30,456 INFO TX: 432213682; RX: 70665423; Est. Dropped: 361548259; Est. Drop rate: 83.6504%
2018-12-07 17:52:30,457 INFO ...traffic generating ended.
2018-12-07 17:52:30,460 INFO WARNING: There is a significant difference between requested TX rate (18500000.0) and actual TX rate (14407122). The traffic generator may not have sufficient CPU to achieve the requested TX rate.
2018-12-07 17:52:30,460 INFO Service chain 'EXT' run completed.
2018-12-07 17:52:30,461 INFO Clean up skipped.
2018-12-07 17:52:30,483 INFO Saving results in json file: /tmp/nfvbench/vsc_1c2n_18500000pps-imix.json...
2018-12-07 17:52:30,490 INFO 
========== NFVBench Summary ==========
Date: 2018-12-07 17:51:57
NFVBench version 2.0.5
Openstack Neutron:
  vSwitch: 
  Encapsulation: 
Benchmarks:
> Networks:
  > Components:
    > Traffic Generator:
        Profile: trex-local
        Tool: TRex
    > Versions:
      > Traffic_Generator:
          build_date: Nov 13 2017
          version: v2.32
          built_by: hhaim
          mode: STL
          build_time: 10:58:17
  > Service chain:
    > EXT:
      > Traffic:
          Profile: traffic_profile_IMIX
          Bidirectional: True
          Flow count: 1024
          Service chains count: 1
          Compute nodes: []
            
            Run Summary:
            
              +-----------------+-------------+----------------------+----------------------+----------------------+
              |  L2 Frame Size  |  Drop Rate  |  Avg Latency (usec)  |   Min Latency (usec) |  Max Latency (usec)  |
              +=================+=============+======================+======================+======================+
              |      IMIX       |  83.6504%   |        1,426         |                   20 |        2,216         |
              +-----------------+-------------+----------------------+----------------------+----------------------+
              
            
            L2 frame size: IMIX
            
            Run Config:
            
              +-------------+---------------------------+------------------------+-----------------+---------------------------+------------------------+-----------------+
              |  Direction  |  Requested TX Rate (bps)  |  Actual TX Rate (bps)  |  RX Rate (bps)  |  Requested TX Rate (pps)  |  Actual TX Rate (pps)  |  RX Rate (pps)  |
              +=============+===========================+========================+=================+===========================+========================+=================+
              |   Forward   |       28.2557 Gbps        |      22.0045 Gbps      |   3.2393 Gbps   |       9,250,000 pps       |     7,203,555 pps      |  1,060,430 pps  |
              +-------------+---------------------------+------------------------+-----------------+---------------------------+------------------------+-----------------+
              |   Reverse   |       28.2557 Gbps        |      22.0045 Gbps      |   3.9560 Gbps   |       9,250,000 pps       |     7,203,567 pps      |  1,295,083 pps  |
              +-------------+---------------------------+------------------------+-----------------+---------------------------+------------------------+-----------------+
              |    Total    |       56.5113 Gbps        |      44.0090 Gbps      |   7.1953 Gbps   |      18,500,000 pps       |     14,407,122 pps     |  2,355,513 pps  |
              +-------------+---------------------------+------------------------+-----------------+---------------------------+------------------------+-----------------+
              
              WARNING: There is a significant difference between requested TX rate (18500000.0) and actual TX rate (14407122). The traffic generator may not have sufficient CPU to achieve the requested TX rate.
              
            Forward Chain Packet Counters and Latency:
            
              +---------+--------------+--------------------------+------------+------------+------------+
              |   Chain |  TRex.TX.p0  |        TRex.RX.p1        |  Avg lat.  |  Min lat.  |  Max lat.  |
              +=========+==============+==========================+============+============+============+
              |       0 | 216,106,672  | -184,293,750 (-85.2791%) | 1,374 usec |  20 usec   | 1,671 usec |
              +---------+--------------+--------------------------+------------+------------+------------+
              
            Reverse Chain Packet Counters and Latency:
            
              +---------+--------------+--------------------------+------------+------------+------------+
              |   Chain |  TRex.TX.p1  |        TRex.RX.p0        |  Avg lat.  |  Min lat.  |  Max lat.  |
              +=========+==============+==========================+============+============+============+
              |       0 | 216,107,010  | -177,254,509 (-82.0216%) | 1,493 usec |  20 usec   | 2,216 usec |
              +---------+--------------+--------------------------+------------+------------+------------+
              

