2018-12-07 16:14:15,946 INFO Loading configuration file: /tmp/nfvbench/nfvbench_config.cfg
2018-12-07 16:14:15,979 INFO EXT chain with OpenStack mode disabled
2018-12-07 16:14:15,980 INFO -c /tmp/nfvbench/nfvbench_config.cfg --rate 18500000pps --flow-count 1024 --duration 30 --json /tmp/nfvbench/vsc_2c2n_18500000pps-imix.json
2018-12-07 16:14:15,981 INFO Connecting to TRex (127.0.0.1)...
2018-12-07 16:14:16,117 INFO Connected to TRex
2018-12-07 16:14:16,118 INFO    Port 0: Device 158b speed=25Gbps mac=3c:fd:fe:bd:f8:60 pci=0000:3b:00.0 driver=net_i40e
2018-12-07 16:14:16,118 INFO    Port 1: Device 158b speed=25Gbps mac=3c:fd:fe:bd:f8:61 pci=0000:3b:00.1 driver=net_i40e
2018-12-07 16:14:16,118 INFO ChainRunner initialized
2018-12-07 16:14:16,119 INFO Starting 2xEXT benchmark...
2018-12-07 16:14:16,229 INFO Polling ARP until successful...
2018-12-07 16:14:16,438 INFO    ARP: port=0 chain=0 src IP=172.16.10.100 dst IP=172.16.10.10 -> MAC=52:54:00:00:00:aa
2018-12-07 16:14:16,438 INFO    ARP: port=0 chain=1 src IP=172.16.10.101 dst IP=172.16.10.11 -> MAC=52:54:01:00:00:aa
2018-12-07 16:14:16,438 INFO ARP resolved successfully for port 0
2018-12-07 16:14:16,647 INFO    ARP: port=1 chain=0 src IP=172.16.20.100 dst IP=172.16.20.10 -> MAC=52:54:00:00:00:bb
2018-12-07 16:14:16,647 INFO    ARP: port=1 chain=1 src IP=172.16.20.101 dst IP=172.16.20.11 -> MAC=52:54:01:00:00:bb
2018-12-07 16:14:16,647 INFO ARP resolved successfully for port 1
2018-12-07 16:14:16,749 INFO Port 0: dst MAC ['52:54:00:00:00:aa', '52:54:01:00:00:aa']
2018-12-07 16:14:16,749 INFO Port 1: dst MAC ['52:54:00:00:00:bb', '52:54:01:00:00:bb']
2018-12-07 16:14:16,749 INFO Starting traffic generator to ensure end-to-end connectivity
2018-12-07 16:14:16,761 INFO Created 2 traffic streams for port 0.
2018-12-07 16:14:16,763 INFO Created 2 traffic streams for port 1.
2018-12-07 16:14:16,873 INFO Captured unique src mac 0/4, capturing return packets (retry 1/100)...
2018-12-07 16:14:18,995 INFO Received packet from mac: 52:54:00:00:00:bb (chain=0, port=1)
2018-12-07 16:14:18,995 INFO Received packet from mac: 52:54:01:00:00:bb (chain=1, port=1)
2018-12-07 16:14:18,995 INFO Received packet from mac: 52:54:00:00:00:aa (chain=0, port=0)
2018-12-07 16:14:18,995 INFO Received packet from mac: 52:54:01:00:00:aa (chain=1, port=0)
2018-12-07 16:14:18,995 INFO End-to-end connectivity established
2018-12-07 16:14:19,013 INFO Cleared all existing streams
2018-12-07 16:14:19,060 INFO Created 8 traffic streams for port 0.
2018-12-07 16:14:19,065 INFO Created 8 traffic streams for port 1.
2018-12-07 16:14:19,065 INFO Starting to generate traffic...
2018-12-07 16:14:19,065 INFO Running traffic generator


2018-12-07 16:14:27 - [local][warning]   - [1mCPU util. is high: 88.4%[22m
2018-12-07 16:14:29,082 INFO TX: 144525214; RX: 8145887; Est. Dropped: 136379327; Est. Drop rate: 94.3637%
2018-12-07 16:14:39,097 INFO TX: 289215018; RX: 16562354; Est. Dropped: 272652664; Est. Drop rate: 94.2733%
2018-12-07 16:14:49,101 INFO TX: 433585706; RX: 24760610; Est. Dropped: 408825096; Est. Drop rate: 94.2893%
2018-12-07 16:14:49,101 INFO ...traffic generating ended.
2018-12-07 16:14:49,105 INFO WARNING: There is a significant difference between requested TX rate (18500000.0) and actual TX rate (14452856). The traffic generator may not have sufficient CPU to achieve the requested TX rate.
2018-12-07 16:14:49,106 INFO Service chain 'EXT' run completed.
2018-12-07 16:14:49,106 INFO Clean up skipped.
2018-12-07 16:14:49,131 INFO Saving results in json file: /tmp/nfvbench/vsc_2c2n_18500000pps-imix.json...
2018-12-07 16:14:49,138 INFO 
========== NFVBench Summary ==========
Date: 2018-12-07 16:14:16
NFVBench version 2.0.5
Openstack Neutron:
  vSwitch: 
  Encapsulation: 
Benchmarks:
> Networks:
  > Components:
    > Traffic Generator:
        Profile: trex-local
        Tool: TRex
    > Versions:
      > Traffic_Generator:
          build_date: Nov 13 2017
          version: v2.32
          built_by: hhaim
          mode: STL
          build_time: 10:58:17
  > Service chain:
    > EXT:
      > Traffic:
          Profile: traffic_profile_IMIX
          Bidirectional: True
          Flow count: 1024
          Service chains count: 2
          Compute nodes: []
            
            Run Summary:
            
              +-----------------+-------------+----------------------+----------------------+----------------------+
              |  L2 Frame Size  |  Drop Rate  |  Avg Latency (usec)  |   Min Latency (usec) |  Max Latency (usec)  |
              +=================+=============+======================+======================+======================+
              |      IMIX       |  94.2893%   |        2,382         |                  500 |        37,214        |
              +-----------------+-------------+----------------------+----------------------+----------------------+
              
            
            L2 frame size: IMIX
            
            Run Config:
            
              +-------------+---------------------------+------------------------+-----------------+---------------------------+------------------------+-----------------+
              |  Direction  |  Requested TX Rate (bps)  |  Actual TX Rate (bps)  |  RX Rate (bps)  |  Requested TX Rate (pps)  |  Actual TX Rate (pps)  |  RX Rate (pps)  |
              +=============+===========================+========================+=================+===========================+========================+=================+
              |   Forward   |       28.2557 Gbps        |      22.0743 Gbps      |   1.4096 Gbps   |       9,250,000 pps       |     7,226,422 pps      |   461,449 pps   |
              +-------------+---------------------------+------------------------+-----------------+---------------------------+------------------------+-----------------+
              |   Reverse   |       28.2557 Gbps        |      22.0743 Gbps      |   1.1116 Gbps   |       9,250,000 pps       |     7,226,434 pps      |   363,904 pps   |
              +-------------+---------------------------+------------------------+-----------------+---------------------------+------------------------+-----------------+
              |    Total    |       56.5113 Gbps        |      44.1487 Gbps      |   2.5212 Gbps   |      18,500,000 pps       |     14,452,856 pps     |   825,353 pps   |
              +-------------+---------------------------+------------------------+-----------------+---------------------------+------------------------+-----------------+
              
              WARNING: There is a significant difference between requested TX rate (18500000.0) and actual TX rate (14452856). The traffic generator may not have sufficient CPU to achieve the requested TX rate.
              
            Forward Chain Packet Counters and Latency:
            
              +---------+--------------+--------------------------+------------+------------+-------------+
              |  Chain  |  TRex.TX.p0  |        TRex.RX.p1        |  Avg lat.  |  Min lat.  |  Max lat.   |
              +=========+==============+==========================+============+============+=============+
              |    0    | 108,396,342  | -100,598,603 (-92.8063%) | 4,048 usec | 1,000 usec | 28,909 usec |
              +---------+--------------+--------------------------+------------+------------+-------------+
              |    1    | 108,396,342  | -102,350,335 (-94.4223%) | 1,157 usec |  700 usec  | 37,214 usec |
              +---------+--------------+--------------------------+------------+------------+-------------+
              |  total  | 216,792,684  | -202,948,938 (-93.6143%) | 2,603 usec |  700 usec  | 37,214 usec |
              +---------+--------------+--------------------------+------------+------------+-------------+
              
            Reverse Chain Packet Counters and Latency:
            
              +---------+--------------+--------------------------+------------+------------+-------------+
              |  Chain  |  TRex.TX.p1  |        TRex.RX.p0        |  Avg lat.  |  Min lat.  |  Max lat.   |
              +=========+==============+==========================+============+============+=============+
              |    0    | 108,396,511  | -102,189,233 (-94.2735%) | 1,761 usec |  500 usec  | 28,840 usec |
              +---------+--------------+--------------------------+------------+------------+-------------+
              |    1    | 108,396,511  | -103,686,669 (-95.6550%) | 2,661 usec |  800 usec  | 25,973 usec |
              +---------+--------------+--------------------------+------------+------------+-------------+
              |  total  | 216,793,022  | -205,875,902 (-94.9643%) | 2,211 usec |  500 usec  | 28,840 usec |
              +---------+--------------+--------------------------+------------+------------+-------------+
              

