2018-12-07 18:16:55,122 INFO Loading configuration file: /tmp/nfvbench/nfvbench_config.cfg
2018-12-07 18:16:55,154 INFO EXT chain with OpenStack mode disabled
2018-12-07 18:16:55,154 INFO -c /tmp/nfvbench/nfvbench_config.cfg --rate 18500000pps --flow-count 1024 --duration 30 --json /tmp/nfvbench/vsc_1c6n_18500000pps-imix.json
2018-12-07 18:16:55,156 INFO Connecting to TRex (127.0.0.1)...
2018-12-07 18:16:55,300 INFO Connected to TRex
2018-12-07 18:16:55,300 INFO    Port 0: Device 158b speed=25Gbps mac=3c:fd:fe:bd:f8:60 pci=0000:3b:00.0 driver=net_i40e
2018-12-07 18:16:55,300 INFO    Port 1: Device 158b speed=25Gbps mac=3c:fd:fe:bd:f8:61 pci=0000:3b:00.1 driver=net_i40e
2018-12-07 18:16:55,301 INFO ChainRunner initialized
2018-12-07 18:16:55,302 INFO Starting 1xEXT benchmark...
2018-12-07 18:16:55,407 INFO Polling ARP until successful...
2018-12-07 18:16:55,517 INFO    ARP: port=0 chain=0 src IP=172.16.10.100 dst IP=172.16.10.10 -> MAC=52:54:00:00:00:aa
2018-12-07 18:16:55,518 INFO ARP resolved successfully for port 0
2018-12-07 18:16:55,628 INFO    ARP: port=1 chain=0 src IP=172.16.20.100 dst IP=172.16.20.10 -> MAC=52:54:00:00:00:bb
2018-12-07 18:16:55,628 INFO ARP resolved successfully for port 1
2018-12-07 18:16:55,729 INFO Port 0: dst MAC ['52:54:00:00:00:aa']
2018-12-07 18:16:55,730 INFO Port 1: dst MAC ['52:54:00:00:00:bb']
2018-12-07 18:16:55,730 INFO Starting traffic generator to ensure end-to-end connectivity
2018-12-07 18:16:55,736 INFO Created 1 traffic streams for port 0.
2018-12-07 18:16:55,737 INFO Created 1 traffic streams for port 1.
2018-12-07 18:16:55,848 INFO Captured unique src mac 0/2, capturing return packets (retry 1/100)...
2018-12-07 18:16:57,969 INFO Received packet from mac: 52:54:00:00:00:bb (chain=0, port=1)
2018-12-07 18:16:57,969 INFO Received packet from mac: 52:54:00:00:00:aa (chain=0, port=0)
2018-12-07 18:16:57,969 INFO End-to-end connectivity established
2018-12-07 18:16:57,987 INFO Cleared all existing streams
2018-12-07 18:16:58,011 INFO Created 4 traffic streams for port 0.
2018-12-07 18:16:58,013 INFO Created 4 traffic streams for port 1.
2018-12-07 18:16:58,014 INFO Starting to generate traffic...
2018-12-07 18:16:58,014 INFO Running traffic generator


2018-12-07 18:17:05 - [local][warning]   - [1mCPU util. is high: 85.6%[22m
2018-12-07 18:17:08,035 INFO TX: 144400718; RX: 8636933; Est. Dropped: 135763785; Est. Drop rate: 94.0188%
2018-12-07 18:17:18,048 INFO TX: 289126718; RX: 17335831; Est. Dropped: 271790887; Est. Drop rate: 94.0041%
2018-12-07 18:17:28,042 INFO TX: 433463007; RX: 26027650; Est. Dropped: 407435357; Est. Drop rate: 93.9954%
2018-12-07 18:17:28,042 INFO ...traffic generating ended.
2018-12-07 18:17:28,045 INFO WARNING: There is a significant difference between requested TX rate (18500000.0) and actual TX rate (14448766). The traffic generator may not have sufficient CPU to achieve the requested TX rate.
2018-12-07 18:17:28,046 INFO Service chain 'EXT' run completed.
2018-12-07 18:17:28,046 INFO Clean up skipped.
2018-12-07 18:17:28,068 INFO Saving results in json file: /tmp/nfvbench/vsc_1c6n_18500000pps-imix.json...
2018-12-07 18:17:28,076 INFO 
========== NFVBench Summary ==========
Date: 2018-12-07 18:16:55
NFVBench version 2.0.5
Openstack Neutron:
  vSwitch: 
  Encapsulation: 
Benchmarks:
> Networks:
  > Components:
    > Traffic Generator:
        Profile: trex-local
        Tool: TRex
    > Versions:
      > Traffic_Generator:
          build_date: Nov 13 2017
          version: v2.32
          built_by: hhaim
          mode: STL
          build_time: 10:58:17
  > Service chain:
    > EXT:
      > Traffic:
          Profile: traffic_profile_IMIX
          Bidirectional: True
          Flow count: 1024
          Service chains count: 1
          Compute nodes: []
            
            Run Summary:
            
              +-----------------+-------------+----------------------+----------------------+----------------------+
              |  L2 Frame Size  |  Drop Rate  |  Avg Latency (usec)  |   Min Latency (usec) |  Max Latency (usec)  |
              +=================+=============+======================+======================+======================+
              |      IMIX       |  93.9954%   |        6,199         |                  500 |        7,603         |
              +-----------------+-------------+----------------------+----------------------+----------------------+
              
            
            L2 frame size: IMIX
            
            Run Config:
            
              +-------------+---------------------------+------------------------+-----------------+---------------------------+------------------------+-----------------+
              |  Direction  |  Requested TX Rate (bps)  |  Actual TX Rate (bps)  |  RX Rate (bps)  |  Requested TX Rate (pps)  |  Actual TX Rate (pps)  |  RX Rate (pps)  |
              +=============+===========================+========================+=================+===========================+========================+=================+
              |   Forward   |       28.2557 Gbps        |      22.0676 Gbps      |   1.3132 Gbps   |       9,250,000 pps       |     7,224,225 pps      |   429,903 pps   |
              +-------------+---------------------------+------------------------+-----------------+---------------------------+------------------------+-----------------+
              |   Reverse   |       28.2557 Gbps        |      22.0686 Gbps      |   1.3370 Gbps   |       9,250,000 pps       |     7,224,541 pps      |   437,684 pps   |
              +-------------+---------------------------+------------------------+-----------------+---------------------------+------------------------+-----------------+
              |    Total    |       56.5113 Gbps        |      44.1362 Gbps      |   2.6502 Gbps   |      18,500,000 pps       |     14,448,766 pps     |   867,587 pps   |
              +-------------+---------------------------+------------------------+-----------------+---------------------------+------------------------+-----------------+
              
              WARNING: There is a significant difference between requested TX rate (18500000.0) and actual TX rate (14448766). The traffic generator may not have sufficient CPU to achieve the requested TX rate.
              
            Forward Chain Packet Counters and Latency:
            
              +---------+--------------+--------------------------+------------+------------+------------+
              |   Chain |  TRex.TX.p0  |        TRex.RX.p1        |  Avg lat.  |  Min lat.  |  Max lat.  |
              +=========+==============+==========================+============+============+============+
              |       0 | 216,726,766  | -203,829,661 (-94.0491%) | 6,352 usec |  900 usec  | 6,979 usec |
              +---------+--------------+--------------------------+------------+------------+------------+
              
            Reverse Chain Packet Counters and Latency:
            
              +---------+--------------+--------------------------+------------+------------+------------+
              |   Chain |  TRex.TX.p1  |        TRex.RX.p0        |  Avg lat.  |  Min lat.  |  Max lat.  |
              +=========+==============+==========================+============+============+============+
              |       0 | 216,736,241  | -203,605,696 (-93.9417%) | 6,046 usec |  500 usec  | 7,603 usec |
              +---------+--------------+--------------------------+------------+------------+------------+
              

