2018-12-07 15:59:42,957 INFO Loading configuration file: /tmp/nfvbench/nfvbench_config.cfg
2018-12-07 15:59:42,990 INFO EXT chain with OpenStack mode disabled
2018-12-07 15:59:42,990 INFO -c /tmp/nfvbench/nfvbench_config.cfg --rate 18500000pps --flow-count 1024 --duration 30 --json /tmp/nfvbench/vsc_2c1n_18500000pps-imix.json
2018-12-07 15:59:42,991 INFO Connecting to TRex (127.0.0.1)...
2018-12-07 15:59:43,024 INFO Connected to TRex
2018-12-07 15:59:43,024 INFO    Port 0: Device 158b speed=25Gbps mac=3c:fd:fe:bd:f8:60 pci=0000:3b:00.0 driver=net_i40e
2018-12-07 15:59:43,025 INFO    Port 1: Device 158b speed=25Gbps mac=3c:fd:fe:bd:f8:61 pci=0000:3b:00.1 driver=net_i40e
2018-12-07 15:59:43,026 INFO ChainRunner initialized
2018-12-07 15:59:43,026 INFO Starting 2xEXT benchmark...
2018-12-07 15:59:43,132 INFO Polling ARP until successful...
2018-12-07 15:59:43,346 INFO    ARP: port=0 chain=0 src IP=172.16.10.100 dst IP=172.16.10.10 -> MAC=52:54:00:00:00:aa
2018-12-07 15:59:43,346 INFO    ARP: port=0 chain=1 src IP=172.16.10.101 dst IP=172.16.10.11 -> MAC=52:54:01:00:00:aa
2018-12-07 15:59:43,346 INFO ARP resolved successfully for port 0
2018-12-07 15:59:43,555 INFO    ARP: port=1 chain=0 src IP=172.16.20.100 dst IP=172.16.20.10 -> MAC=52:54:00:00:00:bb
2018-12-07 15:59:43,555 INFO    ARP: port=1 chain=1 src IP=172.16.20.101 dst IP=172.16.20.11 -> MAC=52:54:01:00:00:bb
2018-12-07 15:59:43,555 INFO ARP resolved successfully for port 1
2018-12-07 15:59:43,657 INFO Port 0: dst MAC ['52:54:00:00:00:aa', '52:54:01:00:00:aa']
2018-12-07 15:59:43,657 INFO Port 1: dst MAC ['52:54:00:00:00:bb', '52:54:01:00:00:bb']
2018-12-07 15:59:43,657 INFO Starting traffic generator to ensure end-to-end connectivity
2018-12-07 15:59:43,670 INFO Created 2 traffic streams for port 0.
2018-12-07 15:59:43,671 INFO Created 2 traffic streams for port 1.
2018-12-07 15:59:43,782 INFO Captured unique src mac 0/4, capturing return packets (retry 1/100)...
2018-12-07 15:59:45,904 INFO Received packet from mac: 52:54:01:00:00:bb (chain=1, port=1)
2018-12-07 15:59:45,904 INFO Received packet from mac: 52:54:01:00:00:aa (chain=1, port=0)
2018-12-07 15:59:45,904 INFO Received packet from mac: 52:54:00:00:00:aa (chain=0, port=0)
2018-12-07 15:59:45,904 INFO Received packet from mac: 52:54:00:00:00:bb (chain=0, port=1)
2018-12-07 15:59:45,904 INFO End-to-end connectivity established
2018-12-07 15:59:45,922 INFO Cleared all existing streams
2018-12-07 15:59:45,969 INFO Created 8 traffic streams for port 0.
2018-12-07 15:59:45,974 INFO Created 8 traffic streams for port 1.
2018-12-07 15:59:45,974 INFO Starting to generate traffic...
2018-12-07 15:59:45,974 INFO Running traffic generator


2018-12-07 15:59:53 - [local][warning]   - [1mCPU util. is high: 87.4%[22m
2018-12-07 15:59:55,999 INFO TX: 144165382; RX: 30372588; Est. Dropped: 113792794; Est. Drop rate: 78.9321%
2018-12-07 16:00:06,006 INFO TX: 288279973; RX: 60813091; Est. Dropped: 227466882; Est. Drop rate: 78.9049%
2018-12-07 16:00:16,014 INFO TX: 432199996; RX: 91158254; Est. Dropped: 341041742; Est. Drop rate: 78.9083%
2018-12-07 16:00:16,014 INFO ...traffic generating ended.
2018-12-07 16:00:16,023 INFO WARNING: There is a significant difference between requested TX rate (18500000.0) and actual TX rate (14406666). The traffic generator may not have sufficient CPU to achieve the requested TX rate.
2018-12-07 16:00:16,023 INFO Service chain 'EXT' run completed.
2018-12-07 16:00:16,023 INFO Clean up skipped.
2018-12-07 16:00:16,047 INFO Saving results in json file: /tmp/nfvbench/vsc_2c1n_18500000pps-imix.json...
2018-12-07 16:00:16,054 INFO 
========== NFVBench Summary ==========
Date: 2018-12-07 15:59:43
NFVBench version 2.0.5
Openstack Neutron:
  vSwitch: 
  Encapsulation: 
Benchmarks:
> Networks:
  > Components:
    > Traffic Generator:
        Profile: trex-local
        Tool: TRex
    > Versions:
      > Traffic_Generator:
          build_date: Nov 13 2017
          version: v2.32
          built_by: hhaim
          mode: STL
          build_time: 10:58:17
  > Service chain:
    > EXT:
      > Traffic:
          Profile: traffic_profile_IMIX
          Bidirectional: True
          Flow count: 1024
          Service chains count: 2
          Compute nodes: []
            
            Run Summary:
            
              +-----------------+-------------+----------------------+----------------------+----------------------+
              |  L2 Frame Size  |  Drop Rate  |   Avg Latency (usec) |   Min Latency (usec) |  Max Latency (usec)  |
              +=================+=============+======================+======================+======================+
              |      IMIX       |  78.9083%   |                  706 |                  200 |        16,671        |
              +-----------------+-------------+----------------------+----------------------+----------------------+
              
            
            L2 frame size: IMIX
            
            Run Config:
            
              +-------------+---------------------------+------------------------+-----------------+---------------------------+------------------------+-----------------+
              |  Direction  |  Requested TX Rate (bps)  |  Actual TX Rate (bps)  |  RX Rate (bps)  |  Requested TX Rate (pps)  |  Actual TX Rate (pps)  |  RX Rate (pps)  |
              +=============+===========================+========================+=================+===========================+========================+=================+
              |   Forward   |       28.2557 Gbps        |      22.0031 Gbps      |   4.6496 Gbps   |       9,250,000 pps       |     7,203,106 pps      |  1,522,125 pps  |
              +-------------+---------------------------+------------------------+-----------------+---------------------------+------------------------+-----------------+
              |   Reverse   |       28.2557 Gbps        |      22.0045 Gbps      |   4.6323 Gbps   |       9,250,000 pps       |     7,203,560 pps      |  1,516,482 pps  |
              +-------------+---------------------------+------------------------+-----------------+---------------------------+------------------------+-----------------+
              |    Total    |       56.5113 Gbps        |      44.0076 Gbps      |   9.2819 Gbps   |      18,500,000 pps       |     14,406,666 pps     |  3,038,607 pps  |
              +-------------+---------------------------+------------------------+-----------------+---------------------------+------------------------+-----------------+
              
              WARNING: There is a significant difference between requested TX rate (18500000.0) and actual TX rate (14406666). The traffic generator may not have sufficient CPU to achieve the requested TX rate.
              
            Forward Chain Packet Counters and Latency:
            
              +---------+--------------+--------------------------+------------+------------+-------------+
              |  Chain  |  TRex.TX.p0  |        TRex.RX.p1        |  Avg lat.  |  Min lat.  |  Max lat.   |
              +=========+==============+==========================+============+============+=============+
              |    0    | 108,046,594  | -85,096,899 (-78.7594%)  |  622 usec  |  400 usec  | 16,555 usec |
              +---------+--------------+--------------------------+------------+------------+-------------+
              |    1    | 108,046,594  | -85,332,266 (-78.9773%)  |  722 usec  |  200 usec  | 16,602 usec |
              +---------+--------------+--------------------------+------------+------------+-------------+
              |  total  | 216,093,188  | -170,429,165 (-78.8684%) |  672 usec  |  200 usec  | 16,602 usec |
              +---------+--------------+--------------------------+------------+------------+-------------+
              
            Reverse Chain Packet Counters and Latency:
            
              +---------+--------------+--------------------------+------------+------------+-------------+
              |  Chain  |  TRex.TX.p1  |        TRex.RX.p0        |  Avg lat.  |  Min lat.  |  Max lat.   |
              +=========+==============+==========================+============+============+=============+
              |    0    | 108,053,404  | -85,168,771 (-78.8210%)  |  683 usec  |  400 usec  | 16,660 usec |
              +---------+--------------+--------------------------+------------+------------+-------------+
              |    1    | 108,053,404  | -85,443,166 (-79.0749%)  |  800 usec  |  200 usec  | 16,671 usec |
              +---------+--------------+--------------------------+------------+------------+-------------+
              |  total  | 216,106,808  | -170,611,937 (-78.9480%) |  742 usec  |  200 usec  | 16,671 usec |
              +---------+--------------+--------------------------+------------+------------+-------------+
              

