2018-12-07 16:28:06,219 INFO Loading configuration file: /tmp/nfvbench/nfvbench_config.cfg
2018-12-07 16:28:06,252 INFO EXT chain with OpenStack mode disabled
2018-12-07 16:28:06,252 INFO -c /tmp/nfvbench/nfvbench_config.cfg --rate 18500000pps --flow-count 1024 --duration 30 --json /tmp/nfvbench/vsc_2c4n_18500000pps-imix.json
2018-12-07 16:28:06,253 INFO Connecting to TRex (127.0.0.1)...
2018-12-07 16:28:06,396 INFO Connected to TRex
2018-12-07 16:28:06,396 INFO    Port 0: Device 158b speed=25Gbps mac=3c:fd:fe:bd:f8:60 pci=0000:3b:00.0 driver=net_i40e
2018-12-07 16:28:06,397 INFO    Port 1: Device 158b speed=25Gbps mac=3c:fd:fe:bd:f8:61 pci=0000:3b:00.1 driver=net_i40e
2018-12-07 16:28:06,397 INFO ChainRunner initialized
2018-12-07 16:28:06,398 INFO Starting 2xEXT benchmark...
2018-12-07 16:28:06,507 INFO Polling ARP until successful...
2018-12-07 16:28:06,716 INFO    ARP: port=0 chain=0 src IP=172.16.10.100 dst IP=172.16.10.10 -> MAC=52:54:00:00:00:aa
2018-12-07 16:28:06,716 INFO    ARP: port=0 chain=1 src IP=172.16.10.101 dst IP=172.16.10.11 -> MAC=52:54:01:00:00:aa
2018-12-07 16:28:06,716 INFO ARP resolved successfully for port 0
2018-12-07 16:28:06,924 INFO    ARP: port=1 chain=0 src IP=172.16.20.100 dst IP=172.16.20.10 -> MAC=52:54:00:00:00:bb
2018-12-07 16:28:06,924 INFO    ARP: port=1 chain=1 src IP=172.16.20.101 dst IP=172.16.20.11 -> MAC=52:54:01:00:00:bb
2018-12-07 16:28:06,924 INFO ARP resolved successfully for port 1
2018-12-07 16:28:07,026 INFO Port 0: dst MAC ['52:54:00:00:00:aa', '52:54:01:00:00:aa']
2018-12-07 16:28:07,026 INFO Port 1: dst MAC ['52:54:00:00:00:bb', '52:54:01:00:00:bb']
2018-12-07 16:28:07,026 INFO Starting traffic generator to ensure end-to-end connectivity
2018-12-07 16:28:07,039 INFO Created 2 traffic streams for port 0.
2018-12-07 16:28:07,040 INFO Created 2 traffic streams for port 1.
2018-12-07 16:28:07,150 INFO Captured unique src mac 0/4, capturing return packets (retry 1/100)...
2018-12-07 16:28:09,323 INFO Received packet from mac: 52:54:01:00:00:bb (chain=1, port=1)
2018-12-07 16:28:09,324 INFO Received packet from mac: 52:54:00:00:00:bb (chain=0, port=1)
2018-12-07 16:28:09,328 INFO Received packet from mac: 52:54:00:00:00:aa (chain=0, port=0)
2018-12-07 16:28:09,440 INFO Captured unique src mac 3/4, capturing return packets (retry 2/100)...
2018-12-07 16:28:11,619 INFO Received packet from mac: 52:54:01:00:00:aa (chain=1, port=0)
2018-12-07 16:28:11,619 INFO End-to-end connectivity established
2018-12-07 16:28:11,635 INFO Cleared all existing streams
2018-12-07 16:28:11,682 INFO Created 8 traffic streams for port 0.
2018-12-07 16:28:11,687 INFO Created 8 traffic streams for port 1.
2018-12-07 16:28:11,688 INFO Starting to generate traffic...
2018-12-07 16:28:11,688 INFO Running traffic generator


2018-12-07 16:28:19 - [local][warning]   - [1mCPU util. is high: 88.0%[22m
2018-12-07 16:28:21,710 INFO TX: 144758694; RX: 2458411; Est. Dropped: 142300283; Est. Drop rate: 98.3017%
2018-12-07 16:28:31,725 INFO TX: 289581438; RX: 4564509; Est. Dropped: 285016929; Est. Drop rate: 98.4238%
2018-12-07 16:28:41,723 INFO TX: 433983760; RX: 7236721; Est. Dropped: 426747039; Est. Drop rate: 98.3325%
2018-12-07 16:28:41,723 INFO ...traffic generating ended.
2018-12-07 16:28:41,728 INFO WARNING: There is a significant difference between requested TX rate (18500000.0) and actual TX rate (14466125). The traffic generator may not have sufficient CPU to achieve the requested TX rate.
2018-12-07 16:28:41,728 INFO Service chain 'EXT' run completed.
2018-12-07 16:28:41,729 INFO Clean up skipped.
2018-12-07 16:28:41,752 INFO Saving results in json file: /tmp/nfvbench/vsc_2c4n_18500000pps-imix.json...
2018-12-07 16:28:41,759 INFO 
========== NFVBench Summary ==========
Date: 2018-12-07 16:28:06
NFVBench version 2.0.5
Openstack Neutron:
  vSwitch: 
  Encapsulation: 
Benchmarks:
> Networks:
  > Components:
    > Traffic Generator:
        Profile: trex-local
        Tool: TRex
    > Versions:
      > Traffic_Generator:
          build_date: Nov 13 2017
          version: v2.32
          built_by: hhaim
          mode: STL
          build_time: 10:58:17
  > Service chain:
    > EXT:
      > Traffic:
          Profile: traffic_profile_IMIX
          Bidirectional: True
          Flow count: 1024
          Service chains count: 2
          Compute nodes: []
            
            Run Summary:
            
              +-----------------+-------------+----------------------+----------------------+----------------------+
              |  L2 Frame Size  |  Drop Rate  |  Avg Latency (usec)  |  Min Latency (usec)  |  Max Latency (usec)  |
              +=================+=============+======================+======================+======================+
              |      IMIX       |  98.3325%   |        11,385        |        1,000         |       325,256        |
              +-----------------+-------------+----------------------+----------------------+----------------------+
              
            
            L2 frame size: IMIX
            
            Run Config:
            
              +-------------+---------------------------+------------------------+-----------------+---------------------------+------------------------+-----------------+
              |  Direction  |  Requested TX Rate (bps)  |  Actual TX Rate (bps)  |  RX Rate (bps)  |  Requested TX Rate (pps)  |  Actual TX Rate (pps)  |  RX Rate (pps)  |
              +=============+===========================+========================+=================+===========================+========================+=================+
              |   Forward   |       28.2557 Gbps        |      22.0943 Gbps      |  493.9311 Mbps  |       9,250,000 pps       |     7,232,973 pps      |   161,697 pps   |
              +-------------+---------------------------+------------------------+-----------------+---------------------------+------------------------+-----------------+
              |   Reverse   |       28.2557 Gbps        |      22.0949 Gbps      |  242.9279 Mbps  |       9,250,000 pps       |     7,233,152 pps      |   79,526 pps    |
              +-------------+---------------------------+------------------------+-----------------+---------------------------+------------------------+-----------------+
              |    Total    |       56.5113 Gbps        |      44.1892 Gbps      |  736.8590 Mbps  |      18,500,000 pps       |     14,466,125 pps     |   241,223 pps   |
              +-------------+---------------------------+------------------------+-----------------+---------------------------+------------------------+-----------------+
              
              WARNING: There is a significant difference between requested TX rate (18500000.0) and actual TX rate (14466125). The traffic generator may not have sufficient CPU to achieve the requested TX rate.
              
            Forward Chain Packet Counters and Latency:
            
              +---------+--------------+--------------------------+-------------+------------+--------------+
              |  Chain  |  TRex.TX.p0  |        TRex.RX.p1        |  Avg lat.   |  Min lat.  |   Max lat.   |
              +=========+==============+==========================+=============+============+==============+
              |    0    | 108,494,596  | -106,081,000 (-97.7754%) | 10,716 usec | 2,000 usec | 325,256 usec |
              +---------+--------------+--------------------------+-------------+------------+--------------+
              |    1    | 108,494,596  | -106,056,511 (-97.7528%) | 8,618 usec  | 2,000 usec | 130,444 usec |
              +---------+--------------+--------------------------+-------------+------------+--------------+
              |  total  | 216,989,192  | -212,137,511 (-97.7641%) | 9,667 usec  | 2,000 usec | 325,256 usec |
              +---------+--------------+--------------------------+-------------+------------+--------------+
              
            Reverse Chain Packet Counters and Latency:
            
              +---------+--------------+--------------------------+-------------+------------+-------------+
              |  Chain  |  TRex.TX.p1  |        TRex.RX.p0        |  Avg lat.   |  Min lat.  |  Max lat.   |
              +=========+==============+==========================+=============+============+=============+
              |    0    | 108,497,284  | -107,297,328 (-98.8940%) | 16,847 usec | 1,000 usec | 43,553 usec |
              +---------+--------------+--------------------------+-------------+------------+-------------+
              |    1    | 108,497,284  | -107,311,180 (-98.9068%) | 7,617 usec  | 1,000 usec | 45,019 usec |
              +---------+--------------+--------------------------+-------------+------------+-------------+
              |  total  | 216,994,568  | -214,608,508 (-98.9004%) | 12,232 usec | 1,000 usec | 45,019 usec |
              +---------+--------------+--------------------------+-------------+------------+-------------+
              

