2018-12-07 15:58:55,542 INFO Loading configuration file: /tmp/nfvbench/nfvbench_config.cfg
2018-12-07 15:58:55,580 INFO EXT chain with OpenStack mode disabled
2018-12-07 15:58:55,580 INFO -c /tmp/nfvbench/nfvbench_config.cfg --rate 18500000pps --flow-count 1024 --duration 30 --json /tmp/nfvbench/csc_3c2n_18500000pps-1.json
2018-12-07 15:58:55,581 INFO Connecting to TRex (127.0.0.1)...
2018-12-07 15:58:55,724 INFO Connected to TRex
2018-12-07 15:58:55,724 INFO    Port 0: Ethernet Controller X710 for 10GbE SFP+ speed=10Gbps mac=e4:43:4b:2e:b1:d1 pci=0000:1a:00.1 driver=net_i40e
2018-12-07 15:58:55,725 INFO    Port 1: Ethernet Controller X710 for 10GbE SFP+ speed=10Gbps mac=e4:43:4b:2e:b1:d2 pci=0000:1a:00.2 driver=net_i40e
2018-12-07 15:58:55,725 INFO ChainRunner initialized
2018-12-07 15:58:55,726 INFO Starting 3xEXT benchmark...
2018-12-07 15:58:55,830 INFO Polling ARP until successful...
2018-12-07 15:58:56,040 INFO    ARP: port=0 chain=0 src IP=172.16.10.100 dst IP=172.16.10.10 -> MAC=52:54:00:00:00:aa
2018-12-07 15:58:56,040 INFO    ARP: port=0 chain=1 src IP=172.16.10.101 dst IP=172.16.10.11 -> MAC=52:54:01:00:00:aa
2018-12-07 15:58:56,041 INFO    ARP: port=0 chain=2 src IP=172.16.10.102 dst IP=172.16.10.12 -> MAC=52:54:02:00:00:aa
2018-12-07 15:58:56,041 INFO ARP resolved successfully for port 0
2018-12-07 15:58:56,250 INFO    ARP: port=1 chain=0 src IP=172.16.20.100 dst IP=172.16.20.10 -> MAC=52:54:00:00:00:bb
2018-12-07 15:58:56,250 INFO    ARP: port=1 chain=1 src IP=172.16.20.101 dst IP=172.16.20.11 -> MAC=52:54:01:00:00:bb
2018-12-07 15:58:56,250 INFO    ARP: port=1 chain=2 src IP=172.16.20.102 dst IP=172.16.20.12 -> MAC=52:54:02:00:00:bb
2018-12-07 15:58:56,250 INFO ARP resolved successfully for port 1
2018-12-07 15:58:56,375 INFO Port 0: dst MAC ['52:54:00:00:00:aa', '52:54:01:00:00:aa', '52:54:02:00:00:aa']
2018-12-07 15:58:56,375 INFO Port 1: dst MAC ['52:54:00:00:00:bb', '52:54:01:00:00:bb', '52:54:02:00:00:bb']
2018-12-07 15:58:56,375 INFO Starting traffic generator to ensure end-to-end connectivity
2018-12-07 15:58:56,392 INFO Created 3 traffic streams for port 0.
2018-12-07 15:58:56,395 INFO Created 3 traffic streams for port 1.
2018-12-07 15:58:56,505 INFO Captured unique src mac 0/6, capturing return packets (retry 1/100)...
2018-12-07 15:58:58,628 INFO Received packet from mac: 52:54:00:00:00:aa (chain=0, port=0)
2018-12-07 15:58:58,628 INFO Received packet from mac: 52:54:01:00:00:aa (chain=1, port=0)
2018-12-07 15:58:58,628 INFO Received packet from mac: 52:54:00:00:00:bb (chain=0, port=1)
2018-12-07 15:58:58,628 INFO Received packet from mac: 52:54:01:00:00:bb (chain=1, port=1)
2018-12-07 15:58:58,628 INFO Received packet from mac: 52:54:02:00:00:bb (chain=2, port=1)
2018-12-07 15:58:58,628 INFO Received packet from mac: 52:54:02:00:00:aa (chain=2, port=0)
2018-12-07 15:58:58,628 INFO End-to-end connectivity established
2018-12-07 15:58:58,646 INFO Cleared all existing streams
2018-12-07 15:58:58,669 INFO Created 6 traffic streams for port 0.
2018-12-07 15:58:58,673 INFO Created 6 traffic streams for port 1.
2018-12-07 15:58:58,677 INFO Starting to generate traffic...
2018-12-07 15:58:58,677 INFO Running traffic generator
2018-12-07 15:59:08,704 INFO TX: 185186662; RX: 60721019; Est. Dropped: 124465643; Est. Drop rate: 67.2109%
2018-12-07 15:59:18,720 INFO TX: 370471700; RX: 121406751; Est. Dropped: 249064949; Est. Drop rate: 67.2291%
2018-12-07 15:59:28,714 INFO TX: 554994312; RX: 181818865; Est. Dropped: 373175447; Est. Drop rate: 67.2395%
2018-12-07 15:59:28,714 INFO ...traffic generating ended.
2018-12-07 15:59:28,741 INFO Cleared all existing streams
2018-12-07 15:59:28,807 INFO Created 12 traffic streams for port 0.
2018-12-07 15:59:28,815 INFO Created 12 traffic streams for port 1.
2018-12-07 15:59:28,820 INFO Starting to generate traffic...
2018-12-07 15:59:28,820 INFO Running traffic generator


2018-12-07 15:59:32 - [local][warning]   - [1mCPU util. is high: 86.3%[22m
2018-12-07 15:59:38,846 INFO TX: 65538995; RX: 32113595; Est. Dropped: 33425400; Est. Drop rate: 51.0008%
2018-12-07 15:59:48,863 INFO TX: 131120765; RX: 64220025; Est. Dropped: 66900740; Est. Drop rate: 51.0222%
2018-12-07 15:59:58,859 INFO TX: 196503423; RX: 96228887; Est. Dropped: 100274536; Est. Drop rate: 51.0294%
2018-12-07 15:59:58,859 INFO ...traffic generating ended.
2018-12-07 15:59:58,865 INFO WARNING: There is a significant difference between requested TX rate (18500000.0) and actual TX rate (6550114). The traffic generator may not have sufficient CPU to achieve the requested TX rate.
2018-12-07 15:59:58,865 INFO Service chain 'EXT' run completed.
2018-12-07 15:59:58,865 INFO Clean up skipped.
2018-12-07 15:59:58,906 INFO Saving results in json file: /tmp/nfvbench/csc_3c2n_18500000pps-1.json...
2018-12-07 15:59:58,919 INFO 
========== NFVBench Summary ==========
Date: 2018-12-07 15:58:55
NFVBench version 2.0.4
Openstack Neutron:
  vSwitch: 
  Encapsulation: 
Benchmarks:
> Networks:
  > Components:
    > Traffic Generator:
        Profile: trex-local
        Tool: TRex
    > Versions:
      > Traffic_Generator:
          build_date: Nov 13 2017
          version: v2.32
          built_by: hhaim
          mode: STL
          build_time: 10:58:17
  > Service chain:
    > EXT:
      > Traffic:
          Profile: traffic_profile_2sizes
          Bidirectional: True
          Flow count: 1024
          Service chains count: 3
          Compute nodes: []
            
            Run Summary:
            
              +-----------------+-------------+----------------------+----------------------+----------------------+
              |  L2 Frame Size  |  Drop Rate  |  Avg Latency (usec)  |   Min Latency (usec) |  Max Latency (usec)  |
              +=================+=============+======================+======================+======================+
              |       64        |  67.2395%   |        1,240         |                  100 |        1,733         |
              +-----------------+-------------+----------------------+----------------------+----------------------+
              |      IMIX       |  51.0294%   |        3,591         |                   30 |        4,859         |
              +-----------------+-------------+----------------------+----------------------+----------------------+
              
            
            L2 frame size: 64
            
            Run Config:
            
              +-------------+---------------------------+------------------------+-----------------+---------------------------+------------------------+-----------------+
              |  Direction  |  Requested TX Rate (bps)  |  Actual TX Rate (bps)  |  RX Rate (bps)  |  Requested TX Rate (pps)  |  Actual TX Rate (pps)  |  RX Rate (pps)  |
              +=============+===========================+========================+=================+===========================+========================+=================+
              |   Forward   |        6.2160 Gbps        |      6.2159 Gbps       |   2.0355 Gbps   |       9,250,000 pps       |     9,249,905 pps      |  3,028,956 pps  |
              +-------------+---------------------------+------------------------+-----------------+---------------------------+------------------------+-----------------+
              |   Reverse   |        6.2160 Gbps        |      6.2159 Gbps       |   2.0373 Gbps   |       9,250,000 pps       |     9,249,905 pps      |  3,031,672 pps  |
              +-------------+---------------------------+------------------------+-----------------+---------------------------+------------------------+-----------------+
              |    Total    |       12.4320 Gbps        |      12.4319 Gbps      |   4.0727 Gbps   |      18,500,000 pps       |     18,499,810 pps     |  6,060,628 pps  |
              +-------------+---------------------------+------------------------+-----------------+---------------------------+------------------------+-----------------+
              
            Forward Chain Packet Counters and Latency:
            
              +---------+--------------+--------------------------+------------+------------+------------+
              |  Chain  |  TRex.TX.p0  |        TRex.RX.p1        |  Avg lat.  |  Min lat.  |  Max lat.  |
              +=========+==============+==========================+============+============+============+
              |    0    |  92,499,052  | -62,178,671 (-67.2209%)  | 1,216 usec |  500 usec  | 1,706 usec |
              +---------+--------------+--------------------------+------------+------------+------------+
              |    1    |  92,499,052  | -62,268,851 (-67.3184%)  | 1,217 usec |  500 usec  | 1,688 usec |
              +---------+--------------+--------------------------+------------+------------+------------+
              |    2    |  92,499,052  | -62,180,932 (-67.2233%)  | 1,242 usec |  800 usec  | 1,732 usec |
              +---------+--------------+--------------------------+------------+------------+------------+
              |  total  | 277,497,156  | -186,628,454 (-67.2542%) | 1,225 usec |  500 usec  | 1,732 usec |
              +---------+--------------+--------------------------+------------+------------+------------+
              
            Reverse Chain Packet Counters and Latency:
            
              +---------+--------------+--------------------------+------------+------------+------------+
              |  Chain  |  TRex.TX.p1  |        TRex.RX.p0        |  Avg lat.  |  Min lat.  |  Max lat.  |
              +=========+==============+==========================+============+============+============+
              |    0    |  92,499,052  | -62,119,380 (-67.1568%)  | 1,247 usec |  300 usec  | 1,697 usec |
              +---------+--------------+--------------------------+------------+------------+------------+
              |    1    |  92,499,052  | -62,288,970 (-67.3401%)  | 1,263 usec |  300 usec  | 1,716 usec |
              +---------+--------------+--------------------------+------------+------------+------------+
              |    2    |  92,499,052  | -62,138,643 (-67.1776%)  | 1,261 usec |  100 usec  | 1,733 usec |
              +---------+--------------+--------------------------+------------+------------+------------+
              |  total  | 277,497,156  | -186,546,993 (-67.2248%) | 1,257 usec |  100 usec  | 1,733 usec |
              +---------+--------------+--------------------------+------------+------------+------------+
              
            
            L2 frame size: IMIX
            
            Run Config:
            
              +-------------+---------------------------+------------------------+-----------------+---------------------------+------------------------+-----------------+
              |  Direction  |  Requested TX Rate (bps)  |  Actual TX Rate (bps)  |  RX Rate (bps)  |  Requested TX Rate (pps)  |  Actual TX Rate (pps)  |  RX Rate (pps)  |
              +=============+===========================+========================+=================+===========================+========================+=================+
              |   Forward   |       28.2557 Gbps        |      10.0044 Gbps      |   4.9367 Gbps   |       9,250,000 pps       |     3,275,124 pps      |  1,616,132 pps  |
              +-------------+---------------------------+------------------------+-----------------+---------------------------+------------------------+-----------------+
              |   Reverse   |       28.2557 Gbps        |      10.0040 Gbps      |   4.8615 Gbps   |       9,250,000 pps       |     3,274,990 pps      |  1,591,497 pps  |
              +-------------+---------------------------+------------------------+-----------------+---------------------------+------------------------+-----------------+
              |    Total    |       56.5113 Gbps        |      20.0084 Gbps      |   9.7982 Gbps   |      18,500,000 pps       |     6,550,114 pps      |  3,207,629 pps  |
              +-------------+---------------------------+------------------------+-----------------+---------------------------+------------------------+-----------------+
              
              WARNING: There is a significant difference between requested TX rate (18500000.0) and actual TX rate (6550114). The traffic generator may not have sufficient CPU to achieve the requested TX rate.
              
            Forward Chain Packet Counters and Latency:
            
              +---------+--------------+-------------------------+------------+------------+------------+
              |  Chain  |  TRex.TX.p0  |       TRex.RX.p1        |  Avg lat.  |  Min lat.  |  Max lat.  |
              +=========+==============+=========================+============+============+============+
              |    0    |  32,751,240  | -16,590,075 (-50.6548%) | 3,499 usec |  30 usec   | 4,748 usec |
              +---------+--------------+-------------------------+------------+------------+------------+
              |    1    |  32,751,240  | -16,596,421 (-50.6742%) | 3,462 usec |  30 usec   | 4,757 usec |
              +---------+--------------+-------------------------+------------+------------+------------+
              |    2    |  32,751,240  | -16,583,252 (-50.6340%) | 3,650 usec |  30 usec   | 4,832 usec |
              +---------+--------------+-------------------------+------------+------------+------------+
              |  total  |  98,253,720  | -49,769,748 (-50.6543%) | 3,537 usec |  30 usec   | 4,832 usec |
              +---------+--------------+-------------------------+------------+------------+------------+
              
            Reverse Chain Packet Counters and Latency:
            
              +---------+--------------+-------------------------+------------+------------+------------+
              |  Chain  |  TRex.TX.p1  |       TRex.RX.p0        |  Avg lat.  |  Min lat.  |  Max lat.  |
              +=========+==============+=========================+============+============+============+
              |    0    |  32,749,901  | -16,834,930 (-51.4045%) | 3,549 usec |  500 usec  | 4,840 usec |
              +---------+--------------+-------------------------+------------+------------+------------+
              |    1    |  32,749,901  | -16,835,259 (-51.4055%) | 3,619 usec |  500 usec  | 4,813 usec |
              +---------+--------------+-------------------------+------------+------------+------------+
              |    2    |  32,749,901  | -16,834,599 (-51.4035%) | 3,773 usec |  100 usec  | 4,859 usec |
              +---------+--------------+-------------------------+------------+------------+------------+
              |  total  |  98,249,703  | -50,504,788 (-51.4045%) | 3,647 usec |  100 usec  | 4,859 usec |
              +---------+--------------+-------------------------+------------+------------+------------+
              

