2018-11-29 12:11:55,425 INFO Loading configuration file: /tmp/nfvbench/nfvbench_config.cfg
2018-11-29 12:11:55,462 INFO EXT chain with OpenStack mode disabled
2018-11-29 12:11:55,462 INFO -c /tmp/nfvbench/nfvbench_config.cfg --rate 18500000pps --flow-count 1024 --duration 30 --json /tmp/nfvbench/csc_1c2n_18500000pps-1.json
2018-11-29 12:11:55,464 INFO Connecting to TRex (127.0.0.1)...
2018-11-29 12:11:55,608 INFO Connected to TRex
2018-11-29 12:11:55,608 INFO    Port 0: Ethernet Controller X710 for 10GbE SFP+ speed=10Gbps mac=e4:43:4b:2e:b1:d1 pci=0000:1a:00.1 driver=net_i40e
2018-11-29 12:11:55,608 INFO    Port 1: Ethernet Controller X710 for 10GbE SFP+ speed=10Gbps mac=e4:43:4b:2e:b1:d2 pci=0000:1a:00.2 driver=net_i40e
2018-11-29 12:11:55,609 INFO ChainRunner initialized
2018-11-29 12:11:55,610 INFO Starting 1xEXT benchmark...
2018-11-29 12:11:55,715 INFO Polling ARP until successful...
2018-11-29 12:11:55,826 INFO    ARP: port=0 chain=0 src IP=172.16.10.100 dst IP=172.16.10.10 -> MAC=52:54:00:00:00:aa
2018-11-29 12:11:55,826 INFO ARP resolved successfully for port 0
2018-11-29 12:11:55,936 INFO    ARP: port=1 chain=0 src IP=172.16.20.100 dst IP=172.16.20.10 -> MAC=52:54:00:00:00:bb
2018-11-29 12:11:55,937 INFO ARP resolved successfully for port 1
2018-11-29 12:11:56,038 INFO Port 0: dst MAC ['52:54:00:00:00:aa']
2018-11-29 12:11:56,038 INFO Port 1: dst MAC ['52:54:00:00:00:bb']
2018-11-29 12:11:56,038 INFO Starting traffic generator to ensure end-to-end connectivity
2018-11-29 12:11:56,045 INFO Created 1 traffic streams for port 0.
2018-11-29 12:11:56,046 INFO Created 1 traffic streams for port 1.
2018-11-29 12:11:56,155 INFO Captured unique src mac 0/2, capturing return packets (retry 1/100)...
2018-11-29 12:11:58,276 INFO Received packet from mac: 52:54:00:00:00:aa (chain=0, port=0)
2018-11-29 12:11:58,276 INFO Received packet from mac: 52:54:00:00:00:bb (chain=0, port=1)
2018-11-29 12:11:58,276 INFO End-to-end connectivity established
2018-11-29 12:11:58,294 INFO Cleared all existing streams
2018-11-29 12:11:58,302 INFO Created 2 traffic streams for port 0.
2018-11-29 12:11:58,304 INFO Created 2 traffic streams for port 1.
2018-11-29 12:11:58,307 INFO Starting to generate traffic...
2018-11-29 12:11:58,307 INFO Running traffic generator
2018-11-29 12:12:08,330 INFO TX: 185182323; RX: 52543681; Est. Dropped: 132638642; Est. Drop rate: 71.6260%
2018-11-29 12:12:18,344 INFO TX: 370432206; RX: 105355501; Est. Dropped: 265076705; Est. Drop rate: 71.5588%
2018-11-29 12:12:28,342 INFO TX: 554995210; RX: 157983937; Est. Dropped: 397011273; Est. Drop rate: 71.5342%
2018-11-29 12:12:28,342 INFO ...traffic generating ended.
2018-11-29 12:12:28,363 INFO Cleared all existing streams
2018-11-29 12:12:28,386 INFO Created 4 traffic streams for port 0.
2018-11-29 12:12:28,389 INFO Created 4 traffic streams for port 1.
2018-11-29 12:12:28,392 INFO Starting to generate traffic...
2018-11-29 12:12:28,392 INFO Running traffic generator


2018-11-29 12:12:31 - [local][warning]   - [1mCPU util. is high: 87.9%[22m
2018-11-29 12:12:38,414 INFO TX: 65543925; RX: 29671589; Est. Dropped: 35872336; Est. Drop rate: 54.7302%
2018-11-29 12:12:48,428 INFO TX: 131110746; RX: 59138981; Est. Dropped: 71971765; Est. Drop rate: 54.8939%
2018-11-29 12:12:58,430 INFO TX: 196519234; RX: 88541482; Est. Dropped: 107977752; Est. Drop rate: 54.9451%
2018-11-29 12:12:58,430 INFO ...traffic generating ended.
2018-11-29 12:12:58,434 INFO WARNING: There is a significant difference between requested TX rate (18500000.0) and actual TX rate (6550641). The traffic generator may not have sufficient CPU to achieve the requested TX rate.
2018-11-29 12:12:58,434 INFO Service chain 'EXT' run completed.
2018-11-29 12:12:58,434 INFO Clean up skipped.
2018-11-29 12:12:58,458 INFO Saving results in json file: /tmp/nfvbench/csc_1c2n_18500000pps-1.json...
2018-11-29 12:12:58,468 INFO
========== NFVBench Summary ==========
Date: 2018-11-29 12:11:55
NFVBench version 2.0.4
Openstack Neutron:
  vSwitch:
  Encapsulation:
Benchmarks:
> Networks:
  > Components:
    > Traffic Generator:
        Profile: trex-local
        Tool: TRex
    > Versions:
      > Traffic_Generator:
          build_date: Nov 13 2017
          version: v2.32
          built_by: hhaim
          mode: STL
          build_time: 10:58:17
  > Service chain:
    > EXT:
      > Traffic:
          Profile: traffic_profile_2sizes
          Bidirectional: True
          Flow count: 1024
          Service chains count: 1
          Compute nodes: []

            Run Summary:

              +-----------------+-------------+----------------------+----------------------+----------------------+
              |  L2 Frame Size  |  Drop Rate  |  Avg Latency (usec)  |   Min Latency (usec) |  Max Latency (usec)  |
              +=================+=============+======================+======================+======================+
              |       64        |  71.5342%   |        1,038         |                   20 |        1,172         |
              +-----------------+-------------+----------------------+----------------------+----------------------+
              |      IMIX       |  54.9451%   |        1,509         |                   60 |        1,943         |
              +-----------------+-------------+----------------------+----------------------+----------------------+


            L2 frame size: 64

            Run Config:

              +-------------+---------------------------+------------------------+-----------------+---------------------------+------------------------+-----------------+
              |  Direction  |  Requested TX Rate (bps)  |  Actual TX Rate (bps)  |  RX Rate (bps)  |  Requested TX Rate (pps)  |  Actual TX Rate (pps)  |  RX Rate (pps)  |
              +=============+===========================+========================+=================+===========================+========================+=================+
              |   Forward   |        6.2160 Gbps        |      6.2159 Gbps       |   1.7694 Gbps   |       9,250,000 pps       |     9,249,920 pps      |  2,633,077 pps  |
              +-------------+---------------------------+------------------------+-----------------+---------------------------+------------------------+-----------------+
              |   Reverse   |        6.2160 Gbps        |      6.2159 Gbps       |   1.7694 Gbps   |       9,250,000 pps       |     9,249,920 pps      |  2,633,053 pps  |
              +-------------+---------------------------+------------------------+-----------------+---------------------------+------------------------+-----------------+
              |    Total    |       12.4320 Gbps        |      12.4319 Gbps      |   3.5388 Gbps   |      18,500,000 pps       |     18,499,840 pps     |  5,266,130 pps  |
              +-------------+---------------------------+------------------------+-----------------+---------------------------+------------------------+-----------------+

            Forward Chain Packet Counters and Latency:

              +---------+--------------+--------------------------+------------+------------+------------+
              |   Chain |  TRex.TX.p0  |        TRex.RX.p1        |  Avg lat.  |  Min lat.  |  Max lat.  |
              +=========+==============+==========================+============+============+============+
              |       0 | 277,497,605  | -198,505,275 (-71.5340%) | 1,076 usec |  20 usec   | 1,164 usec |
              +---------+--------------+--------------------------+------------+------------+------------+

            Reverse Chain Packet Counters and Latency:

              +---------+--------------+--------------------------------+------------+------------+------------+
              |   Chain |  TRex.TX.p1  |           TRex.RX.p0           |  Avg lat.  |  Min lat.  |  Max lat.  |
              +=========+==============+================================+============+============+============+
              |       0 | 277,497,605  | +59,856,435,266 (+21570.0727%) | 1,002 usec |  700 usec  | 1,172 usec |
              +---------+--------------+--------------------------------+------------+------------+------------+


            L2 frame size: IMIX

            Run Config:

              +-------------+---------------------------+------------------------+-----------------+---------------------------+------------------------+-----------------+
              |  Direction  |  Requested TX Rate (bps)  |  Actual TX Rate (bps)  |  RX Rate (bps)  |  Requested TX Rate (pps)  |  Actual TX Rate (pps)  |  RX Rate (pps)  |
              +=============+===========================+========================+=================+===========================+========================+=================+
              |   Forward   |       28.2557 Gbps        |      10.0048 Gbps      |   4.5334 Gbps   |       9,250,000 pps       |     3,275,255 pps      |  1,484,091 pps  |
              +-------------+---------------------------+------------------------+-----------------+---------------------------+------------------------+-----------------+
              |   Reverse   |       28.2557 Gbps        |      10.0052 Gbps      |   4.4821 Gbps   |       9,250,000 pps       |     3,275,385 pps      |  1,467,291 pps  |
              +-------------+---------------------------+------------------------+-----------------+---------------------------+------------------------+-----------------+
              |    Total    |       56.5113 Gbps        |      20.0100 Gbps      |   9.0155 Gbps   |      18,500,000 pps       |     6,550,640 pps      |  2,951,382 pps  |
              +-------------+---------------------------+------------------------+-----------------+---------------------------+------------------------+-----------------+

              WARNING: There is a significant difference between requested TX rate (18500000.0) and actual TX rate (6550641). The traffic generator may not have sufficient CPU to achieve the requested TX rate.

            Forward Chain Packet Counters and Latency:

              +---------+--------------+-------------------------+------------+------------+------------+
              |   Chain |  TRex.TX.p0  |       TRex.RX.p1        |  Avg lat.  |  Min lat.  |  Max lat.  |
              +=========+==============+=========================+============+============+============+
              |       0 |  98,257,676  | -53,734,937 (-54.6878%) | 1,464 usec |  60 usec   | 1,943 usec |
              +---------+--------------+-------------------------+------------+------------+------------+

            Reverse Chain Packet Counters and Latency:

              +---------+--------------+--------------------------------+------------+------------+------------+
              |   Chain |  TRex.TX.p1  |           TRex.RX.p0           |  Avg lat.  |  Min lat.  |  Max lat.  |
              +=========+==============+================================+============+============+============+
              |       0 |  98,261,558  | +60,033,831,764 (+61095.9494%) | 1,555 usec |  300 usec  | 1,934 usec |
              +---------+--------------+--------------------------------+------------+------------+------------+


