2018-11-30 09:23:23,197 INFO Loading configuration file: /tmp/nfvbench/nfvbench_config.cfg
2018-11-30 09:23:23,235 INFO EXT chain with OpenStack mode disabled
2018-11-30 09:23:23,236 INFO -c /tmp/nfvbench/nfvbench_config.cfg --rate ndr --flow-count 1024 --duration 30 --json /tmp/nfvbench/csc_6c1n_ndr-1.json
2018-11-30 09:23:23,237 INFO Connecting to TRex (127.0.0.1)...


2018-11-30 09:23:23 - [local][warning]   - [1mCPU util. is high: 88.9%[22m
2018-11-30 09:23:23,268 INFO Connected to TRex
2018-11-30 09:23:23,268 INFO    Port 0: Ethernet Controller X710 for 10GbE SFP+ speed=10Gbps mac=e4:43:4b:2e:b1:d1 pci=0000:1a:00.1 driver=net_i40e
2018-11-30 09:23:23,268 INFO    Port 1: Ethernet Controller X710 for 10GbE SFP+ speed=10Gbps mac=e4:43:4b:2e:b1:d2 pci=0000:1a:00.2 driver=net_i40e
2018-11-30 09:23:23,269 INFO ChainRunner initialized
2018-11-30 09:23:23,270 INFO Starting 6xEXT benchmark...
2018-11-30 09:23:23,374 INFO Polling ARP until successful...
2018-11-30 09:23:23,587 INFO    ARP: port=0 chain=0 src IP=172.16.10.100 dst IP=172.16.10.10 -> MAC=52:54:00:00:00:aa
2018-11-30 09:23:23,587 INFO    ARP: port=0 chain=1 src IP=172.16.10.101 dst IP=172.16.10.11 -> MAC=52:54:01:00:00:aa
2018-11-30 09:23:23,588 INFO    ARP: port=0 chain=2 src IP=172.16.10.102 dst IP=172.16.10.12 -> MAC=52:54:02:00:00:aa
2018-11-30 09:23:23,588 INFO    ARP: port=0 chain=3 src IP=172.16.10.103 dst IP=172.16.10.13 -> MAC=52:54:03:00:00:aa
2018-11-30 09:23:23,588 INFO    ARP: port=0 chain=4 src IP=172.16.10.104 dst IP=172.16.10.14 -> MAC=52:54:04:00:00:aa
2018-11-30 09:23:23,588 INFO    ARP: port=0 chain=5 src IP=172.16.10.105 dst IP=172.16.10.15 -> MAC=52:54:05:00:00:aa
2018-11-30 09:23:23,588 INFO ARP resolved successfully for port 0
2018-11-30 09:23:23,801 INFO    ARP: port=1 chain=0 src IP=172.16.20.100 dst IP=172.16.20.10 -> MAC=52:54:00:00:00:bb
2018-11-30 09:23:23,801 INFO    ARP: port=1 chain=1 src IP=172.16.20.101 dst IP=172.16.20.11 -> MAC=52:54:01:00:00:bb
2018-11-30 09:23:23,801 INFO    ARP: port=1 chain=2 src IP=172.16.20.102 dst IP=172.16.20.12 -> MAC=52:54:02:00:00:bb
2018-11-30 09:23:23,801 INFO    ARP: port=1 chain=3 src IP=172.16.20.103 dst IP=172.16.20.13 -> MAC=52:54:03:00:00:bb
2018-11-30 09:23:23,801 INFO    ARP: port=1 chain=4 src IP=172.16.20.104 dst IP=172.16.20.14 -> MAC=52:54:04:00:00:bb
2018-11-30 09:23:23,801 INFO    ARP: port=1 chain=5 src IP=172.16.20.105 dst IP=172.16.20.15 -> MAC=52:54:05:00:00:bb
2018-11-30 09:23:23,801 INFO ARP resolved successfully for port 1
2018-11-30 09:23:23,903 INFO Port 0: dst MAC ['52:54:00:00:00:aa', '52:54:01:00:00:aa', '52:54:02:00:00:aa', '52:54:03:00:00:aa', '52:54:04:00:00:aa', '52:54:05:00:00:aa']
2018-11-30 09:23:23,903 INFO Port 1: dst MAC ['52:54:00:00:00:bb', '52:54:01:00:00:bb', '52:54:02:00:00:bb', '52:54:03:00:00:bb', '52:54:04:00:00:bb', '52:54:05:00:00:bb']
2018-11-30 09:23:23,903 INFO Starting traffic generator to ensure end-to-end connectivity
2018-11-30 09:23:23,936 INFO Created 6 traffic streams for port 0.
2018-11-30 09:23:23,941 INFO Created 6 traffic streams for port 1.
2018-11-30 09:23:24,054 INFO Captured unique src mac 0/12, capturing return packets (retry 1/100)...
2018-11-30 09:23:26,177 INFO Received packet from mac: 52:54:01:00:00:bb (chain=1, port=1)
2018-11-30 09:23:26,177 INFO Received packet from mac: 52:54:03:00:00:bb (chain=3, port=1)
2018-11-30 09:23:26,178 INFO Received packet from mac: 52:54:00:00:00:bb (chain=0, port=1)
2018-11-30 09:23:26,178 INFO Received packet from mac: 52:54:02:00:00:bb (chain=2, port=1)
2018-11-30 09:23:26,178 INFO Received packet from mac: 52:54:04:00:00:bb (chain=4, port=1)
2018-11-30 09:23:26,178 INFO Received packet from mac: 52:54:05:00:00:bb (chain=5, port=1)
2018-11-30 09:23:26,178 INFO Received packet from mac: 52:54:03:00:00:aa (chain=3, port=0)
2018-11-30 09:23:26,178 INFO Received packet from mac: 52:54:02:00:00:aa (chain=2, port=0)
2018-11-30 09:23:26,178 INFO Received packet from mac: 52:54:04:00:00:aa (chain=4, port=0)
2018-11-30 09:23:26,178 INFO Received packet from mac: 52:54:01:00:00:aa (chain=1, port=0)
2018-11-30 09:23:26,178 INFO Received packet from mac: 52:54:00:00:00:aa (chain=0, port=0)
2018-11-30 09:23:26,178 INFO Received packet from mac: 52:54:05:00:00:aa (chain=5, port=0)
2018-11-30 09:23:26,178 INFO End-to-end connectivity established
2018-11-30 09:23:26,197 INFO Cleared all existing streams
2018-11-30 09:23:26,242 INFO Created 12 traffic streams for port 0.
2018-11-30 09:23:26,249 INFO Created 12 traffic streams for port 1.
2018-11-30 09:23:26,249 INFO *** Searching NDR for 64 (Bidirectional)...
2018-11-30 09:23:26,249 INFO Range search [0.0 .. 200.0] targets: {'ndr': 0.001}
2018-11-30 09:23:26,249 INFO Modified traffic stream for port 0, new rate=100.0%.
2018-11-30 09:23:26,249 INFO Modified traffic stream for port 1, new rate=100.0%.
2018-11-30 09:23:26,249 INFO Running traffic generator


2018-11-30 09:23:31 - [local][warning]   - [1mCPU util. is high: 85.5%[22m
2018-11-30 09:23:36,281 INFO TX: 262170010; RX: 91939954; Est. Dropped: 170230056; Est. Drop rate: 64.9312%
2018-11-30 09:23:46,300 INFO TX: 526509173; RX: 183947570; Est. Dropped: 342561603; Est. Drop rate: 65.0628%
2018-11-30 09:23:56,295 INFO TX: 789402552; RX: 275633038; Est. Dropped: 513769514; Est. Drop rate: 65.0833%
2018-11-30 09:23:58,306 INFO WARNING: There is a significant difference between requested TX rate (29761904) and actual TX rate (26313418). The traffic generator may not have sufficient CPU to achieve the requested TX rate.
2018-11-30 09:23:58,306 INFO Average drop rate: 65.083336
2018-11-30 09:23:58,306 INFO Range search [0.0 .. 100.0] targets: {'ndr': 0.001}
2018-11-30 09:23:58,306 INFO Modified traffic stream for port 0, new rate=50.0%.
2018-11-30 09:23:58,306 INFO Modified traffic stream for port 1, new rate=50.0%.
2018-11-30 09:23:58,306 INFO Running traffic generator
2018-11-30 09:24:08,341 INFO TX: 148954203; RX: 91891705; Est. Dropped: 57062498; Est. Drop rate: 38.3088%
2018-11-30 09:24:18,360 INFO TX: 298051220; RX: 183884828; Est. Dropped: 114166392; Est. Drop rate: 38.3043%
2018-11-30 09:24:28,351 INFO TX: 446429472; RX: 275452131; Est. Dropped: 170977341; Est. Drop rate: 38.2988%
2018-11-30 09:24:30,361 INFO Average drop rate: 38.298847
2018-11-30 09:24:30,361 INFO Range search [0.0 .. 50.0] targets: {'ndr': 0.001}
2018-11-30 09:24:30,361 INFO Modified traffic stream for port 0, new rate=25.0%.
2018-11-30 09:24:30,361 INFO Modified traffic stream for port 1, new rate=25.0%.
2018-11-30 09:24:30,362 INFO Running traffic generator
2018-11-30 09:24:40,399 INFO TX: 74470882; RX: 74470626; Est. Dropped: 256; Est. Drop rate: 0.0003%
2018-11-30 09:24:50,419 INFO TX: 149017554; RX: 149017351; Est. Dropped: 203; Est. Drop rate: 0.0001%
2018-11-30 09:25:00,412 INFO TX: 223214496; RX: 223214496; Est. Dropped: 0; Est. Drop rate: 0.0000%
2018-11-30 09:25:02,423 INFO Average drop rate: 0.000000
2018-11-30 09:25:02,423 INFO Range search [25.0 .. 50.0] targets: {'ndr': 0.001}
2018-11-30 09:25:02,423 INFO Modified traffic stream for port 0, new rate=37.5%.
2018-11-30 09:25:02,423 INFO Modified traffic stream for port 1, new rate=37.5%.
2018-11-30 09:25:02,423 INFO Running traffic generator
2018-11-30 09:25:12,461 INFO TX: 111712312; RX: 91877055; Est. Dropped: 19835257; Est. Drop rate: 17.7557%
2018-11-30 09:25:22,482 INFO TX: 223543364; RX: 183841300; Est. Dropped: 39702064; Est. Drop rate: 17.7603%
2018-11-30 09:25:32,471 INFO TX: 334822080; RX: 275360365; Est. Dropped: 59461715; Est. Drop rate: 17.7592%
2018-11-30 09:25:34,483 INFO Average drop rate: 17.759198
2018-11-30 09:25:34,483 INFO Range search [25.0 .. 37.5] targets: {'ndr': 0.001}
2018-11-30 09:25:34,483 INFO Modified traffic stream for port 0, new rate=31.25%.
2018-11-30 09:25:34,483 INFO Modified traffic stream for port 1, new rate=31.25%.
2018-11-30 09:25:34,483 INFO Running traffic generator
2018-11-30 09:25:44,515 INFO TX: 93095257; RX: 91949084; Est. Dropped: 1146173; Est. Drop rate: 1.2312%
2018-11-30 09:25:54,536 INFO TX: 186284168; RX: 183994511; Est. Dropped: 2289657; Est. Drop rate: 1.2291%
2018-11-30 09:26:04,525 INFO TX: 279017940; RX: 275577232; Est. Dropped: 3440708; Est. Drop rate: 1.2331%
2018-11-30 09:26:06,537 INFO Average drop rate: 1.233149
2018-11-30 09:26:06,537 INFO Range search [25.0 .. 31.25] targets: {'ndr': 0.001}
2018-11-30 09:26:06,537 INFO Modified traffic stream for port 0, new rate=28.125%.
2018-11-30 09:26:06,537 INFO Modified traffic stream for port 1, new rate=28.125%.
2018-11-30 09:26:06,537 INFO Running traffic generator
2018-11-30 09:26:16,576 INFO TX: 83787077; RX: 83786524; Est. Dropped: 553; Est. Drop rate: 0.0007%
2018-11-30 09:26:26,596 INFO TX: 167660662; RX: 167659984; Est. Dropped: 678; Est. Drop rate: 0.0004%
2018-11-30 09:26:36,588 INFO TX: 251115996; RX: 251115996; Est. Dropped: 0; Est. Drop rate: 0.0000%
2018-11-30 09:26:38,599 INFO Average drop rate: 0.000000
2018-11-30 09:26:38,599 INFO Range search [28.125 .. 31.25] targets: {'ndr': 0.001}
2018-11-30 09:26:38,599 INFO Modified traffic stream for port 0, new rate=29.6875%.
2018-11-30 09:26:38,599 INFO Modified traffic stream for port 1, new rate=29.6875%.
2018-11-30 09:26:38,599 INFO Running traffic generator
2018-11-30 09:26:48,646 INFO TX: 88551940; RX: 88550383; Est. Dropped: 1557; Est. Drop rate: 0.0018%
2018-11-30 09:26:58,667 INFO TX: 177085037; RX: 177083899; Est. Dropped: 1138; Est. Drop rate: 0.0006%
2018-11-30 09:27:08,647 INFO TX: 265067280; RX: 265067280; Est. Dropped: 0; Est. Drop rate: 0.0000%
2018-11-30 09:27:10,658 INFO Average drop rate: 0.000000
2018-11-30 09:27:10,658 INFO Range search [29.6875 .. 31.25] targets: {'ndr': 0.001}
2018-11-30 09:27:10,658 INFO Modified traffic stream for port 0, new rate=30.46875%.
2018-11-30 09:27:10,658 INFO Modified traffic stream for port 1, new rate=30.46875%.
2018-11-30 09:27:10,658 INFO Running traffic generator
2018-11-30 09:27:20,694 INFO TX: 90774198; RX: 90771918; Est. Dropped: 2280; Est. Drop rate: 0.0025%
2018-11-30 09:27:30,715 INFO TX: 181637636; RX: 181635673; Est. Dropped: 1963; Est. Drop rate: 0.0011%
2018-11-30 09:27:40,705 INFO TX: 272042424; RX: 272042424; Est. Dropped: 0; Est. Drop rate: 0.0000%
2018-11-30 09:27:42,716 INFO Average drop rate: 0.000000
2018-11-30 09:27:42,717 INFO Range search [30.46875 .. 31.25] targets: {'ndr': 0.001}
2018-11-30 09:27:42,717 INFO Modified traffic stream for port 0, new rate=30.859375%.
2018-11-30 09:27:42,717 INFO Modified traffic stream for port 1, new rate=30.859375%.
2018-11-30 09:27:42,717 INFO Running traffic generator
2018-11-30 09:27:52,760 INFO TX: 91939956; RX: 91725753; Est. Dropped: 214203; Est. Drop rate: 0.2330%
2018-11-30 09:28:02,781 INFO TX: 183968572; RX: 183539930; Est. Dropped: 428642; Est. Drop rate: 0.2330%
2018-11-30 09:28:12,770 INFO TX: 275530572; RX: 274892130; Est. Dropped: 638442; Est. Drop rate: 0.2317%
2018-11-30 09:28:14,782 INFO Average drop rate: 0.231714
2018-11-30 09:28:14,782 INFO Range search [30.46875 .. 30.859375] targets: {'ndr': 0.001}
2018-11-30 09:28:14,782 INFO Modified traffic stream for port 0, new rate=30.6640625%.
2018-11-30 09:28:14,782 INFO Modified traffic stream for port 1, new rate=30.6640625%.
2018-11-30 09:28:14,782 INFO Running traffic generator
2018-11-30 09:28:24,820 INFO TX: 91411735; RX: 91409164; Est. Dropped: 2571; Est. Drop rate: 0.0028%
2018-11-30 09:28:34,841 INFO TX: 182842608; RX: 182838329; Est. Dropped: 4279; Est. Drop rate: 0.0023%
2018-11-30 09:28:44,826 INFO TX: 273786600; RX: 273783736; Est. Dropped: 2864; Est. Drop rate: 0.0010%
2018-11-30 09:28:46,837 INFO Average drop rate: 0.001046
2018-11-30 09:28:46,837 INFO Range search [30.46875 .. 30.6640625] targets: {'ndr': 0.001}
2018-11-30 09:28:46,837 INFO Modified traffic stream for port 0, new rate=30.56640625%.
2018-11-30 09:28:46,837 INFO Modified traffic stream for port 1, new rate=30.56640625%.
2018-11-30 09:28:46,837 INFO Running traffic generator
2018-11-30 09:28:56,871 INFO TX: 91058987; RX: 91056915; Est. Dropped: 2072; Est. Drop rate: 0.0023%
2018-11-30 09:29:06,892 INFO TX: 182214784; RX: 182212575; Est. Dropped: 2209; Est. Drop rate: 0.0012%
2018-11-30 09:29:16,881 INFO TX: 272914716; RX: 272914716; Est. Dropped: 0; Est. Drop rate: 0.0000%
2018-11-30 09:29:18,892 INFO Average drop rate: 0.000000
2018-11-30 09:29:18,892 INFO Range search [30.56640625 .. 30.6640625] targets: {'ndr': 0.001}
2018-11-30 09:29:18,892 INFO Found ndr (0.001) load: 30.56640625
2018-11-30 09:29:18,892 INFO NDR load: 61.1328125
2018-11-30 09:29:18,921 INFO Cleared all existing streams
2018-11-30 09:29:19,052 INFO Created 24 traffic streams for port 0.
2018-11-30 09:29:19,068 INFO Created 24 traffic streams for port 1.
2018-11-30 09:29:19,068 INFO *** Searching NDR for IMIX (Bidirectional)...
2018-11-30 09:29:19,068 INFO Range search [0.0 .. 200.0] targets: {'ndr': 0.001}
2018-11-30 09:29:19,068 INFO Modified traffic stream for port 0, new rate=100.0%.
2018-11-30 09:29:19,068 INFO Modified traffic stream for port 1, new rate=100.0%.
2018-11-30 09:29:19,068 INFO Running traffic generator
2018-11-30 09:29:29,104 INFO TX: 65540445; RX: 54934738; Est. Dropped: 10605707; Est. Drop rate: 16.1819%
2018-11-30 09:29:39,124 INFO TX: 131147016; RX: 109947477; Est. Dropped: 21199539; Est. Drop rate: 16.1647%
2018-11-30 09:29:49,113 INFO TX: 196421568; RX: 164677735; Est. Dropped: 31743833; Est. Drop rate: 16.1611%
2018-11-30 09:29:51,124 INFO Average drop rate: 16.161073
2018-11-30 09:29:51,124 INFO Range search [0.0 .. 100.0] targets: {'ndr': 0.001}
2018-11-30 09:29:51,124 INFO Modified traffic stream for port 0, new rate=50.0%.
2018-11-30 09:29:51,124 INFO Modified traffic stream for port 1, new rate=50.0%.
2018-11-30 09:29:51,124 INFO Running traffic generator
2018-11-30 09:30:01,160 INFO TX: 32769130; RX: 32769113; Est. Dropped: 17; Est. Drop rate: 0.0001%
2018-11-30 09:30:11,181 INFO TX: 65572496; RX: 65572511; Est. Dropped: -15; Est. Drop rate: -0.0000%
2018-11-30 09:30:21,169 INFO TX: 98211204; RX: 98211204; Est. Dropped: 0; Est. Drop rate: 0.0000%
2018-11-30 09:30:23,181 INFO Average drop rate: 0.000000
2018-11-30 09:30:23,181 INFO Range search [50.0 .. 100.0] targets: {'ndr': 0.001}
2018-11-30 09:30:23,181 INFO Modified traffic stream for port 0, new rate=75.0%.
2018-11-30 09:30:23,181 INFO Modified traffic stream for port 1, new rate=75.0%.
2018-11-30 09:30:23,181 INFO Running traffic generator
2018-11-30 09:30:33,215 INFO TX: 49153938; RX: 49153619; Est. Dropped: 319; Est. Drop rate: 0.0006%
2018-11-30 09:30:43,235 INFO TX: 98356935; RX: 98356554; Est. Dropped: 381; Est. Drop rate: 0.0004%
2018-11-30 09:30:53,227 INFO TX: 147316440; RX: 147316440; Est. Dropped: 0; Est. Drop rate: 0.0000%
2018-11-30 09:30:55,239 INFO Average drop rate: 0.000000
2018-11-30 09:30:55,239 INFO Range search [75.0 .. 100.0] targets: {'ndr': 0.001}
2018-11-30 09:30:55,239 INFO Modified traffic stream for port 0, new rate=87.5%.
2018-11-30 09:30:55,239 INFO Modified traffic stream for port 1, new rate=87.5%.
2018-11-30 09:30:55,239 INFO Running traffic generator
2018-11-30 09:31:05,274 INFO TX: 57345635; RX: 55011397; Est. Dropped: 2334238; Est. Drop rate: 4.0705%
2018-11-30 09:31:15,295 INFO TX: 114752212; RX: 110071455; Est. Dropped: 4680757; Est. Drop rate: 4.0790%
2018-11-30 09:31:25,284 INFO TX: 171868944; RX: 164867341; Est. Dropped: 7001603; Est. Drop rate: 4.0738%
2018-11-30 09:31:27,295 INFO Average drop rate: 4.073803
2018-11-30 09:31:27,295 INFO Range search [75.0 .. 87.5] targets: {'ndr': 0.001}
2018-11-30 09:31:27,295 INFO Modified traffic stream for port 0, new rate=81.25%.
2018-11-30 09:31:27,296 INFO Modified traffic stream for port 1, new rate=81.25%.
2018-11-30 09:31:27,296 INFO Running traffic generator
2018-11-30 09:31:37,341 INFO TX: 53254520; RX: 53254013; Est. Dropped: 507; Est. Drop rate: 0.0010%
2018-11-30 09:31:47,361 INFO TX: 106559057; RX: 106558491; Est. Dropped: 566; Est. Drop rate: 0.0005%
2018-11-30 09:31:57,353 INFO TX: 159592656; RX: 159592656; Est. Dropped: 0; Est. Drop rate: 0.0000%
2018-11-30 09:31:59,364 INFO Average drop rate: 0.000000
2018-11-30 09:31:59,365 INFO Range search [81.25 .. 87.5] targets: {'ndr': 0.001}
2018-11-30 09:31:59,365 INFO Modified traffic stream for port 0, new rate=84.375%.
2018-11-30 09:31:59,365 INFO Modified traffic stream for port 1, new rate=84.375%.
2018-11-30 09:31:59,365 INFO Running traffic generator
2018-11-30 09:32:09,399 INFO TX: 55299305; RX: 55298299; Est. Dropped: 1006; Est. Drop rate: 0.0018%
2018-11-30 09:32:19,420 INFO TX: 110654882; RX: 110653758; Est. Dropped: 1124; Est. Drop rate: 0.0010%
2018-11-30 09:32:29,409 INFO TX: 165730860; RX: 165730860; Est. Dropped: 0; Est. Drop rate: 0.0000%
2018-11-30 09:32:31,420 INFO Average drop rate: 0.000000
2018-11-30 09:32:31,421 INFO Range search [84.375 .. 87.5] targets: {'ndr': 0.001}
2018-11-30 09:32:31,421 INFO Modified traffic stream for port 0, new rate=85.9375%.
2018-11-30 09:32:31,421 INFO Modified traffic stream for port 1, new rate=85.9375%.
2018-11-30 09:32:31,421 INFO Running traffic generator
2018-11-30 09:32:41,464 INFO TX: 56324967; RX: 55022092; Est. Dropped: 1302875; Est. Drop rate: 2.3131%
2018-11-30 09:32:51,485 INFO TX: 112706913; RX: 110047721; Est. Dropped: 2659192; Est. Drop rate: 2.3594%
2018-11-30 09:33:01,474 INFO TX: 168799896; RX: 164815718; Est. Dropped: 3984178; Est. Drop rate: 2.3603%
2018-11-30 09:33:03,486 INFO Average drop rate: 2.360296
2018-11-30 09:33:03,486 INFO Range search [84.375 .. 85.9375] targets: {'ndr': 0.001}
2018-11-30 09:33:03,486 INFO Modified traffic stream for port 0, new rate=85.15625%.
2018-11-30 09:33:03,486 INFO Modified traffic stream for port 1, new rate=85.15625%.
2018-11-30 09:33:03,486 INFO Running traffic generator
2018-11-30 09:33:13,520 INFO TX: 55810202; RX: 55809098; Est. Dropped: 1104; Est. Drop rate: 0.0020%
2018-11-30 09:33:23,541 INFO TX: 111679772; RX: 111678594; Est. Dropped: 1178; Est. Drop rate: 0.0011%
2018-11-30 09:33:33,530 INFO TX: 167265348; RX: 167265348; Est. Dropped: 0; Est. Drop rate: 0.0000%
2018-11-30 09:33:35,542 INFO Average drop rate: 0.000000
2018-11-30 09:33:35,542 INFO Range search [85.15625 .. 85.9375] targets: {'ndr': 0.001}
2018-11-30 09:33:35,542 INFO Modified traffic stream for port 0, new rate=85.546875%.
2018-11-30 09:33:35,542 INFO Modified traffic stream for port 1, new rate=85.546875%.
2018-11-30 09:33:35,542 INFO Running traffic generator
2018-11-30 09:33:45,584 INFO TX: 56065307; RX: 56064089; Est. Dropped: 1218; Est. Drop rate: 0.0022%
2018-11-30 09:33:55,604 INFO TX: 112188296; RX: 111155792; Est. Dropped: 1032504; Est. Drop rate: 0.9203%
2018-11-30 09:34:05,593 INFO TX: 168032688; RX: 165948031; Est. Dropped: 2084657; Est. Drop rate: 1.2406%
2018-11-30 09:34:07,604 INFO Average drop rate: 1.240626
2018-11-30 09:34:07,605 INFO Range search [85.15625 .. 85.546875] targets: {'ndr': 0.001}
2018-11-30 09:34:07,605 INFO Modified traffic stream for port 0, new rate=85.3515625%.
2018-11-30 09:34:07,605 INFO Modified traffic stream for port 1, new rate=85.3515625%.
2018-11-30 09:34:07,605 INFO Running traffic generator
2018-11-30 09:34:17,641 INFO TX: 55939113; RX: 55575140; Est. Dropped: 363973; Est. Drop rate: 0.6507%
2018-11-30 09:34:27,661 INFO TX: 111936177; RX: 110628001; Est. Dropped: 1308176; Est. Drop rate: 1.1687%
2018-11-30 09:34:37,651 INFO TX: 167649048; RX: 165377897; Est. Dropped: 2271151; Est. Drop rate: 1.3547%
2018-11-30 09:34:39,662 INFO Average drop rate: 1.354706
2018-11-30 09:34:39,662 INFO Range search [85.15625 .. 85.3515625] targets: {'ndr': 0.001}
2018-11-30 09:34:39,662 INFO Modified traffic stream for port 0, new rate=85.25390625%.
2018-11-30 09:34:39,663 INFO Modified traffic stream for port 1, new rate=85.25390625%.
2018-11-30 09:34:39,663 INFO Running traffic generator
2018-11-30 09:34:49,705 INFO TX: 55876643; RX: 55375744; Est. Dropped: 500899; Est. Drop rate: 0.8964%
2018-11-30 09:34:59,726 INFO TX: 111806457; RX: 110415572; Est. Dropped: 1390885; Est. Drop rate: 1.2440%
2018-11-30 09:35:09,715 INFO TX: 167457216; RX: 165172769; Est. Dropped: 2284447; Est. Drop rate: 1.3642%
2018-11-30 09:35:11,727 INFO Average drop rate: 1.364197
2018-11-30 09:35:11,727 INFO Range search [85.15625 .. 85.25390625] targets: {'ndr': 0.001}
2018-11-30 09:35:11,727 INFO Found ndr (0.001) load: 85.15625
2018-11-30 09:35:11,727 INFO NDR load: 170.3125
2018-11-30 09:35:11,727 INFO Service chain 'EXT' run completed.
2018-11-30 09:35:11,727 INFO Clean up skipped.
2018-11-30 09:35:11,766 INFO Saving results in json file: /tmp/nfvbench/csc_6c1n_ndr-1.json...
2018-11-30 09:35:11,770 INFO 
========== NFVBench Summary ==========
Date: 2018-11-30 09:23:23
NFVBench version 2.0.4
Openstack Neutron:
  vSwitch: 
  Encapsulation: 
Benchmarks:
> Networks:
  > Components:
    > Traffic Generator:
        Profile: trex-local
        Tool: TRex
    > Versions:
      > Traffic_Generator:
          build_date: Nov 13 2017
          version: v2.32
          built_by: hhaim
          mode: STL
          build_time: 10:58:17
  > Measurement Parameters:
      NDR: 0.001
  > Service chain:
    > EXT:
      > Traffic:
          Profile: traffic_profile_2sizes
          Bidirectional: True
          Flow count: 1024
          Service chains count: 6
          Compute nodes: []
            
            Run Summary:
            
              +-----+-----------------+------------------+------------------+-----------------+----------------------+----------------------+----------------------+
              |  -  |  L2 Frame Size  |  Rate (fwd+rev)  |  Rate (fwd+rev)  |  Avg Drop Rate  |   Avg Latency (usec) |   Min Latency (usec) |   Max Latency (usec) |
              +=====+=================+==================+==================+=================+======================+======================+======================+
              | NDR |       64        |   6.1133 Gbps    |  9,097,144 pps   |     0.0000%     |                  283 |                   10 |                  520 |
              +-----+-----------------+------------------+------------------+-----------------+----------------------+----------------------+----------------------+
              | NDR |      IMIX       |   17.0312 Gbps   |  5,575,484 pps   |     0.0000%     |                  256 |                   10 |                  439 |
              +-----+-----------------+------------------+------------------+-----------------+----------------------+----------------------+----------------------+
              
            
            L2 frame size: 64
            NDR search duration: 353 seconds
            
            
            L2 frame size: IMIX
            NDR search duration: 353 seconds
            

