2018-11-30 10:20:42,203 INFO Loading configuration file: /tmp/nfvbench/nfvbench_config.cfg
2018-11-30 10:20:42,241 INFO EXT chain with OpenStack mode disabled
2018-11-30 10:20:42,241 INFO -c /tmp/nfvbench/nfvbench_config.cfg --rate ndr --flow-count 1024 --duration 30 --json /tmp/nfvbench/csp_2c1n_ndr-1.json
2018-11-30 10:20:42,242 INFO Connecting to TRex (127.0.0.1)...


2018-11-30 10:20:42 - [local][warning]   - [1mCPU util. is high: 96.5%[22m
2018-11-30 10:20:42,378 INFO Connected to TRex
2018-11-30 10:20:42,378 INFO    Port 0: Ethernet Controller X710 for 10GbE SFP+ speed=10Gbps mac=e4:43:4b:2e:b1:d1 pci=0000:1a:00.1 driver=net_i40e
2018-11-30 10:20:42,378 INFO    Port 1: Ethernet Controller X710 for 10GbE SFP+ speed=10Gbps mac=e4:43:4b:2e:b1:d2 pci=0000:1a:00.2 driver=net_i40e
2018-11-30 10:20:42,379 INFO ChainRunner initialized
2018-11-30 10:20:42,380 INFO Starting 2xEXT benchmark...
2018-11-30 10:20:42,485 INFO Polling ARP until successful...
2018-11-30 10:20:42,597 INFO    ARP: port=0 chain=0 src IP=172.16.10.100 dst IP=172.16.10.10 -> MAC=52:54:00:00:00:aa
2018-11-30 10:20:42,597 INFO    ARP: port=0 chain=1 src IP=172.16.10.101 dst IP=172.16.10.11 -> MAC=52:54:01:00:00:aa
2018-11-30 10:20:42,597 INFO ARP resolved successfully for port 0
2018-11-30 10:20:42,806 INFO    ARP: port=1 chain=0 src IP=172.16.20.100 dst IP=172.16.20.10 -> MAC=52:54:00:00:00:bb
2018-11-30 10:20:42,806 INFO    ARP: port=1 chain=1 src IP=172.16.20.101 dst IP=172.16.20.11 -> MAC=52:54:01:00:00:bb
2018-11-30 10:20:42,806 INFO ARP resolved successfully for port 1
2018-11-30 10:20:42,908 INFO Port 0: dst MAC ['52:54:00:00:00:aa', '52:54:01:00:00:aa']
2018-11-30 10:20:42,908 INFO Port 1: dst MAC ['52:54:00:00:00:bb', '52:54:01:00:00:bb']
2018-11-30 10:20:42,908 INFO Starting traffic generator to ensure end-to-end connectivity
2018-11-30 10:20:42,920 INFO Created 2 traffic streams for port 0.
2018-11-30 10:20:42,921 INFO Created 2 traffic streams for port 1.
2018-11-30 10:20:43,032 INFO Captured unique src mac 0/4, capturing return packets (retry 1/100)...
2018-11-30 10:20:45,154 INFO Received packet from mac: 52:54:00:00:00:bb (chain=0, port=1)
2018-11-30 10:20:45,154 INFO Received packet from mac: 52:54:01:00:00:bb (chain=1, port=1)
2018-11-30 10:20:45,154 INFO Received packet from mac: 52:54:00:00:00:aa (chain=0, port=0)
2018-11-30 10:20:45,154 INFO Received packet from mac: 52:54:01:00:00:aa (chain=1, port=0)
2018-11-30 10:20:45,154 INFO End-to-end connectivity established
2018-11-30 10:20:45,172 INFO Cleared all existing streams
2018-11-30 10:20:45,188 INFO Created 4 traffic streams for port 0.
2018-11-30 10:20:45,190 INFO Created 4 traffic streams for port 1.
2018-11-30 10:20:45,191 INFO *** Searching NDR for 64 (Bidirectional)...
2018-11-30 10:20:45,191 INFO Range search [0.0 .. 200.0] targets: {'ndr': 0.001}
2018-11-30 10:20:45,191 INFO Modified traffic stream for port 0, new rate=100.0%.
2018-11-30 10:20:45,191 INFO Modified traffic stream for port 1, new rate=100.0%.
2018-11-30 10:20:45,191 INFO Running traffic generator


2018-11-30 10:20:51 - [local][warning]   - [1mCPU util. is high: 87.5%[22m
2018-11-30 10:20:55,216 INFO TX: 274396299; RX: 103867788; Est. Dropped: 170528511; Est. Drop rate: 62.1468%
2018-11-30 10:21:05,232 INFO TX: 549814368; RX: 208066719; Est. Dropped: 341747649; Est. Drop rate: 62.1569%
2018-11-30 10:21:15,229 INFO TX: 824204074; RX: 311815709; Est. Dropped: 512388365; Est. Drop rate: 62.1677%
2018-11-30 10:21:17,236 INFO Average drop rate: 62.167657
2018-11-30 10:21:17,236 INFO Range search [0.0 .. 100.0] targets: {'ndr': 0.001}
2018-11-30 10:21:17,236 INFO Modified traffic stream for port 0, new rate=50.0%.
2018-11-30 10:21:17,236 INFO Modified traffic stream for port 1, new rate=50.0%.
2018-11-30 10:21:17,236 INFO Running traffic generator
2018-11-30 10:21:27,262 INFO TX: 148958492; RX: 104082392; Est. Dropped: 44876100; Est. Drop rate: 30.1266%
2018-11-30 10:21:37,278 INFO TX: 297981995; RX: 208454759; Est. Dropped: 89527236; Est. Drop rate: 30.0445%
2018-11-30 10:21:47,274 INFO TX: 446426276; RX: 312109940; Est. Dropped: 134316336; Est. Drop rate: 30.0870%
2018-11-30 10:21:49,281 INFO Average drop rate: 30.087014
2018-11-30 10:21:49,281 INFO Range search [0.0 .. 50.0] targets: {'ndr': 0.001}
2018-11-30 10:21:49,282 INFO Modified traffic stream for port 0, new rate=25.0%.
2018-11-30 10:21:49,282 INFO Modified traffic stream for port 1, new rate=25.0%.
2018-11-30 10:21:49,282 INFO Running traffic generator
2018-11-30 10:21:59,309 INFO TX: 74478384; RX: 74478286; Est. Dropped: 98; Est. Drop rate: 0.0001%
2018-11-30 10:22:09,326 INFO TX: 148997076; RX: 148997036; Est. Dropped: 40; Est. Drop rate: 0.0000%
2018-11-30 10:22:19,320 INFO TX: 223214496; RX: 223214496; Est. Dropped: 0; Est. Drop rate: 0.0000%
2018-11-30 10:22:21,327 INFO Average drop rate: 0.000000
2018-11-30 10:22:21,327 INFO Range search [25.0 .. 50.0] targets: {'ndr': 0.001}
2018-11-30 10:22:21,327 INFO Modified traffic stream for port 0, new rate=37.5%.
2018-11-30 10:22:21,327 INFO Modified traffic stream for port 1, new rate=37.5%.
2018-11-30 10:22:21,327 INFO Running traffic generator
2018-11-30 10:22:31,352 INFO TX: 111714788; RX: 104745589; Est. Dropped: 6969199; Est. Drop rate: 6.2384%
2018-11-30 10:22:41,368 INFO TX: 223488036; RX: 209195295; Est. Dropped: 14292741; Est. Drop rate: 6.3953%
2018-11-30 10:22:51,365 INFO TX: 334819948; RX: 313449606; Est. Dropped: 21370342; Est. Drop rate: 6.3826%
2018-11-30 10:22:53,372 INFO Average drop rate: 6.382637
2018-11-30 10:22:53,372 INFO Range search [25.0 .. 37.5] targets: {'ndr': 0.001}
2018-11-30 10:22:53,372 INFO Modified traffic stream for port 0, new rate=31.25%.
2018-11-30 10:22:53,372 INFO Modified traffic stream for port 1, new rate=31.25%.
2018-11-30 10:22:53,372 INFO Running traffic generator
2018-11-30 10:23:03,399 INFO TX: 93098848; RX: 93098313; Est. Dropped: 535; Est. Drop rate: 0.0006%
2018-11-30 10:23:13,415 INFO TX: 186247850; RX: 186247346; Est. Dropped: 504; Est. Drop rate: 0.0003%
2018-11-30 10:23:23,410 INFO TX: 279016680; RX: 279016680; Est. Dropped: 0; Est. Drop rate: 0.0000%
2018-11-30 10:23:25,417 INFO Average drop rate: 0.000000
2018-11-30 10:23:25,417 INFO Range search [31.25 .. 37.5] targets: {'ndr': 0.001}
2018-11-30 10:23:25,417 INFO Modified traffic stream for port 0, new rate=34.375%.
2018-11-30 10:23:25,417 INFO Modified traffic stream for port 1, new rate=34.375%.
2018-11-30 10:23:25,417 INFO Running traffic generator
2018-11-30 10:23:35,449 INFO TX: 102408764; RX: 102384265; Est. Dropped: 24499; Est. Drop rate: 0.0239%
2018-11-30 10:23:45,466 INFO TX: 204873293; RX: 204846876; Est. Dropped: 26417; Est. Drop rate: 0.0129%
2018-11-30 10:23:55,462 INFO TX: 306919688; RX: 306889172; Est. Dropped: 30516; Est. Drop rate: 0.0099%
2018-11-30 10:23:57,469 INFO Average drop rate: 0.009943
2018-11-30 10:23:57,469 INFO Range search [31.25 .. 34.375] targets: {'ndr': 0.001}
2018-11-30 10:23:57,469 INFO Modified traffic stream for port 0, new rate=32.8125%.
2018-11-30 10:23:57,469 INFO Modified traffic stream for port 1, new rate=32.8125%.
2018-11-30 10:23:57,469 INFO Running traffic generator
2018-11-30 10:24:07,495 INFO TX: 97752466; RX: 97751187; Est. Dropped: 1279; Est. Drop rate: 0.0013%
2018-11-30 10:24:17,511 INFO TX: 195558768; RX: 195557449; Est. Dropped: 1319; Est. Drop rate: 0.0007%
2018-11-30 10:24:27,505 INFO TX: 292967600; RX: 292967600; Est. Dropped: 0; Est. Drop rate: 0.0000%
2018-11-30 10:24:29,513 INFO Average drop rate: 0.000000
2018-11-30 10:24:29,513 INFO Range search [32.8125 .. 34.375] targets: {'ndr': 0.001}
2018-11-30 10:24:29,513 INFO Modified traffic stream for port 0, new rate=33.59375%.
2018-11-30 10:24:29,513 INFO Modified traffic stream for port 1, new rate=33.59375%.
2018-11-30 10:24:29,513 INFO Running traffic generator
2018-11-30 10:24:39,540 INFO TX: 100079737; RX: 100077844; Est. Dropped: 1893; Est. Drop rate: 0.0019%
2018-11-30 10:24:49,556 INFO TX: 200215259; RX: 200213399; Est. Dropped: 1860; Est. Drop rate: 0.0009%
2018-11-30 10:24:59,550 INFO TX: 299943204; RX: 299943204; Est. Dropped: 0; Est. Drop rate: 0.0000%
2018-11-30 10:25:01,558 INFO Average drop rate: 0.000000
2018-11-30 10:25:01,558 INFO Range search [33.59375 .. 34.375] targets: {'ndr': 0.001}
2018-11-30 10:25:01,558 INFO Modified traffic stream for port 0, new rate=33.984375%.
2018-11-30 10:25:01,558 INFO Modified traffic stream for port 1, new rate=33.984375%.
2018-11-30 10:25:01,558 INFO Running traffic generator
2018-11-30 10:25:11,584 INFO TX: 101237124; RX: 101235158; Est. Dropped: 1966; Est. Drop rate: 0.0019%
2018-11-30 10:25:21,600 INFO TX: 202532757; RX: 202530522; Est. Dropped: 2235; Est. Drop rate: 0.0011%
2018-11-30 10:25:31,595 INFO TX: 303431168; RX: 303431168; Est. Dropped: 0; Est. Drop rate: 0.0000%
2018-11-30 10:25:33,603 INFO Average drop rate: 0.000000
2018-11-30 10:25:33,603 INFO Range search [33.984375 .. 34.375] targets: {'ndr': 0.001}
2018-11-30 10:25:33,603 INFO Modified traffic stream for port 0, new rate=34.1796875%.
2018-11-30 10:25:33,603 INFO Modified traffic stream for port 1, new rate=34.1796875%.
2018-11-30 10:25:33,603 INFO Running traffic generator
2018-11-30 10:25:43,630 INFO TX: 101826610; RX: 101824433; Est. Dropped: 2177; Est. Drop rate: 0.0021%
2018-11-30 10:25:53,645 INFO TX: 203702506; RX: 203700228; Est. Dropped: 2278; Est. Drop rate: 0.0011%
2018-11-30 10:26:03,640 INFO TX: 305175128; RX: 305175128; Est. Dropped: 0; Est. Drop rate: 0.0000%
2018-11-30 10:26:05,647 INFO Average drop rate: 0.000000
2018-11-30 10:26:05,647 INFO Range search [34.1796875 .. 34.375] targets: {'ndr': 0.001}
2018-11-30 10:26:05,647 INFO Modified traffic stream for port 0, new rate=34.27734375%.
2018-11-30 10:26:05,647 INFO Modified traffic stream for port 1, new rate=34.27734375%.
2018-11-30 10:26:05,647 INFO Running traffic generator
2018-11-30 10:26:15,673 INFO TX: 102114348; RX: 102112165; Est. Dropped: 2183; Est. Drop rate: 0.0021%
2018-11-30 10:26:25,690 INFO TX: 204281709; RX: 204279128; Est. Dropped: 2581; Est. Drop rate: 0.0013%
2018-11-30 10:26:35,684 INFO TX: 306048164; RX: 306048164; Est. Dropped: 0; Est. Drop rate: 0.0000%
2018-11-30 10:26:37,691 INFO Average drop rate: 0.000000
2018-11-30 10:26:37,692 INFO Range search [34.27734375 .. 34.375] targets: {'ndr': 0.001}
2018-11-30 10:26:37,692 INFO Found ndr (0.001) load: 34.27734375
2018-11-30 10:26:37,692 INFO NDR load: 68.5546875
2018-11-30 10:26:37,718 INFO Cleared all existing streams
2018-11-30 10:26:37,763 INFO Created 8 traffic streams for port 0.
2018-11-30 10:26:37,769 INFO Created 8 traffic streams for port 1.
2018-11-30 10:26:37,769 INFO *** Searching NDR for IMIX (Bidirectional)...
2018-11-30 10:26:37,769 INFO Range search [0.0 .. 200.0] targets: {'ndr': 0.001}
2018-11-30 10:26:37,769 INFO Modified traffic stream for port 0, new rate=100.0%.
2018-11-30 10:26:37,769 INFO Modified traffic stream for port 1, new rate=100.0%.
2018-11-30 10:26:37,769 INFO Running traffic generator
2018-11-30 10:26:47,793 INFO TX: 65537810; RX: 60274521; Est. Dropped: 5263289; Est. Drop rate: 8.0309%
2018-11-30 10:26:57,809 INFO TX: 131112452; RX: 120563124; Est. Dropped: 10549328; Est. Drop rate: 8.0460%
2018-11-30 10:27:07,803 INFO TX: 196420884; RX: 180621377; Est. Dropped: 15799507; Est. Drop rate: 8.0437%
2018-11-30 10:27:09,810 INFO Average drop rate: 8.043700
2018-11-30 10:27:09,810 INFO Range search [0.0 .. 100.0] targets: {'ndr': 0.001}
2018-11-30 10:27:09,810 INFO Modified traffic stream for port 0, new rate=50.0%.
2018-11-30 10:27:09,810 INFO Modified traffic stream for port 1, new rate=50.0%.
2018-11-30 10:27:09,811 INFO Running traffic generator
2018-11-30 10:27:19,836 INFO TX: 32768900; RX: 32768946; Est. Dropped: -46; Est. Drop rate: -0.0001%
2018-11-30 10:27:29,852 INFO TX: 65556024; RX: 65556068; Est. Dropped: -44; Est. Drop rate: -0.0001%
2018-11-30 10:27:39,847 INFO TX: 98210672; RX: 98210672; Est. Dropped: 0; Est. Drop rate: 0.0000%
2018-11-30 10:27:41,854 INFO Average drop rate: 0.000000
2018-11-30 10:27:41,854 INFO Range search [50.0 .. 100.0] targets: {'ndr': 0.001}
2018-11-30 10:27:41,854 INFO Modified traffic stream for port 0, new rate=75.0%.
2018-11-30 10:27:41,854 INFO Modified traffic stream for port 1, new rate=75.0%.
2018-11-30 10:27:41,854 INFO Running traffic generator
2018-11-30 10:27:51,880 INFO TX: 49153033; RX: 49152925; Est. Dropped: 108; Est. Drop rate: 0.0002%
2018-11-30 10:28:01,896 INFO TX: 98334137; RX: 98334050; Est. Dropped: 87; Est. Drop rate: 0.0001%
2018-11-30 10:28:11,891 INFO TX: 147315976; RX: 147315976; Est. Dropped: 0; Est. Drop rate: 0.0000%
2018-11-30 10:28:13,898 INFO Average drop rate: 0.000000
2018-11-30 10:28:13,899 INFO Range search [75.0 .. 100.0] targets: {'ndr': 0.001}
2018-11-30 10:28:13,899 INFO Modified traffic stream for port 0, new rate=87.5%.
2018-11-30 10:28:13,899 INFO Modified traffic stream for port 1, new rate=87.5%.
2018-11-30 10:28:13,899 INFO Running traffic generator
2018-11-30 10:28:23,925 INFO TX: 57346127; RX: 57345702; Est. Dropped: 425; Est. Drop rate: 0.0007%
2018-11-30 10:28:33,941 INFO TX: 114721328; RX: 114720891; Est. Dropped: 437; Est. Drop rate: 0.0004%
2018-11-30 10:28:43,935 INFO TX: 171868596; RX: 171868596; Est. Dropped: 0; Est. Drop rate: 0.0000%
2018-11-30 10:28:45,942 INFO Average drop rate: 0.000000
2018-11-30 10:28:45,942 INFO Range search [87.5 .. 100.0] targets: {'ndr': 0.001}
2018-11-30 10:28:45,942 INFO Modified traffic stream for port 0, new rate=93.75%.
2018-11-30 10:28:45,942 INFO Modified traffic stream for port 1, new rate=93.75%.
2018-11-30 10:28:45,942 INFO Running traffic generator
2018-11-30 10:28:55,970 INFO TX: 61441330; RX: 60254990; Est. Dropped: 1186340; Est. Drop rate: 1.9309%
2018-11-30 10:29:05,986 INFO TX: 122921501; RX: 120551471; Est. Dropped: 2370030; Est. Drop rate: 1.9281%
2018-11-30 10:29:15,981 INFO TX: 184144780; RX: 180640186; Est. Dropped: 3504594; Est. Drop rate: 1.9032%
2018-11-30 10:29:17,988 INFO Average drop rate: 1.903173
2018-11-30 10:29:17,988 INFO Range search [87.5 .. 93.75] targets: {'ndr': 0.001}
2018-11-30 10:29:17,988 INFO Modified traffic stream for port 0, new rate=90.625%.
2018-11-30 10:29:17,988 INFO Modified traffic stream for port 1, new rate=90.625%.
2018-11-30 10:29:17,988 INFO Running traffic generator
2018-11-30 10:29:28,021 INFO TX: 59396145; RX: 59395522; Est. Dropped: 623; Est. Drop rate: 0.0010%
2018-11-30 10:29:38,038 INFO TX: 118820117; RX: 118819453; Est. Dropped: 664; Est. Drop rate: 0.0006%
2018-11-30 10:29:48,032 INFO TX: 178006512; RX: 178006512; Est. Dropped: 0; Est. Drop rate: 0.0000%
2018-11-30 10:29:50,039 INFO Average drop rate: 0.000000
2018-11-30 10:29:50,039 INFO Range search [90.625 .. 93.75] targets: {'ndr': 0.001}
2018-11-30 10:29:50,039 INFO Modified traffic stream for port 0, new rate=92.1875%.
2018-11-30 10:29:50,039 INFO Modified traffic stream for port 1, new rate=92.1875%.
2018-11-30 10:29:50,039 INFO Running traffic generator
2018-11-30 10:30:00,065 INFO TX: 60418236; RX: 60417326; Est. Dropped: 910; Est. Drop rate: 0.0015%
2018-11-30 10:30:10,082 INFO TX: 120870440; RX: 120869539; Est. Dropped: 901; Est. Drop rate: 0.0007%
2018-11-30 10:30:20,075 INFO TX: 181075740; RX: 181075740; Est. Dropped: 0; Est. Drop rate: 0.0000%
2018-11-30 10:30:22,083 INFO Average drop rate: 0.000000
2018-11-30 10:30:22,083 INFO Range search [92.1875 .. 93.75] targets: {'ndr': 0.001}
2018-11-30 10:30:22,083 INFO Modified traffic stream for port 0, new rate=92.96875%.
2018-11-30 10:30:22,083 INFO Modified traffic stream for port 1, new rate=92.96875%.
2018-11-30 10:30:22,083 INFO Running traffic generator
2018-11-30 10:30:32,110 INFO TX: 60929331; RX: 60928373; Est. Dropped: 958; Est. Drop rate: 0.0016%
2018-11-30 10:30:42,126 INFO TX: 121889311; RX: 121888311; Est. Dropped: 1000; Est. Drop rate: 0.0008%
2018-11-30 10:30:52,123 INFO TX: 182610252; RX: 182610252; Est. Dropped: 0; Est. Drop rate: 0.0000%
2018-11-30 10:30:54,130 INFO Average drop rate: 0.000000
2018-11-30 10:30:54,130 INFO Range search [92.96875 .. 93.75] targets: {'ndr': 0.001}
2018-11-30 10:30:54,130 INFO Modified traffic stream for port 0, new rate=93.359375%.
2018-11-30 10:30:54,130 INFO Modified traffic stream for port 1, new rate=93.359375%.
2018-11-30 10:30:54,130 INFO Running traffic generator
2018-11-30 10:31:04,158 INFO TX: 61186630; RX: 61185659; Est. Dropped: 971; Est. Drop rate: 0.0016%
2018-11-30 10:31:14,175 INFO TX: 122404996; RX: 122186545; Est. Dropped: 218451; Est. Drop rate: 0.1785%
2018-11-30 10:31:24,171 INFO TX: 183377384; RX: 183160123; Est. Dropped: 217261; Est. Drop rate: 0.1185%
2018-11-30 10:31:26,178 INFO Average drop rate: 0.118478
2018-11-30 10:31:26,178 INFO Range search [92.96875 .. 93.359375] targets: {'ndr': 0.001}
2018-11-30 10:31:26,178 INFO Modified traffic stream for port 0, new rate=93.1640625%.
2018-11-30 10:31:26,178 INFO Modified traffic stream for port 1, new rate=93.1640625%.
2018-11-30 10:31:26,179 INFO Running traffic generator
2018-11-30 10:31:36,204 INFO TX: 61057332; RX: 61056109; Est. Dropped: 1223; Est. Drop rate: 0.0020%
2018-11-30 10:31:46,222 INFO TX: 122146015; RX: 122144995; Est. Dropped: 1020; Est. Drop rate: 0.0008%
2018-11-30 10:31:56,215 INFO TX: 182993924; RX: 182993924; Est. Dropped: 0; Est. Drop rate: 0.0000%
2018-11-30 10:31:58,222 INFO Average drop rate: 0.000000
2018-11-30 10:31:58,222 INFO Range search [93.1640625 .. 93.359375] targets: {'ndr': 0.001}
2018-11-30 10:31:58,222 INFO Modified traffic stream for port 0, new rate=93.26171875%.
2018-11-30 10:31:58,222 INFO Modified traffic stream for port 1, new rate=93.26171875%.
2018-11-30 10:31:58,222 INFO Running traffic generator
2018-11-30 10:32:08,250 INFO TX: 61124035; RX: 61123138; Est. Dropped: 897; Est. Drop rate: 0.0015%
2018-11-30 10:32:18,265 INFO TX: 122277576; RX: 122276505; Est. Dropped: 1071; Est. Drop rate: 0.0009%
2018-11-30 10:32:28,260 INFO TX: 183185540; RX: 183185540; Est. Dropped: 0; Est. Drop rate: 0.0000%
2018-11-30 10:32:30,267 INFO Average drop rate: 0.000000
2018-11-30 10:32:30,267 INFO Range search [93.26171875 .. 93.359375] targets: {'ndr': 0.001}
2018-11-30 10:32:30,267 INFO Found ndr (0.001) load: 93.26171875
2018-11-30 10:32:30,268 INFO NDR load: 186.5234375
2018-11-30 10:32:30,268 INFO Service chain 'EXT' run completed.
2018-11-30 10:32:30,268 INFO Clean up skipped.
2018-11-30 10:32:30,295 INFO Saving results in json file: /tmp/nfvbench/csp_2c1n_ndr-1.json...
2018-11-30 10:32:30,300 INFO 
========== NFVBench Summary ==========
Date: 2018-11-30 10:20:42
NFVBench version 2.0.4
Openstack Neutron:
  vSwitch: 
  Encapsulation: 
Benchmarks:
> Networks:
  > Components:
    > Traffic Generator:
        Profile: trex-local
        Tool: TRex
    > Versions:
      > Traffic_Generator:
          build_date: Nov 13 2017
          version: v2.32
          built_by: hhaim
          mode: STL
          build_time: 10:58:17
  > Measurement Parameters:
      NDR: 0.001
  > Service chain:
    > EXT:
      > Traffic:
          Profile: traffic_profile_2sizes
          Bidirectional: True
          Flow count: 1024
          Service chains count: 2
          Compute nodes: []
            
            Run Summary:
            
              +-----+-----------------+------------------+------------------+-----------------+----------------------+----------------------+----------------------+
              |  -  |  L2 Frame Size  |  Rate (fwd+rev)  |  Rate (fwd+rev)  |  Avg Drop Rate  |   Avg Latency (usec) |   Min Latency (usec) |   Max Latency (usec) |
              +=====+=================+==================+==================+=================+======================+======================+======================+
              | NDR |       64        |   6.8555 Gbps    |  10,201,590 pps  |     0.0000%     |                  290 |                   10 |                  511 |
              +-----+-----------------+------------------+------------------+-----------------+----------------------+----------------------+----------------------+
              | NDR |      IMIX       |   18.6523 Gbps   |  6,106,178 pps   |     0.0000%     |                  228 |                   10 |                  390 |
              +-----+-----------------+------------------+------------------+-----------------+----------------------+----------------------+----------------------+
              
            
            L2 frame size: 64
            NDR search duration: 353 seconds
            
            
            L2 frame size: IMIX
            NDR search duration: 352 seconds
            

