2018-11-30 11:45:53,154 INFO Loading configuration file: /tmp/nfvbench/nfvbench_config.cfg
2018-11-30 11:45:53,191 INFO EXT chain with OpenStack mode disabled
2018-11-30 11:45:53,191 INFO -c /tmp/nfvbench/nfvbench_config.cfg --rate 18500000pps --flow-count 1024 --duration 30 --json /tmp/nfvbench/csp_1c6n_18500000pps-1.json
2018-11-30 11:45:53,193 INFO Connecting to TRex (127.0.0.1)...
2018-11-30 11:45:53,331 INFO Connected to TRex
2018-11-30 11:45:53,331 INFO    Port 0: Ethernet Controller X710 for 10GbE SFP+ speed=10Gbps mac=e4:43:4b:2e:b1:d1 pci=0000:1a:00.1 driver=net_i40e
2018-11-30 11:45:53,332 INFO    Port 1: Ethernet Controller X710 for 10GbE SFP+ speed=10Gbps mac=e4:43:4b:2e:b1:d2 pci=0000:1a:00.2 driver=net_i40e
2018-11-30 11:45:53,332 INFO ChainRunner initialized
2018-11-30 11:45:53,333 INFO Starting 1xEXT benchmark...
2018-11-30 11:45:53,438 INFO Polling ARP until successful...
2018-11-30 11:45:53,549 INFO    ARP: port=0 chain=0 src IP=172.16.10.100 dst IP=172.16.10.10 -> MAC=52:54:00:00:00:aa
2018-11-30 11:45:53,549 INFO ARP resolved successfully for port 0
2018-11-30 11:45:53,660 INFO    ARP: port=1 chain=0 src IP=172.16.20.100 dst IP=172.16.20.10 -> MAC=52:54:00:00:00:bb
2018-11-30 11:45:53,660 INFO ARP resolved successfully for port 1
2018-11-30 11:45:53,761 INFO Port 0: dst MAC ['52:54:00:00:00:aa']
2018-11-30 11:45:53,761 INFO Port 1: dst MAC ['52:54:00:00:00:bb']
2018-11-30 11:45:53,761 INFO Starting traffic generator to ensure end-to-end connectivity
2018-11-30 11:45:53,768 INFO Created 1 traffic streams for port 0.
2018-11-30 11:45:53,769 INFO Created 1 traffic streams for port 1.
2018-11-30 11:45:53,878 INFO Captured unique src mac 0/2, capturing return packets (retry 1/100)...
2018-11-30 11:45:55,999 INFO Received packet from mac: 52:54:00:00:00:bb (chain=0, port=1)
2018-11-30 11:45:55,999 INFO Received packet from mac: 52:54:00:00:00:aa (chain=0, port=0)
2018-11-30 11:45:55,999 INFO End-to-end connectivity established
2018-11-30 11:45:56,016 INFO Cleared all existing streams
2018-11-30 11:45:56,024 INFO Created 2 traffic streams for port 0.
2018-11-30 11:45:56,026 INFO Created 2 traffic streams for port 1.
2018-11-30 11:45:56,028 INFO Starting to generate traffic...
2018-11-30 11:45:56,028 INFO Running traffic generator
2018-11-30 11:46:06,051 INFO TX: 185188648; RX: 60794726; Est. Dropped: 124393922; Est. Drop rate: 67.1715%
2018-11-30 11:46:16,066 INFO TX: 370450063; RX: 121615875; Est. Dropped: 248834188; Est. Drop rate: 67.1708%
2018-11-30 11:46:26,061 INFO TX: 554995212; RX: 182202934; Est. Dropped: 372792278; Est. Drop rate: 67.1704%
2018-11-30 11:46:26,061 INFO ...traffic generating ended.
2018-11-30 11:46:26,081 INFO Cleared all existing streams
2018-11-30 11:46:26,105 INFO Created 4 traffic streams for port 0.
2018-11-30 11:46:26,108 INFO Created 4 traffic streams for port 1.
2018-11-30 11:46:26,111 INFO Starting to generate traffic...
2018-11-30 11:46:26,111 INFO Running traffic generator


2018-11-30 11:46:29 - [local][warning]   - [1mCPU util. is high: 85.9%[22m
2018-11-30 11:46:36,134 INFO TX: 65545689; RX: 36727152; Est. Dropped: 28818537; Est. Drop rate: 43.9671%
2018-11-30 11:46:46,148 INFO TX: 131113363; RX: 73382489; Est. Dropped: 57730874; Est. Drop rate: 44.0313%
2018-11-30 11:46:56,148 INFO TX: 196511160; RX: 109786441; Est. Dropped: 86724719; Est. Drop rate: 44.1322%
2018-11-30 11:46:56,148 INFO ...traffic generating ended.
2018-11-30 11:46:56,152 INFO WARNING: There is a significant difference between requested TX rate (18500000.0) and actual TX rate (6550372). The traffic generator may not have sufficient CPU to achieve the requested TX rate.
2018-11-30 11:46:56,152 INFO Service chain 'EXT' run completed.
2018-11-30 11:46:56,152 INFO Clean up skipped.
2018-11-30 11:46:56,175 INFO Saving results in json file: /tmp/nfvbench/csp_1c6n_18500000pps-1.json...
2018-11-30 11:46:56,185 INFO 
========== NFVBench Summary ==========
Date: 2018-11-30 11:45:53
NFVBench version 2.0.4
Openstack Neutron:
  vSwitch: 
  Encapsulation: 
Benchmarks:
> Networks:
  > Components:
    > Traffic Generator:
        Profile: trex-local
        Tool: TRex
    > Versions:
      > Traffic_Generator:
          build_date: Nov 13 2017
          version: v2.32
          built_by: hhaim
          mode: STL
          build_time: 10:58:17
  > Service chain:
    > EXT:
      > Traffic:
          Profile: traffic_profile_2sizes
          Bidirectional: True
          Flow count: 1024
          Service chains count: 1
          Compute nodes: []
            
            Run Summary:
            
              +-----------------+-------------+----------------------+----------------------+----------------------+
              |  L2 Frame Size  |  Drop Rate  |  Avg Latency (usec)  |   Min Latency (usec) |  Max Latency (usec)  |
              +=================+=============+======================+======================+======================+
              |       64        |  67.1704%   |        1,541         |                  500 |        1,915         |
              +-----------------+-------------+----------------------+----------------------+----------------------+
              |      IMIX       |  44.1322%   |        1,464         |                  100 |        2,364         |
              +-----------------+-------------+----------------------+----------------------+----------------------+
              
            
            L2 frame size: 64
            
            Run Config:
            
              +-------------+---------------------------+------------------------+-----------------+---------------------------+------------------------+-----------------+
              |  Direction  |  Requested TX Rate (bps)  |  Actual TX Rate (bps)  |  RX Rate (bps)  |  Requested TX Rate (pps)  |  Actual TX Rate (pps)  |  RX Rate (pps)  |
              +=============+===========================+========================+=================+===========================+========================+=================+
              |   Forward   |        6.2160 Gbps        |      6.2159 Gbps       |   2.0406 Gbps   |       9,250,000 pps       |     9,249,920 pps      |  3,036,672 pps  |
              +-------------+---------------------------+------------------------+-----------------+---------------------------+------------------------+-----------------+
              |   Reverse   |        6.2160 Gbps        |      6.2159 Gbps       |   2.0407 Gbps   |       9,250,000 pps       |     9,249,920 pps      |  3,036,758 pps  |
              +-------------+---------------------------+------------------------+-----------------+---------------------------+------------------------+-----------------+
              |    Total    |       12.4320 Gbps        |      12.4319 Gbps      |   4.0813 Gbps   |      18,500,000 pps       |     18,499,840 pps     |  6,073,430 pps  |
              +-------------+---------------------------+------------------------+-----------------+---------------------------+------------------------+-----------------+
              
            Forward Chain Packet Counters and Latency:
            
              +---------+--------------+--------------------------+------------+------------+------------+
              |   Chain |  TRex.TX.p0  |        TRex.RX.p1        |  Avg lat.  |  Min lat.  |  Max lat.  |
              +=========+==============+==========================+============+============+============+
              |       0 | 277,497,606  | -186,397,424 (-67.1708%) | 1,777 usec |  600 usec  | 1,915 usec |
              +---------+--------------+--------------------------+------------+------------+------------+
              
            Reverse Chain Packet Counters and Latency:
            
              +---------+--------------+--------------------------------+------------+------------+------------+
              |   Chain |  TRex.TX.p1  |           TRex.RX.p0           |  Avg lat.  |  Min lat.  |  Max lat.  |
              +=========+==============+================================+============+============+============+
              |       0 | 277,497,606  | +64,151,175,620 (+23117.7402%) | 1,307 usec |  500 usec  | 1,425 usec |
              +---------+--------------+--------------------------------+------------+------------+------------+
              
            
            L2 frame size: IMIX
            
            Run Config:
            
              +-------------+---------------------------+------------------------+-----------------+---------------------------+------------------------+-----------------+
              |  Direction  |  Requested TX Rate (bps)  |  Actual TX Rate (bps)  |  RX Rate (bps)  |  Requested TX Rate (pps)  |  Actual TX Rate (pps)  |  RX Rate (pps)  |
              +=============+===========================+========================+=================+===========================+========================+=================+
              |   Forward   |       28.2557 Gbps        |      10.0045 Gbps      |   5.5531 Gbps   |       9,250,000 pps       |     3,275,138 pps      |  1,817,908 pps  |
              +-------------+---------------------------+------------------------+-----------------+---------------------------+------------------------+-----------------+
              |   Reverse   |       28.2557 Gbps        |      10.0047 Gbps      |   5.6256 Gbps   |       9,250,000 pps       |     3,275,233 pps      |  1,841,639 pps  |
              +-------------+---------------------------+------------------------+-----------------+---------------------------+------------------------+-----------------+
              |    Total    |       56.5113 Gbps        |      20.0092 Gbps      |  11.1787 Gbps   |      18,500,000 pps       |     6,550,371 pps      |  3,659,547 pps  |
              +-------------+---------------------------+------------------------+-----------------+---------------------------+------------------------+-----------------+
              
              WARNING: There is a significant difference between requested TX rate (18500000.0) and actual TX rate (6550372). The traffic generator may not have sufficient CPU to achieve the requested TX rate.
              
            Forward Chain Packet Counters and Latency:
            
              +---------+--------------+-------------------------+------------+------------+------------+
              |   Chain |  TRex.TX.p0  |       TRex.RX.p1        |  Avg lat.  |  Min lat.  |  Max lat.  |
              +=========+==============+=========================+============+============+============+
              |       0 |  98,254,168  | -43,716,920 (-44.4937%) | 2,108 usec |  700 usec  | 2,364 usec |
              +---------+--------------+-------------------------+------------+------------+------------+
              
            Reverse Chain Packet Counters and Latency:
            
              +---------+--------------+--------------------------------+------------+------------+------------+
              |   Chain |  TRex.TX.p1  |           TRex.RX.p0           |  Avg lat.  |  Min lat.  |  Max lat.  |
              +=========+==============+================================+============+============+============+
              |       0 |  98,256,992  | +64,328,971,126 (+65470.1206%) |  812 usec  |  100 usec  | 1,015 usec |
              +---------+--------------+--------------------------------+------------+------------+------------+
              

