2018-11-30 13:26:09,457 INFO Loading configuration file: /tmp/nfvbench/nfvbench_config.cfg
2018-11-30 13:26:09,494 INFO EXT chain with OpenStack mode disabled
2018-11-30 13:26:09,494 INFO -c /tmp/nfvbench/nfvbench_config.cfg --rate 18500000pps --flow-count 1024 --duration 30 --json /tmp/nfvbench/vsc_1c6n_18500000pps-1.json
2018-11-30 13:26:09,496 INFO Connecting to TRex (127.0.0.1)...
2018-11-30 13:26:09,640 INFO Connected to TRex
2018-11-30 13:26:09,640 INFO    Port 0: Ethernet Controller X710 for 10GbE SFP+ speed=10Gbps mac=e4:43:4b:2e:b1:d1 pci=0000:1a:00.1 driver=net_i40e
2018-11-30 13:26:09,640 INFO    Port 1: Ethernet Controller X710 for 10GbE SFP+ speed=10Gbps mac=e4:43:4b:2e:b1:d2 pci=0000:1a:00.2 driver=net_i40e
2018-11-30 13:26:09,641 INFO ChainRunner initialized
2018-11-30 13:26:09,642 INFO Starting 1xEXT benchmark...
2018-11-30 13:26:09,746 INFO Polling ARP until successful...
2018-11-30 13:26:09,857 INFO    ARP: port=0 chain=0 src IP=172.16.10.100 dst IP=172.16.10.10 -> MAC=52:54:00:00:00:aa
2018-11-30 13:26:09,857 INFO ARP resolved successfully for port 0
2018-11-30 13:26:09,967 INFO    ARP: port=1 chain=0 src IP=172.16.20.100 dst IP=172.16.20.10 -> MAC=52:54:00:00:00:bb
2018-11-30 13:26:09,967 INFO ARP resolved successfully for port 1
2018-11-30 13:26:10,069 INFO Port 0: dst MAC ['52:54:00:00:00:aa']
2018-11-30 13:26:10,069 INFO Port 1: dst MAC ['52:54:00:00:00:bb']
2018-11-30 13:26:10,069 INFO Starting traffic generator to ensure end-to-end connectivity
2018-11-30 13:26:10,076 INFO Created 1 traffic streams for port 0.
2018-11-30 13:26:10,077 INFO Created 1 traffic streams for port 1.
2018-11-30 13:26:10,187 INFO Captured unique src mac 0/2, capturing return packets (retry 1/100)...
2018-11-30 13:26:12,332 INFO Received packet from mac: 52:54:00:00:00:bb (chain=0, port=1)
2018-11-30 13:26:12,332 INFO Received packet from mac: 52:54:00:00:00:aa (chain=0, port=0)
2018-11-30 13:26:12,332 INFO End-to-end connectivity established
2018-11-30 13:26:12,349 INFO Cleared all existing streams
2018-11-30 13:26:12,357 INFO Created 2 traffic streams for port 0.
2018-11-30 13:26:12,359 INFO Created 2 traffic streams for port 1.
2018-11-30 13:26:12,362 INFO Starting to generate traffic...
2018-11-30 13:26:12,362 INFO Running traffic generator
2018-11-30 13:26:22,383 INFO TX: 185175358; RX: 20791082; Est. Dropped: 164384276; Est. Drop rate: 88.7722%
2018-11-30 13:26:32,397 INFO TX: 370427779; RX: 41585950; Est. Dropped: 328841829; Est. Drop rate: 88.7735%
2018-11-30 13:26:42,386 INFO TX: 554995212; RX: 62305332; Est. Dropped: 492689880; Est. Drop rate: 88.7737%
2018-11-30 13:26:42,387 INFO ...traffic generating ended.
2018-11-30 13:26:42,408 INFO Cleared all existing streams
2018-11-30 13:26:42,431 INFO Created 4 traffic streams for port 0.
2018-11-30 13:26:42,435 INFO Created 4 traffic streams for port 1.
2018-11-30 13:26:42,438 INFO Starting to generate traffic...
2018-11-30 13:26:42,438 INFO Running traffic generator


2018-11-30 13:26:46 - [local][warning]   - [1mCPU util. is high: 88.0%[22m
2018-11-30 13:26:52,460 INFO TX: 65543955; RX: 9935588; Est. Dropped: 55608367; Est. Drop rate: 84.8413%
2018-11-30 13:27:02,475 INFO TX: 131109706; RX: 19865316; Est. Dropped: 111244390; Est. Drop rate: 84.8483%
2018-11-30 13:27:12,474 INFO TX: 196509033; RX: 29790848; Est. Dropped: 166718185; Est. Drop rate: 84.8400%
2018-11-30 13:27:12,475 INFO ...traffic generating ended.
2018-11-30 13:27:12,478 INFO WARNING: There is a significant difference between requested TX rate (18500000.0) and actual TX rate (6550301). The traffic generator may not have sufficient CPU to achieve the requested TX rate.
2018-11-30 13:27:12,478 INFO Service chain 'EXT' run completed.
2018-11-30 13:27:12,478 INFO Clean up skipped.
2018-11-30 13:27:12,503 INFO Saving results in json file: /tmp/nfvbench/vsc_1c6n_18500000pps-1.json...
2018-11-30 13:27:12,513 INFO 
========== NFVBench Summary ==========
Date: 2018-11-30 13:26:09
NFVBench version 2.0.4
Openstack Neutron:
  vSwitch: 
  Encapsulation: 
Benchmarks:
> Networks:
  > Components:
    > Traffic Generator:
        Profile: trex-local
        Tool: TRex
    > Versions:
      > Traffic_Generator:
          build_date: Nov 13 2017
          version: v2.32
          built_by: hhaim
          mode: STL
          build_time: 10:58:17
  > Service chain:
    > EXT:
      > Traffic:
          Profile: traffic_profile_2sizes
          Bidirectional: True
          Flow count: 1024
          Service chains count: 1
          Compute nodes: []
            
            Run Summary:
            
              +-----------------+-------------+----------------------+----------------------+----------------------+
              |  L2 Frame Size  |  Drop Rate  |  Avg Latency (usec)  |  Min Latency (usec)  |  Max Latency (usec)  |
              +=================+=============+======================+======================+======================+
              |       64        |  88.7737%   |        2,618         |        1,000         |        3,135         |
              +-----------------+-------------+----------------------+----------------------+----------------------+
              |      IMIX       |  84.8400%   |        4,892         |        4,000         |        5,996         |
              +-----------------+-------------+----------------------+----------------------+----------------------+
              
            
            L2 frame size: 64
            
            Run Config:
            
              +-------------+---------------------------+------------------------+-----------------+---------------------------+------------------------+-----------------+
              |  Direction  |  Requested TX Rate (bps)  |  Actual TX Rate (bps)  |  RX Rate (bps)  |  Requested TX Rate (pps)  |  Actual TX Rate (pps)  |  RX Rate (pps)  |
              +=============+===========================+========================+=================+===========================+========================+=================+
              |   Forward   |        6.2160 Gbps        |      6.2159 Gbps       |  622.0469 Mbps  |       9,250,000 pps       |     9,249,920 pps      |   925,665 pps   |
              +-------------+---------------------------+------------------------+-----------------+---------------------------+------------------------+-----------------+
              |   Reverse   |        6.2160 Gbps        |      6.2159 Gbps       |  773.5925 Mbps  |       9,250,000 pps       |     9,249,920 pps      |  1,151,179 pps  |
              +-------------+---------------------------+------------------------+-----------------+---------------------------+------------------------+-----------------+
              |    Total    |       12.4320 Gbps        |      12.4319 Gbps      |   1.3956 Gbps   |      18,500,000 pps       |     18,499,840 pps     |  2,076,844 pps  |
              +-------------+---------------------------+------------------------+-----------------+---------------------------+------------------------+-----------------+
              
            Forward Chain Packet Counters and Latency:
            
              +---------+--------------+--------------------------+------------+------------+------------+
              |   Chain |  TRex.TX.p0  |        TRex.RX.p1        |  Avg lat.  |  Min lat.  |  Max lat.  |
              +=========+==============+==========================+============+============+============+
              |       0 | 277,497,606  | -249,727,654 (-89.9927%) | 2,483 usec | 1,000 usec | 3,025 usec |
              +---------+--------------+--------------------------+------------+------------+------------+
              
            Reverse Chain Packet Counters and Latency:
            
              +---------+--------------+--------------------------------+------------+------------+------------+
              |   Chain |  TRex.TX.p1  |           TRex.RX.p0           |  Avg lat.  |  Min lat.  |  Max lat.  |
              +=========+==============+================================+============+============+============+
              |       0 | 277,497,606  | +59,854,004,115 (+21569.1966%) | 2,789 usec | 2,000 usec | 3,135 usec |
              +---------+--------------+--------------------------------+------------+------------+------------+
              
            
            L2 frame size: IMIX
            
            Run Config:
            
              +-------------+---------------------------+------------------------+-----------------+---------------------------+------------------------+-----------------+
              |  Direction  |  Requested TX Rate (bps)  |  Actual TX Rate (bps)  |  RX Rate (bps)  |  Requested TX Rate (pps)  |  Actual TX Rate (pps)  |  RX Rate (pps)  |
              +=============+===========================+========================+=================+===========================+========================+=================+
              |   Forward   |       28.2557 Gbps        |      10.0044 Gbps      |   1.5451 Gbps   |       9,250,000 pps       |     3,275,126 pps      |   505,809 pps   |
              +-------------+---------------------------+------------------------+-----------------+---------------------------+------------------------+-----------------+
              |   Reverse   |       28.2557 Gbps        |      10.0046 Gbps      |   1.4883 Gbps   |       9,250,000 pps       |     3,275,174 pps      |   487,219 pps   |
              +-------------+---------------------------+------------------------+-----------------+---------------------------+------------------------+-----------------+
              |    Total    |       56.5113 Gbps        |      20.0090 Gbps      |   3.0334 Gbps   |      18,500,000 pps       |     6,550,300 pps      |   993,028 pps   |
              +-------------+---------------------------+------------------------+-----------------+---------------------------+------------------------+-----------------+
              
              WARNING: There is a significant difference between requested TX rate (18500000.0) and actual TX rate (6550301). The traffic generator may not have sufficient CPU to achieve the requested TX rate.
              
            Forward Chain Packet Counters and Latency:
            
              +---------+--------------+-------------------------+------------+------------+------------+
              |   Chain |  TRex.TX.p0  |       TRex.RX.p1        |  Avg lat.  |  Min lat.  |  Max lat.  |
              +=========+==============+=========================+============+============+============+
              |       0 |  98,253,785  | -83,079,512 (-84.5560%) | 4,770 usec | 4,000 usec | 5,486 usec |
              +---------+--------------+-------------------------+------------+------------+------------+
              
            Reverse Chain Packet Counters and Latency:
            
              +---------+--------------+--------------------------------+------------+------------+------------+
              |   Chain |  TRex.TX.p1  |           TRex.RX.p0           |  Avg lat.  |  Min lat.  |  Max lat.  |
              +=========+==============+================================+============+============+============+
              |       0 |  98,255,248  | +60,032,168,123 (+61098.1798%) | 5,013 usec | 4,000 usec | 5,996 usec |
              +---------+--------------+--------------------------------+------------+------------+------------+
              

