2018-11-30 13:00:40,556 INFO Loading configuration file: /tmp/nfvbench/nfvbench_config.cfg
2018-11-30 13:00:40,593 INFO EXT chain with OpenStack mode disabled
2018-11-30 13:00:40,593 INFO -c /tmp/nfvbench/nfvbench_config.cfg --rate 18500000pps --flow-count 1024 --duration 30 --json /tmp/nfvbench/vsc_1c4n_18500000pps-1.json
2018-11-30 13:00:40,595 INFO Connecting to TRex (127.0.0.1)...
2018-11-30 13:00:40,737 INFO Connected to TRex
2018-11-30 13:00:40,737 INFO    Port 0: Ethernet Controller X710 for 10GbE SFP+ speed=10Gbps mac=e4:43:4b:2e:b1:d1 pci=0000:1a:00.1 driver=net_i40e
2018-11-30 13:00:40,737 INFO    Port 1: Ethernet Controller X710 for 10GbE SFP+ speed=10Gbps mac=e4:43:4b:2e:b1:d2 pci=0000:1a:00.2 driver=net_i40e
2018-11-30 13:00:40,738 INFO ChainRunner initialized
2018-11-30 13:00:40,738 INFO Starting 1xEXT benchmark...
2018-11-30 13:00:40,843 INFO Polling ARP until successful...
2018-11-30 13:00:40,953 INFO    ARP: port=0 chain=0 src IP=172.16.10.100 dst IP=172.16.10.10 -> MAC=52:54:00:00:00:aa
2018-11-30 13:00:40,953 INFO ARP resolved successfully for port 0
2018-11-30 13:00:41,064 INFO    ARP: port=1 chain=0 src IP=172.16.20.100 dst IP=172.16.20.10 -> MAC=52:54:00:00:00:bb
2018-11-30 13:00:41,064 INFO ARP resolved successfully for port 1
2018-11-30 13:00:41,165 INFO Port 0: dst MAC ['52:54:00:00:00:aa']
2018-11-30 13:00:41,166 INFO Port 1: dst MAC ['52:54:00:00:00:bb']
2018-11-30 13:00:41,166 INFO Starting traffic generator to ensure end-to-end connectivity
2018-11-30 13:00:41,172 INFO Created 1 traffic streams for port 0.
2018-11-30 13:00:41,173 INFO Created 1 traffic streams for port 1.
2018-11-30 13:00:41,283 INFO Captured unique src mac 0/2, capturing return packets (retry 1/100)...
2018-11-30 13:00:43,404 INFO Received packet from mac: 52:54:00:00:00:bb (chain=0, port=1)
2018-11-30 13:00:43,404 INFO Received packet from mac: 52:54:00:00:00:aa (chain=0, port=0)
2018-11-30 13:00:43,404 INFO End-to-end connectivity established
2018-11-30 13:00:43,421 INFO Cleared all existing streams
2018-11-30 13:00:43,429 INFO Created 2 traffic streams for port 0.
2018-11-30 13:00:43,431 INFO Created 2 traffic streams for port 1.
2018-11-30 13:00:43,434 INFO Starting to generate traffic...
2018-11-30 13:00:43,435 INFO Running traffic generator
2018-11-30 13:00:53,457 INFO TX: 185177596; RX: 29789390; Est. Dropped: 155388206; Est. Drop rate: 83.9131%
2018-11-30 13:01:03,471 INFO TX: 370432215; RX: 59524366; Est. Dropped: 310907849; Est. Drop rate: 83.9311%
2018-11-30 13:01:13,467 INFO TX: 554995212; RX: 88960846; Est. Dropped: 466034366; Est. Drop rate: 83.9709%
2018-11-30 13:01:13,467 INFO ...traffic generating ended.
2018-11-30 13:01:13,488 INFO Cleared all existing streams
2018-11-30 13:01:13,512 INFO Created 4 traffic streams for port 0.
2018-11-30 13:01:13,515 INFO Created 4 traffic streams for port 1.
2018-11-30 13:01:13,517 INFO Starting to generate traffic...
2018-11-30 13:01:13,517 INFO Running traffic generator


2018-11-30 13:01:16 - [local][warning]   - [1mCPU util. is high: 85.6%[22m
2018-11-30 13:01:23,540 INFO TX: 65543266; RX: 14232306; Est. Dropped: 51310960; Est. Drop rate: 78.2856%
2018-11-30 13:01:33,555 INFO TX: 131113525; RX: 28472897; Est. Dropped: 102640628; Est. Drop rate: 78.2838%
2018-11-30 13:01:43,555 INFO TX: 196511755; RX: 42686657; Est. Dropped: 153825098; Est. Drop rate: 78.2778%
2018-11-30 13:01:43,555 INFO ...traffic generating ended.
2018-11-30 13:01:43,558 INFO WARNING: There is a significant difference between requested TX rate (18500000.0) and actual TX rate (6550391). The traffic generator may not have sufficient CPU to achieve the requested TX rate.
2018-11-30 13:01:43,559 INFO Service chain 'EXT' run completed.
2018-11-30 13:01:43,559 INFO Clean up skipped.
2018-11-30 13:01:43,583 INFO Saving results in json file: /tmp/nfvbench/vsc_1c4n_18500000pps-1.json...
2018-11-30 13:01:43,593 INFO 
========== NFVBench Summary ==========
Date: 2018-11-30 13:00:40
NFVBench version 2.0.4
Openstack Neutron:
  vSwitch: 
  Encapsulation: 
Benchmarks:
> Networks:
  > Components:
    > Traffic Generator:
        Profile: trex-local
        Tool: TRex
    > Versions:
      > Traffic_Generator:
          build_date: Nov 13 2017
          version: v2.32
          built_by: hhaim
          mode: STL
          build_time: 10:58:17
  > Service chain:
    > EXT:
      > Traffic:
          Profile: traffic_profile_2sizes
          Bidirectional: True
          Flow count: 1024
          Service chains count: 1
          Compute nodes: []
            
            Run Summary:
            
              +-----------------+-------------+----------------------+----------------------+----------------------+
              |  L2 Frame Size  |  Drop Rate  |  Avg Latency (usec)  |   Min Latency (usec) |  Max Latency (usec)  |
              +=================+=============+======================+======================+======================+
              |       64        |  83.9709%   |        1,520         |                  600 |        1,840         |
              +-----------------+-------------+----------------------+----------------------+----------------------+
              |      IMIX       |  78.2778%   |        2,784         |                  900 |        3,496         |
              +-----------------+-------------+----------------------+----------------------+----------------------+
              
            
            L2 frame size: 64
            
            Run Config:
            
              +-------------+---------------------------+------------------------+-----------------+---------------------------+------------------------+-----------------+
              |  Direction  |  Requested TX Rate (bps)  |  Actual TX Rate (bps)  |  RX Rate (bps)  |  Requested TX Rate (pps)  |  Actual TX Rate (pps)  |  RX Rate (pps)  |
              +=============+===========================+========================+=================+===========================+========================+=================+
              |   Forward   |        6.2160 Gbps        |      6.2159 Gbps       |  982.9399 Mbps  |       9,250,000 pps       |     9,249,920 pps      |  1,462,708 pps  |
              +-------------+---------------------------+------------------------+-----------------+---------------------------+------------------------+-----------------+
              |   Reverse   |        6.2160 Gbps        |      6.2159 Gbps       |   1.0098 Gbps   |       9,250,000 pps       |     9,249,920 pps      |  1,502,653 pps  |
              +-------------+---------------------------+------------------------+-----------------+---------------------------+------------------------+-----------------+
              |    Total    |       12.4320 Gbps        |      12.4319 Gbps      |   1.9927 Gbps   |      18,500,000 pps       |     18,499,840 pps     |  2,965,361 pps  |
              +-------------+---------------------------+------------------------+-----------------+---------------------------+------------------------+-----------------+
              
            Forward Chain Packet Counters and Latency:
            
              +---------+--------------+--------------------------+------------+------------+------------+
              |   Chain |  TRex.TX.p0  |        TRex.RX.p1        |  Avg lat.  |  Min lat.  |  Max lat.  |
              +=========+==============+==========================+============+============+============+
              |       0 | 277,497,606  | -233,616,362 (-84.1868%) | 1,519 usec | 1,000 usec | 1,800 usec |
              +---------+--------------+--------------------------+------------+------------+------------+
              
            Reverse Chain Packet Counters and Latency:
            
              +---------+--------------+--------------------------------+------------+------------+------------+
              |   Chain |  TRex.TX.p1  |           TRex.RX.p0           |  Avg lat.  |  Min lat.  |  Max lat.  |
              +=========+==============+================================+============+============+============+
              |       0 | 277,497,606  | +64,148,181,187 (+23116.6611%) | 1,524 usec |  600 usec  | 1,840 usec |
              +---------+--------------+--------------------------------+------------+------------+------------+
              
            
            L2 frame size: IMIX
            
            Run Config:
            
              +-------------+---------------------------+------------------------+-----------------+---------------------------+------------------------+-----------------+
              |  Direction  |  Requested TX Rate (bps)  |  Actual TX Rate (bps)  |  RX Rate (bps)  |  Requested TX Rate (pps)  |  Actual TX Rate (pps)  |  RX Rate (pps)  |
              +=============+===========================+========================+=================+===========================+========================+=================+
              |   Forward   |       28.2557 Gbps        |      10.0042 Gbps      |   2.0284 Gbps   |       9,250,000 pps       |     3,275,068 pps      |   664,042 pps   |
              +-------------+---------------------------+------------------------+-----------------+---------------------------+------------------------+-----------------+
              |   Reverse   |       28.2557 Gbps        |      10.0050 Gbps      |   2.3180 Gbps   |       9,250,000 pps       |     3,275,323 pps      |   758,846 pps   |
              +-------------+---------------------------+------------------------+-----------------+---------------------------+------------------------+-----------------+
              |    Total    |       56.5113 Gbps        |      20.0093 Gbps      |   4.3465 Gbps   |      18,500,000 pps       |     6,550,391 pps      |  1,422,888 pps  |
              +-------------+---------------------------+------------------------+-----------------+---------------------------+------------------------+-----------------+
              
              WARNING: There is a significant difference between requested TX rate (18500000.0) and actual TX rate (6550391). The traffic generator may not have sufficient CPU to achieve the requested TX rate.
              
            Forward Chain Packet Counters and Latency:
            
              +---------+--------------+-------------------------+------------+------------+------------+
              |   Chain |  TRex.TX.p0  |       TRex.RX.p1        |  Avg lat.  |  Min lat.  |  Max lat.  |
              +=========+==============+=========================+============+============+============+
              |       0 |  98,252,047  | -78,330,773 (-79.7243%) | 2,643 usec | 1,000 usec | 3,320 usec |
              +---------+--------------+-------------------------+------------+------------+------------+
              
            Reverse Chain Packet Counters and Latency:
            
              +---------+--------------+--------------------------------+------------+------------+------------+
              |   Chain |  TRex.TX.p1  |           TRex.RX.p0           |  Avg lat.  |  Min lat.  |  Max lat.  |
              +=========+==============+================================+============+============+============+
              |       0 |  98,259,708  | +64,326,929,276 (+65466.2329%) | 2,949 usec |  900 usec  | 3,496 usec |
              +---------+--------------+--------------------------------+------------+------------+------------+
              

