2018-11-30 14:29:19,535 INFO Loading configuration file: /tmp/nfvbench/nfvbench_config.cfg
2018-11-30 14:29:19,573 INFO EXT chain with OpenStack mode disabled
2018-11-30 14:29:19,573 INFO -c /tmp/nfvbench/nfvbench_config.cfg --rate 18500000pps --flow-count 1024 --duration 30 --json /tmp/nfvbench/vsc_4c1n_18500000pps-1.json
2018-11-30 14:29:19,574 INFO Connecting to TRex (127.0.0.1)...
2018-11-30 14:29:19,715 INFO Connected to TRex
2018-11-30 14:29:19,715 INFO    Port 0: Ethernet Controller X710 for 10GbE SFP+ speed=10Gbps mac=e4:43:4b:2e:b1:d1 pci=0000:1a:00.1 driver=net_i40e
2018-11-30 14:29:19,716 INFO    Port 1: Ethernet Controller X710 for 10GbE SFP+ speed=10Gbps mac=e4:43:4b:2e:b1:d2 pci=0000:1a:00.2 driver=net_i40e
2018-11-30 14:29:19,716 INFO ChainRunner initialized
2018-11-30 14:29:19,717 INFO Starting 4xEXT benchmark...
2018-11-30 14:29:19,823 INFO Polling ARP until successful...
2018-11-30 14:29:20,033 INFO    ARP: port=0 chain=0 src IP=172.16.10.100 dst IP=172.16.10.10 -> MAC=52:54:00:00:00:aa
2018-11-30 14:29:20,034 INFO    ARP: port=0 chain=1 src IP=172.16.10.101 dst IP=172.16.10.11 -> MAC=52:54:01:00:00:aa
2018-11-30 14:29:20,034 INFO    ARP: port=0 chain=2 src IP=172.16.10.102 dst IP=172.16.10.12 -> MAC=52:54:02:00:00:aa
2018-11-30 14:29:20,034 INFO    ARP: port=0 chain=3 src IP=172.16.10.103 dst IP=172.16.10.13 -> MAC=52:54:03:00:00:aa
2018-11-30 14:29:20,034 INFO ARP resolved successfully for port 0
2018-11-30 14:29:20,244 INFO    ARP: port=1 chain=0 src IP=172.16.20.100 dst IP=172.16.20.10 -> MAC=52:54:00:00:00:bb
2018-11-30 14:29:20,244 INFO    ARP: port=1 chain=1 src IP=172.16.20.101 dst IP=172.16.20.11 -> MAC=52:54:01:00:00:bb
2018-11-30 14:29:20,244 INFO    ARP: port=1 chain=2 src IP=172.16.20.102 dst IP=172.16.20.12 -> MAC=52:54:02:00:00:bb
2018-11-30 14:29:20,244 INFO    ARP: port=1 chain=3 src IP=172.16.20.103 dst IP=172.16.20.13 -> MAC=52:54:03:00:00:bb
2018-11-30 14:29:20,244 INFO ARP resolved successfully for port 1
2018-11-30 14:29:20,346 INFO Port 0: dst MAC ['52:54:00:00:00:aa', '52:54:01:00:00:aa', '52:54:02:00:00:aa', '52:54:03:00:00:aa']
2018-11-30 14:29:20,346 INFO Port 1: dst MAC ['52:54:00:00:00:bb', '52:54:01:00:00:bb', '52:54:02:00:00:bb', '52:54:03:00:00:bb']
2018-11-30 14:29:20,346 INFO Starting traffic generator to ensure end-to-end connectivity
2018-11-30 14:29:20,369 INFO Created 4 traffic streams for port 0.
2018-11-30 14:29:20,372 INFO Created 4 traffic streams for port 1.
2018-11-30 14:29:20,484 INFO Captured unique src mac 0/8, capturing return packets (retry 1/100)...
2018-11-30 14:29:22,606 INFO Received packet from mac: 52:54:01:00:00:bb (chain=1, port=1)
2018-11-30 14:29:22,606 INFO Received packet from mac: 52:54:02:00:00:bb (chain=2, port=1)
2018-11-30 14:29:22,606 INFO Received packet from mac: 52:54:00:00:00:aa (chain=0, port=0)
2018-11-30 14:29:22,606 INFO Received packet from mac: 52:54:01:00:00:aa (chain=1, port=0)
2018-11-30 14:29:22,606 INFO Received packet from mac: 52:54:00:00:00:bb (chain=0, port=1)
2018-11-30 14:29:22,606 INFO Received packet from mac: 52:54:02:00:00:aa (chain=2, port=0)
2018-11-30 14:29:22,607 INFO Received packet from mac: 52:54:03:00:00:aa (chain=3, port=0)
2018-11-30 14:29:22,607 INFO Received packet from mac: 52:54:03:00:00:bb (chain=3, port=1)
2018-11-30 14:29:22,607 INFO End-to-end connectivity established
2018-11-30 14:29:22,625 INFO Cleared all existing streams
2018-11-30 14:29:22,656 INFO Created 8 traffic streams for port 0.
2018-11-30 14:29:22,661 INFO Created 8 traffic streams for port 1.
2018-11-30 14:29:22,667 INFO Starting to generate traffic...
2018-11-30 14:29:22,667 INFO Running traffic generator
2018-11-30 14:29:32,695 INFO TX: 185199772; RX: 39881213; Est. Dropped: 145318559; Est. Drop rate: 78.4658%
2018-11-30 14:29:42,713 INFO TX: 370517408; RX: 79831014; Est. Dropped: 290686394; Est. Drop rate: 78.4542%
2018-11-30 14:29:52,705 INFO TX: 554999224; RX: 119613129; Est. Dropped: 435386095; Est. Drop rate: 78.4481%
2018-11-30 14:29:52,706 INFO ...traffic generating ended.
2018-11-30 14:29:52,730 INFO Cleared all existing streams
2018-11-30 14:29:52,818 INFO Created 16 traffic streams for port 0.
2018-11-30 14:29:52,828 INFO Created 16 traffic streams for port 1.
2018-11-30 14:29:52,833 INFO Starting to generate traffic...
2018-11-30 14:29:52,834 INFO Running traffic generator


2018-11-30 14:29:56 - [local][warning]   - [1mCPU util. is high: 87.8%[22m
2018-11-30 14:30:02,864 INFO TX: 65544613; RX: 16803245; Est. Dropped: 48741368; Est. Drop rate: 74.3637%
2018-11-30 14:30:12,882 INFO TX: 131136677; RX: 33624127; Est. Dropped: 97512550; Est. Drop rate: 74.3595%
2018-11-30 14:30:22,878 INFO TX: 196512520; RX: 50383218; Est. Dropped: 146129302; Est. Drop rate: 74.3613%
2018-11-30 14:30:22,878 INFO ...traffic generating ended.
2018-11-30 14:30:22,885 INFO WARNING: There is a significant difference between requested TX rate (18500000.0) and actual TX rate (6550417). The traffic generator may not have sufficient CPU to achieve the requested TX rate.
2018-11-30 14:30:22,885 INFO Service chain 'EXT' run completed.
2018-11-30 14:30:22,885 INFO Clean up skipped.
2018-11-30 14:30:22,914 INFO Saving results in json file: /tmp/nfvbench/vsc_4c1n_18500000pps-1.json...
2018-11-30 14:30:22,929 INFO 
========== NFVBench Summary ==========
Date: 2018-11-30 14:29:19
NFVBench version 2.0.4
Openstack Neutron:
  vSwitch: 
  Encapsulation: 
Benchmarks:
> Networks:
  > Components:
    > Traffic Generator:
        Profile: trex-local
        Tool: TRex
    > Versions:
      > Traffic_Generator:
          build_date: Nov 13 2017
          version: v2.32
          built_by: hhaim
          mode: STL
          build_time: 10:58:17
  > Service chain:
    > EXT:
      > Traffic:
          Profile: traffic_profile_2sizes
          Bidirectional: True
          Flow count: 1024
          Service chains count: 4
          Compute nodes: []
            
            Run Summary:
            
              +-----------------+-------------+----------------------+----------------------+----------------------+
              |  L2 Frame Size  |  Drop Rate  |  Avg Latency (usec)  |   Min Latency (usec) |  Max Latency (usec)  |
              +=================+=============+======================+======================+======================+
              |       64        |  78.4481%   |        6,161         |                   20 |        28,594        |
              +-----------------+-------------+----------------------+----------------------+----------------------+
              |      IMIX       |  74.3613%   |        1,166         |                   10 |        36,146        |
              +-----------------+-------------+----------------------+----------------------+----------------------+
              
            
            L2 frame size: 64
            
            Run Config:
            
              +-------------+---------------------------+------------------------+-----------------+---------------------------+------------------------+-----------------+
              |  Direction  |  Requested TX Rate (bps)  |  Actual TX Rate (bps)  |  RX Rate (bps)  |  Requested TX Rate (pps)  |  Actual TX Rate (pps)  |  RX Rate (pps)  |
              +=============+===========================+========================+=================+===========================+========================+=================+
              |   Forward   |        6.2160 Gbps        |      6.2160 Gbps       |   1.3343 Gbps   |       9,250,000 pps       |     9,249,987 pps      |  1,985,624 pps  |
              +-------------+---------------------------+------------------------+-----------------+---------------------------+------------------------+-----------------+
              |   Reverse   |        6.2160 Gbps        |      6.2160 Gbps       |   1.3450 Gbps   |       9,250,000 pps       |     9,249,987 pps      |  2,001,479 pps  |
              +-------------+---------------------------+------------------------+-----------------+---------------------------+------------------------+-----------------+
              |    Total    |       12.4320 Gbps        |      12.4320 Gbps      |   2.6793 Gbps   |      18,500,000 pps       |     18,499,974 pps     |  3,987,103 pps  |
              +-------------+---------------------------+------------------------+-----------------+---------------------------+------------------------+-----------------+
              
            Forward Chain Packet Counters and Latency:
            
              +---------+--------------+--------------------------+-------------+------------+-------------+
              |  Chain  |  TRex.TX.p0  |        TRex.RX.p1        |  Avg lat.   |  Min lat.  |  Max lat.   |
              +=========+==============+==========================+=============+============+=============+
              |    0    |  69,374,903  | -51,161,414 (-73.7463%)  |  480 usec   |  100 usec  | 28,231 usec |
              +---------+--------------+--------------------------+-------------+------------+-------------+
              |    1    |  69,374,903  | -59,202,321 (-85.3368%)  | 13,498 usec |  100 usec  | 28,551 usec |
              +---------+--------------+--------------------------+-------------+------------+-------------+
              |    2    |  69,374,903  | -53,325,810 (-76.8661%)  | 2,387 usec  |  20 usec   | 28,518 usec |
              +---------+--------------+--------------------------+-------------+------------+-------------+
              |    3    |  69,374,903  | -54,241,321 (-78.1858%)  | 11,248 usec |  100 usec  | 28,594 usec |
              +---------+--------------+--------------------------+-------------+------------+-------------+
              |  total  | 277,499,612  | -217,930,866 (-78.5338%) | 6,903 usec  |  20 usec   | 28,594 usec |
              +---------+--------------+--------------------------+-------------+------------+-------------+
              
            Reverse Chain Packet Counters and Latency:
            
              +---------+--------------+--------------------------+-------------+------------+-------------+
              |  Chain  |  TRex.TX.p1  |        TRex.RX.p0        |  Avg lat.   |  Min lat.  |  Max lat.   |
              +=========+==============+==========================+=============+============+=============+
              |    0    |  69,374,903  | -52,220,401 (-75.2728%)  | 2,296 usec  |  100 usec  | 28,169 usec |
              +---------+--------------+--------------------------+-------------+------------+-------------+
              |    1    |  69,374,903  | -59,720,217 (-86.0833%)  | 13,502 usec |  100 usec  | 28,570 usec |
              +---------+--------------+--------------------------+-------------+------------+-------------+
              |    2    |  69,374,903  | -50,516,275 (-72.8164%)  |  568 usec   |  100 usec  | 28,145 usec |
              +---------+--------------+--------------------------+-------------+------------+-------------+
              |    3    |  69,374,903  | -54,998,336 (-79.2770%)  | 5,294 usec  |  20 usec   | 28,489 usec |
              +---------+--------------+--------------------------+-------------+------------+-------------+
              |  total  | 277,499,612  | -217,455,229 (-78.3624%) | 5,415 usec  |  20 usec   | 28,570 usec |
              +---------+--------------+--------------------------+-------------+------------+-------------+
              
            
            L2 frame size: IMIX
            
            Run Config:
            
              +-------------+---------------------------+------------------------+-----------------+---------------------------+------------------------+-----------------+
              |  Direction  |  Requested TX Rate (bps)  |  Actual TX Rate (bps)  |  RX Rate (bps)  |  Requested TX Rate (pps)  |  Actual TX Rate (pps)  |  RX Rate (pps)  |
              +=============+===========================+========================+=================+===========================+========================+=================+
              |   Forward   |       28.2557 Gbps        |      10.0049 Gbps      |   2.5663 Gbps   |       9,250,000 pps       |     3,275,278 pps      |   840,124 pps   |
              +-------------+---------------------------+------------------------+-----------------+---------------------------+------------------------+-----------------+
              |   Reverse   |       28.2557 Gbps        |      10.0045 Gbps      |   2.5638 Gbps   |       9,250,000 pps       |     3,275,138 pps      |   839,316 pps   |
              +-------------+---------------------------+------------------------+-----------------+---------------------------+------------------------+-----------------+
              |    Total    |       56.5113 Gbps        |      20.0093 Gbps      |   5.1301 Gbps   |      18,500,000 pps       |     6,550,416 pps      |  1,679,440 pps  |
              +-------------+---------------------------+------------------------+-----------------+---------------------------+------------------------+-----------------+
              
              WARNING: There is a significant difference between requested TX rate (18500000.0) and actual TX rate (6550417). The traffic generator may not have sufficient CPU to achieve the requested TX rate.
              
            Forward Chain Packet Counters and Latency:
            
              +---------+--------------+-------------------------+------------+------------+-------------+
              |  Chain  |  TRex.TX.p0  |       TRex.RX.p1        |  Avg lat.  |  Min lat.  |  Max lat.   |
              +=========+==============+=========================+============+============+=============+
              |    0    |  24,564,589  | -17,466,636 (-71.1049%) | 1,070 usec |  30 usec   | 28,087 usec |
              +---------+--------------+-------------------------+------------+------------+-------------+
              |    1    |  24,564,589  | -19,771,254 (-80.4868%) | 1,511 usec |  30 usec   | 36,146 usec |
              +---------+--------------+-------------------------+------------+------------+-------------+
              |    2    |  24,564,589  | -18,320,059 (-74.5791%) | 1,089 usec |  30 usec   | 28,248 usec |
              +---------+--------------+-------------------------+------------+------------+-------------+
              |    3    |  24,564,589  | -17,496,425 (-71.2262%) |  907 usec  |  30 usec   | 24,287 usec |
              +---------+--------------+-------------------------+------------+------------+-------------+
              |  total  |  98,258,356  | -73,054,374 (-74.3493%) | 1,144 usec |  30 usec   | 36,146 usec |
              +---------+--------------+-------------------------+------------+------------+-------------+
              
            Reverse Chain Packet Counters and Latency:
            
              +---------+--------------+-------------------------+------------+------------+-------------+
              |  Chain  |  TRex.TX.p1  |       TRex.RX.p0        |  Avg lat.  |  Min lat.  |  Max lat.   |
              +=========+==============+=========================+============+============+=============+
              |    0    |  24,563,541  | -17,901,630 (-72.8789%) |  841 usec  |  30 usec   | 28,158 usec |
              +---------+--------------+-------------------------+------------+------------+-------------+
              |    1    |  24,563,541  | -20,052,447 (-81.6350%) | 1,773 usec |  30 usec   | 32,109 usec |
              +---------+--------------+-------------------------+------------+------------+-------------+
              |    2    |  24,563,541  | -17,227,093 (-70.1328%) |  925 usec  |  30 usec   | 28,088 usec |
              +---------+--------------+-------------------------+------------+------------+-------------+
              |    3    |  24,563,541  | -17,893,242 (-72.8447%) | 1,220 usec |  10 usec   | 28,186 usec |
              +---------+--------------+-------------------------+------------+------------+-------------+
              |  total  |  98,254,164  | -73,074,412 (-74.3728%) | 1,190 usec |  10 usec   | 32,109 usec |
              +---------+--------------+-------------------------+------------+------------+-------------+
              

