2018-12-07 21:55:32,851 INFO Loading configuration file: /tmp/nfvbench/nfvbench_config.cfg
2018-12-07 21:55:32,888 INFO EXT chain with OpenStack mode disabled
2018-12-07 21:55:32,888 INFO -c /tmp/nfvbench/nfvbench_config.cfg --rate 18500000pps --flow-count 1024 --duration 30 --json /tmp/nfvbench/vsc_3c1n_18500000pps-1.json
2018-12-07 21:55:32,890 INFO Connecting to TRex (127.0.0.1)...
2018-12-07 21:55:33,034 INFO Connected to TRex
2018-12-07 21:55:33,034 INFO    Port 0: Ethernet Controller X710 for 10GbE SFP+ speed=10Gbps mac=e4:43:4b:2e:b1:d1 pci=0000:1a:00.1 driver=net_i40e
2018-12-07 21:55:33,034 INFO    Port 1: Ethernet Controller X710 for 10GbE SFP+ speed=10Gbps mac=e4:43:4b:2e:b1:d2 pci=0000:1a:00.2 driver=net_i40e
2018-12-07 21:55:33,035 INFO ChainRunner initialized
2018-12-07 21:55:33,036 INFO Starting 1xEXT benchmark...
2018-12-07 21:55:33,141 INFO Polling ARP until successful...
2018-12-07 21:55:33,252 INFO    ARP: port=0 chain=0 src IP=172.16.10.100 dst IP=172.16.10.10 -> MAC=52:54:00:00:00:aa
2018-12-07 21:55:33,252 INFO ARP resolved successfully for port 0
2018-12-07 21:55:33,461 INFO    ARP: port=1 chain=0 src IP=172.16.20.100 dst IP=172.16.20.10 -> MAC=52:54:00:00:00:bb
2018-12-07 21:55:33,461 INFO ARP resolved successfully for port 1
2018-12-07 21:55:33,562 INFO Port 0: dst MAC ['52:54:00:00:00:aa']
2018-12-07 21:55:33,563 INFO Port 1: dst MAC ['52:54:00:00:00:bb']
2018-12-07 21:55:33,563 INFO Starting traffic generator to ensure end-to-end connectivity
2018-12-07 21:55:33,569 INFO Created 1 traffic streams for port 0.
2018-12-07 21:55:33,570 INFO Created 1 traffic streams for port 1.
2018-12-07 21:55:33,694 INFO Captured unique src mac 0/2, capturing return packets (retry 1/100)...
2018-12-07 21:55:35,816 INFO Received packet from mac: 52:54:00:00:00:bb (chain=0, port=1)
2018-12-07 21:55:35,816 INFO Received packet from mac: 52:54:00:00:00:aa (chain=0, port=0)
2018-12-07 21:55:35,816 INFO End-to-end connectivity established
2018-12-07 21:55:35,833 INFO Cleared all existing streams
2018-12-07 21:55:35,842 INFO Created 2 traffic streams for port 0.
2018-12-07 21:55:35,844 INFO Created 2 traffic streams for port 1.
2018-12-07 21:55:35,847 INFO Starting to generate traffic...
2018-12-07 21:55:35,847 INFO Running traffic generator
2018-12-07 21:55:45,869 INFO TX: 185199024; RX: 21513660; Est. Dropped: 163685364; Est. Drop rate: 88.3835%
2018-12-07 21:55:55,884 INFO TX: 370466283; RX: 42772830; Est. Dropped: 327693453; Est. Drop rate: 88.4543%
2018-12-07 21:56:05,879 INFO TX: 555016550; RX: 64430830; Est. Dropped: 490585720; Est. Drop rate: 88.3912%
2018-12-07 21:56:05,879 INFO ...traffic generating ended.
2018-12-07 21:56:05,883 INFO Service chain 'EXT' run completed.
2018-12-07 21:56:05,883 INFO Clean up skipped.
2018-12-07 21:56:05,906 INFO Saving results in json file: /tmp/nfvbench/vsc_3c1n_18500000pps-1.json...
2018-12-07 21:56:05,913 INFO 
========== NFVBench Summary ==========
Date: 2018-12-07 21:55:33
NFVBench version 2.0.4
Openstack Neutron:
  vSwitch: 
  Encapsulation: 
Benchmarks:
> Networks:
  > Components:
    > Traffic Generator:
        Profile: trex-local
        Tool: TRex
    > Versions:
      > Traffic_Generator:
          build_date: Nov 13 2017
          version: v2.32
          built_by: hhaim
          mode: STL
          build_time: 10:58:17
  > Service chain:
    > EXT:
      > Traffic:
          Profile: traffic_profile_64B
          Bidirectional: True
          Flow count: 1024
          Service chains count: 1
          Compute nodes: []
            
            Run Summary:
            
              +-----------------+-------------+----------------------+----------------------+----------------------+
              |   L2 Frame Size |  Drop Rate  |   Avg Latency (usec) |   Min Latency (usec) |  Max Latency (usec)  |
              +=================+=============+======================+======================+======================+
              |              64 |  88.3912%   |                  674 |                  100 |        20,578        |
              +-----------------+-------------+----------------------+----------------------+----------------------+
              
            
            L2 frame size: 64
            
            Run Config:
            
              +-------------+---------------------------+------------------------+-----------------+---------------------------+------------------------+-----------------+
              |  Direction  |  Requested TX Rate (bps)  |  Actual TX Rate (bps)  |  RX Rate (bps)  |  Requested TX Rate (pps)  |  Actual TX Rate (pps)  |  RX Rate (pps)  |
              +=============+===========================+========================+=================+===========================+========================+=================+
              |   Forward   |        6.2160 Gbps        |      6.2162 Gbps       |  732.1094 Mbps  |       9,250,000 pps       |     9,250,275 pps      |  1,089,448 pps  |
              +-------------+---------------------------+------------------------+-----------------+---------------------------+------------------------+-----------------+
              |   Reverse   |        6.2160 Gbps        |      6.2162 Gbps       |  711.1412 Mbps  |       9,250,000 pps       |     9,250,275 pps      |  1,058,245 pps  |
              +-------------+---------------------------+------------------------+-----------------+---------------------------+------------------------+-----------------+
              |    Total    |       12.4320 Gbps        |      12.4324 Gbps      |   1.4433 Gbps   |      18,500,000 pps       |     18,500,550 pps     |  2,147,693 pps  |
              +-------------+---------------------------+------------------------+-----------------+---------------------------+------------------------+-----------------+
              
            Forward Chain Packet Counters and Latency:
            
              +---------+--------------+--------------------------+------------+------------+-------------+
              |   Chain |  TRex.TX.p0  |        TRex.RX.p1        |  Avg lat.  |  Min lat.  |  Max lat.   |
              +=========+==============+==========================+============+============+=============+
              |       0 | 277,508,275  | -244,824,819 (-88.2225%) |  221 usec  |  100 usec  | 20,235 usec |
              +---------+--------------+--------------------------+------------+------------+-------------+
              
            Reverse Chain Packet Counters and Latency:
            
              +---------+--------------+--------------------------------+------------+------------+-------------+
              |   Chain |  TRex.TX.p1  |           TRex.RX.p0           |  Avg lat.  |  Min lat.  |  Max lat.   |
              +=========+==============+================================+============+============+=============+
              |       0 | 277,508,275  | +64,148,259,603 (+23115.8006%) | 1,116 usec |  100 usec  | 20,578 usec |
              +---------+--------------+--------------------------------+------------+------------+-------------+
              

