2018-11-05 09:10:11,820 INFO Loading configuration file: /tmp/nfvbench/nfvbench_config.cfg
2018-11-05 09:10:11,851 INFO EXT chain with OpenStack mode disabled
2018-11-05 09:10:11,851 INFO -c /tmp/nfvbench/nfvbench_config.cfg --rate 20Gbps --flow-count 1000 --duration 30
2018-11-05 09:10:11,853 INFO Connecting to TRex (127.0.0.1)...
2018-11-05 09:10:11,890 INFO Connected to TRex
2018-11-05 09:10:11,890 INFO    Port 0: Device 158b speed=25Gbps mac=3c:fd:fe:bd:f8:60 pci=0000:3b:00.0 driver=net_i40e
2018-11-05 09:10:11,890 INFO    Port 1: Device 158b speed=25Gbps mac=3c:fd:fe:bd:f8:61 pci=0000:3b:00.1 driver=net_i40e
2018-11-05 09:10:11,891 INFO Port 0: VLANs [1070]
2018-11-05 09:10:11,891 INFO Port 1: VLANs [1064]
2018-11-05 09:10:11,891 INFO Port 0: dst MAC ['52:54:00:00:00:aa']
2018-11-05 09:10:11,891 INFO Port 1: dst MAC ['52:54:00:00:00:bb']
2018-11-05 09:10:11,891 INFO ChainRunner initialized
2018-11-05 09:10:11,892 INFO Adjusting frame size 64 Bytes to minimum size 68 Bytes due to traffic generator restriction
2018-11-05 09:10:11,892 INFO Starting 1xEXT benchmark...
2018-11-05 09:10:11,896 INFO Starting traffic generator to ensure end-to-end connectivity
2018-11-05 09:10:11,903 INFO Created 1 traffic streams for port 0.
2018-11-05 09:10:11,904 INFO Created 1 traffic streams for port 1.
2018-11-05 09:10:12,013 INFO Captured unique src mac 0/2, capturing return packets (retry 1/100)...
2018-11-05 09:10:14,134 INFO Received packet from mac: 52:54:00:00:00:bb (chain=0, port=1)
2018-11-05 09:10:14,134 INFO Received packet from mac: 52:54:00:00:00:aa (chain=0, port=0)
2018-11-05 09:10:14,134 INFO End-to-end connectivity established
2018-11-05 09:10:14,150 INFO Cleared all existing streams
2018-11-05 09:10:14,159 INFO Created 2 traffic streams for port 0.
2018-11-05 09:10:14,161 INFO Created 2 traffic streams for port 1.
2018-11-05 09:10:14,163 INFO Starting to generate traffic...
2018-11-05 09:10:14,164 INFO Running traffic generator
2018-11-05 09:10:24,183 INFO TX: 284374679; RX: 47579215; Est. Dropped: 236795464; Est. Drop rate: 83.2688%
2018-11-05 09:10:34,197 INFO TX: 568842762; RX: 94912033; Est. Dropped: 473930729; Est. Drop rate: 83.3149%
2018-11-05 09:10:44,194 INFO TX: 852256184; RX: 142210655; Est. Dropped: 710045529; Est. Drop rate: 83.3136%
2018-11-05 09:10:44,194 INFO ...traffic generating ended.
2018-11-05 09:10:44,198 INFO Service chain 'EXT' run completed.
2018-11-05 09:10:44,198 INFO Clean up skipped.
2018-11-05 09:10:44,225 INFO 
========== NFVBench Summary ==========
Date: 2018-11-05 09:10:11
NFVBench version 2.0.2
Openstack Neutron:
  vSwitch: 
  Encapsulation: 
Benchmarks:
> Networks:
  > Components:
    > Traffic Generator:
        Profile: trex-local
        Tool: TRex
    > Versions:
      > Traffic_Generator:
          build_date: Nov 13 2017
          version: v2.32
          built_by: hhaim
          mode: STL
          build_time: 10:58:17
  > Service chain:
    > EXT:
      > Traffic:
          Profile: traffic_profile_64B
          Bidirectional: True
          Flow count: 1000
          Service chains count: 1
          Compute nodes: []
            
            Run Summary:
            
              +-----------------+-------------+----------------------+----------------------+----------------------+
              |   L2 Frame Size |  Drop Rate  |   Avg Latency (usec) |   Min Latency (usec) |   Max Latency (usec) |
              +=================+=============+======================+======================+======================+
              |              64 |  83.3136%   |                  103 |                   10 |                  134 |
              +-----------------+-------------+----------------------+----------------------+----------------------+
              
            
            L2 frame size: 64
            Actual l2 frame size: 68
            
            Run Config:
            
              +-------------+---------------------------+------------------------+-----------------+---------------------------+------------------------+-----------------+
              |  Direction  |  Requested TX Rate (bps)  |  Actual TX Rate (bps)  |  RX Rate (bps)  |  Requested TX Rate (pps)  |  Actual TX Rate (pps)  |  RX Rate (pps)  |
              +=============+===========================+========================+=================+===========================+========================+=================+
              |   Forward   |       10.0000 Gbps        |      9.9998 Gbps       |   1.6686 Gbps   |      14,204,545 pps       |     14,204,269 pps     |  2,370,180 pps  |
              +-------------+---------------------------+------------------------+-----------------+---------------------------+------------------------+-----------------+
              |   Reverse   |       10.0000 Gbps        |      9.9998 Gbps       |   1.6686 Gbps   |      14,204,545 pps       |     14,204,269 pps     |  2,370,174 pps  |
              +-------------+---------------------------+------------------------+-----------------+---------------------------+------------------------+-----------------+
              |    Total    |       20.0000 Gbps        |      19.9996 Gbps      |   3.3372 Gbps   |      28,409,090 pps       |     28,408,538 pps     |  4,740,354 pps  |
              +-------------+---------------------------+------------------------+-----------------+---------------------------+------------------------+-----------------+
              
            Forward Chain Packet Counters and Latency:
            
              +---------+--------------+--------------------------+------------+------------+------------+
              |   Chain |  TRex.TX.p0  |        TRex.RX.p1        |  Avg lat.  |  Min lat.  |  Max lat.  |
              +=========+==============+==========================+============+============+============+
              |       0 | 426,128,092  | -355,022,666 (-83.3136%) |  107 usec  |  10 usec   |  134 usec  |
              +---------+--------------+--------------------------+------------+------------+------------+
              
            Reverse Chain Packet Counters and Latency:
            
              +---------+--------------+--------------------------+------------+------------+------------+
              |   Chain |  TRex.TX.p1  |        TRex.RX.p0        |  Avg lat.  |  Min lat.  |  Max lat.  |
              +=========+==============+==========================+============+============+============+
              |       0 | 426,128,092  | -355,022,863 (-83.3136%) |  102 usec  |  50 usec   |  133 usec  |
              +---------+--------------+--------------------------+------------+------------+------------+
              

