2018-10-31 15:56:09,191 INFO Loading configuration file: /tmp/nfvbench/nfvbench_config.cfg
2018-10-31 15:56:09,222 INFO EXT chain with OpenStack mode disabled
2018-10-31 15:56:09,222 INFO -c /tmp/nfvbench/nfvbench_config.cfg --rate ndr --flow-count 1000 --duration 30
2018-10-31 15:56:09,224 INFO Connecting to TRex (127.0.0.1)...
2018-10-31 15:56:09,372 INFO Connected to TRex
2018-10-31 15:56:09,372 INFO    Port 0: Device 158b speed=25Gbps mac=3c:fd:fe:bd:f8:60 pci=0000:3b:00.0 driver=net_i40e
2018-10-31 15:56:09,373 INFO    Port 1: Device 158b speed=25Gbps mac=3c:fd:fe:bd:f8:61 pci=0000:3b:00.1 driver=net_i40e
2018-10-31 15:56:09,373 INFO Port 0: dst MAC ['52:54:00:00:00:aa']
2018-10-31 15:56:09,373 INFO Port 1: dst MAC ['52:54:00:00:00:bb']
2018-10-31 15:56:09,373 INFO ChainRunner initialized
2018-10-31 15:56:09,374 INFO Starting 1xEXT benchmark...
2018-10-31 15:56:09,583 INFO Starting traffic generator to ensure end-to-end connectivity
2018-10-31 15:56:09,589 INFO Created 1 traffic streams for port 0.
2018-10-31 15:56:09,590 INFO Created 1 traffic streams for port 1.
2018-10-31 15:56:09,700 INFO Captured unique src mac 0/2, capturing return packets (retry 1/100)...
2018-10-31 15:56:11,821 INFO Received packet from mac: 52:54:00:00:00:aa (chain=0, port=0)
2018-10-31 15:56:11,930 INFO Captured unique src mac 1/2, capturing return packets (retry 2/100)...
2018-10-31 15:56:14,158 INFO Captured unique src mac 1/2, capturing return packets (retry 3/100)...
2018-10-31 15:56:16,399 INFO Captured unique src mac 1/2, capturing return packets (retry 4/100)...
2018-10-31 15:56:18,629 INFO Captured unique src mac 1/2, capturing return packets (retry 5/100)...
2018-10-31 15:56:20,858 INFO Captured unique src mac 1/2, capturing return packets (retry 6/100)...
2018-10-31 15:56:23,088 INFO Captured unique src mac 1/2, capturing return packets (retry 7/100)...
^C2018-10-31 15:56:24,954 INFO Clean up skipped.
2018-10-31 15:56:24,990 ERROR {'status': 'ERROR', 'error_message': 'Traceback (most recent call last):\n  File "/nfvbench/nfvbench/nfvbench.py", line 613, in main\n    raise Exception(result[\'error_message\'])\nException: Traceback (most recent call last):\n  File "/nfvbench/nfvbench/nfvbench.py", line 111, in run\n    "service_chain": self.chain_runner.run(),\n  File "/nfvbench/nfvbench/chain_runner.py", line 155, in run\n    self.__setup_traffic()\n  File "/nfvbench/nfvbench/chain_runner.py", line 91, in __setup_traffic\n    self.traffic_client.ensure_end_to_end()\n  File "/nfvbench/nfvbench/traffic_client.py", line 519, in ensure_end_to_end\n    time.sleep(self.config.generic_poll_sec)\nKeyboardInterrupt\n\n'}
Traceback (most recent call last):
  File "/nfvbench/nfvbench/nfvbench.py", line 111, in run
    "service_chain": self.chain_runner.run(),
  File "/nfvbench/nfvbench/chain_runner.py", line 155, in run
    self.__setup_traffic()
  File "/nfvbench/nfvbench/chain_runner.py", line 91, in __setup_traffic
    self.traffic_client.ensure_end_to_end()
  File "/nfvbench/nfvbench/traffic_client.py", line 519, in ensure_end_to_end
    time.sleep(self.config.generic_poll_sec)
KeyboardInterrupt

2018-11-01 06:34:12,097 INFO Loading configuration file: /tmp/nfvbench/nfvbench_config.cfg
2018-11-01 06:34:12,127 INFO EXT chain with OpenStack mode disabled
2018-11-01 06:34:12,127 INFO -c /tmp/nfvbench/nfvbench_config.cfg --rate ndr --flow-count 1000 --duration 30
2018-11-01 06:34:12,129 INFO Connecting to TRex (127.0.0.1)...
2018-11-01 06:34:12,263 INFO Connected to TRex
2018-11-01 06:34:12,263 INFO    Port 0: Device 158b speed=25Gbps mac=3c:fd:fe:bd:f8:60 pci=0000:3b:00.0 driver=net_i40e
2018-11-01 06:34:12,263 INFO    Port 1: Device 158b speed=25Gbps mac=3c:fd:fe:bd:f8:61 pci=0000:3b:00.1 driver=net_i40e
2018-11-01 06:34:12,264 INFO Port 0: dst MAC ['52:54:00:00:00:aa']
2018-11-01 06:34:12,264 INFO Port 1: dst MAC ['52:54:00:00:00:bb']
2018-11-01 06:34:12,264 INFO ChainRunner initialized
2018-11-01 06:34:12,265 INFO Starting 1xEXT benchmark...
2018-11-01 06:34:12,478 INFO Starting traffic generator to ensure end-to-end connectivity
2018-11-01 06:34:12,484 INFO Created 1 traffic streams for port 0.
2018-11-01 06:34:12,485 INFO Created 1 traffic streams for port 1.
2018-11-01 06:34:12,594 INFO Captured unique src mac 0/2, capturing return packets (retry 1/100)...
2018-11-01 06:34:14,717 INFO Received packet from mac: 52:54:00:00:00:bb (chain=0, port=1)
2018-11-01 06:34:14,717 INFO Received packet from mac: 52:54:00:00:00:aa (chain=0, port=0)
2018-11-01 06:34:14,717 INFO End-to-end connectivity established
2018-11-01 06:34:14,734 INFO Cleared all existing streams
2018-11-01 06:34:14,741 INFO Created 2 traffic streams for port 0.
2018-11-01 06:34:14,743 INFO Created 2 traffic streams for port 1.
2018-11-01 06:34:14,743 INFO *** Searching NDR for 64 (Bidirectional)...
2018-11-01 06:34:14,743 INFO Range search [0.0 .. 200.0] targets: {'ndr': 0.001}
2018-11-01 06:34:14,743 INFO Modified traffic stream for port 0, new rate=100.0%.
2018-11-01 06:34:14,743 INFO Modified traffic stream for port 1, new rate=100.0%.
2018-11-01 06:34:14,743 INFO Running traffic generator


2018-11-01 06:34:21 - [local][warning]   - [1mCPU util. is high: 86.3%[22m
2018-11-01 06:34:24,764 INFO TX: 409243250; RX: 11144412; Est. Dropped: 398098838; Est. Drop rate: 97.2768%
2018-11-01 06:34:34,778 INFO TX: 818447317; RX: 22333661; Est. Dropped: 796113656; Est. Drop rate: 97.2712%
2018-11-01 06:34:44,778 INFO TX: 1226669678; RX: 33498396; Est. Dropped: 1193171282; Est. Drop rate: 97.2692%
2018-11-01 06:34:46,783 INFO WARNING: There is a significant difference between requested TX rate (74404760) and actual TX rate (40888989). The traffic generator may not have sufficient CPU to achieve the requested TX rate.
2018-11-01 06:34:46,783 INFO Average drop rate: 97.269159
2018-11-01 06:34:46,783 INFO Range search [0.0 .. 100.0] targets: {'ndr': 0.001}
2018-11-01 06:34:46,783 INFO Modified traffic stream for port 0, new rate=50.0%.
2018-11-01 06:34:46,783 INFO Modified traffic stream for port 1, new rate=50.0%.
2018-11-01 06:34:46,783 INFO Running traffic generator
2018-11-01 06:34:56,804 INFO TX: 372237375; RX: 11157014; Est. Dropped: 361080361; Est. Drop rate: 97.0027%
2018-11-01 06:35:06,817 INFO TX: 744739042; RX: 22342926; Est. Dropped: 722396116; Est. Drop rate: 96.9999%
2018-11-01 06:35:16,819 INFO TX: 1116071410; RX: 33485951; Est. Dropped: 1082585459; Est. Drop rate: 96.9997%
2018-11-01 06:35:18,825 INFO Average drop rate: 96.999659
2018-11-01 06:35:18,825 INFO Range search [0.0 .. 50.0] targets: {'ndr': 0.001}
2018-11-01 06:35:18,825 INFO Modified traffic stream for port 0, new rate=25.0%.
2018-11-01 06:35:18,825 INFO Modified traffic stream for port 1, new rate=25.0%.
2018-11-01 06:35:18,825 INFO Running traffic generator
2018-11-01 06:35:28,849 INFO TX: 186192501; RX: 11176001; Est. Dropped: 175016500; Est. Drop rate: 93.9976%
2018-11-01 06:35:38,863 INFO TX: 372461989; RX: 22338306; Est. Dropped: 350123683; Est. Drop rate: 94.0025%
2018-11-01 06:35:48,859 INFO TX: 558035724; RX: 33483391; Est. Dropped: 524552333; Est. Drop rate: 93.9998%
2018-11-01 06:35:50,865 INFO Average drop rate: 93.999776
2018-11-01 06:35:50,865 INFO Range search [0.0 .. 25.0] targets: {'ndr': 0.001}
2018-11-01 06:35:50,865 INFO Modified traffic stream for port 0, new rate=12.5%.
2018-11-01 06:35:50,865 INFO Modified traffic stream for port 1, new rate=12.5%.
2018-11-01 06:35:50,865 INFO Running traffic generator
2018-11-01 06:36:00,888 INFO TX: 93093376; RX: 11171623; Est. Dropped: 81921753; Est. Drop rate: 87.9996%
2018-11-01 06:36:10,903 INFO TX: 186226773; RX: 22364519; Est. Dropped: 163862254; Est. Drop rate: 87.9907%
2018-11-01 06:36:20,899 INFO TX: 279017858; RX: 33548027; Est. Dropped: 245469831; Est. Drop rate: 87.9764%
2018-11-01 06:36:22,905 INFO Average drop rate: 87.976387
2018-11-01 06:36:22,905 INFO Range search [0.0 .. 12.5] targets: {'ndr': 0.001}
2018-11-01 06:36:22,905 INFO Modified traffic stream for port 0, new rate=6.25%.
2018-11-01 06:36:22,905 INFO Modified traffic stream for port 1, new rate=6.25%.
2018-11-01 06:36:22,905 INFO Running traffic generator
2018-11-01 06:36:32,929 INFO TX: 46545515; RX: 11205850; Est. Dropped: 35339665; Est. Drop rate: 75.9250%
2018-11-01 06:36:42,944 INFO TX: 93112908; RX: 22428348; Est. Dropped: 70684560; Est. Drop rate: 75.9127%
2018-11-01 06:36:52,939 INFO TX: 139508930; RX: 33615856; Est. Dropped: 105893074; Est. Drop rate: 75.9042%
2018-11-01 06:36:54,943 INFO Average drop rate: 75.904155
2018-11-01 06:36:54,943 INFO Range search [0.0 .. 6.25] targets: {'ndr': 0.001}
2018-11-01 06:36:54,943 INFO Modified traffic stream for port 0, new rate=3.125%.
2018-11-01 06:36:54,943 INFO Modified traffic stream for port 1, new rate=3.125%.
2018-11-01 06:36:54,944 INFO Running traffic generator
2018-11-01 06:37:04,969 INFO TX: 23273045; RX: 10778662; Est. Dropped: 12494383; Est. Drop rate: 53.6861%
2018-11-01 06:37:14,983 INFO TX: 46556669; RX: 21569251; Est. Dropped: 24987418; Est. Drop rate: 53.6710%
2018-11-01 06:37:24,980 INFO TX: 69754468; RX: 32319066; Est. Dropped: 37435402; Est. Drop rate: 53.6674%
2018-11-01 06:37:26,986 INFO Average drop rate: 53.667389
2018-11-01 06:37:26,986 INFO Range search [0.0 .. 3.125] targets: {'ndr': 0.001}
2018-11-01 06:37:26,986 INFO Modified traffic stream for port 0, new rate=1.5625%.
2018-11-01 06:37:26,986 INFO Modified traffic stream for port 1, new rate=1.5625%.
2018-11-01 06:37:26,986 INFO Running traffic generator
2018-11-01 06:37:37,016 INFO TX: 11637556; RX: 11466170; Est. Dropped: 171386; Est. Drop rate: 1.4727%
2018-11-01 06:37:47,030 INFO TX: 23279225; RX: 22938123; Est. Dropped: 341102; Est. Drop rate: 1.4653%
2018-11-01 06:37:57,026 INFO TX: 34877236; RX: 34362046; Est. Dropped: 515190; Est. Drop rate: 1.4772%
2018-11-01 06:37:59,032 INFO Average drop rate: 1.477153
2018-11-01 06:37:59,032 INFO Range search [0.0 .. 1.5625] targets: {'ndr': 0.001}
2018-11-01 06:37:59,032 INFO Modified traffic stream for port 0, new rate=0.78125%.
2018-11-01 06:37:59,033 INFO Modified traffic stream for port 1, new rate=0.78125%.
2018-11-01 06:37:59,033 INFO Running traffic generator
2018-11-01 06:38:09,057 INFO TX: 5818601; RX: 5818153; Est. Dropped: 448; Est. Drop rate: 0.0077%
2018-11-01 06:38:19,071 INFO TX: 11639163; RX: 11639163; Est. Dropped: 0; Est. Drop rate: 0.0000%
2018-11-01 06:38:29,068 INFO TX: 17438620; RX: 17438619; Est. Dropped: 1; Est. Drop rate: 0.0000%
2018-11-01 06:38:31,073 INFO Average drop rate: 0.000006
2018-11-01 06:38:31,074 INFO Range search [0.78125 .. 1.5625] targets: {'ndr': 0.001}
2018-11-01 06:38:31,074 INFO Modified traffic stream for port 0, new rate=1.171875%.
2018-11-01 06:38:31,074 INFO Modified traffic stream for port 1, new rate=1.171875%.
2018-11-01 06:38:31,074 INFO Running traffic generator
2018-11-01 06:38:41,096 INFO TX: 8727619; RX: 8727156; Est. Dropped: 463; Est. Drop rate: 0.0053%
2018-11-01 06:38:51,110 INFO TX: 17459007; RX: 17458665; Est. Dropped: 342; Est. Drop rate: 0.0020%
2018-11-01 06:39:01,107 INFO TX: 26157928; RX: 26157906; Est. Dropped: 22; Est. Drop rate: 0.0001%
2018-11-01 06:39:03,113 INFO Average drop rate: 0.000084
2018-11-01 06:39:03,113 INFO Range search [1.171875 .. 1.5625] targets: {'ndr': 0.001}
2018-11-01 06:39:03,113 INFO Modified traffic stream for port 0, new rate=1.3671875%.
2018-11-01 06:39:03,113 INFO Modified traffic stream for port 1, new rate=1.3671875%.
2018-11-01 06:39:03,113 INFO Running traffic generator
2018-11-01 06:39:13,138 INFO TX: 10182760; RX: 10061536; Est. Dropped: 121224; Est. Drop rate: 1.1905%
2018-11-01 06:39:23,152 INFO TX: 20369088; RX: 20132005; Est. Dropped: 237083; Est. Drop rate: 1.1639%
2018-11-01 06:39:33,149 INFO TX: 30517582; RX: 30160020; Est. Dropped: 357562; Est. Drop rate: 1.1717%
2018-11-01 06:39:35,155 INFO Average drop rate: 1.171659
2018-11-01 06:39:35,155 INFO Range search [1.171875 .. 1.3671875] targets: {'ndr': 0.001}
2018-11-01 06:39:35,155 INFO Modified traffic stream for port 0, new rate=1.26953125%.
2018-11-01 06:39:35,155 INFO Modified traffic stream for port 1, new rate=1.26953125%.
2018-11-01 06:39:35,155 INFO Running traffic generator
2018-11-01 06:39:45,177 INFO TX: 9455380; RX: 9449321; Est. Dropped: 6059; Est. Drop rate: 0.0641%
2018-11-01 06:39:55,191 INFO TX: 18914522; RX: 18903863; Est. Dropped: 10659; Est. Drop rate: 0.0564%
2018-11-01 06:40:05,188 INFO TX: 28337754; RX: 28321437; Est. Dropped: 16317; Est. Drop rate: 0.0576%
2018-11-01 06:40:07,194 INFO Average drop rate: 0.057580
2018-11-01 06:40:07,194 INFO Range search [1.171875 .. 1.26953125] targets: {'ndr': 0.001}
2018-11-01 06:40:07,194 INFO Found ndr (0.001) load: 1.171875
2018-11-01 06:40:07,194 INFO NDR load: 2.34375
2018-11-01 06:40:07,194 INFO Service chain 'EXT' run completed.
2018-11-01 06:40:07,194 INFO Clean up skipped.
2018-11-01 06:40:07,223 INFO 
========== NFVBench Summary ==========
Date: 2018-11-01 06:34:12
NFVBench version 2.0.1
Openstack Neutron:
  vSwitch: 
  Encapsulation: 
Benchmarks:
> Networks:
  > Components:
    > Traffic Generator:
        Profile: trex-local
        Tool: TRex
    > Versions:
      > Traffic_Generator:
          build_date: Nov 13 2017
          version: v2.32
          built_by: hhaim
          mode: STL
          build_time: 10:58:17
  > Measurement Parameters:
      NDR: 0.001
  > Service chain:
    > EXT:
      > Traffic:
          Profile: traffic_profile_64B
          Bidirectional: True
          Flow count: 1000
          Service chains count: 1
          Compute nodes: []
            
            Run Summary:
            
              +-----+-----------------+------------------+------------------+-----------------+----------------------+----------------------+----------------------+
              |  -  |   L2 Frame Size |  Rate (fwd+rev)  |  Rate (fwd+rev)  |  Avg Drop Rate  |   Avg Latency (usec) |   Min Latency (usec) |   Max Latency (usec) |
              +=====+=================+==================+==================+=================+======================+======================+======================+
              | NDR |              64 |  585.9375 Mbps   |   871,930 pps    |     0.0001%     |                  303 |                   30 |                  867 |
              +-----+-----------------+------------------+------------------+-----------------+----------------------+----------------------+----------------------+
              
            
            L2 frame size: 64
            NDR search duration: 352 seconds
            

