2018-10-31 14:47:22,635 INFO Loading configuration file: /tmp/nfvbench/nfvbench_config.cfg
2018-10-31 14:47:22,665 INFO EXT chain with OpenStack mode disabled
2018-10-31 14:47:22,666 INFO -c /tmp/nfvbench/nfvbench_config.cfg --rate 20Gbps --flow-count 1000 --duration 30
2018-10-31 14:47:22,667 INFO Connecting to TRex (127.0.0.1)...
2018-10-31 14:47:22,802 INFO Connected to TRex
2018-10-31 14:47:22,802 INFO    Port 0: Device 158b speed=25Gbps mac=3c:fd:fe:bd:f8:60 pci=0000:3b:00.0 driver=net_i40e
2018-10-31 14:47:22,803 INFO    Port 1: Device 158b speed=25Gbps mac=3c:fd:fe:bd:f8:61 pci=0000:3b:00.1 driver=net_i40e
2018-10-31 14:47:22,803 INFO Port 0: dst MAC ['52:54:00:00:00:aa']
2018-10-31 14:47:22,803 INFO Port 1: dst MAC ['52:54:00:00:00:bb']
2018-10-31 14:47:22,803 INFO ChainRunner initialized
2018-10-31 14:47:22,804 INFO Starting 1xEXT benchmark...
2018-10-31 14:47:23,014 INFO Starting traffic generator to ensure end-to-end connectivity
2018-10-31 14:47:23,020 INFO Created 1 traffic streams for port 0.
2018-10-31 14:47:23,021 INFO Created 1 traffic streams for port 1.
2018-10-31 14:47:23,131 INFO Captured unique src mac 0/2, capturing return packets (retry 1/100)...
2018-10-31 14:47:25,252 INFO Received packet from mac: 52:54:00:00:00:bb (chain=0, port=1)
2018-10-31 14:47:25,252 INFO Received packet from mac: 52:54:00:00:00:aa (chain=0, port=0)
2018-10-31 14:47:25,252 INFO End-to-end connectivity established
2018-10-31 14:47:25,270 INFO Cleared all existing streams
2018-10-31 14:47:25,277 INFO Created 2 traffic streams for port 0.
2018-10-31 14:47:25,278 INFO Created 2 traffic streams for port 1.
2018-10-31 14:47:25,282 INFO Starting to generate traffic...
2018-10-31 14:47:25,282 INFO Running traffic generator
2018-10-31 14:47:35,304 INFO TX: 297933154; RX: 60539870; Est. Dropped: 237393284; Est. Drop rate: 79.6800%
2018-10-31 14:47:45,317 INFO TX: 595958032; RX: 121146657; Est. Dropped: 474811375; Est. Drop rate: 79.6719%
2018-10-31 14:47:55,314 INFO TX: 892857196; RX: 181529828; Est. Dropped: 711327368; Est. Drop rate: 79.6687%
2018-10-31 14:47:55,314 INFO ...traffic generating ended.
2018-10-31 14:47:55,318 INFO Service chain 'EXT' run completed.
2018-10-31 14:47:55,318 INFO Clean up skipped.
2018-10-31 14:47:55,346 INFO 
========== NFVBench Summary ==========
Date: 2018-10-31 14:47:22
NFVBench version 2.0.1
Openstack Neutron:
  vSwitch: 
  Encapsulation: 
Benchmarks:
> Networks:
  > Components:
    > Traffic Generator:
        Profile: trex-local
        Tool: TRex
    > Versions:
      > Traffic_Generator:
          build_date: Nov 13 2017
          version: v2.32
          built_by: hhaim
          mode: STL
          build_time: 10:58:17
  > Service chain:
    > EXT:
      > Traffic:
          Profile: traffic_profile_64B
          Bidirectional: True
          Flow count: 1000
          Service chains count: 1
          Compute nodes: []
            
            Run Summary:
            
              +-----------------+-------------+----------------------+----------------------+----------------------+
              |   L2 Frame Size |  Drop Rate  |   Avg Latency (usec) |   Min Latency (usec) |   Max Latency (usec) |
              +=================+=============+======================+======================+======================+
              |              64 |  79.6687%   |                  120 |                   20 |                  224 |
              +-----------------+-------------+----------------------+----------------------+----------------------+
              
            
            L2 frame size: 64
            
            Run Config:
            
              +-------------+---------------------------+------------------------+-----------------+---------------------------+------------------------+-----------------+
              |  Direction  |  Requested TX Rate (bps)  |  Actual TX Rate (bps)  |  RX Rate (bps)  |  Requested TX Rate (pps)  |  Actual TX Rate (pps)  |  RX Rate (pps)  |
              +=============+===========================+========================+=================+===========================+========================+=================+
              |   Forward   |       10.0000 Gbps        |      10.0000 Gbps      |   1.9655 Gbps   |      14,880,952 pps       |     14,880,953 pps     |  2,924,890 pps  |
              +-------------+---------------------------+------------------------+-----------------+---------------------------+------------------------+-----------------+
              |   Reverse   |       10.0000 Gbps        |      10.0000 Gbps      |   2.1007 Gbps   |      14,880,952 pps       |     14,880,953 pps     |  3,126,104 pps  |
              +-------------+---------------------------+------------------------+-----------------+---------------------------+------------------------+-----------------+
              |    Total    |       20.0000 Gbps        |      20.0000 Gbps      |   4.0663 Gbps   |      29,761,904 pps       |     29,761,906 pps     |  6,050,994 pps  |
              +-------------+---------------------------+------------------------+-----------------+---------------------------+------------------------+-----------------+
              
            Forward Chain Packet Counters and Latency:
            
              +---------+--------------+--------------------------+------------+------------+------------+
              |   Chain |  TRex.TX.p0  |        TRex.RX.p1        |  Avg lat.  |  Min lat.  |  Max lat.  |
              +=========+==============+==========================+============+============+============+
              |       0 | 446,428,598  | -358,681,892 (-80.3447%) |  125 usec  |  20 usec   |  224 usec  |
              +---------+--------------+--------------------------+------------+------------+------------+
              
            Reverse Chain Packet Counters and Latency:
            
              +---------+--------------+--------------------------+------------+------------+------------+
              |   Chain |  TRex.TX.p1  |        TRex.RX.p0        |  Avg lat.  |  Min lat.  |  Max lat.  |
              +=========+==============+==========================+============+============+============+
              |       0 | 446,428,598  | -352,645,476 (-78.9926%) |  116 usec  |  40 usec   |  162 usec  |
              +---------+--------------+--------------------------+------------+------------+------------+
              

