2018-10-31 13:44:16,096 INFO Loading configuration file: /tmp/nfvbench/nfvbench_config.cfg
2018-10-31 13:44:16,126 INFO EXT chain with OpenStack mode disabled
2018-10-31 13:44:16,127 INFO -c /tmp/nfvbench/nfvbench_config.cfg --rate ndr --flow-count 1000 --duration 30
2018-10-31 13:44:16,128 INFO Connecting to TRex (127.0.0.1)...
2018-10-31 13:44:16,268 INFO Connected to TRex
2018-10-31 13:44:16,268 INFO    Port 0: Device 158b speed=25Gbps mac=3c:fd:fe:bd:f8:60 pci=0000:3b:00.0 driver=net_i40e
2018-10-31 13:44:16,268 INFO    Port 1: Device 158b speed=25Gbps mac=3c:fd:fe:bd:f8:61 pci=0000:3b:00.1 driver=net_i40e
2018-10-31 13:44:16,269 INFO Port 0: dst MAC ['52:54:00:00:00:aa']
2018-10-31 13:44:16,269 INFO Port 1: dst MAC ['52:54:00:00:00:bb']
2018-10-31 13:44:16,269 INFO ChainRunner initialized
2018-10-31 13:44:16,270 INFO Starting 1xEXT benchmark...
2018-10-31 13:44:16,480 INFO Starting traffic generator to ensure end-to-end connectivity
2018-10-31 13:44:16,486 INFO Created 1 traffic streams for port 0.
2018-10-31 13:44:16,487 INFO Created 1 traffic streams for port 1.
2018-10-31 13:44:16,597 INFO Captured unique src mac 0/2, capturing return packets (retry 1/100)...
2018-10-31 13:44:18,718 INFO Received packet from mac: 52:54:00:00:00:aa (chain=0, port=0)
2018-10-31 13:44:18,718 INFO Received packet from mac: 52:54:00:00:00:bb (chain=0, port=1)
2018-10-31 13:44:18,718 INFO End-to-end connectivity established
2018-10-31 13:44:18,734 INFO Cleared all existing streams
2018-10-31 13:44:18,742 INFO Created 2 traffic streams for port 0.
2018-10-31 13:44:18,743 INFO Created 2 traffic streams for port 1.
2018-10-31 13:44:18,743 INFO *** Searching NDR for 64 (Bidirectional)...
2018-10-31 13:44:18,744 INFO Range search [0.0 .. 200.0] targets: {'ndr': 0.001}
2018-10-31 13:44:18,744 INFO Modified traffic stream for port 0, new rate=100.0%.
2018-10-31 13:44:18,744 INFO Modified traffic stream for port 1, new rate=100.0%.
2018-10-31 13:44:18,744 INFO Running traffic generator


2018-10-31 13:44:26 - [local][warning]   - [1mCPU util. is high: 87.7%[22m
2018-10-31 13:44:28,764 INFO TX: 410600960; RX: 34535255; Est. Dropped: 376065705; Est. Drop rate: 91.5891%
2018-10-31 13:44:38,778 INFO TX: 821254112; RX: 69089431; Est. Dropped: 752164681; Est. Drop rate: 91.5873%
2018-10-31 13:44:48,770 INFO TX: 1230609262; RX: 103548180; Est. Dropped: 1127061082; Est. Drop rate: 91.5856%
2018-10-31 13:44:50,776 INFO WARNING: There is a significant difference between requested TX rate (74404760) and actual TX rate (41020308). The traffic generator may not have sufficient CPU to achieve the requested TX rate.
2018-10-31 13:44:50,776 INFO Average drop rate: 91.585617
2018-10-31 13:44:50,776 INFO Range search [0.0 .. 100.0] targets: {'ndr': 0.001}
2018-10-31 13:44:50,776 INFO Modified traffic stream for port 0, new rate=50.0%.
2018-10-31 13:44:50,776 INFO Modified traffic stream for port 1, new rate=50.0%.
2018-10-31 13:44:50,776 INFO Running traffic generator


2018-10-31 13:44:58 - [local][warning]   - [1mCPU util. is high: 85.2%[22m
2018-10-31 13:45:00,800 INFO TX: 372370752; RX: 34431326; Est. Dropped: 337939426; Est. Drop rate: 90.7535%
2018-10-31 13:45:10,814 INFO TX: 744895531; RX: 68858142; Est. Dropped: 676037389; Est. Drop rate: 90.7560%
2018-10-31 13:45:20,811 INFO TX: 1116072674; RX: 103155230; Est. Dropped: 1012917444; Est. Drop rate: 90.7573%
2018-10-31 13:45:22,816 INFO Average drop rate: 90.757302
2018-10-31 13:45:22,816 INFO Range search [0.0 .. 50.0] targets: {'ndr': 0.001}
2018-10-31 13:45:22,817 INFO Modified traffic stream for port 0, new rate=25.0%.
2018-10-31 13:45:22,817 INFO Modified traffic stream for port 1, new rate=25.0%.
2018-10-31 13:45:22,817 INFO Running traffic generator
2018-10-31 13:45:32,841 INFO TX: 186185040; RX: 34591549; Est. Dropped: 151593491; Est. Drop rate: 81.4209%
2018-10-31 13:45:42,854 INFO TX: 372447657; RX: 69204605; Est. Dropped: 303243052; Est. Drop rate: 81.4190%
2018-10-31 13:45:52,851 INFO TX: 558035996; RX: 103702876; Est. Dropped: 454333120; Est. Drop rate: 81.4165%
2018-10-31 13:45:54,856 INFO Average drop rate: 81.416454
2018-10-31 13:45:54,857 INFO Range search [0.0 .. 25.0] targets: {'ndr': 0.001}
2018-10-31 13:45:54,857 INFO Modified traffic stream for port 0, new rate=12.5%.
2018-10-31 13:45:54,857 INFO Modified traffic stream for port 1, new rate=12.5%.
2018-10-31 13:45:54,857 INFO Running traffic generator
2018-10-31 13:46:04,881 INFO TX: 93092379; RX: 34518752; Est. Dropped: 58573627; Est. Drop rate: 62.9199%
2018-10-31 13:46:14,894 INFO TX: 186224010; RX: 69042592; Est. Dropped: 117181418; Est. Drop rate: 62.9250%
2018-10-31 13:46:24,891 INFO TX: 279017832; RX: 103454196; Est. Dropped: 175563636; Est. Drop rate: 62.9220%
2018-10-31 13:46:26,897 INFO Average drop rate: 62.922013
2018-10-31 13:46:26,897 INFO Range search [0.0 .. 12.5] targets: {'ndr': 0.001}
2018-10-31 13:46:26,897 INFO Modified traffic stream for port 0, new rate=6.25%.
2018-10-31 13:46:26,897 INFO Modified traffic stream for port 1, new rate=6.25%.
2018-10-31 13:46:26,897 INFO Running traffic generator
2018-10-31 13:46:36,920 INFO TX: 46549130; RX: 34522088; Est. Dropped: 12027042; Est. Drop rate: 25.8373%
2018-10-31 13:46:46,942 INFO TX: 93114331; RX: 69055208; Est. Dropped: 24059123; Est. Drop rate: 25.8383%
2018-10-31 13:46:56,931 INFO TX: 139508928; RX: 103460956; Est. Dropped: 36047972; Est. Drop rate: 25.8392%
2018-10-31 13:46:58,936 INFO Average drop rate: 25.839186
2018-10-31 13:46:58,936 INFO Range search [0.0 .. 6.25] targets: {'ndr': 0.001}
2018-10-31 13:46:58,937 INFO Modified traffic stream for port 0, new rate=3.125%.
2018-10-31 13:46:58,937 INFO Modified traffic stream for port 1, new rate=3.125%.
2018-10-31 13:46:58,937 INFO Running traffic generator
2018-10-31 13:47:08,960 INFO TX: 23273984; RX: 23273815; Est. Dropped: 169; Est. Drop rate: 0.0007%
2018-10-31 13:47:18,974 INFO TX: 46557318; RX: 46557286; Est. Dropped: 32; Est. Drop rate: 0.0001%
2018-10-31 13:47:28,971 INFO TX: 69754464; RX: 69754464; Est. Dropped: 0; Est. Drop rate: 0.0000%
2018-10-31 13:47:30,977 INFO Average drop rate: 0.000000
2018-10-31 13:47:30,977 INFO Range search [3.125 .. 6.25] targets: {'ndr': 0.001}
2018-10-31 13:47:30,977 INFO Modified traffic stream for port 0, new rate=4.6875%.
2018-10-31 13:47:30,977 INFO Modified traffic stream for port 1, new rate=4.6875%.
2018-10-31 13:47:30,977 INFO Running traffic generator
2018-10-31 13:47:40,994 INFO TX: 34889678; RX: 34889388; Est. Dropped: 290; Est. Drop rate: 0.0008%
2018-10-31 13:47:51,008 INFO TX: 69814525; RX: 69814276; Est. Dropped: 249; Est. Drop rate: 0.0004%
2018-10-31 13:48:01,007 INFO TX: 104631696; RX: 104631696; Est. Dropped: 0; Est. Drop rate: 0.0000%
2018-10-31 13:48:03,012 INFO Average drop rate: 0.000000
2018-10-31 13:48:03,012 INFO Range search [4.6875 .. 6.25] targets: {'ndr': 0.001}
2018-10-31 13:48:03,013 INFO Modified traffic stream for port 0, new rate=5.46875%.
2018-10-31 13:48:03,013 INFO Modified traffic stream for port 1, new rate=5.46875%.
2018-10-31 13:48:03,013 INFO Running traffic generator
2018-10-31 13:48:13,036 INFO TX: 40729565; RX: 35915810; Est. Dropped: 4813755; Est. Drop rate: 11.8188%
2018-10-31 13:48:23,051 INFO TX: 81475735; RX: 71848519; Est. Dropped: 9627216; Est. Drop rate: 11.8161%
2018-10-31 13:48:33,047 INFO TX: 122070314; RX: 107651012; Est. Dropped: 14419302; Est. Drop rate: 11.8123%
2018-10-31 13:48:35,053 INFO Average drop rate: 11.812292
2018-10-31 13:48:35,053 INFO Range search [4.6875 .. 5.46875] targets: {'ndr': 0.001}
2018-10-31 13:48:35,053 INFO Modified traffic stream for port 0, new rate=5.078125%.
2018-10-31 13:48:35,053 INFO Modified traffic stream for port 1, new rate=5.078125%.
2018-10-31 13:48:35,053 INFO Running traffic generator
2018-10-31 13:48:45,076 INFO TX: 37821667; RX: 37063592; Est. Dropped: 758075; Est. Drop rate: 2.0043%
2018-10-31 13:48:55,090 INFO TX: 75657538; RX: 74133510; Est. Dropped: 1524028; Est. Drop rate: 2.0144%
2018-10-31 13:49:05,086 INFO TX: 113351010; RX: 111074166; Est. Dropped: 2276844; Est. Drop rate: 2.0087%
2018-10-31 13:49:07,092 INFO Average drop rate: 2.008667
2018-10-31 13:49:07,092 INFO Range search [4.6875 .. 5.078125] targets: {'ndr': 0.001}
2018-10-31 13:49:07,092 INFO Modified traffic stream for port 0, new rate=4.8828125%.
2018-10-31 13:49:07,092 INFO Modified traffic stream for port 1, new rate=4.8828125%.
2018-10-31 13:49:07,092 INFO Running traffic generator
2018-10-31 13:49:17,116 INFO TX: 36365376; RX: 36364995; Est. Dropped: 381; Est. Drop rate: 0.0010%
2018-10-31 13:49:27,125 INFO TX: 72729448; RX: 72729079; Est. Dropped: 369; Est. Drop rate: 0.0005%
2018-10-31 13:49:37,122 INFO TX: 108991358; RX: 108991358; Est. Dropped: 0; Est. Drop rate: 0.0000%
2018-10-31 13:49:39,128 INFO Average drop rate: 0.000000
2018-10-31 13:49:39,128 INFO Range search [4.8828125 .. 5.078125] targets: {'ndr': 0.001}
2018-10-31 13:49:39,128 INFO Modified traffic stream for port 0, new rate=4.98046875%.
2018-10-31 13:49:39,128 INFO Modified traffic stream for port 1, new rate=4.98046875%.
2018-10-31 13:49:39,129 INFO Running traffic generator
2018-10-31 13:49:49,152 INFO TX: 37093403; RX: 37090392; Est. Dropped: 3011; Est. Drop rate: 0.0081%
2018-10-31 13:49:59,166 INFO TX: 74201749; RX: 74196718; Est. Dropped: 5031; Est. Drop rate: 0.0068%
2018-10-31 13:50:09,160 INFO TX: 111171192; RX: 111163581; Est. Dropped: 7611; Est. Drop rate: 0.0068%
2018-10-31 13:50:11,165 INFO Average drop rate: 0.006846
2018-10-31 13:50:11,166 INFO Range search [4.8828125 .. 4.98046875] targets: {'ndr': 0.001}
2018-10-31 13:50:11,166 INFO Found ndr (0.001) load: 4.8828125
2018-10-31 13:50:11,166 INFO NDR load: 9.765625
2018-10-31 13:50:11,166 INFO Service chain 'EXT' run completed.
2018-10-31 13:50:11,166 INFO Clean up skipped.
2018-10-31 13:50:11,195 INFO 
========== NFVBench Summary ==========
Date: 2018-10-31 13:44:16
NFVBench version 2.0.1
Openstack Neutron:
  vSwitch: 
  Encapsulation: 
Benchmarks:
> Networks:
  > Components:
    > Traffic Generator:
        Profile: trex-local
        Tool: TRex
    > Versions:
      > Traffic_Generator:
          build_date: Nov 13 2017
          version: v2.32
          built_by: hhaim
          mode: STL
          build_time: 10:58:17
  > Measurement Parameters:
      NDR: 0.001
  > Service chain:
    > EXT:
      > Traffic:
          Profile: traffic_profile_64B
          Bidirectional: True
          Flow count: 1000
          Service chains count: 1
          Compute nodes: []
            
            Run Summary:
            
              +-----+-----------------+------------------+------------------+-----------------+----------------------+----------------------+----------------------+
              |  -  |   L2 Frame Size |  Rate (fwd+rev)  |  Rate (fwd+rev)  |  Avg Drop Rate  |   Avg Latency (usec) |   Min Latency (usec) |   Max Latency (usec) |
              +=====+=================+==================+==================+=================+======================+======================+======================+
              | NDR |              64 |   2.4414 Gbps    |  3,633,044 pps   |     0.0000%     |                  164 |                   10 |                  263 |
              +-----+-----------------+------------------+------------------+-----------------+----------------------+----------------------+----------------------+
              
            
            L2 frame size: 64
            NDR search duration: 352 seconds
            

