2019-03-28 10:04:52,676 INFO Loading configuration file: /tmp/nfvbench/nfvbench_config.cfg
2019-03-28 10:04:52,711 INFO EXT chain with OpenStack mode disabled
2019-03-28 10:04:52,711 INFO -c /tmp/nfvbench/nfvbench_config.cfg --rate 10Gbps --flow-count 1024 --duration 60 --json /tmp/nfvbench/1p-csp_3c2n_10Gbps-1.json
2019-03-28 10:04:52,713 INFO Connecting to TRex (127.0.0.1)...
2019-03-28 10:04:52,853 INFO Connected to TRex
2019-03-28 10:04:52,853 INFO    Port 0: Ethernet Controller X710 for 10GbE SFP+ speed=10Gbps mac=e4:43:4b:2e:9f:e2 pci=0000:1a:00.2 driver=net_i40e
2019-03-28 10:04:52,853 INFO    Port 1: Ethernet Controller X710 for 10GbE SFP+ speed=10Gbps mac=e4:43:4b:2e:9f:e3 pci=0000:1a:00.3 driver=net_i40e
2019-03-28 10:04:52,854 INFO ChainRunner initialized
2019-03-28 10:04:52,855 INFO Starting 3xEXT benchmark...
2019-03-28 10:04:52,960 INFO Polling ARP until successful...
2019-03-28 10:04:53,170 INFO    ARP: port=0 chain=0 src IP=172.16.10.100 dst IP=172.16.10.10 -> MAC=52:54:00:00:00:aa
2019-03-28 10:04:53,170 INFO    ARP: port=0 chain=1 src IP=172.16.10.101 dst IP=172.16.10.11 -> MAC=52:54:01:00:00:aa
2019-03-28 10:04:53,170 INFO    ARP: port=0 chain=2 src IP=172.16.10.102 dst IP=172.16.10.12 -> MAC=52:54:02:00:00:aa
2019-03-28 10:04:53,170 INFO ARP resolved successfully for port 0
2019-03-28 10:04:53,380 INFO    ARP: port=1 chain=0 src IP=172.16.20.100 dst IP=172.16.20.10 -> MAC=52:54:00:00:00:bb
2019-03-28 10:04:53,380 INFO    ARP: port=1 chain=1 src IP=172.16.20.101 dst IP=172.16.20.11 -> MAC=52:54:01:00:00:bb
2019-03-28 10:04:53,380 INFO    ARP: port=1 chain=2 src IP=172.16.20.102 dst IP=172.16.20.12 -> MAC=52:54:02:00:00:bb
2019-03-28 10:04:53,380 INFO ARP resolved successfully for port 1
2019-03-28 10:04:53,482 INFO Port 0: dst MAC ['52:54:00:00:00:aa', '52:54:01:00:00:aa', '52:54:02:00:00:aa']
2019-03-28 10:04:53,482 INFO Port 1: dst MAC ['52:54:00:00:00:bb', '52:54:01:00:00:bb', '52:54:02:00:00:bb']
2019-03-28 10:04:53,482 INFO Starting traffic generator to ensure end-to-end connectivity
2019-03-28 10:04:53,503 INFO Created 3 traffic streams for port 0.
2019-03-28 10:04:53,505 INFO Created 3 traffic streams for port 1.
2019-03-28 10:04:53,631 INFO Captured unique src mac 0/6, capturing return packets (retry 1/100)...
2019-03-28 10:04:55,775 INFO Received packet from mac: 52:54:02:00:00:bb (chain=2, port=1)
2019-03-28 10:04:55,775 INFO Received packet from mac: 52:54:01:00:00:bb (chain=1, port=1)
2019-03-28 10:04:55,776 INFO Received packet from mac: 52:54:01:00:00:aa (chain=1, port=0)
2019-03-28 10:04:55,776 INFO Received packet from mac: 52:54:00:00:00:aa (chain=0, port=0)
2019-03-28 10:04:55,776 INFO Received packet from mac: 52:54:02:00:00:aa (chain=2, port=0)
2019-03-28 10:04:55,776 INFO Received packet from mac: 52:54:00:00:00:bb (chain=0, port=1)
2019-03-28 10:04:55,776 INFO End-to-end connectivity established
2019-03-28 10:04:55,796 INFO Cleared all existing streams
2019-03-28 10:04:55,830 INFO Created 6 traffic streams for port 0.
2019-03-28 10:04:55,835 INFO Created 6 traffic streams for port 1.
2019-03-28 10:04:55,835 INFO Starting to generate traffic...
2019-03-28 10:04:55,835 INFO Running traffic generator
2019-03-28 10:05:05,861 INFO TX: 148964003; RX: 71246739; Est. Dropped: 77717264; Est. Drop rate: 52.1718%
2019-03-28 10:05:15,877 INFO TX: 298001577; RX: 141071604; Est. Dropped: 156929973; Est. Drop rate: 52.6608%
2019-03-28 10:05:25,892 INFO TX: 447036213; RX: 211591172; Est. Dropped: 235445041; Est. Drop rate: 52.6680%
2019-03-28 10:05:35,906 INFO TX: 596037054; RX: 281912064; Est. Dropped: 314124990; Est. Drop rate: 52.7023%
2019-03-28 10:05:45,920 INFO TX: 745055550; RX: 352405667; Est. Dropped: 392649883; Est. Drop rate: 52.7008%
2019-03-28 10:05:55,869 INFO TX: 892857534; RX: 422628664; Est. Dropped: 470228870; Est. Drop rate: 52.6656%
2019-03-28 10:05:55,869 INFO ...traffic generating ended.
2019-03-28 10:05:55,876 INFO Service chain 'EXT' run completed.
2019-03-28 10:05:55,876 INFO Clean up skipped.
2019-03-28 10:05:55,904 INFO Saving results in json file: /tmp/nfvbench/1p-csp_3c2n_10Gbps-1.json...
2019-03-28 10:05:55,913 INFO 
========== NFVBench Summary ==========
Date: 2019-03-28 10:04:52
NFVBench version 2.0.5
Openstack Neutron:
  vSwitch: 
  Encapsulation: 
Benchmarks:
> Networks:
  > Components:
    > Traffic Generator:
        Profile: trex-local
        Tool: TRex
    > Versions:
      > Traffic_Generator:
          build_date: Nov 13 2017
          version: v2.32
          built_by: hhaim
          mode: STL
          build_time: 10:58:17
  > Service chain:
    > EXT:
      > Traffic:
          Profile: traffic_profile_64B
          Bidirectional: True
          Flow count: 1024
          Service chains count: 3
          Compute nodes: []
            
            Run Summary:
            
              +-----------------+-------------+----------------------+----------------------+----------------------+
              |   L2 Frame Size |  Drop Rate  |  Avg Latency (usec)  |   Min Latency (usec) |  Max Latency (usec)  |
              +=================+=============+======================+======================+======================+
              |              64 |  52.6656%   |        1,461         |                   40 |       201,290        |
              +-----------------+-------------+----------------------+----------------------+----------------------+
              
            
            L2 frame size: 64
            
            Run Config:
            
              +-------------+---------------------------+------------------------+-----------------+---------------------------+------------------------+-----------------+
              |  Direction  |  Requested TX Rate (bps)  |  Actual TX Rate (bps)  |  RX Rate (bps)  |  Requested TX Rate (pps)  |  Actual TX Rate (pps)  |  RX Rate (pps)  |
              +=============+===========================+========================+=================+===========================+========================+=================+
              |   Forward   |        5.0000 Gbps        |      5.0000 Gbps       |   2.3608 Gbps   |       7,440,476 pps       |     7,440,479 pps      |  3,513,128 pps  |
              +-------------+---------------------------+------------------------+-----------------+---------------------------+------------------------+-----------------+
              |   Reverse   |        5.0000 Gbps        |      5.0000 Gbps       |   2.3726 Gbps   |       7,440,476 pps       |     7,440,479 pps      |  3,530,682 pps  |
              +-------------+---------------------------+------------------------+-----------------+---------------------------+------------------------+-----------------+
              |    Total    |       10.0000 Gbps        |      10.0000 Gbps      |   4.7334 Gbps   |      14,880,952 pps       |     14,880,958 pps     |  7,043,810 pps  |
              +-------------+---------------------------+------------------------+-----------------+---------------------------+------------------------+-----------------+
              
            Forward Chain Packet Counters and Latency:
            
              +---------+--------------+--------------------------+------------+------------+--------------+
              |  Chain  |  TRex.TX.p0  |        TRex.RX.p1        |  Avg lat.  |  Min lat.  |   Max lat.   |
              +=========+==============+==========================+============+============+==============+
              |    0    | 148,809,589  | -79,807,805 (-53.6308%)  | 1,758 usec |  200 usec  | 101,372 usec |
              +---------+--------------+--------------------------+------------+------------+--------------+
              |    1    | 148,809,589  | -80,446,041 (-54.0597%)  | 1,279 usec |  100 usec  | 101,406 usec |
              +---------+--------------+--------------------------+------------+------------+--------------+
              |    2    | 148,809,589  | -75,387,184 (-50.6602%)  | 1,350 usec |  400 usec  | 101,312 usec |
              +---------+--------------+--------------------------+------------+------------+--------------+
              |  total  | 446,428,767  | -235,641,030 (-52.7836%) | 1,462 usec |  100 usec  | 101,406 usec |
              +---------+--------------+--------------------------+------------+------------+--------------+
              
            Reverse Chain Packet Counters and Latency:
            
              +---------+--------------+---------------------------------+------------+------------+--------------+
              |  Chain  |  TRex.TX.p1  |           TRex.RX.p0            |  Avg lat.  |  Min lat.  |   Max lat.   |
              +=========+==============+=================================+============+============+==============+
              |    0    | 148,809,589  | +128,701,430,364 (+86487.3233%) | 1,789 usec |  300 usec  | 201,290 usec |
              +---------+--------------+---------------------------------+------------+------------+--------------+
              |    1    | 148,809,589  | +128,701,566,708 (+86487.4149%) | 1,243 usec |  100 usec  | 101,469 usec |
              +---------+--------------+---------------------------------+------------+------------+--------------+
              |    2    | 148,809,589  | +128,701,558,054 (+86487.4091%) | 1,357 usec |  40 usec   | 97,278 usec  |
              +---------+--------------+---------------------------------+------------+------------+--------------+
              |  total  | 446,428,767  | +386,104,555,126 (+86487.3825%) | 1,463 usec |  40 usec   | 201,290 usec |
              +---------+--------------+---------------------------------+------------+------------+--------------+
              

