2018-11-12 09:49:19,750 INFO Loading configuration file: /tmp/nfvbench/nfvbench_config.cfg
2018-11-12 09:49:19,782 INFO EXT chain with OpenStack mode disabled
2018-11-12 09:49:19,782 INFO -c /tmp/nfvbench/nfvbench_config.cfg --rate 20Gbps --flow-count 1000 --duration 30 --json /tmp/nfvbench/2vsc_2_20Gbps-1.log
2018-11-12 09:49:19,784 INFO Connecting to TRex (127.0.0.1)...
2018-11-12 09:49:19,928 INFO Connected to TRex
2018-11-12 09:49:19,928 INFO    Port 0: Device 158b speed=25Gbps mac=3c:fd:fe:bd:f8:60 pci=0000:3b:00.0 driver=net_i40e
2018-11-12 09:49:19,928 INFO    Port 1: Device 158b speed=25Gbps mac=3c:fd:fe:bd:f8:61 pci=0000:3b:00.1 driver=net_i40e
2018-11-12 09:49:19,929 INFO Port 0: VLANs (1070, 1071)
2018-11-12 09:49:19,929 INFO Port 1: VLANs (1064, 1065)
2018-11-12 09:49:19,929 INFO ChainRunner initialized
2018-11-12 09:49:19,929 INFO Adjusting frame size 64 Bytes to minimum size 68 Bytes due to traffic generator restriction
2018-11-12 09:49:19,930 INFO Starting 2xEXT benchmark...
2018-11-12 09:49:20,034 INFO Polling ARP until successful...
2018-11-12 09:49:20,243 INFO    ARP: port=0 chain=0 src IP=172.16.10.100 dst IP=172.16.10.10 -> MAC=52:54:00:00:00:aa
2018-11-12 09:49:20,243 INFO    ARP: port=0 chain=1 src IP=172.16.10.101 dst IP=172.16.10.11 -> MAC=52:54:00:00:00:aa
2018-11-12 09:49:20,243 INFO ARP resolved successfully for port 0
2018-11-12 09:49:20,452 INFO    ARP: port=1 chain=0 src IP=172.16.20.100 dst IP=172.16.20.10 -> MAC=52:54:00:00:00:bb
2018-11-12 09:49:20,452 INFO    ARP: port=1 chain=1 src IP=172.16.20.101 dst IP=172.16.20.11 -> MAC=52:54:00:00:00:bb
2018-11-12 09:49:20,452 INFO ARP resolved successfully for port 1
2018-11-12 09:49:20,554 INFO Port 0: dst MAC ['52:54:00:00:00:aa', '52:54:00:00:00:aa']
2018-11-12 09:49:20,554 INFO Port 1: dst MAC ['52:54:00:00:00:bb', '52:54:00:00:00:bb']
2018-11-12 09:49:20,554 INFO Starting traffic generator to ensure end-to-end connectivity
2018-11-12 09:49:20,567 INFO Created 2 traffic streams for port 0.
2018-11-12 09:49:20,568 INFO Created 2 traffic streams for port 1.
2018-11-12 09:49:20,679 INFO Captured unique src mac 0/2, capturing return packets (retry 1/100)...
2018-11-12 09:49:22,800 INFO Received packet from mac: 52:54:00:00:00:bb (chain=1, port=1)
2018-11-12 09:49:22,800 INFO Received packet from mac: 52:54:00:00:00:aa (chain=1, port=0)
2018-11-12 09:49:22,800 INFO End-to-end connectivity established
2018-11-12 09:49:22,817 INFO Cleared all existing streams
2018-11-12 09:49:22,834 INFO Created 4 traffic streams for port 0.
2018-11-12 09:49:22,836 INFO Created 4 traffic streams for port 1.
2018-11-12 09:49:22,841 INFO Starting to generate traffic...
2018-11-12 09:49:22,841 INFO Running traffic generator
2018-11-12 09:49:32,862 INFO TX: 284350880; RX: 28321097; Est. Dropped: 256029783; Est. Drop rate: 90.0401%
2018-11-12 09:49:42,878 INFO TX: 568891271; RX: 56677034; Est. Dropped: 512214237; Est. Drop rate: 90.0373%
2018-11-12 09:49:52,873 INFO TX: 852265864; RX: 84893286; Est. Dropped: 767372578; Est. Drop rate: 90.0391%
2018-11-12 09:49:52,873 INFO ...traffic generating ended.
2018-11-12 09:49:52,878 INFO Service chain 'EXT' run completed.
2018-11-12 09:49:52,878 INFO Clean up skipped.
2018-11-12 09:49:52,906 INFO Saving results in json file: /tmp/nfvbench/2vsc_2_20Gbps-1.log...
2018-11-12 09:49:52,913 INFO 
========== NFVBench Summary ==========
Date: 2018-11-12 09:49:19
NFVBench version 2.0.3
Openstack Neutron:
  vSwitch: 
  Encapsulation: 
Benchmarks:
> Networks:
  > Components:
    > Traffic Generator:
        Profile: trex-local
        Tool: TRex
    > Versions:
      > Traffic_Generator:
          build_date: Nov 13 2017
          version: v2.32
          built_by: hhaim
          mode: STL
          build_time: 10:58:17
  > Service chain:
    > EXT:
      > Traffic:
          Profile: traffic_profile_64B
          Bidirectional: True
          Flow count: 1000
          Service chains count: 2
          Compute nodes: []
            
            Run Summary:
            
              +-----------------+-------------+----------------------+----------------------+----------------------+
              |   L2 Frame Size |  Drop Rate  |   Avg Latency (usec) |   Min Latency (usec) |   Max Latency (usec) |
              +=================+=============+======================+======================+======================+
              |              64 |  90.0391%   |                  238 |                   20 |                  324 |
              +-----------------+-------------+----------------------+----------------------+----------------------+
              
            
            L2 frame size: 64
            Actual l2 frame size: 68
            
            Run Config:
            
              +-------------+---------------------------+------------------------+-----------------+---------------------------+------------------------+-----------------+
              |  Direction  |  Requested TX Rate (bps)  |  Actual TX Rate (bps)  |  RX Rate (bps)  |  Requested TX Rate (pps)  |  Actual TX Rate (pps)  |  RX Rate (pps)  |
              +=============+===========================+========================+=================+===========================+========================+=================+
              |   Forward   |       10.0000 Gbps        |      9.9999 Gbps       |  976.0788 Mbps  |      14,204,545 pps       |     14,204,431 pps     |  1,386,475 pps  |
              +-------------+---------------------------+------------------------+-----------------+---------------------------+------------------------+-----------------+
              |   Reverse   |       10.0000 Gbps        |      9.9999 Gbps       |   1.0161 Gbps   |      14,204,545 pps       |     14,204,431 pps     |  1,443,300 pps  |
              +-------------+---------------------------+------------------------+-----------------+---------------------------+------------------------+-----------------+
              |    Total    |       20.0000 Gbps        |      19.9998 Gbps      |   1.9922 Gbps   |      28,409,090 pps       |     28,408,862 pps     |  2,829,775 pps  |
              +-------------+---------------------------+------------------------+-----------------+---------------------------+------------------------+-----------------+
              
            Forward Chain Packet Counters and Latency:
            
              +---------+--------------+--------------------------+------------+------------+------------+
              |  Chain  |  TRex.TX.p0  |        TRex.RX.p1        |  Avg lat.  |  Min lat.  |  Max lat.  |
              +=========+==============+==========================+============+============+============+
              |    0    | 213,066,466  | -192,267,191 (-90.2381%) |  274 usec  |  100 usec  |  324 usec  |
              +---------+--------------+--------------------------+------------+------------+------------+
              |    1    | 213,066,466  | -192,271,474 (-90.2401%) |  216 usec  |  20 usec   |  302 usec  |
              +---------+--------------+--------------------------+------------+------------+------------+
              |  total  | 426,132,932  | -384,538,665 (-90.2391%) |  245 usec  |  20 usec   |  324 usec  |
              +---------+--------------+--------------------------+------------+------------+------------+
              
            Reverse Chain Packet Counters and Latency:
            
              +---------+--------------+--------------------------+------------+------------+------------+
              |  Chain  |  TRex.TX.p1  |        TRex.RX.p0        |  Avg lat.  |  Min lat.  |  Max lat.  |
              +=========+==============+==========================+============+============+============+
              |    0    | 213,066,466  | -191,417,509 (-89.8393%) |  242 usec  |  80 usec   |  309 usec  |
              +---------+--------------+--------------------------+------------+------------+------------+
              |    1    | 213,066,466  | -191,416,404 (-89.8388%) |  223 usec  |  20 usec   |  319 usec  |
              +---------+--------------+--------------------------+------------+------------+------------+
              |  total  | 426,132,932  | -382,833,913 (-89.8391%) |  233 usec  |  20 usec   |  319 usec  |
              +---------+--------------+--------------------------+------------+------------+------------+
              

