2018-11-12 09:49:53,521 INFO Loading configuration file: /tmp/nfvbench/nfvbench_config.cfg
2018-11-12 09:49:53,553 INFO EXT chain with OpenStack mode disabled
2018-11-12 09:49:53,553 INFO -c /tmp/nfvbench/nfvbench_config.cfg --rate ndr --flow-count 1000 --duration 30 --json /tmp/nfvbench/2vsc_2_ndr-1.log
2018-11-12 09:49:53,554 INFO Connecting to TRex (127.0.0.1)...
2018-11-12 09:49:53,690 INFO Connected to TRex
2018-11-12 09:49:53,690 INFO    Port 0: Device 158b speed=25Gbps mac=3c:fd:fe:bd:f8:60 pci=0000:3b:00.0 driver=net_i40e
2018-11-12 09:49:53,690 INFO    Port 1: Device 158b speed=25Gbps mac=3c:fd:fe:bd:f8:61 pci=0000:3b:00.1 driver=net_i40e
2018-11-12 09:49:53,691 INFO Port 0: VLANs (1070, 1071)
2018-11-12 09:49:53,691 INFO Port 1: VLANs (1064, 1065)
2018-11-12 09:49:53,691 INFO ChainRunner initialized
2018-11-12 09:49:53,691 INFO Adjusting frame size 64 Bytes to minimum size 68 Bytes due to traffic generator restriction
2018-11-12 09:49:53,692 INFO Starting 2xEXT benchmark...
2018-11-12 09:49:53,797 INFO Polling ARP until successful...
2018-11-12 09:49:54,011 INFO    ARP: port=0 chain=0 src IP=172.16.10.100 dst IP=172.16.10.10 -> MAC=52:54:00:00:00:aa
2018-11-12 09:49:54,011 INFO    ARP: port=0 chain=1 src IP=172.16.10.101 dst IP=172.16.10.11 -> MAC=52:54:00:00:00:aa
2018-11-12 09:49:54,011 INFO ARP resolved successfully for port 0
2018-11-12 09:49:54,123 INFO    ARP: port=1 chain=0 src IP=172.16.20.100 dst IP=172.16.20.10 -> MAC=52:54:00:00:00:bb
2018-11-12 09:49:54,123 INFO    ARP: port=1 chain=1 src IP=172.16.20.101 dst IP=172.16.20.11 -> MAC=52:54:00:00:00:bb
2018-11-12 09:49:54,123 INFO ARP resolved successfully for port 1
2018-11-12 09:49:54,224 INFO Port 0: dst MAC ['52:54:00:00:00:aa', '52:54:00:00:00:aa']
2018-11-12 09:49:54,225 INFO Port 1: dst MAC ['52:54:00:00:00:bb', '52:54:00:00:00:bb']
2018-11-12 09:49:54,225 INFO Starting traffic generator to ensure end-to-end connectivity
2018-11-12 09:49:54,237 INFO Created 2 traffic streams for port 0.
2018-11-12 09:49:54,239 INFO Created 2 traffic streams for port 1.
2018-11-12 09:49:54,348 INFO Captured unique src mac 0/2, capturing return packets (retry 1/100)...
2018-11-12 09:49:56,469 INFO Received packet from mac: 52:54:00:00:00:bb (chain=1, port=1)
2018-11-12 09:49:56,469 INFO Received packet from mac: 52:54:00:00:00:aa (chain=1, port=0)
2018-11-12 09:49:56,469 INFO End-to-end connectivity established
2018-11-12 09:49:56,486 INFO Cleared all existing streams
2018-11-12 09:49:56,502 INFO Created 4 traffic streams for port 0.
2018-11-12 09:49:56,504 INFO Created 4 traffic streams for port 1.
2018-11-12 09:49:56,504 INFO *** Searching NDR for 68 (Bidirectional)...
2018-11-12 09:49:56,505 INFO Range search [0.0 .. 200.0] targets: {'ndr': 0.001}
2018-11-12 09:49:56,505 INFO Modified traffic stream for port 0, new rate=100.0%.
2018-11-12 09:49:56,505 INFO Modified traffic stream for port 1, new rate=100.0%.
2018-11-12 09:49:56,505 INFO Running traffic generator


2018-11-12 09:50:02 - [local][warning]   - [1mCPU util. is high: 86.2%[22m
2018-11-12 09:50:06,527 INFO TX: 412599585; RX: 28084257; Est. Dropped: 384515328; Est. Drop rate: 93.1933%
2018-11-12 09:50:16,541 INFO TX: 829237819; RX: 56179074; Est. Dropped: 773058745; Est. Drop rate: 93.2252%
2018-11-12 09:50:26,541 INFO TX: 1244843147; RX: 84199416; Est. Dropped: 1160643731; Est. Drop rate: 93.2361%
2018-11-12 09:50:28,547 INFO WARNING: There is a significant difference between requested TX rate (71022726) and actual TX rate (41494771). The traffic generator may not have sufficient CPU to achieve the requested TX rate.
2018-11-12 09:50:28,547 INFO Average drop rate: 93.236143
2018-11-12 09:50:28,547 INFO Range search [0.0 .. 100.0] targets: {'ndr': 0.001}
2018-11-12 09:50:28,548 INFO Modified traffic stream for port 0, new rate=50.0%.
2018-11-12 09:50:28,548 INFO Modified traffic stream for port 1, new rate=50.0%.
2018-11-12 09:50:28,548 INFO Running traffic generator
2018-11-12 09:50:38,579 INFO TX: 355439392; RX: 28144067; Est. Dropped: 327295325; Est. Drop rate: 92.0819%
2018-11-12 09:50:48,594 INFO TX: 711048829; RX: 56300621; Est. Dropped: 654748208; Est. Drop rate: 92.0820%
2018-11-12 09:50:58,590 INFO TX: 1065302328; RX: 84349229; Est. Dropped: 980953099; Est. Drop rate: 92.0821%
2018-11-12 09:51:00,596 INFO Average drop rate: 92.082132
2018-11-12 09:51:00,596 INFO Range search [0.0 .. 50.0] targets: {'ndr': 0.001}
2018-11-12 09:51:00,596 INFO Modified traffic stream for port 0, new rate=25.0%.
2018-11-12 09:51:00,596 INFO Modified traffic stream for port 1, new rate=25.0%.
2018-11-12 09:51:00,596 INFO Running traffic generator
2018-11-12 09:51:10,614 INFO TX: 177638403; RX: 28325980; Est. Dropped: 149312423; Est. Drop rate: 84.0541%
2018-11-12 09:51:20,628 INFO TX: 355453646; RX: 56673468; Est. Dropped: 298780178; Est. Drop rate: 84.0560%
2018-11-12 09:51:30,629 INFO TX: 532671860; RX: 84972095; Est. Dropped: 447699765; Est. Drop rate: 84.0479%
2018-11-12 09:51:32,635 INFO Average drop rate: 84.047947
2018-11-12 09:51:32,635 INFO Range search [0.0 .. 25.0] targets: {'ndr': 0.001}
2018-11-12 09:51:32,636 INFO Modified traffic stream for port 0, new rate=12.5%.
2018-11-12 09:51:32,636 INFO Modified traffic stream for port 1, new rate=12.5%.
2018-11-12 09:51:32,636 INFO Running traffic generator
2018-11-12 09:51:42,668 INFO TX: 88868435; RX: 28235689; Est. Dropped: 60632746; Est. Drop rate: 68.2275%
2018-11-12 09:51:52,686 INFO TX: 177800674; RX: 56500032; Est. Dropped: 121300642; Est. Drop rate: 68.2228%
2018-11-12 09:52:02,678 INFO TX: 266336988; RX: 84644130; Est. Dropped: 181692858; Est. Drop rate: 68.2192%
2018-11-12 09:52:04,685 INFO Average drop rate: 68.219161
2018-11-12 09:52:04,685 INFO Range search [0.0 .. 12.5] targets: {'ndr': 0.001}
2018-11-12 09:52:04,685 INFO Modified traffic stream for port 0, new rate=6.25%.
2018-11-12 09:52:04,685 INFO Modified traffic stream for port 1, new rate=6.25%.
2018-11-12 09:52:04,685 INFO Running traffic generator
2018-11-12 09:52:14,717 INFO TX: 44433831; RX: 27862202; Est. Dropped: 16571629; Est. Drop rate: 37.2951%
2018-11-12 09:52:24,731 INFO TX: 88887482; RX: 55730615; Est. Dropped: 33156867; Est. Drop rate: 37.3021%
2018-11-12 09:52:34,727 INFO TX: 133167136; RX: 83494557; Est. Dropped: 49672579; Est. Drop rate: 37.3009%
2018-11-12 09:52:36,734 INFO Average drop rate: 37.300929
2018-11-12 09:52:36,734 INFO Range search [0.0 .. 6.25] targets: {'ndr': 0.001}
2018-11-12 09:52:36,734 INFO Modified traffic stream for port 0, new rate=3.125%.
2018-11-12 09:52:36,734 INFO Modified traffic stream for port 1, new rate=3.125%.
2018-11-12 09:52:36,734 INFO Running traffic generator
2018-11-12 09:52:46,765 INFO TX: 22215398; RX: 22215106; Est. Dropped: 292; Est. Drop rate: 0.0013%
2018-11-12 09:52:56,780 INFO TX: 44442854; RX: 44442576; Est. Dropped: 278; Est. Drop rate: 0.0006%
2018-11-12 09:53:06,776 INFO TX: 66583828; RX: 66583828; Est. Dropped: 0; Est. Drop rate: 0.0000%
2018-11-12 09:53:08,782 INFO Average drop rate: 0.000000
2018-11-12 09:53:08,782 INFO Range search [3.125 .. 6.25] targets: {'ndr': 0.001}
2018-11-12 09:53:08,782 INFO Modified traffic stream for port 0, new rate=4.6875%.
2018-11-12 09:53:08,782 INFO Modified traffic stream for port 1, new rate=4.6875%.
2018-11-12 09:53:08,783 INFO Running traffic generator
2018-11-12 09:53:18,815 INFO TX: 33324992; RX: 27440745; Est. Dropped: 5884247; Est. Drop rate: 17.6572%
2018-11-12 09:53:28,821 INFO TX: 66635260; RX: 54873544; Est. Dropped: 11761716; Est. Drop rate: 17.6509%
2018-11-12 09:53:38,825 INFO TX: 99875924; RX: 82251040; Est. Dropped: 17624884; Est. Drop rate: 17.6468%
2018-11-12 09:53:40,831 INFO Average drop rate: 17.646779
2018-11-12 09:53:40,831 INFO Range search [3.125 .. 4.6875] targets: {'ndr': 0.001}
2018-11-12 09:53:40,831 INFO Modified traffic stream for port 0, new rate=3.90625%.
2018-11-12 09:53:40,831 INFO Modified traffic stream for port 1, new rate=3.90625%.
2018-11-12 09:53:40,832 INFO Running traffic generator
2018-11-12 09:53:50,859 INFO TX: 27770678; RX: 27446008; Est. Dropped: 324670; Est. Drop rate: 1.1691%
2018-11-12 09:54:00,874 INFO TX: 55554957; RX: 54905511; Est. Dropped: 649446; Est. Drop rate: 1.1690%
2018-11-12 09:54:10,870 INFO TX: 83229736; RX: 82248602; Est. Dropped: 981134; Est. Drop rate: 1.1788%
2018-11-12 09:54:12,876 INFO Average drop rate: 1.178826
2018-11-12 09:54:12,876 INFO Range search [3.125 .. 3.90625] targets: {'ndr': 0.001}
2018-11-12 09:54:12,876 INFO Modified traffic stream for port 0, new rate=3.515625%.
2018-11-12 09:54:12,876 INFO Modified traffic stream for port 1, new rate=3.515625%.
2018-11-12 09:54:12,877 INFO Running traffic generator
2018-11-12 09:54:22,907 INFO TX: 24993264; RX: 24992880; Est. Dropped: 384; Est. Drop rate: 0.0015%
2018-11-12 09:54:32,922 INFO TX: 49999116; RX: 49998857; Est. Dropped: 259; Est. Drop rate: 0.0005%
2018-11-12 09:54:42,910 INFO TX: 74906832; RX: 74906832; Est. Dropped: 0; Est. Drop rate: 0.0000%
2018-11-12 09:54:44,917 INFO Average drop rate: 0.000000
2018-11-12 09:54:44,917 INFO Range search [3.515625 .. 3.90625] targets: {'ndr': 0.001}
2018-11-12 09:54:44,917 INFO Modified traffic stream for port 0, new rate=3.7109375%.
2018-11-12 09:54:44,917 INFO Modified traffic stream for port 1, new rate=3.7109375%.
2018-11-12 09:54:44,917 INFO Running traffic generator
2018-11-12 09:54:54,948 INFO TX: 26381908; RX: 26381482; Est. Dropped: 426; Est. Drop rate: 0.0016%
2018-11-12 09:55:04,963 INFO TX: 52776948; RX: 52776432; Est. Dropped: 516; Est. Drop rate: 0.0010%
2018-11-12 09:55:14,959 INFO TX: 79068156; RX: 79067667; Est. Dropped: 489; Est. Drop rate: 0.0006%
2018-11-12 09:55:16,965 INFO Average drop rate: 0.000618
2018-11-12 09:55:16,965 INFO Range search [3.7109375 .. 3.90625] targets: {'ndr': 0.001}
2018-11-12 09:55:16,965 INFO Modified traffic stream for port 0, new rate=3.80859375%.
2018-11-12 09:55:16,966 INFO Modified traffic stream for port 1, new rate=3.80859375%.
2018-11-12 09:55:16,966 INFO Running traffic generator
2018-11-12 09:55:26,996 INFO TX: 27076898; RX: 27072925; Est. Dropped: 3973; Est. Drop rate: 0.0147%
2018-11-12 09:55:37,011 INFO TX: 54166646; RX: 54159448; Est. Dropped: 7198; Est. Drop rate: 0.0133%
2018-11-12 09:55:47,007 INFO TX: 81148936; RX: 81139806; Est. Dropped: 9130; Est. Drop rate: 0.0113%
2018-11-12 09:55:49,014 INFO Average drop rate: 0.011251
2018-11-12 09:55:49,014 INFO Range search [3.7109375 .. 3.80859375] targets: {'ndr': 0.001}
2018-11-12 09:55:49,014 INFO Found ndr (0.001) load: 3.7109375
2018-11-12 09:55:49,014 INFO NDR load: 7.421875
2018-11-12 09:55:49,014 INFO Service chain 'EXT' run completed.
2018-11-12 09:55:49,014 INFO Clean up skipped.
2018-11-12 09:55:49,046 INFO Saving results in json file: /tmp/nfvbench/2vsc_2_ndr-1.log...
2018-11-12 09:55:49,049 INFO 
========== NFVBench Summary ==========
Date: 2018-11-12 09:49:53
NFVBench version 2.0.3
Openstack Neutron:
  vSwitch: 
  Encapsulation: 
Benchmarks:
> Networks:
  > Components:
    > Traffic Generator:
        Profile: trex-local
        Tool: TRex
    > Versions:
      > Traffic_Generator:
          build_date: Nov 13 2017
          version: v2.32
          built_by: hhaim
          mode: STL
          build_time: 10:58:17
  > Measurement Parameters:
      NDR: 0.001
  > Service chain:
    > EXT:
      > Traffic:
          Profile: traffic_profile_64B
          Bidirectional: True
          Flow count: 1000
          Service chains count: 2
          Compute nodes: []
            
            Run Summary:
            
              +-----+-----------------+------------------+------------------+-----------------+----------------------+----------------------+----------------------+
              |  -  |   L2 Frame Size |  Rate (fwd+rev)  |  Rate (fwd+rev)  |  Avg Drop Rate  |   Avg Latency (usec) |   Min Latency (usec) |   Max Latency (usec) |
              +=====+=================+==================+==================+=================+======================+======================+======================+
              | NDR |              64 |   1.8555 Gbps    |  2,635,608 pps   |     0.0006%     |                  131 |                   10 |                  240 |
              +-----+-----------------+------------------+------------------+-----------------+----------------------+----------------------+----------------------+
              
            
            L2 frame size: 64
            Actual l2 frame size: 68
            NDR search duration: 353 seconds
            

