2018-11-12 09:36:51,460 INFO Loading configuration file: /tmp/nfvbench/nfvbench_config.cfg
2018-11-12 09:36:51,492 INFO EXT chain with OpenStack mode disabled
2018-11-12 09:36:51,492 INFO -c /tmp/nfvbench/nfvbench_config.cfg --rate 20Gbps --flow-count 1000 --duration 30 --json /tmp/nfvbench/2vsc_1_20Gbps-1.log
2018-11-12 09:36:51,494 INFO Connecting to TRex (127.0.0.1)...
2018-11-12 09:36:51,530 INFO Connected to TRex
2018-11-12 09:36:51,530 INFO    Port 0: Device 158b speed=25Gbps mac=3c:fd:fe:bd:f8:60 pci=0000:3b:00.0 driver=net_i40e
2018-11-12 09:36:51,530 INFO    Port 1: Device 158b speed=25Gbps mac=3c:fd:fe:bd:f8:61 pci=0000:3b:00.1 driver=net_i40e
2018-11-12 09:36:51,531 INFO Port 0: VLANs (1070, 1071)
2018-11-12 09:36:51,531 INFO Port 1: VLANs (1064, 1065)
2018-11-12 09:36:51,531 INFO ChainRunner initialized
2018-11-12 09:36:51,531 INFO Adjusting frame size 64 Bytes to minimum size 68 Bytes due to traffic generator restriction
2018-11-12 09:36:51,532 INFO Starting 2xEXT benchmark...
2018-11-12 09:36:51,636 INFO Polling ARP until successful...
2018-11-12 09:36:51,845 INFO    ARP: port=0 chain=0 src IP=172.16.10.100 dst IP=172.16.10.10 -> MAC=52:54:00:00:00:aa
2018-11-12 09:36:51,845 INFO    ARP: port=0 chain=1 src IP=172.16.10.101 dst IP=172.16.10.11 -> MAC=52:54:00:00:00:aa
2018-11-12 09:36:51,845 INFO ARP resolved successfully for port 0
2018-11-12 09:36:51,957 INFO    ARP: port=1 chain=0 src IP=172.16.20.100 dst IP=172.16.20.10 -> MAC=52:54:00:00:00:bb
2018-11-12 09:36:51,957 INFO    ARP: port=1 chain=1 src IP=172.16.20.101 dst IP=172.16.20.11 -> MAC=52:54:00:00:00:bb
2018-11-12 09:36:51,958 INFO ARP resolved successfully for port 1
2018-11-12 09:36:52,059 INFO Port 0: dst MAC ['52:54:00:00:00:aa', '52:54:00:00:00:aa']
2018-11-12 09:36:52,059 INFO Port 1: dst MAC ['52:54:00:00:00:bb', '52:54:00:00:00:bb']
2018-11-12 09:36:52,059 INFO Starting traffic generator to ensure end-to-end connectivity
2018-11-12 09:36:52,072 INFO Created 2 traffic streams for port 0.
2018-11-12 09:36:52,073 INFO Created 2 traffic streams for port 1.
2018-11-12 09:36:52,184 INFO Captured unique src mac 0/2, capturing return packets (retry 1/100)...
2018-11-12 09:36:54,306 INFO Received packet from mac: 52:54:00:00:00:bb (chain=1, port=1)
2018-11-12 09:36:54,307 INFO Received packet from mac: 52:54:00:00:00:aa (chain=1, port=0)
2018-11-12 09:36:54,307 INFO End-to-end connectivity established
2018-11-12 09:36:54,323 INFO Cleared all existing streams
2018-11-12 09:36:54,339 INFO Created 4 traffic streams for port 0.
2018-11-12 09:36:54,342 INFO Created 4 traffic streams for port 1.
2018-11-12 09:36:54,345 INFO Starting to generate traffic...
2018-11-12 09:36:54,345 INFO Running traffic generator
2018-11-12 09:37:04,366 INFO TX: 284345320; RX: 42352790; Est. Dropped: 241992530; Est. Drop rate: 85.1052%
2018-11-12 09:37:14,380 INFO TX: 568834796; RX: 84723987; Est. Dropped: 484110809; Est. Drop rate: 85.1057%
2018-11-12 09:37:24,373 INFO TX: 852265864; RX: 126845462; Est. Dropped: 725420402; Est. Drop rate: 85.1167%
2018-11-12 09:37:24,373 INFO ...traffic generating ended.
2018-11-12 09:37:24,378 INFO Service chain 'EXT' run completed.
2018-11-12 09:37:24,378 INFO Clean up skipped.
2018-11-12 09:37:24,406 INFO Saving results in json file: /tmp/nfvbench/2vsc_1_20Gbps-1.log...
2018-11-12 09:37:24,413 INFO
========== NFVBench Summary ==========
Date: 2018-11-12 09:36:51
NFVBench version 2.0.3
Openstack Neutron:
  vSwitch:
  Encapsulation:
Benchmarks:
> Networks:
  > Components:
    > Traffic Generator:
        Profile: trex-local
        Tool: TRex
    > Versions:
      > Traffic_Generator:
          build_date: Nov 13 2017
          version: v2.32
          built_by: hhaim
          mode: STL
          build_time: 10:58:17
  > Service chain:
    > EXT:
      > Traffic:
          Profile: traffic_profile_64B
          Bidirectional: True
          Flow count: 1000
          Service chains count: 2
          Compute nodes: []

            Run Summary:

              +-----------------+-------------+----------------------+----------------------+----------------------+
              |   L2 Frame Size |  Drop Rate  |   Avg Latency (usec) |   Min Latency (usec) |   Max Latency (usec) |
              +=================+=============+======================+======================+======================+
              |              64 |  85.1167%   |                  122 |                   10 |                  159 |
              +-----------------+-------------+----------------------+----------------------+----------------------+


            L2 frame size: 64
            Actual l2 frame size: 68

            Run Config:

              +-------------+---------------------------+------------------------+-----------------+---------------------------+------------------------+-----------------+
              |  Direction  |  Requested TX Rate (bps)  |  Actual TX Rate (bps)  |  RX Rate (bps)  |  Requested TX Rate (pps)  |  Actual TX Rate (pps)  |  RX Rate (pps)  |
              +=============+===========================+========================+=================+===========================+========================+=================+
              |   Forward   |       10.0000 Gbps        |      9.9999 Gbps       |   1.4883 Gbps   |      14,204,545 pps       |     14,204,431 pps     |  2,114,063 pps  |
              +-------------+---------------------------+------------------------+-----------------+---------------------------+------------------------+-----------------+
              |   Reverse   |       10.0000 Gbps        |      9.9999 Gbps       |   1.4883 Gbps   |      14,204,545 pps       |     14,204,431 pps     |  2,114,118 pps  |
              +-------------+---------------------------+------------------------+-----------------+---------------------------+------------------------+-----------------+
              |    Total    |       20.0000 Gbps        |      19.9998 Gbps      |   2.9766 Gbps   |      28,409,090 pps       |     28,408,862 pps     |  4,228,181 pps  |
              +-------------+---------------------------+------------------------+-----------------+---------------------------+------------------------+-----------------+

            Forward Chain Packet Counters and Latency:

              +---------+--------------+--------------------------+------------+------------+------------+
              |  Chain  |  TRex.TX.p0  |        TRex.RX.p1        |  Avg lat.  |  Min lat.  |  Max lat.  |
              +=========+==============+==========================+============+============+============+
              |    0    | 213,066,466  | -181,352,155 (-85.1153%) |  123 usec  |  90 usec   |  154 usec  |
              +---------+--------------+--------------------------+------------+------------+------------+
              |    1    | 213,066,466  | -181,358,878 (-85.1185%) |  124 usec  |  10 usec   |  156 usec  |
              +---------+--------------+--------------------------+------------+------------+------------+
              |  total  | 426,132,932  | -362,711,033 (-85.1169%) |  124 usec  |  10 usec   |  156 usec  |
              +---------+--------------+--------------------------+------------+------------+------------+

            Reverse Chain Packet Counters and Latency:

              +---------+--------------+--------------------------+------------+------------+------------+
              |  Chain  |  TRex.TX.p1  |        TRex.RX.p0        |  Avg lat.  |  Min lat.  |  Max lat.  |
              +=========+==============+==========================+============+============+============+
              |    0    | 213,066,466  | -181,355,336 (-85.1168%) |  122 usec  |  20 usec   |  157 usec  |
              +---------+--------------+--------------------------+------------+------------+------------+
              |    1    | 213,066,466  | -181,354,033 (-85.1162%) |  123 usec  |  20 usec   |  159 usec  |
              +---------+--------------+--------------------------+------------+------------+------------+
              |  total  | 426,132,932  | -362,709,369 (-85.1165%) |  123 usec  |  20 usec   |  159 usec  |
              +---------+--------------+--------------------------+------------+------------+------------+


