2018-11-27 09:39:43,235 INFO Loading configuration file: /tmp/nfvbench/nfvbench_config.cfg
2018-11-27 09:39:43,267 INFO EXT chain with OpenStack mode disabled
2018-11-27 09:39:43,267 INFO -c /tmp/nfvbench/nfvbench_config.cfg --rate 18500000pps --flow-count 1024 --duration 30 --json /tmp/nfvbench/csc_2c2n_18500000pps-1.json
2018-11-27 09:39:43,269 INFO Connecting to TRex (127.0.0.1)...
2018-11-27 09:39:43,298 INFO Connected to TRex
2018-11-27 09:39:43,298 INFO    Port 0: Device 158b speed=25Gbps mac=3c:fd:fe:bd:f8:60 pci=0000:3b:00.0 driver=net_i40e
2018-11-27 09:39:43,298 INFO    Port 1: Device 158b speed=25Gbps mac=3c:fd:fe:bd:f8:61 pci=0000:3b:00.1 driver=net_i40e
2018-11-27 09:39:43,299 INFO ChainRunner initialized
2018-11-27 09:39:43,300 INFO Starting 2xEXT benchmark...
2018-11-27 09:39:43,404 INFO Polling ARP until successful...
2018-11-27 09:39:43,613 INFO    ARP: port=0 chain=0 src IP=172.16.10.100 dst IP=172.16.10.10 -> MAC=52:54:00:00:00:aa
2018-11-27 09:39:43,613 INFO    ARP: port=0 chain=1 src IP=172.16.10.101 dst IP=172.16.10.11 -> MAC=52:54:01:00:00:aa
2018-11-27 09:39:43,613 INFO ARP resolved successfully for port 0
2018-11-27 09:39:43,724 INFO    ARP: port=1 chain=0 src IP=172.16.20.100 dst IP=172.16.20.10 -> MAC=52:54:00:00:00:bb
2018-11-27 09:39:43,724 INFO    ARP: port=1 chain=1 src IP=172.16.20.101 dst IP=172.16.20.11 -> MAC=52:54:01:00:00:bb
2018-11-27 09:39:43,724 INFO ARP resolved successfully for port 1
2018-11-27 09:39:43,826 INFO Port 0: dst MAC ['52:54:00:00:00:aa', '52:54:01:00:00:aa']
2018-11-27 09:39:43,826 INFO Port 1: dst MAC ['52:54:00:00:00:bb', '52:54:01:00:00:bb']
2018-11-27 09:39:43,826 INFO Starting traffic generator to ensure end-to-end connectivity
2018-11-27 09:39:43,838 INFO Created 2 traffic streams for port 0.
2018-11-27 09:39:43,840 INFO Created 2 traffic streams for port 1.
2018-11-27 09:39:43,950 INFO Captured unique src mac 0/4, capturing return packets (retry 1/100)...
2018-11-27 09:39:46,072 INFO Received packet from mac: 52:54:01:00:00:bb (chain=1, port=1)
2018-11-27 09:39:46,072 INFO Received packet from mac: 52:54:00:00:00:bb (chain=0, port=1)
2018-11-27 09:39:46,072 INFO Received packet from mac: 52:54:00:00:00:aa (chain=0, port=0)
2018-11-27 09:39:46,072 INFO Received packet from mac: 52:54:01:00:00:aa (chain=1, port=0)
2018-11-27 09:39:46,072 INFO End-to-end connectivity established
2018-11-27 09:39:46,090 INFO Cleared all existing streams
2018-11-27 09:39:46,105 INFO Created 4 traffic streams for port 0.
2018-11-27 09:39:46,108 INFO Created 4 traffic streams for port 1.
2018-11-27 09:39:46,108 INFO Starting to generate traffic...
2018-11-27 09:39:46,108 INFO Running traffic generator
2018-11-27 09:39:56,132 INFO TX: 185195141; RX: 34286944; Est. Dropped: 150908197; Est. Drop rate: 81.4860%
2018-11-27 09:40:06,146 INFO TX: 370466193; RX: 68581598; Est. Dropped: 301884595; Est. Drop rate: 81.4878%
2018-11-27 09:40:16,140 INFO TX: 554991204; RX: 102743560; Est. Dropped: 452247644; Est. Drop rate: 81.4874%
2018-11-27 09:40:16,141 INFO ...traffic generating ended.
2018-11-27 09:40:16,145 INFO Service chain 'EXT' run completed.
2018-11-27 09:40:16,145 INFO Clean up skipped.
2018-11-27 09:40:16,169 INFO Saving results in json file: /tmp/nfvbench/csc_2c2n_18500000pps-1.json...
2018-11-27 09:40:16,177 INFO 
========== NFVBench Summary ==========
Date: 2018-11-27 09:39:43
NFVBench version 2.0.5
Openstack Neutron:
  vSwitch: 
  Encapsulation: 
Benchmarks:
> Networks:
  > Components:
    > Traffic Generator:
        Profile: trex-local
        Tool: TRex
    > Versions:
      > Traffic_Generator:
          build_date: Nov 13 2017
          version: v2.32
          built_by: hhaim
          mode: STL
          build_time: 10:58:17
  > Service chain:
    > EXT:
      > Traffic:
          Profile: traffic_profile_64B
          Bidirectional: True
          Flow count: 1024
          Service chains count: 2
          Compute nodes: []
            
            Run Summary:
            
              +-----------------+-------------+----------------------+----------------------+----------------------+
              |   L2 Frame Size |  Drop Rate  |  Avg Latency (usec)  |   Min Latency (usec) |  Max Latency (usec)  |
              +=================+=============+======================+======================+======================+
              |              64 |  81.4874%   |        1,352         |                   10 |        1,911         |
              +-----------------+-------------+----------------------+----------------------+----------------------+
              
            
            L2 frame size: 64
            
            Run Config:
            
              +-------------+---------------------------+------------------------+-----------------+---------------------------+------------------------+-----------------+
              |  Direction  |  Requested TX Rate (bps)  |  Actual TX Rate (bps)  |  RX Rate (bps)  |  Requested TX Rate (pps)  |  Actual TX Rate (pps)  |  RX Rate (pps)  |
              +=============+===========================+========================+=================+===========================+========================+=================+
              |   Forward   |        6.2160 Gbps        |      6.2159 Gbps       |   1.5343 Gbps   |       9,250,000 pps       |     9,249,853 pps      |  2,283,200 pps  |
              +-------------+---------------------------+------------------------+-----------------+---------------------------+------------------------+-----------------+
              |   Reverse   |        6.2160 Gbps        |      6.2159 Gbps       |  767.1449 Mbps  |       9,250,000 pps       |     9,249,853 pps      |  1,141,584 pps  |
              +-------------+---------------------------+------------------------+-----------------+---------------------------+------------------------+-----------------+
              |    Total    |       12.4320 Gbps        |      12.4318 Gbps      |   2.3015 Gbps   |      18,500,000 pps       |     18,499,706 pps     |  3,424,784 pps  |
              +-------------+---------------------------+------------------------+-----------------+---------------------------+------------------------+-----------------+
              
            Forward Chain Packet Counters and Latency:
            
              +---------+--------------+--------------------------+------------+------------+------------+
              |  Chain  |  TRex.TX.p0  |        TRex.RX.p1        |  Avg lat.  |  Min lat.  |  Max lat.  |
              +=========+==============+==========================+============+============+============+
              |    0    | 138,747,801  | -104,499,791 (-75.3164%) | 1,647 usec |  40 usec   | 1,888 usec |
              +---------+--------------+--------------------------+------------+------------+------------+
              |    1    | 138,747,801  | -104,499,790 (-75.3164%) | 1,622 usec |  10 usec   | 1,911 usec |
              +---------+--------------+--------------------------+------------+------------+------------+
              |  total  | 277,495,602  | -208,999,581 (-75.3164%) | 1,635 usec |  10 usec   | 1,911 usec |
              +---------+--------------+--------------------------+------------+------------+------------+
              
            Reverse Chain Packet Counters and Latency:
            
              +---------+--------------+--------------------------+------------+------------+------------+
              |  Chain  |  TRex.TX.p1  |        TRex.RX.p0        |  Avg lat.  |  Min lat.  |  Max lat.  |
              +=========+==============+==========================+============+============+============+
              |    0    | 138,747,801  | -121,624,081 (-87.6584%) | 1,209 usec |  500 usec  | 1,475 usec |
              +---------+--------------+--------------------------+------------+------------+------------+
              |    1    | 138,747,801  | -121,623,982 (-87.6583%) | 1,216 usec |  500 usec  | 1,393 usec |
              +---------+--------------+--------------------------+------------+------------+------------+
              |  total  | 277,495,602  | -243,248,063 (-87.6583%) | 1,213 usec |  500 usec  | 1,475 usec |
              +---------+--------------+--------------------------+------------+------------+------------+
              

