2018-11-21 09:36:21,786 INFO Loading configuration file: /tmp/nfvbench/nfvbench_config.cfg
2018-11-21 09:36:21,818 INFO EXT chain with OpenStack mode disabled
2018-11-21 09:36:21,818 INFO -c /tmp/nfvbench/nfvbench_config.cfg --rate 18500000pps --flow-count 1024 --duration 30 --json /tmp/nfvbench/csc_1c2n_18500000pps-1.json
2018-11-21 09:36:21,819 INFO Connecting to TRex (127.0.0.1)...
2018-11-21 09:36:21,850 INFO Connected to TRex
2018-11-21 09:36:21,851 INFO    Port 0: Device 158b speed=25Gbps mac=3c:fd:fe:bd:f8:60 pci=0000:3b:00.0 driver=net_i40e
2018-11-21 09:36:21,851 INFO    Port 1: Device 158b speed=25Gbps mac=3c:fd:fe:bd:f8:61 pci=0000:3b:00.1 driver=net_i40e
2018-11-21 09:36:21,851 INFO ChainRunner initialized
2018-11-21 09:36:21,852 INFO Starting 1xEXT benchmark...
2018-11-21 09:36:21,957 INFO Polling ARP until successful...
2018-11-21 09:36:22,083 INFO    ARP: port=0 chain=0 src IP=172.16.10.100 dst IP=172.16.10.10 -> MAC=52:54:00:00:00:aa
2018-11-21 09:36:22,083 INFO ARP resolved successfully for port 0
2018-11-21 09:36:22,208 INFO    ARP: port=1 chain=0 src IP=172.16.20.100 dst IP=172.16.20.10 -> MAC=52:54:00:00:00:bb
2018-11-21 09:36:22,208 INFO ARP resolved successfully for port 1
2018-11-21 09:36:22,310 INFO Port 0: dst MAC ['52:54:00:00:00:aa']
2018-11-21 09:36:22,310 INFO Port 1: dst MAC ['52:54:00:00:00:bb']
2018-11-21 09:36:22,310 INFO Starting traffic generator to ensure end-to-end connectivity
2018-11-21 09:36:22,317 INFO Created 1 traffic streams for port 0.
2018-11-21 09:36:22,318 INFO Created 1 traffic streams for port 1.
2018-11-21 09:36:22,428 INFO Captured unique src mac 0/2, capturing return packets (retry 1/100)...
2018-11-21 09:36:24,549 INFO Received packet from mac: 52:54:00:00:00:aa (chain=0, port=0)
2018-11-21 09:36:24,549 INFO Received packet from mac: 52:54:00:00:00:bb (chain=0, port=1)
2018-11-21 09:36:24,549 INFO End-to-end connectivity established
2018-11-21 09:36:24,566 INFO Cleared all existing streams
2018-11-21 09:36:24,575 INFO Created 2 traffic streams for port 0.
2018-11-21 09:36:24,576 INFO Created 2 traffic streams for port 1.
2018-11-21 09:36:24,576 INFO Starting to generate traffic...
2018-11-21 09:36:24,576 INFO Running traffic generator
2018-11-21 09:36:34,597 INFO TX: 185190899; RX: 38215260; Est. Dropped: 146975639; Est. Drop rate: 79.3644%
2018-11-21 09:36:44,610 INFO TX: 370424927; RX: 76432988; Est. Dropped: 293991939; Est. Drop rate: 79.3661%
2018-11-21 09:36:54,607 INFO TX: 554999878; RX: 114459362; Est. Dropped: 440540516; Est. Drop rate: 79.3767%
2018-11-21 09:36:54,607 INFO ...traffic generating ended.
2018-11-21 09:36:54,611 INFO Service chain 'EXT' run completed.
2018-11-21 09:36:54,611 INFO Clean up skipped.
2018-11-21 09:36:54,634 INFO Saving results in json file: /tmp/nfvbench/csc_1c2n_18500000pps-1.json...
2018-11-21 09:36:54,640 INFO 
========== NFVBench Summary ==========
Date: 2018-11-21 09:36:21
NFVBench version 2.0.5
Openstack Neutron:
  vSwitch: 
  Encapsulation: 
Benchmarks:
> Networks:
  > Components:
    > Traffic Generator:
        Profile: trex-local
        Tool: TRex
    > Versions:
      > Traffic_Generator:
          build_date: Nov 13 2017
          version: v2.32
          built_by: hhaim
          mode: STL
          build_time: 10:58:17
  > Service chain:
    > EXT:
      > Traffic:
          Profile: traffic_profile_64B
          Bidirectional: True
          Flow count: 1024
          Service chains count: 1
          Compute nodes: []
            
            Run Summary:
            
              +-----------------+-------------+----------------------+----------------------+----------------------+
              |   L2 Frame Size |  Drop Rate  |  Avg Latency (usec)  |   Min Latency (usec) |  Max Latency (usec)  |
              +=================+=============+======================+======================+======================+
              |              64 |  79.3767%   |        1,241         |                   10 |        1,639         |
              +-----------------+-------------+----------------------+----------------------+----------------------+
              
            
            L2 frame size: 64
            
            Run Config:
            
              +-------------+---------------------------+------------------------+-----------------+---------------------------+------------------------+-----------------+
              |  Direction  |  Requested TX Rate (bps)  |  Actual TX Rate (bps)  |  RX Rate (bps)  |  Requested TX Rate (pps)  |  Actual TX Rate (pps)  |  RX Rate (pps)  |
              +=============+===========================+========================+=================+===========================+========================+=================+
              |   Forward   |        6.2160 Gbps        |      6.2160 Gbps       |   1.2820 Gbps   |       9,250,000 pps       |     9,249,997 pps      |  1,907,688 pps  |
              +-------------+---------------------------+------------------------+-----------------+---------------------------+------------------------+-----------------+
              |   Reverse   |        6.2160 Gbps        |      6.2160 Gbps       |   1.2819 Gbps   |       9,250,000 pps       |     9,249,997 pps      |  1,907,624 pps  |
              +-------------+---------------------------+------------------------+-----------------+---------------------------+------------------------+-----------------+
              |    Total    |       12.4320 Gbps        |      12.4320 Gbps      |   2.5639 Gbps   |      18,500,000 pps       |     18,499,994 pps     |  3,815,312 pps  |
              +-------------+---------------------------+------------------------+-----------------+---------------------------+------------------------+-----------------+
              
            Forward Chain Packet Counters and Latency:
            
              +---------+--------------+--------------------------+------------+------------+------------+
              |   Chain |  TRex.TX.p0  |        TRex.RX.p1        |  Avg lat.  |  Min lat.  |  Max lat.  |
              +=========+==============+==========================+============+============+============+
              |       0 | 277,499,939  | -220,269,298 (-79.3763%) | 1,406 usec |  10 usec   | 1,639 usec |
              +---------+--------------+--------------------------+------------+------------+------------+
              
            Reverse Chain Packet Counters and Latency:
            
              +---------+--------------+--------------------------+------------+------------+------------+
              |   Chain |  TRex.TX.p1  |        TRex.RX.p0        |  Avg lat.  |  Min lat.  |  Max lat.  |
              +=========+==============+==========================+============+============+============+
              |       0 | 277,499,939  | -220,271,218 (-79.3770%) | 1,079 usec |  500 usec  | 1,145 usec |
              +---------+--------------+--------------------------+------------+------------+------------+
              

