2018-11-27 09:29:11,806 INFO Loading configuration file: /tmp/nfvbench/nfvbench_config.cfg
2018-11-27 09:29:11,838 INFO EXT chain with OpenStack mode disabled
2018-11-27 09:29:11,838 INFO -c /tmp/nfvbench/nfvbench_config.cfg --rate 18500000pps --flow-count 1024 --duration 30 --json /tmp/nfvbench/csc_2c1n_18500000pps-1.json
2018-11-27 09:29:11,839 INFO Connecting to TRex (127.0.0.1)...
2018-11-27 09:29:11,977 INFO Connected to TRex
2018-11-27 09:29:11,977 INFO    Port 0: Device 158b speed=25Gbps mac=3c:fd:fe:bd:f8:60 pci=0000:3b:00.0 driver=net_i40e
2018-11-27 09:29:11,977 INFO    Port 1: Device 158b speed=25Gbps mac=3c:fd:fe:bd:f8:61 pci=0000:3b:00.1 driver=net_i40e
2018-11-27 09:29:11,978 INFO ChainRunner initialized
2018-11-27 09:29:11,979 INFO Starting 2xEXT benchmark...
2018-11-27 09:29:12,084 INFO Polling ARP until successful...
2018-11-27 09:29:12,213 INFO    ARP: port=0 chain=0 src IP=172.16.10.100 dst IP=172.16.10.10 -> MAC=52:54:00:00:00:aa
2018-11-27 09:29:12,213 INFO    ARP: port=0 chain=1 src IP=172.16.10.101 dst IP=172.16.10.11 -> MAC=52:54:01:00:00:aa
2018-11-27 09:29:12,213 INFO ARP resolved successfully for port 0
2018-11-27 09:29:12,342 INFO    ARP: port=1 chain=0 src IP=172.16.20.100 dst IP=172.16.20.10 -> MAC=52:54:00:00:00:bb
2018-11-27 09:29:12,342 INFO    ARP: port=1 chain=1 src IP=172.16.20.101 dst IP=172.16.20.11 -> MAC=52:54:01:00:00:bb
2018-11-27 09:29:12,342 INFO ARP resolved successfully for port 1
2018-11-27 09:29:12,443 INFO Port 0: dst MAC ['52:54:00:00:00:aa', '52:54:01:00:00:aa']
2018-11-27 09:29:12,444 INFO Port 1: dst MAC ['52:54:00:00:00:bb', '52:54:01:00:00:bb']
2018-11-27 09:29:12,444 INFO Starting traffic generator to ensure end-to-end connectivity
2018-11-27 09:29:12,456 INFO Created 2 traffic streams for port 0.
2018-11-27 09:29:12,458 INFO Created 2 traffic streams for port 1.
2018-11-27 09:29:12,567 INFO Captured unique src mac 0/4, capturing return packets (retry 1/100)...
2018-11-27 09:29:14,689 INFO Received packet from mac: 52:54:01:00:00:bb (chain=1, port=1)
2018-11-27 09:29:14,689 INFO Received packet from mac: 52:54:00:00:00:bb (chain=0, port=1)
2018-11-27 09:29:14,689 INFO Received packet from mac: 52:54:00:00:00:aa (chain=0, port=0)
2018-11-27 09:29:14,689 INFO Received packet from mac: 52:54:01:00:00:aa (chain=1, port=0)
2018-11-27 09:29:14,689 INFO End-to-end connectivity established
2018-11-27 09:29:14,707 INFO Cleared all existing streams
2018-11-27 09:29:14,723 INFO Created 4 traffic streams for port 0.
2018-11-27 09:29:14,726 INFO Created 4 traffic streams for port 1.
2018-11-27 09:29:14,726 INFO Starting to generate traffic...
2018-11-27 09:29:14,726 INFO Running traffic generator
2018-11-27 09:29:24,748 INFO TX: 185181708; RX: 57664488; Est. Dropped: 127517220; Est. Drop rate: 68.8606%
2018-11-27 09:29:34,763 INFO TX: 370452175; RX: 115337007; Est. Dropped: 255115168; Est. Drop rate: 68.8659%
2018-11-27 09:29:44,758 INFO TX: 554991204; RX: 172803410; Est. Dropped: 382187794; Est. Drop rate: 68.8638%
2018-11-27 09:29:44,758 INFO ...traffic generating ended.
2018-11-27 09:29:44,764 INFO Service chain 'EXT' run completed.
2018-11-27 09:29:44,764 INFO Clean up skipped.
2018-11-27 09:29:44,787 INFO Saving results in json file: /tmp/nfvbench/csc_2c1n_18500000pps-1.json...
2018-11-27 09:29:44,795 INFO 
========== NFVBench Summary ==========
Date: 2018-11-27 09:29:11
NFVBench version 2.0.5
Openstack Neutron:
  vSwitch: 
  Encapsulation: 
Benchmarks:
> Networks:
  > Components:
    > Traffic Generator:
        Profile: trex-local
        Tool: TRex
    > Versions:
      > Traffic_Generator:
          build_date: Nov 13 2017
          version: v2.32
          built_by: hhaim
          mode: STL
          build_time: 10:58:17
  > Service chain:
    > EXT:
      > Traffic:
          Profile: traffic_profile_64B
          Bidirectional: True
          Flow count: 1024
          Service chains count: 2
          Compute nodes: []
            
            Run Summary:
            
              +-----------------+-------------+----------------------+----------------------+----------------------+
              |   L2 Frame Size |  Drop Rate  |   Avg Latency (usec) |   Min Latency (usec) |   Max Latency (usec) |
              +=================+=============+======================+======================+======================+
              |              64 |  68.8638%   |                  514 |                   10 |                  631 |
              +-----------------+-------------+----------------------+----------------------+----------------------+
              
            
            L2 frame size: 64
            
            Run Config:
            
              +-------------+---------------------------+------------------------+-----------------+---------------------------+------------------------+-----------------+
              |  Direction  |  Requested TX Rate (bps)  |  Actual TX Rate (bps)  |  RX Rate (bps)  |  Requested TX Rate (pps)  |  Actual TX Rate (pps)  |  RX Rate (pps)  |
              +=============+===========================+========================+=================+===========================+========================+=================+
              |   Forward   |        6.2160 Gbps        |      6.2159 Gbps       |   1.9354 Gbps   |       9,250,000 pps       |     9,249,853 pps      |  2,880,090 pps  |
              +-------------+---------------------------+------------------------+-----------------+---------------------------+------------------------+-----------------+
              |   Reverse   |        6.2160 Gbps        |      6.2159 Gbps       |   1.9354 Gbps   |       9,250,000 pps       |     9,249,853 pps      |  2,880,022 pps  |
              +-------------+---------------------------+------------------------+-----------------+---------------------------+------------------------+-----------------+
              |    Total    |       12.4320 Gbps        |      12.4318 Gbps      |   3.8708 Gbps   |      18,500,000 pps       |     18,499,706 pps     |  5,760,112 pps  |
              +-------------+---------------------------+------------------------+-----------------+---------------------------+------------------------+-----------------+
              
            Forward Chain Packet Counters and Latency:
            
              +---------+--------------+--------------------------+------------+------------+------------+
              |  Chain  |  TRex.TX.p0  |        TRex.RX.p1        |  Avg lat.  |  Min lat.  |  Max lat.  |
              +=========+==============+==========================+============+============+============+
              |    0    | 138,747,801  | -95,546,334 (-68.8633%)  |  523 usec  |  30 usec   |  620 usec  |
              +---------+--------------+--------------------------+------------+------------+------------+
              |    1    | 138,747,801  | -95,546,541 (-68.8635%)  |  529 usec  |  10 usec   |  631 usec  |
              +---------+--------------+--------------------------+------------+------------+------------+
              |  total  | 277,495,602  | -191,092,875 (-68.8634%) |  526 usec  |  10 usec   |  631 usec  |
              +---------+--------------+--------------------------+------------+------------+------------+
              
            Reverse Chain Packet Counters and Latency:
            
              +---------+--------------+--------------------------+------------+------------+------------+
              |  Chain  |  TRex.TX.p1  |        TRex.RX.p0        |  Avg lat.  |  Min lat.  |  Max lat.  |
              +=========+==============+==========================+============+============+============+
              |    0    | 138,747,801  | -95,547,481 (-68.8641%)  |  500 usec  |  70 usec   |  603 usec  |
              +---------+--------------+--------------------------+------------+------------+------------+
              |    1    | 138,747,801  | -95,547,438 (-68.8641%)  |  506 usec  |  100 usec  |  564 usec  |
              +---------+--------------+--------------------------+------------+------------+------------+
              |  total  | 277,495,602  | -191,094,919 (-68.8641%) |  503 usec  |  70 usec   |  603 usec  |
              +---------+--------------+--------------------------+------------+------------+------------+
              

