2018-11-21 09:46:47,319 INFO Loading configuration file: /tmp/nfvbench/nfvbench_config.cfg
2018-11-21 09:46:47,350 INFO EXT chain with OpenStack mode disabled
2018-11-21 09:46:47,350 INFO -c /tmp/nfvbench/nfvbench_config.cfg --rate ndr --flow-count 1024 --duration 30 --json /tmp/nfvbench/csc_1c4n_ndr-1.json
2018-11-21 09:46:47,352 INFO Connecting to TRex (127.0.0.1)...
2018-11-21 09:46:47,487 INFO Connected to TRex
2018-11-21 09:46:47,487 INFO    Port 0: Device 158b speed=25Gbps mac=3c:fd:fe:bd:f8:60 pci=0000:3b:00.0 driver=net_i40e
2018-11-21 09:46:47,487 INFO    Port 1: Device 158b speed=25Gbps mac=3c:fd:fe:bd:f8:61 pci=0000:3b:00.1 driver=net_i40e
2018-11-21 09:46:47,488 INFO ChainRunner initialized
2018-11-21 09:46:47,489 INFO Starting 1xEXT benchmark...
2018-11-21 09:46:47,594 INFO Polling ARP until successful...
2018-11-21 09:46:47,705 INFO    ARP: port=0 chain=0 src IP=172.16.10.100 dst IP=172.16.10.10 -> MAC=52:54:00:00:00:aa
2018-11-21 09:46:47,705 INFO ARP resolved successfully for port 0
2018-11-21 09:46:47,816 INFO    ARP: port=1 chain=0 src IP=172.16.20.100 dst IP=172.16.20.10 -> MAC=52:54:00:00:00:bb
2018-11-21 09:46:47,816 INFO ARP resolved successfully for port 1
2018-11-21 09:46:47,918 INFO Port 0: dst MAC ['52:54:00:00:00:aa']
2018-11-21 09:46:47,918 INFO Port 1: dst MAC ['52:54:00:00:00:bb']
2018-11-21 09:46:47,918 INFO Starting traffic generator to ensure end-to-end connectivity
2018-11-21 09:46:47,925 INFO Created 1 traffic streams for port 0.
2018-11-21 09:46:47,926 INFO Created 1 traffic streams for port 1.
2018-11-21 09:46:48,036 INFO Captured unique src mac 0/2, capturing return packets (retry 1/100)...
2018-11-21 09:46:50,157 INFO Received packet from mac: 52:54:00:00:00:bb (chain=0, port=1)
2018-11-21 09:46:50,157 INFO Received packet from mac: 52:54:00:00:00:aa (chain=0, port=0)
2018-11-21 09:46:50,157 INFO End-to-end connectivity established
2018-11-21 09:46:50,173 INFO Cleared all existing streams
2018-11-21 09:46:50,182 INFO Created 2 traffic streams for port 0.
2018-11-21 09:46:50,184 INFO Created 2 traffic streams for port 1.
2018-11-21 09:46:50,184 INFO *** Searching NDR for 64 (Bidirectional)...
2018-11-21 09:46:50,184 INFO Range search [0.0 .. 200.0] targets: {'ndr': 0.001}
2018-11-21 09:46:50,184 INFO Modified traffic stream for port 0, new rate=100.0%.
2018-11-21 09:46:50,184 INFO Modified traffic stream for port 1, new rate=100.0%.
2018-11-21 09:46:50,184 INFO Running traffic generator


2018-11-21 09:46:57 - [local][warning]   - [1mCPU util. is high: 88.3%[22m
2018-11-21 09:47:00,206 INFO TX: 412468981; RX: 22733598; Est. Dropped: 389735383; Est. Drop rate: 94.4884%
2018-11-21 09:47:10,219 INFO TX: 825507900; RX: 45456158; Est. Dropped: 780051742; Est. Drop rate: 94.4936%
2018-11-21 09:47:20,218 INFO TX: 1237309045; RX: 68095636; Est. Dropped: 1169213409; Est. Drop rate: 94.4965%
2018-11-21 09:47:22,224 INFO WARNING: There is a significant difference between requested TX rate (74404760) and actual TX rate (41243634). The traffic generator may not have sufficient CPU to achieve the requested TX rate.
2018-11-21 09:47:22,224 INFO Average drop rate: 94.496473
2018-11-21 09:47:22,224 INFO Range search [0.0 .. 100.0] targets: {'ndr': 0.001}
2018-11-21 09:47:22,224 INFO Modified traffic stream for port 0, new rate=50.0%.
2018-11-21 09:47:22,224 INFO Modified traffic stream for port 1, new rate=50.0%.
2018-11-21 09:47:22,224 INFO Running traffic generator
2018-11-21 09:47:32,249 INFO TX: 372389405; RX: 21822354; Est. Dropped: 350567051; Est. Drop rate: 94.1399%
2018-11-21 09:47:42,263 INFO TX: 744923344; RX: 43650900; Est. Dropped: 701272444; Est. Drop rate: 94.1402%
2018-11-21 09:47:52,259 INFO TX: 1116071324; RX: 65403936; Est. Dropped: 1050667388; Est. Drop rate: 94.1398%
2018-11-21 09:47:54,265 INFO Average drop rate: 94.139807
2018-11-21 09:47:54,265 INFO Range search [0.0 .. 50.0] targets: {'ndr': 0.001}
2018-11-21 09:47:54,265 INFO Modified traffic stream for port 0, new rate=25.0%.
2018-11-21 09:47:54,265 INFO Modified traffic stream for port 1, new rate=25.0%.
2018-11-21 09:47:54,265 INFO Running traffic generator
2018-11-21 09:48:04,289 INFO TX: 186186737; RX: 22165878; Est. Dropped: 164020859; Est. Drop rate: 88.0948%
2018-11-21 09:48:14,302 INFO TX: 372449911; RX: 44630898; Est. Dropped: 327819013; Est. Drop rate: 88.0169%
2018-11-21 09:48:24,302 INFO TX: 558035660; RX: 67177264; Est. Dropped: 490858396; Est. Drop rate: 87.9618%
2018-11-21 09:48:26,307 INFO Average drop rate: 87.961833
2018-11-21 09:48:26,307 INFO Range search [0.0 .. 25.0] targets: {'ndr': 0.001}
2018-11-21 09:48:26,307 INFO Modified traffic stream for port 0, new rate=12.5%.
2018-11-21 09:48:26,307 INFO Modified traffic stream for port 1, new rate=12.5%.
2018-11-21 09:48:26,307 INFO Running traffic generator
2018-11-21 09:48:36,331 INFO TX: 93095377; RX: 22608612; Est. Dropped: 70486765; Est. Drop rate: 75.7146%
2018-11-21 09:48:46,346 INFO TX: 186226737; RX: 45231039; Est. Dropped: 140995698; Est. Drop rate: 75.7118%
2018-11-21 09:48:56,340 INFO TX: 279017832; RX: 67252278; Est. Dropped: 211765554; Est. Drop rate: 75.8968%
2018-11-21 09:48:58,346 INFO Average drop rate: 75.896781
2018-11-21 09:48:58,346 INFO Range search [0.0 .. 12.5] targets: {'ndr': 0.001}
2018-11-21 09:48:58,346 INFO Modified traffic stream for port 0, new rate=6.25%.
2018-11-21 09:48:58,346 INFO Modified traffic stream for port 1, new rate=6.25%.
2018-11-21 09:48:58,346 INFO Running traffic generator
2018-11-21 09:49:08,370 INFO TX: 46548621; RX: 22179648; Est. Dropped: 24368973; Est. Drop rate: 52.3517%
2018-11-21 09:49:18,383 INFO TX: 93114587; RX: 44367424; Est. Dropped: 48747163; Est. Drop rate: 52.3518%
2018-11-21 09:49:28,380 INFO TX: 139508928; RX: 66501634; Est. Dropped: 73007294; Est. Drop rate: 52.3316%
2018-11-21 09:49:30,386 INFO Average drop rate: 52.331629
2018-11-21 09:49:30,386 INFO Range search [0.0 .. 6.25] targets: {'ndr': 0.001}
2018-11-21 09:49:30,386 INFO Modified traffic stream for port 0, new rate=3.125%.
2018-11-21 09:49:30,386 INFO Modified traffic stream for port 1, new rate=3.125%.
2018-11-21 09:49:30,386 INFO Running traffic generator
2018-11-21 09:49:40,410 INFO TX: 23274243; RX: 22157282; Est. Dropped: 1116961; Est. Drop rate: 4.7991%
2018-11-21 09:49:50,424 INFO TX: 46557239; RX: 44326882; Est. Dropped: 2230357; Est. Drop rate: 4.7906%
2018-11-21 09:50:00,421 INFO TX: 69754464; RX: 66507287; Est. Dropped: 3247177; Est. Drop rate: 4.6552%
2018-11-21 09:50:02,426 INFO Average drop rate: 4.655153
2018-11-21 09:50:02,426 INFO Range search [0.0 .. 3.125] targets: {'ndr': 0.001}
2018-11-21 09:50:02,426 INFO Modified traffic stream for port 0, new rate=1.5625%.
2018-11-21 09:50:02,426 INFO Modified traffic stream for port 1, new rate=1.5625%.
2018-11-21 09:50:02,426 INFO Running traffic generator
2018-11-21 09:50:12,450 INFO TX: 11637093; RX: 11636731; Est. Dropped: 362; Est. Drop rate: 0.0031%
2018-11-21 09:50:22,464 INFO TX: 23278697; RX: 23278351; Est. Dropped: 346; Est. Drop rate: 0.0015%
2018-11-21 09:50:32,461 INFO TX: 34877234; RX: 34877234; Est. Dropped: 0; Est. Drop rate: 0.0000%
2018-11-21 09:50:34,467 INFO Average drop rate: 0.000000
2018-11-21 09:50:34,467 INFO Range search [1.5625 .. 3.125] targets: {'ndr': 0.001}
2018-11-21 09:50:34,467 INFO Modified traffic stream for port 0, new rate=2.34375%.
2018-11-21 09:50:34,467 INFO Modified traffic stream for port 1, new rate=2.34375%.
2018-11-21 09:50:34,467 INFO Running traffic generator
2018-11-21 09:50:44,491 INFO TX: 17456083; RX: 17455914; Est. Dropped: 169; Est. Drop rate: 0.0010%
2018-11-21 09:50:54,502 INFO TX: 34913482; RX: 34913066; Est. Dropped: 416; Est. Drop rate: 0.0012%
2018-11-21 09:51:04,502 INFO TX: 52315850; RX: 52315850; Est. Dropped: 0; Est. Drop rate: 0.0000%
2018-11-21 09:51:06,507 INFO Average drop rate: 0.000000
2018-11-21 09:51:06,507 INFO Range search [2.34375 .. 3.125] targets: {'ndr': 0.001}
2018-11-21 09:51:06,507 INFO Modified traffic stream for port 0, new rate=2.734375%.
2018-11-21 09:51:06,508 INFO Modified traffic stream for port 1, new rate=2.734375%.
2018-11-21 09:51:06,508 INFO Running traffic generator
2018-11-21 09:51:16,532 INFO TX: 20365173; RX: 20364399; Est. Dropped: 774; Est. Drop rate: 0.0038%
2018-11-21 09:51:26,546 INFO TX: 40737827; RX: 40737195; Est. Dropped: 632; Est. Drop rate: 0.0016%
2018-11-21 09:51:36,542 INFO TX: 61035156; RX: 61035156; Est. Dropped: 0; Est. Drop rate: 0.0000%
2018-11-21 09:51:38,548 INFO Average drop rate: 0.000000
2018-11-21 09:51:38,548 INFO Range search [2.734375 .. 3.125] targets: {'ndr': 0.001}
2018-11-21 09:51:38,548 INFO Modified traffic stream for port 0, new rate=2.9296875%.
2018-11-21 09:51:38,548 INFO Modified traffic stream for port 1, new rate=2.9296875%.
2018-11-21 09:51:38,548 INFO Running traffic generator
2018-11-21 09:51:48,571 INFO TX: 21820217; RX: 21819352; Est. Dropped: 865; Est. Drop rate: 0.0040%
2018-11-21 09:51:58,585 INFO TX: 43648556; RX: 43647498; Est. Dropped: 1058; Est. Drop rate: 0.0024%
2018-11-21 09:52:08,580 INFO TX: 65394808; RX: 65394808; Est. Dropped: 0; Est. Drop rate: 0.0000%
2018-11-21 09:52:10,586 INFO Average drop rate: 0.000000
2018-11-21 09:52:10,586 INFO Range search [2.9296875 .. 3.125] targets: {'ndr': 0.001}
2018-11-21 09:52:10,586 INFO Modified traffic stream for port 0, new rate=3.02734375%.
2018-11-21 09:52:10,586 INFO Modified traffic stream for port 1, new rate=3.02734375%.
2018-11-21 09:52:10,586 INFO Running traffic generator
2018-11-21 09:52:20,611 INFO TX: 22547520; RX: 22450283; Est. Dropped: 97237; Est. Drop rate: 0.4313%
2018-11-21 09:52:30,624 INFO TX: 45103263; RX: 44946539; Est. Dropped: 156724; Est. Drop rate: 0.3475%
2018-11-21 09:52:40,621 INFO TX: 67574638; RX: 67366045; Est. Dropped: 208593; Est. Drop rate: 0.3087%
2018-11-21 09:52:42,627 INFO Average drop rate: 0.308685
2018-11-21 09:52:42,627 INFO Range search [2.9296875 .. 3.02734375] targets: {'ndr': 0.001}
2018-11-21 09:52:42,627 INFO Found ndr (0.001) load: 2.9296875
2018-11-21 09:52:42,627 INFO NDR load: 5.859375
2018-11-21 09:52:42,627 INFO Service chain 'EXT' run completed.
2018-11-21 09:52:42,627 INFO Clean up skipped.
2018-11-21 09:52:42,654 INFO Saving results in json file: /tmp/nfvbench/csc_1c4n_ndr-1.json...
2018-11-21 09:52:42,657 INFO 
========== NFVBench Summary ==========
Date: 2018-11-21 09:46:47
NFVBench version 2.0.5
Openstack Neutron:
  vSwitch: 
  Encapsulation: 
Benchmarks:
> Networks:
  > Components:
    > Traffic Generator:
        Profile: trex-local
        Tool: TRex
    > Versions:
      > Traffic_Generator:
          build_date: Nov 13 2017
          version: v2.32
          built_by: hhaim
          mode: STL
          build_time: 10:58:17
  > Measurement Parameters:
      NDR: 0.001
  > Service chain:
    > EXT:
      > Traffic:
          Profile: traffic_profile_64B
          Bidirectional: True
          Flow count: 1024
          Service chains count: 1
          Compute nodes: []
            
            Run Summary:
            
              +-----+-----------------+------------------+------------------+-----------------+----------------------+----------------------+----------------------+
              |  -  |   L2 Frame Size |  Rate (fwd+rev)  |  Rate (fwd+rev)  |  Avg Drop Rate  |   Avg Latency (usec) |   Min Latency (usec) |   Max Latency (usec) |
              +=====+=================+==================+==================+=================+======================+======================+======================+
              | NDR |              64 |   1.4648 Gbps    |  2,179,826 pps   |     0.0000%     |                  406 |                   20 |                  612 |
              +-----+-----------------+------------------+------------------+-----------------+----------------------+----------------------+----------------------+
              
            
            L2 frame size: 64
            NDR search duration: 352 seconds
            

