2018-11-27 10:05:14,064 INFO Loading configuration file: /tmp/nfvbench/nfvbench_config.cfg
2018-11-27 10:05:14,096 INFO EXT chain with OpenStack mode disabled
2018-11-27 10:05:14,096 INFO -c /tmp/nfvbench/nfvbench_config.cfg --rate 18500000pps --flow-count 1024 --duration 30 --json /tmp/nfvbench/csc_2c6n_18500000pps-1.json
2018-11-27 10:05:14,098 INFO Connecting to TRex (127.0.0.1)...
2018-11-27 10:05:14,234 INFO Connected to TRex
2018-11-27 10:05:14,234 INFO    Port 0: Device 158b speed=25Gbps mac=3c:fd:fe:bd:f8:60 pci=0000:3b:00.0 driver=net_i40e
2018-11-27 10:05:14,234 INFO    Port 1: Device 158b speed=25Gbps mac=3c:fd:fe:bd:f8:61 pci=0000:3b:00.1 driver=net_i40e
2018-11-27 10:05:14,235 INFO ChainRunner initialized
2018-11-27 10:05:14,236 INFO Starting 2xEXT benchmark...
2018-11-27 10:05:14,341 INFO Polling ARP until successful...
2018-11-27 10:05:14,452 INFO    ARP: port=0 chain=0 src IP=172.16.10.100 dst IP=172.16.10.10 -> MAC=52:54:00:00:00:aa
2018-11-27 10:05:14,453 INFO    ARP: port=0 chain=1 src IP=172.16.10.101 dst IP=172.16.10.11 -> MAC=52:54:01:00:00:aa
2018-11-27 10:05:14,453 INFO ARP resolved successfully for port 0
2018-11-27 10:05:14,661 INFO    ARP: port=1 chain=0 src IP=172.16.20.100 dst IP=172.16.20.10 -> MAC=52:54:00:00:00:bb
2018-11-27 10:05:14,661 INFO    ARP: port=1 chain=1 src IP=172.16.20.101 dst IP=172.16.20.11 -> MAC=52:54:01:00:00:bb
2018-11-27 10:05:14,661 INFO ARP resolved successfully for port 1
2018-11-27 10:05:14,763 INFO Port 0: dst MAC ['52:54:00:00:00:aa', '52:54:01:00:00:aa']
2018-11-27 10:05:14,763 INFO Port 1: dst MAC ['52:54:00:00:00:bb', '52:54:01:00:00:bb']
2018-11-27 10:05:14,763 INFO Starting traffic generator to ensure end-to-end connectivity
2018-11-27 10:05:14,776 INFO Created 2 traffic streams for port 0.
2018-11-27 10:05:14,778 INFO Created 2 traffic streams for port 1.
2018-11-27 10:05:14,887 INFO Captured unique src mac 0/4, capturing return packets (retry 1/100)...
2018-11-27 10:05:17,008 INFO Received packet from mac: 52:54:01:00:00:bb (chain=1, port=1)
2018-11-27 10:05:17,009 INFO Received packet from mac: 52:54:00:00:00:bb (chain=0, port=1)
2018-11-27 10:05:17,009 INFO Received packet from mac: 52:54:00:00:00:aa (chain=0, port=0)
2018-11-27 10:05:17,009 INFO Received packet from mac: 52:54:01:00:00:aa (chain=1, port=0)
2018-11-27 10:05:17,009 INFO End-to-end connectivity established
2018-11-27 10:05:17,026 INFO Cleared all existing streams
2018-11-27 10:05:17,042 INFO Created 4 traffic streams for port 0.
2018-11-27 10:05:17,044 INFO Created 4 traffic streams for port 1.
2018-11-27 10:05:17,044 INFO Starting to generate traffic...
2018-11-27 10:05:17,044 INFO Running traffic generator
2018-11-27 10:05:27,067 INFO TX: 185191394; RX: 12338620; Est. Dropped: 172852774; Est. Drop rate: 93.3374%
2018-11-27 10:05:37,081 INFO TX: 370460427; RX: 24692412; Est. Dropped: 345768015; Est. Drop rate: 93.3347%
2018-11-27 10:05:47,077 INFO TX: 554991204; RX: 37001611; Est. Dropped: 517989593; Est. Drop rate: 93.3329%
2018-11-27 10:05:47,077 INFO ...traffic generating ended.
2018-11-27 10:05:47,082 INFO Service chain 'EXT' run completed.
2018-11-27 10:05:47,082 INFO Clean up skipped.
2018-11-27 10:05:47,106 INFO Saving results in json file: /tmp/nfvbench/csc_2c6n_18500000pps-1.json...
2018-11-27 10:05:47,114 INFO 
========== NFVBench Summary ==========
Date: 2018-11-27 10:05:14
NFVBench version 2.0.5
Openstack Neutron:
  vSwitch: 
  Encapsulation: 
Benchmarks:
> Networks:
  > Components:
    > Traffic Generator:
        Profile: trex-local
        Tool: TRex
    > Versions:
      > Traffic_Generator:
          build_date: Nov 13 2017
          version: v2.32
          built_by: hhaim
          mode: STL
          build_time: 10:58:17
  > Service chain:
    > EXT:
      > Traffic:
          Profile: traffic_profile_64B
          Bidirectional: True
          Flow count: 1024
          Service chains count: 2
          Compute nodes: []
            
            Run Summary:
            
              +-----------------+-------------+----------------------+----------------------+----------------------+
              |   L2 Frame Size |  Drop Rate  |  Avg Latency (usec)  |   Min Latency (usec) |  Max Latency (usec)  |
              +=================+=============+======================+======================+======================+
              |              64 |  93.3329%   |        4,460         |                   50 |        6,952         |
              +-----------------+-------------+----------------------+----------------------+----------------------+
              
            
            L2 frame size: 64
            
            Run Config:
            
              +-------------+---------------------------+------------------------+-----------------+---------------------------+------------------------+-----------------+
              |  Direction  |  Requested TX Rate (bps)  |  Actual TX Rate (bps)  |  RX Rate (bps)  |  Requested TX Rate (pps)  |  Actual TX Rate (pps)  |  RX Rate (pps)  |
              +=============+===========================+========================+=================+===========================+========================+=================+
              |   Forward   |        6.2160 Gbps        |      6.2159 Gbps       |  552.5711 Mbps  |       9,250,000 pps       |     9,249,853 pps      |   822,278 pps   |
              +-------------+---------------------------+------------------------+-----------------+---------------------------+------------------------+-----------------+
              |   Reverse   |        6.2160 Gbps        |      6.2159 Gbps       |  276.2650 Mbps  |       9,250,000 pps       |     9,249,853 pps      |   411,108 pps   |
              +-------------+---------------------------+------------------------+-----------------+---------------------------+------------------------+-----------------+
              |    Total    |       12.4320 Gbps        |      12.4318 Gbps      |  828.8361 Mbps  |      18,500,000 pps       |     18,499,706 pps     |  1,233,386 pps  |
              +-------------+---------------------------+------------------------+-----------------+---------------------------+------------------------+-----------------+
              
            Forward Chain Packet Counters and Latency:
            
              +---------+--------------+--------------------------+------------+------------+------------+
              |  Chain  |  TRex.TX.p0  |        TRex.RX.p1        |  Avg lat.  |  Min lat.  |  Max lat.  |
              +=========+==============+==========================+============+============+============+
              |    0    | 138,747,801  | -126,413,625 (-91.1104%) | 6,470 usec |  70 usec   | 6,641 usec |
              +---------+--------------+--------------------------+------------+------------+------------+
              |    1    | 138,747,801  | -126,413,625 (-91.1104%) | 6,495 usec |  50 usec   | 6,952 usec |
              +---------+--------------+--------------------------+------------+------------+------------+
              |  total  | 277,495,602  | -252,827,250 (-91.1104%) | 6,483 usec |  50 usec   | 6,952 usec |
              +---------+--------------+--------------------------+------------+------------+------------+
              
            Reverse Chain Packet Counters and Latency:
            
              +---------+--------------+--------------------------+------------+------------+------------+
              |  Chain  |  TRex.TX.p1  |        TRex.RX.p0        |  Avg lat.  |  Min lat.  |  Max lat.  |
              +=========+==============+==========================+============+============+============+
              |    0    | 138,747,801  | -132,581,190 (-95.5555%) | 3,455 usec | 1,000 usec | 4,006 usec |
              +---------+--------------+--------------------------+------------+------------+------------+
              |    1    | 138,747,801  | -132,581,153 (-95.5555%) | 3,447 usec | 1,000 usec | 4,011 usec |
              +---------+--------------+--------------------------+------------+------------+------------+
              |  total  | 277,495,602  | -265,162,343 (-95.5555%) | 3,451 usec | 1,000 usec | 4,011 usec |
              +---------+--------------+--------------------------+------------+------------+------------+
              

