2018-11-28 10:34:15,512 INFO Loading configuration file: /tmp/nfvbench/nfvbench_config.cfg
2018-11-28 10:34:15,546 INFO EXT chain with OpenStack mode disabled
2018-11-28 10:34:15,547 INFO -c /tmp/nfvbench/nfvbench_config.cfg --rate ndr --flow-count 1024 --duration 30 --json /tmp/nfvbench/csc_8c2n_ndr-1.json
2018-11-28 10:34:15,548 INFO Connecting to TRex (127.0.0.1)...


2018-11-28 10:34:15 - [local][warning]   - [1mCPU util. is high: 94.2%[22m
2018-11-28 10:34:15,578 INFO Connected to TRex
2018-11-28 10:34:15,578 INFO    Port 0: Device 158b speed=25Gbps mac=3c:fd:fe:bd:f8:60 pci=0000:3b:00.0 driver=net_i40e
2018-11-28 10:34:15,578 INFO    Port 1: Device 158b speed=25Gbps mac=3c:fd:fe:bd:f8:61 pci=0000:3b:00.1 driver=net_i40e
2018-11-28 10:34:15,579 INFO ChainRunner initialized
2018-11-28 10:34:15,580 INFO Starting 8xEXT benchmark...
2018-11-28 10:34:15,685 INFO Polling ARP until successful...
2018-11-28 10:34:15,835 INFO    ARP: port=0 chain=0 src IP=172.16.10.100 dst IP=172.16.10.10 -> MAC=52:54:00:00:00:aa
2018-11-28 10:34:15,836 INFO    ARP: port=0 chain=1 src IP=172.16.10.101 dst IP=172.16.10.11 -> MAC=52:54:01:00:00:aa
2018-11-28 10:34:15,836 INFO    ARP: port=0 chain=2 src IP=172.16.10.102 dst IP=172.16.10.12 -> MAC=52:54:02:00:00:aa
2018-11-28 10:34:15,836 INFO    ARP: port=0 chain=3 src IP=172.16.10.103 dst IP=172.16.10.13 -> MAC=52:54:03:00:00:aa
2018-11-28 10:34:15,836 INFO    ARP: port=0 chain=4 src IP=172.16.10.104 dst IP=172.16.10.14 -> MAC=52:54:04:00:00:aa
2018-11-28 10:34:15,836 INFO    ARP: port=0 chain=5 src IP=172.16.10.105 dst IP=172.16.10.15 -> MAC=52:54:05:00:00:aa
2018-11-28 10:34:15,836 INFO    ARP: port=0 chain=6 src IP=172.16.10.106 dst IP=172.16.10.16 -> MAC=52:54:06:00:00:aa
2018-11-28 10:34:15,836 INFO    ARP: port=0 chain=7 src IP=172.16.10.107 dst IP=172.16.10.17 -> MAC=52:54:07:00:00:aa
2018-11-28 10:34:15,836 INFO ARP resolved successfully for port 0
2018-11-28 10:34:15,979 INFO    ARP: port=1 chain=0 src IP=172.16.20.100 dst IP=172.16.20.10 -> MAC=52:54:00:00:00:bb
2018-11-28 10:34:15,979 INFO    ARP: port=1 chain=1 src IP=172.16.20.101 dst IP=172.16.20.11 -> MAC=52:54:01:00:00:bb
2018-11-28 10:34:15,979 INFO    ARP: port=1 chain=2 src IP=172.16.20.102 dst IP=172.16.20.12 -> MAC=52:54:02:00:00:bb
2018-11-28 10:34:15,979 INFO    ARP: port=1 chain=3 src IP=172.16.20.103 dst IP=172.16.20.13 -> MAC=52:54:03:00:00:bb
2018-11-28 10:34:15,979 INFO    ARP: port=1 chain=4 src IP=172.16.20.104 dst IP=172.16.20.14 -> MAC=52:54:04:00:00:bb
2018-11-28 10:34:15,979 INFO    ARP: port=1 chain=5 src IP=172.16.20.105 dst IP=172.16.20.15 -> MAC=52:54:05:00:00:bb
2018-11-28 10:34:15,979 INFO    ARP: port=1 chain=6 src IP=172.16.20.106 dst IP=172.16.20.16 -> MAC=52:54:06:00:00:bb
2018-11-28 10:34:15,979 INFO    ARP: port=1 chain=7 src IP=172.16.20.107 dst IP=172.16.20.17 -> MAC=52:54:07:00:00:bb
2018-11-28 10:34:15,979 INFO ARP resolved successfully for port 1
2018-11-28 10:34:16,081 INFO Port 0: dst MAC ['52:54:00:00:00:aa', '52:54:01:00:00:aa', '52:54:02:00:00:aa', '52:54:03:00:00:aa', '52:54:04:00:00:aa', '52:54:05:00:00:aa', '52:54:06:00:00:aa', '52:54:07:00:00:aa']
2018-11-28 10:34:16,081 INFO Port 1: dst MAC ['52:54:00:00:00:bb', '52:54:01:00:00:bb', '52:54:02:00:00:bb', '52:54:03:00:00:bb', '52:54:04:00:00:bb', '52:54:05:00:00:bb', '52:54:06:00:00:bb', '52:54:07:00:00:bb']
2018-11-28 10:34:16,081 INFO Starting traffic generator to ensure end-to-end connectivity
2018-11-28 10:34:16,128 INFO Created 8 traffic streams for port 0.
2018-11-28 10:34:16,133 INFO Created 8 traffic streams for port 1.
2018-11-28 10:34:16,248 INFO Captured unique src mac 0/16, capturing return packets (retry 1/100)...
2018-11-28 10:34:18,372 INFO Received packet from mac: 52:54:02:00:00:bb (chain=2, port=1)
2018-11-28 10:34:18,372 INFO Received packet from mac: 52:54:00:00:00:bb (chain=0, port=1)
2018-11-28 10:34:18,372 INFO Received packet from mac: 52:54:01:00:00:bb (chain=1, port=1)
2018-11-28 10:34:18,372 INFO Received packet from mac: 52:54:05:00:00:bb (chain=5, port=1)
2018-11-28 10:34:18,373 INFO Received packet from mac: 52:54:06:00:00:bb (chain=6, port=1)
2018-11-28 10:34:18,373 INFO Received packet from mac: 52:54:07:00:00:bb (chain=7, port=1)
2018-11-28 10:34:18,373 INFO Received packet from mac: 52:54:04:00:00:bb (chain=4, port=1)
2018-11-28 10:34:18,373 INFO Received packet from mac: 52:54:03:00:00:bb (chain=3, port=1)
2018-11-28 10:34:18,373 INFO Received packet from mac: 52:54:00:00:00:aa (chain=0, port=0)
2018-11-28 10:34:18,373 INFO Received packet from mac: 52:54:01:00:00:aa (chain=1, port=0)
2018-11-28 10:34:18,373 INFO Received packet from mac: 52:54:04:00:00:aa (chain=4, port=0)
2018-11-28 10:34:18,373 INFO Received packet from mac: 52:54:05:00:00:aa (chain=5, port=0)
2018-11-28 10:34:18,373 INFO Received packet from mac: 52:54:06:00:00:aa (chain=6, port=0)
2018-11-28 10:34:18,373 INFO Received packet from mac: 52:54:07:00:00:aa (chain=7, port=0)
2018-11-28 10:34:18,374 INFO Received packet from mac: 52:54:03:00:00:aa (chain=3, port=0)
2018-11-28 10:34:18,374 INFO Received packet from mac: 52:54:02:00:00:aa (chain=2, port=0)
2018-11-28 10:34:18,374 INFO End-to-end connectivity established
2018-11-28 10:34:18,395 INFO Cleared all existing streams
2018-11-28 10:34:18,454 INFO Created 16 traffic streams for port 0.
2018-11-28 10:34:18,463 INFO Created 16 traffic streams for port 1.
2018-11-28 10:34:18,463 INFO *** Searching NDR for 64 (Bidirectional)...
2018-11-28 10:34:18,463 INFO Range search [0.0 .. 200.0] targets: {'ndr': 0.001}
2018-11-28 10:34:18,463 INFO Modified traffic stream for port 0, new rate=100.0%.
2018-11-28 10:34:18,463 INFO Modified traffic stream for port 1, new rate=100.0%.
2018-11-28 10:34:18,463 INFO Running traffic generator


2018-11-28 10:34:23 - [local][warning]   - [1mCPU util. is high: 85.2%[22m
2018-11-28 10:34:28,497 INFO TX: 382616413; RX: 33164460; Est. Dropped: 349451953; Est. Drop rate: 91.3322%
2018-11-28 10:34:38,517 INFO TX: 768251365; RX: 66350844; Est. Dropped: 701900521; Est. Drop rate: 91.3634%
2018-11-28 10:34:48,511 INFO TX: 1152400728; RX: 99415752; Est. Dropped: 1052984976; Est. Drop rate: 91.3732%
2018-11-28 10:34:50,522 INFO WARNING: There is a significant difference between requested TX rate (71022726) and actual TX rate (38413357). The traffic generator may not have sufficient CPU to achieve the requested TX rate.
2018-11-28 10:34:50,522 INFO Average drop rate: 91.373161
2018-11-28 10:34:50,522 INFO Range search [0.0 .. 100.0] targets: {'ndr': 0.001}
2018-11-28 10:34:50,522 INFO Modified traffic stream for port 0, new rate=50.0%.
2018-11-28 10:34:50,523 INFO Modified traffic stream for port 1, new rate=50.0%.
2018-11-28 10:34:50,523 INFO Running traffic generator
2018-11-28 10:35:00,562 INFO TX: 355475487; RX: 33169665; Est. Dropped: 322305822; Est. Drop rate: 90.6689%
2018-11-28 10:35:10,582 INFO TX: 711292016; RX: 66370006; Est. Dropped: 644922010; Est. Drop rate: 90.6691%
2018-11-28 10:35:20,572 INFO TX: 1065340960; RX: 99416784; Est. Dropped: 965924176; Est. Drop rate: 90.6681%
2018-11-28 10:35:22,584 INFO Average drop rate: 90.668078
2018-11-28 10:35:22,584 INFO Range search [0.0 .. 50.0] targets: {'ndr': 0.001}
2018-11-28 10:35:22,584 INFO Modified traffic stream for port 0, new rate=25.0%.
2018-11-28 10:35:22,584 INFO Modified traffic stream for port 1, new rate=25.0%.
2018-11-28 10:35:22,584 INFO Running traffic generator
2018-11-28 10:35:32,622 INFO TX: 177729768; RX: 33468748; Est. Dropped: 144261020; Est. Drop rate: 81.1687%
2018-11-28 10:35:42,642 INFO TX: 355642216; RX: 66987053; Est. Dropped: 288655163; Est. Drop rate: 81.1645%
2018-11-28 10:35:52,632 INFO TX: 532670480; RX: 100349168; Est. Dropped: 432321312; Est. Drop rate: 81.1611%
2018-11-28 10:35:54,644 INFO Average drop rate: 81.161117
2018-11-28 10:35:54,644 INFO Range search [0.0 .. 25.0] targets: {'ndr': 0.001}
2018-11-28 10:35:54,644 INFO Modified traffic stream for port 0, new rate=12.5%.
2018-11-28 10:35:54,644 INFO Modified traffic stream for port 1, new rate=12.5%.
2018-11-28 10:35:54,644 INFO Running traffic generator
2018-11-28 10:36:04,683 INFO TX: 88864600; RX: 33508361; Est. Dropped: 55356239; Est. Drop rate: 62.2928%
2018-11-28 10:36:14,703 INFO TX: 177822544; RX: 67054288; Est. Dropped: 110768256; Est. Drop rate: 62.2915%
2018-11-28 10:36:24,693 INFO TX: 266335248; RX: 100441424; Est. Dropped: 165893824; Est. Drop rate: 62.2876%
2018-11-28 10:36:26,705 INFO Average drop rate: 62.287596
2018-11-28 10:36:26,705 INFO Range search [0.0 .. 12.5] targets: {'ndr': 0.001}
2018-11-28 10:36:26,705 INFO Modified traffic stream for port 0, new rate=6.25%.
2018-11-28 10:36:26,705 INFO Modified traffic stream for port 1, new rate=6.25%.
2018-11-28 10:36:26,705 INFO Running traffic generator
2018-11-28 10:36:36,745 INFO TX: 44432408; RX: 31963285; Est. Dropped: 12469123; Est. Drop rate: 28.0631%
2018-11-28 10:36:46,766 INFO TX: 88912656; RX: 63969891; Est. Dropped: 24942765; Est. Drop rate: 28.0531%
2018-11-28 10:36:56,756 INFO TX: 133167632; RX: 95811360; Est. Dropped: 37356272; Est. Drop rate: 28.0521%
2018-11-28 10:36:58,768 INFO Average drop rate: 28.052066
2018-11-28 10:36:58,768 INFO Range search [0.0 .. 6.25] targets: {'ndr': 0.001}
2018-11-28 10:36:58,768 INFO Modified traffic stream for port 0, new rate=3.125%.
2018-11-28 10:36:58,768 INFO Modified traffic stream for port 1, new rate=3.125%.
2018-11-28 10:36:58,769 INFO Running traffic generator
2018-11-28 10:37:08,807 INFO TX: 22215824; RX: 22215585; Est. Dropped: 239; Est. Drop rate: 0.0011%
2018-11-28 10:37:18,828 INFO TX: 44457040; RX: 44456717; Est. Dropped: 323; Est. Drop rate: 0.0007%
2018-11-28 10:37:28,818 INFO TX: 66583824; RX: 66583824; Est. Dropped: 0; Est. Drop rate: 0.0000%
2018-11-28 10:37:30,830 INFO Average drop rate: 0.000000
2018-11-28 10:37:30,830 INFO Range search [3.125 .. 6.25] targets: {'ndr': 0.001}
2018-11-28 10:37:30,830 INFO Modified traffic stream for port 0, new rate=4.6875%.
2018-11-28 10:37:30,830 INFO Modified traffic stream for port 1, new rate=4.6875%.
2018-11-28 10:37:30,830 INFO Running traffic generator
2018-11-28 10:37:40,867 INFO TX: 33324552; RX: 31256834; Est. Dropped: 2067718; Est. Drop rate: 6.2048%
2018-11-28 10:37:50,888 INFO TX: 66686344; RX: 62550641; Est. Dropped: 4135703; Est. Drop rate: 6.2017%
2018-11-28 10:38:00,878 INFO TX: 99875728; RX: 93776416; Est. Dropped: 6099312; Est. Drop rate: 6.1069%
2018-11-28 10:38:02,890 INFO Average drop rate: 6.106901
2018-11-28 10:38:02,890 INFO Range search [3.125 .. 4.6875] targets: {'ndr': 0.001}
2018-11-28 10:38:02,890 INFO Modified traffic stream for port 0, new rate=3.90625%.
2018-11-28 10:38:02,890 INFO Modified traffic stream for port 1, new rate=3.90625%.
2018-11-28 10:38:02,891 INFO Running traffic generator
2018-11-28 10:38:12,929 INFO TX: 27769792; RX: 27769211; Est. Dropped: 581; Est. Drop rate: 0.0021%
2018-11-28 10:38:22,950 INFO TX: 55572816; RX: 55572239; Est. Dropped: 577; Est. Drop rate: 0.0010%
2018-11-28 10:38:32,939 INFO TX: 83229776; RX: 83229776; Est. Dropped: 0; Est. Drop rate: 0.0000%
2018-11-28 10:38:34,952 INFO Average drop rate: 0.000000
2018-11-28 10:38:34,952 INFO Range search [3.90625 .. 4.6875] targets: {'ndr': 0.001}
2018-11-28 10:38:34,952 INFO Modified traffic stream for port 0, new rate=4.296875%.
2018-11-28 10:38:34,952 INFO Modified traffic stream for port 1, new rate=4.296875%.
2018-11-28 10:38:34,952 INFO Running traffic generator
2018-11-28 10:38:44,985 INFO TX: 30534864; RX: 30533646; Est. Dropped: 1218; Est. Drop rate: 0.0040%
2018-11-28 10:38:55,006 INFO TX: 61117360; RX: 61116326; Est. Dropped: 1034; Est. Drop rate: 0.0017%
2018-11-28 10:39:05,000 INFO TX: 91552752; RX: 91552752; Est. Dropped: 0; Est. Drop rate: 0.0000%
2018-11-28 10:39:07,012 INFO Average drop rate: 0.000000
2018-11-28 10:39:07,012 INFO Range search [4.296875 .. 4.6875] targets: {'ndr': 0.001}
2018-11-28 10:39:07,013 INFO Modified traffic stream for port 0, new rate=4.4921875%.
2018-11-28 10:39:07,013 INFO Modified traffic stream for port 1, new rate=4.4921875%.
2018-11-28 10:39:07,013 INFO Running traffic generator
2018-11-28 10:39:17,052 INFO TX: 31937296; RX: 31611306; Est. Dropped: 325990; Est. Drop rate: 1.0207%
2018-11-28 10:39:27,073 INFO TX: 63909848; RX: 63290770; Est. Dropped: 619078; Est. Drop rate: 0.9687%
2018-11-28 10:39:37,063 INFO TX: 95714240; RX: 94802920; Est. Dropped: 911320; Est. Drop rate: 0.9521%
2018-11-28 10:39:39,075 INFO Average drop rate: 0.952126
2018-11-28 10:39:39,075 INFO Range search [4.296875 .. 4.4921875] targets: {'ndr': 0.001}
2018-11-28 10:39:39,075 INFO Modified traffic stream for port 0, new rate=4.39453125%.
2018-11-28 10:39:39,075 INFO Modified traffic stream for port 1, new rate=4.39453125%.
2018-11-28 10:39:39,075 INFO Running traffic generator
2018-11-28 10:39:49,113 INFO TX: 31243616; RX: 31238877; Est. Dropped: 4739; Est. Drop rate: 0.0152%
2018-11-28 10:39:59,134 INFO TX: 62521208; RX: 62516248; Est. Dropped: 4960; Est. Drop rate: 0.0079%
2018-11-28 10:40:09,124 INFO TX: 93633504; RX: 93629152; Est. Dropped: 4352; Est. Drop rate: 0.0046%
2018-11-28 10:40:11,137 INFO Average drop rate: 0.004648
2018-11-28 10:40:11,137 INFO Range search [4.296875 .. 4.39453125] targets: {'ndr': 0.001}
2018-11-28 10:40:11,137 INFO Found ndr (0.001) load: 4.296875
2018-11-28 10:40:11,137 INFO NDR load: 8.59375
2018-11-28 10:40:11,163 INFO Cleared all existing streams
2018-11-28 10:40:11,346 INFO Created 32 traffic streams for port 0.
2018-11-28 10:40:11,363 INFO Created 32 traffic streams for port 1.
2018-11-28 10:40:11,364 INFO *** Searching NDR for IMIX (Bidirectional)...
2018-11-28 10:40:11,364 INFO Range search [0.0 .. 200.0] targets: {'ndr': 0.001}
2018-11-28 10:40:11,364 INFO Modified traffic stream for port 0, new rate=100.0%.
2018-11-28 10:40:11,364 INFO Modified traffic stream for port 1, new rate=100.0%.
2018-11-28 10:40:11,364 INFO Running traffic generator


2018-11-28 10:40:19 - [local][warning]   - [1mCPU util. is high: 87.6%[22m
2018-11-28 10:40:21,400 INFO TX: 145154972; RX: 18780165; Est. Dropped: 126374807; Est. Drop rate: 87.0620%
2018-11-28 10:40:31,420 INFO TX: 290435170; RX: 37603011; Est. Dropped: 252832159; Est. Drop rate: 87.0529%
2018-11-28 10:40:41,413 INFO TX: 435161629; RX: 56360140; Est. Dropped: 378801489; Est. Drop rate: 87.0485%
2018-11-28 10:40:43,425 INFO WARNING: There is a significant difference between requested TX rate (16368398) and actual TX rate (14505387). The traffic generator may not have sufficient CPU to achieve the requested TX rate.
2018-11-28 10:40:43,425 INFO Average drop rate: 87.048458
2018-11-28 10:40:43,426 INFO Range search [0.0 .. 100.0] targets: {'ndr': 0.001}
2018-11-28 10:40:43,426 INFO Modified traffic stream for port 0, new rate=50.0%.
2018-11-28 10:40:43,426 INFO Modified traffic stream for port 1, new rate=50.0%.
2018-11-28 10:40:43,426 INFO Running traffic generator
2018-11-28 10:40:53,465 INFO TX: 81925341; RX: 19030099; Est. Dropped: 62895242; Est. Drop rate: 76.7714%
2018-11-28 10:41:03,486 INFO TX: 163934336; RX: 38087694; Est. Dropped: 125846642; Est. Drop rate: 76.7665%
2018-11-28 10:41:13,475 INFO TX: 245527056; RX: 57058318; Est. Dropped: 188468738; Est. Drop rate: 76.7609%
2018-11-28 10:41:15,487 INFO Average drop rate: 76.760884
2018-11-28 10:41:15,487 INFO Range search [0.0 .. 50.0] targets: {'ndr': 0.001}
2018-11-28 10:41:15,487 INFO Modified traffic stream for port 0, new rate=25.0%.
2018-11-28 10:41:15,487 INFO Modified traffic stream for port 1, new rate=25.0%.
2018-11-28 10:41:15,487 INFO Running traffic generator
2018-11-28 10:41:25,529 INFO TX: 40963056; RX: 19047745; Est. Dropped: 21915311; Est. Drop rate: 53.5002%
2018-11-28 10:41:35,549 INFO TX: 81968048; RX: 38116369; Est. Dropped: 43851679; Est. Drop rate: 53.4985%
2018-11-28 10:41:45,539 INFO TX: 122764096; RX: 57098048; Est. Dropped: 65666048; Est. Drop rate: 53.4896%
2018-11-28 10:41:47,551 INFO Average drop rate: 53.489620
2018-11-28 10:41:47,551 INFO Range search [0.0 .. 25.0] targets: {'ndr': 0.001}
2018-11-28 10:41:47,551 INFO Modified traffic stream for port 0, new rate=12.5%.
2018-11-28 10:41:47,551 INFO Modified traffic stream for port 1, new rate=12.5%.
2018-11-28 10:41:47,551 INFO Running traffic generator
2018-11-28 10:41:57,590 INFO TX: 20482184; RX: 18999642; Est. Dropped: 1482542; Est. Drop rate: 7.2382%
2018-11-28 10:42:07,632 INFO TX: 40986386; RX: 38019520; Est. Dropped: 2966866; Est. Drop rate: 7.2387%
2018-11-28 10:42:17,596 INFO TX: 61382576; RX: 56934976; Est. Dropped: 4447600; Est. Drop rate: 7.2457%
2018-11-28 10:42:19,609 INFO Average drop rate: 7.245704
2018-11-28 10:42:19,609 INFO Range search [0.0 .. 12.5] targets: {'ndr': 0.001}
2018-11-28 10:42:19,609 INFO Modified traffic stream for port 0, new rate=6.25%.
2018-11-28 10:42:19,609 INFO Modified traffic stream for port 1, new rate=6.25%.
2018-11-28 10:42:19,609 INFO Running traffic generator
2018-11-28 10:42:29,651 INFO TX: 10240912; RX: 10240824; Est. Dropped: 88; Est. Drop rate: 0.0009%
2018-11-28 10:42:39,673 INFO TX: 20494440; RX: 20494440; Est. Dropped: 0; Est. Drop rate: 0.0000%
2018-11-28 10:42:49,660 INFO TX: 30691840; RX: 30691840; Est. Dropped: 0; Est. Drop rate: 0.0000%
2018-11-28 10:42:51,674 INFO Average drop rate: 0.000000
2018-11-28 10:42:51,674 INFO Range search [6.25 .. 12.5] targets: {'ndr': 0.001}
2018-11-28 10:42:51,674 INFO Modified traffic stream for port 0, new rate=9.375%.
2018-11-28 10:42:51,674 INFO Modified traffic stream for port 1, new rate=9.375%.
2018-11-28 10:42:51,674 INFO Running traffic generator
2018-11-28 10:43:01,712 INFO TX: 15361432; RX: 15361234; Est. Dropped: 198; Est. Drop rate: 0.0013%
2018-11-28 10:43:11,734 INFO TX: 30740768; RX: 30740506; Est. Dropped: 262; Est. Drop rate: 0.0009%
2018-11-28 10:43:21,724 INFO TX: 46037200; RX: 46037200; Est. Dropped: 0; Est. Drop rate: 0.0000%
2018-11-28 10:43:23,737 INFO Average drop rate: 0.000000
2018-11-28 10:43:23,737 INFO Range search [9.375 .. 12.5] targets: {'ndr': 0.001}
2018-11-28 10:43:23,737 INFO Modified traffic stream for port 0, new rate=10.9375%.
2018-11-28 10:43:23,737 INFO Modified traffic stream for port 1, new rate=10.9375%.
2018-11-28 10:43:23,737 INFO Running traffic generator
2018-11-28 10:43:33,786 INFO TX: 17921336; RX: 17921003; Est. Dropped: 333; Est. Drop rate: 0.0019%
2018-11-28 10:43:43,807 INFO TX: 35863928; RX: 35863618; Est. Dropped: 310; Est. Drop rate: 0.0009%
2018-11-28 10:43:53,796 INFO TX: 53709888; RX: 53709888; Est. Dropped: 0; Est. Drop rate: 0.0000%
2018-11-28 10:43:55,809 INFO Average drop rate: 0.000000
2018-11-28 10:43:55,809 INFO Range search [10.9375 .. 12.5] targets: {'ndr': 0.001}
2018-11-28 10:43:55,809 INFO Modified traffic stream for port 0, new rate=11.71875%.
2018-11-28 10:43:55,809 INFO Modified traffic stream for port 1, new rate=11.71875%.
2018-11-28 10:43:55,809 INFO Running traffic generator
2018-11-28 10:44:05,847 INFO TX: 19199562; RX: 18875128; Est. Dropped: 324434; Est. Drop rate: 1.6898%
2018-11-28 10:44:15,869 INFO TX: 38423171; RX: 37832902; Est. Dropped: 590269; Est. Drop rate: 1.5362%
2018-11-28 10:44:25,857 INFO TX: 57546240; RX: 56664771; Est. Dropped: 881469; Est. Drop rate: 1.5318%
2018-11-28 10:44:27,870 INFO Average drop rate: 1.531758
2018-11-28 10:44:27,870 INFO Range search [10.9375 .. 11.71875] targets: {'ndr': 0.001}
2018-11-28 10:44:27,871 INFO Modified traffic stream for port 0, new rate=11.328125%.
2018-11-28 10:44:27,871 INFO Modified traffic stream for port 1, new rate=11.328125%.
2018-11-28 10:44:27,871 INFO Running traffic generator
2018-11-28 10:44:37,910 INFO TX: 18562096; RX: 18561749; Est. Dropped: 347; Est. Drop rate: 0.0019%
2018-11-28 10:44:47,931 INFO TX: 37144967; RX: 37144461; Est. Dropped: 506; Est. Drop rate: 0.0014%
2018-11-28 10:44:57,920 INFO TX: 55628080; RX: 55628080; Est. Dropped: 0; Est. Drop rate: 0.0000%
2018-11-28 10:44:59,933 INFO Average drop rate: 0.000000
2018-11-28 10:44:59,934 INFO Range search [11.328125 .. 11.71875] targets: {'ndr': 0.001}
2018-11-28 10:44:59,934 INFO Modified traffic stream for port 0, new rate=11.5234375%.
2018-11-28 10:44:59,934 INFO Modified traffic stream for port 1, new rate=11.5234375%.
2018-11-28 10:44:59,934 INFO Running traffic generator
2018-11-28 10:45:09,972 INFO TX: 18881296; RX: 18786402; Est. Dropped: 94894; Est. Drop rate: 0.5026%
2018-11-28 10:45:19,994 INFO TX: 37784904; RX: 37600638; Est. Dropped: 184266; Est. Drop rate: 0.4877%
2018-11-28 10:45:29,982 INFO TX: 56587136; RX: 56317641; Est. Dropped: 269495; Est. Drop rate: 0.4762%
2018-11-28 10:45:31,996 INFO Average drop rate: 0.476248
2018-11-28 10:45:31,996 INFO Range search [11.328125 .. 11.5234375] targets: {'ndr': 0.001}
2018-11-28 10:45:31,996 INFO Modified traffic stream for port 0, new rate=11.42578125%.
2018-11-28 10:45:31,996 INFO Modified traffic stream for port 1, new rate=11.42578125%.
2018-11-28 10:45:31,997 INFO Running traffic generator
2018-11-28 10:45:42,034 INFO TX: 18721608; RX: 18720446; Est. Dropped: 1162; Est. Drop rate: 0.0062%
2018-11-28 10:45:52,056 INFO TX: 37464949; RX: 37463793; Est. Dropped: 1156; Est. Drop rate: 0.0031%
2018-11-28 10:46:02,044 INFO TX: 56107584; RX: 56106887; Est. Dropped: 697; Est. Drop rate: 0.0012%
2018-11-28 10:46:04,059 INFO Average drop rate: 0.001242
2018-11-28 10:46:04,059 INFO Range search [11.328125 .. 11.42578125] targets: {'ndr': 0.001}
2018-11-28 10:46:04,059 INFO Found ndr (0.001) load: 11.328125
2018-11-28 10:46:04,059 INFO NDR load: 22.65625
2018-11-28 10:46:04,059 INFO Service chain 'EXT' run completed.
2018-11-28 10:46:04,059 INFO Clean up skipped.
2018-11-28 10:46:04,101 INFO Saving results in json file: /tmp/nfvbench/csc_8c2n_ndr-1.json...
2018-11-28 10:46:04,105 INFO
========== NFVBench Summary ==========
Date: 2018-11-28 10:34:15
NFVBench version 2.0.5
Openstack Neutron:
  vSwitch:
  Encapsulation:
Benchmarks:
> Networks:
  > Components:
    > Traffic Generator:
        Profile: trex-local
        Tool: TRex
    > Versions:
      > Traffic_Generator:
          build_date: Nov 13 2017
          version: v2.32
          built_by: hhaim
          mode: STL
          build_time: 10:58:17
  > Measurement Parameters:
      NDR: 0.001
  > Service chain:
    > EXT:
      > Traffic:
          Profile: traffic_profile_2sizes
          Bidirectional: True
          Flow count: 1024
          Service chains count: 8
          Compute nodes: []

            Run Summary:

              +-----+-----------------+------------------+------------------+-----------------+----------------------+----------------------+----------------------+
              |  -  |  L2 Frame Size  |  Rate (fwd+rev)  |  Rate (fwd+rev)  |  Avg Drop Rate  |   Avg Latency (usec) |   Min Latency (usec) |   Max Latency (usec) |
              +=====+=================+==================+==================+=================+======================+======================+======================+
              | NDR |       64        |   2.1484 Gbps    |  3,051,756 pps   |     0.0000%     |                  447 |                   20 |                  728 |
              +-----+-----------------+------------------+------------------+-----------------+----------------------+----------------------+----------------------+
              | NDR |      IMIX       |   5.6641 Gbps    |  1,854,232 pps   |     0.0000%     |                  314 |                   10 |                  565 |
              +-----+-----------------+------------------+------------------+-----------------+----------------------+----------------------+----------------------+


            L2 frame size: 64
            NDR search duration: 353 seconds


            L2 frame size: IMIX
            NDR search duration: 353 seconds


