2018-11-28 07:50:53,361 INFO Loading configuration file: /tmp/nfvbench/nfvbench_config.cfg
2018-11-28 07:50:53,393 INFO EXT chain with OpenStack mode disabled
2018-11-28 07:50:53,393 INFO -c /tmp/nfvbench/nfvbench_config.cfg --rate 18500000pps --flow-count 1024 --duration 30 --json /tmp/nfvbench/csp_4c1n_18500000pps-1.json
2018-11-28 07:50:53,395 INFO Connecting to TRex (127.0.0.1)...
2018-11-28 07:50:53,529 INFO Connected to TRex
2018-11-28 07:50:53,529 INFO    Port 0: Device 158b speed=25Gbps mac=3c:fd:fe:bd:f8:60 pci=0000:3b:00.0 driver=net_i40e
2018-11-28 07:50:53,529 INFO    Port 1: Device 158b speed=25Gbps mac=3c:fd:fe:bd:f8:61 pci=0000:3b:00.1 driver=net_i40e
2018-11-28 07:50:53,531 INFO ChainRunner initialized
2018-11-28 07:50:53,531 INFO Starting 4xEXT benchmark...
2018-11-28 07:50:53,637 INFO Polling ARP until successful...
2018-11-28 07:50:53,847 INFO    ARP: port=0 chain=0 src IP=172.16.10.100 dst IP=172.16.10.10 -> MAC=52:54:00:00:00:aa
2018-11-28 07:50:53,848 INFO    ARP: port=0 chain=1 src IP=172.16.10.101 dst IP=172.16.10.11 -> MAC=52:54:01:00:00:aa
2018-11-28 07:50:53,848 INFO    ARP: port=0 chain=2 src IP=172.16.10.102 dst IP=172.16.10.12 -> MAC=52:54:02:00:00:aa
2018-11-28 07:50:53,848 INFO    ARP: port=0 chain=3 src IP=172.16.10.103 dst IP=172.16.10.13 -> MAC=52:54:03:00:00:aa
2018-11-28 07:50:53,848 INFO ARP resolved successfully for port 0
2018-11-28 07:50:54,058 INFO    ARP: port=1 chain=0 src IP=172.16.20.100 dst IP=172.16.20.10 -> MAC=52:54:00:00:00:bb
2018-11-28 07:50:54,058 INFO    ARP: port=1 chain=1 src IP=172.16.20.101 dst IP=172.16.20.11 -> MAC=52:54:01:00:00:bb
2018-11-28 07:50:54,059 INFO    ARP: port=1 chain=2 src IP=172.16.20.102 dst IP=172.16.20.12 -> MAC=52:54:02:00:00:bb
2018-11-28 07:50:54,059 INFO    ARP: port=1 chain=3 src IP=172.16.20.103 dst IP=172.16.20.13 -> MAC=52:54:03:00:00:bb
2018-11-28 07:50:54,059 INFO ARP resolved successfully for port 1
2018-11-28 07:50:54,160 INFO Port 0: dst MAC ['52:54:00:00:00:aa', '52:54:01:00:00:aa', '52:54:02:00:00:aa', '52:54:03:00:00:aa']
2018-11-28 07:50:54,160 INFO Port 1: dst MAC ['52:54:00:00:00:bb', '52:54:01:00:00:bb', '52:54:02:00:00:bb', '52:54:03:00:00:bb']
2018-11-28 07:50:54,160 INFO Starting traffic generator to ensure end-to-end connectivity
2018-11-28 07:50:54,185 INFO Created 4 traffic streams for port 0.
2018-11-28 07:50:54,187 INFO Created 4 traffic streams for port 1.
2018-11-28 07:50:54,298 INFO Captured unique src mac 0/8, capturing return packets (retry 1/100)...
2018-11-28 07:50:56,420 INFO Received packet from mac: 52:54:01:00:00:bb (chain=1, port=1)
2018-11-28 07:50:56,420 INFO Received packet from mac: 52:54:03:00:00:bb (chain=3, port=1)
2018-11-28 07:50:56,420 INFO Received packet from mac: 52:54:00:00:00:bb (chain=0, port=1)
2018-11-28 07:50:56,420 INFO Received packet from mac: 52:54:02:00:00:bb (chain=2, port=1)
2018-11-28 07:50:56,420 INFO Received packet from mac: 52:54:03:00:00:aa (chain=3, port=0)
2018-11-28 07:50:56,421 INFO Received packet from mac: 52:54:00:00:00:aa (chain=0, port=0)
2018-11-28 07:50:56,421 INFO Received packet from mac: 52:54:01:00:00:aa (chain=1, port=0)
2018-11-28 07:50:56,421 INFO Received packet from mac: 52:54:02:00:00:aa (chain=2, port=0)
2018-11-28 07:50:56,421 INFO End-to-end connectivity established
2018-11-28 07:50:56,439 INFO Cleared all existing streams
2018-11-28 07:50:56,470 INFO Created 8 traffic streams for port 0.
2018-11-28 07:50:56,474 INFO Created 8 traffic streams for port 1.
2018-11-28 07:50:56,475 INFO Starting to generate traffic...
2018-11-28 07:50:56,475 INFO Running traffic generator
2018-11-28 07:51:06,506 INFO TX: 185316138; RX: 56209168; Est. Dropped: 129106970; Est. Drop rate: 69.6685%
2018-11-28 07:51:16,522 INFO TX: 370591961; RX: 112416528; Est. Dropped: 258175433; Est. Drop rate: 69.6657%
2018-11-28 07:51:26,512 INFO TX: 555004552; RX: 168276586; Est. Dropped: 386727966; Est. Drop rate: 69.6801%
2018-11-28 07:51:26,512 INFO ...traffic generating ended.
2018-11-28 07:51:26,518 INFO Service chain 'EXT' run completed.
2018-11-28 07:51:26,518 INFO Clean up skipped.
2018-11-28 07:51:26,546 INFO Saving results in json file: /tmp/nfvbench/csp_4c1n_18500000pps-1.json...
2018-11-28 07:51:26,553 INFO
========== NFVBench Summary ==========
Date: 2018-11-28 07:50:53
NFVBench version 2.0.5
Openstack Neutron:
  vSwitch:
  Encapsulation:
Benchmarks:
> Networks:
  > Components:
    > Traffic Generator:
        Profile: trex-local
        Tool: TRex
    > Versions:
      > Traffic_Generator:
          build_date: Nov 13 2017
          version: v2.32
          built_by: hhaim
          mode: STL
          build_time: 10:58:17
  > Service chain:
    > EXT:
      > Traffic:
          Profile: traffic_profile_64B
          Bidirectional: True
          Flow count: 1024
          Service chains count: 4
          Compute nodes: []

            Run Summary:

              +-----------------+-------------+----------------------+----------------------+----------------------+
              |   L2 Frame Size |  Drop Rate  |   Avg Latency (usec) |   Min Latency (usec) |   Max Latency (usec) |
              +=================+=============+======================+======================+======================+
              |              64 |  69.6801%   |                  534 |                   10 |                  600 |
              +-----------------+-------------+----------------------+----------------------+----------------------+


            L2 frame size: 64

            Run Config:

              +-------------+---------------------------+------------------------+-----------------+---------------------------+------------------------+-----------------+
              |  Direction  |  Requested TX Rate (bps)  |  Actual TX Rate (bps)  |  RX Rate (bps)  |  Requested TX Rate (pps)  |  Actual TX Rate (pps)  |  RX Rate (pps)  |
              +=============+===========================+========================+=================+===========================+========================+=================+
              |   Forward   |        6.2160 Gbps        |      6.2161 Gbps       |   1.8847 Gbps   |       9,250,000 pps       |     9,250,075 pps      |  2,804,621 pps  |
              +-------------+---------------------------+------------------------+-----------------+---------------------------+------------------------+-----------------+
              |   Reverse   |        6.2160 Gbps        |      6.2161 Gbps       |   1.8847 Gbps   |       9,250,000 pps       |     9,250,075 pps      |  2,804,598 pps  |
              +-------------+---------------------------+------------------------+-----------------+---------------------------+------------------------+-----------------+
              |    Total    |       12.4320 Gbps        |      12.4321 Gbps      |   3.7694 Gbps   |      18,500,000 pps       |     18,500,150 pps     |  5,609,219 pps  |
              +-------------+---------------------------+------------------------+-----------------+---------------------------+------------------------+-----------------+

            Forward Chain Packet Counters and Latency:

              +---------+--------------+--------------------------+------------+------------+------------+
              |  Chain  |  TRex.TX.p0  |        TRex.RX.p1        |  Avg lat.  |  Min lat.  |  Max lat.  |
              +=========+==============+==========================+============+============+============+
              |    0    |  69,375,569  | -48,340,801 (-69.6799%)  |  541 usec  |  20 usec   |  586 usec  |
              +---------+--------------+--------------------------+------------+------------+------------+
              |    1    |  69,375,569  | -48,340,753 (-69.6798%)  |  542 usec  |  10 usec   |  590 usec  |
              +---------+--------------+--------------------------+------------+------------+------------+
              |    2    |  69,375,569  | -48,341,243 (-69.6805%)  |  547 usec  |  20 usec   |  593 usec  |
              +---------+--------------+--------------------------+------------+------------+------------+
              |    3    |  69,375,569  | -48,340,844 (-69.6799%)  |  549 usec  |  10 usec   |  595 usec  |
              +---------+--------------+--------------------------+------------+------------+------------+
              |  total  | 277,502,276  | -193,363,641 (-69.6800%) |  545 usec  |  10 usec   |  595 usec  |
              +---------+--------------+--------------------------+------------+------------+------------+

            Reverse Chain Packet Counters and Latency:

              +---------+--------------+--------------------------+------------+------------+------------+
              |  Chain  |  TRex.TX.p1  |        TRex.RX.p0        |  Avg lat.  |  Min lat.  |  Max lat.  |
              +=========+==============+==========================+============+============+============+
              |    0    |  69,375,569  | -48,341,327 (-69.6806%)  |  522 usec  |  70 usec   |  593 usec  |
              +---------+--------------+--------------------------+------------+------------+------------+
              |    1    |  69,375,569  | -48,341,272 (-69.6805%)  |  525 usec  |  70 usec   |  575 usec  |
              +---------+--------------+--------------------------+------------+------------+------------+
              |    2    |  69,375,569  | -48,340,690 (-69.6797%)  |  528 usec  |  70 usec   |  600 usec  |
              +---------+--------------+--------------------------+------------+------------+------------+
              |    3    |  69,375,569  | -48,341,036 (-69.6802%)  |  531 usec  |  70 usec   |  582 usec  |
              +---------+--------------+--------------------------+------------+------------+------------+
              |  total  | 277,502,276  | -193,364,325 (-69.6803%) |  527 usec  |  70 usec   |  600 usec  |
              +---------+--------------+--------------------------+------------+------------+------------+


2018-11-28 12:13:56,849 INFO Loading configuration file: /tmp/nfvbench/nfvbench_config.cfg
2018-11-28 12:13:56,882 INFO EXT chain with OpenStack mode disabled
2018-11-28 12:13:56,882 INFO -c /tmp/nfvbench/nfvbench_config.cfg --rate 18500000pps --flow-count 1024 --duration 30 --json /tmp/nfvbench/csp_4c1n_18500000pps-1.json
2018-11-28 12:13:56,884 INFO Connecting to TRex (127.0.0.1)...
2018-11-28 12:13:56,921 INFO Connected to TRex
2018-11-28 12:13:56,921 INFO    Port 0: Device 158b speed=25Gbps mac=3c:fd:fe:bd:f8:60 pci=0000:3b:00.0 driver=net_i40e
2018-11-28 12:13:56,921 INFO    Port 1: Device 158b speed=25Gbps mac=3c:fd:fe:bd:f8:61 pci=0000:3b:00.1 driver=net_i40e
2018-11-28 12:13:56,922 INFO ChainRunner initialized
2018-11-28 12:13:56,923 INFO Starting 4xEXT benchmark...
2018-11-28 12:13:57,027 INFO Polling ARP until successful...
2018-11-28 12:13:57,238 INFO    ARP: port=0 chain=0 src IP=172.16.10.100 dst IP=172.16.10.10 -> MAC=52:54:00:00:00:aa
2018-11-28 12:13:57,238 INFO    ARP: port=0 chain=1 src IP=172.16.10.101 dst IP=172.16.10.11 -> MAC=52:54:01:00:00:aa
2018-11-28 12:13:57,238 INFO    ARP: port=0 chain=2 src IP=172.16.10.102 dst IP=172.16.10.12 -> MAC=52:54:02:00:00:aa
2018-11-28 12:13:57,238 INFO    ARP: port=0 chain=3 src IP=172.16.10.103 dst IP=172.16.10.13 -> MAC=52:54:03:00:00:aa
2018-11-28 12:13:57,238 INFO ARP resolved successfully for port 0
2018-11-28 12:13:57,449 INFO    ARP: port=1 chain=0 src IP=172.16.20.100 dst IP=172.16.20.10 -> MAC=52:54:00:00:00:bb
2018-11-28 12:13:57,449 INFO    ARP: port=1 chain=1 src IP=172.16.20.101 dst IP=172.16.20.11 -> MAC=52:54:01:00:00:bb
2018-11-28 12:13:57,449 INFO    ARP: port=1 chain=2 src IP=172.16.20.102 dst IP=172.16.20.12 -> MAC=52:54:02:00:00:bb
2018-11-28 12:13:57,449 INFO    ARP: port=1 chain=3 src IP=172.16.20.103 dst IP=172.16.20.13 -> MAC=52:54:03:00:00:bb
2018-11-28 12:13:57,449 INFO ARP resolved successfully for port 1
2018-11-28 12:13:57,551 INFO Port 0: dst MAC ['52:54:00:00:00:aa', '52:54:01:00:00:aa', '52:54:02:00:00:aa', '52:54:03:00:00:aa']
2018-11-28 12:13:57,551 INFO Port 1: dst MAC ['52:54:00:00:00:bb', '52:54:01:00:00:bb', '52:54:02:00:00:bb', '52:54:03:00:00:bb']
2018-11-28 12:13:57,551 INFO Starting traffic generator to ensure end-to-end connectivity
2018-11-28 12:13:57,575 INFO Created 4 traffic streams for port 0.
2018-11-28 12:13:57,577 INFO Created 4 traffic streams for port 1.
2018-11-28 12:13:57,688 INFO Captured unique src mac 0/8, capturing return packets (retry 1/100)...
2018-11-28 12:13:59,810 INFO Received packet from mac: 52:54:01:00:00:bb (chain=1, port=1)
2018-11-28 12:13:59,810 INFO Received packet from mac: 52:54:03:00:00:bb (chain=3, port=1)
2018-11-28 12:13:59,811 INFO Received packet from mac: 52:54:00:00:00:bb (chain=0, port=1)
2018-11-28 12:13:59,811 INFO Received packet from mac: 52:54:02:00:00:bb (chain=2, port=1)
2018-11-28 12:13:59,811 INFO Received packet from mac: 52:54:03:00:00:aa (chain=3, port=0)
2018-11-28 12:13:59,811 INFO Received packet from mac: 52:54:00:00:00:aa (chain=0, port=0)
2018-11-28 12:13:59,811 INFO Received packet from mac: 52:54:01:00:00:aa (chain=1, port=0)
2018-11-28 12:13:59,811 INFO Received packet from mac: 52:54:02:00:00:aa (chain=2, port=0)
2018-11-28 12:13:59,812 INFO End-to-end connectivity established
2018-11-28 12:13:59,829 INFO Cleared all existing streams
2018-11-28 12:13:59,860 INFO Created 8 traffic streams for port 0.
2018-11-28 12:13:59,865 INFO Created 8 traffic streams for port 1.
2018-11-28 12:13:59,865 INFO Starting to generate traffic...
2018-11-28 12:13:59,865 INFO Running traffic generator
2018-11-28 12:14:09,892 INFO TX: 185196780; RX: 56153296; Est. Dropped: 129043484; Est. Drop rate: 69.6791%
2018-11-28 12:14:19,908 INFO TX: 370497086; RX: 112322768; Est. Dropped: 258174318; Est. Drop rate: 69.6832%
2018-11-28 12:14:29,902 INFO TX: 555000048; RX: 168188546; Est. Dropped: 386811502; Est. Drop rate: 69.6958%
2018-11-28 12:14:29,902 INFO ...traffic generating ended.
2018-11-28 12:14:29,930 INFO Cleared all existing streams
2018-11-28 12:14:30,021 INFO Created 16 traffic streams for port 0.
2018-11-28 12:14:30,031 INFO Created 16 traffic streams for port 1.
2018-11-28 12:14:30,031 INFO Starting to generate traffic...
2018-11-28 12:14:30,031 INFO Running traffic generator


2018-11-28 12:14:35 - [local][warning]   - [1mCPU util. is high: 86.4%[22m
2018-11-28 12:14:40,057 INFO TX: 144424698; RX: 37427430; Est. Dropped: 106997268; Est. Drop rate: 74.0852%
2018-11-28 12:14:50,074 INFO TX: 288906531; RX: 74879462; Est. Dropped: 214027069; Est. Drop rate: 74.0818%
2018-11-28 12:15:00,072 INFO TX: 432963720; RX: 112233820; Est. Dropped: 320729900; Est. Drop rate: 74.0778%
2018-11-28 12:15:00,072 INFO ...traffic generating ended.
2018-11-28 12:15:00,078 INFO WARNING: There is a significant difference between requested TX rate (18500000.0) and actual TX rate (14432124). The traffic generator may not have sufficient CPU to achieve the requested TX rate.
2018-11-28 12:15:00,078 INFO Service chain 'EXT' run completed.
2018-11-28 12:15:00,078 INFO Clean up skipped.
2018-11-28 12:15:00,106 INFO Saving results in json file: /tmp/nfvbench/csp_4c1n_18500000pps-1.json...
2018-11-28 12:15:00,119 INFO
========== NFVBench Summary ==========
Date: 2018-11-28 12:13:56
NFVBench version 2.0.5
Openstack Neutron:
  vSwitch:
  Encapsulation:
Benchmarks:
> Networks:
  > Components:
    > Traffic Generator:
        Profile: trex-local
        Tool: TRex
    > Versions:
      > Traffic_Generator:
          build_date: Nov 13 2017
          version: v2.32
          built_by: hhaim
          mode: STL
          build_time: 10:58:17
  > Service chain:
    > EXT:
      > Traffic:
          Profile: traffic_profile_2sizes
          Bidirectional: True
          Flow count: 1024
          Service chains count: 4
          Compute nodes: []

            Run Summary:

              +-----------------+-------------+----------------------+----------------------+----------------------+
              |  L2 Frame Size  |  Drop Rate  |   Avg Latency (usec) |   Min Latency (usec) |  Max Latency (usec)  |
              +=================+=============+======================+======================+======================+
              |       64        |  69.6958%   |                  543 |                   10 |         696          |
              +-----------------+-------------+----------------------+----------------------+----------------------+
              |      IMIX       |  74.0778%   |                  806 |                   80 |        1,216         |
              +-----------------+-------------+----------------------+----------------------+----------------------+


            L2 frame size: 64

            Run Config:

              +-------------+---------------------------+------------------------+-----------------+---------------------------+------------------------+-----------------+
              |  Direction  |  Requested TX Rate (bps)  |  Actual TX Rate (bps)  |  RX Rate (bps)  |  Requested TX Rate (pps)  |  Actual TX Rate (pps)  |  RX Rate (pps)  |
              +=============+===========================+========================+=================+===========================+========================+=================+
              |   Forward   |        6.5120 Gbps        |      6.5120 Gbps       |   1.9734 Gbps   |       9,250,000 pps       |     9,250,000 pps      |  2,803,119 pps  |
              +-------------+---------------------------+------------------------+-----------------+---------------------------+------------------------+-----------------+
              |   Reverse   |        6.5120 Gbps        |      6.5120 Gbps       |   1.9734 Gbps   |       9,250,000 pps       |     9,250,000 pps      |  2,803,164 pps  |
              +-------------+---------------------------+------------------------+-----------------+---------------------------+------------------------+-----------------+
              |    Total    |       13.0240 Gbps        |      13.0240 Gbps      |   3.9468 Gbps   |      18,500,000 pps       |     18,500,000 pps     |  5,606,283 pps  |
              +-------------+---------------------------+------------------------+-----------------+---------------------------+------------------------+-----------------+

            Forward Chain Packet Counters and Latency:

              +---------+--------------+--------------------------+------------+------------+------------+
              |  Chain  |  TRex.TX.p0  |        TRex.RX.p1        |  Avg lat.  |  Min lat.  |  Max lat.  |
              +=========+==============+==========================+============+============+============+
              |    0    |  69,375,006  | -48,351,678 (-69.6961%)  |  541 usec  |  20 usec   |  685 usec  |
              +---------+--------------+--------------------------+------------+------------+------------+
              |    1    |  69,375,006  | -48,351,817 (-69.6963%)  |  545 usec  |  20 usec   |  688 usec  |
              +---------+--------------+--------------------------+------------+------------+------------+
              |    2    |  69,375,006  | -48,351,294 (-69.6956%)  |  548 usec  |  10 usec   |  692 usec  |
              +---------+--------------+--------------------------+------------+------------+------------+
              |    3    |  69,375,006  | -48,351,636 (-69.6960%)  |  550 usec  |  10 usec   |  696 usec  |
              +---------+--------------+--------------------------+------------+------------+------------+
              |  total  | 277,500,024  | -193,406,425 (-69.6960%) |  546 usec  |  10 usec   |  696 usec  |
              +---------+--------------+--------------------------+------------+------------+------------+

            Reverse Chain Packet Counters and Latency:

              +---------+--------------+--------------------------+------------+------------+------------+
              |  Chain  |  TRex.TX.p1  |        TRex.RX.p0        |  Avg lat.  |  Min lat.  |  Max lat.  |
              +=========+==============+==========================+============+============+============+
              |    0    |  69,375,006  | -48,351,330 (-69.6956%)  |  538 usec  |  200 usec  |  577 usec  |
              +---------+--------------+--------------------------+------------+------------+------------+
              |    1    |  69,375,006  | -48,351,265 (-69.6955%)  |  541 usec  |  200 usec  |  579 usec  |
              +---------+--------------+--------------------------+------------+------------+------------+
              |    2    |  69,375,006  | -48,351,199 (-69.6954%)  |  543 usec  |  200 usec  |  583 usec  |
              +---------+--------------+--------------------------+------------+------------+------------+
              |    3    |  69,375,006  | -48,351,283 (-69.6955%)  |  546 usec  |  200 usec  |  586 usec  |
              +---------+--------------+--------------------------+------------+------------+------------+
              |  total  | 277,500,024  | -193,405,077 (-69.6955%) |  542 usec  |  200 usec  |  586 usec  |
              +---------+--------------+--------------------------+------------+------------+------------+


            L2 frame size: IMIX

            Run Config:

              +-------------+---------------------------+------------------------+-----------------+---------------------------+------------------------+-----------------+
              |  Direction  |  Requested TX Rate (bps)  |  Actual TX Rate (bps)  |  RX Rate (bps)  |  Requested TX Rate (pps)  |  Actual TX Rate (pps)  |  RX Rate (pps)  |
              +=============+===========================+========================+=================+===========================+========================+=================+
              |   Forward   |       28.2557 Gbps        |      22.0423 Gbps      |   4.7283 Gbps   |       9,250,000 pps       |     7,215,936 pps      |  1,547,882 pps  |
              +-------------+---------------------------+------------------------+-----------------+---------------------------+------------------------+-----------------+
              |   Reverse   |       28.2557 Gbps        |      22.0430 Gbps      |   6.6996 Gbps   |       9,250,000 pps       |     7,216,187 pps      |  2,193,244 pps  |
              +-------------+---------------------------+------------------------+-----------------+---------------------------+------------------------+-----------------+
              |    Total    |       56.5113 Gbps        |      44.0853 Gbps      |  11.4279 Gbps   |      18,500,000 pps       |     14,432,123 pps     |  3,741,126 pps  |
              +-------------+---------------------------+------------------------+-----------------+---------------------------+------------------------+-----------------+

              WARNING: There is a significant difference between requested TX rate (18500000.0) and actual TX rate (14432124). The traffic generator may not have sufficient CPU to achieve the requested TX rate.

            Forward Chain Packet Counters and Latency:

              +---------+--------------+--------------------------+------------+------------+------------+
              |  Chain  |  TRex.TX.p0  |        TRex.RX.p1        |  Avg lat.  |  Min lat.  |  Max lat.  |
              +=========+==============+==========================+============+============+============+
              |    0    |  54,119,524  | -42,509,992 (-78.5483%)  |  856 usec  |  90 usec   | 1,187 usec |
              +---------+--------------+--------------------------+------------+------------+------------+
              |    1    |  54,119,524  | -42,508,517 (-78.5456%)  |  867 usec  |  90 usec   | 1,197 usec |
              +---------+--------------+--------------------------+------------+------------+------------+
              |    2    |  54,119,524  | -42,512,685 (-78.5533%)  |  868 usec  |  80 usec   | 1,207 usec |
              +---------+--------------+--------------------------+------------+------------+------------+
              |    3    |  54,119,524  | -42,510,422 (-78.5491%)  |  871 usec  |  80 usec   | 1,216 usec |
              +---------+--------------+--------------------------+------------+------------+------------+
              |  total  | 216,478,096  | -170,041,616 (-78.5491%) |  866 usec  |  80 usec   | 1,216 usec |
              +---------+--------------+--------------------------+------------+------------+------------+

            Reverse Chain Packet Counters and Latency:

              +---------+--------------+--------------------------+------------+------------+------------+
              |  Chain  |  TRex.TX.p1  |        TRex.RX.p0        |  Avg lat.  |  Min lat.  |  Max lat.  |
              +=========+==============+==========================+============+============+============+
              |    0    |  54,121,406  | -37,668,786 (-69.6005%)  |  730 usec  |  300 usec  |  876 usec  |
              +---------+--------------+--------------------------+------------+------------+------------+
              |    1    |  54,121,406  | -37,678,651 (-69.6188%)  |  723 usec  |  300 usec  |  886 usec  |
              +---------+--------------+--------------------------+------------+------------+------------+
              |    2    |  54,121,406  | -37,676,762 (-69.6153%)  |  725 usec  |  300 usec  |  889 usec  |
              +---------+--------------+--------------------------+------------+------------+------------+
              |    3    |  54,121,406  | -37,664,085 (-69.5918%)  |  717 usec  |  300 usec  |  891 usec  |
              +---------+--------------+--------------------------+------------+------------+------------+
              |  total  | 216,485,624  | -150,688,284 (-69.6066%) |  724 usec  |  300 usec  |  891 usec  |
              +---------+--------------+--------------------------+------------+------------+------------+


