2018-11-27 11:39:12,034 INFO Loading configuration file: /tmp/nfvbench/nfvbench_config.cfg
2018-11-27 11:39:12,065 INFO EXT chain with OpenStack mode disabled
2018-11-27 11:39:12,065 INFO -c /tmp/nfvbench/nfvbench_config.cfg --rate 18500000pps --flow-count 1024 --duration 30 --json /tmp/nfvbench/vsc_2c2n_18500000pps-1.json
2018-11-27 11:39:12,067 INFO Connecting to TRex (127.0.0.1)...
2018-11-27 11:39:12,201 INFO Connected to TRex
2018-11-27 11:39:12,201 INFO    Port 0: Device 158b speed=25Gbps mac=3c:fd:fe:bd:f8:60 pci=0000:3b:00.0 driver=net_i40e
2018-11-27 11:39:12,202 INFO    Port 1: Device 158b speed=25Gbps mac=3c:fd:fe:bd:f8:61 pci=0000:3b:00.1 driver=net_i40e
2018-11-27 11:39:12,202 INFO ChainRunner initialized
2018-11-27 11:39:12,203 INFO Starting 2xEXT benchmark...
2018-11-27 11:39:12,308 INFO Polling ARP until successful...
2018-11-27 11:39:12,518 INFO    ARP: port=0 chain=0 src IP=172.16.10.100 dst IP=172.16.10.10 -> MAC=52:54:00:00:00:aa
2018-11-27 11:39:12,518 INFO    ARP: port=0 chain=1 src IP=172.16.10.101 dst IP=172.16.10.11 -> MAC=52:54:01:00:00:aa
2018-11-27 11:39:12,518 INFO ARP resolved successfully for port 0
2018-11-27 11:39:12,727 INFO    ARP: port=1 chain=0 src IP=172.16.20.100 dst IP=172.16.20.10 -> MAC=52:54:00:00:00:bb
2018-11-27 11:39:12,727 INFO    ARP: port=1 chain=1 src IP=172.16.20.101 dst IP=172.16.20.11 -> MAC=52:54:01:00:00:bb
2018-11-27 11:39:12,727 INFO ARP resolved successfully for port 1
2018-11-27 11:39:12,829 INFO Port 0: dst MAC ['52:54:00:00:00:aa', '52:54:01:00:00:aa']
2018-11-27 11:39:12,829 INFO Port 1: dst MAC ['52:54:00:00:00:bb', '52:54:01:00:00:bb']
2018-11-27 11:39:12,829 INFO Starting traffic generator to ensure end-to-end connectivity
2018-11-27 11:39:12,842 INFO Created 2 traffic streams for port 0.
2018-11-27 11:39:12,843 INFO Created 2 traffic streams for port 1.
2018-11-27 11:39:12,954 INFO Captured unique src mac 0/4, capturing return packets (retry 1/100)...
2018-11-27 11:39:15,075 INFO Received packet from mac: 52:54:01:00:00:bb (chain=1, port=1)
2018-11-27 11:39:15,075 INFO Received packet from mac: 52:54:01:00:00:aa (chain=1, port=0)
2018-11-27 11:39:15,076 INFO Received packet from mac: 52:54:00:00:00:bb (chain=0, port=1)
2018-11-27 11:39:15,076 INFO Received packet from mac: 52:54:00:00:00:aa (chain=0, port=0)
2018-11-27 11:39:15,076 INFO End-to-end connectivity established
2018-11-27 11:39:15,093 INFO Cleared all existing streams
2018-11-27 11:39:15,109 INFO Created 4 traffic streams for port 0.
2018-11-27 11:39:15,111 INFO Created 4 traffic streams for port 1.
2018-11-27 11:39:15,112 INFO Starting to generate traffic...
2018-11-27 11:39:15,112 INFO Running traffic generator
2018-11-27 11:39:25,135 INFO TX: 185194765; RX: 14260978; Est. Dropped: 170933787; Est. Drop rate: 92.2995%
2018-11-27 11:39:35,149 INFO TX: 370470016; RX: 28919403; Est. Dropped: 341550613; Est. Drop rate: 92.1939%
2018-11-27 11:39:45,144 INFO TX: 554991204; RX: 43394830; Est. Dropped: 511596374; Est. Drop rate: 92.1810%
2018-11-27 11:39:45,145 INFO ...traffic generating ended.
2018-11-27 11:39:45,149 INFO Service chain 'EXT' run completed.
2018-11-27 11:39:45,149 INFO Clean up skipped.
2018-11-27 11:39:45,174 INFO Saving results in json file: /tmp/nfvbench/vsc_2c2n_18500000pps-1.json...
2018-11-27 11:39:45,181 INFO 
========== NFVBench Summary ==========
Date: 2018-11-27 11:39:12
NFVBench version 2.0.5
Openstack Neutron:
  vSwitch: 
  Encapsulation: 
Benchmarks:
> Networks:
  > Components:
    > Traffic Generator:
        Profile: trex-local
        Tool: TRex
    > Versions:
      > Traffic_Generator:
          build_date: Nov 13 2017
          version: v2.32
          built_by: hhaim
          mode: STL
          build_time: 10:58:17
  > Service chain:
    > EXT:
      > Traffic:
          Profile: traffic_profile_64B
          Bidirectional: True
          Flow count: 1024
          Service chains count: 2
          Compute nodes: []
            
            Run Summary:
            
              +-----------------+-------------+----------------------+----------------------+----------------------+
              |   L2 Frame Size |  Drop Rate  |   Avg Latency (usec) |   Min Latency (usec) |  Max Latency (usec)  |
              +=================+=============+======================+======================+======================+
              |              64 |  92.1810%   |                  881 |                  200 |        24,367        |
              +-----------------+-------------+----------------------+----------------------+----------------------+
              
            
            L2 frame size: 64
            
            Run Config:
            
              +-------------+---------------------------+------------------------+-----------------+---------------------------+------------------------+-----------------+
              |  Direction  |  Requested TX Rate (bps)  |  Actual TX Rate (bps)  |  RX Rate (bps)  |  Requested TX Rate (pps)  |  Actual TX Rate (pps)  |  RX Rate (pps)  |
              +=============+===========================+========================+=================+===========================+========================+=================+
              |   Forward   |        6.2160 Gbps        |      6.2159 Gbps       |  523.4262 Mbps  |       9,250,000 pps       |     9,249,853 pps      |   778,907 pps   |
              +-------------+---------------------------+------------------------+-----------------+---------------------------+------------------------+-----------------+
              |   Reverse   |        6.2160 Gbps        |      6.2159 Gbps       |  448.6180 Mbps  |       9,250,000 pps       |     9,249,853 pps      |   667,586 pps   |
              +-------------+---------------------------+------------------------+-----------------+---------------------------+------------------------+-----------------+
              |    Total    |       12.4320 Gbps        |      12.4318 Gbps      |  972.0442 Mbps  |      18,500,000 pps       |     18,499,706 pps     |  1,446,493 pps  |
              +-------------+---------------------------+------------------------+-----------------+---------------------------+------------------------+-----------------+
              
            Forward Chain Packet Counters and Latency:
            
              +---------+--------------+--------------------------+------------+------------+-------------+
              |  Chain  |  TRex.TX.p0  |        TRex.RX.p1        |  Avg lat.  |  Min lat.  |  Max lat.   |
              +=========+==============+==========================+============+============+=============+
              |    0    | 138,747,801  | -124,572,425 (-89.7834%) | 1,264 usec |  800 usec  | 21,499 usec |
              +---------+--------------+--------------------------+------------+------------+-------------+
              |    1    | 138,747,801  | -129,555,938 (-93.3751%) |  795 usec  |  200 usec  | 1,108 usec  |
              +---------+--------------+--------------------------+------------+------------+-------------+
              |  total  | 277,495,602  | -254,128,363 (-91.5792%) | 1,030 usec |  200 usec  | 21,499 usec |
              +---------+--------------+--------------------------+------------+------------+-------------+
              
            Reverse Chain Packet Counters and Latency:
            
              +---------+--------------+--------------------------+------------+------------+-------------+
              |  Chain  |  TRex.TX.p1  |        TRex.RX.p0        |  Avg lat.  |  Min lat.  |  Max lat.   |
              +=========+==============+==========================+============+============+=============+
              |    0    | 138,747,801  | -127,598,301 (-91.9642%) |  760 usec  |  500 usec  |  942 usec   |
              +---------+--------------+--------------------------+------------+------------+-------------+
              |    1    | 138,747,801  | -129,869,710 (-93.6013%) |  751 usec  |  500 usec  | 24,367 usec |
              +---------+--------------+--------------------------+------------+------------+-------------+
              |  total  | 277,495,602  | -257,468,011 (-92.7827%) |  756 usec  |  500 usec  | 24,367 usec |
              +---------+--------------+--------------------------+------------+------------+-------------+
              

