2018-11-23 10:49:59,759 INFO Loading configuration file: /tmp/nfvbench/nfvbench_config.cfg
2018-11-23 10:49:59,790 INFO EXT chain with OpenStack mode disabled
2018-11-23 10:49:59,791 INFO -c /tmp/nfvbench/nfvbench_config.cfg --rate 18500000pps --flow-count 1024 --duration 30 --json /tmp/nfvbench/vsc_1c6n_18500000pps-1.json
2018-11-23 10:49:59,792 INFO Connecting to TRex (127.0.0.1)...
2018-11-23 10:49:59,930 INFO Connected to TRex
2018-11-23 10:49:59,930 INFO    Port 0: Device 158b speed=25Gbps mac=3c:fd:fe:bd:f8:60 pci=0000:3b:00.0 driver=net_i40e
2018-11-23 10:49:59,930 INFO    Port 1: Device 158b speed=25Gbps mac=3c:fd:fe:bd:f8:61 pci=0000:3b:00.1 driver=net_i40e
2018-11-23 10:49:59,931 INFO ChainRunner initialized
2018-11-23 10:49:59,932 INFO Starting 1xEXT benchmark...
2018-11-23 10:50:00,037 INFO Polling ARP until successful...
2018-11-23 10:50:00,170 INFO    ARP: port=0 chain=0 src IP=172.16.10.100 dst IP=172.16.10.10 -> MAC=52:54:00:00:00:aa
2018-11-23 10:50:00,170 INFO ARP resolved successfully for port 0
2018-11-23 10:50:00,298 INFO    ARP: port=1 chain=0 src IP=172.16.20.100 dst IP=172.16.20.10 -> MAC=52:54:00:00:00:bb
2018-11-23 10:50:00,298 INFO ARP resolved successfully for port 1
2018-11-23 10:50:00,400 INFO Port 0: dst MAC ['52:54:00:00:00:aa']
2018-11-23 10:50:00,400 INFO Port 1: dst MAC ['52:54:00:00:00:bb']
2018-11-23 10:50:00,400 INFO Starting traffic generator to ensure end-to-end connectivity
2018-11-23 10:50:00,407 INFO Created 1 traffic streams for port 0.
2018-11-23 10:50:00,408 INFO Created 1 traffic streams for port 1.
2018-11-23 10:50:00,526 INFO Captured unique src mac 0/2, capturing return packets (retry 1/100)...
2018-11-23 10:50:02,647 INFO Received packet from mac: 52:54:00:00:00:bb (chain=0, port=1)
2018-11-23 10:50:02,647 INFO Received packet from mac: 52:54:00:00:00:aa (chain=0, port=0)
2018-11-23 10:50:02,647 INFO End-to-end connectivity established
2018-11-23 10:50:02,663 INFO Cleared all existing streams
2018-11-23 10:50:02,671 INFO Created 2 traffic streams for port 0.
2018-11-23 10:50:02,673 INFO Created 2 traffic streams for port 1.
2018-11-23 10:50:02,673 INFO Starting to generate traffic...
2018-11-23 10:50:02,673 INFO Running traffic generator
2018-11-23 10:50:12,693 INFO TX: 185184868; RX: 14993346; Est. Dropped: 170191522; Est. Drop rate: 91.9036%
2018-11-23 10:50:22,707 INFO TX: 370436209; RX: 30011074; Est. Dropped: 340425135; Est. Drop rate: 91.8985%
2018-11-23 10:50:32,703 INFO TX: 554995212; RX: 44966216; Est. Dropped: 510028996; Est. Drop rate: 91.8979%
2018-11-23 10:50:32,703 INFO ...traffic generating ended.
2018-11-23 10:50:32,707 INFO Service chain 'EXT' run completed.
2018-11-23 10:50:32,707 INFO Clean up skipped.
2018-11-23 10:50:32,731 INFO Saving results in json file: /tmp/nfvbench/vsc_1c6n_18500000pps-1.json...
2018-11-23 10:50:32,736 INFO 
========== NFVBench Summary ==========
Date: 2018-11-23 10:49:59
NFVBench version 2.0.5
Openstack Neutron:
  vSwitch: 
  Encapsulation: 
Benchmarks:
> Networks:
  > Components:
    > Traffic Generator:
        Profile: trex-local
        Tool: TRex
    > Versions:
      > Traffic_Generator:
          build_date: Nov 13 2017
          version: v2.32
          built_by: hhaim
          mode: STL
          build_time: 10:58:17
  > Service chain:
    > EXT:
      > Traffic:
          Profile: traffic_profile_64B
          Bidirectional: True
          Flow count: 1024
          Service chains count: 1
          Compute nodes: []
            
            Run Summary:
            
              +-----------------+-------------+----------------------+----------------------+----------------------+
              |   L2 Frame Size |  Drop Rate  |  Avg Latency (usec)  |   Min Latency (usec) |  Max Latency (usec)  |
              +=================+=============+======================+======================+======================+
              |              64 |  91.8979%   |        3,635         |                  100 |        3,975         |
              +-----------------+-------------+----------------------+----------------------+----------------------+
              
            
            L2 frame size: 64
            
            Run Config:
            
              +-------------+---------------------------+------------------------+-----------------+---------------------------+------------------------+-----------------+
              |  Direction  |  Requested TX Rate (bps)  |  Actual TX Rate (bps)  |  RX Rate (bps)  |  Requested TX Rate (pps)  |  Actual TX Rate (pps)  |  RX Rate (pps)  |
              +=============+===========================+========================+=================+===========================+========================+=================+
              |   Forward   |        6.2160 Gbps        |      6.2159 Gbps       |  493.2699 Mbps  |       9,250,000 pps       |     9,249,920 pps      |   734,032 pps   |
              +-------------+---------------------------+------------------------+-----------------+---------------------------+------------------------+-----------------+
              |   Reverse   |        6.2160 Gbps        |      6.2159 Gbps       |  513.9734 Mbps  |       9,250,000 pps       |     9,249,920 pps      |   764,841 pps   |
              +-------------+---------------------------+------------------------+-----------------+---------------------------+------------------------+-----------------+
              |    Total    |       12.4320 Gbps        |      12.4319 Gbps      |   1.0072 Gbps   |      18,500,000 pps       |     18,499,840 pps     |  1,498,873 pps  |
              +-------------+---------------------------+------------------------+-----------------+---------------------------+------------------------+-----------------+
              
            Forward Chain Packet Counters and Latency:
            
              +---------+--------------+--------------------------+------------+------------+------------+
              |   Chain |  TRex.TX.p0  |        TRex.RX.p1        |  Avg lat.  |  Min lat.  |  Max lat.  |
              +=========+==============+==========================+============+============+============+
              |       0 | 277,497,606  | -255,476,629 (-92.0644%) | 3,797 usec |  200 usec  | 3,949 usec |
              +---------+--------------+--------------------------+------------+------------+------------+
              
            Reverse Chain Packet Counters and Latency:
            
              +---------+--------------+--------------------------+------------+------------+------------+
              |   Chain |  TRex.TX.p1  |        TRex.RX.p0        |  Avg lat.  |  Min lat.  |  Max lat.  |
              +=========+==============+==========================+============+============+============+
              |       0 | 277,497,606  | -254,552,367 (-91.7314%) | 3,469 usec |  100 usec  | 3,975 usec |
              +---------+--------------+--------------------------+------------+------------+------------+
              

