2018-11-05 08:26:28,721 INFO Loading configuration file: /tmp/nfvbench/nfvbench_config.cfg
2018-11-05 08:26:28,753 INFO EXT chain with OpenStack mode disabled
2018-11-05 08:26:28,753 INFO -c /tmp/nfvbench/nfvbench_config.cfg --rate ndr --flow-count 1000 --duration 30
2018-11-05 08:26:28,755 INFO Connecting to TRex (127.0.0.1)...
2018-11-05 08:26:28,895 INFO Connected to TRex
2018-11-05 08:26:28,895 INFO    Port 0: Device 158b speed=25Gbps mac=3c:fd:fe:bd:f8:60 pci=0000:3b:00.0 driver=net_i40e
2018-11-05 08:26:28,895 INFO    Port 1: Device 158b speed=25Gbps mac=3c:fd:fe:bd:f8:61 pci=0000:3b:00.1 driver=net_i40e
2018-11-05 08:26:28,896 INFO Port 0: VLANs [1070]
2018-11-05 08:26:28,896 INFO Port 1: VLANs [1064]
2018-11-05 08:26:28,896 INFO Port 0: dst MAC ['52:54:00:00:00:aa']
2018-11-05 08:26:28,896 INFO Port 1: dst MAC ['52:54:00:00:00:bb']
2018-11-05 08:26:28,896 INFO ChainRunner initialized
2018-11-05 08:26:28,896 INFO Adjusting frame size 64 Bytes to minimum size 68 Bytes due to traffic generator restriction
2018-11-05 08:26:28,897 INFO Starting 1xEXT benchmark...
2018-11-05 08:26:28,902 INFO Starting traffic generator to ensure end-to-end connectivity
2018-11-05 08:26:28,908 INFO Created 1 traffic streams for port 0.
2018-11-05 08:26:28,910 INFO Created 1 traffic streams for port 1.
2018-11-05 08:26:29,019 INFO Captured unique src mac 0/2, capturing return packets (retry 1/100)...
2018-11-05 08:26:31,141 INFO Received packet from mac: 52:54:00:00:00:bb (chain=0, port=1)
2018-11-05 08:26:31,141 INFO Received packet from mac: 52:54:00:00:00:aa (chain=0, port=0)
2018-11-05 08:26:31,141 INFO End-to-end connectivity established
2018-11-05 08:26:31,158 INFO Cleared all existing streams
2018-11-05 08:26:31,166 INFO Created 2 traffic streams for port 0.
2018-11-05 08:26:31,168 INFO Created 2 traffic streams for port 1.
2018-11-05 08:26:31,168 INFO *** Searching NDR for 68 (Bidirectional)...
2018-11-05 08:26:31,168 INFO Range search [0.0 .. 200.0] targets: {'ndr': 0.001}
2018-11-05 08:26:31,168 INFO Modified traffic stream for port 0, new rate=100.0%.
2018-11-05 08:26:31,168 INFO Modified traffic stream for port 1, new rate=100.0%.
2018-11-05 08:26:31,168 INFO Running traffic generator


2018-11-05 08:26:38 - [local][warning]   - [1mCPU util. is high: 87.6%[22m
2018-11-05 08:26:41,189 INFO TX: 408903020; RX: 15944862; Est. Dropped: 392958158; Est. Drop rate: 96.1006%
2018-11-05 08:26:51,202 INFO TX: 817945781; RX: 31910943; Est. Dropped: 786034838; Est. Drop rate: 96.0986%
2018-11-05 08:27:01,202 INFO TX: 1225916131; RX: 47831495; Est. Dropped: 1178084636; Est. Drop rate: 96.0983%
2018-11-05 08:27:03,207 INFO WARNING: There is a significant difference between requested TX rate (71022726) and actual TX rate (40863871). The traffic generator may not have sufficient CPU to achieve the requested TX rate.
2018-11-05 08:27:03,208 INFO Average drop rate: 96.098306
2018-11-05 08:27:03,208 INFO Range search [0.0 .. 100.0] targets: {'ndr': 0.001}
2018-11-05 08:27:03,208 INFO Modified traffic stream for port 0, new rate=50.0%.
2018-11-05 08:27:03,208 INFO Modified traffic stream for port 1, new rate=50.0%.
2018-11-05 08:27:03,208 INFO Running traffic generator
2018-11-05 08:27:13,232 INFO TX: 355457912; RX: 15960344; Est. Dropped: 339497568; Est. Drop rate: 95.5099%


2018-11-05 08:27:19 - [local][warning]   - [1mCPU util. is high: 85.1%[22m
2018-11-05 08:27:23,246 INFO TX: 711048010; RX: 31935011; Est. Dropped: 679112999; Est. Drop rate: 95.5087%
2018-11-05 08:27:33,244 INFO TX: 1065320954; RX: 47850854; Est. Dropped: 1017470100; Est. Drop rate: 95.5083%
2018-11-05 08:27:35,249 INFO Average drop rate: 95.508316
2018-11-05 08:27:35,249 INFO Range search [0.0 .. 50.0] targets: {'ndr': 0.001}
2018-11-05 08:27:35,250 INFO Modified traffic stream for port 0, new rate=25.0%.
2018-11-05 08:27:35,250 INFO Modified traffic stream for port 1, new rate=25.0%.
2018-11-05 08:27:35,250 INFO Running traffic generator
2018-11-05 08:27:45,273 INFO TX: 177727227; RX: 15985472; Est. Dropped: 161741755; Est. Drop rate: 91.0056%
2018-11-05 08:27:55,287 INFO TX: 355526988; RX: 31971828; Est. Dropped: 323555160; Est. Drop rate: 91.0072%
2018-11-05 08:28:05,284 INFO TX: 532670822; RX: 47910431; Est. Dropped: 484760391; Est. Drop rate: 91.0056%
2018-11-05 08:28:07,289 INFO Average drop rate: 91.005621
2018-11-05 08:28:07,289 INFO Range search [0.0 .. 25.0] targets: {'ndr': 0.001}
2018-11-05 08:28:07,290 INFO Modified traffic stream for port 0, new rate=12.5%.
2018-11-05 08:28:07,290 INFO Modified traffic stream for port 1, new rate=12.5%.
2018-11-05 08:28:07,290 INFO Running traffic generator
2018-11-05 08:28:17,319 INFO TX: 88892908; RX: 15960941; Est. Dropped: 72931967; Est. Drop rate: 82.0448%
2018-11-05 08:28:27,334 INFO TX: 177793422; RX: 31931437; Est. Dropped: 145861985; Est. Drop rate: 82.0401%
2018-11-05 08:28:37,329 INFO TX: 266335930; RX: 47825889; Est. Dropped: 218510041; Est. Drop rate: 82.0430%
2018-11-05 08:28:39,335 INFO Average drop rate: 82.043020
2018-11-05 08:28:39,335 INFO Range search [0.0 .. 12.5] targets: {'ndr': 0.001}
2018-11-05 08:28:39,335 INFO Modified traffic stream for port 0, new rate=6.25%.
2018-11-05 08:28:39,335 INFO Modified traffic stream for port 1, new rate=6.25%.
2018-11-05 08:28:39,335 INFO Running traffic generator
2018-11-05 08:28:49,360 INFO TX: 44434970; RX: 15940670; Est. Dropped: 28494300; Est. Drop rate: 64.1258%
2018-11-05 08:28:59,372 INFO TX: 88881377; RX: 31889482; Est. Dropped: 56991895; Est. Drop rate: 64.1213%
2018-11-05 08:29:09,371 INFO TX: 133167266; RX: 47787082; Est. Dropped: 85380184; Est. Drop rate: 64.1150%
2018-11-05 08:29:11,377 INFO Average drop rate: 64.114994
2018-11-05 08:29:11,377 INFO Range search [0.0 .. 6.25] targets: {'ndr': 0.001}
2018-11-05 08:29:11,377 INFO Modified traffic stream for port 0, new rate=3.125%.
2018-11-05 08:29:11,377 INFO Modified traffic stream for port 1, new rate=3.125%.
2018-11-05 08:29:11,377 INFO Running traffic generator
2018-11-05 08:29:21,402 INFO TX: 22215257; RX: 17769683; Est. Dropped: 4445574; Est. Drop rate: 20.0114%
2018-11-05 08:29:31,416 INFO TX: 44440953; RX: 35566250; Est. Dropped: 8874703; Est. Drop rate: 19.9697%
2018-11-05 08:29:41,412 INFO TX: 66583876; RX: 53381555; Est. Dropped: 13202321; Est. Drop rate: 19.8281%
2018-11-05 08:29:43,418 INFO Average drop rate: 19.828105
2018-11-05 08:29:43,418 INFO Range search [0.0 .. 3.125] targets: {'ndr': 0.001}
2018-11-05 08:29:43,418 INFO Modified traffic stream for port 0, new rate=1.5625%.
2018-11-05 08:29:43,418 INFO Modified traffic stream for port 1, new rate=1.5625%.
2018-11-05 08:29:43,419 INFO Running traffic generator
2018-11-05 08:29:53,443 INFO TX: 11109175; RX: 11108928; Est. Dropped: 247; Est. Drop rate: 0.0022%
2018-11-05 08:30:03,458 INFO TX: 22222047; RX: 22222047; Est. Dropped: 0; Est. Drop rate: 0.0000%
2018-11-05 08:30:13,453 INFO TX: 33291914; RX: 33291914; Est. Dropped: 0; Est. Drop rate: 0.0000%
2018-11-05 08:30:15,458 INFO Average drop rate: 0.000000
2018-11-05 08:30:15,459 INFO Range search [1.5625 .. 3.125] targets: {'ndr': 0.001}
2018-11-05 08:30:15,459 INFO Modified traffic stream for port 0, new rate=2.34375%.
2018-11-05 08:30:15,459 INFO Modified traffic stream for port 1, new rate=2.34375%.
2018-11-05 08:30:15,459 INFO Running traffic generator
2018-11-05 08:30:25,481 INFO TX: 16662173; RX: 16661877; Est. Dropped: 296; Est. Drop rate: 0.0018%
2018-11-05 08:30:35,496 INFO TX: 33331108; RX: 33330787; Est. Dropped: 321; Est. Drop rate: 0.0010%
2018-11-05 08:30:45,494 INFO TX: 49937790; RX: 49937790; Est. Dropped: 0; Est. Drop rate: 0.0000%
2018-11-05 08:30:47,500 INFO Average drop rate: 0.000000
2018-11-05 08:30:47,500 INFO Range search [2.34375 .. 3.125] targets: {'ndr': 0.001}
2018-11-05 08:30:47,500 INFO Modified traffic stream for port 0, new rate=2.734375%.
2018-11-05 08:30:47,500 INFO Modified traffic stream for port 1, new rate=2.734375%.
2018-11-05 08:30:47,500 INFO Running traffic generator
2018-11-05 08:30:57,524 INFO TX: 19439249; RX: 19434980; Est. Dropped: 4269; Est. Drop rate: 0.0220%
2018-11-05 08:31:07,538 INFO TX: 38885246; RX: 38880816; Est. Dropped: 4430; Est. Drop rate: 0.0114%
2018-11-05 08:31:17,536 INFO TX: 58260912; RX: 58256804; Est. Dropped: 4108; Est. Drop rate: 0.0071%
2018-11-05 08:31:19,542 INFO Average drop rate: 0.007051
2018-11-05 08:31:19,542 INFO Range search [2.34375 .. 2.734375] targets: {'ndr': 0.001}
2018-11-05 08:31:19,542 INFO Modified traffic stream for port 0, new rate=2.5390625%.
2018-11-05 08:31:19,542 INFO Modified traffic stream for port 1, new rate=2.5390625%.
2018-11-05 08:31:19,542 INFO Running traffic generator
2018-11-05 08:31:29,571 INFO TX: 18051165; RX: 18050556; Est. Dropped: 609; Est. Drop rate: 0.0034%
2018-11-05 08:31:39,585 INFO TX: 36109056; RX: 36108446; Est. Dropped: 610; Est. Drop rate: 0.0017%
2018-11-05 08:31:49,581 INFO TX: 54099314; RX: 54099314; Est. Dropped: 0; Est. Drop rate: 0.0000%
2018-11-05 08:31:51,587 INFO Average drop rate: 0.000000
2018-11-05 08:31:51,587 INFO Range search [2.5390625 .. 2.734375] targets: {'ndr': 0.001}
2018-11-05 08:31:51,587 INFO Modified traffic stream for port 0, new rate=2.63671875%.
2018-11-05 08:31:51,588 INFO Modified traffic stream for port 1, new rate=2.63671875%.
2018-11-05 08:31:51,588 INFO Running traffic generator
2018-11-05 08:32:01,611 INFO TX: 18744038; RX: 18743319; Est. Dropped: 719; Est. Drop rate: 0.0038%
2018-11-05 08:32:11,625 INFO TX: 37496698; RX: 37496170; Est. Dropped: 528; Est. Drop rate: 0.0014%
2018-11-05 08:32:21,622 INFO TX: 56180004; RX: 56180004; Est. Dropped: 0; Est. Drop rate: 0.0000%
2018-11-05 08:32:23,627 INFO Average drop rate: 0.000000
2018-11-05 08:32:23,627 INFO Range search [2.63671875 .. 2.734375] targets: {'ndr': 0.001}
2018-11-05 08:32:23,628 INFO Found ndr (0.001) load: 2.63671875
2018-11-05 08:32:23,628 INFO NDR load: 5.2734375
2018-11-05 08:32:23,628 INFO Service chain 'EXT' run completed.
2018-11-05 08:32:23,628 INFO Clean up skipped.
2018-11-05 08:32:23,658 INFO 
========== NFVBench Summary ==========
Date: 2018-11-05 08:26:28
NFVBench version 2.0.2
Openstack Neutron:
  vSwitch: 
  Encapsulation: 
Benchmarks:
> Networks:
  > Components:
    > Traffic Generator:
        Profile: trex-local
        Tool: TRex
    > Versions:
      > Traffic_Generator:
          build_date: Nov 13 2017
          version: v2.32
          built_by: hhaim
          mode: STL
          build_time: 10:58:17
  > Measurement Parameters:
      NDR: 0.001
  > Service chain:
    > EXT:
      > Traffic:
          Profile: traffic_profile_64B
          Bidirectional: True
          Flow count: 1000
          Service chains count: 1
          Compute nodes: []
            
            Run Summary:
            
              +-----+-----------------+------------------+------------------+-----------------+----------------------+----------------------+----------------------+
              |  -  |   L2 Frame Size |  Rate (fwd+rev)  |  Rate (fwd+rev)  |  Avg Drop Rate  |   Avg Latency (usec) |   Min Latency (usec) |   Max Latency (usec) |
              +=====+=================+==================+==================+=================+======================+======================+======================+
              | NDR |              64 |   1.3184 Gbps    |  1,872,668 pps   |     0.0000%     |                  382 |                   30 |                  479 |
              +-----+-----------------+------------------+------------------+-----------------+----------------------+----------------------+----------------------+
              
            
            L2 frame size: 64
            Actual l2 frame size: 68
            NDR search duration: 352 seconds
            

