2018-10-31 14:24:43,921 INFO Loading configuration file: /tmp/nfvbench/nfvbench_config.cfg
2018-10-31 14:24:43,953 INFO EXT chain with OpenStack mode disabled
2018-10-31 14:24:43,953 INFO -c /tmp/nfvbench/nfvbench_config.cfg --rate 20Gbps --flow-count 1000 --duration 30
2018-10-31 14:24:43,954 INFO Connecting to TRex (127.0.0.1)...
2018-10-31 14:24:44,088 ERROR {'status': 'ERROR', 'error_message': 'Traceback (most recent call last):\n  File "/nfvbench/nfvbench/nfvbench.py", line 613, in main\n    raise Exception(result[\'error_message\'])\nException: Traceback (most recent call last):\n  File "/nfvbench/nfvbench/nfvbench.py", line 91, in run\n    self.notifier)\n  File "/nfvbench/nfvbench/chain_runner.py", line 62, in __init__\n    self.traffic_client.start_traffic_generator()\n  File "/nfvbench/nfvbench/traffic_client.py", line 443, in start_traffic_generator\n    self.gen.connect()\n  File "/nfvbench/nfvbench/traffic_gen/trex.py", line 392, in connect\n    self.client.reset(ports)\n  File "/usr/local/lib/python2.7/dist-packages/trex_stl_lib/trex_stl_client.py", line 1199, in wrap2\n    ret = f(*args, **kwargs)\n  File "/usr/local/lib/python2.7/dist-packages/trex_stl_lib/trex_stl_client.py", line 2406, in reset\n    raise e\nSTLError: \n\x1b[1m******\x1b[22m\n\n\x1b[4mException stack (most recent call last):\x1b[24m\n\n#5     \x1b[1mnfvbench.py\x1b[22m:\x1b[1m91\x1b[22m                   - \'\x1b[1mself.notifier)\x1b[22m\'\n#4     \x1b[1mchain_runner.py\x1b[22m:\x1b[1m62\x1b[22m               - \'\x1b[1mself.traffic_client.start_traffic_generator()\x1b[22m\'\n#3     \x1b[1mtraffic_client.py\x1b[22m:\x1b[1m443\x1b[22m            - \'\x1b[1mself.gen.connect()\x1b[22m\'\n#2     \x1b[1mtrex.py\x1b[22m:\x1b[1m392\x1b[22m                      - \'\x1b[1mself.client.reset(ports)\x1b[22m\'\n#1     \x1b[1mtrex_stl_client.py\x1b[22m:\x1b[1m1199\x1b[22m          - \'\x1b[1mret = f(*args, **kwargs)\x1b[22m\'\n#0     \x1b[1mtrex_stl_client.py\x1b[22m:\x1b[1m2406\x1b[22m          - \'\x1b[1mraise e\x1b[22m\'\n\n\x1b[4mSummary error message:\x1b[24m\n\n\x1b[1m\x1b[1mPort 0 : *** unable to disable service mode - an active capture on port 0 exists\x1b[22m\x1b[22m\n\x1b[1m\x1b[1mPort 1 : *** unable to disable service mode - an active capture on port 1 exists\x1b[22m\x1b[22m\n\n\n'}
Traceback (most recent call last):
  File "/nfvbench/nfvbench/nfvbench.py", line 91, in run
    self.notifier)
  File "/nfvbench/nfvbench/chain_runner.py", line 62, in __init__
    self.traffic_client.start_traffic_generator()
  File "/nfvbench/nfvbench/traffic_client.py", line 443, in start_traffic_generator
    self.gen.connect()
  File "/nfvbench/nfvbench/traffic_gen/trex.py", line 392, in connect
    self.client.reset(ports)
  File "/usr/local/lib/python2.7/dist-packages/trex_stl_lib/trex_stl_client.py", line 1199, in wrap2
    ret = f(*args, **kwargs)
  File "/usr/local/lib/python2.7/dist-packages/trex_stl_lib/trex_stl_client.py", line 2406, in reset
    raise e
STLError: 
[1m******[22m

[4mException stack (most recent call last):[24m

#5     [1mnfvbench.py[22m:[1m91[22m                   - '[1mself.notifier)[22m'
#4     [1mchain_runner.py[22m:[1m62[22m               - '[1mself.traffic_client.start_traffic_generator()[22m'
#3     [1mtraffic_client.py[22m:[1m443[22m            - '[1mself.gen.connect()[22m'
#2     [1mtrex.py[22m:[1m392[22m                      - '[1mself.client.reset(ports)[22m'
#1     [1mtrex_stl_client.py[22m:[1m1199[22m          - '[1mret = f(*args, **kwargs)[22m'
#0     [1mtrex_stl_client.py[22m:[1m2406[22m          - '[1mraise e[22m'

[4mSummary error message:[24m

[1m[1mPort 0 : *** unable to disable service mode - an active capture on port 0 exists[22m[22m
[1m[1mPort 1 : *** unable to disable service mode - an active capture on port 1 exists[22m[22m


2018-10-31 14:24:59,780 INFO Loading configuration file: /tmp/nfvbench/nfvbench_config.cfg
2018-10-31 14:24:59,811 INFO EXT chain with OpenStack mode disabled
2018-10-31 14:24:59,811 INFO -c /tmp/nfvbench/nfvbench_config.cfg --rate 20Gbps --flow-count 1000 --duration 30
2018-10-31 14:24:59,816 INFO Connecting to TRex (127.0.0.1)...
nohup: ignoring input and appending output to 'nohup.out'
2018-10-31 14:25:04,821 INFO TRex server is running...
2018-10-31 14:25:12,735 INFO Connected to TRex
2018-10-31 14:25:12,735 INFO    Port 0: Device 158b speed=25Gbps mac=3c:fd:fe:bd:f8:60 pci=0000:3b:00.0 driver=net_i40e
2018-10-31 14:25:12,735 INFO    Port 1: Device 158b speed=25Gbps mac=3c:fd:fe:bd:f8:61 pci=0000:3b:00.1 driver=net_i40e
2018-10-31 14:25:12,736 INFO Port 0: dst MAC ['52:54:00:00:00:aa']
2018-10-31 14:25:12,736 INFO Port 1: dst MAC ['52:54:00:00:00:bb']
2018-10-31 14:25:12,736 INFO ChainRunner initialized
2018-10-31 14:25:12,737 INFO Starting 1xEXT benchmark...
2018-10-31 14:25:12,949 INFO Starting traffic generator to ensure end-to-end connectivity
2018-10-31 14:25:12,955 INFO Created 1 traffic streams for port 0.
2018-10-31 14:25:12,956 INFO Created 1 traffic streams for port 1.
2018-10-31 14:25:13,066 INFO Captured unique src mac 0/2, capturing return packets (retry 1/100)...
2018-10-31 14:25:15,188 INFO Received packet from mac: 52:54:00:00:00:bb (chain=0, port=1)
2018-10-31 14:25:15,188 INFO Received packet from mac: 52:54:00:00:00:aa (chain=0, port=0)
2018-10-31 14:25:15,188 INFO End-to-end connectivity established
2018-10-31 14:25:15,206 INFO Cleared all existing streams
2018-10-31 14:25:15,213 INFO Created 2 traffic streams for port 0.
2018-10-31 14:25:15,215 INFO Created 2 traffic streams for port 1.
2018-10-31 14:25:15,218 INFO Starting to generate traffic...
2018-10-31 14:25:15,218 INFO Running traffic generator
2018-10-31 14:25:25,238 INFO TX: 297927928; RX: 58721633; Est. Dropped: 239206295; Est. Drop rate: 80.2900%
2018-10-31 14:25:35,250 INFO TX: 595898154; RX: 117955998; Est. Dropped: 477942156; Est. Drop rate: 80.2053%
2018-10-31 14:25:45,245 INFO TX: 892857120; RX: 177220119; Est. Dropped: 715637001; Est. Drop rate: 80.1513%
2018-10-31 14:25:45,245 INFO ...traffic generating ended.
2018-10-31 14:25:45,248 INFO Service chain 'EXT' run completed.
2018-10-31 14:25:45,249 INFO Clean up skipped.
2018-10-31 14:25:45,281 INFO 
========== NFVBench Summary ==========
Date: 2018-10-31 14:25:12
NFVBench version 2.0.1
Openstack Neutron:
  vSwitch: 
  Encapsulation: 
Benchmarks:
> Networks:
  > Components:
    > Traffic Generator:
        Profile: trex-local
        Tool: TRex
    > Versions:
      > Traffic_Generator:
          build_date: Nov 13 2017
          version: v2.32
          built_by: hhaim
          mode: STL
          build_time: 10:58:17
  > Service chain:
    > EXT:
      > Traffic:
          Profile: traffic_profile_64B
          Bidirectional: True
          Flow count: 1000
          Service chains count: 1
          Compute nodes: []
            
            Run Summary:
            
              +-----------------+-------------+----------------------+----------------------+----------------------+
              |   L2 Frame Size |  Drop Rate  |   Avg Latency (usec) |   Min Latency (usec) |   Max Latency (usec) |
              +=================+=============+======================+======================+======================+
              |              64 |  80.1513%   |                   85 |                   10 |                  109 |
              +-----------------+-------------+----------------------+----------------------+----------------------+
              
            
            L2 frame size: 64
            
            Run Config:
            
              +-------------+---------------------------+------------------------+-----------------+---------------------------+------------------------+-----------------+
              |  Direction  |  Requested TX Rate (bps)  |  Actual TX Rate (bps)  |  RX Rate (bps)  |  Requested TX Rate (pps)  |  Actual TX Rate (pps)  |  RX Rate (pps)  |
              +=============+===========================+========================+=================+===========================+========================+=================+
              |   Forward   |       10.0000 Gbps        |      10.0000 Gbps      |   1.9849 Gbps   |      14,880,952 pps       |     14,880,952 pps     |  2,953,667 pps  |
              +-------------+---------------------------+------------------------+-----------------+---------------------------+------------------------+-----------------+
              |   Reverse   |       10.0000 Gbps        |      10.0000 Gbps      |   1.9849 Gbps   |      14,880,952 pps       |     14,880,952 pps     |  2,953,669 pps  |
              +-------------+---------------------------+------------------------+-----------------+---------------------------+------------------------+-----------------+
              |    Total    |       20.0000 Gbps        |      20.0000 Gbps      |   3.9697 Gbps   |      29,761,904 pps       |     29,761,904 pps     |  5,907,336 pps  |
              +-------------+---------------------------+------------------------+-----------------+---------------------------+------------------------+-----------------+
              
            Forward Chain Packet Counters and Latency:
            
              +---------+--------------+--------------------------+------------+------------+------------+
              |   Chain |  TRex.TX.p0  |        TRex.RX.p1        |  Avg lat.  |  Min lat.  |  Max lat.  |
              +=========+==============+==========================+============+============+============+
              |       0 | 446,428,560  | -357,818,538 (-80.1514%) |  86 usec   |  10 usec   |  109 usec  |
              +---------+--------------+--------------------------+------------+------------+------------+
              
            Reverse Chain Packet Counters and Latency:
            
              +---------+--------------+--------------------------+------------+------------+------------+
              |   Chain |  TRex.TX.p1  |        TRex.RX.p0        |  Avg lat.  |  Min lat.  |  Max lat.  |
              +=========+==============+==========================+============+============+============+
              |       0 | 446,428,560  | -357,818,463 (-80.1513%) |  85 usec   |  10 usec   |  109 usec  |
              +---------+--------------+--------------------------+------------+------------+------------+
              

2018-10-31 14:28:51,877 INFO Loading configuration file: /tmp/nfvbench/nfvbench_config.cfg
2018-10-31 14:28:51,907 INFO EXT chain with OpenStack mode disabled
2018-10-31 14:28:51,908 INFO -c /tmp/nfvbench/nfvbench_config.cfg --rate 20Gbps --flow-count 1000 --duration 30
2018-10-31 14:28:51,909 INFO Connecting to TRex (127.0.0.1)...
2018-10-31 14:28:52,049 INFO Connected to TRex
2018-10-31 14:28:52,050 INFO    Port 0: Device 158b speed=25Gbps mac=3c:fd:fe:bd:f8:60 pci=0000:3b:00.0 driver=net_i40e
2018-10-31 14:28:52,050 INFO    Port 1: Device 158b speed=25Gbps mac=3c:fd:fe:bd:f8:61 pci=0000:3b:00.1 driver=net_i40e
2018-10-31 14:28:52,050 INFO Port 0: dst MAC ['52:54:00:00:00:aa']
2018-10-31 14:28:52,050 INFO Port 1: dst MAC ['52:54:00:00:00:bb']
2018-10-31 14:28:52,051 INFO ChainRunner initialized
2018-10-31 14:28:52,051 INFO Starting 1xEXT benchmark...
2018-10-31 14:28:52,261 INFO Starting traffic generator to ensure end-to-end connectivity
2018-10-31 14:28:52,267 INFO Created 1 traffic streams for port 0.
2018-10-31 14:28:52,268 INFO Created 1 traffic streams for port 1.
2018-10-31 14:28:52,377 INFO Captured unique src mac 0/2, capturing return packets (retry 1/100)...
2018-10-31 14:28:54,498 INFO Received packet from mac: 52:54:00:00:00:aa (chain=0, port=0)
2018-10-31 14:28:54,498 INFO Received packet from mac: 52:54:00:00:00:bb (chain=0, port=1)
2018-10-31 14:28:54,498 INFO End-to-end connectivity established
2018-10-31 14:28:54,515 INFO Cleared all existing streams
2018-10-31 14:28:54,523 INFO Created 2 traffic streams for port 0.
2018-10-31 14:28:54,524 INFO Created 2 traffic streams for port 1.
2018-10-31 14:28:54,527 INFO Starting to generate traffic...
2018-10-31 14:28:54,527 INFO Running traffic generator
2018-10-31 14:29:04,545 INFO TX: 297850108; RX: 58909851; Est. Dropped: 238940257; Est. Drop rate: 80.2216%
2018-10-31 14:29:14,550 INFO TX: 595612819; RX: 118515590; Est. Dropped: 477097229; Est. Drop rate: 80.1019%
2018-10-31 14:29:24,558 INFO TX: 892857140; RX: 178184323; Est. Dropped: 714672817; Est. Drop rate: 80.0434%
2018-10-31 14:29:24,558 INFO ...traffic generating ended.
2018-10-31 14:29:24,562 INFO Service chain 'EXT' run completed.
2018-10-31 14:29:24,562 INFO Clean up skipped.
2018-10-31 14:29:24,588 INFO 
========== NFVBench Summary ==========
Date: 2018-10-31 14:28:52
NFVBench version 2.0.1
Openstack Neutron:
  vSwitch: 
  Encapsulation: 
Benchmarks:
> Networks:
  > Components:
    > Traffic Generator:
        Profile: trex-local
        Tool: TRex
    > Versions:
      > Traffic_Generator:
          build_date: Nov 13 2017
          version: v2.32
          built_by: hhaim
          mode: STL
          build_time: 10:58:17
  > Service chain:
    > EXT:
      > Traffic:
          Profile: traffic_profile_64B
          Bidirectional: True
          Flow count: 1000
          Service chains count: 1
          Compute nodes: []
            
            Run Summary:
            
              +-----------------+-------------+----------------------+----------------------+----------------------+
              |   L2 Frame Size |  Drop Rate  |   Avg Latency (usec) |   Min Latency (usec) |   Max Latency (usec) |
              +=================+=============+======================+======================+======================+
              |              64 |  80.0434%   |                   84 |                   10 |                  148 |
              +-----------------+-------------+----------------------+----------------------+----------------------+
              
            
            L2 frame size: 64
            
            Run Config:
            
              +-------------+---------------------------+------------------------+-----------------+---------------------------+------------------------+-----------------+
              |  Direction  |  Requested TX Rate (bps)  |  Actual TX Rate (bps)  |  RX Rate (bps)  |  Requested TX Rate (pps)  |  Actual TX Rate (pps)  |  RX Rate (pps)  |
              +=============+===========================+========================+=================+===========================+========================+=================+
              |   Forward   |       10.0000 Gbps        |      10.0000 Gbps      |   1.9962 Gbps   |      14,880,952 pps       |     14,880,952 pps     |  2,970,567 pps  |
              +-------------+---------------------------+------------------------+-----------------+---------------------------+------------------------+-----------------+
              |   Reverse   |       10.0000 Gbps        |      10.0000 Gbps      |   1.9951 Gbps   |      14,880,952 pps       |     14,880,952 pps     |  2,968,909 pps  |
              +-------------+---------------------------+------------------------+-----------------+---------------------------+------------------------+-----------------+
              |    Total    |       20.0000 Gbps        |      20.0000 Gbps      |   3.9913 Gbps   |      29,761,904 pps       |     29,761,904 pps     |  5,939,476 pps  |
              +-------------+---------------------------+------------------------+-----------------+---------------------------+------------------------+-----------------+
              
            Forward Chain Packet Counters and Latency:
            
              +---------+--------------+--------------------------+------------+------------+------------+
              |   Chain |  TRex.TX.p0  |        TRex.RX.p1        |  Avg lat.  |  Min lat.  |  Max lat.  |
              +=========+==============+==========================+============+============+============+
              |       0 | 446,428,570  | -357,311,539 (-80.0378%) |  85 usec   |  10 usec   |  148 usec  |
              +---------+--------------+--------------------------+------------+------------+------------+
              
            Reverse Chain Packet Counters and Latency:
            
              +---------+--------------+--------------------------+------------+------------+------------+
              |   Chain |  TRex.TX.p1  |        TRex.RX.p0        |  Avg lat.  |  Min lat.  |  Max lat.  |
              +=========+==============+==========================+============+============+============+
              |       0 | 446,428,570  | -357,361,278 (-80.0489%) |  84 usec   |  20 usec   |  109 usec  |
              +---------+--------------+--------------------------+------------+------------+------------+
              

