2018-11-08 11:22:42,192 INFO Loading configuration string: /tmp/nfvbench/nfvbench_config.cfg
2018-11-08 11:22:42,193 ERROR {'status': 'ERROR', 'error_message': 'Traceback (most recent call last):\n  File "/nfvbench/nfvbench/nfvbench.py", line 503, in main\n    config = config_loads(opts.config, config, whitelist_keys)\n  File "/nfvbench/nfvbench/config.py", line 46, in config_loads\n    cfg = AttrDict(yaml.load(cfg_text))\n  File "/usr/local/lib/python2.7/dist-packages/attrdict/dictionary.py", line 17, in __init__\n    super(AttrDict, self).__init__(*args, **kwargs)\nValueError: dictionary update sequence element #0 has length 1; 2 is required\n'}
dictionary update sequence element #0 has length 1; 2 is required
2018-11-08 11:25:45,933 INFO Loading configuration file: /tmp/nfvbench/nfvbench_config.cfg
2018-11-08 11:25:45,964 INFO EXT chain with OpenStack mode disabled
2018-11-08 11:25:45,965 INFO -c /tmp/nfvbench/nfvbench_config.cfg --rate 20Gbps --flow-count 1000 --duration 30
2018-11-08 11:25:45,970 INFO Connecting to TRex (127.0.0.1)...
nohup: ignoring input and appending output to 'nohup.out'
2018-11-08 11:25:50,974 INFO TRex server is running...
2018-11-08 11:25:58,891 INFO Connected to TRex
2018-11-08 11:25:58,891 INFO    Port 0: Device 158b speed=25Gbps mac=3c:fd:fe:bd:f8:60 pci=0000:3b:00.0 driver=net_i40e
2018-11-08 11:25:58,891 INFO    Port 1: Device 158b speed=25Gbps mac=3c:fd:fe:bd:f8:61 pci=0000:3b:00.1 driver=net_i40e
2018-11-08 11:25:58,892 INFO Port 0: VLANs [1070]
2018-11-08 11:25:58,892 INFO Port 1: VLANs [1064]
2018-11-08 11:25:58,892 INFO ChainRunner initialized
2018-11-08 11:25:58,893 INFO Adjusting frame size 64 Bytes to minimum size 68 Bytes due to traffic generator restriction
2018-11-08 11:25:58,894 INFO Starting 1xEXT benchmark...
2018-11-08 11:25:58,999 INFO Polling ARP until successful...
2018-11-08 11:25:59,110 INFO    ARP: port=0 chain=0 src IP=172.16.10.100 dst IP=172.16.10.10 -> MAC=52:54:00:00:00:aa
2018-11-08 11:25:59,110 INFO ARP resolved successfully for port 0
2018-11-08 11:25:59,221 INFO    ARP: port=1 chain=0 src IP=172.16.20.100 dst IP=172.16.20.10 -> MAC=52:54:00:00:00:bb
2018-11-08 11:25:59,221 INFO ARP resolved successfully for port 1
2018-11-08 11:25:59,327 INFO Port 0: dst MAC ['52:54:00:00:00:aa']
2018-11-08 11:25:59,327 INFO Port 1: dst MAC ['52:54:00:00:00:bb']
2018-11-08 11:25:59,327 INFO Starting traffic generator to ensure end-to-end connectivity
2018-11-08 11:25:59,335 INFO Created 1 traffic streams for port 0.
2018-11-08 11:25:59,336 INFO Created 1 traffic streams for port 1.
2018-11-08 11:25:59,445 INFO Captured unique src mac 0/2, capturing return packets (retry 1/100)...
2018-11-08 11:26:01,568 INFO Received packet from mac: 52:54:00:00:00:bb (chain=0, port=1)
2018-11-08 11:26:01,568 INFO Received packet from mac: 52:54:00:00:00:aa (chain=0, port=0)
2018-11-08 11:26:01,568 INFO End-to-end connectivity established
2018-11-08 11:26:01,585 INFO Cleared all existing streams
2018-11-08 11:26:01,594 INFO Created 2 traffic streams for port 0.
2018-11-08 11:26:01,595 INFO Created 2 traffic streams for port 1.
2018-11-08 11:26:01,599 INFO Starting to generate traffic...
2018-11-08 11:26:01,599 INFO Running traffic generator
2018-11-08 11:26:11,620 INFO TX: 284387663; RX: 46671561; Est. Dropped: 237716102; Est. Drop rate: 83.5888%
2018-11-08 11:26:21,635 INFO TX: 568921028; RX: 93310922; Est. Dropped: 475610106; Est. Drop rate: 83.5986%
2018-11-08 11:26:31,630 INFO TX: 852272702; RX: 139749171; Est. Dropped: 712523531; Est. Drop rate: 83.6028%
2018-11-08 11:26:31,630 INFO ...traffic generating ended.
2018-11-08 11:26:31,634 INFO Service chain 'EXT' run completed.
2018-11-08 11:26:31,634 INFO Clean up skipped.
2018-11-08 11:26:31,663 INFO 
========== NFVBench Summary ==========
Date: 2018-11-08 11:25:58
NFVBench version 2.0.3
Openstack Neutron:
  vSwitch: 
  Encapsulation: 
Benchmarks:
> Networks:
  > Components:
    > Traffic Generator:
        Profile: trex-local
        Tool: TRex
    > Versions:
      > Traffic_Generator:
          build_date: Nov 13 2017
          version: v2.32
          built_by: hhaim
          mode: STL
          build_time: 10:58:17
  > Service chain:
    > EXT:
      > Traffic:
          Profile: traffic_profile_64B
          Bidirectional: True
          Flow count: 1000
          Service chains count: 1
          Compute nodes: []
            
            Run Summary:
            
              +-----------------+-------------+----------------------+----------------------+----------------------+
              |   L2 Frame Size |  Drop Rate  |   Avg Latency (usec) |   Min Latency (usec) |   Max Latency (usec) |
              +=================+=============+======================+======================+======================+
              |              64 |  83.6028%   |                  113 |                   10 |                  454 |
              +-----------------+-------------+----------------------+----------------------+----------------------+
              
            
            L2 frame size: 64
            Actual l2 frame size: 68
            
            Run Config:
            
              +-------------+---------------------------+------------------------+-----------------+---------------------------+------------------------+-----------------+
              |  Direction  |  Requested TX Rate (bps)  |  Actual TX Rate (bps)  |  RX Rate (bps)  |  Requested TX Rate (pps)  |  Actual TX Rate (pps)  |  RX Rate (pps)  |
              +=============+===========================+========================+=================+===========================+========================+=================+
              |   Forward   |       10.0000 Gbps        |      10.0000 Gbps      |   1.6413 Gbps   |      14,204,545 pps       |     14,204,545 pps     |  2,331,440 pps  |
              +-------------+---------------------------+------------------------+-----------------+---------------------------+------------------------+-----------------+
              |   Reverse   |       10.0000 Gbps        |      10.0000 Gbps      |   1.6381 Gbps   |      14,204,545 pps       |     14,204,545 pps     |  2,326,865 pps  |
              +-------------+---------------------------+------------------------+-----------------+---------------------------+------------------------+-----------------+
              |    Total    |       20.0000 Gbps        |      20.0000 Gbps      |   3.2794 Gbps   |      28,409,090 pps       |     28,409,090 pps     |  4,658,305 pps  |
              +-------------+---------------------------+------------------------+-----------------+---------------------------+------------------------+-----------------+
              
            Forward Chain Packet Counters and Latency:
            
              +---------+--------------+--------------------------+------------+------------+------------+
              |   Chain |  TRex.TX.p0  |        TRex.RX.p1        |  Avg lat.  |  Min lat.  |  Max lat.  |
              +=========+==============+==========================+============+============+============+
              |       0 | 426,136,351  | -356,193,143 (-83.5867%) |  113 usec  |  10 usec   |  160 usec  |
              +---------+--------------+--------------------------+------------+------------+------------+
              
            Reverse Chain Packet Counters and Latency:
            
              +---------+--------------+--------------------------+------------+------------+------------+
              |   Chain |  TRex.TX.p1  |        TRex.RX.p0        |  Avg lat.  |  Min lat.  |  Max lat.  |
              +=========+==============+==========================+============+============+============+
              |       0 | 426,136,351  | -356,330,388 (-83.6189%) |  114 usec  |  90 usec   |  454 usec  |
              +---------+--------------+--------------------------+------------+------------+------------+
              

