2018-10-31 15:45:29,530 INFO Loading configuration file: /tmp/nfvbench/nfvbench_config.cfg
2018-10-31 15:45:29,561 INFO EXT chain with OpenStack mode disabled
2018-10-31 15:45:29,561 INFO -c /tmp/nfvbench/nfvbench_config.cfg --rate ndr --flow-count 1000 --duration 30
2018-10-31 15:45:29,562 INFO Connecting to TRex (127.0.0.1)...
2018-10-31 15:45:29,703 INFO Connected to TRex
2018-10-31 15:45:29,703 INFO    Port 0: Device 158b speed=25Gbps mac=3c:fd:fe:bd:f8:60 pci=0000:3b:00.0 driver=net_i40e
2018-10-31 15:45:29,703 INFO    Port 1: Device 158b speed=25Gbps mac=3c:fd:fe:bd:f8:61 pci=0000:3b:00.1 driver=net_i40e
2018-10-31 15:45:29,704 INFO Port 0: dst MAC ['52:54:00:00:00:aa']
2018-10-31 15:45:29,704 INFO Port 1: dst MAC ['52:54:00:00:00:bb']
2018-10-31 15:45:29,704 INFO ChainRunner initialized
2018-10-31 15:45:29,705 INFO Starting 1xEXT benchmark...
2018-10-31 15:45:29,920 INFO Starting traffic generator to ensure end-to-end connectivity
2018-10-31 15:45:29,927 INFO Created 1 traffic streams for port 0.
2018-10-31 15:45:29,928 INFO Created 1 traffic streams for port 1.
2018-10-31 15:45:30,036 INFO Captured unique src mac 0/2, capturing return packets (retry 1/100)...
2018-10-31 15:45:32,162 INFO Received packet from mac: 52:54:00:00:00:aa (chain=0, port=0)
2018-10-31 15:45:32,162 INFO Received packet from mac: 52:54:00:00:00:bb (chain=0, port=1)
2018-10-31 15:45:32,162 INFO End-to-end connectivity established
2018-10-31 15:45:32,178 INFO Cleared all existing streams
2018-10-31 15:45:32,186 INFO Created 2 traffic streams for port 0.
2018-10-31 15:45:32,187 INFO Created 2 traffic streams for port 1.
2018-10-31 15:45:32,187 INFO *** Searching NDR for 64 (Bidirectional)...
2018-10-31 15:45:32,187 INFO Range search [0.0 .. 200.0] targets: {'ndr': 0.001}
2018-10-31 15:45:32,188 INFO Modified traffic stream for port 0, new rate=100.0%.
2018-10-31 15:45:32,188 INFO Modified traffic stream for port 1, new rate=100.0%.
2018-10-31 15:45:32,188 INFO Running traffic generator


2018-10-31 15:45:39 - [local][warning]   - [1mCPU util. is high: 86.6%[22m
2018-10-31 15:45:42,209 INFO TX: 408442103; RX: 20534839; Est. Dropped: 387907264; Est. Drop rate: 94.9724%
2018-10-31 15:45:52,222 INFO TX: 817377004; RX: 40999202; Est. Dropped: 776377802; Est. Drop rate: 94.9841%
2018-10-31 15:46:02,223 INFO TX: 1225451628; RX: 61392034; Est. Dropped: 1164059594; Est. Drop rate: 94.9903%
2018-10-31 15:46:04,229 INFO WARNING: There is a significant difference between requested TX rate (74404760) and actual TX rate (40848387). The traffic generator may not have sufficient CPU to achieve the requested TX rate.
2018-10-31 15:46:04,229 INFO Average drop rate: 94.990252
2018-10-31 15:46:04,229 INFO Range search [0.0 .. 100.0] targets: {'ndr': 0.001}
2018-10-31 15:46:04,229 INFO Modified traffic stream for port 0, new rate=50.0%.
2018-10-31 15:46:04,229 INFO Modified traffic stream for port 1, new rate=50.0%.
2018-10-31 15:46:04,229 INFO Running traffic generator
2018-10-31 15:46:14,254 INFO TX: 372400343; RX: 20535863; Est. Dropped: 351864480; Est. Drop rate: 94.4855%
2018-10-31 15:46:24,267 INFO TX: 744928386; RX: 41045723; Est. Dropped: 703882663; Est. Drop rate: 94.4900%
2018-10-31 15:46:34,264 INFO TX: 1116072674; RX: 61435302; Est. Dropped: 1054637372; Est. Drop rate: 94.4954%
2018-10-31 15:46:36,270 INFO Average drop rate: 94.495403
2018-10-31 15:46:36,270 INFO Range search [0.0 .. 50.0] targets: {'ndr': 0.001}
2018-10-31 15:46:36,270 INFO Modified traffic stream for port 0, new rate=25.0%.
2018-10-31 15:46:36,270 INFO Modified traffic stream for port 1, new rate=25.0%.
2018-10-31 15:46:36,270 INFO Running traffic generator
2018-10-31 15:46:46,294 INFO TX: 186195743; RX: 20649632; Est. Dropped: 165546111; Est. Drop rate: 88.9097%
2018-10-31 15:46:56,308 INFO TX: 372460637; RX: 41308152; Est. Dropped: 331152485; Est. Drop rate: 88.9094%
2018-10-31 15:47:06,304 INFO TX: 558035996; RX: 61886896; Est. Dropped: 496149100; Est. Drop rate: 88.9099%
2018-10-31 15:47:08,310 INFO Average drop rate: 88.909874
2018-10-31 15:47:08,310 INFO Range search [0.0 .. 25.0] targets: {'ndr': 0.001}
2018-10-31 15:47:08,310 INFO Modified traffic stream for port 0, new rate=12.5%.
2018-10-31 15:47:08,310 INFO Modified traffic stream for port 1, new rate=12.5%.
2018-10-31 15:47:08,310 INFO Running traffic generator
2018-10-31 15:47:18,334 INFO TX: 93096093; RX: 20458120; Est. Dropped: 72637973; Est. Drop rate: 78.0247%
2018-10-31 15:47:28,348 INFO TX: 186229402; RX: 40950350; Est. Dropped: 145279052; Est. Drop rate: 78.0108%
2018-10-31 15:47:38,344 INFO TX: 279017832; RX: 61345503; Est. Dropped: 217672329; Est. Drop rate: 78.0138%
2018-10-31 15:47:40,350 INFO Average drop rate: 78.013770
2018-10-31 15:47:40,350 INFO Range search [0.0 .. 12.5] targets: {'ndr': 0.001}
2018-10-31 15:47:40,350 INFO Modified traffic stream for port 0, new rate=6.25%.
2018-10-31 15:47:40,350 INFO Modified traffic stream for port 1, new rate=6.25%.
2018-10-31 15:47:40,350 INFO Running traffic generator
2018-10-31 15:47:50,374 INFO TX: 46547114; RX: 20400740; Est. Dropped: 26146374; Est. Drop rate: 56.1718%
2018-10-31 15:48:00,389 INFO TX: 93113839; RX: 40815470; Est. Dropped: 52298369; Est. Drop rate: 56.1661%
2018-10-31 15:48:10,387 INFO TX: 139508928; RX: 61157987; Est. Dropped: 78350941; Est. Drop rate: 56.1620%
2018-10-31 15:48:12,393 INFO Average drop rate: 56.161955
2018-10-31 15:48:12,393 INFO Range search [0.0 .. 6.25] targets: {'ndr': 0.001}
2018-10-31 15:48:12,393 INFO Modified traffic stream for port 0, new rate=3.125%.
2018-10-31 15:48:12,393 INFO Modified traffic stream for port 1, new rate=3.125%.
2018-10-31 15:48:12,393 INFO Running traffic generator
2018-10-31 15:48:22,416 INFO TX: 23273739; RX: 20513893; Est. Dropped: 2759846; Est. Drop rate: 11.8582%
2018-10-31 15:48:32,430 INFO TX: 46557292; RX: 41038387; Est. Dropped: 5518905; Est. Drop rate: 11.8540%
2018-10-31 15:48:42,427 INFO TX: 69754464; RX: 61487564; Est. Dropped: 8266900; Est. Drop rate: 11.8514%
2018-10-31 15:48:44,433 INFO Average drop rate: 11.851428
2018-10-31 15:48:44,433 INFO Range search [0.0 .. 3.125] targets: {'ndr': 0.001}
2018-10-31 15:48:44,433 INFO Modified traffic stream for port 0, new rate=1.5625%.
2018-10-31 15:48:44,433 INFO Modified traffic stream for port 1, new rate=1.5625%.
2018-10-31 15:48:44,433 INFO Running traffic generator
2018-10-31 15:48:54,457 INFO TX: 11637142; RX: 11637069; Est. Dropped: 73; Est. Drop rate: 0.0006%
2018-10-31 15:49:04,471 INFO TX: 23279008; RX: 23278763; Est. Dropped: 245; Est. Drop rate: 0.0011%
2018-10-31 15:49:14,468 INFO TX: 34877234; RX: 34877234; Est. Dropped: 0; Est. Drop rate: 0.0000%
2018-10-31 15:49:16,474 INFO Average drop rate: 0.000000
2018-10-31 15:49:16,474 INFO Range search [1.5625 .. 3.125] targets: {'ndr': 0.001}
2018-10-31 15:49:16,474 INFO Modified traffic stream for port 0, new rate=2.34375%.
2018-10-31 15:49:16,474 INFO Modified traffic stream for port 1, new rate=2.34375%.
2018-10-31 15:49:16,474 INFO Running traffic generator
2018-10-31 15:49:26,497 INFO TX: 17455066; RX: 17454722; Est. Dropped: 344; Est. Drop rate: 0.0020%
2018-10-31 15:49:36,511 INFO TX: 34917910; RX: 34917693; Est. Dropped: 217; Est. Drop rate: 0.0006%
2018-10-31 15:49:46,507 INFO TX: 52315852; RX: 52315852; Est. Dropped: 0; Est. Drop rate: 0.0000%
2018-10-31 15:49:48,513 INFO Average drop rate: 0.000000
2018-10-31 15:49:48,513 INFO Range search [2.34375 .. 3.125] targets: {'ndr': 0.001}
2018-10-31 15:49:48,513 INFO Modified traffic stream for port 0, new rate=2.734375%.
2018-10-31 15:49:48,513 INFO Modified traffic stream for port 1, new rate=2.734375%.
2018-10-31 15:49:48,513 INFO Running traffic generator
2018-10-31 15:49:58,538 INFO TX: 20365512; RX: 20327293; Est. Dropped: 38219; Est. Drop rate: 0.1877%
2018-10-31 15:50:08,552 INFO TX: 40738839; RX: 40662802; Est. Dropped: 76037; Est. Drop rate: 0.1866%
2018-10-31 15:50:18,548 INFO TX: 61035160; RX: 60919258; Est. Dropped: 115902; Est. Drop rate: 0.1899%
2018-10-31 15:50:20,554 INFO Average drop rate: 0.189894
2018-10-31 15:50:20,554 INFO Range search [2.34375 .. 2.734375] targets: {'ndr': 0.001}
2018-10-31 15:50:20,554 INFO Modified traffic stream for port 0, new rate=2.5390625%.
2018-10-31 15:50:20,554 INFO Modified traffic stream for port 1, new rate=2.5390625%.
2018-10-31 15:50:20,554 INFO Running traffic generator
2018-10-31 15:50:30,578 INFO TX: 18910156; RX: 18906921; Est. Dropped: 3235; Est. Drop rate: 0.0171%
2018-10-31 15:50:40,592 INFO TX: 37828665; RX: 37822906; Est. Dropped: 5759; Est. Drop rate: 0.0152%
2018-10-31 15:50:50,591 INFO TX: 56675504; RX: 56667655; Est. Dropped: 7849; Est. Drop rate: 0.0138%
2018-10-31 15:50:52,597 INFO Average drop rate: 0.013849
2018-10-31 15:50:52,597 INFO Range search [2.34375 .. 2.5390625] targets: {'ndr': 0.001}
2018-10-31 15:50:52,597 INFO Modified traffic stream for port 0, new rate=2.44140625%.
2018-10-31 15:50:52,598 INFO Modified traffic stream for port 1, new rate=2.44140625%.
2018-10-31 15:50:52,598 INFO Running traffic generator
2018-10-31 15:51:02,620 INFO TX: 18182388; RX: 18179764; Est. Dropped: 2624; Est. Drop rate: 0.0144%
2018-10-31 15:51:12,634 INFO TX: 36372784; RX: 36368933; Est. Dropped: 3851; Est. Drop rate: 0.0106%
2018-10-31 15:51:22,633 INFO TX: 54495678; RX: 54489930; Est. Dropped: 5748; Est. Drop rate: 0.0105%
2018-10-31 15:51:24,638 INFO Average drop rate: 0.010548
2018-10-31 15:51:24,638 INFO Range search [2.34375 .. 2.44140625] targets: {'ndr': 0.001}
2018-10-31 15:51:24,639 INFO Found ndr (0.001) load: 2.34375
2018-10-31 15:51:24,639 INFO NDR load: 4.6875
2018-10-31 15:51:24,639 INFO Service chain 'EXT' run completed.
2018-10-31 15:51:24,639 INFO Clean up skipped.
2018-10-31 15:51:24,667 INFO 
========== NFVBench Summary ==========
Date: 2018-10-31 15:45:29
NFVBench version 2.0.1
Openstack Neutron:
  vSwitch: 
  Encapsulation: 
Benchmarks:
> Networks:
  > Components:
    > Traffic Generator:
        Profile: trex-local
        Tool: TRex
    > Versions:
      > Traffic_Generator:
          build_date: Nov 13 2017
          version: v2.32
          built_by: hhaim
          mode: STL
          build_time: 10:58:17
  > Measurement Parameters:
      NDR: 0.001
  > Service chain:
    > EXT:
      > Traffic:
          Profile: traffic_profile_64B
          Bidirectional: True
          Flow count: 1000
          Service chains count: 1
          Compute nodes: []
            
            Run Summary:
            
              +-----+-----------------+------------------+------------------+-----------------+----------------------+----------------------+----------------------+
              |  -  |   L2 Frame Size |  Rate (fwd+rev)  |  Rate (fwd+rev)  |  Avg Drop Rate  |   Avg Latency (usec) |   Min Latency (usec) |   Max Latency (usec) |
              +=====+=================+==================+==================+=================+======================+======================+======================+
              | NDR |              64 |   1.1719 Gbps    |  1,743,860 pps   |     0.0000%     |                  120 |                   20 |                  211 |
              +-----+-----------------+------------------+------------------+-----------------+----------------------+----------------------+----------------------+
              
            
            L2 frame size: 64
            NDR search duration: 352 seconds
            

