2018-11-05 09:55:28,503 INFO Loading configuration file: /tmp/nfvbench/nfvbench_config.cfg
2018-11-05 09:55:28,534 INFO EXT chain with OpenStack mode disabled
2018-11-05 09:55:28,534 INFO -c /tmp/nfvbench/nfvbench_config.cfg --rate 20Gbps --flow-count 1000 --duration 30
2018-11-05 09:55:28,536 INFO Connecting to TRex (127.0.0.1)...
2018-11-05 09:55:28,681 INFO Connected to TRex
2018-11-05 09:55:28,681 INFO    Port 0: Device 158b speed=25Gbps mac=3c:fd:fe:bd:f8:60 pci=0000:3b:00.0 driver=net_i40e
2018-11-05 09:55:28,681 INFO    Port 1: Device 158b speed=25Gbps mac=3c:fd:fe:bd:f8:61 pci=0000:3b:00.1 driver=net_i40e
2018-11-05 09:55:28,682 INFO Port 0: VLANs [1070]
2018-11-05 09:55:28,682 INFO Port 1: VLANs [1064]
2018-11-05 09:55:28,682 INFO Port 0: dst MAC ['52:54:00:00:00:aa']
2018-11-05 09:55:28,682 INFO Port 1: dst MAC ['52:54:00:00:00:bb']
2018-11-05 09:55:28,682 INFO ChainRunner initialized
2018-11-05 09:55:28,682 INFO Adjusting frame size 64 Bytes to minimum size 68 Bytes due to traffic generator restriction
2018-11-05 09:55:28,683 INFO Starting 1xEXT benchmark...
2018-11-05 09:55:28,686 INFO Starting traffic generator to ensure end-to-end connectivity
2018-11-05 09:55:28,693 INFO Created 1 traffic streams for port 0.
2018-11-05 09:55:28,694 INFO Created 1 traffic streams for port 1.
2018-11-05 09:55:28,804 INFO Captured unique src mac 0/2, capturing return packets (retry 1/100)...
2018-11-05 09:55:30,926 INFO Received packet from mac: 52:54:00:00:00:bb (chain=0, port=1)
2018-11-05 09:55:30,926 INFO Received packet from mac: 52:54:00:00:00:aa (chain=0, port=0)
2018-11-05 09:55:30,926 INFO End-to-end connectivity established
2018-11-05 09:55:30,942 INFO Cleared all existing streams
2018-11-05 09:55:30,951 INFO Created 2 traffic streams for port 0.
2018-11-05 09:55:30,953 INFO Created 2 traffic streams for port 1.
2018-11-05 09:55:30,955 INFO Starting to generate traffic...
2018-11-05 09:55:30,955 INFO Running traffic generator
2018-11-05 09:55:40,976 INFO TX: 284370637; RX: 32161836; Est. Dropped: 252208801; Est. Drop rate: 88.6902%
2018-11-05 09:55:50,989 INFO TX: 568824181; RX: 64334699; Est. Dropped: 504489482; Est. Drop rate: 88.6899%
2018-11-05 09:56:00,978 INFO TX: 852256184; RX: 96410220; Est. Dropped: 755845964; Est. Drop rate: 88.6876%
2018-11-05 09:56:00,978 INFO ...traffic generating ended.
2018-11-05 09:56:00,982 INFO Service chain 'EXT' run completed.
2018-11-05 09:56:00,982 INFO Clean up skipped.
2018-11-05 09:56:01,007 INFO 
========== NFVBench Summary ==========
Date: 2018-11-05 09:55:28
NFVBench version 2.0.2
Openstack Neutron:
  vSwitch: 
  Encapsulation: 
Benchmarks:
> Networks:
  > Components:
    > Traffic Generator:
        Profile: trex-local
        Tool: TRex
    > Versions:
      > Traffic_Generator:
          build_date: Nov 13 2017
          version: v2.32
          built_by: hhaim
          mode: STL
          build_time: 10:58:17
  > Service chain:
    > EXT:
      > Traffic:
          Profile: traffic_profile_64B
          Bidirectional: True
          Flow count: 1000
          Service chains count: 1
          Compute nodes: []
            
            Run Summary:
            
              +-----------------+-------------+----------------------+----------------------+----------------------+
              |   L2 Frame Size |  Drop Rate  |   Avg Latency (usec) |   Min Latency (usec) |   Max Latency (usec) |
              +=================+=============+======================+======================+======================+
              |              64 |  88.6876%   |                  238 |                   20 |                  287 |
              +-----------------+-------------+----------------------+----------------------+----------------------+
              
            
            L2 frame size: 64
            Actual l2 frame size: 68
            
            Run Config:
            
              +-------------+---------------------------+------------------------+-----------------+---------------------------+------------------------+-----------------+
              |  Direction  |  Requested TX Rate (bps)  |  Actual TX Rate (bps)  |  RX Rate (bps)  |  Requested TX Rate (pps)  |  Actual TX Rate (pps)  |  RX Rate (pps)  |
              +=============+===========================+========================+=================+===========================+========================+=================+
              |   Forward   |       10.0000 Gbps        |      9.9998 Gbps       |   1.1312 Gbps   |      14,204,545 pps       |     14,204,269 pps     |  1,606,811 pps  |
              +-------------+---------------------------+------------------------+-----------------+---------------------------+------------------------+-----------------+
              |   Reverse   |       10.0000 Gbps        |      9.9998 Gbps       |   1.1312 Gbps   |      14,204,545 pps       |     14,204,269 pps     |  1,606,862 pps  |
              +-------------+---------------------------+------------------------+-----------------+---------------------------+------------------------+-----------------+
              |    Total    |       20.0000 Gbps        |      19.9996 Gbps      |   2.2624 Gbps   |      28,409,090 pps       |     28,408,538 pps     |  3,213,673 pps  |
              +-------------+---------------------------+------------------------+-----------------+---------------------------+------------------------+-----------------+
              
            Forward Chain Packet Counters and Latency:
            
              +---------+--------------+--------------------------+------------+------------+------------+
              |   Chain |  TRex.TX.p0  |        TRex.RX.p1        |  Avg lat.  |  Min lat.  |  Max lat.  |
              +=========+==============+==========================+============+============+============+
              |       0 | 426,128,092  | -377,923,750 (-88.6878%) |  241 usec  |  20 usec   |  287 usec  |
              +---------+--------------+--------------------------+------------+------------+------------+
              
            Reverse Chain Packet Counters and Latency:
            
              +---------+--------------+--------------------------+------------+------------+------------+
              |   Chain |  TRex.TX.p1  |        TRex.RX.p0        |  Avg lat.  |  Min lat.  |  Max lat.  |
              +=========+==============+==========================+============+============+============+
              |       0 | 426,128,092  | -377,922,214 (-88.6875%) |  236 usec  |  20 usec   |  244 usec  |
              +---------+--------------+--------------------------+------------+------------+------------+
              

