2018-11-01 06:31:54,947 INFO Loading configuration file: /tmp/nfvbench/nfvbench_config.cfg
2018-11-01 06:31:54,977 INFO EXT chain with OpenStack mode disabled
2018-11-01 06:31:54,978 INFO -c /tmp/nfvbench/nfvbench_config.cfg --rate 20Gbps --flow-count 1000 --duration 30
2018-11-01 06:31:54,979 INFO Connecting to TRex (127.0.0.1)...
2018-11-01 06:31:55,112 ERROR {'status': 'ERROR', 'error_message': 'Traceback (most recent call last):\n  File "/nfvbench/nfvbench/nfvbench.py", line 613, in main\n    raise Exception(result[\'error_message\'])\nException: Traceback (most recent call last):\n  File "/nfvbench/nfvbench/nfvbench.py", line 91, in run\n    self.notifier)\n  File "/nfvbench/nfvbench/chain_runner.py", line 62, in __init__\n    self.traffic_client.start_traffic_generator()\n  File "/nfvbench/nfvbench/traffic_client.py", line 443, in start_traffic_generator\n    self.gen.connect()\n  File "/nfvbench/nfvbench/traffic_gen/trex.py", line 392, in connect\n    self.client.reset(ports)\n  File "/usr/local/lib/python2.7/dist-packages/trex_stl_lib/trex_stl_client.py", line 1199, in wrap2\n    ret = f(*args, **kwargs)\n  File "/usr/local/lib/python2.7/dist-packages/trex_stl_lib/trex_stl_client.py", line 2406, in reset\n    raise e\nSTLError: \n\x1b[1m******\x1b[22m\n\n\x1b[4mException stack (most recent call last):\x1b[24m\n\n#5     \x1b[1mnfvbench.py\x1b[22m:\x1b[1m91\x1b[22m                   - \'\x1b[1mself.notifier)\x1b[22m\'\n#4     \x1b[1mchain_runner.py\x1b[22m:\x1b[1m62\x1b[22m               - \'\x1b[1mself.traffic_client.start_traffic_generator()\x1b[22m\'\n#3     \x1b[1mtraffic_client.py\x1b[22m:\x1b[1m443\x1b[22m            - \'\x1b[1mself.gen.connect()\x1b[22m\'\n#2     \x1b[1mtrex.py\x1b[22m:\x1b[1m392\x1b[22m                      - \'\x1b[1mself.client.reset(ports)\x1b[22m\'\n#1     \x1b[1mtrex_stl_client.py\x1b[22m:\x1b[1m1199\x1b[22m          - \'\x1b[1mret = f(*args, **kwargs)\x1b[22m\'\n#0     \x1b[1mtrex_stl_client.py\x1b[22m:\x1b[1m2406\x1b[22m          - \'\x1b[1mraise e\x1b[22m\'\n\n\x1b[4mSummary error message:\x1b[24m\n\n\x1b[1m\x1b[1mPort 0 : *** unable to disable service mode - an active capture on port 0 exists\x1b[22m\x1b[22m\n\x1b[1m\x1b[1mPort 1 : *** unable to disable service mode - an active capture on port 1 exists\x1b[22m\x1b[22m\n\n\n'}
Traceback (most recent call last):
  File "/nfvbench/nfvbench/nfvbench.py", line 91, in run
    self.notifier)
  File "/nfvbench/nfvbench/chain_runner.py", line 62, in __init__
    self.traffic_client.start_traffic_generator()
  File "/nfvbench/nfvbench/traffic_client.py", line 443, in start_traffic_generator
    self.gen.connect()
  File "/nfvbench/nfvbench/traffic_gen/trex.py", line 392, in connect
    self.client.reset(ports)
  File "/usr/local/lib/python2.7/dist-packages/trex_stl_lib/trex_stl_client.py", line 1199, in wrap2
    ret = f(*args, **kwargs)
  File "/usr/local/lib/python2.7/dist-packages/trex_stl_lib/trex_stl_client.py", line 2406, in reset
    raise e
STLError: 
[1m******[22m

[4mException stack (most recent call last):[24m

#5     [1mnfvbench.py[22m:[1m91[22m                   - '[1mself.notifier)[22m'
#4     [1mchain_runner.py[22m:[1m62[22m               - '[1mself.traffic_client.start_traffic_generator()[22m'
#3     [1mtraffic_client.py[22m:[1m443[22m            - '[1mself.gen.connect()[22m'
#2     [1mtrex.py[22m:[1m392[22m                      - '[1mself.client.reset(ports)[22m'
#1     [1mtrex_stl_client.py[22m:[1m1199[22m          - '[1mret = f(*args, **kwargs)[22m'
#0     [1mtrex_stl_client.py[22m:[1m2406[22m          - '[1mraise e[22m'

[4mSummary error message:[24m

[1m[1mPort 0 : *** unable to disable service mode - an active capture on port 0 exists[22m[22m
[1m[1mPort 1 : *** unable to disable service mode - an active capture on port 1 exists[22m[22m


2018-11-01 06:32:31,736 INFO Loading configuration file: /tmp/nfvbench/nfvbench_config.cfg
2018-11-01 06:32:31,766 INFO EXT chain with OpenStack mode disabled
2018-11-01 06:32:31,767 INFO -c /tmp/nfvbench/nfvbench_config.cfg --rate 20Gbps --flow-count 1000 --duration 30
2018-11-01 06:32:31,772 INFO Connecting to TRex (127.0.0.1)...
nohup: ignoring input and appending output to 'nohup.out'
2018-11-01 06:32:36,776 INFO TRex server is running...
2018-11-01 06:32:44,691 INFO Connected to TRex
2018-11-01 06:32:44,691 INFO    Port 0: Device 158b speed=25Gbps mac=3c:fd:fe:bd:f8:60 pci=0000:3b:00.0 driver=net_i40e
2018-11-01 06:32:44,692 INFO    Port 1: Device 158b speed=25Gbps mac=3c:fd:fe:bd:f8:61 pci=0000:3b:00.1 driver=net_i40e
2018-11-01 06:32:44,692 INFO Port 0: dst MAC ['52:54:00:00:00:aa']
2018-11-01 06:32:44,692 INFO Port 1: dst MAC ['52:54:00:00:00:bb']
2018-11-01 06:32:44,693 INFO ChainRunner initialized
2018-11-01 06:32:44,694 INFO Starting 1xEXT benchmark...
2018-11-01 06:32:44,904 INFO Starting traffic generator to ensure end-to-end connectivity
2018-11-01 06:32:44,910 INFO Created 1 traffic streams for port 0.
2018-11-01 06:32:44,912 INFO Created 1 traffic streams for port 1.
2018-11-01 06:32:45,021 INFO Captured unique src mac 0/2, capturing return packets (retry 1/100)...
2018-11-01 06:32:47,143 INFO Received packet from mac: 52:54:00:00:00:bb (chain=0, port=1)
2018-11-01 06:32:47,143 INFO Received packet from mac: 52:54:00:00:00:aa (chain=0, port=0)
2018-11-01 06:32:47,143 INFO End-to-end connectivity established
2018-11-01 06:32:47,160 INFO Cleared all existing streams
2018-11-01 06:32:47,168 INFO Created 2 traffic streams for port 0.
2018-11-01 06:32:47,170 INFO Created 2 traffic streams for port 1.
2018-11-01 06:32:47,174 INFO Starting to generate traffic...
2018-11-01 06:32:47,174 INFO Running traffic generator
2018-11-01 06:32:57,194 INFO TX: 297921872; RX: 11116247; Est. Dropped: 286805625; Est. Drop rate: 96.2687%
2018-11-01 06:33:07,208 INFO TX: 595946603; RX: 22239568; Est. Dropped: 573707035; Est. Drop rate: 96.2682%
2018-11-01 06:33:17,205 INFO TX: 892857120; RX: 33363919; Est. Dropped: 859493201; Est. Drop rate: 96.2632%
2018-11-01 06:33:17,205 INFO ...traffic generating ended.
2018-11-01 06:33:17,209 INFO Service chain 'EXT' run completed.
2018-11-01 06:33:17,209 INFO Clean up skipped.
2018-11-01 06:33:17,242 INFO 
========== NFVBench Summary ==========
Date: 2018-11-01 06:32:44
NFVBench version 2.0.1
Openstack Neutron:
  vSwitch: 
  Encapsulation: 
Benchmarks:
> Networks:
  > Components:
    > Traffic Generator:
        Profile: trex-local
        Tool: TRex
    > Versions:
      > Traffic_Generator:
          build_date: Nov 13 2017
          version: v2.32
          built_by: hhaim
          mode: STL
          build_time: 10:58:17
  > Service chain:
    > EXT:
      > Traffic:
          Profile: traffic_profile_64B
          Bidirectional: True
          Flow count: 1000
          Service chains count: 1
          Compute nodes: []
            
            Run Summary:
            
              +-----------------+-------------+----------------------+----------------------+----------------------+
              |   L2 Frame Size |  Drop Rate  |  Avg Latency (usec)  |   Min Latency (usec) |  Max Latency (usec)  |
              +=================+=============+======================+======================+======================+
              |              64 |  96.2632%   |        1,410         |                  400 |        2,057         |
              +-----------------+-------------+----------------------+----------------------+----------------------+
              
            
            L2 frame size: 64
            
            Run Config:
            
              +-------------+---------------------------+------------------------+-----------------+---------------------------+------------------------+-----------------+
              |  Direction  |  Requested TX Rate (bps)  |  Actual TX Rate (bps)  |  RX Rate (bps)  |  Requested TX Rate (pps)  |  Actual TX Rate (pps)  |  RX Rate (pps)  |
              +=============+===========================+========================+=================+===========================+========================+=================+
              |   Forward   |       10.0000 Gbps        |      10.0000 Gbps      |  373.7123 Mbps  |      14,880,952 pps       |     14,880,952 pps     |   556,119 pps   |
              +-------------+---------------------------+------------------------+-----------------+---------------------------+------------------------+-----------------+
              |   Reverse   |       10.0000 Gbps        |      10.0000 Gbps      |  373.6395 Mbps  |      14,880,952 pps       |     14,880,952 pps     |   556,011 pps   |
              +-------------+---------------------------+------------------------+-----------------+---------------------------+------------------------+-----------------+
              |    Total    |       20.0000 Gbps        |      20.0000 Gbps      |  747.3518 Mbps  |      29,761,904 pps       |     29,761,904 pps     |  1,112,130 pps  |
              +-------------+---------------------------+------------------------+-----------------+---------------------------+------------------------+-----------------+
              
            Forward Chain Packet Counters and Latency:
            
              +---------+--------------+--------------------------+------------+------------+------------+
              |   Chain |  TRex.TX.p0  |        TRex.RX.p1        |  Avg lat.  |  Min lat.  |  Max lat.  |
              +=========+==============+==========================+============+============+============+
              |       0 | 446,428,560  | -429,744,977 (-96.2629%) | 1,166 usec |  400 usec  | 1,663 usec |
              +---------+--------------+--------------------------+------------+------------+------------+
              
            Reverse Chain Packet Counters and Latency:
            
              +---------+--------------+--------------------------+------------+------------+------------+
              |   Chain |  TRex.TX.p1  |        TRex.RX.p0        |  Avg lat.  |  Min lat.  |  Max lat.  |
              +=========+==============+==========================+============+============+============+
              |       0 | 446,428,560  | -429,748,224 (-96.2636%) | 1,656 usec |  800 usec  | 2,057 usec |
              +---------+--------------+--------------------------+------------+------------+------------+
              

