2018-11-30 07:50:02,225 INFO Loading configuration file: /tmp/nfvbench/nfvbench_config.cfg
2018-11-30 07:50:02,258 INFO EXT chain with OpenStack mode disabled
2018-11-30 07:50:02,258 INFO -c /tmp/nfvbench/nfvbench_config.cfg --rate 18500000pps --flow-count 1024 --duration 30 --json /tmp/nfvbench/csc_1c2n_18500000pps-1.json
2018-11-30 07:50:02,259 INFO Connecting to TRex (127.0.0.1)...
2018-11-30 07:50:02,397 INFO Connected to TRex
2018-11-30 07:50:02,397 INFO    Port 0: Device 158b speed=25Gbps mac=3c:fd:fe:bd:f8:60 pci=0000:3b:00.0 driver=net_i40e
2018-11-30 07:50:02,397 INFO    Port 1: Device 158b speed=25Gbps mac=3c:fd:fe:bd:f8:61 pci=0000:3b:00.1 driver=net_i40e
2018-11-30 07:50:02,398 INFO ChainRunner initialized
2018-11-30 07:50:02,399 INFO Starting 1xEXT benchmark...
2018-11-30 07:50:02,504 INFO Polling ARP until successful...
2018-11-30 07:50:02,614 INFO    ARP: port=0 chain=0 src IP=172.16.10.100 dst IP=172.16.10.10 -> MAC=52:54:00:00:00:aa
2018-11-30 07:50:02,614 INFO ARP resolved successfully for port 0
2018-11-30 07:50:02,725 INFO    ARP: port=1 chain=0 src IP=172.16.20.100 dst IP=172.16.20.10 -> MAC=52:54:00:00:00:bb
2018-11-30 07:50:02,725 INFO ARP resolved successfully for port 1
2018-11-30 07:50:02,827 INFO Port 0: dst MAC ['52:54:00:00:00:aa']
2018-11-30 07:50:02,827 INFO Port 1: dst MAC ['52:54:00:00:00:bb']
2018-11-30 07:50:02,827 INFO Starting traffic generator to ensure end-to-end connectivity
2018-11-30 07:50:02,834 INFO Created 1 traffic streams for port 0.
2018-11-30 07:50:02,835 INFO Created 1 traffic streams for port 1.
2018-11-30 07:50:02,944 INFO Captured unique src mac 0/2, capturing return packets (retry 1/100)...
2018-11-30 07:50:05,065 INFO Received packet from mac: 52:54:00:00:00:bb (chain=0, port=1)
2018-11-30 07:50:05,065 INFO Received packet from mac: 52:54:00:00:00:aa (chain=0, port=0)
2018-11-30 07:50:05,065 INFO End-to-end connectivity established
2018-11-30 07:50:05,083 INFO Cleared all existing streams
2018-11-30 07:50:05,091 INFO Created 2 traffic streams for port 0.
2018-11-30 07:50:05,092 INFO Created 2 traffic streams for port 1.
2018-11-30 07:50:05,093 INFO Starting to generate traffic...
2018-11-30 07:50:05,093 INFO Running traffic generator
2018-11-30 07:50:15,115 INFO TX: 185191969; RX: 59381504; Est. Dropped: 125810465; Est. Drop rate: 67.9352%
2018-11-30 07:50:25,126 INFO TX: 370425877; RX: 118786369; Est. Dropped: 251639508; Est. Drop rate: 67.9325%
2018-11-30 07:50:35,124 INFO TX: 554995212; RX: 178676026; Est. Dropped: 376319186; Est. Drop rate: 67.8058%
2018-11-30 07:50:35,124 INFO ...traffic generating ended.
2018-11-30 07:50:35,145 INFO Cleared all existing streams
2018-11-30 07:50:35,170 INFO Created 4 traffic streams for port 0.
2018-11-30 07:50:35,173 INFO Created 4 traffic streams for port 1.
2018-11-30 07:50:35,173 INFO Starting to generate traffic...
2018-11-30 07:50:35,173 INFO Running traffic generator


2018-11-30 07:50:41 - [local][warning]   - [1mCPU util. is high: 87.7%[22m
2018-11-30 07:50:45,195 INFO TX: 144080734; RX: 40342052; Est. Dropped: 103738682; Est. Drop rate: 72.0004%
2018-11-30 07:50:55,208 INFO TX: 288211671; RX: 80741412; Est. Dropped: 207470259; Est. Drop rate: 71.9854%
2018-11-30 07:51:05,201 INFO TX: 431897721; RX: 121026837; Est. Dropped: 310870884; Est. Drop rate: 71.9779%
2018-11-30 07:51:05,202 INFO ...traffic generating ended.
2018-11-30 07:51:05,205 INFO WARNING: There is a significant difference between requested TX rate (18500000.0) and actual TX rate (14396590). The traffic generator may not have sufficient CPU to achieve the requested TX rate.
2018-11-30 07:51:05,205 INFO Service chain 'EXT' run completed.
2018-11-30 07:51:05,205 INFO Clean up skipped.
2018-11-30 07:51:05,227 INFO Saving results in json file: /tmp/nfvbench/csc_1c2n_18500000pps-1.json...
2018-11-30 07:51:05,236 INFO 
========== NFVBench Summary ==========
Date: 2018-11-30 07:50:02
NFVBench version 2.0.5
Openstack Neutron:
  vSwitch: 
  Encapsulation: 
Benchmarks:
> Networks:
  > Components:
    > Traffic Generator:
        Profile: trex-local
        Tool: TRex
    > Versions:
      > Traffic_Generator:
          build_date: Nov 13 2017
          version: v2.32
          built_by: hhaim
          mode: STL
          build_time: 10:58:17
  > Service chain:
    > EXT:
      > Traffic:
          Profile: traffic_profile_2sizes
          Bidirectional: True
          Flow count: 1024
          Service chains count: 1
          Compute nodes: []
            
            Run Summary:
            
              +-----------------+-------------+----------------------+----------------------+----------------------+
              |  L2 Frame Size  |  Drop Rate  |  Avg Latency (usec)  |   Min Latency (usec) |  Max Latency (usec)  |
              +=================+=============+======================+======================+======================+
              |       64        |  67.8058%   |         905          |                   10 |        1,002         |
              +-----------------+-------------+----------------------+----------------------+----------------------+
              |      IMIX       |  71.9779%   |        1,356         |                   50 |        1,593         |
              +-----------------+-------------+----------------------+----------------------+----------------------+
              
            
            L2 frame size: 64
            
            Run Config:
            
              +-------------+---------------------------+------------------------+-----------------+---------------------------+------------------------+-----------------+
              |  Direction  |  Requested TX Rate (bps)  |  Actual TX Rate (bps)  |  RX Rate (bps)  |  Requested TX Rate (pps)  |  Actual TX Rate (pps)  |  RX Rate (pps)  |
              +=============+===========================+========================+=================+===========================+========================+=================+
              |   Forward   |        6.2160 Gbps        |      6.2159 Gbps       |   2.0012 Gbps   |       9,250,000 pps       |     9,249,920 pps      |  2,977,931 pps  |
              +-------------+---------------------------+------------------------+-----------------+---------------------------+------------------------+-----------------+
              |   Reverse   |        6.2160 Gbps        |      6.2159 Gbps       |   2.0012 Gbps   |       9,250,000 pps       |     9,249,920 pps      |  2,977,935 pps  |
              +-------------+---------------------------+------------------------+-----------------+---------------------------+------------------------+-----------------+
              |    Total    |       12.4320 Gbps        |      12.4319 Gbps      |   4.0023 Gbps   |      18,500,000 pps       |     18,499,840 pps     |  5,955,866 pps  |
              +-------------+---------------------------+------------------------+-----------------+---------------------------+------------------------+-----------------+
              
            Forward Chain Packet Counters and Latency:
            
              +---------+--------------+--------------------------+------------+------------+------------+
              |   Chain |  TRex.TX.p0  |        TRex.RX.p1        |  Avg lat.  |  Min lat.  |  Max lat.  |
              +=========+==============+==========================+============+============+============+
              |       0 | 277,497,606  | -188,159,648 (-67.8059%) |  937 usec  |  10 usec   | 1,002 usec |
              +---------+--------------+--------------------------+------------+------------+------------+
              
            Reverse Chain Packet Counters and Latency:
            
              +---------+--------------+--------------------------+------------+------------+------------+
              |   Chain |  TRex.TX.p1  |        TRex.RX.p0        |  Avg lat.  |  Min lat.  |  Max lat.  |
              +=========+==============+==========================+============+============+============+
              |       0 | 277,497,606  | -188,159,538 (-67.8058%) |  874 usec  |  60 usec   |  990 usec  |
              +---------+--------------+--------------------------+------------+------------+------------+
              
            
            L2 frame size: IMIX
            
            Run Config:
            
              +-------------+---------------------------+------------------------+-----------------+---------------------------+------------------------+-----------------+
              |  Direction  |  Requested TX Rate (bps)  |  Actual TX Rate (bps)  |  RX Rate (bps)  |  Requested TX Rate (pps)  |  Actual TX Rate (pps)  |  RX Rate (pps)  |
              +=============+===========================+========================+=================+===========================+========================+=================+
              |   Forward   |       28.2557 Gbps        |      21.9884 Gbps      |   6.1616 Gbps   |       9,250,000 pps       |     7,198,297 pps      |  2,017,121 pps  |
              +-------------+---------------------------+------------------------+-----------------+---------------------------+------------------------+-----------------+
              |   Reverse   |       28.2557 Gbps        |      21.9884 Gbps      |   6.1616 Gbps   |       9,250,000 pps       |     7,198,292 pps      |  2,017,106 pps  |
              +-------------+---------------------------+------------------------+-----------------+---------------------------+------------------------+-----------------+
              |    Total    |       56.5113 Gbps        |      43.9768 Gbps      |  12.3232 Gbps   |      18,500,000 pps       |     14,396,589 pps     |  4,034,227 pps  |
              +-------------+---------------------------+------------------------+-----------------+---------------------------+------------------------+-----------------+
              
              WARNING: There is a significant difference between requested TX rate (18500000.0) and actual TX rate (14396590). The traffic generator may not have sufficient CPU to achieve the requested TX rate.
              
            Forward Chain Packet Counters and Latency:
            
              +---------+--------------+--------------------------+------------+------------+------------+
              |   Chain |  TRex.TX.p0  |        TRex.RX.p1        |  Avg lat.  |  Min lat.  |  Max lat.  |
              +=========+==============+==========================+============+============+============+
              |       0 | 215,948,937  | -155,435,291 (-71.9778%) | 1,305 usec |  50 usec   | 1,593 usec |
              +---------+--------------+--------------------------+------------+------------+------------+
              
            Reverse Chain Packet Counters and Latency:
            
              +---------+--------------+--------------------------+------------+------------+------------+
              |   Chain |  TRex.TX.p1  |        TRex.RX.p0        |  Avg lat.  |  Min lat.  |  Max lat.  |
              +=========+==============+==========================+============+============+============+
              |       0 | 215,948,784  | -155,435,593 (-71.9780%) | 1,408 usec |  500 usec  | 1,505 usec |
              +---------+--------------+--------------------------+------------+------------+------------+
              

