2018-11-30 08:19:53,106 INFO Loading configuration file: /tmp/nfvbench/nfvbench_config.cfg
2018-11-30 08:19:53,139 INFO EXT chain with OpenStack mode disabled
2018-11-30 08:19:53,139 INFO -c /tmp/nfvbench/nfvbench_config.cfg --rate 18500000pps --flow-count 1024 --duration 30 --json /tmp/nfvbench/csc_1c6n_18500000pps-1.json
2018-11-30 08:19:53,141 INFO Connecting to TRex (127.0.0.1)...
2018-11-30 08:19:53,277 INFO Connected to TRex
2018-11-30 08:19:53,278 INFO    Port 0: Device 158b speed=25Gbps mac=3c:fd:fe:bd:f8:60 pci=0000:3b:00.0 driver=net_i40e
2018-11-30 08:19:53,278 INFO    Port 1: Device 158b speed=25Gbps mac=3c:fd:fe:bd:f8:61 pci=0000:3b:00.1 driver=net_i40e
2018-11-30 08:19:53,279 INFO ChainRunner initialized
2018-11-30 08:19:53,279 INFO Starting 1xEXT benchmark...
2018-11-30 08:19:53,383 INFO Polling ARP until successful...
2018-11-30 08:19:53,494 INFO    ARP: port=0 chain=0 src IP=172.16.10.100 dst IP=172.16.10.10 -> MAC=52:54:00:00:00:aa
2018-11-30 08:19:53,494 INFO ARP resolved successfully for port 0
2018-11-30 08:19:53,604 INFO    ARP: port=1 chain=0 src IP=172.16.20.100 dst IP=172.16.20.10 -> MAC=52:54:00:00:00:bb
2018-11-30 08:19:53,604 INFO ARP resolved successfully for port 1
2018-11-30 08:19:53,706 INFO Port 0: dst MAC ['52:54:00:00:00:aa']
2018-11-30 08:19:53,706 INFO Port 1: dst MAC ['52:54:00:00:00:bb']
2018-11-30 08:19:53,706 INFO Starting traffic generator to ensure end-to-end connectivity
2018-11-30 08:19:53,713 INFO Created 1 traffic streams for port 0.
2018-11-30 08:19:53,714 INFO Created 1 traffic streams for port 1.
2018-11-30 08:19:53,825 INFO Captured unique src mac 0/2, capturing return packets (retry 1/100)...
2018-11-30 08:19:55,946 INFO Received packet from mac: 52:54:00:00:00:bb (chain=0, port=1)
2018-11-30 08:19:55,946 INFO Received packet from mac: 52:54:00:00:00:aa (chain=0, port=0)
2018-11-30 08:19:55,946 INFO End-to-end connectivity established
2018-11-30 08:19:55,964 INFO Cleared all existing streams
2018-11-30 08:19:55,973 INFO Created 2 traffic streams for port 0.
2018-11-30 08:19:55,975 INFO Created 2 traffic streams for port 1.
2018-11-30 08:19:55,975 INFO Starting to generate traffic...
2018-11-30 08:19:55,975 INFO Running traffic generator
2018-11-30 08:20:05,997 INFO TX: 185191382; RX: 26093758; Est. Dropped: 159097624; Est. Drop rate: 85.9098%
2018-11-30 08:20:16,010 INFO TX: 370443666; RX: 52202430; Est. Dropped: 318241236; Est. Drop rate: 85.9081%
2018-11-30 08:20:26,007 INFO TX: 554995212; RX: 78218011; Est. Dropped: 476777201; Est. Drop rate: 85.9065%
2018-11-30 08:20:26,007 INFO ...traffic generating ended.
2018-11-30 08:20:26,027 INFO Cleared all existing streams
2018-11-30 08:20:26,053 INFO Created 4 traffic streams for port 0.
2018-11-30 08:20:26,055 INFO Created 4 traffic streams for port 1.
2018-11-30 08:20:26,056 INFO Starting to generate traffic...
2018-11-30 08:20:26,056 INFO Running traffic generator


2018-11-30 08:20:31 - [local][warning]   - [1mCPU util. is high: 86.6%[22m
2018-11-30 08:20:36,076 INFO TX: 144436174; RX: 12689913; Est. Dropped: 131746261; Est. Drop rate: 91.2142%
2018-11-30 08:20:46,090 INFO TX: 288936655; RX: 25383161; Est. Dropped: 263553494; Est. Drop rate: 91.2150%
2018-11-30 08:20:56,090 INFO TX: 433083365; RX: 38048176; Est. Dropped: 395035189; Est. Drop rate: 91.2146%
2018-11-30 08:20:56,090 INFO ...traffic generating ended.
2018-11-30 08:20:56,094 INFO WARNING: There is a significant difference between requested TX rate (18500000.0) and actual TX rate (14436112). The traffic generator may not have sufficient CPU to achieve the requested TX rate.
2018-11-30 08:20:56,094 INFO Service chain 'EXT' run completed.
2018-11-30 08:20:56,094 INFO Clean up skipped.
2018-11-30 08:20:56,118 INFO Saving results in json file: /tmp/nfvbench/csc_1c6n_18500000pps-1.json...
2018-11-30 08:20:56,128 INFO 
========== NFVBench Summary ==========
Date: 2018-11-30 08:19:53
NFVBench version 2.0.5
Openstack Neutron:
  vSwitch: 
  Encapsulation: 
Benchmarks:
> Networks:
  > Components:
    > Traffic Generator:
        Profile: trex-local
        Tool: TRex
    > Versions:
      > Traffic_Generator:
          build_date: Nov 13 2017
          version: v2.32
          built_by: hhaim
          mode: STL
          build_time: 10:58:17
  > Service chain:
    > EXT:
      > Traffic:
          Profile: traffic_profile_2sizes
          Bidirectional: True
          Flow count: 1024
          Service chains count: 1
          Compute nodes: []
            
            Run Summary:
            
              +-----------------+-------------+----------------------+----------------------+----------------------+
              |  L2 Frame Size  |  Drop Rate  |  Avg Latency (usec)  |  Min Latency (usec)  |  Max Latency (usec)  |
              +=================+=============+======================+======================+======================+
              |       64        |  85.9065%   |        3,144         |         100          |        3,906         |
              +-----------------+-------------+----------------------+----------------------+----------------------+
              |      IMIX       |  91.2146%   |        5,519         |        1,000         |        6,115         |
              +-----------------+-------------+----------------------+----------------------+----------------------+
              
            
            L2 frame size: 64
            
            Run Config:
            
              +-------------+---------------------------+------------------------+-----------------+---------------------------+------------------------+-----------------+
              |  Direction  |  Requested TX Rate (bps)  |  Actual TX Rate (bps)  |  RX Rate (bps)  |  Requested TX Rate (pps)  |  Actual TX Rate (pps)  |  RX Rate (pps)  |
              +=============+===========================+========================+=================+===========================+========================+=================+
              |   Forward   |        6.2160 Gbps        |      6.2159 Gbps       |  881.9381 Mbps  |       9,250,000 pps       |     9,249,920 pps      |  1,312,407 pps  |
              +-------------+---------------------------+------------------------+-----------------+---------------------------+------------------------+-----------------+
              |   Reverse   |        6.2160 Gbps        |      6.2159 Gbps       |  870.1453 Mbps  |       9,250,000 pps       |     9,249,920 pps      |  1,294,859 pps  |
              +-------------+---------------------------+------------------------+-----------------+---------------------------+------------------------+-----------------+
              |    Total    |       12.4320 Gbps        |      12.4319 Gbps      |   1.7521 Gbps   |      18,500,000 pps       |     18,499,840 pps     |  2,607,266 pps  |
              +-------------+---------------------------+------------------------+-----------------+---------------------------+------------------------+-----------------+
              
            Forward Chain Packet Counters and Latency:
            
              +---------+--------------+--------------------------+------------+------------+------------+
              |   Chain |  TRex.TX.p0  |        TRex.RX.p1        |  Avg lat.  |  Min lat.  |  Max lat.  |
              +=========+==============+==========================+============+============+============+
              |       0 | 277,497,606  | -238,125,369 (-85.8117%) | 3,278 usec |  100 usec  | 3,906 usec |
              +---------+--------------+--------------------------+------------+------------+------------+
              
            Reverse Chain Packet Counters and Latency:
            
              +---------+--------------+--------------------------+------------+------------+------------+
              |   Chain |  TRex.TX.p1  |        TRex.RX.p0        |  Avg lat.  |  Min lat.  |  Max lat.  |
              +=========+==============+==========================+============+============+============+
              |       0 | 277,497,606  | -238,651,832 (-86.0014%) | 3,013 usec | 1,000 usec | 3,267 usec |
              +---------+--------------+--------------------------+------------+------------+------------+
              
            
            L2 frame size: IMIX
            
            Run Config:
            
              +-------------+---------------------------+------------------------+-----------------+---------------------------+------------------------+-----------------+
              |  Direction  |  Requested TX Rate (bps)  |  Actual TX Rate (bps)  |  RX Rate (bps)  |  Requested TX Rate (pps)  |  Actual TX Rate (pps)  |  RX Rate (pps)  |
              +=============+===========================+========================+=================+===========================+========================+=================+
              |   Forward   |       28.2557 Gbps        |      22.0478 Gbps      |   1.9426 Gbps   |       9,250,000 pps       |     7,217,748 pps      |   635,944 pps   |
              +-------------+---------------------------+------------------------+-----------------+---------------------------+------------------------+-----------------+
              |   Reverse   |       28.2557 Gbps        |      22.0497 Gbps      |   1.9316 Gbps   |       9,250,000 pps       |     7,218,363 pps      |   632,328 pps   |
              +-------------+---------------------------+------------------------+-----------------+---------------------------+------------------------+-----------------+
              |    Total    |       56.5113 Gbps        |      44.0975 Gbps      |   3.8741 Gbps   |      18,500,000 pps       |     14,436,111 pps     |  1,268,272 pps  |
              +-------------+---------------------------+------------------------+-----------------+---------------------------+------------------------+-----------------+
              
              WARNING: There is a significant difference between requested TX rate (18500000.0) and actual TX rate (14436112). The traffic generator may not have sufficient CPU to achieve the requested TX rate.
              
            Forward Chain Packet Counters and Latency:
            
              +---------+--------------+--------------------------+------------+------------+------------+
              |   Chain |  TRex.TX.p0  |        TRex.RX.p1        |  Avg lat.  |  Min lat.  |  Max lat.  |
              +=========+==============+==========================+============+============+============+
              |       0 | 216,532,448  | -197,454,118 (-91.1892%) | 5,497 usec | 1,000 usec | 5,962 usec |
              +---------+--------------+--------------------------+------------+------------+------------+
              
            Reverse Chain Packet Counters and Latency:
            
              +---------+--------------+--------------------------+------------+------------+------------+
              |   Chain |  TRex.TX.p1  |        TRex.RX.p0        |  Avg lat.  |  Min lat.  |  Max lat.  |
              +=========+==============+==========================+============+============+============+
              |       0 | 216,550,917  | -197,581,071 (-91.2400%) | 5,543 usec | 1,000 usec | 6,115 usec |
              +---------+--------------+--------------------------+------------+------------+------------+
              

