2018-11-30 12:37:13,813 INFO Loading configuration file: /tmp/nfvbench/nfvbench_config.cfg
2018-11-30 12:37:13,847 INFO EXT chain with OpenStack mode disabled
2018-11-30 12:37:13,847 INFO -c /tmp/nfvbench/nfvbench_config.cfg --rate ndr --flow-count 1024 --duration 30 --json /tmp/nfvbench/csc_8c1n_ndr-1.json
2018-11-30 12:37:13,849 INFO Connecting to TRex (127.0.0.1)...


2018-11-30 12:37:13 - [local][warning]   - [1mCPU util. is high: 92.0%[22m
2018-11-30 12:37:13,984 INFO Connected to TRex
2018-11-30 12:37:13,984 INFO    Port 0: Device 158b speed=25Gbps mac=3c:fd:fe:bd:f8:60 pci=0000:3b:00.0 driver=net_i40e
2018-11-30 12:37:13,984 INFO    Port 1: Device 158b speed=25Gbps mac=3c:fd:fe:bd:f8:61 pci=0000:3b:00.1 driver=net_i40e
2018-11-30 12:37:13,985 INFO ChainRunner initialized
2018-11-30 12:37:13,986 INFO Starting 8xEXT benchmark...
2018-11-30 12:37:14,090 INFO Polling ARP until successful...
2018-11-30 12:37:14,305 INFO    ARP: port=0 chain=0 src IP=172.16.10.100 dst IP=172.16.10.10 -> MAC=52:54:00:00:00:aa
2018-11-30 12:37:14,305 INFO    ARP: port=0 chain=1 src IP=172.16.10.101 dst IP=172.16.10.11 -> MAC=52:54:01:00:00:aa
2018-11-30 12:37:14,305 INFO    ARP: port=0 chain=2 src IP=172.16.10.102 dst IP=172.16.10.12 -> MAC=52:54:02:00:00:aa
2018-11-30 12:37:14,306 INFO    ARP: port=0 chain=3 src IP=172.16.10.103 dst IP=172.16.10.13 -> MAC=52:54:03:00:00:aa
2018-11-30 12:37:14,306 INFO    ARP: port=0 chain=4 src IP=172.16.10.104 dst IP=172.16.10.14 -> MAC=52:54:04:00:00:aa
2018-11-30 12:37:14,306 INFO    ARP: port=0 chain=5 src IP=172.16.10.105 dst IP=172.16.10.15 -> MAC=52:54:05:00:00:aa
2018-11-30 12:37:14,306 INFO    ARP: port=0 chain=6 src IP=172.16.10.106 dst IP=172.16.10.16 -> MAC=52:54:06:00:00:aa
2018-11-30 12:37:14,306 INFO    ARP: port=0 chain=7 src IP=172.16.10.107 dst IP=172.16.10.17 -> MAC=52:54:07:00:00:aa
2018-11-30 12:37:14,306 INFO ARP resolved successfully for port 0
2018-11-30 12:37:14,521 INFO    ARP: port=1 chain=0 src IP=172.16.20.100 dst IP=172.16.20.10 -> MAC=52:54:00:00:00:bb
2018-11-30 12:37:14,521 INFO    ARP: port=1 chain=1 src IP=172.16.20.101 dst IP=172.16.20.11 -> MAC=52:54:01:00:00:bb
2018-11-30 12:37:14,521 INFO    ARP: port=1 chain=2 src IP=172.16.20.102 dst IP=172.16.20.12 -> MAC=52:54:02:00:00:bb
2018-11-30 12:37:14,521 INFO    ARP: port=1 chain=3 src IP=172.16.20.103 dst IP=172.16.20.13 -> MAC=52:54:03:00:00:bb
2018-11-30 12:37:14,521 INFO    ARP: port=1 chain=4 src IP=172.16.20.104 dst IP=172.16.20.14 -> MAC=52:54:04:00:00:bb
2018-11-30 12:37:14,521 INFO    ARP: port=1 chain=5 src IP=172.16.20.105 dst IP=172.16.20.15 -> MAC=52:54:05:00:00:bb
2018-11-30 12:37:14,521 INFO    ARP: port=1 chain=6 src IP=172.16.20.106 dst IP=172.16.20.16 -> MAC=52:54:06:00:00:bb
2018-11-30 12:37:14,521 INFO    ARP: port=1 chain=7 src IP=172.16.20.107 dst IP=172.16.20.17 -> MAC=52:54:07:00:00:bb
2018-11-30 12:37:14,521 INFO ARP resolved successfully for port 1
2018-11-30 12:37:14,623 INFO Port 0: dst MAC ['52:54:00:00:00:aa', '52:54:01:00:00:aa', '52:54:02:00:00:aa', '52:54:03:00:00:aa', '52:54:04:00:00:aa', '52:54:05:00:00:aa', '52:54:06:00:00:aa', '52:54:07:00:00:aa']
2018-11-30 12:37:14,623 INFO Port 1: dst MAC ['52:54:00:00:00:bb', '52:54:01:00:00:bb', '52:54:02:00:00:bb', '52:54:03:00:00:bb', '52:54:04:00:00:bb', '52:54:05:00:00:bb', '52:54:06:00:00:bb', '52:54:07:00:00:bb']
2018-11-30 12:37:14,623 INFO Starting traffic generator to ensure end-to-end connectivity
2018-11-30 12:37:14,669 INFO Created 8 traffic streams for port 0.
2018-11-30 12:37:14,674 INFO Created 8 traffic streams for port 1.
2018-11-30 12:37:14,788 INFO Captured unique src mac 0/16, capturing return packets (retry 1/100)...
2018-11-30 12:37:16,912 INFO Received packet from mac: 52:54:06:00:00:bb (chain=6, port=1)
2018-11-30 12:37:16,912 INFO Received packet from mac: 52:54:02:00:00:bb (chain=2, port=1)
2018-11-30 12:37:16,912 INFO Received packet from mac: 52:54:01:00:00:bb (chain=1, port=1)
2018-11-30 12:37:16,912 INFO Received packet from mac: 52:54:00:00:00:bb (chain=0, port=1)
2018-11-30 12:37:16,912 INFO Received packet from mac: 52:54:03:00:00:bb (chain=3, port=1)
2018-11-30 12:37:16,913 INFO Received packet from mac: 52:54:05:00:00:bb (chain=5, port=1)
2018-11-30 12:37:16,913 INFO Received packet from mac: 52:54:07:00:00:bb (chain=7, port=1)
2018-11-30 12:37:16,913 INFO Received packet from mac: 52:54:04:00:00:bb (chain=4, port=1)
2018-11-30 12:37:16,913 INFO Received packet from mac: 52:54:00:00:00:aa (chain=0, port=0)
2018-11-30 12:37:16,913 INFO Received packet from mac: 52:54:04:00:00:aa (chain=4, port=0)
2018-11-30 12:37:16,913 INFO Received packet from mac: 52:54:05:00:00:aa (chain=5, port=0)
2018-11-30 12:37:16,913 INFO Received packet from mac: 52:54:07:00:00:aa (chain=7, port=0)
2018-11-30 12:37:16,913 INFO Received packet from mac: 52:54:06:00:00:aa (chain=6, port=0)
2018-11-30 12:37:16,913 INFO Received packet from mac: 52:54:01:00:00:aa (chain=1, port=0)
2018-11-30 12:37:16,913 INFO Received packet from mac: 52:54:03:00:00:aa (chain=3, port=0)
2018-11-30 12:37:16,913 INFO Received packet from mac: 52:54:02:00:00:aa (chain=2, port=0)
2018-11-30 12:37:16,913 INFO End-to-end connectivity established
2018-11-30 12:37:16,934 INFO Cleared all existing streams
2018-11-30 12:37:16,992 INFO Created 16 traffic streams for port 0.
2018-11-30 12:37:17,000 INFO Created 16 traffic streams for port 1.
2018-11-30 12:37:17,001 INFO *** Searching NDR for 64 (Bidirectional)...
2018-11-30 12:37:17,001 INFO Range search [0.0 .. 200.0] targets: {'ndr': 0.001}
2018-11-30 12:37:17,001 INFO Modified traffic stream for port 0, new rate=100.0%.
2018-11-30 12:37:17,001 INFO Modified traffic stream for port 1, new rate=100.0%.
2018-11-30 12:37:17,001 INFO Running traffic generator


2018-11-30 12:37:23 - [local][warning]   - [1mCPU util. is high: 88.0%[22m
2018-11-30 12:37:27,035 INFO TX: 382335121; RX: 102106376; Est. Dropped: 280228745; Est. Drop rate: 73.2940%
2018-11-30 12:37:37,056 INFO TX: 766360798; RX: 204288804; Est. Dropped: 562071994; Est. Drop rate: 73.3430%
2018-11-30 12:37:47,048 INFO TX: 1148903272; RX: 306089506; Est. Dropped: 842813766; Est. Drop rate: 73.3581%
2018-11-30 12:37:49,060 INFO WARNING: There is a significant difference between requested TX rate (74404760) and actual TX rate (38296775). The traffic generator may not have sufficient CPU to achieve the requested TX rate.
2018-11-30 12:37:49,060 INFO Average drop rate: 73.358113
2018-11-30 12:37:49,061 INFO Range search [0.0 .. 100.0] targets: {'ndr': 0.001}
2018-11-30 12:37:49,061 INFO Modified traffic stream for port 0, new rate=50.0%.
2018-11-30 12:37:49,061 INFO Modified traffic stream for port 1, new rate=50.0%.
2018-11-30 12:37:49,061 INFO Running traffic generator
2018-11-30 12:37:59,099 INFO TX: 372412816; RX: 102055366; Est. Dropped: 270357450; Est. Drop rate: 72.5962%
2018-11-30 12:38:09,119 INFO TX: 745179393; RX: 204199714; Est. Dropped: 540979679; Est. Drop rate: 72.5972%
2018-11-30 12:38:19,109 INFO TX: 1116066720; RX: 305833531; Est. Dropped: 810233189; Est. Drop rate: 72.5972%
2018-11-30 12:38:21,121 INFO Average drop rate: 72.597200
2018-11-30 12:38:21,121 INFO Range search [0.0 .. 50.0] targets: {'ndr': 0.001}
2018-11-30 12:38:21,121 INFO Modified traffic stream for port 0, new rate=25.0%.
2018-11-30 12:38:21,121 INFO Modified traffic stream for port 1, new rate=25.0%.
2018-11-30 12:38:21,122 INFO Running traffic generator
2018-11-30 12:38:31,160 INFO TX: 186194262; RX: 102314620; Est. Dropped: 83879642; Est. Drop rate: 45.0495%
2018-11-30 12:38:41,181 INFO TX: 372590000; RX: 204793059; Est. Dropped: 167796941; Est. Drop rate: 45.0353%
2018-11-30 12:38:51,170 INFO TX: 558036320; RX: 306730231; Est. Dropped: 251306089; Est. Drop rate: 45.0340%
2018-11-30 12:38:53,183 INFO Average drop rate: 45.034002
2018-11-30 12:38:53,183 INFO Range search [0.0 .. 25.0] targets: {'ndr': 0.001}
2018-11-30 12:38:53,183 INFO Modified traffic stream for port 0, new rate=12.5%.
2018-11-30 12:38:53,183 INFO Modified traffic stream for port 1, new rate=12.5%.
2018-11-30 12:38:53,183 INFO Running traffic generator
2018-11-30 12:39:03,221 INFO TX: 93089448; RX: 93088722; Est. Dropped: 726; Est. Drop rate: 0.0008%
2018-11-30 12:39:13,242 INFO TX: 186288456; RX: 186287751; Est. Dropped: 705; Est. Drop rate: 0.0004%
2018-11-30 12:39:23,235 INFO TX: 279018048; RX: 279018048; Est. Dropped: 0; Est. Drop rate: 0.0000%
2018-11-30 12:39:25,248 INFO Average drop rate: 0.000000
2018-11-30 12:39:25,248 INFO Range search [12.5 .. 25.0] targets: {'ndr': 0.001}
2018-11-30 12:39:25,248 INFO Modified traffic stream for port 0, new rate=18.75%.
2018-11-30 12:39:25,248 INFO Modified traffic stream for port 1, new rate=18.75%.
2018-11-30 12:39:25,248 INFO Running traffic generator
2018-11-30 12:39:35,286 INFO TX: 139651899; RX: 102441148; Est. Dropped: 37210751; Est. Drop rate: 26.6454%
2018-11-30 12:39:45,307 INFO TX: 279456560; RX: 205042684; Est. Dropped: 74413876; Est. Drop rate: 26.6281%
2018-11-30 12:39:55,296 INFO TX: 418527120; RX: 307125630; Est. Dropped: 111401490; Est. Drop rate: 26.6175%
2018-11-30 12:39:57,309 INFO Average drop rate: 26.617508
2018-11-30 12:39:57,309 INFO Range search [12.5 .. 18.75] targets: {'ndr': 0.001}
2018-11-30 12:39:57,309 INFO Modified traffic stream for port 0, new rate=15.625%.
2018-11-30 12:39:57,309 INFO Modified traffic stream for port 1, new rate=15.625%.
2018-11-30 12:39:57,309 INFO Running traffic generator
2018-11-30 12:40:07,347 INFO TX: 116373861; RX: 102445205; Est. Dropped: 13928656; Est. Drop rate: 11.9689%
2018-11-30 12:40:17,368 INFO TX: 232878414; RX: 204972832; Est. Dropped: 27905582; Est. Drop rate: 11.9829%
2018-11-30 12:40:27,357 INFO TX: 348772096; RX: 307051376; Est. Dropped: 41720720; Est. Drop rate: 11.9622%
2018-11-30 12:40:29,370 INFO Average drop rate: 11.962173
2018-11-30 12:40:29,370 INFO Range search [12.5 .. 15.625] targets: {'ndr': 0.001}
2018-11-30 12:40:29,370 INFO Modified traffic stream for port 0, new rate=14.0625%.
2018-11-30 12:40:29,370 INFO Modified traffic stream for port 1, new rate=14.0625%.
2018-11-30 12:40:29,370 INFO Running traffic generator
2018-11-30 12:40:39,407 INFO TX: 104733840; RX: 102542166; Est. Dropped: 2191674; Est. Drop rate: 2.0926%
2018-11-30 12:40:49,429 INFO TX: 209587976; RX: 205205496; Est. Dropped: 4382480; Est. Drop rate: 2.0910%
2018-11-30 12:40:59,418 INFO TX: 313895328; RX: 307395074; Est. Dropped: 6500254; Est. Drop rate: 2.0708%
2018-11-30 12:41:01,430 INFO Average drop rate: 2.070835
2018-11-30 12:41:01,430 INFO Range search [12.5 .. 14.0625] targets: {'ndr': 0.001}
2018-11-30 12:41:01,430 INFO Modified traffic stream for port 0, new rate=13.28125%.
2018-11-30 12:41:01,430 INFO Modified traffic stream for port 1, new rate=13.28125%.
2018-11-30 12:41:01,430 INFO Running traffic generator
2018-11-30 12:41:11,469 INFO TX: 98917120; RX: 98915841; Est. Dropped: 1279; Est. Drop rate: 0.0013%
2018-11-30 12:41:21,490 INFO TX: 197946016; RX: 197944571; Est. Dropped: 1445; Est. Drop rate: 0.0007%
2018-11-30 12:41:31,479 INFO TX: 296456848; RX: 296456848; Est. Dropped: 0; Est. Drop rate: 0.0000%
2018-11-30 12:41:33,492 INFO Average drop rate: 0.000000
2018-11-30 12:41:33,492 INFO Range search [13.28125 .. 14.0625] targets: {'ndr': 0.001}
2018-11-30 12:41:33,492 INFO Modified traffic stream for port 0, new rate=13.671875%.
2018-11-30 12:41:33,493 INFO Modified traffic stream for port 1, new rate=13.671875%.
2018-11-30 12:41:33,493 INFO Running traffic generator
2018-11-30 12:41:43,531 INFO TX: 101826064; RX: 101816332; Est. Dropped: 9732; Est. Drop rate: 0.0096%
2018-11-30 12:41:53,552 INFO TX: 203772124; RX: 203760654; Est. Dropped: 11470; Est. Drop rate: 0.0056%
2018-11-30 12:42:03,541 INFO TX: 305176064; RX: 305163361; Est. Dropped: 12703; Est. Drop rate: 0.0042%
2018-11-30 12:42:05,554 INFO Average drop rate: 0.004163
2018-11-30 12:42:05,554 INFO Range search [13.28125 .. 13.671875] targets: {'ndr': 0.001}
2018-11-30 12:42:05,554 INFO Modified traffic stream for port 0, new rate=13.4765625%.
2018-11-30 12:42:05,554 INFO Modified traffic stream for port 1, new rate=13.4765625%.
2018-11-30 12:42:05,554 INFO Running traffic generator
2018-11-30 12:42:15,594 INFO TX: 100420841; RX: 100419059; Est. Dropped: 1782; Est. Drop rate: 0.0018%
2018-11-30 12:42:25,616 INFO TX: 200897148; RX: 200895519; Est. Dropped: 1629; Est. Drop rate: 0.0008%
2018-11-30 12:42:35,604 INFO TX: 300816448; RX: 300816448; Est. Dropped: 0; Est. Drop rate: 0.0000%
2018-11-30 12:42:37,617 INFO Average drop rate: 0.000000
2018-11-30 12:42:37,617 INFO Range search [13.4765625 .. 13.671875] targets: {'ndr': 0.001}
2018-11-30 12:42:37,617 INFO Modified traffic stream for port 0, new rate=13.57421875%.
2018-11-30 12:42:37,617 INFO Modified traffic stream for port 1, new rate=13.57421875%.
2018-11-30 12:42:37,617 INFO Running traffic generator
2018-11-30 12:42:47,655 INFO TX: 101101936; RX: 101099568; Est. Dropped: 2368; Est. Drop rate: 0.0023%
2018-11-30 12:42:57,676 INFO TX: 202316127; RX: 202314172; Est. Dropped: 1955; Est. Drop rate: 0.0010%
2018-11-30 12:43:07,665 INFO TX: 302995616; RX: 302994920; Est. Dropped: 696; Est. Drop rate: 0.0002%
2018-11-30 12:43:09,678 INFO Average drop rate: 0.000230
2018-11-30 12:43:09,678 INFO Range search [13.57421875 .. 13.671875] targets: {'ndr': 0.001}
2018-11-30 12:43:09,678 INFO Found ndr (0.001) load: 13.57421875
2018-11-30 12:43:09,678 INFO NDR load: 27.1484375
2018-11-30 12:43:09,705 INFO Cleared all existing streams
2018-11-30 12:43:09,887 INFO Created 32 traffic streams for port 0.
2018-11-30 12:43:09,905 INFO Created 32 traffic streams for port 1.
2018-11-30 12:43:09,906 INFO *** Searching NDR for IMIX (Bidirectional)...
2018-11-30 12:43:09,906 INFO Range search [0.0 .. 200.0] targets: {'ndr': 0.001}
2018-11-30 12:43:09,906 INFO Modified traffic stream for port 0, new rate=100.0%.
2018-11-30 12:43:09,906 INFO Modified traffic stream for port 1, new rate=100.0%.
2018-11-30 12:43:09,906 INFO Running traffic generator


2018-11-30 12:43:17 - [local][warning]   - [1mCPU util. is high: 85.6%[22m
2018-11-30 12:43:19,942 INFO TX: 144430739; RX: 64544177; Est. Dropped: 79886562; Est. Drop rate: 55.3113%
2018-11-30 12:43:29,962 INFO TX: 288960359; RX: 129113023; Est. Dropped: 159847336; Est. Drop rate: 55.3181%
2018-11-30 12:43:39,956 INFO TX: 432971337; RX: 193495005; Est. Dropped: 239476332; Est. Drop rate: 55.3100%
2018-11-30 12:43:41,968 INFO WARNING: There is a significant difference between requested TX rate (16368398) and actual TX rate (14432377). The traffic generator may not have sufficient CPU to achieve the requested TX rate.
2018-11-30 12:43:41,968 INFO Average drop rate: 55.309974
2018-11-30 12:43:41,968 INFO Range search [0.0 .. 100.0] targets: {'ndr': 0.001}
2018-11-30 12:43:41,968 INFO Modified traffic stream for port 0, new rate=50.0%.
2018-11-30 12:43:41,968 INFO Modified traffic stream for port 1, new rate=50.0%.
2018-11-30 12:43:41,968 INFO Running traffic generator
2018-11-30 12:43:52,008 INFO TX: 81925487; RX: 64604946; Est. Dropped: 17320541; Est. Drop rate: 21.1418%
2018-11-30 12:44:02,028 INFO TX: 163932440; RX: 129371432; Est. Dropped: 34561008; Est. Drop rate: 21.0825%
2018-11-30 12:44:12,015 INFO TX: 245527120; RX: 193729249; Est. Dropped: 51797871; Est. Drop rate: 21.0966%
2018-11-30 12:44:14,027 INFO Average drop rate: 21.096599
2018-11-30 12:44:14,027 INFO Range search [0.0 .. 50.0] targets: {'ndr': 0.001}
2018-11-30 12:44:14,027 INFO Modified traffic stream for port 0, new rate=25.0%.
2018-11-30 12:44:14,027 INFO Modified traffic stream for port 1, new rate=25.0%.
2018-11-30 12:44:14,027 INFO Running traffic generator
2018-11-30 12:44:24,067 INFO TX: 40962872; RX: 40962861; Est. Dropped: 11; Est. Drop rate: 0.0000%
2018-11-30 12:44:34,089 INFO TX: 81972385; RX: 81972386; Est. Dropped: -1; Est. Drop rate: -0.0000%
2018-11-30 12:44:44,077 INFO TX: 122764064; RX: 122764064; Est. Dropped: 0; Est. Drop rate: 0.0000%
2018-11-30 12:44:46,090 INFO Average drop rate: 0.000000
2018-11-30 12:44:46,090 INFO Range search [25.0 .. 50.0] targets: {'ndr': 0.001}
2018-11-30 12:44:46,090 INFO Modified traffic stream for port 0, new rate=37.5%.
2018-11-30 12:44:46,090 INFO Modified traffic stream for port 1, new rate=37.5%.
2018-11-30 12:44:46,090 INFO Running traffic generator
2018-11-30 12:44:56,131 INFO TX: 61447581; RX: 61447076; Est. Dropped: 505; Est. Drop rate: 0.0008%
2018-11-30 12:45:06,174 INFO TX: 122963059; RX: 122962515; Est. Dropped: 544; Est. Drop rate: 0.0004%
2018-11-30 12:45:16,142 INFO TX: 184145568; RX: 184145568; Est. Dropped: 0; Est. Drop rate: 0.0000%
2018-11-30 12:45:18,155 INFO Average drop rate: 0.000000
2018-11-30 12:45:18,155 INFO Range search [37.5 .. 50.0] targets: {'ndr': 0.001}
2018-11-30 12:45:18,155 INFO Modified traffic stream for port 0, new rate=43.75%.
2018-11-30 12:45:18,155 INFO Modified traffic stream for port 1, new rate=43.75%.
2018-11-30 12:45:18,155 INFO Running traffic generator
2018-11-30 12:45:28,190 INFO TX: 71663542; RX: 64772405; Est. Dropped: 6891137; Est. Drop rate: 9.6160%
2018-11-30 12:45:38,212 INFO TX: 143425680; RX: 129600963; Est. Dropped: 13824717; Est. Drop rate: 9.6389%
2018-11-30 12:45:48,204 INFO TX: 214836272; RX: 194193459; Est. Dropped: 20642813; Est. Drop rate: 9.6086%
2018-11-30 12:45:50,217 INFO Average drop rate: 9.608626
2018-11-30 12:45:50,217 INFO Range search [37.5 .. 43.75] targets: {'ndr': 0.001}
2018-11-30 12:45:50,217 INFO Modified traffic stream for port 0, new rate=40.625%.
2018-11-30 12:45:50,217 INFO Modified traffic stream for port 1, new rate=40.625%.
2018-11-30 12:45:50,217 INFO Running traffic generator
2018-11-30 12:46:00,258 INFO TX: 66566483; RX: 64861356; Est. Dropped: 1705127; Est. Drop rate: 2.5615%
2018-11-30 12:46:10,279 INFO TX: 133207631; RX: 129728863; Est. Dropped: 3478768; Est. Drop rate: 2.6115%
2018-11-30 12:46:20,268 INFO TX: 199490896; RX: 194260274; Est. Dropped: 5230622; Est. Drop rate: 2.6220%
2018-11-30 12:46:22,281 INFO Average drop rate: 2.621985
2018-11-30 12:46:22,281 INFO Range search [37.5 .. 40.625] targets: {'ndr': 0.001}
2018-11-30 12:46:22,282 INFO Modified traffic stream for port 0, new rate=39.0625%.
2018-11-30 12:46:22,282 INFO Modified traffic stream for port 1, new rate=39.0625%.
2018-11-30 12:46:22,282 INFO Running traffic generator
2018-11-30 12:46:32,320 INFO TX: 64005096; RX: 64003852; Est. Dropped: 1244; Est. Drop rate: 0.0019%
2018-11-30 12:46:42,341 INFO TX: 128081049; RX: 128079838; Est. Dropped: 1211; Est. Drop rate: 0.0009%
2018-11-30 12:46:52,328 INFO TX: 191818304; RX: 191817788; Est. Dropped: 516; Est. Drop rate: 0.0003%
2018-11-30 12:46:54,341 INFO Average drop rate: 0.000269
2018-11-30 12:46:54,341 INFO Range search [39.0625 .. 40.625] targets: {'ndr': 0.001}
2018-11-30 12:46:54,341 INFO Modified traffic stream for port 0, new rate=39.84375%.
2018-11-30 12:46:54,341 INFO Modified traffic stream for port 1, new rate=39.84375%.
2018-11-30 12:46:54,341 INFO Running traffic generator
2018-11-30 12:47:04,378 INFO TX: 65281552; RX: 65029965; Est. Dropped: 251587; Est. Drop rate: 0.3854%
2018-11-30 12:47:14,399 INFO TX: 130631838; RX: 130302734; Est. Dropped: 329104; Est. Drop rate: 0.2519%
2018-11-30 12:47:24,388 INFO TX: 195654592; RX: 195318267; Est. Dropped: 336325; Est. Drop rate: 0.1719%
2018-11-30 12:47:26,401 INFO Average drop rate: 0.171897
2018-11-30 12:47:26,402 INFO Range search [39.0625 .. 39.84375] targets: {'ndr': 0.001}
2018-11-30 12:47:26,402 INFO Modified traffic stream for port 0, new rate=39.453125%.
2018-11-30 12:47:26,402 INFO Modified traffic stream for port 1, new rate=39.453125%.
2018-11-30 12:47:26,402 INFO Running traffic generator
2018-11-30 12:47:36,450 INFO TX: 64647176; RX: 64646327; Est. Dropped: 849; Est. Drop rate: 0.0013%
2018-11-30 12:47:46,471 INFO TX: 129367224; RX: 129366352; Est. Dropped: 872; Est. Drop rate: 0.0007%
2018-11-30 12:47:56,456 INFO TX: 193736400; RX: 193736400; Est. Dropped: 0; Est. Drop rate: 0.0000%
2018-11-30 12:47:58,468 INFO Average drop rate: 0.000000
2018-11-30 12:47:58,468 INFO Range search [39.453125 .. 39.84375] targets: {'ndr': 0.001}
2018-11-30 12:47:58,469 INFO Modified traffic stream for port 0, new rate=39.6484375%.
2018-11-30 12:47:58,469 INFO Modified traffic stream for port 1, new rate=39.6484375%.
2018-11-30 12:47:58,469 INFO Running traffic generator
2018-11-30 12:48:08,509 INFO TX: 64966048; RX: 64965116; Est. Dropped: 932; Est. Drop rate: 0.0014%
2018-11-30 12:48:18,531 INFO TX: 130005969; RX: 130004793; Est. Dropped: 1176; Est. Drop rate: 0.0009%
2018-11-30 12:48:28,516 INFO TX: 194695456; RX: 194695223; Est. Dropped: 233; Est. Drop rate: 0.0001%
2018-11-30 12:48:30,529 INFO Average drop rate: 0.000120
2018-11-30 12:48:30,529 INFO Range search [39.6484375 .. 39.84375] targets: {'ndr': 0.001}
2018-11-30 12:48:30,530 INFO Modified traffic stream for port 0, new rate=39.74609375%.
2018-11-30 12:48:30,530 INFO Modified traffic stream for port 1, new rate=39.74609375%.
2018-11-30 12:48:30,530 INFO Running traffic generator
2018-11-30 12:48:40,567 INFO TX: 65126533; RX: 65125346; Est. Dropped: 1187; Est. Drop rate: 0.0018%
2018-11-30 12:48:50,587 INFO TX: 130310728; RX: 130309624; Est. Dropped: 1104; Est. Drop rate: 0.0008%
2018-11-30 12:49:00,576 INFO TX: 195175040; RX: 195175040; Est. Dropped: 0; Est. Drop rate: 0.0000%
2018-11-30 12:49:02,591 INFO Average drop rate: 0.000000
2018-11-30 12:49:02,591 INFO Range search [39.74609375 .. 39.84375] targets: {'ndr': 0.001}
2018-11-30 12:49:02,591 INFO Found ndr (0.001) load: 39.74609375
2018-11-30 12:49:02,592 INFO NDR load: 79.4921875
2018-11-30 12:49:02,592 INFO Service chain 'EXT' run completed.
2018-11-30 12:49:02,592 INFO Clean up skipped.
2018-11-30 12:49:02,632 INFO Saving results in json file: /tmp/nfvbench/csc_8c1n_ndr-1.json...
2018-11-30 12:49:02,636 INFO 
========== NFVBench Summary ==========
Date: 2018-11-30 12:37:13
NFVBench version 2.0.5
Openstack Neutron:
  vSwitch: 
  Encapsulation: 
Benchmarks:
> Networks:
  > Components:
    > Traffic Generator:
        Profile: trex-local
        Tool: TRex
    > Versions:
      > Traffic_Generator:
          build_date: Nov 13 2017
          version: v2.32
          built_by: hhaim
          mode: STL
          build_time: 10:58:17
  > Measurement Parameters:
      NDR: 0.001
  > Service chain:
    > EXT:
      > Traffic:
          Profile: traffic_profile_2sizes
          Bidirectional: True
          Flow count: 1024
          Service chains count: 8
          Compute nodes: []
            
            Run Summary:
            
              +-----+-----------------+------------------+------------------+-----------------+----------------------+----------------------+----------------------+
              |  -  |  L2 Frame Size  |  Rate (fwd+rev)  |  Rate (fwd+rev)  |  Avg Drop Rate  |   Avg Latency (usec) |   Min Latency (usec) |   Max Latency (usec) |
              +=====+=================+==================+==================+=================+======================+======================+======================+
              | NDR |       64        |   6.7871 Gbps    |  10,099,864 pps  |     0.0002%     |                  246 |                   10 |                  454 |
              +-----+-----------------+------------------+------------------+-----------------+----------------------+----------------------+----------------------+
              | NDR |      IMIX       |   19.8730 Gbps   |  6,505,798 pps   |     0.0000%     |                  208 |                   10 |                  365 |
              +-----+-----------------+------------------+------------------+-----------------+----------------------+----------------------+----------------------+
              
            
            L2 frame size: 64
            NDR search duration: 353 seconds
            
            
            L2 frame size: IMIX
            NDR search duration: 353 seconds
            

