2018-12-09 01:14:37,385 INFO Loading configuration file: /tmp/nfvbench/nfvbench_config.cfg
2018-12-09 01:14:37,419 INFO EXT chain with OpenStack mode disabled
2018-12-09 01:14:37,420 INFO -c /tmp/nfvbench/nfvbench_config.cfg --rate 18500000pps --flow-count 1024 --duration 30 --json /tmp/nfvbench/csp_1c10n_18500000pps-1.json
2018-12-09 01:14:37,421 INFO Connecting to TRex (127.0.0.1)...
2018-12-09 01:14:37,563 INFO Connected to TRex
2018-12-09 01:14:37,563 INFO    Port 0: Device 158b speed=25Gbps mac=3c:fd:fe:bd:f8:60 pci=0000:3b:00.0 driver=net_i40e
2018-12-09 01:14:37,563 INFO    Port 1: Device 158b speed=25Gbps mac=3c:fd:fe:bd:f8:61 pci=0000:3b:00.1 driver=net_i40e
2018-12-09 01:14:37,564 INFO ChainRunner initialized
2018-12-09 01:14:37,565 INFO Starting 1xEXT benchmark...
2018-12-09 01:14:37,670 INFO Polling ARP until successful...
2018-12-09 01:14:37,781 INFO    ARP: port=0 chain=0 src IP=172.16.10.100 dst IP=172.16.10.10 -> MAC=52:54:00:00:00:aa
2018-12-09 01:14:37,781 INFO ARP resolved successfully for port 0
2018-12-09 01:14:37,892 INFO    ARP: port=1 chain=0 src IP=172.16.20.100 dst IP=172.16.20.10 -> MAC=52:54:00:00:00:bb
2018-12-09 01:14:37,892 INFO ARP resolved successfully for port 1
2018-12-09 01:14:37,994 INFO Port 0: dst MAC ['52:54:00:00:00:aa']
2018-12-09 01:14:37,994 INFO Port 1: dst MAC ['52:54:00:00:00:bb']
2018-12-09 01:14:37,994 INFO Starting traffic generator to ensure end-to-end connectivity
2018-12-09 01:14:38,001 INFO Created 1 traffic streams for port 0.
2018-12-09 01:14:38,002 INFO Created 1 traffic streams for port 1.
2018-12-09 01:14:38,112 INFO Captured unique src mac 0/2, capturing return packets (retry 1/100)...
2018-12-09 01:14:40,233 INFO Received packet from mac: 52:54:00:00:00:bb (chain=0, port=1)
2018-12-09 01:14:40,233 INFO Received packet from mac: 52:54:00:00:00:aa (chain=0, port=0)
2018-12-09 01:14:40,233 INFO End-to-end connectivity established
2018-12-09 01:14:40,250 INFO Cleared all existing streams
2018-12-09 01:14:40,258 INFO Created 2 traffic streams for port 0.
2018-12-09 01:14:40,260 INFO Created 2 traffic streams for port 1.
2018-12-09 01:14:40,260 INFO Starting to generate traffic...
2018-12-09 01:14:40,260 INFO Running traffic generator
2018-12-09 01:14:50,281 INFO TX: 185186522; RX: 69265759; Est. Dropped: 115920763; Est. Drop rate: 62.5968%
2018-12-09 01:15:00,295 INFO TX: 370436547; RX: 138528796; Est. Dropped: 231907751; Est. Drop rate: 62.6039%
2018-12-09 01:15:10,292 INFO TX: 554995212; RX: 207383292; Est. Dropped: 347611920; Est. Drop rate: 62.6333%
2018-12-09 01:15:10,292 INFO ...traffic generating ended.
2018-12-09 01:15:10,312 INFO Cleared all existing streams
2018-12-09 01:15:10,336 INFO Created 4 traffic streams for port 0.
2018-12-09 01:15:10,339 INFO Created 4 traffic streams for port 1.
2018-12-09 01:15:10,339 INFO Starting to generate traffic...
2018-12-09 01:15:10,340 INFO Running traffic generator


2018-12-09 01:15:16 - [local][warning]   - [1mCPU util. is high: 87.6%[22m
2018-12-09 01:15:20,361 INFO TX: 144048371; RX: 36943115; Est. Dropped: 107105256; Est. Drop rate: 74.3537%
2018-12-09 01:15:30,375 INFO TX: 288158423; RX: 73899019; Est. Dropped: 214259404; Est. Drop rate: 74.3547%
2018-12-09 01:15:40,374 INFO TX: 431900167; RX: 110786387; Est. Dropped: 321113780; Est. Drop rate: 74.3491%
2018-12-09 01:15:40,374 INFO ...traffic generating ended.
2018-12-09 01:15:40,378 INFO WARNING: There is a significant difference between requested TX rate (18500000.0) and actual TX rate (14396672). The traffic generator may not have sufficient CPU to achieve the requested TX rate.
2018-12-09 01:15:40,378 INFO Service chain 'EXT' run completed.
2018-12-09 01:15:40,378 INFO Clean up skipped.
2018-12-09 01:15:40,402 INFO Saving results in json file: /tmp/nfvbench/csp_1c10n_18500000pps-1.json...
2018-12-09 01:15:40,411 INFO 
========== NFVBench Summary ==========
Date: 2018-12-09 01:14:37
NFVBench version 2.0.5
Openstack Neutron:
  vSwitch: 
  Encapsulation: 
Benchmarks:
> Networks:
  > Components:
    > Traffic Generator:
        Profile: trex-local
        Tool: TRex
    > Versions:
      > Traffic_Generator:
          build_date: Nov 13 2017
          version: v2.32
          built_by: hhaim
          mode: STL
          build_time: 10:58:17
  > Service chain:
    > EXT:
      > Traffic:
          Profile: traffic_profile_2sizes
          Bidirectional: True
          Flow count: 1024
          Service chains count: 1
          Compute nodes: []
            
            Run Summary:
            
              +-----------------+-------------+----------------------+----------------------+----------------------+
              |  L2 Frame Size  |  Drop Rate  |  Avg Latency (usec)  |   Min Latency (usec) |  Max Latency (usec)  |
              +=================+=============+======================+======================+======================+
              |       64        |  62.6333%   |        1,692         |                   40 |        2,277         |
              +-----------------+-------------+----------------------+----------------------+----------------------+
              |      IMIX       |  74.3491%   |        2,498         |                  100 |        3,135         |
              +-----------------+-------------+----------------------+----------------------+----------------------+
              
            
            L2 frame size: 64
            
            Run Config:
            
              +-------------+---------------------------+------------------------+-----------------+---------------------------+------------------------+-----------------+
              |  Direction  |  Requested TX Rate (bps)  |  Actual TX Rate (bps)  |  RX Rate (bps)  |  Requested TX Rate (pps)  |  Actual TX Rate (pps)  |  RX Rate (pps)  |
              +=============+===========================+========================+=================+===========================+========================+=================+
              |   Forward   |        6.2160 Gbps        |      6.2159 Gbps       |   2.3227 Gbps   |       9,250,000 pps       |     9,249,920 pps      |  3,456,389 pps  |
              +-------------+---------------------------+------------------------+-----------------+---------------------------+------------------------+-----------------+
              |   Reverse   |        6.2160 Gbps        |      6.2159 Gbps       |   2.3227 Gbps   |       9,250,000 pps       |     9,249,920 pps      |  3,456,386 pps  |
              +-------------+---------------------------+------------------------+-----------------+---------------------------+------------------------+-----------------+
              |    Total    |       12.4320 Gbps        |      12.4319 Gbps      |   4.6454 Gbps   |      18,500,000 pps       |     18,499,840 pps     |  6,912,775 pps  |
              +-------------+---------------------------+------------------------+-----------------+---------------------------+------------------------+-----------------+
              
            Forward Chain Packet Counters and Latency:
            
              +---------+--------------+--------------------------+------------+------------+------------+
              |   Chain |  TRex.TX.p0  |        TRex.RX.p1        |  Avg lat.  |  Min lat.  |  Max lat.  |
              +=========+==============+==========================+============+============+============+
              |       0 | 277,497,606  | -173,805,916 (-62.6333%) | 2,139 usec |  50 usec   | 2,277 usec |
              +---------+--------------+--------------------------+------------+------------+------------+
              
            Reverse Chain Packet Counters and Latency:
            
              +---------+--------------+--------------------------+------------+------------+------------+
              |   Chain |  TRex.TX.p1  |        TRex.RX.p0        |  Avg lat.  |  Min lat.  |  Max lat.  |
              +=========+==============+==========================+============+============+============+
              |       0 | 277,497,606  | -173,806,004 (-62.6333%) | 1,247 usec |  40 usec   | 1,328 usec |
              +---------+--------------+--------------------------+------------+------------+------------+
              
            
            L2 frame size: IMIX
            
            Run Config:
            
              +-------------+---------------------------+------------------------+-----------------+---------------------------+------------------------+-----------------+
              |  Direction  |  Requested TX Rate (bps)  |  Actual TX Rate (bps)  |  RX Rate (bps)  |  Requested TX Rate (pps)  |  Actual TX Rate (pps)  |  RX Rate (pps)  |
              +=============+===========================+========================+=================+===========================+========================+=================+
              |   Forward   |       28.2557 Gbps        |      21.9876 Gbps      |   5.6280 Gbps   |       9,250,000 pps       |     7,198,043 pps      |  1,842,422 pps  |
              +-------------+---------------------------+------------------------+-----------------+---------------------------+------------------------+-----------------+
              |   Reverse   |       28.2557 Gbps        |      21.9894 Gbps      |   5.6525 Gbps   |       9,250,000 pps       |     7,198,628 pps      |  1,850,457 pps  |
              +-------------+---------------------------+------------------------+-----------------+---------------------------+------------------------+-----------------+
              |    Total    |       56.5113 Gbps        |      43.9770 Gbps      |  11.2805 Gbps   |      18,500,000 pps       |     14,396,671 pps     |  3,692,879 pps  |
              +-------------+---------------------------+------------------------+-----------------+---------------------------+------------------------+-----------------+
              
              WARNING: There is a significant difference between requested TX rate (18500000.0) and actual TX rate (14396672). The traffic generator may not have sufficient CPU to achieve the requested TX rate.
              
            Forward Chain Packet Counters and Latency:
            
              +---------+--------------+--------------------------+------------+------------+------------+
              |   Chain |  TRex.TX.p0  |        TRex.RX.p1        |  Avg lat.  |  Min lat.  |  Max lat.  |
              +=========+==============+==========================+============+============+============+
              |       0 | 215,941,299  | -160,668,622 (-74.4038%) | 2,956 usec |  100 usec  | 3,135 usec |
              +---------+--------------+--------------------------+------------+------------+------------+
              
            Reverse Chain Packet Counters and Latency:
            
              +---------+--------------+--------------------------+------------+------------+------------+
              |   Chain |  TRex.TX.p1  |        TRex.RX.p0        |  Avg lat.  |  Min lat.  |  Max lat.  |
              +=========+==============+==========================+============+============+============+
              |       0 | 215,958,868  | -160,445,158 (-74.2943%) | 2,040 usec |  300 usec  | 2,204 usec |
              +---------+--------------+--------------------------+------------+------------+------------+
              

