2018-11-30 14:25:50,594 INFO Loading configuration file: /tmp/nfvbench/nfvbench_config.cfg
2018-11-30 14:25:50,628 INFO EXT chain with OpenStack mode disabled
2018-11-30 14:25:50,628 INFO -c /tmp/nfvbench/nfvbench_config.cfg --rate 18500000pps --flow-count 1024 --duration 30 --json /tmp/nfvbench/csp_4c1n_18500000pps-1.json
2018-11-30 14:25:50,629 INFO Connecting to TRex (127.0.0.1)...
2018-11-30 14:25:50,770 INFO Connected to TRex
2018-11-30 14:25:50,770 INFO    Port 0: Device 158b speed=25Gbps mac=3c:fd:fe:bd:f8:60 pci=0000:3b:00.0 driver=net_i40e
2018-11-30 14:25:50,770 INFO    Port 1: Device 158b speed=25Gbps mac=3c:fd:fe:bd:f8:61 pci=0000:3b:00.1 driver=net_i40e
2018-11-30 14:25:50,771 INFO ChainRunner initialized
2018-11-30 14:25:50,772 INFO Starting 4xEXT benchmark...
2018-11-30 14:25:50,877 INFO Polling ARP until successful...
2018-11-30 14:25:51,088 INFO    ARP: port=0 chain=0 src IP=172.16.10.100 dst IP=172.16.10.10 -> MAC=52:54:00:00:00:aa
2018-11-30 14:25:51,088 INFO    ARP: port=0 chain=1 src IP=172.16.10.101 dst IP=172.16.10.11 -> MAC=52:54:01:00:00:aa
2018-11-30 14:25:51,088 INFO    ARP: port=0 chain=2 src IP=172.16.10.102 dst IP=172.16.10.12 -> MAC=52:54:02:00:00:aa
2018-11-30 14:25:51,088 INFO    ARP: port=0 chain=3 src IP=172.16.10.103 dst IP=172.16.10.13 -> MAC=52:54:03:00:00:aa
2018-11-30 14:25:51,088 INFO ARP resolved successfully for port 0
2018-11-30 14:25:51,298 INFO    ARP: port=1 chain=0 src IP=172.16.20.100 dst IP=172.16.20.10 -> MAC=52:54:00:00:00:bb
2018-11-30 14:25:51,298 INFO    ARP: port=1 chain=1 src IP=172.16.20.101 dst IP=172.16.20.11 -> MAC=52:54:01:00:00:bb
2018-11-30 14:25:51,298 INFO    ARP: port=1 chain=2 src IP=172.16.20.102 dst IP=172.16.20.12 -> MAC=52:54:02:00:00:bb
2018-11-30 14:25:51,299 INFO    ARP: port=1 chain=3 src IP=172.16.20.103 dst IP=172.16.20.13 -> MAC=52:54:03:00:00:bb
2018-11-30 14:25:51,299 INFO ARP resolved successfully for port 1
2018-11-30 14:25:51,400 INFO Port 0: dst MAC ['52:54:00:00:00:aa', '52:54:01:00:00:aa', '52:54:02:00:00:aa', '52:54:03:00:00:aa']
2018-11-30 14:25:51,400 INFO Port 1: dst MAC ['52:54:00:00:00:bb', '52:54:01:00:00:bb', '52:54:02:00:00:bb', '52:54:03:00:00:bb']
2018-11-30 14:25:51,400 INFO Starting traffic generator to ensure end-to-end connectivity
2018-11-30 14:25:51,424 INFO Created 4 traffic streams for port 0.
2018-11-30 14:25:51,427 INFO Created 4 traffic streams for port 1.
2018-11-30 14:25:51,538 INFO Captured unique src mac 0/8, capturing return packets (retry 1/100)...
2018-11-30 14:25:53,660 INFO Received packet from mac: 52:54:02:00:00:bb (chain=2, port=1)
2018-11-30 14:25:53,660 INFO Received packet from mac: 52:54:03:00:00:bb (chain=3, port=1)
2018-11-30 14:25:53,660 INFO Received packet from mac: 52:54:00:00:00:bb (chain=0, port=1)
2018-11-30 14:25:53,660 INFO Received packet from mac: 52:54:01:00:00:bb (chain=1, port=1)
2018-11-30 14:25:53,660 INFO Received packet from mac: 52:54:03:00:00:aa (chain=3, port=0)
2018-11-30 14:25:53,660 INFO Received packet from mac: 52:54:00:00:00:aa (chain=0, port=0)
2018-11-30 14:25:53,660 INFO Received packet from mac: 52:54:02:00:00:aa (chain=2, port=0)
2018-11-30 14:25:53,660 INFO Received packet from mac: 52:54:01:00:00:aa (chain=1, port=0)
2018-11-30 14:25:53,660 INFO End-to-end connectivity established
2018-11-30 14:25:53,679 INFO Cleared all existing streams
2018-11-30 14:25:53,709 INFO Created 8 traffic streams for port 0.
2018-11-30 14:25:53,714 INFO Created 8 traffic streams for port 1.
2018-11-30 14:25:53,714 INFO Starting to generate traffic...
2018-11-30 14:25:53,715 INFO Running traffic generator
2018-11-30 14:26:03,742 INFO TX: 185204352; RX: 106750543; Est. Dropped: 78453809; Est. Drop rate: 42.3607%
2018-11-30 14:26:13,758 INFO TX: 370509500; RX: 213486175; Est. Dropped: 157023325; Est. Drop rate: 42.3804%
2018-11-30 14:26:23,752 INFO TX: 554999224; RX: 319790149; Est. Dropped: 235209075; Est. Drop rate: 42.3801%
2018-11-30 14:26:23,752 INFO ...traffic generating ended.
2018-11-30 14:26:23,777 INFO Cleared all existing streams
2018-11-30 14:26:23,872 INFO Created 16 traffic streams for port 0.
2018-11-30 14:26:23,881 INFO Created 16 traffic streams for port 1.
2018-11-30 14:26:23,882 INFO Starting to generate traffic...
2018-11-30 14:26:23,882 INFO Running traffic generator


2018-11-30 14:26:29 - [local][warning]   - [1mCPU util. is high: 85.2%[22m
2018-11-30 14:26:33,908 INFO TX: 143686906; RX: 67819783; Est. Dropped: 75867123; Est. Drop rate: 52.8003%
2018-11-30 14:26:43,925 INFO TX: 287464931; RX: 135663882; Est. Dropped: 151801049; Est. Drop rate: 52.8068%
2018-11-30 14:26:53,922 INFO TX: 430810839; RX: 203231492; Est. Dropped: 227579347; Est. Drop rate: 52.8258%
2018-11-30 14:26:53,922 INFO ...traffic generating ended.
2018-11-30 14:26:53,928 INFO WARNING: There is a significant difference between requested TX rate (18500000.0) and actual TX rate (14360361). The traffic generator may not have sufficient CPU to achieve the requested TX rate.
2018-11-30 14:26:53,928 INFO Service chain 'EXT' run completed.
2018-11-30 14:26:53,928 INFO Clean up skipped.
2018-11-30 14:26:53,956 INFO Saving results in json file: /tmp/nfvbench/csp_4c1n_18500000pps-1.json...
2018-11-30 14:26:53,969 INFO 
========== NFVBench Summary ==========
Date: 2018-11-30 14:25:50
NFVBench version 2.0.5
Openstack Neutron:
  vSwitch: 
  Encapsulation: 
Benchmarks:
> Networks:
  > Components:
    > Traffic Generator:
        Profile: trex-local
        Tool: TRex
    > Versions:
      > Traffic_Generator:
          build_date: Nov 13 2017
          version: v2.32
          built_by: hhaim
          mode: STL
          build_time: 10:58:17
  > Service chain:
    > EXT:
      > Traffic:
          Profile: traffic_profile_2sizes
          Bidirectional: True
          Flow count: 1024
          Service chains count: 4
          Compute nodes: []
            
            Run Summary:
            
              +-----------------+-------------+----------------------+----------------------+----------------------+
              |  L2 Frame Size  |  Drop Rate  |   Avg Latency (usec) |   Min Latency (usec) |  Max Latency (usec)  |
              +=================+=============+======================+======================+======================+
              |       64        |  42.3801%   |                  546 |                   10 |         693          |
              +-----------------+-------------+----------------------+----------------------+----------------------+
              |      IMIX       |  52.8258%   |                  839 |                   20 |        1,121         |
              +-----------------+-------------+----------------------+----------------------+----------------------+
              
            
            L2 frame size: 64
            
            Run Config:
            
              +-------------+---------------------------+------------------------+-----------------+---------------------------+------------------------+-----------------+
              |  Direction  |  Requested TX Rate (bps)  |  Actual TX Rate (bps)  |  RX Rate (bps)  |  Requested TX Rate (pps)  |  Actual TX Rate (pps)  |  RX Rate (pps)  |
              +=============+===========================+========================+=================+===========================+========================+=================+
              |   Forward   |        6.2160 Gbps        |      6.2160 Gbps       |   3.5929 Gbps   |       9,250,000 pps       |     9,249,987 pps      |  5,346,587 pps  |
              +-------------+---------------------------+------------------------+-----------------+---------------------------+------------------------+-----------------+
              |   Reverse   |        6.2160 Gbps        |      6.2160 Gbps       |   3.5704 Gbps   |       9,250,000 pps       |     9,249,987 pps      |  5,313,084 pps  |
              +-------------+---------------------------+------------------------+-----------------+---------------------------+------------------------+-----------------+
              |    Total    |       12.4320 Gbps        |      12.4320 Gbps      |   7.1633 Gbps   |      18,500,000 pps       |     18,499,974 pps     | 10,659,671 pps  |
              +-------------+---------------------------+------------------------+-----------------+---------------------------+------------------------+-----------------+
              
            Forward Chain Packet Counters and Latency:
            
              +---------+--------------+--------------------------+------------+------------+------------+
              |  Chain  |  TRex.TX.p0  |        TRex.RX.p1        |  Avg lat.  |  Min lat.  |  Max lat.  |
              +=========+==============+==========================+============+============+============+
              |    0    |  69,374,903  | -29,276,102 (-42.1998%)  |  554 usec  |  10 usec   |  676 usec  |
              +---------+--------------+--------------------------+------------+------------+------------+
              |    1    |  69,374,903  | -29,275,897 (-42.1996%)  |  562 usec  |  10 usec   |  689 usec  |
              +---------+--------------+--------------------------+------------+------------+------------+
              |    2    |  69,374,903  | -29,275,063 (-42.1983%)  |  550 usec  |  10 usec   |  693 usec  |
              +---------+--------------+--------------------------+------------+------------+------------+
              |    3    |  69,374,903  | -29,274,933 (-42.1982%)  |  544 usec  |  10 usec   |  683 usec  |
              +---------+--------------+--------------------------+------------+------------+------------+
              |  total  | 277,499,612  | -117,101,995 (-42.1990%) |  553 usec  |  10 usec   |  693 usec  |
              +---------+--------------+--------------------------+------------+------------+------------+
              
            Reverse Chain Packet Counters and Latency:
            
              +---------+--------------+--------------------------+------------+------------+------------+
              |  Chain  |  TRex.TX.p1  |        TRex.RX.p0        |  Avg lat.  |  Min lat.  |  Max lat.  |
              +=========+==============+==========================+============+============+============+
              |    0    |  69,374,903  | -29,526,902 (-42.5614%)  |  551 usec  |  20 usec   |  677 usec  |
              +---------+--------------+--------------------------+------------+------------+------------+
              |    1    |  69,374,903  | -29,527,091 (-42.5616%)  |  539 usec  |  60 usec   |  667 usec  |
              +---------+--------------+--------------------------+------------+------------+------------+
              |    2    |  69,374,903  | -29,526,435 (-42.5607%)  |  537 usec  |  20 usec   |  681 usec  |
              +---------+--------------+--------------------------+------------+------------+------------+
              |    3    |  69,374,903  | -29,526,652 (-42.5610%)  |  540 usec  |  60 usec   |  671 usec  |
              +---------+--------------+--------------------------+------------+------------+------------+
              |  total  | 277,499,612  | -118,107,080 (-42.5612%) |  542 usec  |  20 usec   |  681 usec  |
              +---------+--------------+--------------------------+------------+------------+------------+
              
            
            L2 frame size: IMIX
            
            Run Config:
            
              +-------------+---------------------------+------------------------+-----------------+---------------------------+------------------------+-----------------+
              |  Direction  |  Requested TX Rate (bps)  |  Actual TX Rate (bps)  |  RX Rate (bps)  |  Requested TX Rate (pps)  |  Actual TX Rate (pps)  |  RX Rate (pps)  |
              +=============+===========================+========================+=================+===========================+========================+=================+
              |   Forward   |       28.2557 Gbps        |      21.9330 Gbps      |  10.3656 Gbps   |       9,250,000 pps       |     7,180,152 pps      |  3,393,349 pps  |
              +-------------+---------------------------+------------------------+-----------------+---------------------------+------------------------+-----------------+
              |   Reverse   |       28.2557 Gbps        |      21.9331 Gbps      |  10.3279 Gbps   |       9,250,000 pps       |     7,180,209 pps      |  3,381,033 pps  |
              +-------------+---------------------------+------------------------+-----------------+---------------------------+------------------------+-----------------+
              |    Total    |       56.5113 Gbps        |      43.8661 Gbps      |  20.6935 Gbps   |      18,500,000 pps       |     14,360,361 pps     |  6,774,382 pps  |
              +-------------+---------------------------+------------------------+-----------------+---------------------------+------------------------+-----------------+
              
              WARNING: There is a significant difference between requested TX rate (18500000.0) and actual TX rate (14360361). The traffic generator may not have sufficient CPU to achieve the requested TX rate.
              
            Forward Chain Packet Counters and Latency:
            
              +---------+--------------+--------------------------+------------+------------+------------+
              |  Chain  |  TRex.TX.p0  |        TRex.RX.p1        |  Avg lat.  |  Min lat.  |  Max lat.  |
              +=========+==============+==========================+============+============+============+
              |    0    |  53,851,141  | -28,409,579 (-52.7558%)  |  840 usec  |  20 usec   | 1,121 usec |
              +---------+--------------+--------------------------+------------+------------+------------+
              |    1    |  53,851,140  | -28,403,542 (-52.7446%)  |  841 usec  |  30 usec   | 1,109 usec |
              +---------+--------------+--------------------------+------------+------------+------------+
              |    2    |  53,851,141  | -28,398,694 (-52.7355%)  |  842 usec  |  30 usec   | 1,091 usec |
              +---------+--------------+--------------------------+------------+------------+------------+
              |    3    |  53,851,141  | -28,392,261 (-52.7236%)  |  823 usec  |  20 usec   | 1,072 usec |
              +---------+--------------+--------------------------+------------+------------+------------+
              |  total  | 215,404,563  | -113,604,076 (-52.7399%) |  837 usec  |  20 usec   | 1,121 usec |
              +---------+--------------+--------------------------+------------+------------+------------+
              
            Reverse Chain Packet Counters and Latency:
            
              +---------+--------------+--------------------------+------------+------------+------------+
              |  Chain  |  TRex.TX.p1  |        TRex.RX.p0        |  Avg lat.  |  Min lat.  |  Max lat.  |
              +=========+==============+==========================+============+============+============+
              |    0    |  53,851,569  | -28,478,962 (-52.8842%)  |  836 usec  |  100 usec  | 1,093 usec |
              +---------+--------------+--------------------------+------------+------------+------------+
              |    1    |  53,851,569  | -28,473,863 (-52.8747%)  |  845 usec  |  100 usec  | 1,073 usec |
              +---------+--------------+--------------------------+------------+------------+------------+
              |    2    |  53,851,569  | -28,509,747 (-52.9413%)  |  833 usec  |  40 usec   | 1,035 usec |
              +---------+--------------+--------------------------+------------+------------+------------+
              |    3    |  53,851,569  | -28,512,699 (-52.9468%)  |  856 usec  |  100 usec  | 1,067 usec |
              +---------+--------------+--------------------------+------------+------------+------------+
              |  total  | 215,406,276  | -113,975,271 (-52.9118%) |  843 usec  |  40 usec   | 1,093 usec |
              +---------+--------------+--------------------------+------------+------------+------------+
              

