2018-11-30 13:24:24,210 INFO Loading configuration file: /tmp/nfvbench/nfvbench_config.cfg
2018-11-30 13:24:24,245 INFO EXT chain with OpenStack mode disabled
2018-11-30 13:24:24,245 INFO -c /tmp/nfvbench/nfvbench_config.cfg --rate ndr --flow-count 1024 --duration 30 --json /tmp/nfvbench/csp_8c1n_ndr-1.json
2018-11-30 13:24:24,247 INFO Connecting to TRex (127.0.0.1)...


2018-11-30 13:24:24 - [local][warning]   - [1mCPU util. is high: 87.3%[22m
2018-11-30 13:24:24,382 INFO Connected to TRex
2018-11-30 13:24:24,382 INFO    Port 0: Device 158b speed=25Gbps mac=3c:fd:fe:bd:f8:60 pci=0000:3b:00.0 driver=net_i40e
2018-11-30 13:24:24,382 INFO    Port 1: Device 158b speed=25Gbps mac=3c:fd:fe:bd:f8:61 pci=0000:3b:00.1 driver=net_i40e
2018-11-30 13:24:24,383 INFO ChainRunner initialized
2018-11-30 13:24:24,384 INFO Starting 8xEXT benchmark...
2018-11-30 13:24:24,489 INFO Polling ARP until successful...
2018-11-30 13:24:24,704 INFO    ARP: port=0 chain=0 src IP=172.16.10.100 dst IP=172.16.10.10 -> MAC=52:54:00:00:00:aa
2018-11-30 13:24:24,704 INFO    ARP: port=0 chain=1 src IP=172.16.10.101 dst IP=172.16.10.11 -> MAC=52:54:01:00:00:aa
2018-11-30 13:24:24,704 INFO    ARP: port=0 chain=2 src IP=172.16.10.102 dst IP=172.16.10.12 -> MAC=52:54:02:00:00:aa
2018-11-30 13:24:24,704 INFO    ARP: port=0 chain=3 src IP=172.16.10.103 dst IP=172.16.10.13 -> MAC=52:54:03:00:00:aa
2018-11-30 13:24:24,704 INFO    ARP: port=0 chain=4 src IP=172.16.10.104 dst IP=172.16.10.14 -> MAC=52:54:04:00:00:aa
2018-11-30 13:24:24,704 INFO    ARP: port=0 chain=5 src IP=172.16.10.105 dst IP=172.16.10.15 -> MAC=52:54:05:00:00:aa
2018-11-30 13:24:24,704 INFO    ARP: port=0 chain=6 src IP=172.16.10.106 dst IP=172.16.10.16 -> MAC=52:54:06:00:00:aa
2018-11-30 13:24:24,705 INFO    ARP: port=0 chain=7 src IP=172.16.10.107 dst IP=172.16.10.17 -> MAC=52:54:07:00:00:aa
2018-11-30 13:24:24,705 INFO ARP resolved successfully for port 0
2018-11-30 13:24:24,919 INFO    ARP: port=1 chain=0 src IP=172.16.20.100 dst IP=172.16.20.10 -> MAC=52:54:00:00:00:bb
2018-11-30 13:24:24,919 INFO    ARP: port=1 chain=1 src IP=172.16.20.101 dst IP=172.16.20.11 -> MAC=52:54:01:00:00:bb
2018-11-30 13:24:24,919 INFO    ARP: port=1 chain=2 src IP=172.16.20.102 dst IP=172.16.20.12 -> MAC=52:54:02:00:00:bb
2018-11-30 13:24:24,920 INFO    ARP: port=1 chain=3 src IP=172.16.20.103 dst IP=172.16.20.13 -> MAC=52:54:03:00:00:bb
2018-11-30 13:24:24,920 INFO    ARP: port=1 chain=4 src IP=172.16.20.104 dst IP=172.16.20.14 -> MAC=52:54:04:00:00:bb
2018-11-30 13:24:24,920 INFO    ARP: port=1 chain=5 src IP=172.16.20.105 dst IP=172.16.20.15 -> MAC=52:54:05:00:00:bb
2018-11-30 13:24:24,920 INFO    ARP: port=1 chain=6 src IP=172.16.20.106 dst IP=172.16.20.16 -> MAC=52:54:06:00:00:bb
2018-11-30 13:24:24,920 INFO    ARP: port=1 chain=7 src IP=172.16.20.107 dst IP=172.16.20.17 -> MAC=52:54:07:00:00:bb
2018-11-30 13:24:24,920 INFO ARP resolved successfully for port 1
2018-11-30 13:24:25,022 INFO Port 0: dst MAC ['52:54:00:00:00:aa', '52:54:01:00:00:aa', '52:54:02:00:00:aa', '52:54:03:00:00:aa', '52:54:04:00:00:aa', '52:54:05:00:00:aa', '52:54:06:00:00:aa', '52:54:07:00:00:aa']
2018-11-30 13:24:25,022 INFO Port 1: dst MAC ['52:54:00:00:00:bb', '52:54:01:00:00:bb', '52:54:02:00:00:bb', '52:54:03:00:00:bb', '52:54:04:00:00:bb', '52:54:05:00:00:bb', '52:54:06:00:00:bb', '52:54:07:00:00:bb']
2018-11-30 13:24:25,022 INFO Starting traffic generator to ensure end-to-end connectivity
2018-11-30 13:24:25,068 INFO Created 8 traffic streams for port 0.
2018-11-30 13:24:25,073 INFO Created 8 traffic streams for port 1.
2018-11-30 13:24:25,186 INFO Captured unique src mac 0/16, capturing return packets (retry 1/100)...
2018-11-30 13:24:27,311 INFO Received packet from mac: 52:54:05:00:00:bb (chain=5, port=1)
2018-11-30 13:24:27,311 INFO Received packet from mac: 52:54:02:00:00:bb (chain=2, port=1)
2018-11-30 13:24:27,311 INFO Received packet from mac: 52:54:06:00:00:bb (chain=6, port=1)
2018-11-30 13:24:27,311 INFO Received packet from mac: 52:54:01:00:00:bb (chain=1, port=1)
2018-11-30 13:24:27,311 INFO Received packet from mac: 52:54:03:00:00:bb (chain=3, port=1)
2018-11-30 13:24:27,311 INFO Received packet from mac: 52:54:07:00:00:bb (chain=7, port=1)
2018-11-30 13:24:27,311 INFO Received packet from mac: 52:54:00:00:00:bb (chain=0, port=1)
2018-11-30 13:24:27,311 INFO Received packet from mac: 52:54:04:00:00:bb (chain=4, port=1)
2018-11-30 13:24:27,311 INFO Received packet from mac: 52:54:04:00:00:aa (chain=4, port=0)
2018-11-30 13:24:27,311 INFO Received packet from mac: 52:54:01:00:00:aa (chain=1, port=0)
2018-11-30 13:24:27,311 INFO Received packet from mac: 52:54:05:00:00:aa (chain=5, port=0)
2018-11-30 13:24:27,311 INFO Received packet from mac: 52:54:00:00:00:aa (chain=0, port=0)
2018-11-30 13:24:27,311 INFO Received packet from mac: 52:54:06:00:00:aa (chain=6, port=0)
2018-11-30 13:24:27,311 INFO Received packet from mac: 52:54:03:00:00:aa (chain=3, port=0)
2018-11-30 13:24:27,312 INFO Received packet from mac: 52:54:07:00:00:aa (chain=7, port=0)
2018-11-30 13:24:27,312 INFO Received packet from mac: 52:54:02:00:00:aa (chain=2, port=0)
2018-11-30 13:24:27,312 INFO End-to-end connectivity established
2018-11-30 13:24:27,332 INFO Cleared all existing streams
2018-11-30 13:24:27,390 INFO Created 16 traffic streams for port 0.
2018-11-30 13:24:27,399 INFO Created 16 traffic streams for port 1.
2018-11-30 13:24:27,399 INFO *** Searching NDR for 64 (Bidirectional)...
2018-11-30 13:24:27,399 INFO Range search [0.0 .. 200.0] targets: {'ndr': 0.001}
2018-11-30 13:24:27,399 INFO Modified traffic stream for port 0, new rate=100.0%.
2018-11-30 13:24:27,399 INFO Modified traffic stream for port 1, new rate=100.0%.
2018-11-30 13:24:27,399 INFO Running traffic generator


2018-11-30 13:24:33 - [local][warning]   - [1mCPU util. is high: 88.8%[22m
2018-11-30 13:24:37,434 INFO TX: 380564563; RX: 102310301; Est. Dropped: 278254262; Est. Drop rate: 73.1162%
2018-11-30 13:24:47,453 INFO TX: 763803481; RX: 204691574; Est. Dropped: 559111907; Est. Drop rate: 73.2010%
2018-11-30 13:24:57,446 INFO TX: 1145979706; RX: 306693484; Est. Dropped: 839286222; Est. Drop rate: 73.2374%
2018-11-30 13:24:59,457 INFO WARNING: There is a significant difference between requested TX rate (74404760) and actual TX rate (38199323). The traffic generator may not have sufficient CPU to achieve the requested TX rate.
2018-11-30 13:24:59,457 INFO Average drop rate: 73.237442
2018-11-30 13:24:59,458 INFO Range search [0.0 .. 100.0] targets: {'ndr': 0.001}
2018-11-30 13:24:59,458 INFO Modified traffic stream for port 0, new rate=50.0%.
2018-11-30 13:24:59,458 INFO Modified traffic stream for port 1, new rate=50.0%.
2018-11-30 13:24:59,458 INFO Running traffic generator


2018-11-30 13:25:04 - [local][warning]   - [1mCPU util. is high: 87.4%[22m
2018-11-30 13:25:09,499 INFO TX: 372406193; RX: 102291011; Est. Dropped: 270115182; Est. Drop rate: 72.5324%
2018-11-30 13:25:19,519 INFO TX: 745190426; RX: 204687538; Est. Dropped: 540502888; Est. Drop rate: 72.5322%
2018-11-30 13:25:29,507 INFO TX: 1116066720; RX: 306546766; Est. Dropped: 809519954; Est. Drop rate: 72.5333%
2018-11-30 13:25:31,518 INFO Average drop rate: 72.533294
2018-11-30 13:25:31,518 INFO Range search [0.0 .. 50.0] targets: {'ndr': 0.001}
2018-11-30 13:25:31,519 INFO Modified traffic stream for port 0, new rate=25.0%.
2018-11-30 13:25:31,519 INFO Modified traffic stream for port 1, new rate=25.0%.
2018-11-30 13:25:31,519 INFO Running traffic generator
2018-11-30 13:25:41,549 INFO TX: 186033650; RX: 102481839; Est. Dropped: 83551811; Est. Drop rate: 44.9122%
2018-11-30 13:25:51,570 INFO TX: 372427120; RX: 205133780; Est. Dropped: 167293340; Est. Drop rate: 44.9198%
2018-11-30 13:26:01,572 INFO TX: 558036320; RX: 307385776; Est. Dropped: 250650544; Est. Drop rate: 44.9165%
2018-11-30 13:26:03,583 INFO Average drop rate: 44.916529
2018-11-30 13:26:03,583 INFO Range search [0.0 .. 25.0] targets: {'ndr': 0.001}
2018-11-30 13:26:03,583 INFO Modified traffic stream for port 0, new rate=12.5%.
2018-11-30 13:26:03,583 INFO Modified traffic stream for port 1, new rate=12.5%.
2018-11-30 13:26:03,583 INFO Running traffic generator
2018-11-30 13:26:13,621 INFO TX: 93097144; RX: 93096348; Est. Dropped: 796; Est. Drop rate: 0.0009%
2018-11-30 13:26:23,642 INFO TX: 186304104; RX: 186303495; Est. Dropped: 609; Est. Drop rate: 0.0003%
2018-11-30 13:26:33,628 INFO TX: 279018048; RX: 279018048; Est. Dropped: 0; Est. Drop rate: 0.0000%
2018-11-30 13:26:35,640 INFO Average drop rate: 0.000000
2018-11-30 13:26:35,641 INFO Range search [12.5 .. 25.0] targets: {'ndr': 0.001}
2018-11-30 13:26:35,641 INFO Modified traffic stream for port 0, new rate=18.75%.
2018-11-30 13:26:35,641 INFO Modified traffic stream for port 1, new rate=18.75%.
2018-11-30 13:26:35,641 INFO Running traffic generator
2018-11-30 13:26:45,681 INFO TX: 139651925; RX: 102606746; Est. Dropped: 37045179; Est. Drop rate: 26.5268%
2018-11-30 13:26:55,702 INFO TX: 279457415; RX: 205403106; Est. Dropped: 74054309; Est. Drop rate: 26.4993%
2018-11-30 13:27:05,690 INFO TX: 418527120; RX: 307680252; Est. Dropped: 110846868; Est. Drop rate: 26.4850%
2018-11-30 13:27:07,703 INFO Average drop rate: 26.484991
2018-11-30 13:27:07,703 INFO Range search [12.5 .. 18.75] targets: {'ndr': 0.001}
2018-11-30 13:27:07,703 INFO Modified traffic stream for port 0, new rate=15.625%.
2018-11-30 13:27:07,703 INFO Modified traffic stream for port 1, new rate=15.625%.
2018-11-30 13:27:07,703 INFO Running traffic generator
2018-11-30 13:27:17,743 INFO TX: 116377808; RX: 102688986; Est. Dropped: 13688822; Est. Drop rate: 11.7624%
2018-11-30 13:27:27,764 INFO TX: 232883640; RX: 205446937; Est. Dropped: 27436703; Est. Drop rate: 11.7813%
2018-11-30 13:27:37,752 INFO TX: 348772096; RX: 307696008; Est. Dropped: 41076088; Est. Drop rate: 11.7773%
2018-11-30 13:27:39,764 INFO Average drop rate: 11.777344
2018-11-30 13:27:39,764 INFO Range search [12.5 .. 15.625] targets: {'ndr': 0.001}
2018-11-30 13:27:39,764 INFO Modified traffic stream for port 0, new rate=14.0625%.
2018-11-30 13:27:39,764 INFO Modified traffic stream for port 1, new rate=14.0625%.
2018-11-30 13:27:39,764 INFO Running traffic generator
2018-11-30 13:27:49,804 INFO TX: 104733664; RX: 102574691; Est. Dropped: 2158973; Est. Drop rate: 2.0614%
2018-11-30 13:27:59,826 INFO TX: 209589032; RX: 205214292; Est. Dropped: 4374740; Est. Drop rate: 2.0873%
2018-11-30 13:28:09,812 INFO TX: 313895328; RX: 307301275; Est. Dropped: 6594053; Est. Drop rate: 2.1007%
2018-11-30 13:28:11,825 INFO Average drop rate: 2.100717
2018-11-30 13:28:11,825 INFO Range search [12.5 .. 14.0625] targets: {'ndr': 0.001}
2018-11-30 13:28:11,825 INFO Modified traffic stream for port 0, new rate=13.28125%.
2018-11-30 13:28:11,825 INFO Modified traffic stream for port 1, new rate=13.28125%.
2018-11-30 13:28:11,825 INFO Running traffic generator
2018-11-30 13:28:21,862 INFO TX: 98909448; RX: 98908109; Est. Dropped: 1339; Est. Drop rate: 0.0014%
2018-11-30 13:28:31,883 INFO TX: 197943496; RX: 197942483; Est. Dropped: 1013; Est. Drop rate: 0.0005%
2018-11-30 13:28:41,872 INFO TX: 296456848; RX: 296456848; Est. Dropped: 0; Est. Drop rate: 0.0000%
2018-11-30 13:28:43,884 INFO Average drop rate: 0.000000
2018-11-30 13:28:43,884 INFO Range search [13.28125 .. 14.0625] targets: {'ndr': 0.001}
2018-11-30 13:28:43,885 INFO Modified traffic stream for port 0, new rate=13.671875%.
2018-11-30 13:28:43,885 INFO Modified traffic stream for port 1, new rate=13.671875%.
2018-11-30 13:28:43,885 INFO Running traffic generator
2018-11-30 13:28:53,922 INFO TX: 101827352; RX: 101822262; Est. Dropped: 5090; Est. Drop rate: 0.0050%
2018-11-30 13:29:03,944 INFO TX: 203771944; RX: 203764989; Est. Dropped: 6955; Est. Drop rate: 0.0034%
2018-11-30 13:29:13,932 INFO TX: 305176064; RX: 305170757; Est. Dropped: 5307; Est. Drop rate: 0.0017%
2018-11-30 13:29:15,944 INFO Average drop rate: 0.001739
2018-11-30 13:29:15,944 INFO Range search [13.28125 .. 13.671875] targets: {'ndr': 0.001}
2018-11-30 13:29:15,944 INFO Modified traffic stream for port 0, new rate=13.4765625%.
2018-11-30 13:29:15,944 INFO Modified traffic stream for port 1, new rate=13.4765625%.
2018-11-30 13:29:15,944 INFO Running traffic generator
2018-11-30 13:29:25,982 INFO TX: 100369052; RX: 100367583; Est. Dropped: 1469; Est. Drop rate: 0.0015%
2018-11-30 13:29:36,006 INFO TX: 200881840; RX: 200879993; Est. Dropped: 1847; Est. Drop rate: 0.0009%
2018-11-30 13:29:45,995 INFO TX: 300816448; RX: 300816448; Est. Dropped: 0; Est. Drop rate: 0.0000%
2018-11-30 13:29:48,008 INFO Average drop rate: 0.000000
2018-11-30 13:29:48,008 INFO Range search [13.4765625 .. 13.671875] targets: {'ndr': 0.001}
2018-11-30 13:29:48,008 INFO Modified traffic stream for port 0, new rate=13.57421875%.
2018-11-30 13:29:48,008 INFO Modified traffic stream for port 1, new rate=13.57421875%.
2018-11-30 13:29:48,008 INFO Running traffic generator
2018-11-30 13:29:58,045 INFO TX: 101102080; RX: 101100289; Est. Dropped: 1791; Est. Drop rate: 0.0018%
2018-11-30 13:30:08,066 INFO TX: 202318518; RX: 202316674; Est. Dropped: 1844; Est. Drop rate: 0.0009%
2018-11-30 13:30:18,055 INFO TX: 302995616; RX: 302995616; Est. Dropped: 0; Est. Drop rate: 0.0000%
2018-11-30 13:30:20,067 INFO Average drop rate: 0.000000
2018-11-30 13:30:20,067 INFO Range search [13.57421875 .. 13.671875] targets: {'ndr': 0.001}
2018-11-30 13:30:20,067 INFO Found ndr (0.001) load: 13.57421875
2018-11-30 13:30:20,068 INFO NDR load: 27.1484375
2018-11-30 13:30:20,090 INFO Cleared all existing streams
2018-11-30 13:30:20,271 INFO Created 32 traffic streams for port 0.
2018-11-30 13:30:20,289 INFO Created 32 traffic streams for port 1.
2018-11-30 13:30:20,290 INFO *** Searching NDR for IMIX (Bidirectional)...
2018-11-30 13:30:20,290 INFO Range search [0.0 .. 200.0] targets: {'ndr': 0.001}
2018-11-30 13:30:20,290 INFO Modified traffic stream for port 0, new rate=100.0%.
2018-11-30 13:30:20,290 INFO Modified traffic stream for port 1, new rate=100.0%.
2018-11-30 13:30:20,290 INFO Running traffic generator


2018-11-30 13:30:28 - [local][warning]   - [1mCPU util. is high: 86.2%[22m
2018-11-30 13:30:30,330 INFO TX: 144488004; RX: 64671892; Est. Dropped: 79816112; Est. Drop rate: 55.2406%
2018-11-30 13:30:40,351 INFO TX: 289015201; RX: 129331522; Est. Dropped: 159683679; Est. Drop rate: 55.2510%
2018-11-30 13:30:50,343 INFO TX: 433026621; RX: 193796896; Est. Dropped: 239229725; Est. Drop rate: 55.2460%
2018-11-30 13:30:52,355 INFO WARNING: There is a significant difference between requested TX rate (16368398) and actual TX rate (14434220). The traffic generator may not have sufficient CPU to achieve the requested TX rate.
2018-11-30 13:30:52,355 INFO Average drop rate: 55.245963
2018-11-30 13:30:52,355 INFO Range search [0.0 .. 100.0] targets: {'ndr': 0.001}
2018-11-30 13:30:52,356 INFO Modified traffic stream for port 0, new rate=50.0%.
2018-11-30 13:30:52,356 INFO Modified traffic stream for port 1, new rate=50.0%.
2018-11-30 13:30:52,356 INFO Running traffic generator
2018-11-30 13:31:02,396 INFO TX: 81930893; RX: 64848769; Est. Dropped: 17082124; Est. Drop rate: 20.8494%
2018-11-30 13:31:12,417 INFO TX: 163937427; RX: 129833967; Est. Dropped: 34103460; Est. Drop rate: 20.8027%
2018-11-30 13:31:22,407 INFO TX: 245527120; RX: 194458161; Est. Dropped: 51068959; Est. Drop rate: 20.7997%
2018-11-30 13:31:24,418 INFO Average drop rate: 20.799722
2018-11-30 13:31:24,418 INFO Range search [0.0 .. 50.0] targets: {'ndr': 0.001}
2018-11-30 13:31:24,418 INFO Modified traffic stream for port 0, new rate=25.0%.
2018-11-30 13:31:24,418 INFO Modified traffic stream for port 1, new rate=25.0%.
2018-11-30 13:31:24,419 INFO Running traffic generator
2018-11-30 13:31:34,454 INFO TX: 40945913; RX: 40945817; Est. Dropped: 96; Est. Drop rate: 0.0002%
2018-11-30 13:31:44,476 INFO TX: 81953296; RX: 81953281; Est. Dropped: 15; Est. Drop rate: 0.0000%
2018-11-30 13:31:54,468 INFO TX: 122764064; RX: 122764064; Est. Dropped: 0; Est. Drop rate: 0.0000%
2018-11-30 13:31:56,480 INFO Average drop rate: 0.000000
2018-11-30 13:31:56,480 INFO Range search [25.0 .. 50.0] targets: {'ndr': 0.001}
2018-11-30 13:31:56,480 INFO Modified traffic stream for port 0, new rate=37.5%.
2018-11-30 13:31:56,480 INFO Modified traffic stream for port 1, new rate=37.5%.
2018-11-30 13:31:56,480 INFO Running traffic generator
2018-11-30 13:32:06,521 INFO TX: 61446447; RX: 61445978; Est. Dropped: 469; Est. Drop rate: 0.0008%
2018-11-30 13:32:16,563 INFO TX: 122961832; RX: 122961261; Est. Dropped: 571; Est. Drop rate: 0.0005%
2018-11-30 13:32:26,528 INFO TX: 184145568; RX: 184145568; Est. Dropped: 0; Est. Drop rate: 0.0000%
2018-11-30 13:32:28,541 INFO Average drop rate: 0.000000
2018-11-30 13:32:28,542 INFO Range search [37.5 .. 50.0] targets: {'ndr': 0.001}
2018-11-30 13:32:28,542 INFO Modified traffic stream for port 0, new rate=43.75%.
2018-11-30 13:32:28,542 INFO Modified traffic stream for port 1, new rate=43.75%.
2018-11-30 13:32:28,542 INFO Running traffic generator
2018-11-30 13:32:38,580 INFO TX: 71679633; RX: 64945188; Est. Dropped: 6734445; Est. Drop rate: 9.3952%
2018-11-30 13:32:48,601 INFO TX: 143446776; RX: 130051158; Est. Dropped: 13395618; Est. Drop rate: 9.3384%
2018-11-30 13:32:58,590 INFO TX: 214836272; RX: 194703002; Est. Dropped: 20133270; Est. Drop rate: 9.3714%
2018-11-30 13:33:00,603 INFO Average drop rate: 9.371448
2018-11-30 13:33:00,603 INFO Range search [37.5 .. 43.75] targets: {'ndr': 0.001}
2018-11-30 13:33:00,603 INFO Modified traffic stream for port 0, new rate=40.625%.
2018-11-30 13:33:00,603 INFO Modified traffic stream for port 1, new rate=40.625%.
2018-11-30 13:33:00,604 INFO Running traffic generator
2018-11-30 13:33:10,641 INFO TX: 66565488; RX: 64897123; Est. Dropped: 1668365; Est. Drop rate: 2.5064%
2018-11-30 13:33:20,663 INFO TX: 133201918; RX: 129921294; Est. Dropped: 3280624; Est. Drop rate: 2.4629%
2018-11-30 13:33:30,652 INFO TX: 199490896; RX: 194796776; Est. Dropped: 4694120; Est. Drop rate: 2.3530%
2018-11-30 13:33:32,665 INFO Average drop rate: 2.353050
2018-11-30 13:33:32,665 INFO Range search [37.5 .. 40.625] targets: {'ndr': 0.001}
2018-11-30 13:33:32,665 INFO Modified traffic stream for port 0, new rate=39.0625%.
2018-11-30 13:33:32,665 INFO Modified traffic stream for port 1, new rate=39.0625%.
2018-11-30 13:33:32,665 INFO Running traffic generator
2018-11-30 13:33:42,706 INFO TX: 64010447; RX: 64009671; Est. Dropped: 776; Est. Drop rate: 0.0012%
2018-11-30 13:33:52,728 INFO TX: 128087286; RX: 128086588; Est. Dropped: 698; Est. Drop rate: 0.0005%
2018-11-30 13:34:02,716 INFO TX: 191818304; RX: 191818304; Est. Dropped: 0; Est. Drop rate: 0.0000%
2018-11-30 13:34:04,729 INFO Average drop rate: 0.000000
2018-11-30 13:34:04,729 INFO Range search [39.0625 .. 40.625] targets: {'ndr': 0.001}
2018-11-30 13:34:04,729 INFO Modified traffic stream for port 0, new rate=39.84375%.
2018-11-30 13:34:04,729 INFO Modified traffic stream for port 1, new rate=39.84375%.
2018-11-30 13:34:04,729 INFO Running traffic generator
2018-11-30 13:34:14,767 INFO TX: 65277111; RX: 65276224; Est. Dropped: 887; Est. Drop rate: 0.0014%
2018-11-30 13:34:24,789 INFO TX: 130636864; RX: 130635759; Est. Dropped: 1105; Est. Drop rate: 0.0008%
2018-11-30 13:34:34,776 INFO TX: 195654592; RX: 195654592; Est. Dropped: 0; Est. Drop rate: 0.0000%
2018-11-30 13:34:36,789 INFO Average drop rate: 0.000000
2018-11-30 13:34:36,789 INFO Range search [39.84375 .. 40.625] targets: {'ndr': 0.001}
2018-11-30 13:34:36,789 INFO Modified traffic stream for port 0, new rate=40.234375%.
2018-11-30 13:34:36,789 INFO Modified traffic stream for port 1, new rate=40.234375%.
2018-11-30 13:34:36,789 INFO Running traffic generator
2018-11-30 13:34:46,828 INFO TX: 65924004; RX: 65079115; Est. Dropped: 844889; Est. Drop rate: 1.2816%
2018-11-30 13:34:56,850 INFO TX: 131924686; RX: 130385520; Est. Dropped: 1539166; Est. Drop rate: 1.1667%
2018-11-30 13:35:06,835 INFO TX: 197572800; RX: 195442532; Est. Dropped: 2130268; Est. Drop rate: 1.0782%
2018-11-30 13:35:08,848 INFO Average drop rate: 1.078219
2018-11-30 13:35:08,848 INFO Range search [39.84375 .. 40.234375] targets: {'ndr': 0.001}
2018-11-30 13:35:08,848 INFO Modified traffic stream for port 0, new rate=40.0390625%.
2018-11-30 13:35:08,849 INFO Modified traffic stream for port 1, new rate=40.0390625%.
2018-11-30 13:35:08,849 INFO Running traffic generator
2018-11-30 13:35:18,887 INFO TX: 65605163; RX: 65500553; Est. Dropped: 104610; Est. Drop rate: 0.1595%
2018-11-30 13:35:28,908 INFO TX: 131281035; RX: 131011310; Est. Dropped: 269725; Est. Drop rate: 0.2055%
2018-11-30 13:35:38,895 INFO TX: 196613648; RX: 196011975; Est. Dropped: 601673; Est. Drop rate: 0.3060%
2018-11-30 13:35:40,908 INFO Average drop rate: 0.306018
2018-11-30 13:35:40,908 INFO Range search [39.84375 .. 40.0390625] targets: {'ndr': 0.001}
2018-11-30 13:35:40,908 INFO Modified traffic stream for port 0, new rate=39.94140625%.
2018-11-30 13:35:40,908 INFO Modified traffic stream for port 1, new rate=39.94140625%.
2018-11-30 13:35:40,909 INFO Running traffic generator
2018-11-30 13:35:50,947 INFO TX: 65444914; RX: 65425634; Est. Dropped: 19280; Est. Drop rate: 0.0295%
2018-11-30 13:36:00,969 INFO TX: 130964280; RX: 130944931; Est. Dropped: 19349; Est. Drop rate: 0.0148%
2018-11-30 13:36:10,956 INFO TX: 196134112; RX: 196115881; Est. Dropped: 18231; Est. Drop rate: 0.0093%
2018-11-30 13:36:12,969 INFO Average drop rate: 0.009295
2018-11-30 13:36:12,969 INFO Range search [39.84375 .. 39.94140625] targets: {'ndr': 0.001}
2018-11-30 13:36:12,969 INFO Found ndr (0.001) load: 39.84375
2018-11-30 13:36:12,969 INFO NDR load: 79.6875
2018-11-30 13:36:12,969 INFO Service chain 'EXT' run completed.
2018-11-30 13:36:12,969 INFO Clean up skipped.
2018-11-30 13:36:13,011 INFO Saving results in json file: /tmp/nfvbench/csp_8c1n_ndr-1.json...
2018-11-30 13:36:13,016 INFO 
========== NFVBench Summary ==========
Date: 2018-11-30 13:24:24
NFVBench version 2.0.5
Openstack Neutron:
  vSwitch: 
  Encapsulation: 
Benchmarks:
> Networks:
  > Components:
    > Traffic Generator:
        Profile: trex-local
        Tool: TRex
    > Versions:
      > Traffic_Generator:
          build_date: Nov 13 2017
          version: v2.32
          built_by: hhaim
          mode: STL
          build_time: 10:58:17
  > Measurement Parameters:
      NDR: 0.001
  > Service chain:
    > EXT:
      > Traffic:
          Profile: traffic_profile_2sizes
          Bidirectional: True
          Flow count: 1024
          Service chains count: 8
          Compute nodes: []
            
            Run Summary:
            
              +-----+-----------------+------------------+------------------+-----------------+----------------------+----------------------+----------------------+
              |  -  |  L2 Frame Size  |  Rate (fwd+rev)  |  Rate (fwd+rev)  |  Avg Drop Rate  |   Avg Latency (usec) |   Min Latency (usec) |   Max Latency (usec) |
              +=====+=================+==================+==================+=================+======================+======================+======================+
              | NDR |       64        |   6.7871 Gbps    |  10,099,864 pps  |     0.0000%     |                  240 |                    2 |                  410 |
              +-----+-----------------+------------------+------------------+-----------------+----------------------+----------------------+----------------------+
              | NDR |      IMIX       |   19.9219 Gbps   |  6,521,782 pps   |     0.0000%     |                  200 |                   10 |                  378 |
              +-----+-----------------+------------------+------------------+-----------------+----------------------+----------------------+----------------------+
              
            
            L2 frame size: 64
            NDR search duration: 353 seconds
            
            
            L2 frame size: IMIX
            NDR search duration: 353 seconds
            

