2018-12-01 08:46:24,299 INFO Loading configuration file: /tmp/nfvbench/nfvbench_config.cfg
2018-12-01 08:46:24,332 INFO EXT chain with OpenStack mode disabled
2018-12-01 08:46:24,332 INFO -c /tmp/nfvbench/nfvbench_config.cfg --rate 18500000pps --flow-count 1024 --duration 30 --json /tmp/nfvbench/vsc_2c4n_18500000pps-1.json
2018-12-01 08:46:24,334 INFO Connecting to TRex (127.0.0.1)...
2018-12-01 08:46:24,474 INFO Connected to TRex
2018-12-01 08:46:24,474 INFO    Port 0: Device 158b speed=25Gbps mac=3c:fd:fe:bd:f8:60 pci=0000:3b:00.0 driver=net_i40e
2018-12-01 08:46:24,474 INFO    Port 1: Device 158b speed=25Gbps mac=3c:fd:fe:bd:f8:61 pci=0000:3b:00.1 driver=net_i40e
2018-12-01 08:46:24,475 INFO ChainRunner initialized
2018-12-01 08:46:24,476 INFO Starting 2xEXT benchmark...
2018-12-01 08:46:24,580 INFO Polling ARP until successful...
2018-12-01 08:46:24,789 INFO    ARP: port=0 chain=0 src IP=172.16.10.100 dst IP=172.16.10.10 -> MAC=52:54:00:00:00:aa
2018-12-01 08:46:24,789 INFO    ARP: port=0 chain=1 src IP=172.16.10.101 dst IP=172.16.10.11 -> MAC=52:54:01:00:00:aa
2018-12-01 08:46:24,789 INFO ARP resolved successfully for port 0
2018-12-01 08:46:24,998 INFO    ARP: port=1 chain=0 src IP=172.16.20.100 dst IP=172.16.20.10 -> MAC=52:54:00:00:00:bb
2018-12-01 08:46:24,998 INFO    ARP: port=1 chain=1 src IP=172.16.20.101 dst IP=172.16.20.11 -> MAC=52:54:01:00:00:bb
2018-12-01 08:46:24,998 INFO ARP resolved successfully for port 1
2018-12-01 08:46:25,100 INFO Port 0: dst MAC ['52:54:00:00:00:aa', '52:54:01:00:00:aa']
2018-12-01 08:46:25,100 INFO Port 1: dst MAC ['52:54:00:00:00:bb', '52:54:01:00:00:bb']
2018-12-01 08:46:25,100 INFO Starting traffic generator to ensure end-to-end connectivity
2018-12-01 08:46:25,112 INFO Created 2 traffic streams for port 0.
2018-12-01 08:46:25,113 INFO Created 2 traffic streams for port 1.
2018-12-01 08:46:25,224 INFO Captured unique src mac 0/4, capturing return packets (retry 1/100)...
2018-12-01 08:46:27,398 INFO Received packet from mac: 52:54:01:00:00:bb (chain=1, port=1)
2018-12-01 08:46:27,398 INFO Received packet from mac: 52:54:00:00:00:bb (chain=0, port=1)
2018-12-01 08:46:27,400 INFO Received packet from mac: 52:54:01:00:00:aa (chain=1, port=0)
2018-12-01 08:46:27,400 INFO Received packet from mac: 52:54:00:00:00:aa (chain=0, port=0)
2018-12-01 08:46:27,400 INFO End-to-end connectivity established
2018-12-01 08:46:27,417 INFO Cleared all existing streams
2018-12-01 08:46:27,432 INFO Created 4 traffic streams for port 0.
2018-12-01 08:46:27,435 INFO Created 4 traffic streams for port 1.
2018-12-01 08:46:27,435 INFO Starting to generate traffic...
2018-12-01 08:46:27,435 INFO Running traffic generator
2018-12-01 08:46:37,459 INFO TX: 185199450; RX: 4760160; Est. Dropped: 180439290; Est. Drop rate: 97.4297%
2018-12-01 08:46:47,474 INFO TX: 370471003; RX: 9183053; Est. Dropped: 361287950; Est. Drop rate: 97.5212%
2018-12-01 08:46:57,470 INFO TX: 555000032; RX: 14651975; Est. Dropped: 540348057; Est. Drop rate: 97.3600%
2018-12-01 08:46:57,470 INFO ...traffic generating ended.
2018-12-01 08:46:57,493 INFO Cleared all existing streams
2018-12-01 08:46:57,539 INFO Created 8 traffic streams for port 0.
2018-12-01 08:46:57,544 INFO Created 8 traffic streams for port 1.
2018-12-01 08:46:57,544 INFO Starting to generate traffic...
2018-12-01 08:46:57,544 INFO Running traffic generator


2018-12-01 08:47:03 - [local][warning]   - [1mCPU util. is high: 86.5%[22m
2018-12-01 08:47:07,568 INFO TX: 144802781; RX: 2815160; Est. Dropped: 141987621; Est. Drop rate: 98.0559%
2018-12-01 08:47:17,583 INFO TX: 289688136; RX: 6345085; Est. Dropped: 283343051; Est. Drop rate: 97.8097%
2018-12-01 08:47:27,580 INFO TX: 434155186; RX: 9331945; Est. Dropped: 424823241; Est. Drop rate: 97.8506%
2018-12-01 08:47:27,580 INFO ...traffic generating ended.
2018-12-01 08:47:27,585 INFO WARNING: There is a significant difference between requested TX rate (18500000.0) and actual TX rate (14471839). The traffic generator may not have sufficient CPU to achieve the requested TX rate.
2018-12-01 08:47:27,585 INFO Service chain 'EXT' run completed.
2018-12-01 08:47:27,585 INFO Clean up skipped.
2018-12-01 08:47:27,609 INFO Saving results in json file: /tmp/nfvbench/vsc_2c4n_18500000pps-1.json...
2018-12-01 08:47:27,621 INFO 
========== NFVBench Summary ==========
Date: 2018-12-01 08:46:24
NFVBench version 2.0.5
Openstack Neutron:
  vSwitch: 
  Encapsulation: 
Benchmarks:
> Networks:
  > Components:
    > Traffic Generator:
        Profile: trex-local
        Tool: TRex
    > Versions:
      > Traffic_Generator:
          build_date: Nov 13 2017
          version: v2.32
          built_by: hhaim
          mode: STL
          build_time: 10:58:17
  > Service chain:
    > EXT:
      > Traffic:
          Profile: traffic_profile_2sizes
          Bidirectional: True
          Flow count: 1024
          Service chains count: 2
          Compute nodes: []
            
            Run Summary:
            
              +-----------------+-------------+----------------------+----------------------+----------------------+
              |  L2 Frame Size  |  Drop Rate  |  Avg Latency (usec)  |  Min Latency (usec)  |  Max Latency (usec)  |
              +=================+=============+======================+======================+======================+
              |       64        |  97.3600%   |        4,564         |         700          |       104,908        |
              +-----------------+-------------+----------------------+----------------------+----------------------+
              |      IMIX       |  97.8506%   |        12,683        |        1,000         |       253,534        |
              +-----------------+-------------+----------------------+----------------------+----------------------+
              
            
            L2 frame size: 64
            
            Run Config:
            
              +-------------+---------------------------+------------------------+-----------------+---------------------------+------------------------+-----------------+
              |  Direction  |  Requested TX Rate (bps)  |  Actual TX Rate (bps)  |  RX Rate (bps)  |  Requested TX Rate (pps)  |  Actual TX Rate (pps)  |  RX Rate (pps)  |
              +=============+===========================+========================+=================+===========================+========================+=================+
              |   Forward   |        6.2160 Gbps        |      6.2160 Gbps       |  183.2968 Mbps  |       9,250,000 pps       |     9,250,000 pps      |   272,763 pps   |
              +-------------+---------------------------+------------------------+-----------------+---------------------------+------------------------+-----------------+
              |   Reverse   |        6.2160 Gbps        |      6.2160 Gbps       |  144.9074 Mbps  |       9,250,000 pps       |     9,250,000 pps      |   215,636 pps   |
              +-------------+---------------------------+------------------------+-----------------+---------------------------+------------------------+-----------------+
              |    Total    |       12.4320 Gbps        |      12.4320 Gbps      |  328.2042 Mbps  |      18,500,000 pps       |     18,500,000 pps     |   488,399 pps   |
              +-------------+---------------------------+------------------------+-----------------+---------------------------+------------------------+-----------------+
              
            Forward Chain Packet Counters and Latency:
            
              +---------+--------------+--------------------------+------------+------------+--------------+
              |  Chain  |  TRex.TX.p0  |        TRex.RX.p1        |  Avg lat.  |  Min lat.  |   Max lat.   |
              +=========+==============+==========================+============+============+==============+
              |    0    | 138,750,008  | -134,493,361 (-96.9321%) | 2,899 usec | 1,000 usec | 92,483 usec  |
              +---------+--------------+--------------------------+------------+------------+--------------+
              |    1    | 138,750,008  | -134,823,510 (-97.1701%) | 4,415 usec | 1,000 usec | 104,908 usec |
              +---------+--------------+--------------------------+------------+------------+--------------+
              |  total  | 277,500,016  | -269,316,871 (-97.0511%) | 3,657 usec | 1,000 usec | 104,908 usec |
              +---------+--------------+--------------------------+------------+------------+--------------+
              
            Reverse Chain Packet Counters and Latency:
            
              +---------+--------------+--------------------------+------------+------------+-------------+
              |  Chain  |  TRex.TX.p1  |        TRex.RX.p0        |  Avg lat.  |  Min lat.  |  Max lat.   |
              +=========+==============+==========================+============+============+=============+
              |    0    | 138,750,008  | -135,467,922 (-97.6345%) | 4,450 usec |  700 usec  | 48,589 usec |
              +---------+--------------+--------------------------+------------+------------+-------------+
              |    1    | 138,750,008  | -135,563,014 (-97.7031%) | 6,114 usec |  700 usec  | 48,512 usec |
              +---------+--------------+--------------------------+------------+------------+-------------+
              |  total  | 277,500,016  | -271,030,936 (-97.6688%) | 5,282 usec |  700 usec  | 48,589 usec |
              +---------+--------------+--------------------------+------------+------------+-------------+
              
            
            L2 frame size: IMIX
            
            Run Config:
            
              +-------------+---------------------------+------------------------+-----------------+---------------------------+------------------------+-----------------+
              |  Direction  |  Requested TX Rate (bps)  |  Actual TX Rate (bps)  |  RX Rate (bps)  |  Requested TX Rate (pps)  |  Actual TX Rate (pps)  |  RX Rate (pps)  |
              +=============+===========================+========================+=================+===========================+========================+=================+
              |   Forward   |       28.2557 Gbps        |      22.1029 Gbps      |  596.3645 Mbps  |       9,250,000 pps       |     7,235,775 pps      |   195,230 pps   |
              +-------------+---------------------------+------------------------+-----------------+---------------------------+------------------------+-----------------+
              |   Reverse   |       28.2557 Gbps        |      22.1038 Gbps      |  353.8349 Mbps  |       9,250,000 pps       |     7,236,063 pps      |   115,834 pps   |
              +-------------+---------------------------+------------------------+-----------------+---------------------------+------------------------+-----------------+
              |    Total    |       56.5113 Gbps        |      44.2066 Gbps      |  950.1994 Mbps  |      18,500,000 pps       |     14,471,838 pps     |   311,064 pps   |
              +-------------+---------------------------+------------------------+-----------------+---------------------------+------------------------+-----------------+
              
              WARNING: There is a significant difference between requested TX rate (18500000.0) and actual TX rate (14471839). The traffic generator may not have sufficient CPU to achieve the requested TX rate.
              
            Forward Chain Packet Counters and Latency:
            
              +---------+--------------+--------------------------+-------------+------------+--------------+
              |  Chain  |  TRex.TX.p0  |        TRex.RX.p1        |  Avg lat.   |  Min lat.  |   Max lat.   |
              +=========+==============+==========================+=============+============+==============+
              |    0    | 108,536,635  | -105,558,220 (-97.2558%) | 34,736 usec | 1,000 usec | 205,408 usec |
              +---------+--------------+--------------------------+-------------+------------+--------------+
              |    1    | 108,536,635  | -105,657,875 (-97.3477%) | 12,994 usec | 1,000 usec | 253,534 usec |
              +---------+--------------+--------------------------+-------------+------------+--------------+
              |  total  | 217,073,270  | -211,216,095 (-97.3018%) | 23,865 usec | 1,000 usec | 253,534 usec |
              +---------+--------------+--------------------------+-------------+------------+--------------+
              
            Reverse Chain Packet Counters and Latency:
            
              +---------+--------------+--------------------------+------------+------------+-------------+
              |  Chain  |  TRex.TX.p1  |        TRex.RX.p0        |  Avg lat.  |  Min lat.  |  Max lat.   |
              +=========+==============+==========================+============+============+=============+
              |    0    | 108,540,958  | -106,764,953 (-98.3637%) | 6,472 usec | 1,000 usec | 52,988 usec |
              +---------+--------------+--------------------------+------------+------------+-------------+
              |    1    | 108,540,958  | -106,841,937 (-98.4347%) | 5,629 usec | 1,000 usec | 37,738 usec |
              +---------+--------------+--------------------------+------------+------------+-------------+
              |  total  | 217,081,916  | -213,606,890 (-98.3992%) | 6,051 usec | 1,000 usec | 52,988 usec |
              +---------+--------------+--------------------------+------------+------------+-------------+
              

