2018-12-01 06:35:30,901 INFO Loading configuration file: /tmp/nfvbench/nfvbench_config.cfg
2018-12-01 06:35:30,934 INFO EXT chain with OpenStack mode disabled
2018-12-01 06:35:30,934 INFO -c /tmp/nfvbench/nfvbench_config.cfg --rate 18500000pps --flow-count 1024 --duration 30 --json /tmp/nfvbench/vsc_1c1n_18500000pps-1.json
2018-12-01 06:35:30,935 INFO Connecting to TRex (127.0.0.1)...
2018-12-01 06:35:31,070 INFO Connected to TRex
2018-12-01 06:35:31,070 INFO    Port 0: Device 158b speed=25Gbps mac=3c:fd:fe:bd:f8:60 pci=0000:3b:00.0 driver=net_i40e
2018-12-01 06:35:31,070 INFO    Port 1: Device 158b speed=25Gbps mac=3c:fd:fe:bd:f8:61 pci=0000:3b:00.1 driver=net_i40e
2018-12-01 06:35:31,071 INFO ChainRunner initialized
2018-12-01 06:35:31,071 INFO Starting 1xEXT benchmark...
2018-12-01 06:35:31,176 INFO Polling ARP until successful...
2018-12-01 06:35:31,287 INFO    ARP: port=0 chain=0 src IP=172.16.10.100 dst IP=172.16.10.10 -> MAC=52:54:00:00:00:aa
2018-12-01 06:35:31,287 INFO ARP resolved successfully for port 0
2018-12-01 06:35:31,397 INFO    ARP: port=1 chain=0 src IP=172.16.20.100 dst IP=172.16.20.10 -> MAC=52:54:00:00:00:bb
2018-12-01 06:35:31,397 INFO ARP resolved successfully for port 1
2018-12-01 06:35:31,499 INFO Port 0: dst MAC ['52:54:00:00:00:aa']
2018-12-01 06:35:31,499 INFO Port 1: dst MAC ['52:54:00:00:00:bb']
2018-12-01 06:35:31,499 INFO Starting traffic generator to ensure end-to-end connectivity
2018-12-01 06:35:31,506 INFO Created 1 traffic streams for port 0.
2018-12-01 06:35:31,507 INFO Created 1 traffic streams for port 1.
2018-12-01 06:35:31,616 INFO Captured unique src mac 0/2, capturing return packets (retry 1/100)...
2018-12-01 06:35:33,735 INFO Received packet from mac: 52:54:00:00:00:bb (chain=0, port=1)
2018-12-01 06:35:33,735 INFO Received packet from mac: 52:54:00:00:00:aa (chain=0, port=0)
2018-12-01 06:35:33,735 INFO End-to-end connectivity established
2018-12-01 06:35:33,752 INFO Cleared all existing streams
2018-12-01 06:35:33,760 INFO Created 2 traffic streams for port 0.
2018-12-01 06:35:33,762 INFO Created 2 traffic streams for port 1.
2018-12-01 06:35:33,762 INFO Starting to generate traffic...
2018-12-01 06:35:33,762 INFO Running traffic generator
2018-12-01 06:35:43,782 INFO TX: 185184792; RX: 69086142; Est. Dropped: 116098650; Est. Drop rate: 62.6934%
2018-12-01 06:35:53,796 INFO TX: 370435582; RX: 138023174; Est. Dropped: 232412408; Est. Drop rate: 62.7403%
2018-12-01 06:36:03,793 INFO TX: 554995212; RX: 206747348; Est. Dropped: 348247864; Est. Drop rate: 62.7479%
2018-12-01 06:36:03,793 INFO ...traffic generating ended.
2018-12-01 06:36:03,813 INFO Cleared all existing streams
2018-12-01 06:36:03,838 INFO Created 4 traffic streams for port 0.
2018-12-01 06:36:03,841 INFO Created 4 traffic streams for port 1.
2018-12-01 06:36:03,841 INFO Starting to generate traffic...
2018-12-01 06:36:03,841 INFO Running traffic generator


2018-12-01 06:36:09 - [local][warning]   - [1mCPU util. is high: 87.1%[22m
2018-12-01 06:36:13,862 INFO TX: 144012396; RX: 40505860; Est. Dropped: 103506536; Est. Drop rate: 71.8734%
2018-12-01 06:36:23,875 INFO TX: 288103929; RX: 80889248; Est. Dropped: 207214681; Est. Drop rate: 71.9236%
2018-12-01 06:36:33,876 INFO TX: 431859097; RX: 121258281; Est. Dropped: 310600816; Est. Drop rate: 71.9218%
2018-12-01 06:36:33,876 INFO ...traffic generating ended.
2018-12-01 06:36:33,880 INFO WARNING: There is a significant difference between requested TX rate (18500000.0) and actual TX rate (14395303). The traffic generator may not have sufficient CPU to achieve the requested TX rate.
2018-12-01 06:36:33,880 INFO Service chain 'EXT' run completed.
2018-12-01 06:36:33,880 INFO Clean up skipped.
2018-12-01 06:36:33,902 INFO Saving results in json file: /tmp/nfvbench/vsc_1c1n_18500000pps-1.json...
2018-12-01 06:36:33,912 INFO 
========== NFVBench Summary ==========
Date: 2018-12-01 06:35:31
NFVBench version 2.0.5
Openstack Neutron:
  vSwitch: 
  Encapsulation: 
Benchmarks:
> Networks:
  > Components:
    > Traffic Generator:
        Profile: trex-local
        Tool: TRex
    > Versions:
      > Traffic_Generator:
          build_date: Nov 13 2017
          version: v2.32
          built_by: hhaim
          mode: STL
          build_time: 10:58:17
  > Service chain:
    > EXT:
      > Traffic:
          Profile: traffic_profile_2sizes
          Bidirectional: True
          Flow count: 1024
          Service chains count: 1
          Compute nodes: []
            
            Run Summary:
            
              +-----------------+-------------+----------------------+----------------------+----------------------+
              |  L2 Frame Size  |  Drop Rate  |   Avg Latency (usec) |   Min Latency (usec) |   Max Latency (usec) |
              +=================+=============+======================+======================+======================+
              |       64        |  62.7479%   |                  325 |                   10 |                  670 |
              +-----------------+-------------+----------------------+----------------------+----------------------+
              |      IMIX       |  71.9218%   |                  538 |                   40 |                  977 |
              +-----------------+-------------+----------------------+----------------------+----------------------+
              
            
            L2 frame size: 64
            
            Run Config:
            
              +-------------+---------------------------+------------------------+-----------------+---------------------------+------------------------+-----------------+
              |  Direction  |  Requested TX Rate (bps)  |  Actual TX Rate (bps)  |  RX Rate (bps)  |  Requested TX Rate (pps)  |  Actual TX Rate (pps)  |  RX Rate (pps)  |
              +=============+===========================+========================+=================+===========================+========================+=================+
              |   Forward   |        6.2160 Gbps        |      6.2159 Gbps       |   2.3155 Gbps   |       9,250,000 pps       |     9,249,920 pps      |  3,445,626 pps  |
              +-------------+---------------------------+------------------------+-----------------+---------------------------+------------------------+-----------------+
              |   Reverse   |        6.2160 Gbps        |      6.2159 Gbps       |   2.3157 Gbps   |       9,250,000 pps       |     9,249,920 pps      |  3,445,952 pps  |
              +-------------+---------------------------+------------------------+-----------------+---------------------------+------------------------+-----------------+
              |    Total    |       12.4320 Gbps        |      12.4319 Gbps      |   4.6311 Gbps   |      18,500,000 pps       |     18,499,840 pps     |  6,891,578 pps  |
              +-------------+---------------------------+------------------------+-----------------+---------------------------+------------------------+-----------------+
              
            Forward Chain Packet Counters and Latency:
            
              +---------+--------------+--------------------------+------------+------------+------------+
              |   Chain |  TRex.TX.p0  |        TRex.RX.p1        |  Avg lat.  |  Min lat.  |  Max lat.  |
              +=========+==============+==========================+============+============+============+
              |       0 | 277,497,606  | -174,128,823 (-62.7497%) |  318 usec  |  20 usec   |  670 usec  |
              +---------+--------------+--------------------------+------------+------------+------------+
              
            Reverse Chain Packet Counters and Latency:
            
              +---------+--------------+--------------------------+------------+------------+------------+
              |   Chain |  TRex.TX.p1  |        TRex.RX.p0        |  Avg lat.  |  Min lat.  |  Max lat.  |
              +=========+==============+==========================+============+============+============+
              |       0 | 277,497,606  | -174,119,041 (-62.7461%) |  334 usec  |  10 usec   |  660 usec  |
              +---------+--------------+--------------------------+------------+------------+------------+
              
            
            L2 frame size: IMIX
            
            Run Config:
            
              +-------------+---------------------------+------------------------+-----------------+---------------------------+------------------------+-----------------+
              |  Direction  |  Requested TX Rate (bps)  |  Actual TX Rate (bps)  |  RX Rate (bps)  |  Requested TX Rate (pps)  |  Actual TX Rate (pps)  |  RX Rate (pps)  |
              +=============+===========================+========================+=================+===========================+========================+=================+
              |   Forward   |       28.2557 Gbps        |      21.9854 Gbps      |   6.1731 Gbps   |       9,250,000 pps       |     7,197,331 pps      |  2,020,874 pps  |
              +-------------+---------------------------+------------------------+-----------------+---------------------------+------------------------+-----------------+
              |   Reverse   |       28.2557 Gbps        |      21.9874 Gbps      |   6.1737 Gbps   |       9,250,000 pps       |     7,197,972 pps      |  2,021,068 pps  |
              +-------------+---------------------------+------------------------+-----------------+---------------------------+------------------------+-----------------+
              |    Total    |       56.5113 Gbps        |      43.9729 Gbps      |  12.3468 Gbps   |      18,500,000 pps       |     14,395,303 pps     |  4,041,942 pps  |
              +-------------+---------------------------+------------------------+-----------------+---------------------------+------------------------+-----------------+
              
              WARNING: There is a significant difference between requested TX rate (18500000.0) and actual TX rate (14395303). The traffic generator may not have sufficient CPU to achieve the requested TX rate.
              
            Forward Chain Packet Counters and Latency:
            
              +---------+--------------+--------------------------+------------+------------+------------+
              |   Chain |  TRex.TX.p0  |        TRex.RX.p1        |  Avg lat.  |  Min lat.  |  Max lat.  |
              +=========+==============+==========================+============+============+============+
              |       0 | 215,919,936  | -155,293,699 (-71.9219%) |  544 usec  |  100 usec  |  977 usec  |
              +---------+--------------+--------------------------+------------+------------+------------+
              
            Reverse Chain Packet Counters and Latency:
            
              +---------+--------------+--------------------------+------------+------------+------------+
              |   Chain |  TRex.TX.p1  |        TRex.RX.p0        |  Avg lat.  |  Min lat.  |  Max lat.  |
              +=========+==============+==========================+============+============+============+
              |       0 | 215,939,161  | -155,307,117 (-71.9217%) |  532 usec  |  40 usec   |  970 usec  |
              +---------+--------------+--------------------------+------------+------------+------------+
              

