2018-12-01 13:53:52,761 INFO Loading configuration file: /tmp/nfvbench/nfvbench_config.cfg
2018-12-01 13:53:52,794 INFO EXT chain with OpenStack mode disabled
2018-12-01 13:53:52,794 INFO -c /tmp/nfvbench/nfvbench_config.cfg --rate 18500000pps --flow-count 1024 --duration 30 --json /tmp/nfvbench/vsc_4c1n_18500000pps-1.json
2018-12-01 13:53:52,795 INFO Connecting to TRex (127.0.0.1)...
2018-12-01 13:53:52,933 INFO Connected to TRex
2018-12-01 13:53:52,933 INFO    Port 0: Device 158b speed=25Gbps mac=3c:fd:fe:bd:f8:60 pci=0000:3b:00.0 driver=net_i40e
2018-12-01 13:53:52,933 INFO    Port 1: Device 158b speed=25Gbps mac=3c:fd:fe:bd:f8:61 pci=0000:3b:00.1 driver=net_i40e
2018-12-01 13:53:52,934 INFO ChainRunner initialized
2018-12-01 13:53:52,935 INFO Starting 4xEXT benchmark...
2018-12-01 13:53:53,040 INFO Polling ARP until successful...
2018-12-01 13:53:53,260 INFO    ARP: port=0 chain=0 src IP=172.16.10.100 dst IP=172.16.10.10 -> MAC=52:54:00:00:00:aa
2018-12-01 13:53:53,260 INFO    ARP: port=0 chain=1 src IP=172.16.10.101 dst IP=172.16.10.11 -> MAC=52:54:01:00:00:aa
2018-12-01 13:53:53,260 INFO    ARP: port=0 chain=2 src IP=172.16.10.102 dst IP=172.16.10.12 -> MAC=52:54:02:00:00:aa
2018-12-01 13:53:53,260 INFO    ARP: port=0 chain=3 src IP=172.16.10.103 dst IP=172.16.10.13 -> MAC=52:54:03:00:00:aa
2018-12-01 13:53:53,260 INFO ARP resolved successfully for port 0
2018-12-01 13:53:53,390 INFO    ARP: port=1 chain=0 src IP=172.16.20.100 dst IP=172.16.20.10 -> MAC=52:54:00:00:00:bb
2018-12-01 13:53:53,390 INFO    ARP: port=1 chain=1 src IP=172.16.20.101 dst IP=172.16.20.11 -> MAC=52:54:01:00:00:bb
2018-12-01 13:53:53,390 INFO    ARP: port=1 chain=2 src IP=172.16.20.102 dst IP=172.16.20.12 -> MAC=52:54:02:00:00:bb
2018-12-01 13:53:53,390 INFO    ARP: port=1 chain=3 src IP=172.16.20.103 dst IP=172.16.20.13 -> MAC=52:54:03:00:00:bb
2018-12-01 13:53:53,390 INFO ARP resolved successfully for port 1
2018-12-01 13:53:53,492 INFO Port 0: dst MAC ['52:54:00:00:00:aa', '52:54:01:00:00:aa', '52:54:02:00:00:aa', '52:54:03:00:00:aa']
2018-12-01 13:53:53,492 INFO Port 1: dst MAC ['52:54:00:00:00:bb', '52:54:01:00:00:bb', '52:54:02:00:00:bb', '52:54:03:00:00:bb']
2018-12-01 13:53:53,492 INFO Starting traffic generator to ensure end-to-end connectivity
2018-12-01 13:53:53,516 INFO Created 4 traffic streams for port 0.
2018-12-01 13:53:53,519 INFO Created 4 traffic streams for port 1.
2018-12-01 13:53:53,630 INFO Captured unique src mac 0/8, capturing return packets (retry 1/100)...
2018-12-01 13:53:55,752 INFO Received packet from mac: 52:54:03:00:00:bb (chain=3, port=1)
2018-12-01 13:53:55,752 INFO Received packet from mac: 52:54:00:00:00:bb (chain=0, port=1)
2018-12-01 13:53:55,753 INFO Received packet from mac: 52:54:01:00:00:aa (chain=1, port=0)
2018-12-01 13:53:55,753 INFO Received packet from mac: 52:54:01:00:00:bb (chain=1, port=1)
2018-12-01 13:53:55,753 INFO Received packet from mac: 52:54:00:00:00:aa (chain=0, port=0)
2018-12-01 13:53:55,753 INFO Received packet from mac: 52:54:02:00:00:aa (chain=2, port=0)
2018-12-01 13:53:55,753 INFO Received packet from mac: 52:54:02:00:00:bb (chain=2, port=1)
2018-12-01 13:53:55,753 INFO Received packet from mac: 52:54:03:00:00:aa (chain=3, port=0)
2018-12-01 13:53:55,753 INFO End-to-end connectivity established
2018-12-01 13:53:55,772 INFO Cleared all existing streams
2018-12-01 13:53:55,802 INFO Created 8 traffic streams for port 0.
2018-12-01 13:53:55,807 INFO Created 8 traffic streams for port 1.
2018-12-01 13:53:55,807 INFO Starting to generate traffic...
2018-12-01 13:53:55,807 INFO Running traffic generator
2018-12-01 13:54:05,832 INFO TX: 185201001; RX: 42672031; Est. Dropped: 142528970; Est. Drop rate: 76.9591%
2018-12-01 13:54:15,845 INFO TX: 370434515; RX: 85367979; Est. Dropped: 285066536; Est. Drop rate: 76.9546%
2018-12-01 13:54:25,843 INFO TX: 554999888; RX: 127917987; Est. Dropped: 427081901; Est. Drop rate: 76.9517%
2018-12-01 13:54:25,843 INFO ...traffic generating ended.
2018-12-01 13:54:25,868 INFO Cleared all existing streams
2018-12-01 13:54:25,960 INFO Created 16 traffic streams for port 0.
2018-12-01 13:54:25,970 INFO Created 16 traffic streams for port 1.
2018-12-01 13:54:25,970 INFO Starting to generate traffic...
2018-12-01 13:54:25,970 INFO Running traffic generator


2018-12-01 13:54:31 - [local][warning]   - [1mCPU util. is high: 85.1%[22m
2018-12-01 13:54:35,997 INFO TX: 144416095; RX: 32564637; Est. Dropped: 111851458; Est. Drop rate: 77.4508%
2018-12-01 13:54:46,016 INFO TX: 288942753; RX: 65129534; Est. Dropped: 223813219; Est. Drop rate: 77.4594%
2018-12-01 13:54:56,010 INFO TX: 432965412; RX: 97551619; Est. Dropped: 335413793; Est. Drop rate: 77.4690%
2018-12-01 13:54:56,011 INFO ...traffic generating ended.
2018-12-01 13:54:56,017 INFO WARNING: There is a significant difference between requested TX rate (18500000.0) and actual TX rate (14432180). The traffic generator may not have sufficient CPU to achieve the requested TX rate.
2018-12-01 13:54:56,017 INFO Service chain 'EXT' run completed.
2018-12-01 13:54:56,017 INFO Clean up skipped.
2018-12-01 13:54:56,045 INFO Saving results in json file: /tmp/nfvbench/vsc_4c1n_18500000pps-1.json...
2018-12-01 13:54:56,058 INFO 
========== NFVBench Summary ==========
Date: 2018-12-01 13:53:52
NFVBench version 2.0.5
Openstack Neutron:
  vSwitch: 
  Encapsulation: 
Benchmarks:
> Networks:
  > Components:
    > Traffic Generator:
        Profile: trex-local
        Tool: TRex
    > Versions:
      > Traffic_Generator:
          build_date: Nov 13 2017
          version: v2.32
          built_by: hhaim
          mode: STL
          build_time: 10:58:17
  > Service chain:
    > EXT:
      > Traffic:
          Profile: traffic_profile_2sizes
          Bidirectional: True
          Flow count: 1024
          Service chains count: 4
          Compute nodes: []
            
            Run Summary:
            
              +-----------------+-------------+----------------------+----------------------+----------------------+
              |  L2 Frame Size  |  Drop Rate  |   Avg Latency (usec) |   Min Latency (usec) |  Max Latency (usec)  |
              +=================+=============+======================+======================+======================+
              |       64        |  76.9517%   |                  266 |                   10 |        19,917        |
              +-----------------+-------------+----------------------+----------------------+----------------------+
              |      IMIX       |  77.4690%   |                  657 |                   10 |        28,643        |
              +-----------------+-------------+----------------------+----------------------+----------------------+
              
            
            L2 frame size: 64
            
            Run Config:
            
              +-------------+---------------------------+------------------------+-----------------+---------------------------+------------------------+-----------------+
              |  Direction  |  Requested TX Rate (bps)  |  Actual TX Rate (bps)  |  RX Rate (bps)  |  Requested TX Rate (pps)  |  Actual TX Rate (pps)  |  RX Rate (pps)  |
              +=============+===========================+========================+=================+===========================+========================+=================+
              |   Forward   |        6.2160 Gbps        |      6.2160 Gbps       |   1.4311 Gbps   |       9,250,000 pps       |     9,249,998 pps      |  2,129,630 pps  |
              +-------------+---------------------------+------------------------+-----------------+---------------------------+------------------------+-----------------+
              |   Reverse   |        6.2160 Gbps        |      6.2160 Gbps       |   1.4343 Gbps   |       9,250,000 pps       |     9,249,998 pps      |  2,134,302 pps  |
              +-------------+---------------------------+------------------------+-----------------+---------------------------+------------------------+-----------------+
              |    Total    |       12.4320 Gbps        |      12.4320 Gbps      |   2.8654 Gbps   |      18,500,000 pps       |     18,499,996 pps     |  4,263,932 pps  |
              +-------------+---------------------------+------------------------+-----------------+---------------------------+------------------------+-----------------+
              
            Forward Chain Packet Counters and Latency:
            
              +---------+--------------+--------------------------+------------+------------+-------------+
              |  Chain  |  TRex.TX.p0  |        TRex.RX.p1        |  Avg lat.  |  Min lat.  |  Max lat.   |
              +=========+==============+==========================+============+============+=============+
              |    0    |  69,374,986  | -54,104,570 (-77.9886%)  |  361 usec  |  90 usec   | 13,936 usec |
              +---------+--------------+--------------------------+------------+------------+-------------+
              |    1    |  69,374,986  | -52,555,322 (-75.7554%)  |  243 usec  |  90 usec   | 5,977 usec  |
              +---------+--------------+--------------------------+------------+------------+-------------+
              |    2    |  69,374,986  | -54,350,751 (-78.3434%)  |  283 usec  |  60 usec   | 1,930 usec  |
              +---------+--------------+--------------------------+------------+------------+-------------+
              |    3    |  69,374,986  | -52,600,392 (-75.8204%)  |  176 usec  |  10 usec   |  517 usec   |
              +---------+--------------+--------------------------+------------+------------+-------------+
              |  total  | 277,499,944  | -213,611,035 (-76.9770%) |  266 usec  |  10 usec   | 13,936 usec |
              +---------+--------------+--------------------------+------------+------------+-------------+
              
            Reverse Chain Packet Counters and Latency:
            
              +---------+--------------+--------------------------+------------+------------+-------------+
              |  Chain  |  TRex.TX.p1  |        TRex.RX.p0        |  Avg lat.  |  Min lat.  |  Max lat.   |
              +=========+==============+==========================+============+============+=============+
              |    0    |  69,374,986  | -52,499,680 (-75.6752%)  |  241 usec  |  40 usec   | 11,941 usec |
              +---------+--------------+--------------------------+------------+------------+-------------+
              |    1    |  69,374,986  | -54,343,910 (-78.3336%)  |  293 usec  |  90 usec   | 3,996 usec  |
              +---------+--------------+--------------------------+------------+------------+-------------+
              |    2    |  69,374,986  | -52,475,295 (-75.6401%)  |  180 usec  |  80 usec   | 19,917 usec |
              +---------+--------------+--------------------------+------------+------------+-------------+
              |    3    |  69,374,986  | -54,151,981 (-78.0569%)  |  360 usec  |  40 usec   |  515 usec   |
              +---------+--------------+--------------------------+------------+------------+-------------+
              |  total  | 277,499,944  | -213,470,866 (-76.9265%) |  269 usec  |  40 usec   | 19,917 usec |
              +---------+--------------+--------------------------+------------+------------+-------------+
              
            
            L2 frame size: IMIX
            
            Run Config:
            
              +-------------+---------------------------+------------------------+-----------------+---------------------------+------------------------+-----------------+
              |  Direction  |  Requested TX Rate (bps)  |  Actual TX Rate (bps)  |  RX Rate (bps)  |  Requested TX Rate (pps)  |  Actual TX Rate (pps)  |  RX Rate (pps)  |
              +=============+===========================+========================+=================+===========================+========================+=================+
              |   Forward   |       28.2557 Gbps        |      22.0430 Gbps      |   4.9688 Gbps   |       9,250,000 pps       |     7,216,175 pps      |  1,626,611 pps  |
              +-------------+---------------------------+------------------------+-----------------+---------------------------+------------------------+-----------------+
              |   Reverse   |       28.2557 Gbps        |      22.0425 Gbps      |   4.9642 Gbps   |       9,250,000 pps       |     7,216,004 pps      |  1,625,109 pps  |
              +-------------+---------------------------+------------------------+-----------------+---------------------------+------------------------+-----------------+
              |    Total    |       56.5113 Gbps        |      44.0855 Gbps      |   9.9329 Gbps   |      18,500,000 pps       |     14,432,179 pps     |  3,251,720 pps  |
              +-------------+---------------------------+------------------------+-----------------+---------------------------+------------------------+-----------------+
              
              WARNING: There is a significant difference between requested TX rate (18500000.0) and actual TX rate (14432180). The traffic generator may not have sufficient CPU to achieve the requested TX rate.
              
            Forward Chain Packet Counters and Latency:
            
              +---------+--------------+--------------------------+------------+------------+-------------+
              |  Chain  |  TRex.TX.p0  |        TRex.RX.p1        |  Avg lat.  |  Min lat.  |  Max lat.   |
              +=========+==============+==========================+============+============+=============+
              |    0    |  54,121,316  | -42,507,727 (-78.5416%)  |  796 usec  |  100 usec  | 28,602 usec |
              +---------+--------------+--------------------------+------------+------------+-------------+
              |    1    |  54,121,316  | -41,389,848 (-76.4761%)  |  796 usec  |  10 usec   | 24,753 usec |
              +---------+--------------+--------------------------+------------+------------+-------------+
              |    2    |  54,121,316  | -42,488,529 (-78.5061%)  |  515 usec  |  100 usec  | 28,643 usec |
              +---------+--------------+--------------------------+------------+------------+-------------+
              |    3    |  54,121,316  | -41,300,829 (-76.3116%)  |  443 usec  |  100 usec  | 28,240 usec |
              +---------+--------------+--------------------------+------------+------------+-------------+
              |  total  | 216,485,264  | -167,686,933 (-77.4588%) |  638 usec  |  10 usec   | 28,643 usec |
              +---------+--------------+--------------------------+------------+------------+-------------+
              
            Reverse Chain Packet Counters and Latency:
            
              +---------+--------------+--------------------------+------------+------------+-------------+
              |  Chain  |  TRex.TX.p1  |        TRex.RX.p0        |  Avg lat.  |  Min lat.  |  Max lat.   |
              +=========+==============+==========================+============+============+=============+
              |    0    |  54,120,037  | -41,246,364 (-76.2127%)  |  455 usec  |  50 usec   | 24,689 usec |
              +---------+--------------+--------------------------+------------+------------+-------------+
              |    1    |  54,120,037  | -42,676,190 (-78.8547%)  | 1,008 usec |  100 usec  | 28,542 usec |
              +---------+--------------+--------------------------+------------+------------+-------------+
              |    2    |  54,120,037  | -41,222,622 (-76.1689%)  |  726 usec  |  100 usec  | 28,242 usec |
              +---------+--------------+--------------------------+------------+------------+-------------+
              |    3    |  54,120,037  | -42,581,420 (-78.6796%)  |  523 usec  |  100 usec  | 24,699 usec |
              +---------+--------------+--------------------------+------------+------------+-------------+
              |  total  | 216,480,148  | -167,726,596 (-77.4790%) |  678 usec  |  50 usec   | 28,542 usec |
              +---------+--------------+--------------------------+------------+------------+-------------+
              

