2018-11-28 10:11:59,062 INFO Loading configuration file: /tmp/nfvbench/nfvbench_config.cfg
2018-11-28 10:11:59,096 INFO EXT chain with OpenStack mode disabled
2018-11-28 10:11:59,097 INFO -c /tmp/nfvbench/nfvbench_config.cfg --rate ndr --flow-count 1024 --duration 30 --json /tmp/nfvbench/csc_8c1n_ndr-1.json
2018-11-28 10:11:59,098 INFO Connecting to TRex (127.0.0.1)...
2018-11-28 10:11:59,233 INFO Connected to TRex
2018-11-28 10:11:59,233 INFO    Port 0: Device 158b speed=25Gbps mac=3c:fd:fe:bd:f8:60 pci=0000:3b:00.0 driver=net_i40e
2018-11-28 10:11:59,233 INFO    Port 1: Device 158b speed=25Gbps mac=3c:fd:fe:bd:f8:61 pci=0000:3b:00.1 driver=net_i40e
2018-11-28 10:11:59,234 INFO ChainRunner initialized
2018-11-28 10:11:59,235 INFO Starting 8xEXT benchmark...
2018-11-28 10:11:59,340 INFO Polling ARP until successful...
2018-11-28 10:11:59,555 INFO    ARP: port=0 chain=0 src IP=172.16.10.100 dst IP=172.16.10.10 -> MAC=52:54:00:00:00:aa
2018-11-28 10:11:59,555 INFO    ARP: port=0 chain=1 src IP=172.16.10.101 dst IP=172.16.10.11 -> MAC=52:54:01:00:00:aa
2018-11-28 10:11:59,555 INFO    ARP: port=0 chain=2 src IP=172.16.10.102 dst IP=172.16.10.12 -> MAC=52:54:02:00:00:aa
2018-11-28 10:11:59,555 INFO    ARP: port=0 chain=3 src IP=172.16.10.103 dst IP=172.16.10.13 -> MAC=52:54:03:00:00:aa
2018-11-28 10:11:59,555 INFO    ARP: port=0 chain=4 src IP=172.16.10.104 dst IP=172.16.10.14 -> MAC=52:54:04:00:00:aa
2018-11-28 10:11:59,555 INFO    ARP: port=0 chain=5 src IP=172.16.10.105 dst IP=172.16.10.15 -> MAC=52:54:05:00:00:aa
2018-11-28 10:11:59,555 INFO    ARP: port=0 chain=6 src IP=172.16.10.106 dst IP=172.16.10.16 -> MAC=52:54:06:00:00:aa
2018-11-28 10:11:59,555 INFO    ARP: port=0 chain=7 src IP=172.16.10.107 dst IP=172.16.10.17 -> MAC=52:54:07:00:00:aa
2018-11-28 10:11:59,556 INFO ARP resolved successfully for port 0
2018-11-28 10:11:59,771 INFO    ARP: port=1 chain=0 src IP=172.16.20.100 dst IP=172.16.20.10 -> MAC=52:54:00:00:00:bb
2018-11-28 10:11:59,771 INFO    ARP: port=1 chain=1 src IP=172.16.20.101 dst IP=172.16.20.11 -> MAC=52:54:01:00:00:bb
2018-11-28 10:11:59,771 INFO    ARP: port=1 chain=2 src IP=172.16.20.102 dst IP=172.16.20.12 -> MAC=52:54:02:00:00:bb
2018-11-28 10:11:59,771 INFO    ARP: port=1 chain=3 src IP=172.16.20.103 dst IP=172.16.20.13 -> MAC=52:54:03:00:00:bb
2018-11-28 10:11:59,772 INFO    ARP: port=1 chain=4 src IP=172.16.20.104 dst IP=172.16.20.14 -> MAC=52:54:04:00:00:bb
2018-11-28 10:11:59,772 INFO    ARP: port=1 chain=5 src IP=172.16.20.105 dst IP=172.16.20.15 -> MAC=52:54:05:00:00:bb
2018-11-28 10:11:59,772 INFO    ARP: port=1 chain=6 src IP=172.16.20.106 dst IP=172.16.20.16 -> MAC=52:54:06:00:00:bb
2018-11-28 10:11:59,772 INFO    ARP: port=1 chain=7 src IP=172.16.20.107 dst IP=172.16.20.17 -> MAC=52:54:07:00:00:bb
2018-11-28 10:11:59,772 INFO ARP resolved successfully for port 1
2018-11-28 10:11:59,873 INFO Port 0: dst MAC ['52:54:00:00:00:aa', '52:54:01:00:00:aa', '52:54:02:00:00:aa', '52:54:03:00:00:aa', '52:54:04:00:00:aa', '52:54:05:00:00:aa', '52:54:06:00:00:aa', '52:54:07:00:00:aa']
2018-11-28 10:11:59,874 INFO Port 1: dst MAC ['52:54:00:00:00:bb', '52:54:01:00:00:bb', '52:54:02:00:00:bb', '52:54:03:00:00:bb', '52:54:04:00:00:bb', '52:54:05:00:00:bb', '52:54:06:00:00:bb', '52:54:07:00:00:bb']
2018-11-28 10:11:59,874 INFO Starting traffic generator to ensure end-to-end connectivity
2018-11-28 10:11:59,920 INFO Created 8 traffic streams for port 0.
2018-11-28 10:11:59,925 INFO Created 8 traffic streams for port 1.
2018-11-28 10:12:00,039 INFO Captured unique src mac 0/16, capturing return packets (retry 1/100)...
2018-11-28 10:12:02,163 INFO Received packet from mac: 52:54:05:00:00:bb (chain=5, port=1)
2018-11-28 10:12:02,163 INFO Received packet from mac: 52:54:02:00:00:bb (chain=2, port=1)
2018-11-28 10:12:02,163 INFO Received packet from mac: 52:54:00:00:00:bb (chain=0, port=1)
2018-11-28 10:12:02,163 INFO Received packet from mac: 52:54:04:00:00:bb (chain=4, port=1)
2018-11-28 10:12:02,164 INFO Received packet from mac: 52:54:07:00:00:bb (chain=7, port=1)
2018-11-28 10:12:02,164 INFO Received packet from mac: 52:54:01:00:00:bb (chain=1, port=1)
2018-11-28 10:12:02,164 INFO Received packet from mac: 52:54:06:00:00:bb (chain=6, port=1)
2018-11-28 10:12:02,164 INFO Received packet from mac: 52:54:03:00:00:bb (chain=3, port=1)
2018-11-28 10:12:02,164 INFO Received packet from mac: 52:54:04:00:00:aa (chain=4, port=0)
2018-11-28 10:12:02,164 INFO Received packet from mac: 52:54:05:00:00:aa (chain=5, port=0)
2018-11-28 10:12:02,164 INFO Received packet from mac: 52:54:00:00:00:aa (chain=0, port=0)
2018-11-28 10:12:02,164 INFO Received packet from mac: 52:54:03:00:00:aa (chain=3, port=0)
2018-11-28 10:12:02,164 INFO Received packet from mac: 52:54:07:00:00:aa (chain=7, port=0)
2018-11-28 10:12:02,164 INFO Received packet from mac: 52:54:01:00:00:aa (chain=1, port=0)
2018-11-28 10:12:02,164 INFO Received packet from mac: 52:54:06:00:00:aa (chain=6, port=0)
2018-11-28 10:12:02,164 INFO Received packet from mac: 52:54:02:00:00:aa (chain=2, port=0)
2018-11-28 10:12:02,165 INFO End-to-end connectivity established
2018-11-28 10:12:02,185 INFO Cleared all existing streams
2018-11-28 10:12:02,243 INFO Created 16 traffic streams for port 0.
2018-11-28 10:12:02,252 INFO Created 16 traffic streams for port 1.
2018-11-28 10:12:02,252 INFO *** Searching NDR for 64 (Bidirectional)...
2018-11-28 10:12:02,252 INFO Range search [0.0 .. 200.0] targets: {'ndr': 0.001}
2018-11-28 10:12:02,252 INFO Modified traffic stream for port 0, new rate=100.0%.
2018-11-28 10:12:02,252 INFO Modified traffic stream for port 1, new rate=100.0%.
2018-11-28 10:12:02,253 INFO Running traffic generator


2018-11-28 10:12:07 - [local][warning]   - [1mCPU util. is high: 85.5%[22m
2018-11-28 10:12:12,288 INFO TX: 382203621; RX: 53366351; Est. Dropped: 328837270; Est. Drop rate: 86.0372%
2018-11-28 10:12:22,308 INFO TX: 766973667; RX: 106725900; Est. Dropped: 660247767; Est. Drop rate: 86.0848%
2018-11-28 10:12:32,305 INFO TX: 1150463713; RX: 159879083; Est. Dropped: 990584630; Est. Drop rate: 86.1031%
2018-11-28 10:12:34,316 INFO WARNING: There is a significant difference between requested TX rate (71022726) and actual TX rate (38348790). The traffic generator may not have sufficient CPU to achieve the requested TX rate.
2018-11-28 10:12:34,316 INFO Average drop rate: 86.103075
2018-11-28 10:12:34,316 INFO Range search [0.0 .. 100.0] targets: {'ndr': 0.001}
2018-11-28 10:12:34,316 INFO Modified traffic stream for port 0, new rate=50.0%.
2018-11-28 10:12:34,316 INFO Modified traffic stream for port 1, new rate=50.0%.
2018-11-28 10:12:34,316 INFO Running traffic generator


2018-11-28 10:12:40 - [local][warning]   - [1mCPU util. is high: 86.9%[22m
2018-11-28 10:12:44,356 INFO TX: 355480061; RX: 53148884; Est. Dropped: 302331177; Est. Drop rate: 85.0487%
2018-11-28 10:12:54,376 INFO TX: 711311256; RX: 106349524; Est. Dropped: 604961732; Est. Drop rate: 85.0488%
2018-11-28 10:13:04,366 INFO TX: 1065340912; RX: 159286450; Est. Dropped: 906054462; Est. Drop rate: 85.0483%
2018-11-28 10:13:06,378 INFO Average drop rate: 85.048312
2018-11-28 10:13:06,378 INFO Range search [0.0 .. 50.0] targets: {'ndr': 0.001}
2018-11-28 10:13:06,378 INFO Modified traffic stream for port 0, new rate=25.0%.
2018-11-28 10:13:06,378 INFO Modified traffic stream for port 1, new rate=25.0%.
2018-11-28 10:13:06,378 INFO Running traffic generator
2018-11-28 10:13:16,418 INFO TX: 177735304; RX: 53410649; Est. Dropped: 124324655; Est. Drop rate: 69.9493%
2018-11-28 10:13:26,438 INFO TX: 355658896; RX: 106872626; Est. Dropped: 248786270; Est. Drop rate: 69.9508%
2018-11-28 10:13:36,427 INFO TX: 532670464; RX: 160063728; Est. Dropped: 372606736; Est. Drop rate: 69.9507%
2018-11-28 10:13:38,439 INFO Average drop rate: 69.950703
2018-11-28 10:13:38,439 INFO Range search [0.0 .. 25.0] targets: {'ndr': 0.001}
2018-11-28 10:13:38,440 INFO Modified traffic stream for port 0, new rate=12.5%.
2018-11-28 10:13:38,440 INFO Modified traffic stream for port 1, new rate=12.5%.
2018-11-28 10:13:38,440 INFO Running traffic generator
2018-11-28 10:13:48,479 INFO TX: 88870794; RX: 53322730; Est. Dropped: 35548064; Est. Drop rate: 39.9997%
2018-11-28 10:13:58,500 INFO TX: 177832040; RX: 106697194; Est. Dropped: 71134846; Est. Drop rate: 40.0011%
2018-11-28 10:14:08,489 INFO TX: 266335232; RX: 159806440; Est. Dropped: 106528792; Est. Drop rate: 39.9980%
2018-11-28 10:14:10,501 INFO Average drop rate: 39.998010
2018-11-28 10:14:10,501 INFO Range search [0.0 .. 12.5] targets: {'ndr': 0.001}
2018-11-28 10:14:10,501 INFO Modified traffic stream for port 0, new rate=6.25%.
2018-11-28 10:14:10,501 INFO Modified traffic stream for port 1, new rate=6.25%.
2018-11-28 10:14:10,502 INFO Running traffic generator
2018-11-28 10:14:20,542 INFO TX: 44431912; RX: 44431717; Est. Dropped: 195; Est. Drop rate: 0.0004%
2018-11-28 10:14:30,563 INFO TX: 88914328; RX: 88914101; Est. Dropped: 227; Est. Drop rate: 0.0003%
2018-11-28 10:14:40,560 INFO TX: 133167616; RX: 133167616; Est. Dropped: 0; Est. Drop rate: 0.0000%
2018-11-28 10:14:42,573 INFO Average drop rate: 0.000000
2018-11-28 10:14:42,573 INFO Range search [6.25 .. 12.5] targets: {'ndr': 0.001}
2018-11-28 10:14:42,573 INFO Modified traffic stream for port 0, new rate=9.375%.
2018-11-28 10:14:42,573 INFO Modified traffic stream for port 1, new rate=9.375%.
2018-11-28 10:14:42,573 INFO Running traffic generator
2018-11-28 10:14:52,611 INFO TX: 66644364; RX: 53458282; Est. Dropped: 13186082; Est. Drop rate: 19.7857%
2018-11-28 10:15:02,633 INFO TX: 133367680; RX: 106994517; Est. Dropped: 26373163; Est. Drop rate: 19.7748%
2018-11-28 10:15:12,618 INFO TX: 199751440; RX: 160263984; Est. Dropped: 39487456; Est. Drop rate: 19.7683%
2018-11-28 10:15:14,630 INFO Average drop rate: 19.768296
2018-11-28 10:15:14,630 INFO Range search [6.25 .. 9.375] targets: {'ndr': 0.001}
2018-11-28 10:15:14,630 INFO Modified traffic stream for port 0, new rate=7.8125%.
2018-11-28 10:15:14,631 INFO Modified traffic stream for port 1, new rate=7.8125%.
2018-11-28 10:15:14,631 INFO Running traffic generator
2018-11-28 10:15:24,669 INFO TX: 55542616; RX: 53602754; Est. Dropped: 1939862; Est. Drop rate: 3.4926%
2018-11-28 10:15:34,689 INFO TX: 111140936; RX: 107271362; Est. Dropped: 3869574; Est. Drop rate: 3.4817%
2018-11-28 10:15:44,679 INFO TX: 166459536; RX: 160674416; Est. Dropped: 5785120; Est. Drop rate: 3.4754%
2018-11-28 10:15:46,692 INFO Average drop rate: 3.475391
2018-11-28 10:15:46,692 INFO Range search [6.25 .. 7.8125] targets: {'ndr': 0.001}
2018-11-28 10:15:46,692 INFO Modified traffic stream for port 0, new rate=7.03125%.
2018-11-28 10:15:46,692 INFO Modified traffic stream for port 1, new rate=7.03125%.
2018-11-28 10:15:46,692 INFO Running traffic generator
2018-11-28 10:15:56,731 INFO TX: 49989531; RX: 49988702; Est. Dropped: 829; Est. Drop rate: 0.0017%
2018-11-28 10:16:06,752 INFO TX: 100036136; RX: 100035400; Est. Dropped: 736; Est. Drop rate: 0.0007%
2018-11-28 10:16:16,741 INFO TX: 149813584; RX: 149813584; Est. Dropped: 0; Est. Drop rate: 0.0000%
2018-11-28 10:16:18,753 INFO Average drop rate: 0.000000
2018-11-28 10:16:18,754 INFO Range search [7.03125 .. 7.8125] targets: {'ndr': 0.001}
2018-11-28 10:16:18,754 INFO Modified traffic stream for port 0, new rate=7.421875%.
2018-11-28 10:16:18,754 INFO Modified traffic stream for port 1, new rate=7.421875%.
2018-11-28 10:16:18,754 INFO Running traffic generator
2018-11-28 10:16:28,791 INFO TX: 52767136; RX: 52752130; Est. Dropped: 15006; Est. Drop rate: 0.0284%
2018-11-28 10:16:38,812 INFO TX: 105591576; RX: 105452578; Est. Dropped: 138998; Est. Drop rate: 0.1316%
2018-11-28 10:16:48,801 INFO TX: 158136560; RX: 157987600; Est. Dropped: 148960; Est. Drop rate: 0.0942%
2018-11-28 10:16:50,814 INFO Average drop rate: 0.094197
2018-11-28 10:16:50,814 INFO Range search [7.03125 .. 7.421875] targets: {'ndr': 0.001}
2018-11-28 10:16:50,814 INFO Modified traffic stream for port 0, new rate=7.2265625%.
2018-11-28 10:16:50,814 INFO Modified traffic stream for port 1, new rate=7.2265625%.
2018-11-28 10:16:50,814 INFO Running traffic generator
2018-11-28 10:17:00,852 INFO TX: 51373704; RX: 51372740; Est. Dropped: 964; Est. Drop rate: 0.0019%
2018-11-28 10:17:10,873 INFO TX: 102808560; RX: 102807567; Est. Dropped: 993; Est. Drop rate: 0.0010%
2018-11-28 10:17:20,862 INFO TX: 153975072; RX: 153975040; Est. Dropped: 32; Est. Drop rate: 0.0000%
2018-11-28 10:17:22,875 INFO Average drop rate: 0.000021
2018-11-28 10:17:22,875 INFO Range search [7.2265625 .. 7.421875] targets: {'ndr': 0.001}
2018-11-28 10:17:22,875 INFO Modified traffic stream for port 0, new rate=7.32421875%.
2018-11-28 10:17:22,875 INFO Modified traffic stream for port 1, new rate=7.32421875%.
2018-11-28 10:17:22,876 INFO Running traffic generator
2018-11-28 10:17:32,914 INFO TX: 52072792; RX: 51900375; Est. Dropped: 172417; Est. Drop rate: 0.3311%
2018-11-28 10:17:42,935 INFO TX: 104202928; RX: 103802402; Est. Dropped: 400526; Est. Drop rate: 0.3844%
2018-11-28 10:17:52,923 INFO TX: 156055824; RX: 155415091; Est. Dropped: 640733; Est. Drop rate: 0.4106%
2018-11-28 10:17:54,935 INFO Average drop rate: 0.410579
2018-11-28 10:17:54,935 INFO Range search [7.2265625 .. 7.32421875] targets: {'ndr': 0.001}
2018-11-28 10:17:54,936 INFO Found ndr (0.001) load: 7.2265625
2018-11-28 10:17:54,936 INFO NDR load: 14.453125
2018-11-28 10:17:54,957 INFO Cleared all existing streams
2018-11-28 10:17:55,139 INFO Created 32 traffic streams for port 0.
2018-11-28 10:17:55,157 INFO Created 32 traffic streams for port 1.
2018-11-28 10:17:55,158 INFO *** Searching NDR for IMIX (Bidirectional)...
2018-11-28 10:17:55,158 INFO Range search [0.0 .. 200.0] targets: {'ndr': 0.001}
2018-11-28 10:17:55,158 INFO Modified traffic stream for port 0, new rate=100.0%.
2018-11-28 10:17:55,158 INFO Modified traffic stream for port 1, new rate=100.0%.
2018-11-28 10:17:55,158 INFO Running traffic generator


2018-11-28 10:18:02 - [local][warning]   - [1mCPU util. is high: 85.6%[22m
2018-11-28 10:18:05,195 INFO TX: 144959408; RX: 34661615; Est. Dropped: 110297793; Est. Drop rate: 76.0887%
2018-11-28 10:18:15,215 INFO TX: 290039678; RX: 69383642; Est. Dropped: 220656036; Est. Drop rate: 76.0779%
2018-11-28 10:18:25,208 INFO TX: 434569397; RX: 103962989; Est. Dropped: 330606408; Est. Drop rate: 76.0768%
2018-11-28 10:18:27,220 INFO WARNING: There is a significant difference between requested TX rate (16368398) and actual TX rate (14485646). The traffic generator may not have sufficient CPU to achieve the requested TX rate.
2018-11-28 10:18:27,220 INFO Average drop rate: 76.076781
2018-11-28 10:18:27,220 INFO Range search [0.0 .. 100.0] targets: {'ndr': 0.001}
2018-11-28 10:18:27,220 INFO Modified traffic stream for port 0, new rate=50.0%.
2018-11-28 10:18:27,220 INFO Modified traffic stream for port 1, new rate=50.0%.
2018-11-28 10:18:27,221 INFO Running traffic generator
2018-11-28 10:18:37,261 INFO TX: 81928991; RX: 34741426; Est. Dropped: 47187565; Est. Drop rate: 57.5957%
2018-11-28 10:18:47,286 INFO TX: 163972603; RX: 69591155; Est. Dropped: 94381448; Est. Drop rate: 57.5593%
2018-11-28 10:18:57,274 INFO TX: 245527056; RX: 104220447; Est. Dropped: 141306609; Est. Drop rate: 57.5524%
2018-11-28 10:18:59,285 INFO Average drop rate: 57.552357
2018-11-28 10:18:59,286 INFO Range search [0.0 .. 50.0] targets: {'ndr': 0.001}
2018-11-28 10:18:59,286 INFO Modified traffic stream for port 0, new rate=25.0%.
2018-11-28 10:18:59,286 INFO Modified traffic stream for port 1, new rate=25.0%.
2018-11-28 10:18:59,286 INFO Running traffic generator
2018-11-28 10:19:09,325 INFO TX: 40962953; RX: 35031051; Est. Dropped: 5931902; Est. Drop rate: 14.4811%
2018-11-28 10:19:19,345 INFO TX: 81968312; RX: 70126246; Est. Dropped: 11842066; Est. Drop rate: 14.4471%
2018-11-28 10:19:29,335 INFO TX: 122764096; RX: 105059741; Est. Dropped: 17704355; Est. Drop rate: 14.4214%
2018-11-28 10:19:31,347 INFO Average drop rate: 14.421444
2018-11-28 10:19:31,347 INFO Range search [0.0 .. 25.0] targets: {'ndr': 0.001}
2018-11-28 10:19:31,347 INFO Modified traffic stream for port 0, new rate=12.5%.
2018-11-28 10:19:31,347 INFO Modified traffic stream for port 1, new rate=12.5%.
2018-11-28 10:19:31,347 INFO Running traffic generator
2018-11-28 10:19:41,385 INFO TX: 20477840; RX: 20477863; Est. Dropped: -23; Est. Drop rate: -0.0001%
2018-11-28 10:19:51,429 INFO TX: 40982328; RX: 40982364; Est. Dropped: -36; Est. Drop rate: -0.0001%
2018-11-28 10:20:01,397 INFO TX: 61382576; RX: 61382576; Est. Dropped: 0; Est. Drop rate: 0.0000%
2018-11-28 10:20:03,410 INFO Average drop rate: 0.000000
2018-11-28 10:20:03,410 INFO Range search [12.5 .. 25.0] targets: {'ndr': 0.001}
2018-11-28 10:20:03,410 INFO Modified traffic stream for port 0, new rate=18.75%.
2018-11-28 10:20:03,410 INFO Modified traffic stream for port 1, new rate=18.75%.
2018-11-28 10:20:03,411 INFO Running traffic generator
2018-11-28 10:20:13,450 INFO TX: 30722736; RX: 30722614; Est. Dropped: 122; Est. Drop rate: 0.0004%
2018-11-28 10:20:23,471 INFO TX: 61479652; RX: 61479497; Est. Dropped: 155; Est. Drop rate: 0.0003%
2018-11-28 10:20:33,462 INFO TX: 92073328; RX: 92073328; Est. Dropped: 0; Est. Drop rate: 0.0000%
2018-11-28 10:20:35,476 INFO Average drop rate: 0.000000
2018-11-28 10:20:35,476 INFO Range search [18.75 .. 25.0] targets: {'ndr': 0.001}
2018-11-28 10:20:35,476 INFO Modified traffic stream for port 0, new rate=21.875%.
2018-11-28 10:20:35,476 INFO Modified traffic stream for port 1, new rate=21.875%.
2018-11-28 10:20:35,476 INFO Running traffic generator
2018-11-28 10:20:45,514 INFO TX: 35842784; RX: 35357874; Est. Dropped: 484910; Est. Drop rate: 1.3529%
2018-11-28 10:20:55,534 INFO TX: 71718874; RX: 70761131; Est. Dropped: 957743; Est. Drop rate: 1.3354%
2018-11-28 10:21:05,520 INFO TX: 107418704; RX: 106041463; Est. Dropped: 1377241; Est. Drop rate: 1.2821%
2018-11-28 10:21:07,536 INFO Average drop rate: 1.282124
2018-11-28 10:21:07,536 INFO Range search [18.75 .. 21.875] targets: {'ndr': 0.001}
2018-11-28 10:21:07,536 INFO Modified traffic stream for port 0, new rate=20.3125%.
2018-11-28 10:21:07,536 INFO Modified traffic stream for port 1, new rate=20.3125%.
2018-11-28 10:21:07,536 INFO Running traffic generator
2018-11-28 10:21:17,583 INFO TX: 33286352; RX: 33286189; Est. Dropped: 163; Est. Drop rate: 0.0005%
2018-11-28 10:21:27,605 INFO TX: 66606808; RX: 66606541; Est. Dropped: 267; Est. Drop rate: 0.0004%
2018-11-28 10:21:37,592 INFO TX: 99746016; RX: 99746016; Est. Dropped: 0; Est. Drop rate: 0.0000%
2018-11-28 10:21:39,605 INFO Average drop rate: 0.000000
2018-11-28 10:21:39,605 INFO Range search [20.3125 .. 21.875] targets: {'ndr': 0.001}
2018-11-28 10:21:39,605 INFO Modified traffic stream for port 0, new rate=21.09375%.
2018-11-28 10:21:39,605 INFO Modified traffic stream for port 1, new rate=21.09375%.
2018-11-28 10:21:39,605 INFO Running traffic generator
2018-11-28 10:21:49,643 INFO TX: 34561810; RX: 34561391; Est. Dropped: 419; Est. Drop rate: 0.0012%
2018-11-28 10:21:59,664 INFO TX: 69163828; RX: 69163550; Est. Dropped: 278; Est. Drop rate: 0.0004%
2018-11-28 10:22:09,652 INFO TX: 103582352; RX: 103582352; Est. Dropped: 0; Est. Drop rate: 0.0000%
2018-11-28 10:22:11,664 INFO Average drop rate: 0.000000
2018-11-28 10:22:11,664 INFO Range search [21.09375 .. 21.875] targets: {'ndr': 0.001}
2018-11-28 10:22:11,665 INFO Modified traffic stream for port 0, new rate=21.484375%.
2018-11-28 10:22:11,665 INFO Modified traffic stream for port 1, new rate=21.484375%.
2018-11-28 10:22:11,665 INFO Running traffic generator
2018-11-28 10:22:21,703 INFO TX: 35200562; RX: 35193920; Est. Dropped: 6642; Est. Drop rate: 0.0189%
2018-11-28 10:22:31,724 INFO TX: 70443383; RX: 70429250; Est. Dropped: 14133; Est. Drop rate: 0.0201%
2018-11-28 10:22:41,712 INFO TX: 105500512; RX: 105476965; Est. Dropped: 23547; Est. Drop rate: 0.0223%
2018-11-28 10:22:43,725 INFO Average drop rate: 0.022319
2018-11-28 10:22:43,725 INFO Range search [21.09375 .. 21.484375] targets: {'ndr': 0.001}
2018-11-28 10:22:43,725 INFO Modified traffic stream for port 0, new rate=21.2890625%.
2018-11-28 10:22:43,725 INFO Modified traffic stream for port 1, new rate=21.2890625%.
2018-11-28 10:22:43,725 INFO Running traffic generator
2018-11-28 10:22:53,764 INFO TX: 34884331; RX: 34880076; Est. Dropped: 4255; Est. Drop rate: 0.0122%
2018-11-28 10:23:03,785 INFO TX: 69806873; RX: 69799583; Est. Dropped: 7290; Est. Drop rate: 0.0104%
2018-11-28 10:23:13,772 INFO TX: 104541440; RX: 104534608; Est. Dropped: 6832; Est. Drop rate: 0.0065%
2018-11-28 10:23:15,785 INFO Average drop rate: 0.006535
2018-11-28 10:23:15,785 INFO Range search [21.09375 .. 21.2890625] targets: {'ndr': 0.001}
2018-11-28 10:23:15,785 INFO Modified traffic stream for port 0, new rate=21.19140625%.
2018-11-28 10:23:15,785 INFO Modified traffic stream for port 1, new rate=21.19140625%.
2018-11-28 10:23:15,785 INFO Running traffic generator
2018-11-28 10:23:25,825 INFO TX: 34724337; RX: 34718860; Est. Dropped: 5477; Est. Drop rate: 0.0158%
2018-11-28 10:23:35,847 INFO TX: 69486407; RX: 69481023; Est. Dropped: 5384; Est. Drop rate: 0.0077%
2018-11-28 10:23:45,832 INFO TX: 104061888; RX: 104054277; Est. Dropped: 7611; Est. Drop rate: 0.0073%
2018-11-28 10:23:47,845 INFO Average drop rate: 0.007314
2018-11-28 10:23:47,845 INFO Range search [21.09375 .. 21.19140625] targets: {'ndr': 0.001}
2018-11-28 10:23:47,845 INFO Found ndr (0.001) load: 21.09375
2018-11-28 10:23:47,845 INFO NDR load: 42.1875
2018-11-28 10:23:47,845 INFO Service chain 'EXT' run completed.
2018-11-28 10:23:47,845 INFO Clean up skipped.
2018-11-28 10:23:47,888 INFO Saving results in json file: /tmp/nfvbench/csc_8c1n_ndr-1.json...
2018-11-28 10:23:47,892 INFO
========== NFVBench Summary ==========
Date: 2018-11-28 10:11:59
NFVBench version 2.0.5
Openstack Neutron:
  vSwitch:
  Encapsulation:
Benchmarks:
> Networks:
  > Components:
    > Traffic Generator:
        Profile: trex-local
        Tool: TRex
    > Versions:
      > Traffic_Generator:
          build_date: Nov 13 2017
          version: v2.32
          built_by: hhaim
          mode: STL
          build_time: 10:58:17
  > Measurement Parameters:
      NDR: 0.001
  > Service chain:
    > EXT:
      > Traffic:
          Profile: traffic_profile_2sizes
          Bidirectional: True
          Flow count: 1024
          Service chains count: 8
          Compute nodes: []

            Run Summary:

              +-----+-----------------+------------------+------------------+-----------------+----------------------+----------------------+----------------------+
              |  -  |  L2 Frame Size  |  Rate (fwd+rev)  |  Rate (fwd+rev)  |  Avg Drop Rate  |   Avg Latency (usec) |   Min Latency (usec) |   Max Latency (usec) |
              +=====+=================+==================+==================+=================+======================+======================+======================+
              | NDR |       64        |   3.6133 Gbps    |  5,132,500 pps   |     0.0000%     |                  232 |                   10 |                  402 |
              +-----+-----------------+------------------+------------------+-----------------+----------------------+----------------------+----------------------+
              | NDR |      IMIX       |   10.5469 Gbps   |  3,452,708 pps   |     0.0000%     |                  157 |                   10 |                  313 |
              +-----+-----------------+------------------+------------------+-----------------+----------------------+----------------------+----------------------+


            L2 frame size: 64
            NDR search duration: 353 seconds


            L2 frame size: IMIX
            NDR search duration: 353 seconds


