2018-12-08 04:25:13,469 INFO Loading configuration file: /tmp/nfvbench/nfvbench_config.cfg
2018-12-08 04:25:13,505 INFO EXT chain with OpenStack mode disabled
2018-12-08 04:25:13,505 INFO -c /tmp/nfvbench/nfvbench_config.cfg --rate 18500000pps --flow-count 1024 --duration 30 --json /tmp/nfvbench/csc_10c1n_18500000pps-1.json
2018-12-08 04:25:13,507 INFO Connecting to TRex (127.0.0.1)...
2018-12-08 04:25:13,646 INFO Connected to TRex
2018-12-08 04:25:13,646 INFO    Port 0: Device 158b speed=25Gbps mac=3c:fd:fe:bd:f8:60 pci=0000:3b:00.0 driver=net_i40e
2018-12-08 04:25:13,646 INFO    Port 1: Device 158b speed=25Gbps mac=3c:fd:fe:bd:f8:61 pci=0000:3b:00.1 driver=net_i40e
2018-12-08 04:25:13,647 INFO ChainRunner initialized
2018-12-08 04:25:13,648 INFO Starting 10xEXT benchmark...
2018-12-08 04:25:13,752 INFO Polling ARP until successful...
2018-12-08 04:25:13,969 INFO    ARP: port=0 chain=0 src IP=172.16.10.100 dst IP=172.16.10.10 -> MAC=52:54:00:00:00:aa
2018-12-08 04:25:13,969 INFO    ARP: port=0 chain=1 src IP=172.16.10.101 dst IP=172.16.10.11 -> MAC=52:54:01:00:00:aa
2018-12-08 04:25:13,969 INFO    ARP: port=0 chain=2 src IP=172.16.10.102 dst IP=172.16.10.12 -> MAC=52:54:02:00:00:aa
2018-12-08 04:25:13,969 INFO    ARP: port=0 chain=3 src IP=172.16.10.103 dst IP=172.16.10.13 -> MAC=52:54:03:00:00:aa
2018-12-08 04:25:13,969 INFO    ARP: port=0 chain=4 src IP=172.16.10.104 dst IP=172.16.10.14 -> MAC=52:54:04:00:00:aa
2018-12-08 04:25:13,969 INFO    ARP: port=0 chain=5 src IP=172.16.10.105 dst IP=172.16.10.15 -> MAC=52:54:05:00:00:aa
2018-12-08 04:25:13,969 INFO    ARP: port=0 chain=6 src IP=172.16.10.106 dst IP=172.16.10.16 -> MAC=52:54:06:00:00:aa
2018-12-08 04:25:13,969 INFO    ARP: port=0 chain=7 src IP=172.16.10.107 dst IP=172.16.10.17 -> MAC=52:54:07:00:00:aa
2018-12-08 04:25:13,969 INFO    ARP: port=0 chain=8 src IP=172.16.10.108 dst IP=172.16.10.18 -> MAC=52:54:08:00:00:aa
2018-12-08 04:25:13,969 INFO    ARP: port=0 chain=9 src IP=172.16.10.109 dst IP=172.16.10.19 -> MAC=52:54:09:00:00:aa
2018-12-08 04:25:13,969 INFO ARP resolved successfully for port 0
2018-12-08 04:25:14,186 INFO    ARP: port=1 chain=0 src IP=172.16.20.100 dst IP=172.16.20.10 -> MAC=52:54:00:00:00:bb
2018-12-08 04:25:14,186 INFO    ARP: port=1 chain=1 src IP=172.16.20.101 dst IP=172.16.20.11 -> MAC=52:54:01:00:00:bb
2018-12-08 04:25:14,186 INFO    ARP: port=1 chain=2 src IP=172.16.20.102 dst IP=172.16.20.12 -> MAC=52:54:02:00:00:bb
2018-12-08 04:25:14,186 INFO    ARP: port=1 chain=3 src IP=172.16.20.103 dst IP=172.16.20.13 -> MAC=52:54:03:00:00:bb
2018-12-08 04:25:14,186 INFO    ARP: port=1 chain=4 src IP=172.16.20.104 dst IP=172.16.20.14 -> MAC=52:54:04:00:00:bb
2018-12-08 04:25:14,187 INFO    ARP: port=1 chain=5 src IP=172.16.20.105 dst IP=172.16.20.15 -> MAC=52:54:05:00:00:bb
2018-12-08 04:25:14,187 INFO    ARP: port=1 chain=6 src IP=172.16.20.106 dst IP=172.16.20.16 -> MAC=52:54:06:00:00:bb
2018-12-08 04:25:14,187 INFO    ARP: port=1 chain=7 src IP=172.16.20.107 dst IP=172.16.20.17 -> MAC=52:54:07:00:00:bb
2018-12-08 04:25:14,187 INFO    ARP: port=1 chain=8 src IP=172.16.20.108 dst IP=172.16.20.18 -> MAC=52:54:08:00:00:bb
2018-12-08 04:25:14,187 INFO    ARP: port=1 chain=9 src IP=172.16.20.109 dst IP=172.16.20.19 -> MAC=52:54:09:00:00:bb
2018-12-08 04:25:14,187 INFO ARP resolved successfully for port 1
2018-12-08 04:25:14,288 INFO Port 0: dst MAC ['52:54:00:00:00:aa', '52:54:01:00:00:aa', '52:54:02:00:00:aa', '52:54:03:00:00:aa', '52:54:04:00:00:aa', '52:54:05:00:00:aa', '52:54:06:00:00:aa', '52:54:07:00:00:aa', '52:54:08:00:00:aa', '52:54:09:00:00:aa']
2018-12-08 04:25:14,289 INFO Port 1: dst MAC ['52:54:00:00:00:bb', '52:54:01:00:00:bb', '52:54:02:00:00:bb', '52:54:03:00:00:bb', '52:54:04:00:00:bb', '52:54:05:00:00:bb', '52:54:06:00:00:bb', '52:54:07:00:00:bb', '52:54:08:00:00:bb', '52:54:09:00:00:bb']
2018-12-08 04:25:14,289 INFO Starting traffic generator to ensure end-to-end connectivity
2018-12-08 04:25:14,346 INFO Created 10 traffic streams for port 0.
2018-12-08 04:25:14,352 INFO Created 10 traffic streams for port 1.
2018-12-08 04:25:14,468 INFO Captured unique src mac 0/20, capturing return packets (retry 1/100)...
2018-12-08 04:25:16,592 INFO Received packet from mac: 52:54:09:00:00:bb (chain=9, port=1)
2018-12-08 04:25:16,592 INFO Received packet from mac: 52:54:00:00:00:bb (chain=0, port=1)
2018-12-08 04:25:16,592 INFO Received packet from mac: 52:54:04:00:00:bb (chain=4, port=1)
2018-12-08 04:25:16,593 INFO Received packet from mac: 52:54:08:00:00:bb (chain=8, port=1)
2018-12-08 04:25:16,593 INFO Received packet from mac: 52:54:03:00:00:bb (chain=3, port=1)
2018-12-08 04:25:16,593 INFO Received packet from mac: 52:54:05:00:00:bb (chain=5, port=1)
2018-12-08 04:25:16,593 INFO Received packet from mac: 52:54:06:00:00:bb (chain=6, port=1)
2018-12-08 04:25:16,593 INFO Received packet from mac: 52:54:07:00:00:bb (chain=7, port=1)
2018-12-08 04:25:16,593 INFO Received packet from mac: 52:54:02:00:00:bb (chain=2, port=1)
2018-12-08 04:25:16,593 INFO Received packet from mac: 52:54:01:00:00:bb (chain=1, port=1)
2018-12-08 04:25:16,593 INFO Received packet from mac: 52:54:07:00:00:aa (chain=7, port=0)
2018-12-08 04:25:16,594 INFO Received packet from mac: 52:54:08:00:00:aa (chain=8, port=0)
2018-12-08 04:25:16,594 INFO Received packet from mac: 52:54:09:00:00:aa (chain=9, port=0)
2018-12-08 04:25:16,594 INFO Received packet from mac: 52:54:06:00:00:aa (chain=6, port=0)
2018-12-08 04:25:16,594 INFO Received packet from mac: 52:54:00:00:00:aa (chain=0, port=0)
2018-12-08 04:25:16,594 INFO Received packet from mac: 52:54:01:00:00:aa (chain=1, port=0)
2018-12-08 04:25:16,594 INFO Received packet from mac: 52:54:02:00:00:aa (chain=2, port=0)
2018-12-08 04:25:16,594 INFO Received packet from mac: 52:54:03:00:00:aa (chain=3, port=0)
2018-12-08 04:25:16,594 INFO Received packet from mac: 52:54:04:00:00:aa (chain=4, port=0)
2018-12-08 04:25:16,595 INFO Received packet from mac: 52:54:05:00:00:aa (chain=5, port=0)
2018-12-08 04:25:16,595 INFO End-to-end connectivity established
2018-12-08 04:25:16,616 INFO Cleared all existing streams
2018-12-08 04:25:16,691 INFO Created 20 traffic streams for port 0.
2018-12-08 04:25:16,702 INFO Created 20 traffic streams for port 1.
2018-12-08 04:25:16,702 INFO Starting to generate traffic...
2018-12-08 04:25:16,702 INFO Running traffic generator
2018-12-08 04:25:26,741 INFO TX: 185199830; RX: 52591240; Est. Dropped: 132608590; Est. Drop rate: 71.6030%
2018-12-08 04:25:36,762 INFO TX: 370593689; RX: 105244920; Est. Dropped: 265348769; Est. Drop rate: 71.6010%
2018-12-08 04:25:46,753 INFO TX: 555000120; RX: 157629530; Est. Dropped: 397370590; Est. Drop rate: 71.5983%
2018-12-08 04:25:46,753 INFO ...traffic generating ended.
2018-12-08 04:25:46,789 INFO Cleared all existing streams
2018-12-08 04:25:47,026 INFO Created 40 traffic streams for port 0.
2018-12-08 04:25:47,049 INFO Created 40 traffic streams for port 1.
2018-12-08 04:25:47,049 INFO Starting to generate traffic...
2018-12-08 04:25:47,049 INFO Running traffic generator


2018-12-08 04:25:52 - [local][warning]   - [1mCPU util. is high: 85.1%[22m
2018-12-08 04:25:57,094 INFO TX: 144989346; RX: 33560892; Est. Dropped: 111428454; Est. Drop rate: 76.8529%
2018-12-08 04:26:07,115 INFO TX: 290120605; RX: 67189662; Est. Dropped: 222930943; Est. Drop rate: 76.8408%
2018-12-08 04:26:17,106 INFO TX: 434622560; RX: 100689180; Est. Dropped: 333933380; Est. Drop rate: 76.8330%
2018-12-08 04:26:17,106 INFO ...traffic generating ended.
2018-12-08 04:26:17,118 INFO WARNING: There is a significant difference between requested TX rate (18500000.0) and actual TX rate (14487418). The traffic generator may not have sufficient CPU to achieve the requested TX rate.
2018-12-08 04:26:17,118 INFO Service chain 'EXT' run completed.
2018-12-08 04:26:17,118 INFO Clean up skipped.
2018-12-08 04:26:17,154 INFO Saving results in json file: /tmp/nfvbench/csc_10c1n_18500000pps-1.json...
2018-12-08 04:26:17,174 INFO 
========== NFVBench Summary ==========
Date: 2018-12-08 04:25:13
NFVBench version 2.0.5
Openstack Neutron:
  vSwitch: 
  Encapsulation: 
Benchmarks:
> Networks:
  > Components:
    > Traffic Generator:
        Profile: trex-local
        Tool: TRex
    > Versions:
      > Traffic_Generator:
          build_date: Nov 13 2017
          version: v2.32
          built_by: hhaim
          mode: STL
          build_time: 10:58:17
  > Service chain:
    > EXT:
      > Traffic:
          Profile: traffic_profile_2sizes
          Bidirectional: True
          Flow count: 1024
          Service chains count: 10
          Compute nodes: []
            
            Run Summary:
            
              +-----------------+-------------+----------------------+----------------------+----------------------+
              |  L2 Frame Size  |  Drop Rate  |   Avg Latency (usec) |   Min Latency (usec) |  Max Latency (usec)  |
              +=================+=============+======================+======================+======================+
              |       64        |  71.5983%   |                  556 |                   60 |         714          |
              +-----------------+-------------+----------------------+----------------------+----------------------+
              |      IMIX       |  76.8330%   |                  878 |                   90 |        1,121         |
              +-----------------+-------------+----------------------+----------------------+----------------------+
              
            
            L2 frame size: 64
            
            Run Config:
            
              +-------------+---------------------------+------------------------+-----------------+---------------------------+------------------------+-----------------+
              |  Direction  |  Requested TX Rate (bps)  |  Actual TX Rate (bps)  |  RX Rate (bps)  |  Requested TX Rate (pps)  |  Actual TX Rate (pps)  |  RX Rate (pps)  |
              +=============+===========================+========================+=================+===========================+========================+=================+
              |   Forward   |        6.2160 Gbps        |      6.2160 Gbps       |   1.7654 Gbps   |       9,250,000 pps       |     9,250,002 pps      |  2,627,059 pps  |
              +-------------+---------------------------+------------------------+-----------------+---------------------------+------------------------+-----------------+
              |   Reverse   |        6.2160 Gbps        |      6.2160 Gbps       |   1.7655 Gbps   |       9,250,000 pps       |     9,250,002 pps      |  2,627,258 pps  |
              +-------------+---------------------------+------------------------+-----------------+---------------------------+------------------------+-----------------+
              |    Total    |       12.4320 Gbps        |      12.4320 Gbps      |   3.5309 Gbps   |      18,500,000 pps       |     18,500,004 pps     |  5,254,317 pps  |
              +-------------+---------------------------+------------------------+-----------------+---------------------------+------------------------+-----------------+
              
            Forward Chain Packet Counters and Latency:
            
              +---------+--------------+--------------------------+------------+------------+------------+
              |  Chain  |  TRex.TX.p0  |        TRex.RX.p1        |  Avg lat.  |  Min lat.  |  Max lat.  |
              +=========+==============+==========================+============+============+============+
              |    0    |  27,750,006  | -19,866,721 (-71.5918%)  |  564 usec  |  90 usec   |  704 usec  |
              +---------+--------------+--------------------------+------------+------------+------------+
              |    1    |  27,750,006  | -19,868,668 (-71.5988%)  |  567 usec  |  90 usec   |  704 usec  |
              +---------+--------------+--------------------------+------------+------------+------------+
              |    2    |  27,750,006  | -19,872,788 (-71.6136%)  |  569 usec  |  90 usec   |  707 usec  |
              +---------+--------------+--------------------------+------------+------------+------------+
              |    3    |  27,750,006  | -19,867,149 (-71.5933%)  |  567 usec  |  90 usec   |  708 usec  |
              +---------+--------------+--------------------------+------------+------------+------------+
              |    4    |  27,750,006  | -19,863,607 (-71.5806%)  |  566 usec  |  90 usec   |  710 usec  |
              +---------+--------------+--------------------------+------------+------------+------------+
              |    5    |  27,750,006  | -19,869,507 (-71.6018%)  |  567 usec  |  90 usec   |  710 usec  |
              +---------+--------------+--------------------------+------------+------------+------------+
              |    6    |  27,750,006  | -19,870,361 (-71.6049%)  |  570 usec  |  90 usec   |  711 usec  |
              +---------+--------------+--------------------------+------------+------------+------------+
              |    7    |  27,750,006  | -19,870,629 (-71.6059%)  |  572 usec  |  90 usec   |  714 usec  |
              +---------+--------------+--------------------------+------------+------------+------------+
              |    8    |  27,750,006  | -19,872,373 (-71.6121%)  |  575 usec  |  90 usec   |  714 usec  |
              +---------+--------------+--------------------------+------------+------------+------------+
              |    9    |  27,750,006  | -19,866,486 (-71.5909%)  |  572 usec  |  60 usec   |  713 usec  |
              +---------+--------------+--------------------------+------------+------------+------------+
              |  total  | 277,500,060  | -198,688,289 (-71.5994%) |  569 usec  |  60 usec   |  714 usec  |
              +---------+--------------+--------------------------+------------+------------+------------+
              
            Reverse Chain Packet Counters and Latency:
            
              +---------+--------------+--------------------------+------------+------------+------------+
              |  Chain  |  TRex.TX.p1  |        TRex.RX.p0        |  Avg lat.  |  Min lat.  |  Max lat.  |
              +=========+==============+==========================+============+============+============+
              |    0    |  27,750,006  | -19,870,729 (-71.6062%)  |  545 usec  |  200 usec  |  607 usec  |
              +---------+--------------+--------------------------+------------+------------+------------+
              |    1    |  27,750,006  | -19,868,103 (-71.5968%)  |  546 usec  |  200 usec  |  607 usec  |
              +---------+--------------+--------------------------+------------+------------+------------+
              |    2    |  27,750,006  | -19,866,710 (-71.5917%)  |  539 usec  |  200 usec  |  610 usec  |
              +---------+--------------+--------------------------+------------+------------+------------+
              |    3    |  27,750,006  | -19,861,387 (-71.5726%)  |  540 usec  |  200 usec  |  612 usec  |
              +---------+--------------+--------------------------+------------+------------+------------+
              |    4    |  27,750,006  | -19,869,834 (-71.6030%)  |  548 usec  |  200 usec  |  607 usec  |
              +---------+--------------+--------------------------+------------+------------+------------+
              |    5    |  27,750,006  | -19,869,366 (-71.6013%)  |  544 usec  |  200 usec  |  613 usec  |
              +---------+--------------+--------------------------+------------+------------+------------+
              |    6    |  27,750,006  | -19,870,126 (-71.6040%)  |  543 usec  |  200 usec  |  614 usec  |
              +---------+--------------+--------------------------+------------+------------+------------+
              |    7    |  27,750,006  | -19,869,359 (-71.6013%)  |  543 usec  |  200 usec  |  611 usec  |
              +---------+--------------+--------------------------+------------+------------+------------+
              |    8    |  27,750,006  | -19,868,616 (-71.5986%)  |  553 usec  |  200 usec  |  616 usec  |
              +---------+--------------+--------------------------+------------+------------+------------+
              |    9    |  27,750,006  | -19,868,071 (-71.5966%)  |  542 usec  |  200 usec  |  619 usec  |
              +---------+--------------+--------------------------+------------+------------+------------+
              |  total  | 277,500,060  | -198,682,301 (-71.5972%) |  544 usec  |  200 usec  |  619 usec  |
              +---------+--------------+--------------------------+------------+------------+------------+
              
            
            L2 frame size: IMIX
            
            Run Config:
            
              +-------------+---------------------------+------------------------+-----------------+---------------------------+------------------------+-----------------+
              |  Direction  |  Requested TX Rate (bps)  |  Actual TX Rate (bps)  |  RX Rate (bps)  |  Requested TX Rate (pps)  |  Actual TX Rate (pps)  |  RX Rate (pps)  |
              +=============+===========================+========================+=================+===========================+========================+=================+
              |   Forward   |       28.2557 Gbps        |      22.1277 Gbps      |   5.9394 Gbps   |       9,250,000 pps       |     7,243,896 pps      |  1,944,382 pps  |
              +-------------+---------------------------+------------------------+-----------------+---------------------------+------------------------+-----------------+
              |   Reverse   |       28.2557 Gbps        |      22.1265 Gbps      |   4.3130 Gbps   |       9,250,000 pps       |     7,243,522 pps      |  1,411,923 pps  |
              +-------------+---------------------------+------------------------+-----------------+---------------------------+------------------------+-----------------+
              |    Total    |       56.5113 Gbps        |      44.2542 Gbps      |  10.2524 Gbps   |      18,500,000 pps       |     14,487,418 pps     |  3,356,305 pps  |
              +-------------+---------------------------+------------------------+-----------------+---------------------------+------------------------+-----------------+
              
              WARNING: There is a significant difference between requested TX rate (18500000.0) and actual TX rate (14487418). The traffic generator may not have sufficient CPU to achieve the requested TX rate.
              
            Forward Chain Packet Counters and Latency:
            
              +---------+--------------+--------------------------+------------+------------+------------+
              |  Chain  |  TRex.TX.p0  |        TRex.RX.p1        |  Avg lat.  |  Min lat.  |  Max lat.  |
              +=========+==============+==========================+============+============+============+
              |    0    |  21,731,690  | -15,898,966 (-73.1603%)  |  807 usec  |  100 usec  |  992 usec  |
              +---------+--------------+--------------------------+------------+------------+------------+
              |    1    |  21,731,690  | -15,897,599 (-73.1540%)  |  801 usec  |  100 usec  |  996 usec  |
              +---------+--------------+--------------------------+------------+------------+------------+
              |    2    |  21,731,690  | -15,899,067 (-73.1607%)  |  815 usec  |  100 usec  |  989 usec  |
              +---------+--------------+--------------------------+------------+------------+------------+
              |    3    |  21,731,690  | -15,900,136 (-73.1657%)  |  799 usec  |  100 usec  | 1,004 usec |
              +---------+--------------+--------------------------+------------+------------+------------+
              |    4    |  21,731,690  | -15,900,350 (-73.1667%)  |  791 usec  |  100 usec  | 1,013 usec |
              +---------+--------------+--------------------------+------------+------------+------------+
              |    5    |  21,731,690  | -15,895,778 (-73.1456%)  |  801 usec  |  100 usec  |  986 usec  |
              +---------+--------------+--------------------------+------------+------------+------------+
              |    6    |  21,731,690  | -15,894,344 (-73.1390%)  |  790 usec  |  100 usec  | 1,008 usec |
              +---------+--------------+--------------------------+------------+------------+------------+
              |    7    |  21,731,690  | -15,899,151 (-73.1611%)  |  797 usec  |  100 usec  | 1,014 usec |
              +---------+--------------+--------------------------+------------+------------+------------+
              |    8    |  21,731,690  | -15,899,995 (-73.1650%)  |  793 usec  |  100 usec  | 1,012 usec |
              +---------+--------------+--------------------------+------------+------------+------------+
              |    9    |  21,731,690  | -15,900,026 (-73.1652%)  |  795 usec  |  90 usec   | 1,000 usec |
              +---------+--------------+--------------------------+------------+------------+------------+
              |  total  | 217,316,900  | -158,985,412 (-73.1583%) |  799 usec  |  90 usec   | 1,014 usec |
              +---------+--------------+--------------------------+------------+------------+------------+
              
            Reverse Chain Packet Counters and Latency:
            
              +---------+--------------+--------------------------+------------+------------+------------+
              |  Chain  |  TRex.TX.p1  |        TRex.RX.p0        |  Avg lat.  |  Min lat.  |  Max lat.  |
              +=========+==============+==========================+============+============+============+
              |    0    |  21,730,566  | -17,495,217 (-80.5097%)  |  931 usec  |  100 usec  | 1,119 usec |
              +---------+--------------+--------------------------+------------+------------+------------+
              |    1    |  21,730,566  | -17,494,950 (-80.5085%)  |  933 usec  |  100 usec  | 1,099 usec |
              +---------+--------------+--------------------------+------------+------------+------------+
              |    2    |  21,730,566  | -17,493,438 (-80.5015%)  |  937 usec  |  100 usec  | 1,096 usec |
              +---------+--------------+--------------------------+------------+------------+------------+
              |    3    |  21,730,566  | -17,494,501 (-80.5064%)  |  934 usec  |  100 usec  | 1,099 usec |
              +---------+--------------+--------------------------+------------+------------+------------+
              |    4    |  21,730,566  | -17,495,920 (-80.5130%)  |  940 usec  |  100 usec  | 1,115 usec |
              +---------+--------------+--------------------------+------------+------------+------------+
              |    5    |  21,730,566  | -17,494,669 (-80.5072%)  |  938 usec  |  100 usec  | 1,101 usec |
              +---------+--------------+--------------------------+------------+------------+------------+
              |    6    |  21,730,566  | -17,494,995 (-80.5087%)  |  935 usec  |  100 usec  | 1,109 usec |
              +---------+--------------+--------------------------+------------+------------+------------+
              |    7    |  21,730,566  | -17,494,766 (-80.5076%)  |  935 usec  |  100 usec  | 1,103 usec |
              +---------+--------------+--------------------------+------------+------------+------------+
              |    8    |  21,730,566  | -17,494,219 (-80.5051%)  |  945 usec  |  100 usec  | 1,120 usec |
              +---------+--------------+--------------------------+------------+------------+------------+
              |    9    |  21,730,566  | -17,495,293 (-80.5101%)  |  949 usec  |  100 usec  | 1,121 usec |
              +---------+--------------+--------------------------+------------+------------+------------+
              |  total  | 217,305,660  | -174,947,968 (-80.5078%) |  938 usec  |  100 usec  | 1,121 usec |
              +---------+--------------+--------------------------+------------+------------+------------+
              

