2018-11-21 09:56:14,678 INFO Loading configuration file: /tmp/nfvbench/nfvbench_config.cfg
2018-11-21 09:56:14,710 INFO EXT chain with OpenStack mode disabled
2018-11-21 09:56:14,710 INFO -c /tmp/nfvbench/nfvbench_config.cfg --rate 18500000pps --flow-count 1024 --duration 30 --json /tmp/nfvbench/csc_1c6n_18500000pps-1.json
2018-11-21 09:56:14,712 INFO Connecting to TRex (127.0.0.1)...
2018-11-21 09:56:14,848 INFO Connected to TRex
2018-11-21 09:56:14,848 INFO    Port 0: Device 158b speed=25Gbps mac=3c:fd:fe:bd:f8:60 pci=0000:3b:00.0 driver=net_i40e
2018-11-21 09:56:14,848 INFO    Port 1: Device 158b speed=25Gbps mac=3c:fd:fe:bd:f8:61 pci=0000:3b:00.1 driver=net_i40e
2018-11-21 09:56:14,849 INFO ChainRunner initialized
2018-11-21 09:56:14,850 INFO Starting 1xEXT benchmark...
2018-11-21 09:56:14,954 INFO Polling ARP until successful...
2018-11-21 09:56:15,079 INFO    ARP: port=0 chain=0 src IP=172.16.10.100 dst IP=172.16.10.10 -> MAC=52:54:00:00:00:aa
2018-11-21 09:56:15,079 INFO ARP resolved successfully for port 0
2018-11-21 09:56:15,205 INFO    ARP: port=1 chain=0 src IP=172.16.20.100 dst IP=172.16.20.10 -> MAC=52:54:00:00:00:bb
2018-11-21 09:56:15,205 INFO ARP resolved successfully for port 1
2018-11-21 09:56:15,307 INFO Port 0: dst MAC ['52:54:00:00:00:aa']
2018-11-21 09:56:15,307 INFO Port 1: dst MAC ['52:54:00:00:00:bb']
2018-11-21 09:56:15,307 INFO Starting traffic generator to ensure end-to-end connectivity
2018-11-21 09:56:15,314 INFO Created 1 traffic streams for port 0.
2018-11-21 09:56:15,315 INFO Created 1 traffic streams for port 1.
2018-11-21 09:56:15,424 INFO Captured unique src mac 0/2, capturing return packets (retry 1/100)...
2018-11-21 09:56:17,545 INFO Received packet from mac: 52:54:00:00:00:bb (chain=0, port=1)
2018-11-21 09:56:17,545 INFO Received packet from mac: 52:54:00:00:00:aa (chain=0, port=0)
2018-11-21 09:56:17,545 INFO End-to-end connectivity established
2018-11-21 09:56:17,561 INFO Cleared all existing streams
2018-11-21 09:56:17,569 INFO Created 2 traffic streams for port 0.
2018-11-21 09:56:17,571 INFO Created 2 traffic streams for port 1.
2018-11-21 09:56:17,571 INFO Starting to generate traffic...
2018-11-21 09:56:17,571 INFO Running traffic generator
2018-11-21 09:56:27,593 INFO TX: 185190194; RX: 15577496; Est. Dropped: 169612698; Est. Drop rate: 91.5884%
2018-11-21 09:56:37,605 INFO TX: 370429706; RX: 31195032; Est. Dropped: 339234674; Est. Drop rate: 91.5787%
2018-11-21 09:56:47,602 INFO TX: 554999878; RX: 46766927; Est. Dropped: 508232951; Est. Drop rate: 91.5735%
2018-11-21 09:56:47,602 INFO ...traffic generating ended.
2018-11-21 09:56:47,605 INFO Service chain 'EXT' run completed.
2018-11-21 09:56:47,606 INFO Clean up skipped.
2018-11-21 09:56:47,634 INFO Saving results in json file: /tmp/nfvbench/csc_1c6n_18500000pps-1.json...
2018-11-21 09:56:47,639 INFO 
========== NFVBench Summary ==========
Date: 2018-11-21 09:56:14
NFVBench version 2.0.5
Openstack Neutron:
  vSwitch: 
  Encapsulation: 
Benchmarks:
> Networks:
  > Components:
    > Traffic Generator:
        Profile: trex-local
        Tool: TRex
    > Versions:
      > Traffic_Generator:
          build_date: Nov 13 2017
          version: v2.32
          built_by: hhaim
          mode: STL
          build_time: 10:58:17
  > Service chain:
    > EXT:
      > Traffic:
          Profile: traffic_profile_64B
          Bidirectional: True
          Flow count: 1024
          Service chains count: 1
          Compute nodes: []
            
            Run Summary:
            
              +-----------------+-------------+----------------------+----------------------+----------------------+
              |   L2 Frame Size |  Drop Rate  |  Avg Latency (usec)  |   Min Latency (usec) |  Max Latency (usec)  |
              +=================+=============+======================+======================+======================+
              |              64 |  91.5735%   |        4,328         |                   40 |        5,661         |
              +-----------------+-------------+----------------------+----------------------+----------------------+
              
            
            L2 frame size: 64
            
            Run Config:
            
              +-------------+---------------------------+------------------------+-----------------+---------------------------+------------------------+-----------------+
              |  Direction  |  Requested TX Rate (bps)  |  Actual TX Rate (bps)  |  RX Rate (bps)  |  Requested TX Rate (pps)  |  Actual TX Rate (pps)  |  RX Rate (pps)  |
              +=============+===========================+========================+=================+===========================+========================+=================+
              |   Forward   |        6.2160 Gbps        |      6.2160 Gbps       |  523.8123 Mbps  |       9,250,000 pps       |     9,249,997 pps      |   779,482 pps   |
              +-------------+---------------------------+------------------------+-----------------+---------------------------+------------------------+-----------------+
              |   Reverse   |        6.2160 Gbps        |      6.2160 Gbps       |  523.7669 Mbps  |       9,250,000 pps       |     9,249,997 pps      |   779,414 pps   |
              +-------------+---------------------------+------------------------+-----------------+---------------------------+------------------------+-----------------+
              |    Total    |       12.4320 Gbps        |      12.4320 Gbps      |   1.0476 Gbps   |      18,500,000 pps       |     18,499,994 pps     |  1,558,896 pps  |
              +-------------+---------------------------+------------------------+-----------------+---------------------------+------------------------+-----------------+
              
            Forward Chain Packet Counters and Latency:
            
              +---------+--------------+--------------------------+------------+------------+------------+
              |   Chain |  TRex.TX.p0  |        TRex.RX.p1        |  Avg lat.  |  Min lat.  |  Max lat.  |
              +=========+==============+==========================+============+============+============+
              |       0 | 277,499,939  | -254,115,461 (-91.5732%) | 5,398 usec |  40 usec   | 5,661 usec |
              +---------+--------------+--------------------------+------------+------------+------------+
              
            Reverse Chain Packet Counters and Latency:
            
              +---------+--------------+--------------------------+------------+------------+------------+
              |   Chain |  TRex.TX.p1  |        TRex.RX.p0        |  Avg lat.  |  Min lat.  |  Max lat.  |
              +=========+==============+==========================+============+============+============+
              |       0 | 277,499,939  | -254,117,490 (-91.5739%) | 3,261 usec | 1,000 usec | 3,525 usec |
              +---------+--------------+--------------------------+------------+------------+------------+
              

