2018-11-28 09:03:28,275 INFO Loading configuration file: /tmp/nfvbench/nfvbench_config.cfg
2018-11-28 09:03:28,309 INFO EXT chain with OpenStack mode disabled
2018-11-28 09:03:28,309 INFO -c /tmp/nfvbench/nfvbench_config.cfg --rate 18500000pps --flow-count 1024 --duration 30 --json /tmp/nfvbench/csc_6c1n_18500000pps-1.json
2018-11-28 09:03:28,311 INFO Connecting to TRex (127.0.0.1)...
2018-11-28 09:03:28,454 INFO Connected to TRex
2018-11-28 09:03:28,454 INFO    Port 0: Device 158b speed=25Gbps mac=3c:fd:fe:bd:f8:60 pci=0000:3b:00.0 driver=net_i40e
2018-11-28 09:03:28,454 INFO    Port 1: Device 158b speed=25Gbps mac=3c:fd:fe:bd:f8:61 pci=0000:3b:00.1 driver=net_i40e
2018-11-28 09:03:28,455 INFO ChainRunner initialized
2018-11-28 09:03:28,456 INFO Starting 6xEXT benchmark...
2018-11-28 09:03:28,560 INFO Polling ARP until successful...
2018-11-28 09:03:28,772 INFO    ARP: port=0 chain=0 src IP=172.16.10.100 dst IP=172.16.10.10 -> MAC=52:54:00:00:00:aa
2018-11-28 09:03:28,773 INFO    ARP: port=0 chain=1 src IP=172.16.10.101 dst IP=172.16.10.11 -> MAC=52:54:01:00:00:aa
2018-11-28 09:03:28,773 INFO    ARP: port=0 chain=2 src IP=172.16.10.102 dst IP=172.16.10.12 -> MAC=52:54:02:00:00:aa
2018-11-28 09:03:28,773 INFO    ARP: port=0 chain=3 src IP=172.16.10.103 dst IP=172.16.10.13 -> MAC=52:54:03:00:00:aa
2018-11-28 09:03:28,773 INFO    ARP: port=0 chain=4 src IP=172.16.10.104 dst IP=172.16.10.14 -> MAC=52:54:04:00:00:aa
2018-11-28 09:03:28,773 INFO    ARP: port=0 chain=5 src IP=172.16.10.105 dst IP=172.16.10.15 -> MAC=52:54:05:00:00:aa
2018-11-28 09:03:28,773 INFO ARP resolved successfully for port 0
2018-11-28 09:03:28,985 INFO    ARP: port=1 chain=0 src IP=172.16.20.100 dst IP=172.16.20.10 -> MAC=52:54:00:00:00:bb
2018-11-28 09:03:28,986 INFO    ARP: port=1 chain=1 src IP=172.16.20.101 dst IP=172.16.20.11 -> MAC=52:54:01:00:00:bb
2018-11-28 09:03:28,986 INFO    ARP: port=1 chain=2 src IP=172.16.20.102 dst IP=172.16.20.12 -> MAC=52:54:02:00:00:bb
2018-11-28 09:03:28,986 INFO    ARP: port=1 chain=3 src IP=172.16.20.103 dst IP=172.16.20.13 -> MAC=52:54:03:00:00:bb
2018-11-28 09:03:28,986 INFO    ARP: port=1 chain=4 src IP=172.16.20.104 dst IP=172.16.20.14 -> MAC=52:54:04:00:00:bb
2018-11-28 09:03:28,986 INFO    ARP: port=1 chain=5 src IP=172.16.20.105 dst IP=172.16.20.15 -> MAC=52:54:05:00:00:bb
2018-11-28 09:03:28,986 INFO ARP resolved successfully for port 1
2018-11-28 09:03:29,087 INFO Port 0: dst MAC ['52:54:00:00:00:aa', '52:54:01:00:00:aa', '52:54:02:00:00:aa', '52:54:03:00:00:aa', '52:54:04:00:00:aa', '52:54:05:00:00:aa']
2018-11-28 09:03:29,088 INFO Port 1: dst MAC ['52:54:00:00:00:bb', '52:54:01:00:00:bb', '52:54:02:00:00:bb', '52:54:03:00:00:bb', '52:54:04:00:00:bb', '52:54:05:00:00:bb']
2018-11-28 09:03:29,088 INFO Starting traffic generator to ensure end-to-end connectivity
2018-11-28 09:03:29,123 INFO Created 6 traffic streams for port 0.
2018-11-28 09:03:29,126 INFO Created 6 traffic streams for port 1.
2018-11-28 09:03:29,239 INFO Captured unique src mac 0/12, capturing return packets (retry 1/100)...
2018-11-28 09:03:31,362 INFO Received packet from mac: 52:54:00:00:00:bb (chain=0, port=1)
2018-11-28 09:03:31,362 INFO Received packet from mac: 52:54:02:00:00:bb (chain=2, port=1)
2018-11-28 09:03:31,362 INFO Received packet from mac: 52:54:03:00:00:bb (chain=3, port=1)
2018-11-28 09:03:31,362 INFO Received packet from mac: 52:54:04:00:00:bb (chain=4, port=1)
2018-11-28 09:03:31,362 INFO Received packet from mac: 52:54:01:00:00:bb (chain=1, port=1)
2018-11-28 09:03:31,362 INFO Received packet from mac: 52:54:05:00:00:bb (chain=5, port=1)
2018-11-28 09:03:31,362 INFO Received packet from mac: 52:54:00:00:00:aa (chain=0, port=0)
2018-11-28 09:03:31,362 INFO Received packet from mac: 52:54:01:00:00:aa (chain=1, port=0)
2018-11-28 09:03:31,362 INFO Received packet from mac: 52:54:02:00:00:aa (chain=2, port=0)
2018-11-28 09:03:31,362 INFO Received packet from mac: 52:54:03:00:00:aa (chain=3, port=0)
2018-11-28 09:03:31,363 INFO Received packet from mac: 52:54:04:00:00:aa (chain=4, port=0)
2018-11-28 09:03:31,363 INFO Received packet from mac: 52:54:05:00:00:aa (chain=5, port=0)
2018-11-28 09:03:31,363 INFO End-to-end connectivity established
2018-11-28 09:03:31,381 INFO Cleared all existing streams
2018-11-28 09:03:31,426 INFO Created 12 traffic streams for port 0.
2018-11-28 09:03:31,432 INFO Created 12 traffic streams for port 1.
2018-11-28 09:03:31,433 INFO Starting to generate traffic...
2018-11-28 09:03:31,433 INFO Running traffic generator
2018-11-28 09:03:41,463 INFO TX: 185200526; RX: 54564680; Est. Dropped: 130635846; Est. Drop rate: 70.5375%
2018-11-28 09:03:51,481 INFO TX: 370531364; RX: 109167314; Est. Dropped: 261364050; Est. Drop rate: 70.5376%
2018-11-28 09:04:01,473 INFO TX: 555003732; RX: 163332709; Est. Dropped: 391671023; Est. Drop rate: 70.5709%
2018-11-28 09:04:01,474 INFO ...traffic generating ended.
2018-11-28 09:04:01,481 INFO Service chain 'EXT' run completed.
2018-11-28 09:04:01,481 INFO Clean up skipped.
2018-11-28 09:04:01,508 INFO Saving results in json file: /tmp/nfvbench/csc_6c1n_18500000pps-1.json...
2018-11-28 09:04:01,517 INFO 
========== NFVBench Summary ==========
Date: 2018-11-28 09:03:28
NFVBench version 2.0.5
Openstack Neutron:
  vSwitch: 
  Encapsulation: 
Benchmarks:
> Networks:
  > Components:
    > Traffic Generator:
        Profile: trex-local
        Tool: TRex
    > Versions:
      > Traffic_Generator:
          build_date: Nov 13 2017
          version: v2.32
          built_by: hhaim
          mode: STL
          build_time: 10:58:17
  > Service chain:
    > EXT:
      > Traffic:
          Profile: traffic_profile_64B
          Bidirectional: True
          Flow count: 1024
          Service chains count: 6
          Compute nodes: []
            
            Run Summary:
            
              +-----------------+-------------+----------------------+----------------------+----------------------+
              |   L2 Frame Size |  Drop Rate  |   Avg Latency (usec) |   Min Latency (usec) |   Max Latency (usec) |
              +=================+=============+======================+======================+======================+
              |              64 |  70.5709%   |                  552 |                   10 |                  761 |
              +-----------------+-------------+----------------------+----------------------+----------------------+
              
            
            L2 frame size: 64
            
            Run Config:
            
              +-------------+---------------------------+------------------------+-----------------+---------------------------+------------------------+-----------------+
              |  Direction  |  Requested TX Rate (bps)  |  Actual TX Rate (bps)  |  RX Rate (bps)  |  Requested TX Rate (pps)  |  Actual TX Rate (pps)  |  RX Rate (pps)  |
              +=============+===========================+========================+=================+===========================+========================+=================+
              |   Forward   |        6.2160 Gbps        |      6.2160 Gbps       |   1.8294 Gbps   |       9,250,000 pps       |     9,250,062 pps      |  2,722,380 pps  |
              +-------------+---------------------------+------------------------+-----------------+---------------------------+------------------------+-----------------+
              |   Reverse   |        6.2160 Gbps        |      6.2160 Gbps       |   1.8292 Gbps   |       9,250,000 pps       |     9,250,062 pps      |  2,722,043 pps  |
              +-------------+---------------------------+------------------------+-----------------+---------------------------+------------------------+-----------------+
              |    Total    |       12.4320 Gbps        |      12.4321 Gbps      |   3.6587 Gbps   |      18,500,000 pps       |     18,500,124 pps     |  5,444,423 pps  |
              +-------------+---------------------------+------------------------+-----------------+---------------------------+------------------------+-----------------+
              
            Forward Chain Packet Counters and Latency:
            
              +---------+--------------+--------------------------+------------+------------+------------+
              |  Chain  |  TRex.TX.p0  |        TRex.RX.p1        |  Avg lat.  |  Min lat.  |  Max lat.  |
              +=========+==============+==========================+============+============+============+
              |    0    |  46,250,311  | -32,640,564 (-70.5737%)  |  555 usec  |  20 usec   |  675 usec  |
              +---------+--------------+--------------------------+------------+------------+------------+
              |    1    |  46,250,311  | -32,639,304 (-70.5710%)  |  557 usec  |  10 usec   |  676 usec  |
              +---------+--------------+--------------------------+------------+------------+------------+
              |    2    |  46,250,311  | -32,638,911 (-70.5701%)  |  559 usec  |  10 usec   |  678 usec  |
              +---------+--------------+--------------------------+------------+------------+------------+
              |    3    |  46,250,311  | -32,637,356 (-70.5668%)  |  562 usec  |  50 usec   |  681 usec  |
              +---------+--------------+--------------------------+------------+------------+------------+
              |    4    |  46,250,311  | -32,635,044 (-70.5618%)  |  565 usec  |  30 usec   |  684 usec  |
              +---------+--------------+--------------------------+------------+------------+------------+
              |    5    |  46,250,311  | -32,639,276 (-70.5709%)  |  566 usec  |  10 usec   |  684 usec  |
              +---------+--------------+--------------------------+------------+------------+------------+
              |  total  | 277,501,866  | -195,830,455 (-70.5691%) |  561 usec  |  10 usec   |  684 usec  |
              +---------+--------------+--------------------------+------------+------------+------------+
              
            Reverse Chain Packet Counters and Latency:
            
              +---------+--------------+--------------------------+------------+------------+------------+
              |  Chain  |  TRex.TX.p1  |        TRex.RX.p0        |  Avg lat.  |  Min lat.  |  Max lat.  |
              +=========+==============+==========================+============+============+============+
              |    0    |  46,250,311  | -32,639,716 (-70.5719%)  |  540 usec  |  100 usec  |  752 usec  |
              +---------+--------------+--------------------------+------------+------------+------------+
              |    1    |  46,250,311  | -32,640,646 (-70.5739%)  |  542 usec  |  100 usec  |  754 usec  |
              +---------+--------------+--------------------------+------------+------------+------------+
              |    2    |  46,250,311  | -32,640,828 (-70.5743%)  |  544 usec  |  100 usec  |  754 usec  |
              +---------+--------------+--------------------------+------------+------------+------------+
              |    3    |  46,250,311  | -32,639,660 (-70.5718%)  |  546 usec  |  100 usec  |  757 usec  |
              +---------+--------------+--------------------------+------------+------------+------------+
              |    4    |  46,250,311  | -32,639,574 (-70.5716%)  |  549 usec  |  100 usec  |  758 usec  |
              +---------+--------------+--------------------------+------------+------------+------------+
              |    5    |  46,250,311  | -32,640,144 (-70.5728%)  |  550 usec  |  100 usec  |  761 usec  |
              +---------+--------------+--------------------------+------------+------------+------------+
              |  total  | 277,501,866  | -195,840,568 (-70.5727%) |  545 usec  |  100 usec  |  761 usec  |
              +---------+--------------+--------------------------+------------+------------+------------+
              

