2018-12-08 04:26:17,792 INFO Loading configuration file: /tmp/nfvbench/nfvbench_config.cfg
2018-12-08 04:26:17,828 INFO EXT chain with OpenStack mode disabled
2018-12-08 04:26:17,828 INFO -c /tmp/nfvbench/nfvbench_config.cfg --rate ndr --flow-count 1024 --duration 30 --json /tmp/nfvbench/csc_10c1n_ndr-1.json
2018-12-08 04:26:17,830 INFO Connecting to TRex (127.0.0.1)...


2018-12-08 04:26:17 - [local][warning]   - [1mCPU util. is high: 97.8%[22m
2018-12-08 04:26:17,965 INFO Connected to TRex
2018-12-08 04:26:17,966 INFO    Port 0: Device 158b speed=25Gbps mac=3c:fd:fe:bd:f8:60 pci=0000:3b:00.0 driver=net_i40e
2018-12-08 04:26:17,966 INFO    Port 1: Device 158b speed=25Gbps mac=3c:fd:fe:bd:f8:61 pci=0000:3b:00.1 driver=net_i40e
2018-12-08 04:26:17,967 INFO ChainRunner initialized
2018-12-08 04:26:17,968 INFO Starting 10xEXT benchmark...
2018-12-08 04:26:18,078 INFO Polling ARP until successful...
2018-12-08 04:26:18,295 INFO    ARP: port=0 chain=0 src IP=172.16.10.100 dst IP=172.16.10.10 -> MAC=52:54:00:00:00:aa
2018-12-08 04:26:18,295 INFO    ARP: port=0 chain=1 src IP=172.16.10.101 dst IP=172.16.10.11 -> MAC=52:54:01:00:00:aa
2018-12-08 04:26:18,295 INFO    ARP: port=0 chain=2 src IP=172.16.10.102 dst IP=172.16.10.12 -> MAC=52:54:02:00:00:aa
2018-12-08 04:26:18,295 INFO    ARP: port=0 chain=3 src IP=172.16.10.103 dst IP=172.16.10.13 -> MAC=52:54:03:00:00:aa
2018-12-08 04:26:18,295 INFO    ARP: port=0 chain=4 src IP=172.16.10.104 dst IP=172.16.10.14 -> MAC=52:54:04:00:00:aa
2018-12-08 04:26:18,295 INFO    ARP: port=0 chain=5 src IP=172.16.10.105 dst IP=172.16.10.15 -> MAC=52:54:05:00:00:aa
2018-12-08 04:26:18,295 INFO    ARP: port=0 chain=6 src IP=172.16.10.106 dst IP=172.16.10.16 -> MAC=52:54:06:00:00:aa
2018-12-08 04:26:18,295 INFO    ARP: port=0 chain=7 src IP=172.16.10.107 dst IP=172.16.10.17 -> MAC=52:54:07:00:00:aa
2018-12-08 04:26:18,295 INFO    ARP: port=0 chain=8 src IP=172.16.10.108 dst IP=172.16.10.18 -> MAC=52:54:08:00:00:aa
2018-12-08 04:26:18,295 INFO    ARP: port=0 chain=9 src IP=172.16.10.109 dst IP=172.16.10.19 -> MAC=52:54:09:00:00:aa
2018-12-08 04:26:18,295 INFO ARP resolved successfully for port 0
2018-12-08 04:26:18,512 INFO    ARP: port=1 chain=0 src IP=172.16.20.100 dst IP=172.16.20.10 -> MAC=52:54:00:00:00:bb
2018-12-08 04:26:18,512 INFO    ARP: port=1 chain=1 src IP=172.16.20.101 dst IP=172.16.20.11 -> MAC=52:54:01:00:00:bb
2018-12-08 04:26:18,512 INFO    ARP: port=1 chain=2 src IP=172.16.20.102 dst IP=172.16.20.12 -> MAC=52:54:02:00:00:bb
2018-12-08 04:26:18,512 INFO    ARP: port=1 chain=3 src IP=172.16.20.103 dst IP=172.16.20.13 -> MAC=52:54:03:00:00:bb
2018-12-08 04:26:18,513 INFO    ARP: port=1 chain=4 src IP=172.16.20.104 dst IP=172.16.20.14 -> MAC=52:54:04:00:00:bb
2018-12-08 04:26:18,513 INFO    ARP: port=1 chain=5 src IP=172.16.20.105 dst IP=172.16.20.15 -> MAC=52:54:05:00:00:bb
2018-12-08 04:26:18,513 INFO    ARP: port=1 chain=6 src IP=172.16.20.106 dst IP=172.16.20.16 -> MAC=52:54:06:00:00:bb
2018-12-08 04:26:18,513 INFO    ARP: port=1 chain=7 src IP=172.16.20.107 dst IP=172.16.20.17 -> MAC=52:54:07:00:00:bb
2018-12-08 04:26:18,513 INFO    ARP: port=1 chain=8 src IP=172.16.20.108 dst IP=172.16.20.18 -> MAC=52:54:08:00:00:bb
2018-12-08 04:26:18,513 INFO    ARP: port=1 chain=9 src IP=172.16.20.109 dst IP=172.16.20.19 -> MAC=52:54:09:00:00:bb
2018-12-08 04:26:18,513 INFO ARP resolved successfully for port 1
2018-12-08 04:26:18,614 INFO Port 0: dst MAC ['52:54:00:00:00:aa', '52:54:01:00:00:aa', '52:54:02:00:00:aa', '52:54:03:00:00:aa', '52:54:04:00:00:aa', '52:54:05:00:00:aa', '52:54:06:00:00:aa', '52:54:07:00:00:aa', '52:54:08:00:00:aa', '52:54:09:00:00:aa']
2018-12-08 04:26:18,615 INFO Port 1: dst MAC ['52:54:00:00:00:bb', '52:54:01:00:00:bb', '52:54:02:00:00:bb', '52:54:03:00:00:bb', '52:54:04:00:00:bb', '52:54:05:00:00:bb', '52:54:06:00:00:bb', '52:54:07:00:00:bb', '52:54:08:00:00:bb', '52:54:09:00:00:bb']
2018-12-08 04:26:18,615 INFO Starting traffic generator to ensure end-to-end connectivity
2018-12-08 04:26:18,674 INFO Created 10 traffic streams for port 0.
2018-12-08 04:26:18,680 INFO Created 10 traffic streams for port 1.
2018-12-08 04:26:18,796 INFO Captured unique src mac 0/20, capturing return packets (retry 1/100)...
2018-12-08 04:26:20,923 INFO Received packet from mac: 52:54:08:00:00:bb (chain=8, port=1)
2018-12-08 04:26:20,923 INFO Received packet from mac: 52:54:09:00:00:bb (chain=9, port=1)
2018-12-08 04:26:20,923 INFO Received packet from mac: 52:54:00:00:00:bb (chain=0, port=1)
2018-12-08 04:26:20,923 INFO Received packet from mac: 52:54:03:00:00:bb (chain=3, port=1)
2018-12-08 04:26:20,923 INFO Received packet from mac: 52:54:05:00:00:bb (chain=5, port=1)
2018-12-08 04:26:20,923 INFO Received packet from mac: 52:54:06:00:00:bb (chain=6, port=1)
2018-12-08 04:26:20,923 INFO Received packet from mac: 52:54:07:00:00:bb (chain=7, port=1)
2018-12-08 04:26:20,923 INFO Received packet from mac: 52:54:02:00:00:bb (chain=2, port=1)
2018-12-08 04:26:20,924 INFO Received packet from mac: 52:54:04:00:00:bb (chain=4, port=1)
2018-12-08 04:26:20,924 INFO Received packet from mac: 52:54:01:00:00:bb (chain=1, port=1)
2018-12-08 04:26:20,924 INFO Received packet from mac: 52:54:08:00:00:aa (chain=8, port=0)
2018-12-08 04:26:20,924 INFO Received packet from mac: 52:54:09:00:00:aa (chain=9, port=0)
2018-12-08 04:26:20,924 INFO Received packet from mac: 52:54:02:00:00:aa (chain=2, port=0)
2018-12-08 04:26:20,924 INFO Received packet from mac: 52:54:03:00:00:aa (chain=3, port=0)
2018-12-08 04:26:20,924 INFO Received packet from mac: 52:54:06:00:00:aa (chain=6, port=0)
2018-12-08 04:26:20,924 INFO Received packet from mac: 52:54:07:00:00:aa (chain=7, port=0)
2018-12-08 04:26:20,924 INFO Received packet from mac: 52:54:00:00:00:aa (chain=0, port=0)
2018-12-08 04:26:20,924 INFO Received packet from mac: 52:54:01:00:00:aa (chain=1, port=0)
2018-12-08 04:26:20,925 INFO Received packet from mac: 52:54:04:00:00:aa (chain=4, port=0)
2018-12-08 04:26:20,925 INFO Received packet from mac: 52:54:05:00:00:aa (chain=5, port=0)
2018-12-08 04:26:20,925 INFO End-to-end connectivity established
2018-12-08 04:26:20,946 INFO Cleared all existing streams
2018-12-08 04:26:21,019 INFO Created 20 traffic streams for port 0.
2018-12-08 04:26:21,029 INFO Created 20 traffic streams for port 1.
2018-12-08 04:26:21,030 INFO *** Searching NDR for 64 (Bidirectional)...
2018-12-08 04:26:21,030 INFO Range search [0.0 .. 200.0] targets: {'ndr': 0.001}
2018-12-08 04:26:21,030 INFO Modified traffic stream for port 0, new rate=100.0%.
2018-12-08 04:26:21,030 INFO Modified traffic stream for port 1, new rate=100.0%.
2018-12-08 04:26:21,030 INFO Running traffic generator


2018-12-08 04:26:26 - [local][warning]   - [1mCPU util. is high: 86.1%[22m
2018-12-08 04:26:31,068 INFO TX: 375225769; RX: 52301443; Est. Dropped: 322924326; Est. Drop rate: 86.0613%
2018-12-08 04:26:41,090 INFO TX: 751103865; RX: 104645610; Est. Dropped: 646458255; Est. Drop rate: 86.0678%
2018-12-08 04:26:51,080 INFO TX: 1125583140; RX: 156769896; Est. Dropped: 968813244; Est. Drop rate: 86.0721%
2018-12-08 04:26:53,093 INFO WARNING: There is a significant difference between requested TX rate (74404760) and actual TX rate (37519438). The traffic generator may not have sufficient CPU to achieve the requested TX rate.
2018-12-08 04:26:53,093 INFO Average drop rate: 86.072118
2018-12-08 04:26:53,093 INFO Range search [0.0 .. 100.0] targets: {'ndr': 0.001}
2018-12-08 04:26:53,093 INFO Modified traffic stream for port 0, new rate=50.0%.
2018-12-08 04:26:53,093 INFO Modified traffic stream for port 1, new rate=50.0%.
2018-12-08 04:26:53,093 INFO Running traffic generator


2018-12-08 04:26:57 - [local][warning]   - [1mCPU util. is high: 86.1%[22m
2018-12-08 04:27:03,131 INFO TX: 371691966; RX: 52216866; Est. Dropped: 319475100; Est. Drop rate: 85.9516%
2018-12-08 04:27:13,153 INFO TX: 743959655; RX: 104503586; Est. Dropped: 639456069; Est. Drop rate: 85.9531%
2018-12-08 04:27:23,147 INFO TX: 1114405540; RX: 156530626; Est. Dropped: 957874914; Est. Drop rate: 85.9539%
2018-12-08 04:27:25,161 INFO Average drop rate: 85.953890
2018-12-08 04:27:25,161 INFO Range search [0.0 .. 50.0] targets: {'ndr': 0.001}
2018-12-08 04:27:25,161 INFO Modified traffic stream for port 0, new rate=25.0%.
2018-12-08 04:27:25,161 INFO Modified traffic stream for port 1, new rate=25.0%.
2018-12-08 04:27:25,161 INFO Running traffic generator
2018-12-08 04:27:35,208 INFO TX: 186192512; RX: 52338112; Est. Dropped: 133854400; Est. Drop rate: 71.8903%
2018-12-08 04:27:45,231 INFO TX: 372629406; RX: 104741627; Est. Dropped: 267887779; Est. Drop rate: 71.8912%
2018-12-08 04:27:55,218 INFO TX: 558035700; RX: 156854062; Est. Dropped: 401181638; Est. Drop rate: 71.8918%
2018-12-08 04:27:57,232 INFO Average drop rate: 71.891751
2018-12-08 04:27:57,232 INFO Range search [0.0 .. 25.0] targets: {'ndr': 0.001}
2018-12-08 04:27:57,232 INFO Modified traffic stream for port 0, new rate=12.5%.
2018-12-08 04:27:57,232 INFO Modified traffic stream for port 1, new rate=12.5%.
2018-12-08 04:27:57,232 INFO Running traffic generator
2018-12-08 04:28:07,279 INFO TX: 93104306; RX: 52345498; Est. Dropped: 40758808; Est. Drop rate: 43.7776%
2018-12-08 04:28:17,301 INFO TX: 186323353; RX: 104755652; Est. Dropped: 81567701; Est. Drop rate: 43.7775%
2018-12-08 04:28:27,289 INFO TX: 279017800; RX: 156874126; Est. Dropped: 122143674; Est. Drop rate: 43.7763%
2018-12-08 04:28:29,303 INFO Average drop rate: 43.776302
2018-12-08 04:28:29,303 INFO Range search [0.0 .. 12.5] targets: {'ndr': 0.001}
2018-12-08 04:28:29,303 INFO Modified traffic stream for port 0, new rate=6.25%.
2018-12-08 04:28:29,303 INFO Modified traffic stream for port 1, new rate=6.25%.
2018-12-08 04:28:29,303 INFO Running traffic generator
2018-12-08 04:28:39,352 INFO TX: 46551858; RX: 46551231; Est. Dropped: 627; Est. Drop rate: 0.0013%
2018-12-08 04:28:49,376 INFO TX: 93164782; RX: 93164163; Est. Dropped: 619; Est. Drop rate: 0.0007%
2018-12-08 04:28:59,362 INFO TX: 139508960; RX: 139508960; Est. Dropped: 0; Est. Drop rate: 0.0000%
2018-12-08 04:29:01,376 INFO Average drop rate: 0.000000
2018-12-08 04:29:01,376 INFO Range search [6.25 .. 12.5] targets: {'ndr': 0.001}
2018-12-08 04:29:01,377 INFO Modified traffic stream for port 0, new rate=9.375%.
2018-12-08 04:29:01,377 INFO Modified traffic stream for port 1, new rate=9.375%.
2018-12-08 04:29:01,377 INFO Running traffic generator
2018-12-08 04:29:11,422 INFO TX: 69820422; RX: 52368492; Est. Dropped: 17451930; Est. Drop rate: 24.9955%
2018-12-08 04:29:21,446 INFO TX: 139740678; RX: 104834924; Est. Dropped: 34905754; Est. Drop rate: 24.9789%
2018-12-08 04:29:31,432 INFO TX: 209263440; RX: 157002758; Est. Dropped: 52260682; Est. Drop rate: 24.9736%
2018-12-08 04:29:33,447 INFO Average drop rate: 24.973632
2018-12-08 04:29:33,448 INFO Range search [6.25 .. 9.375] targets: {'ndr': 0.001}
2018-12-08 04:29:33,448 INFO Modified traffic stream for port 0, new rate=7.8125%.
2018-12-08 04:29:33,448 INFO Modified traffic stream for port 1, new rate=7.8125%.
2018-12-08 04:29:33,448 INFO Running traffic generator
2018-12-08 04:29:43,494 INFO TX: 58181870; RX: 52384398; Est. Dropped: 5797472; Est. Drop rate: 9.9644%
2018-12-08 04:29:53,518 INFO TX: 116449690; RX: 104861838; Est. Dropped: 11587852; Est. Drop rate: 9.9510%
2018-12-08 04:30:03,504 INFO TX: 174386180; RX: 157080784; Est. Dropped: 17305396; Est. Drop rate: 9.9236%
2018-12-08 04:30:05,518 INFO Average drop rate: 9.923605
2018-12-08 04:30:05,518 INFO Range search [6.25 .. 7.8125] targets: {'ndr': 0.001}
2018-12-08 04:30:05,519 INFO Modified traffic stream for port 0, new rate=7.03125%.
2018-12-08 04:30:05,519 INFO Modified traffic stream for port 1, new rate=7.03125%.
2018-12-08 04:30:05,519 INFO Running traffic generator
2018-12-08 04:30:15,564 INFO TX: 52365452; RX: 52229558; Est. Dropped: 135894; Est. Drop rate: 0.2595%
2018-12-08 04:30:25,588 INFO TX: 104808600; RX: 104544694; Est. Dropped: 263906; Est. Drop rate: 0.2518%
2018-12-08 04:30:35,573 INFO TX: 156947560; RX: 156569140; Est. Dropped: 378420; Est. Drop rate: 0.2411%
2018-12-08 04:30:37,588 INFO Average drop rate: 0.241112
2018-12-08 04:30:37,588 INFO Range search [6.25 .. 7.03125] targets: {'ndr': 0.001}
2018-12-08 04:30:37,588 INFO Modified traffic stream for port 0, new rate=6.640625%.
2018-12-08 04:30:37,588 INFO Modified traffic stream for port 1, new rate=6.640625%.
2018-12-08 04:30:37,589 INFO Running traffic generator
2018-12-08 04:30:47,636 INFO TX: 49460786; RX: 49460026; Est. Dropped: 760; Est. Drop rate: 0.0015%
2018-12-08 04:30:57,659 INFO TX: 98987884; RX: 98986960; Est. Dropped: 924; Est. Drop rate: 0.0009%
2018-12-08 04:31:07,646 INFO TX: 148228260; RX: 148228260; Est. Dropped: 0; Est. Drop rate: 0.0000%
2018-12-08 04:31:09,661 INFO Average drop rate: 0.000000
2018-12-08 04:31:09,661 INFO Range search [6.640625 .. 7.03125] targets: {'ndr': 0.001}
2018-12-08 04:31:09,661 INFO Modified traffic stream for port 0, new rate=6.8359375%.
2018-12-08 04:31:09,661 INFO Modified traffic stream for port 1, new rate=6.8359375%.
2018-12-08 04:31:09,661 INFO Running traffic generator
2018-12-08 04:31:19,708 INFO TX: 50915112; RX: 50913950; Est. Dropped: 1162; Est. Drop rate: 0.0023%
2018-12-08 04:31:29,732 INFO TX: 101898574; RX: 101897502; Est. Dropped: 1072; Est. Drop rate: 0.0011%
2018-12-08 04:31:39,720 INFO TX: 152587900; RX: 152587900; Est. Dropped: 0; Est. Drop rate: 0.0000%
2018-12-08 04:31:41,735 INFO Average drop rate: 0.000000
2018-12-08 04:31:41,735 INFO Range search [6.8359375 .. 7.03125] targets: {'ndr': 0.001}
2018-12-08 04:31:41,736 INFO Modified traffic stream for port 0, new rate=6.93359375%.
2018-12-08 04:31:41,736 INFO Modified traffic stream for port 1, new rate=6.93359375%.
2018-12-08 04:31:41,736 INFO Running traffic generator
2018-12-08 04:31:51,780 INFO TX: 51639860; RX: 51637123; Est. Dropped: 2737; Est. Drop rate: 0.0053%
2018-12-08 04:32:01,804 INFO TX: 103351444; RX: 103348297; Est. Dropped: 3147; Est. Drop rate: 0.0030%
2018-12-08 04:32:11,793 INFO TX: 154767700; RX: 154764658; Est. Dropped: 3042; Est. Drop rate: 0.0020%
2018-12-08 04:32:13,807 INFO Average drop rate: 0.001966
2018-12-08 04:32:13,808 INFO Range search [6.8359375 .. 6.93359375] targets: {'ndr': 0.001}
2018-12-08 04:32:13,808 INFO Found ndr (0.001) load: 6.8359375
2018-12-08 04:32:13,808 INFO NDR load: 13.671875
2018-12-08 04:32:13,831 INFO Cleared all existing streams
2018-12-08 04:32:14,078 INFO Created 40 traffic streams for port 0.
2018-12-08 04:32:14,100 INFO Created 40 traffic streams for port 1.
2018-12-08 04:32:14,101 INFO *** Searching NDR for IMIX (Bidirectional)...
2018-12-08 04:32:14,101 INFO Range search [0.0 .. 200.0] targets: {'ndr': 0.001}
2018-12-08 04:32:14,101 INFO Modified traffic stream for port 0, new rate=100.0%.
2018-12-08 04:32:14,101 INFO Modified traffic stream for port 1, new rate=100.0%.
2018-12-08 04:32:14,101 INFO Running traffic generator


2018-12-08 04:32:21 - [local][warning]   - [1mCPU util. is high: 86.4%[22m
2018-12-08 04:32:24,143 INFO TX: 145074055; RX: 33533672; Est. Dropped: 111540383; Est. Drop rate: 76.8851%
2018-12-08 04:32:34,165 INFO TX: 290259004; RX: 67167554; Est. Dropped: 223091450; Est. Drop rate: 76.8594%
2018-12-08 04:32:44,153 INFO TX: 434763790; RX: 100709533; Est. Dropped: 334054257; Est. Drop rate: 76.8358%
2018-12-08 04:32:46,166 INFO WARNING: There is a significant difference between requested TX rate (16368398) and actual TX rate (14492126). The traffic generator may not have sufficient CPU to achieve the requested TX rate.
2018-12-08 04:32:46,166 INFO Average drop rate: 76.835805
2018-12-08 04:32:46,166 INFO Range search [0.0 .. 100.0] targets: {'ndr': 0.001}
2018-12-08 04:32:46,166 INFO Modified traffic stream for port 0, new rate=50.0%.
2018-12-08 04:32:46,166 INFO Modified traffic stream for port 1, new rate=50.0%.
2018-12-08 04:32:46,167 INFO Running traffic generator
2018-12-08 04:32:56,207 INFO TX: 81928717; RX: 34117842; Est. Dropped: 47810875; Est. Drop rate: 58.3567%
2018-12-08 04:33:06,229 INFO TX: 163961804; RX: 68306688; Est. Dropped: 95655116; Est. Drop rate: 58.3399%
2018-12-08 04:33:16,216 INFO TX: 245527300; RX: 102333320; Est. Dropped: 143193980; Est. Drop rate: 58.3210%
2018-12-08 04:33:18,230 INFO Average drop rate: 58.321001
2018-12-08 04:33:18,230 INFO Range search [0.0 .. 50.0] targets: {'ndr': 0.001}
2018-12-08 04:33:18,230 INFO Modified traffic stream for port 0, new rate=25.0%.
2018-12-08 04:33:18,230 INFO Modified traffic stream for port 1, new rate=25.0%.
2018-12-08 04:33:18,230 INFO Running traffic generator
2018-12-08 04:33:28,275 INFO TX: 40952916; RX: 34000190; Est. Dropped: 6952726; Est. Drop rate: 16.9774%
2018-12-08 04:33:38,299 INFO TX: 81971722; RX: 68055866; Est. Dropped: 13915856; Est. Drop rate: 16.9764%
2018-12-08 04:33:48,288 INFO TX: 122764320; RX: 101927846; Est. Dropped: 20836474; Est. Drop rate: 16.9727%
2018-12-08 04:33:50,302 INFO Average drop rate: 16.972744
2018-12-08 04:33:50,302 INFO Range search [0.0 .. 25.0] targets: {'ndr': 0.001}
2018-12-08 04:33:50,302 INFO Modified traffic stream for port 0, new rate=12.5%.
2018-12-08 04:33:50,302 INFO Modified traffic stream for port 1, new rate=12.5%.
2018-12-08 04:33:50,302 INFO Running traffic generator
2018-12-08 04:34:00,352 INFO TX: 20482160; RX: 20482182; Est. Dropped: -22; Est. Drop rate: -0.0001%
2018-12-08 04:34:10,376 INFO TX: 40992286; RX: 40992285; Est. Dropped: 1; Est. Drop rate: 0.0000%
2018-12-08 04:34:20,361 INFO TX: 61382820; RX: 61382820; Est. Dropped: 0; Est. Drop rate: 0.0000%
2018-12-08 04:34:22,376 INFO Average drop rate: 0.000000
2018-12-08 04:34:22,376 INFO Range search [12.5 .. 25.0] targets: {'ndr': 0.001}
2018-12-08 04:34:22,377 INFO Modified traffic stream for port 0, new rate=18.75%.
2018-12-08 04:34:22,377 INFO Modified traffic stream for port 1, new rate=18.75%.
2018-12-08 04:34:22,377 INFO Running traffic generator
2018-12-08 04:34:32,424 INFO TX: 30723672; RX: 30723336; Est. Dropped: 336; Est. Drop rate: 0.0011%
2018-12-08 04:34:42,448 INFO TX: 61488309; RX: 61488069; Est. Dropped: 240; Est. Drop rate: 0.0004%
2018-12-08 04:34:52,437 INFO TX: 92073580; RX: 92073580; Est. Dropped: 0; Est. Drop rate: 0.0000%
2018-12-08 04:34:54,452 INFO Average drop rate: 0.000000
2018-12-08 04:34:54,452 INFO Range search [18.75 .. 25.0] targets: {'ndr': 0.001}
2018-12-08 04:34:54,452 INFO Modified traffic stream for port 0, new rate=21.875%.
2018-12-08 04:34:54,452 INFO Modified traffic stream for port 1, new rate=21.875%.
2018-12-08 04:34:54,452 INFO Running traffic generator
2018-12-08 04:35:04,494 INFO TX: 35842844; RX: 34426787; Est. Dropped: 1416057; Est. Drop rate: 3.9507%
2018-12-08 04:35:14,519 INFO TX: 71780094; RX: 68874952; Est. Dropped: 2905142; Est. Drop rate: 4.0473%
2018-12-08 04:35:24,504 INFO TX: 107418940; RX: 103074392; Est. Dropped: 4344548; Est. Drop rate: 4.0445%
2018-12-08 04:35:26,520 INFO Average drop rate: 4.044490
2018-12-08 04:35:26,520 INFO Range search [18.75 .. 21.875] targets: {'ndr': 0.001}
2018-12-08 04:35:26,520 INFO Modified traffic stream for port 0, new rate=20.3125%.
2018-12-08 04:35:26,520 INFO Modified traffic stream for port 1, new rate=20.3125%.
2018-12-08 04:35:26,520 INFO Running traffic generator
2018-12-08 04:35:36,566 INFO TX: 33279852; RX: 33279585; Est. Dropped: 267; Est. Drop rate: 0.0008%
2018-12-08 04:35:46,589 INFO TX: 66607310; RX: 66606837; Est. Dropped: 473; Est. Drop rate: 0.0007%
2018-12-08 04:35:56,576 INFO TX: 99746280; RX: 99746280; Est. Dropped: 0; Est. Drop rate: 0.0000%
2018-12-08 04:35:58,591 INFO Average drop rate: 0.000000
2018-12-08 04:35:58,591 INFO Range search [20.3125 .. 21.875] targets: {'ndr': 0.001}
2018-12-08 04:35:58,591 INFO Modified traffic stream for port 0, new rate=21.09375%.
2018-12-08 04:35:58,591 INFO Modified traffic stream for port 1, new rate=21.09375%.
2018-12-08 04:35:58,592 INFO Running traffic generator
2018-12-08 04:36:08,637 INFO TX: 34564901; RX: 34408854; Est. Dropped: 156047; Est. Drop rate: 0.4515%
2018-12-08 04:36:18,661 INFO TX: 69174178; RX: 68853543; Est. Dropped: 320635; Est. Drop rate: 0.4635%
2018-12-08 04:36:28,648 INFO TX: 103582620; RX: 103093511; Est. Dropped: 489109; Est. Drop rate: 0.4722%
2018-12-08 04:36:30,663 INFO Average drop rate: 0.472192
2018-12-08 04:36:30,663 INFO Range search [20.3125 .. 21.09375] targets: {'ndr': 0.001}
2018-12-08 04:36:30,663 INFO Modified traffic stream for port 0, new rate=20.703125%.
2018-12-08 04:36:30,663 INFO Modified traffic stream for port 1, new rate=20.703125%.
2018-12-08 04:36:30,663 INFO Running traffic generator
2018-12-08 04:36:40,709 INFO TX: 33919417; RX: 33915286; Est. Dropped: 4131; Est. Drop rate: 0.0122%
2018-12-08 04:36:50,733 INFO TX: 67889855; RX: 67885450; Est. Dropped: 4405; Est. Drop rate: 0.0065%
2018-12-08 04:37:00,719 INFO TX: 101664440; RX: 101660606; Est. Dropped: 3834; Est. Drop rate: 0.0038%
2018-12-08 04:37:02,734 INFO Average drop rate: 0.003771
2018-12-08 04:37:02,734 INFO Range search [20.3125 .. 20.703125] targets: {'ndr': 0.001}
2018-12-08 04:37:02,734 INFO Modified traffic stream for port 0, new rate=20.5078125%.
2018-12-08 04:37:02,735 INFO Modified traffic stream for port 1, new rate=20.5078125%.
2018-12-08 04:37:02,735 INFO Running traffic generator
2018-12-08 04:37:12,781 INFO TX: 33600784; RX: 33600181; Est. Dropped: 603; Est. Drop rate: 0.0018%
2018-12-08 04:37:22,806 INFO TX: 67250902; RX: 67250256; Est. Dropped: 646; Est. Drop rate: 0.0010%
2018-12-08 04:37:32,791 INFO TX: 100705360; RX: 100705142; Est. Dropped: 218; Est. Drop rate: 0.0002%
2018-12-08 04:37:34,807 INFO Average drop rate: 0.000216
2018-12-08 04:37:34,807 INFO Range search [20.5078125 .. 20.703125] targets: {'ndr': 0.001}
2018-12-08 04:37:34,807 INFO Modified traffic stream for port 0, new rate=20.60546875%.
2018-12-08 04:37:34,807 INFO Modified traffic stream for port 1, new rate=20.60546875%.
2018-12-08 04:37:34,807 INFO Running traffic generator
2018-12-08 04:37:44,853 INFO TX: 33762574; RX: 33762063; Est. Dropped: 511; Est. Drop rate: 0.0015%
2018-12-08 04:37:54,877 INFO TX: 67572962; RX: 67570365; Est. Dropped: 2597; Est. Drop rate: 0.0038%
2018-12-08 04:38:04,866 INFO TX: 101184900; RX: 101182799; Est. Dropped: 2101; Est. Drop rate: 0.0021%
2018-12-08 04:38:06,882 INFO Average drop rate: 0.002076
2018-12-08 04:38:06,882 INFO Range search [20.5078125 .. 20.60546875] targets: {'ndr': 0.001}
2018-12-08 04:38:06,882 INFO Found ndr (0.001) load: 20.5078125
2018-12-08 04:38:06,882 INFO NDR load: 41.015625
2018-12-08 04:38:06,882 INFO Service chain 'EXT' run completed.
2018-12-08 04:38:06,882 INFO Clean up skipped.
2018-12-08 04:38:06,928 INFO Saving results in json file: /tmp/nfvbench/csc_10c1n_ndr-1.json...
2018-12-08 04:38:06,932 INFO 
========== NFVBench Summary ==========
Date: 2018-12-08 04:26:17
NFVBench version 2.0.5
Openstack Neutron:
  vSwitch: 
  Encapsulation: 
Benchmarks:
> Networks:
  > Components:
    > Traffic Generator:
        Profile: trex-local
        Tool: TRex
    > Versions:
      > Traffic_Generator:
          build_date: Nov 13 2017
          version: v2.32
          built_by: hhaim
          mode: STL
          build_time: 10:58:17
  > Measurement Parameters:
      NDR: 0.001
  > Service chain:
    > EXT:
      > Traffic:
          Profile: traffic_profile_2sizes
          Bidirectional: True
          Flow count: 1024
          Service chains count: 10
          Compute nodes: []
            
            Run Summary:
            
              +-----+-----------------+------------------+------------------+-----------------+----------------------+----------------------+----------------------+
              |  -  |  L2 Frame Size  |  Rate (fwd+rev)  |  Rate (fwd+rev)  |  Avg Drop Rate  |   Avg Latency (usec) |   Min Latency (usec) |   Max Latency (usec) |
              +=====+=================+==================+==================+=================+======================+======================+======================+
              | NDR |       64        |   3.4180 Gbps    |  5,086,262 pps   |     0.0000%     |                  254 |                   10 |                  400 |
              +-----+-----------------+------------------+------------------+-----------------+----------------------+----------------------+----------------------+
              | NDR |      IMIX       |   10.2539 Gbps   |  3,356,800 pps   |     0.0002%     |                  183 |                   10 |                  350 |
              +-----+-----------------+------------------+------------------+-----------------+----------------------+----------------------+----------------------+
              
            
            L2 frame size: 64
            NDR search duration: 353 seconds
            
            
            L2 frame size: IMIX
            NDR search duration: 353 seconds
            

