2018-11-21 09:36:55,237 INFO Loading configuration file: /tmp/nfvbench/nfvbench_config.cfg
2018-11-21 09:36:55,269 INFO EXT chain with OpenStack mode disabled
2018-11-21 09:36:55,269 INFO -c /tmp/nfvbench/nfvbench_config.cfg --rate ndr --flow-count 1024 --duration 30 --json /tmp/nfvbench/csc_1c2n_ndr-1.json
2018-11-21 09:36:55,271 INFO Connecting to TRex (127.0.0.1)...
2018-11-21 09:36:55,405 INFO Connected to TRex
2018-11-21 09:36:55,406 INFO    Port 0: Device 158b speed=25Gbps mac=3c:fd:fe:bd:f8:60 pci=0000:3b:00.0 driver=net_i40e
2018-11-21 09:36:55,406 INFO    Port 1: Device 158b speed=25Gbps mac=3c:fd:fe:bd:f8:61 pci=0000:3b:00.1 driver=net_i40e
2018-11-21 09:36:55,406 INFO ChainRunner initialized
2018-11-21 09:36:55,407 INFO Starting 1xEXT benchmark...
2018-11-21 09:36:55,512 INFO Polling ARP until successful...
2018-11-21 09:36:55,638 INFO    ARP: port=0 chain=0 src IP=172.16.10.100 dst IP=172.16.10.10 -> MAC=52:54:00:00:00:aa
2018-11-21 09:36:55,638 INFO ARP resolved successfully for port 0
2018-11-21 09:36:55,764 INFO    ARP: port=1 chain=0 src IP=172.16.20.100 dst IP=172.16.20.10 -> MAC=52:54:00:00:00:bb
2018-11-21 09:36:55,764 INFO ARP resolved successfully for port 1
2018-11-21 09:36:55,866 INFO Port 0: dst MAC ['52:54:00:00:00:aa']
2018-11-21 09:36:55,866 INFO Port 1: dst MAC ['52:54:00:00:00:bb']
2018-11-21 09:36:55,866 INFO Starting traffic generator to ensure end-to-end connectivity
2018-11-21 09:36:55,873 INFO Created 1 traffic streams for port 0.
2018-11-21 09:36:55,874 INFO Created 1 traffic streams for port 1.
2018-11-21 09:36:55,983 INFO Captured unique src mac 0/2, capturing return packets (retry 1/100)...
2018-11-21 09:36:58,105 INFO Received packet from mac: 52:54:00:00:00:aa (chain=0, port=0)
2018-11-21 09:36:58,105 INFO Received packet from mac: 52:54:00:00:00:bb (chain=0, port=1)
2018-11-21 09:36:58,105 INFO End-to-end connectivity established
2018-11-21 09:36:58,122 INFO Cleared all existing streams
2018-11-21 09:36:58,130 INFO Created 2 traffic streams for port 0.
2018-11-21 09:36:58,132 INFO Created 2 traffic streams for port 1.
2018-11-21 09:36:58,132 INFO *** Searching NDR for 64 (Bidirectional)...
2018-11-21 09:36:58,132 INFO Range search [0.0 .. 200.0] targets: {'ndr': 0.001}
2018-11-21 09:36:58,132 INFO Modified traffic stream for port 0, new rate=100.0%.
2018-11-21 09:36:58,132 INFO Modified traffic stream for port 1, new rate=100.0%.
2018-11-21 09:36:58,132 INFO Running traffic generator


2018-11-21 09:37:04 - [local][warning]   - [1mCPU util. is high: 85.5%[22m
2018-11-21 09:37:08,154 INFO TX: 410485952; RX: 37983542; Est. Dropped: 372502410; Est. Drop rate: 90.7467%
2018-11-21 09:37:18,167 INFO TX: 820804199; RX: 75971894; Est. Dropped: 744832305; Est. Drop rate: 90.7442%
2018-11-21 09:37:28,167 INFO TX: 1230173853; RX: 113869813; Est. Dropped: 1116304040; Est. Drop rate: 90.7436%
2018-11-21 09:37:30,172 INFO WARNING: There is a significant difference between requested TX rate (74404760) and actual TX rate (41005795). The traffic generator may not have sufficient CPU to achieve the requested TX rate.
2018-11-21 09:37:30,172 INFO Average drop rate: 90.743600
2018-11-21 09:37:30,172 INFO Range search [0.0 .. 100.0] targets: {'ndr': 0.001}
2018-11-21 09:37:30,172 INFO Modified traffic stream for port 0, new rate=50.0%.
2018-11-21 09:37:30,172 INFO Modified traffic stream for port 1, new rate=50.0%.
2018-11-21 09:37:30,172 INFO Running traffic generator


2018-11-21 09:37:37 - [local][warning]   - [1mCPU util. is high: 85.1%[22m
2018-11-21 09:37:40,198 INFO TX: 372396091; RX: 39798236; Est. Dropped: 332597855; Est. Drop rate: 89.3129%
2018-11-21 09:37:50,211 INFO TX: 744930457; RX: 79610844; Est. Dropped: 665319613; Est. Drop rate: 89.3130%
2018-11-21 09:38:00,208 INFO TX: 1116071324; RX: 119287157; Est. Dropped: 996784167; Est. Drop rate: 89.3119%
2018-11-21 09:38:02,213 INFO Average drop rate: 89.311870
2018-11-21 09:38:02,214 INFO Range search [0.0 .. 50.0] targets: {'ndr': 0.001}
2018-11-21 09:38:02,214 INFO Modified traffic stream for port 0, new rate=25.0%.
2018-11-21 09:38:02,214 INFO Modified traffic stream for port 1, new rate=25.0%.
2018-11-21 09:38:02,214 INFO Running traffic generator
2018-11-21 09:38:12,237 INFO TX: 186190909; RX: 39337847; Est. Dropped: 146853062; Est. Drop rate: 78.8723%
2018-11-21 09:38:22,251 INFO TX: 372456246; RX: 77242743; Est. Dropped: 295213503; Est. Drop rate: 79.2613%
2018-11-21 09:38:32,248 INFO TX: 558035660; RX: 115016710; Est. Dropped: 443018950; Est. Drop rate: 79.3890%
2018-11-21 09:38:34,253 INFO Average drop rate: 79.389004
2018-11-21 09:38:34,253 INFO Range search [0.0 .. 25.0] targets: {'ndr': 0.001}
2018-11-21 09:38:34,253 INFO Modified traffic stream for port 0, new rate=12.5%.
2018-11-21 09:38:34,254 INFO Modified traffic stream for port 1, new rate=12.5%.
2018-11-21 09:38:34,254 INFO Running traffic generator
2018-11-21 09:38:44,284 INFO TX: 93100827; RX: 39799157; Est. Dropped: 53301670; Est. Drop rate: 57.2516%
2018-11-21 09:38:54,299 INFO TX: 186234030; RX: 78756469; Est. Dropped: 107477561; Est. Drop rate: 57.7110%
2018-11-21 09:39:04,297 INFO TX: 279017832; RX: 116524234; Est. Dropped: 162493598; Est. Drop rate: 58.2377%
2018-11-21 09:39:06,303 INFO Average drop rate: 58.237711
2018-11-21 09:39:06,303 INFO Range search [0.0 .. 12.5] targets: {'ndr': 0.001}
2018-11-21 09:39:06,303 INFO Modified traffic stream for port 0, new rate=6.25%.
2018-11-21 09:39:06,303 INFO Modified traffic stream for port 1, new rate=6.25%.
2018-11-21 09:39:06,303 INFO Running traffic generator
2018-11-21 09:39:16,329 INFO TX: 46547603; RX: 39808875; Est. Dropped: 6738728; Est. Drop rate: 14.4771%
2018-11-21 09:39:26,343 INFO TX: 93114252; RX: 79634795; Est. Dropped: 13479457; Est. Drop rate: 14.4763%
2018-11-21 09:39:36,340 INFO TX: 139508928; RX: 119327330; Est. Dropped: 20181598; Est. Drop rate: 14.4662%
2018-11-21 09:39:38,346 INFO Average drop rate: 14.466170
2018-11-21 09:39:38,346 INFO Range search [0.0 .. 6.25] targets: {'ndr': 0.001}
2018-11-21 09:39:38,346 INFO Modified traffic stream for port 0, new rate=3.125%.
2018-11-21 09:39:38,347 INFO Modified traffic stream for port 1, new rate=3.125%.
2018-11-21 09:39:38,347 INFO Running traffic generator
2018-11-21 09:39:48,370 INFO TX: 23274119; RX: 23273993; Est. Dropped: 126; Est. Drop rate: 0.0005%
2018-11-21 09:39:58,379 INFO TX: 46545114; RX: 46544989; Est. Dropped: 125; Est. Drop rate: 0.0003%
2018-11-21 09:40:08,381 INFO TX: 69754464; RX: 69754464; Est. Dropped: 0; Est. Drop rate: 0.0000%
2018-11-21 09:40:10,386 INFO Average drop rate: 0.000000
2018-11-21 09:40:10,386 INFO Range search [3.125 .. 6.25] targets: {'ndr': 0.001}
2018-11-21 09:40:10,386 INFO Modified traffic stream for port 0, new rate=4.6875%.
2018-11-21 09:40:10,386 INFO Modified traffic stream for port 1, new rate=4.6875%.
2018-11-21 09:40:10,386 INFO Running traffic generator
2018-11-21 09:40:20,412 INFO TX: 34912124; RX: 34911736; Est. Dropped: 388; Est. Drop rate: 0.0011%
2018-11-21 09:40:30,424 INFO TX: 69832261; RX: 69832051; Est. Dropped: 210; Est. Drop rate: 0.0003%
2018-11-21 09:40:40,423 INFO TX: 104631696; RX: 104631696; Est. Dropped: 0; Est. Drop rate: 0.0000%
2018-11-21 09:40:42,429 INFO Average drop rate: 0.000000
2018-11-21 09:40:42,429 INFO Range search [4.6875 .. 6.25] targets: {'ndr': 0.001}
2018-11-21 09:40:42,429 INFO Modified traffic stream for port 0, new rate=5.46875%.
2018-11-21 09:40:42,429 INFO Modified traffic stream for port 1, new rate=5.46875%.
2018-11-21 09:40:42,429 INFO Running traffic generator
2018-11-21 09:40:52,453 INFO TX: 40731978; RX: 39293315; Est. Dropped: 1438663; Est. Drop rate: 3.5320%
2018-11-21 09:41:02,466 INFO TX: 81473393; RX: 77163395; Est. Dropped: 4309998; Est. Drop rate: 5.2901%
2018-11-21 09:41:12,461 INFO TX: 122070314; RX: 114902818; Est. Dropped: 7167496; Est. Drop rate: 5.8716%
2018-11-21 09:41:14,465 INFO Average drop rate: 5.871613
2018-11-21 09:41:14,465 INFO Range search [4.6875 .. 5.46875] targets: {'ndr': 0.001}
2018-11-21 09:41:14,466 INFO Modified traffic stream for port 0, new rate=5.078125%.
2018-11-21 09:41:14,466 INFO Modified traffic stream for port 1, new rate=5.078125%.
2018-11-21 09:41:14,466 INFO Running traffic generator
2018-11-21 09:41:24,491 INFO TX: 37821485; RX: 37820437; Est. Dropped: 1048; Est. Drop rate: 0.0028%
2018-11-21 09:41:34,504 INFO TX: 75650822; RX: 75650113; Est. Dropped: 709; Est. Drop rate: 0.0009%
2018-11-21 09:41:44,501 INFO TX: 113351010; RX: 113351010; Est. Dropped: 0; Est. Drop rate: 0.0000%
2018-11-21 09:41:46,505 INFO Average drop rate: 0.000000
2018-11-21 09:41:46,505 INFO Range search [5.078125 .. 5.46875] targets: {'ndr': 0.001}
2018-11-21 09:41:46,506 INFO Modified traffic stream for port 0, new rate=5.2734375%.
2018-11-21 09:41:46,506 INFO Modified traffic stream for port 1, new rate=5.2734375%.
2018-11-21 09:41:46,506 INFO Running traffic generator
2018-11-21 09:41:56,531 INFO TX: 39272621; RX: 39271115; Est. Dropped: 1506; Est. Drop rate: 0.0038%
2018-11-21 09:42:06,544 INFO TX: 78557214; RX: 78555603; Est. Dropped: 1611; Est. Drop rate: 0.0021%
2018-11-21 09:42:16,542 INFO TX: 117710656; RX: 117710656; Est. Dropped: 0; Est. Drop rate: 0.0000%
2018-11-21 09:42:18,546 INFO Average drop rate: 0.000000
2018-11-21 09:42:18,546 INFO Range search [5.2734375 .. 5.46875] targets: {'ndr': 0.001}
2018-11-21 09:42:18,547 INFO Modified traffic stream for port 0, new rate=5.37109375%.
2018-11-21 09:42:18,547 INFO Modified traffic stream for port 1, new rate=5.37109375%.
2018-11-21 09:42:18,547 INFO Running traffic generator
2018-11-21 09:42:28,571 INFO TX: 40004156; RX: 39691094; Est. Dropped: 313062; Est. Drop rate: 0.7826%
2018-11-21 09:42:38,585 INFO TX: 80019213; RX: 79386454; Est. Dropped: 632759; Est. Drop rate: 0.7908%
2018-11-21 09:42:48,574 INFO TX: 119890488; RX: 118935430; Est. Dropped: 955058; Est. Drop rate: 0.7966%
2018-11-21 09:42:50,579 INFO Average drop rate: 0.796609
2018-11-21 09:42:50,579 INFO Range search [5.2734375 .. 5.37109375] targets: {'ndr': 0.001}
2018-11-21 09:42:50,580 INFO Found ndr (0.001) load: 5.2734375
2018-11-21 09:42:50,580 INFO NDR load: 10.546875
2018-11-21 09:42:50,580 INFO Service chain 'EXT' run completed.
2018-11-21 09:42:50,580 INFO Clean up skipped.
2018-11-21 09:42:50,607 INFO Saving results in json file: /tmp/nfvbench/csc_1c2n_ndr-1.json...
2018-11-21 09:42:50,610 INFO 
========== NFVBench Summary ==========
Date: 2018-11-21 09:36:55
NFVBench version 2.0.5
Openstack Neutron:
  vSwitch: 
  Encapsulation: 
Benchmarks:
> Networks:
  > Components:
    > Traffic Generator:
        Profile: trex-local
        Tool: TRex
    > Versions:
      > Traffic_Generator:
          build_date: Nov 13 2017
          version: v2.32
          built_by: hhaim
          mode: STL
          build_time: 10:58:17
  > Measurement Parameters:
      NDR: 0.001
  > Service chain:
    > EXT:
      > Traffic:
          Profile: traffic_profile_64B
          Bidirectional: True
          Flow count: 1024
          Service chains count: 1
          Compute nodes: []
            
            Run Summary:
            
              +-----+-----------------+------------------+------------------+-----------------+----------------------+----------------------+----------------------+
              |  -  |   L2 Frame Size |  Rate (fwd+rev)  |  Rate (fwd+rev)  |  Avg Drop Rate  |   Avg Latency (usec) |   Min Latency (usec) |   Max Latency (usec) |
              +=====+=================+==================+==================+=================+======================+======================+======================+
              | NDR |              64 |   2.6367 Gbps    |  3,923,688 pps   |     0.0000%     |                  458 |                   10 |                  608 |
              +-----+-----------------+------------------+------------------+-----------------+----------------------+----------------------+----------------------+
              
            
            L2 frame size: 64
            NDR search duration: 352 seconds
            

