2018-11-28 09:04:02,116 INFO Loading configuration file: /tmp/nfvbench/nfvbench_config.cfg
2018-11-28 09:04:02,150 INFO EXT chain with OpenStack mode disabled
2018-11-28 09:04:02,150 INFO -c /tmp/nfvbench/nfvbench_config.cfg --rate ndr --flow-count 1024 --duration 30 --json /tmp/nfvbench/csc_6c1n_ndr-1.json
2018-11-28 09:04:02,152 INFO Connecting to TRex (127.0.0.1)...
2018-11-28 09:04:02,287 INFO Connected to TRex
2018-11-28 09:04:02,288 INFO    Port 0: Device 158b speed=25Gbps mac=3c:fd:fe:bd:f8:60 pci=0000:3b:00.0 driver=net_i40e
2018-11-28 09:04:02,288 INFO    Port 1: Device 158b speed=25Gbps mac=3c:fd:fe:bd:f8:61 pci=0000:3b:00.1 driver=net_i40e
2018-11-28 09:04:02,289 INFO ChainRunner initialized
2018-11-28 09:04:02,289 INFO Starting 6xEXT benchmark...
2018-11-28 09:04:02,395 INFO Polling ARP until successful...
2018-11-28 09:04:02,608 INFO    ARP: port=0 chain=0 src IP=172.16.10.100 dst IP=172.16.10.10 -> MAC=52:54:00:00:00:aa
2018-11-28 09:04:02,608 INFO    ARP: port=0 chain=1 src IP=172.16.10.101 dst IP=172.16.10.11 -> MAC=52:54:01:00:00:aa
2018-11-28 09:04:02,608 INFO    ARP: port=0 chain=2 src IP=172.16.10.102 dst IP=172.16.10.12 -> MAC=52:54:02:00:00:aa
2018-11-28 09:04:02,608 INFO    ARP: port=0 chain=3 src IP=172.16.10.103 dst IP=172.16.10.13 -> MAC=52:54:03:00:00:aa
2018-11-28 09:04:02,608 INFO    ARP: port=0 chain=4 src IP=172.16.10.104 dst IP=172.16.10.14 -> MAC=52:54:04:00:00:aa
2018-11-28 09:04:02,608 INFO    ARP: port=0 chain=5 src IP=172.16.10.105 dst IP=172.16.10.15 -> MAC=52:54:05:00:00:aa
2018-11-28 09:04:02,608 INFO ARP resolved successfully for port 0
2018-11-28 09:04:02,821 INFO    ARP: port=1 chain=0 src IP=172.16.20.100 dst IP=172.16.20.10 -> MAC=52:54:00:00:00:bb
2018-11-28 09:04:02,821 INFO    ARP: port=1 chain=1 src IP=172.16.20.101 dst IP=172.16.20.11 -> MAC=52:54:01:00:00:bb
2018-11-28 09:04:02,821 INFO    ARP: port=1 chain=2 src IP=172.16.20.102 dst IP=172.16.20.12 -> MAC=52:54:02:00:00:bb
2018-11-28 09:04:02,821 INFO    ARP: port=1 chain=3 src IP=172.16.20.103 dst IP=172.16.20.13 -> MAC=52:54:03:00:00:bb
2018-11-28 09:04:02,821 INFO    ARP: port=1 chain=4 src IP=172.16.20.104 dst IP=172.16.20.14 -> MAC=52:54:04:00:00:bb
2018-11-28 09:04:02,821 INFO    ARP: port=1 chain=5 src IP=172.16.20.105 dst IP=172.16.20.15 -> MAC=52:54:05:00:00:bb
2018-11-28 09:04:02,821 INFO ARP resolved successfully for port 1
2018-11-28 09:04:02,923 INFO Port 0: dst MAC ['52:54:00:00:00:aa', '52:54:01:00:00:aa', '52:54:02:00:00:aa', '52:54:03:00:00:aa', '52:54:04:00:00:aa', '52:54:05:00:00:aa']
2018-11-28 09:04:02,923 INFO Port 1: dst MAC ['52:54:00:00:00:bb', '52:54:01:00:00:bb', '52:54:02:00:00:bb', '52:54:03:00:00:bb', '52:54:04:00:00:bb', '52:54:05:00:00:bb']
2018-11-28 09:04:02,923 INFO Starting traffic generator to ensure end-to-end connectivity
2018-11-28 09:04:02,959 INFO Created 6 traffic streams for port 0.
2018-11-28 09:04:02,962 INFO Created 6 traffic streams for port 1.
2018-11-28 09:04:03,076 INFO Captured unique src mac 0/12, capturing return packets (retry 1/100)...
2018-11-28 09:04:05,199 INFO Received packet from mac: 52:54:03:00:00:bb (chain=3, port=1)
2018-11-28 09:04:05,199 INFO Received packet from mac: 52:54:00:00:00:bb (chain=0, port=1)
2018-11-28 09:04:05,199 INFO Received packet from mac: 52:54:02:00:00:bb (chain=2, port=1)
2018-11-28 09:04:05,199 INFO Received packet from mac: 52:54:05:00:00:bb (chain=5, port=1)
2018-11-28 09:04:05,199 INFO Received packet from mac: 52:54:01:00:00:bb (chain=1, port=1)
2018-11-28 09:04:05,199 INFO Received packet from mac: 52:54:04:00:00:bb (chain=4, port=1)
2018-11-28 09:04:05,199 INFO Received packet from mac: 52:54:00:00:00:aa (chain=0, port=0)
2018-11-28 09:04:05,199 INFO Received packet from mac: 52:54:01:00:00:aa (chain=1, port=0)
2018-11-28 09:04:05,199 INFO Received packet from mac: 52:54:02:00:00:aa (chain=2, port=0)
2018-11-28 09:04:05,199 INFO Received packet from mac: 52:54:03:00:00:aa (chain=3, port=0)
2018-11-28 09:04:05,199 INFO Received packet from mac: 52:54:04:00:00:aa (chain=4, port=0)
2018-11-28 09:04:05,199 INFO Received packet from mac: 52:54:05:00:00:aa (chain=5, port=0)
2018-11-28 09:04:05,199 INFO End-to-end connectivity established
2018-11-28 09:04:05,219 INFO Cleared all existing streams
2018-11-28 09:04:05,263 INFO Created 12 traffic streams for port 0.
2018-11-28 09:04:05,270 INFO Created 12 traffic streams for port 1.
2018-11-28 09:04:05,270 INFO *** Searching NDR for 64 (Bidirectional)...
2018-11-28 09:04:05,270 INFO Range search [0.0 .. 200.0] targets: {'ndr': 0.001}
2018-11-28 09:04:05,270 INFO Modified traffic stream for port 0, new rate=100.0%.
2018-11-28 09:04:05,270 INFO Modified traffic stream for port 1, new rate=100.0%.
2018-11-28 09:04:05,271 INFO Running traffic generator


2018-11-28 09:04:12 - [local][warning]   - [1mCPU util. is high: 87.9%[22m
2018-11-28 09:04:15,301 INFO TX: 383306839; RX: 54301379; Est. Dropped: 329005460; Est. Drop rate: 85.8334%
2018-11-28 09:04:25,325 INFO TX: 771597242; RX: 108665027; Est. Dropped: 662932215; Est. Drop rate: 85.9169%
2018-11-28 09:04:35,315 INFO TX: 1159461274; RX: 162806908; Est. Dropped: 996654366; Est. Drop rate: 85.9584%
2018-11-28 09:04:37,325 INFO WARNING: There is a significant difference between requested TX rate (74404760) and actual TX rate (38648709). The traffic generator may not have sufficient CPU to achieve the requested TX rate.
2018-11-28 09:04:37,325 INFO Average drop rate: 85.958401
2018-11-28 09:04:37,325 INFO Range search [0.0 .. 100.0] targets: {'ndr': 0.001}
2018-11-28 09:04:37,325 INFO Modified traffic stream for port 0, new rate=50.0%.
2018-11-28 09:04:37,325 INFO Modified traffic stream for port 1, new rate=50.0%.
2018-11-28 09:04:37,326 INFO Running traffic generator
2018-11-28 09:04:47,357 INFO TX: 372377843; RX: 54334055; Est. Dropped: 318043788; Est. Drop rate: 85.4089%
2018-11-28 09:04:57,375 INFO TX: 745087797; RX: 108704359; Est. Dropped: 636383438; Est. Drop rate: 85.4105%
2018-11-28 09:05:07,363 INFO TX: 1116050928; RX: 162824686; Est. Dropped: 953226242; Est. Drop rate: 85.4106%
2018-11-28 09:05:09,373 INFO Average drop rate: 85.410640
2018-11-28 09:05:09,373 INFO Range search [0.0 .. 50.0] targets: {'ndr': 0.001}
2018-11-28 09:05:09,373 INFO Modified traffic stream for port 0, new rate=25.0%.
2018-11-28 09:05:09,373 INFO Modified traffic stream for port 1, new rate=25.0%.
2018-11-28 09:05:09,373 INFO Running traffic generator
2018-11-28 09:05:19,405 INFO TX: 186202666; RX: 54244648; Est. Dropped: 131958018; Est. Drop rate: 70.8680%
2018-11-28 09:05:29,422 INFO TX: 372568988; RX: 108538057; Est. Dropped: 264030931; Est. Drop rate: 70.8677%
2018-11-28 09:05:39,416 INFO TX: 558033012; RX: 162576391; Est. Dropped: 395456621; Est. Drop rate: 70.8662%
2018-11-28 09:05:41,426 INFO Average drop rate: 70.866170
2018-11-28 09:05:41,426 INFO Range search [0.0 .. 25.0] targets: {'ndr': 0.001}
2018-11-28 09:05:41,427 INFO Modified traffic stream for port 0, new rate=12.5%.
2018-11-28 09:05:41,427 INFO Modified traffic stream for port 1, new rate=12.5%.
2018-11-28 09:05:41,427 INFO Running traffic generator
2018-11-28 09:05:51,459 INFO TX: 93098044; RX: 54313754; Est. Dropped: 38784290; Est. Drop rate: 41.6596%
2018-11-28 09:06:01,477 INFO TX: 186276122; RX: 108651034; Est. Dropped: 77625088; Est. Drop rate: 41.6721%
2018-11-28 09:06:11,469 INFO TX: 279017028; RX: 162744354; Est. Dropped: 116272674; Est. Drop rate: 41.6723%
2018-11-28 09:06:13,479 INFO Average drop rate: 41.672250
2018-11-28 09:06:13,479 INFO Range search [0.0 .. 12.5] targets: {'ndr': 0.001}
2018-11-28 09:06:13,479 INFO Modified traffic stream for port 0, new rate=6.25%.
2018-11-28 09:06:13,479 INFO Modified traffic stream for port 1, new rate=6.25%.
2018-11-28 09:06:13,480 INFO Running traffic generator
2018-11-28 09:06:23,510 INFO TX: 46548712; RX: 46548428; Est. Dropped: 284; Est. Drop rate: 0.0006%
2018-11-28 09:06:33,529 INFO TX: 93140216; RX: 93139886; Est. Dropped: 330; Est. Drop rate: 0.0004%
2018-11-28 09:06:43,520 INFO TX: 139508496; RX: 139508496; Est. Dropped: 0; Est. Drop rate: 0.0000%
2018-11-28 09:06:45,531 INFO Average drop rate: 0.000000
2018-11-28 09:06:45,531 INFO Range search [6.25 .. 12.5] targets: {'ndr': 0.001}
2018-11-28 09:06:45,531 INFO Modified traffic stream for port 0, new rate=9.375%.
2018-11-28 09:06:45,531 INFO Modified traffic stream for port 1, new rate=9.375%.
2018-11-28 09:06:45,531 INFO Running traffic generator
2018-11-28 09:06:55,571 INFO TX: 69820298; RX: 54226296; Est. Dropped: 15594002; Est. Drop rate: 22.3345%
2018-11-28 09:07:05,590 INFO TX: 139709266; RX: 108499320; Est. Dropped: 31209946; Est. Drop rate: 22.3392%
2018-11-28 09:07:15,582 INFO TX: 209264028; RX: 162514230; Est. Dropped: 46749798; Est. Drop rate: 22.3401%
2018-11-28 09:07:17,593 INFO Average drop rate: 22.340102
2018-11-28 09:07:17,593 INFO Range search [6.25 .. 9.375] targets: {'ndr': 0.001}
2018-11-28 09:07:17,593 INFO Modified traffic stream for port 0, new rate=7.8125%.
2018-11-28 09:07:17,593 INFO Modified traffic stream for port 1, new rate=7.8125%.
2018-11-28 09:07:17,593 INFO Running traffic generator
2018-11-28 09:07:27,615 INFO TX: 58132436; RX: 54121290; Est. Dropped: 4011146; Est. Drop rate: 6.9000%
2018-11-28 09:07:37,634 INFO TX: 116371589; RX: 108344650; Est. Dropped: 8026939; Est. Drop rate: 6.8977%
2018-11-28 09:07:47,635 INFO TX: 174386508; RX: 162355184; Est. Dropped: 12031324; Est. Drop rate: 6.8992%
2018-11-28 09:07:49,645 INFO Average drop rate: 6.899229
2018-11-28 09:07:49,645 INFO Range search [6.25 .. 7.8125] targets: {'ndr': 0.001}
2018-11-28 09:07:49,646 INFO Modified traffic stream for port 0, new rate=7.03125%.
2018-11-28 09:07:49,646 INFO Modified traffic stream for port 1, new rate=7.03125%.
2018-11-28 09:07:49,646 INFO Running traffic generator
2018-11-28 09:07:59,686 INFO TX: 52366214; RX: 52365346; Est. Dropped: 868; Est. Drop rate: 0.0017%
2018-11-28 09:08:09,704 INFO TX: 104780950; RX: 104779890; Est. Dropped: 1060; Est. Drop rate: 0.0010%
2018-11-28 09:08:19,696 INFO TX: 156947352; RX: 156947352; Est. Dropped: 0; Est. Drop rate: 0.0000%
2018-11-28 09:08:21,707 INFO Average drop rate: 0.000000
2018-11-28 09:08:21,707 INFO Range search [7.03125 .. 7.8125] targets: {'ndr': 0.001}
2018-11-28 09:08:21,707 INFO Modified traffic stream for port 0, new rate=7.421875%.
2018-11-28 09:08:21,707 INFO Modified traffic stream for port 1, new rate=7.421875%.
2018-11-28 09:08:21,707 INFO Running traffic generator
2018-11-28 09:08:31,746 INFO TX: 55277558; RX: 54462298; Est. Dropped: 815260; Est. Drop rate: 1.4748%
2018-11-28 09:08:41,763 INFO TX: 110597152; RX: 108866906; Est. Dropped: 1730246; Est. Drop rate: 1.5645%
2018-11-28 09:08:51,757 INFO TX: 165667116; RX: 163022364; Est. Dropped: 2644752; Est. Drop rate: 1.5964%
2018-11-28 09:08:53,768 INFO Average drop rate: 1.596425
2018-11-28 09:08:53,768 INFO Range search [7.03125 .. 7.421875] targets: {'ndr': 0.001}
2018-11-28 09:08:53,768 INFO Modified traffic stream for port 0, new rate=7.2265625%.
2018-11-28 09:08:53,768 INFO Modified traffic stream for port 1, new rate=7.2265625%.
2018-11-28 09:08:53,768 INFO Running traffic generator
2018-11-28 09:09:03,807 INFO TX: 53819012; RX: 53814411; Est. Dropped: 4601; Est. Drop rate: 0.0085%
2018-11-28 09:09:13,826 INFO TX: 107691974; RX: 107687143; Est. Dropped: 4831; Est. Drop rate: 0.0045%
2018-11-28 09:09:23,817 INFO TX: 161307516; RX: 161301420; Est. Dropped: 6096; Est. Drop rate: 0.0038%
2018-11-28 09:09:25,828 INFO Average drop rate: 0.003779
2018-11-28 09:09:25,828 INFO Range search [7.03125 .. 7.2265625] targets: {'ndr': 0.001}
2018-11-28 09:09:25,828 INFO Modified traffic stream for port 0, new rate=7.12890625%.
2018-11-28 09:09:25,828 INFO Modified traffic stream for port 1, new rate=7.12890625%.
2018-11-28 09:09:25,828 INFO Running traffic generator
2018-11-28 09:09:35,868 INFO TX: 53090940; RX: 53047034; Est. Dropped: 43906; Est. Drop rate: 0.0827%
2018-11-28 09:09:45,887 INFO TX: 106235664; RX: 106191582; Est. Dropped: 44082; Est. Drop rate: 0.0415%
2018-11-28 09:09:55,878 INFO TX: 159127188; RX: 159084172; Est. Dropped: 43016; Est. Drop rate: 0.0270%
2018-11-28 09:09:57,889 INFO Average drop rate: 0.027032
2018-11-28 09:09:57,889 INFO Range search [7.03125 .. 7.12890625] targets: {'ndr': 0.001}
2018-11-28 09:09:57,889 INFO Found ndr (0.001) load: 7.03125
2018-11-28 09:09:57,889 INFO NDR load: 14.0625
2018-11-28 09:09:57,889 INFO Service chain 'EXT' run completed.
2018-11-28 09:09:57,889 INFO Clean up skipped.
2018-11-28 09:09:57,925 INFO Saving results in json file: /tmp/nfvbench/csc_6c1n_ndr-1.json...
2018-11-28 09:09:57,928 INFO 
========== NFVBench Summary ==========
Date: 2018-11-28 09:04:02
NFVBench version 2.0.5
Openstack Neutron:
  vSwitch: 
  Encapsulation: 
Benchmarks:
> Networks:
  > Components:
    > Traffic Generator:
        Profile: trex-local
        Tool: TRex
    > Versions:
      > Traffic_Generator:
          build_date: Nov 13 2017
          version: v2.32
          built_by: hhaim
          mode: STL
          build_time: 10:58:17
  > Measurement Parameters:
      NDR: 0.001
  > Service chain:
    > EXT:
      > Traffic:
          Profile: traffic_profile_64B
          Bidirectional: True
          Flow count: 1024
          Service chains count: 6
          Compute nodes: []
            
            Run Summary:
            
              +-----+-----------------+------------------+------------------+-----------------+----------------------+----------------------+----------------------+
              |  -  |   L2 Frame Size |  Rate (fwd+rev)  |  Rate (fwd+rev)  |  Avg Drop Rate  |   Avg Latency (usec) |   Min Latency (usec) |   Max Latency (usec) |
              +=====+=================+==================+==================+=================+======================+======================+======================+
              | NDR |              64 |   3.5156 Gbps    |  5,231,584 pps   |     0.0000%     |                  239 |                   10 |                  399 |
              +-----+-----------------+------------------+------------------+-----------------+----------------------+----------------------+----------------------+
              
            
            L2 frame size: 64
            NDR search duration: 353 seconds
            

