2018-11-21 12:49:47,613 INFO Loading configuration file: /tmp/nfvbench/nfvbench_config.cfg
2018-11-21 12:49:47,644 INFO EXT chain with OpenStack mode disabled
2018-11-21 12:49:47,644 INFO -c /tmp/nfvbench/nfvbench_config.cfg --rate 18500000pps --flow-count 1024 --duration 30 --json /tmp/nfvbench/csp_1c1n_18500000pps-1.json
2018-11-21 12:49:47,646 INFO Connecting to TRex (127.0.0.1)...
2018-11-21 12:49:47,781 INFO Connected to TRex
2018-11-21 12:49:47,781 INFO    Port 0: Device 158b speed=25Gbps mac=3c:fd:fe:bd:f8:60 pci=0000:3b:00.0 driver=net_i40e
2018-11-21 12:49:47,781 INFO    Port 1: Device 158b speed=25Gbps mac=3c:fd:fe:bd:f8:61 pci=0000:3b:00.1 driver=net_i40e
2018-11-21 12:49:47,782 INFO ChainRunner initialized
2018-11-21 12:49:47,783 INFO Starting 1xEXT benchmark...
2018-11-21 12:49:47,888 INFO Polling ARP until successful...
2018-11-21 12:49:48,016 INFO    ARP: port=0 chain=0 src IP=172.16.10.100 dst IP=172.16.10.10 -> MAC=52:54:00:00:00:aa
2018-11-21 12:49:48,016 INFO ARP resolved successfully for port 0
2018-11-21 12:49:48,144 INFO    ARP: port=1 chain=0 src IP=172.16.20.100 dst IP=172.16.20.10 -> MAC=52:54:00:00:00:bb
2018-11-21 12:49:48,144 INFO ARP resolved successfully for port 1
2018-11-21 12:49:48,246 INFO Port 0: dst MAC ['52:54:00:00:00:aa']
2018-11-21 12:49:48,246 INFO Port 1: dst MAC ['52:54:00:00:00:bb']
2018-11-21 12:49:48,246 INFO Starting traffic generator to ensure end-to-end connectivity
2018-11-21 12:49:48,252 INFO Created 1 traffic streams for port 0.
2018-11-21 12:49:48,254 INFO Created 1 traffic streams for port 1.
2018-11-21 12:49:48,362 INFO Captured unique src mac 0/2, capturing return packets (retry 1/100)...
2018-11-21 12:49:50,484 INFO Received packet from mac: 52:54:00:00:00:aa (chain=0, port=0)
2018-11-21 12:49:50,484 INFO Received packet from mac: 52:54:00:00:00:bb (chain=0, port=1)
2018-11-21 12:49:50,484 INFO End-to-end connectivity established
2018-11-21 12:49:50,501 INFO Cleared all existing streams
2018-11-21 12:49:50,510 INFO Created 2 traffic streams for port 0.
2018-11-21 12:49:50,511 INFO Created 2 traffic streams for port 1.
2018-11-21 12:49:50,512 INFO Starting to generate traffic...
2018-11-21 12:49:50,512 INFO Running traffic generator
2018-11-21 12:50:00,532 INFO TX: 185186251; RX: 63066196; Est. Dropped: 122120055; Est. Drop rate: 65.9445%
2018-11-21 12:50:10,545 INFO TX: 370436515; RX: 126149204; Est. Dropped: 244287311; Est. Drop rate: 65.9458%
2018-11-21 12:50:20,542 INFO TX: 554999878; RX: 189005497; Est. Dropped: 365994381; Est. Drop rate: 65.9449%
2018-11-21 12:50:20,542 INFO ...traffic generating ended.
2018-11-21 12:50:20,546 INFO Service chain 'EXT' run completed.
2018-11-21 12:50:20,546 INFO Clean up skipped.
2018-11-21 12:50:20,573 INFO Saving results in json file: /tmp/nfvbench/csp_1c1n_18500000pps-1.json...
2018-11-21 12:50:20,579 INFO 
========== NFVBench Summary ==========
Date: 2018-11-21 12:49:47
NFVBench version 2.0.5
Openstack Neutron:
  vSwitch: 
  Encapsulation: 
Benchmarks:
> Networks:
  > Components:
    > Traffic Generator:
        Profile: trex-local
        Tool: TRex
    > Versions:
      > Traffic_Generator:
          build_date: Nov 13 2017
          version: v2.32
          built_by: hhaim
          mode: STL
          build_time: 10:58:17
  > Service chain:
    > EXT:
      > Traffic:
          Profile: traffic_profile_64B
          Bidirectional: True
          Flow count: 1024
          Service chains count: 1
          Compute nodes: []
            
            Run Summary:
            
              +-----------------+-------------+----------------------+----------------------+----------------------+
              |   L2 Frame Size |  Drop Rate  |   Avg Latency (usec) |   Min Latency (usec) |   Max Latency (usec) |
              +=================+=============+======================+======================+======================+
              |              64 |  65.9449%   |                  514 |                   10 |                  553 |
              +-----------------+-------------+----------------------+----------------------+----------------------+
              
            
            L2 frame size: 64
            
            Run Config:
            
              +-------------+---------------------------+------------------------+-----------------+---------------------------+------------------------+-----------------+
              |  Direction  |  Requested TX Rate (bps)  |  Actual TX Rate (bps)  |  RX Rate (bps)  |  Requested TX Rate (pps)  |  Actual TX Rate (pps)  |  RX Rate (pps)  |
              +=============+===========================+========================+=================+===========================+========================+=================+
              |   Forward   |        6.2160 Gbps        |      6.2160 Gbps       |   2.1169 Gbps   |       9,250,000 pps       |     9,249,997 pps      |  3,150,090 pps  |
              +-------------+---------------------------+------------------------+-----------------+---------------------------+------------------------+-----------------+
              |   Reverse   |        6.2160 Gbps        |      6.2160 Gbps       |   2.1169 Gbps   |       9,250,000 pps       |     9,249,997 pps      |  3,150,092 pps  |
              +-------------+---------------------------+------------------------+-----------------+---------------------------+------------------------+-----------------+
              |    Total    |       12.4320 Gbps        |      12.4320 Gbps      |   4.2337 Gbps   |      18,500,000 pps       |     18,499,994 pps     |  6,300,182 pps  |
              +-------------+---------------------------+------------------------+-----------------+---------------------------+------------------------+-----------------+
              
            Forward Chain Packet Counters and Latency:
            
              +---------+--------------+--------------------------+------------+------------+------------+
              |   Chain |  TRex.TX.p0  |        TRex.RX.p1        |  Avg lat.  |  Min lat.  |  Max lat.  |
              +=========+==============+==========================+============+============+============+
              |       0 | 277,499,939  | -182,997,211 (-65.9450%) |  517 usec  |  10 usec   |  553 usec  |
              +---------+--------------+--------------------------+------------+------------+------------+
              
            Reverse Chain Packet Counters and Latency:
            
              +---------+--------------+--------------------------+------------+------------+------------+
              |   Chain |  TRex.TX.p1  |        TRex.RX.p0        |  Avg lat.  |  Min lat.  |  Max lat.  |
              +=========+==============+==========================+============+============+============+
              |       0 | 277,499,939  | -182,997,170 (-65.9449%) |  513 usec  |  90 usec   |  546 usec  |
              +---------+--------------+--------------------------+------------+------------+------------+
              

