2018-11-27 10:39:36,276 INFO Loading configuration file: /tmp/nfvbench/nfvbench_config.cfg
2018-11-27 10:39:36,308 INFO EXT chain with OpenStack mode disabled
2018-11-27 10:39:36,308 INFO -c /tmp/nfvbench/nfvbench_config.cfg --rate 18500000pps --flow-count 1024 --duration 30 --json /tmp/nfvbench/csp_2c2n_18500000pps-1.json
2018-11-27 10:39:36,309 INFO Connecting to TRex (127.0.0.1)...
2018-11-27 10:39:36,447 INFO Connected to TRex
2018-11-27 10:39:36,447 INFO    Port 0: Device 158b speed=25Gbps mac=3c:fd:fe:bd:f8:60 pci=0000:3b:00.0 driver=net_i40e
2018-11-27 10:39:36,447 INFO    Port 1: Device 158b speed=25Gbps mac=3c:fd:fe:bd:f8:61 pci=0000:3b:00.1 driver=net_i40e
2018-11-27 10:39:36,448 INFO ChainRunner initialized
2018-11-27 10:39:36,449 INFO Starting 2xEXT benchmark...
2018-11-27 10:39:36,554 INFO Polling ARP until successful...
2018-11-27 10:39:36,666 INFO    ARP: port=0 chain=0 src IP=172.16.10.100 dst IP=172.16.10.10 -> MAC=52:54:00:00:00:aa
2018-11-27 10:39:36,666 INFO    ARP: port=0 chain=1 src IP=172.16.10.101 dst IP=172.16.10.11 -> MAC=52:54:01:00:00:aa
2018-11-27 10:39:36,666 INFO ARP resolved successfully for port 0
2018-11-27 10:39:36,777 INFO    ARP: port=1 chain=0 src IP=172.16.20.100 dst IP=172.16.20.10 -> MAC=52:54:00:00:00:bb
2018-11-27 10:39:36,777 INFO    ARP: port=1 chain=1 src IP=172.16.20.101 dst IP=172.16.20.11 -> MAC=52:54:01:00:00:bb
2018-11-27 10:39:36,777 INFO ARP resolved successfully for port 1
2018-11-27 10:39:36,879 INFO Port 0: dst MAC ['52:54:00:00:00:aa', '52:54:01:00:00:aa']
2018-11-27 10:39:36,879 INFO Port 1: dst MAC ['52:54:00:00:00:bb', '52:54:01:00:00:bb']
2018-11-27 10:39:36,879 INFO Starting traffic generator to ensure end-to-end connectivity
2018-11-27 10:39:36,892 INFO Created 2 traffic streams for port 0.
2018-11-27 10:39:36,893 INFO Created 2 traffic streams for port 1.
2018-11-27 10:39:37,003 INFO Captured unique src mac 0/4, capturing return packets (retry 1/100)...
2018-11-27 10:39:39,125 INFO Received packet from mac: 52:54:01:00:00:bb (chain=1, port=1)
2018-11-27 10:39:39,125 INFO Received packet from mac: 52:54:00:00:00:bb (chain=0, port=1)
2018-11-27 10:39:39,125 INFO Received packet from mac: 52:54:00:00:00:aa (chain=0, port=0)
2018-11-27 10:39:39,125 INFO Received packet from mac: 52:54:01:00:00:aa (chain=1, port=0)
2018-11-27 10:39:39,125 INFO End-to-end connectivity established
2018-11-27 10:39:39,143 INFO Cleared all existing streams
2018-11-27 10:39:39,159 INFO Created 4 traffic streams for port 0.
2018-11-27 10:39:39,162 INFO Created 4 traffic streams for port 1.
2018-11-27 10:39:39,162 INFO Starting to generate traffic...
2018-11-27 10:39:39,162 INFO Running traffic generator
2018-11-27 10:39:49,186 INFO TX: 185198996; RX: 55168100; Est. Dropped: 130030896; Est. Drop rate: 70.2114%
2018-11-27 10:39:59,200 INFO TX: 370468088; RX: 111162344; Est. Dropped: 259305744; Est. Drop rate: 69.9941%
2018-11-27 10:40:09,196 INFO TX: 554991204; RX: 166819810; Est. Dropped: 388171394; Est. Drop rate: 69.9419%
2018-11-27 10:40:09,196 INFO ...traffic generating ended.
2018-11-27 10:40:09,201 INFO Service chain 'EXT' run completed.
2018-11-27 10:40:09,201 INFO Clean up skipped.
2018-11-27 10:40:09,226 INFO Saving results in json file: /tmp/nfvbench/csp_2c2n_18500000pps-1.json...
2018-11-27 10:40:09,233 INFO 
========== NFVBench Summary ==========
Date: 2018-11-27 10:39:36
NFVBench version 2.0.5
Openstack Neutron:
  vSwitch: 
  Encapsulation: 
Benchmarks:
> Networks:
  > Components:
    > Traffic Generator:
        Profile: trex-local
        Tool: TRex
    > Versions:
      > Traffic_Generator:
          build_date: Nov 13 2017
          version: v2.32
          built_by: hhaim
          mode: STL
          build_time: 10:58:17
  > Service chain:
    > EXT:
      > Traffic:
          Profile: traffic_profile_64B
          Bidirectional: True
          Flow count: 1024
          Service chains count: 2
          Compute nodes: []
            
            Run Summary:
            
              +-----------------+-------------+----------------------+----------------------+----------------------+
              |   L2 Frame Size |  Drop Rate  |   Avg Latency (usec) |   Min Latency (usec) |   Max Latency (usec) |
              +=================+=============+======================+======================+======================+
              |              64 |  69.9419%   |                  572 |                   10 |                  645 |
              +-----------------+-------------+----------------------+----------------------+----------------------+
              
            
            L2 frame size: 64
            
            Run Config:
            
              +-------------+---------------------------+------------------------+-----------------+---------------------------+------------------------+-----------------+
              |  Direction  |  Requested TX Rate (bps)  |  Actual TX Rate (bps)  |  RX Rate (bps)  |  Requested TX Rate (pps)  |  Actual TX Rate (pps)  |  RX Rate (pps)  |
              +=============+===========================+========================+=================+===========================+========================+=================+
              |   Forward   |        6.2160 Gbps        |      6.2159 Gbps       |   1.8682 Gbps   |       9,250,000 pps       |     9,249,853 pps      |  2,780,042 pps  |
              +-------------+---------------------------+------------------------+-----------------+---------------------------+------------------------+-----------------+
              |   Reverse   |        6.2160 Gbps        |      6.2159 Gbps       |   1.8686 Gbps   |       9,250,000 pps       |     9,249,853 pps      |  2,780,617 pps  |
              +-------------+---------------------------+------------------------+-----------------+---------------------------+------------------------+-----------------+
              |    Total    |       12.4320 Gbps        |      12.4318 Gbps      |   3.7368 Gbps   |      18,500,000 pps       |     18,499,706 pps     |  5,560,659 pps  |
              +-------------+---------------------------+------------------------+-----------------+---------------------------+------------------------+-----------------+
              
            Forward Chain Packet Counters and Latency:
            
              +---------+--------------+--------------------------+------------+------------+------------+
              |  Chain  |  TRex.TX.p0  |        TRex.RX.p1        |  Avg lat.  |  Min lat.  |  Max lat.  |
              +=========+==============+==========================+============+============+============+
              |    0    | 138,747,801  | -97,047,403 (-69.9452%)  |  580 usec  |  100 usec  |  636 usec  |
              +---------+--------------+--------------------------+------------+------------+------------+
              |    1    | 138,747,801  | -97,046,928 (-69.9448%)  |  587 usec  |  10 usec   |  645 usec  |
              +---------+--------------+--------------------------+------------+------------+------------+
              |  total  | 277,495,602  | -194,094,331 (-69.9450%) |  584 usec  |  10 usec   |  645 usec  |
              +---------+--------------+--------------------------+------------+------------+------------+
              
            Reverse Chain Packet Counters and Latency:
            
              +---------+--------------+--------------------------+------------+------------+------------+
              |  Chain  |  TRex.TX.p1  |        TRex.RX.p0        |  Avg lat.  |  Min lat.  |  Max lat.  |
              +=========+==============+==========================+============+============+============+
              |    0    | 138,747,801  | -97,038,436 (-69.9387%)  |  557 usec  |  20 usec   |  636 usec  |
              +---------+--------------+--------------------------+------------+------------+------------+
              |    1    | 138,747,801  | -97,038,627 (-69.9389%)  |  565 usec  |  20 usec   |  644 usec  |
              +---------+--------------+--------------------------+------------+------------+------------+
              |  total  | 277,495,602  | -194,077,063 (-69.9388%) |  561 usec  |  20 usec   |  644 usec  |
              +---------+--------------+--------------------------+------------+------------+------------+
              

