2018-11-27 12:47:15,585 INFO Loading configuration file: /tmp/nfvbench/nfvbench_config.cfg
2018-11-27 12:47:15,616 INFO EXT chain with OpenStack mode disabled
2018-11-27 12:47:15,616 INFO -c /tmp/nfvbench/nfvbench_config.cfg --rate 18500000pps --flow-count 1024 --duration 30 --json /tmp/nfvbench/vsc_2c8n_18500000pps-1.json
2018-11-27 12:47:15,618 INFO Connecting to TRex (127.0.0.1)...
2018-11-27 12:47:15,654 INFO Connected to TRex
2018-11-27 12:47:15,654 INFO    Port 0: Device 158b speed=25Gbps mac=3c:fd:fe:bd:f8:60 pci=0000:3b:00.0 driver=net_i40e
2018-11-27 12:47:15,654 INFO    Port 1: Device 158b speed=25Gbps mac=3c:fd:fe:bd:f8:61 pci=0000:3b:00.1 driver=net_i40e
2018-11-27 12:47:15,655 INFO ChainRunner initialized
2018-11-27 12:47:15,656 INFO Starting 2xEXT benchmark...
2018-11-27 12:47:15,760 INFO Polling ARP until successful...
2018-11-27 12:47:15,974 INFO    ARP: port=0 chain=0 src IP=172.16.10.100 dst IP=172.16.10.10 -> MAC=52:54:00:00:00:aa
2018-11-27 12:47:15,974 INFO    ARP: port=0 chain=1 src IP=172.16.10.101 dst IP=172.16.10.11 -> MAC=52:54:01:00:00:aa
2018-11-27 12:47:15,974 INFO ARP resolved successfully for port 0
2018-11-27 12:47:16,183 INFO    ARP: port=1 chain=0 src IP=172.16.20.100 dst IP=172.16.20.10 -> MAC=52:54:00:00:00:bb
2018-11-27 12:47:16,183 INFO    ARP: port=1 chain=1 src IP=172.16.20.101 dst IP=172.16.20.11 -> MAC=52:54:01:00:00:bb
2018-11-27 12:47:16,183 INFO ARP resolved successfully for port 1
2018-11-27 12:47:16,285 INFO Port 0: dst MAC ['52:54:00:00:00:aa', '52:54:01:00:00:aa']
2018-11-27 12:47:16,285 INFO Port 1: dst MAC ['52:54:00:00:00:bb', '52:54:01:00:00:bb']
2018-11-27 12:47:16,285 INFO Starting traffic generator to ensure end-to-end connectivity
2018-11-27 12:47:16,298 INFO Created 2 traffic streams for port 0.
2018-11-27 12:47:16,300 INFO Created 2 traffic streams for port 1.
2018-11-27 12:47:16,409 INFO Captured unique src mac 0/4, capturing return packets (retry 1/100)...
2018-11-27 12:47:18,584 INFO Received packet from mac: 52:54:00:00:00:bb (chain=0, port=1)
2018-11-27 12:47:18,586 INFO Received packet from mac: 52:54:01:00:00:bb (chain=1, port=1)
2018-11-27 12:47:18,697 INFO Captured unique src mac 2/4, capturing return packets (retry 2/100)...
2018-11-27 12:47:20,873 INFO Received packet from mac: 52:54:01:00:00:aa (chain=1, port=0)
2018-11-27 12:47:20,874 INFO Received packet from mac: 52:54:00:00:00:aa (chain=0, port=0)
2018-11-27 12:47:20,874 INFO End-to-end connectivity established
2018-11-27 12:47:20,891 INFO Cleared all existing streams
2018-11-27 12:47:20,908 INFO Created 4 traffic streams for port 0.
2018-11-27 12:47:20,911 INFO Created 4 traffic streams for port 1.
2018-11-27 12:47:20,911 INFO Starting to generate traffic...
2018-11-27 12:47:20,911 INFO Running traffic generator
2018-11-27 12:47:30,933 INFO TX: 185186958; RX: 784896; Est. Dropped: 184402062; Est. Drop rate: 99.5762%
2018-11-27 12:47:40,946 INFO TX: 370419752; RX: 1575025; Est. Dropped: 368844727; Est. Drop rate: 99.5748%
2018-11-27 12:47:50,940 INFO TX: 554991200; RX: 2537855; Est. Dropped: 552453345; Est. Drop rate: 99.5427%
2018-11-27 12:47:50,940 INFO ...traffic generating ended.
2018-11-27 12:47:50,945 INFO Service chain 'EXT' run completed.
2018-11-27 12:47:50,945 INFO Clean up skipped.
2018-11-27 12:47:50,970 INFO Saving results in json file: /tmp/nfvbench/vsc_2c8n_18500000pps-1.json...
2018-11-27 12:47:50,977 INFO 
========== NFVBench Summary ==========
Date: 2018-11-27 12:47:15
NFVBench version 2.0.5
Openstack Neutron:
  vSwitch: 
  Encapsulation: 
Benchmarks:
> Networks:
  > Components:
    > Traffic Generator:
        Profile: trex-local
        Tool: TRex
    > Versions:
      > Traffic_Generator:
          build_date: Nov 13 2017
          version: v2.32
          built_by: hhaim
          mode: STL
          build_time: 10:58:17
  > Service chain:
    > EXT:
      > Traffic:
          Profile: traffic_profile_64B
          Bidirectional: True
          Flow count: 1024
          Service chains count: 2
          Compute nodes: []
            
            Run Summary:
            
              +-----------------+-------------+----------------------+----------------------+----------------------+
              |   L2 Frame Size |  Drop Rate  |  Avg Latency (usec)  |  Min Latency (usec)  |  Max Latency (usec)  |
              +=================+=============+======================+======================+======================+
              |              64 |  99.5427%   |        34,497        |        2,000         |       229,025        |
              +-----------------+-------------+----------------------+----------------------+----------------------+
              
            
            L2 frame size: 64
            
            Run Config:
            
              +-------------+---------------------------+------------------------+-----------------+---------------------------+------------------------+-----------------+
              |  Direction  |  Requested TX Rate (bps)  |  Actual TX Rate (bps)  |  RX Rate (bps)  |  Requested TX Rate (pps)  |  Actual TX Rate (pps)  |  RX Rate (pps)  |
              +=============+===========================+========================+=================+===========================+========================+=================+
              |   Forward   |        6.2160 Gbps        |      6.2159 Gbps       |  40.3766 Mbps   |       9,250,000 pps       |     9,249,853 pps      |   60,084 pps    |
              +-------------+---------------------------+------------------------+-----------------+---------------------------+------------------------+-----------------+
              |   Reverse   |        6.2160 Gbps        |      6.2159 Gbps       |  16.4713 Mbps   |       9,250,000 pps       |     9,249,853 pps      |   24,510 pps    |
              +-------------+---------------------------+------------------------+-----------------+---------------------------+------------------------+-----------------+
              |    Total    |       12.4320 Gbps        |      12.4318 Gbps      |  56.8480 Mbps   |      18,500,000 pps       |     18,499,706 pps     |   84,594 pps    |
              +-------------+---------------------------+------------------------+-----------------+---------------------------+------------------------+-----------------+
              
            Forward Chain Packet Counters and Latency:
            
              +---------+--------------+--------------------------+-------------+------------+--------------+
              |  Chain  |  TRex.TX.p0  |        TRex.RX.p1        |  Avg lat.   |  Min lat.  |   Max lat.   |
              +=========+==============+==========================+=============+============+==============+
              |    0    | 138,747,800  | -137,849,930 (-99.3529%) | 11,355 usec | 2,000 usec | 61,050 usec  |
              +---------+--------------+--------------------------+-------------+------------+--------------+
              |    1    | 138,747,800  | -137,842,885 (-99.3478%) | 15,312 usec | 3,000 usec | 229,025 usec |
              +---------+--------------+--------------------------+-------------+------------+--------------+
              |  total  | 277,495,600  | -275,692,815 (-99.3503%) | 13,334 usec | 2,000 usec | 229,025 usec |
              +---------+--------------+--------------------------+-------------+------------+--------------+
              
            Reverse Chain Packet Counters and Latency:
            
              +---------+--------------+--------------------------+-------------+------------+-------------+
              |  Chain  |  TRex.TX.p1  |        TRex.RX.p0        |  Avg lat.   |  Min lat.  |  Max lat.   |
              +=========+==============+==========================+=============+============+=============+
              |    0    | 138,747,800  | -138,382,507 (-99.7367%) | 41,523 usec | 3,000 usec | 73,157 usec |
              +---------+--------------+--------------------------+-------------+------------+-------------+
              |    1    | 138,747,800  | -138,377,767 (-99.7333%) | 44,742 usec | 2,000 usec | 65,289 usec |
              +---------+--------------+--------------------------+-------------+------------+-------------+
              |  total  | 277,495,600  | -276,760,274 (-99.7350%) | 43,133 usec | 2,000 usec | 73,157 usec |
              +---------+--------------+--------------------------+-------------+------------+-------------+
              

