2018-11-28 15:21:34,071 INFO Loading configuration file: /tmp/nfvbench/nfvbench_config.cfg
2018-11-28 15:21:34,105 INFO EXT chain with OpenStack mode disabled
2018-11-28 15:21:34,105 INFO -c /tmp/nfvbench/nfvbench_config.cfg --rate ndr --flow-count 1024 --duration 30 --json /tmp/nfvbench/vsc_6c2n_ndr-1.json
2018-11-28 15:21:34,107 INFO Connecting to TRex (127.0.0.1)...
2018-11-28 15:21:34,242 INFO Connected to TRex
2018-11-28 15:21:34,242 INFO    Port 0: Device 158b speed=25Gbps mac=3c:fd:fe:bd:f8:60 pci=0000:3b:00.0 driver=net_i40e
2018-11-28 15:21:34,242 INFO    Port 1: Device 158b speed=25Gbps mac=3c:fd:fe:bd:f8:61 pci=0000:3b:00.1 driver=net_i40e
2018-11-28 15:21:34,243 INFO ChainRunner initialized
2018-11-28 15:21:34,243 INFO Starting 6xEXT benchmark...
2018-11-28 15:21:34,348 INFO Polling ARP until successful...
2018-11-28 15:21:34,561 INFO    ARP: port=0 chain=0 src IP=172.16.10.100 dst IP=172.16.10.10 -> MAC=52:54:00:00:00:aa
2018-11-28 15:21:34,561 INFO    ARP: port=0 chain=1 src IP=172.16.10.101 dst IP=172.16.10.11 -> MAC=52:54:01:00:00:aa
2018-11-28 15:21:34,561 INFO    ARP: port=0 chain=2 src IP=172.16.10.102 dst IP=172.16.10.12 -> MAC=52:54:02:00:00:aa
2018-11-28 15:21:34,561 INFO    ARP: port=0 chain=3 src IP=172.16.10.103 dst IP=172.16.10.13 -> MAC=52:54:03:00:00:aa
2018-11-28 15:21:34,561 INFO    ARP: port=0 chain=4 src IP=172.16.10.104 dst IP=172.16.10.14 -> MAC=52:54:04:00:00:aa
2018-11-28 15:21:34,561 INFO    ARP: port=0 chain=5 src IP=172.16.10.105 dst IP=172.16.10.15 -> MAC=52:54:05:00:00:aa
2018-11-28 15:21:34,561 INFO ARP resolved successfully for port 0
2018-11-28 15:21:34,774 INFO    ARP: port=1 chain=0 src IP=172.16.20.100 dst IP=172.16.20.10 -> MAC=52:54:00:00:00:bb
2018-11-28 15:21:34,774 INFO    ARP: port=1 chain=1 src IP=172.16.20.101 dst IP=172.16.20.11 -> MAC=52:54:01:00:00:bb
2018-11-28 15:21:34,774 INFO    ARP: port=1 chain=2 src IP=172.16.20.102 dst IP=172.16.20.12 -> MAC=52:54:02:00:00:bb
2018-11-28 15:21:34,774 INFO    ARP: port=1 chain=3 src IP=172.16.20.103 dst IP=172.16.20.13 -> MAC=52:54:03:00:00:bb
2018-11-28 15:21:34,774 INFO    ARP: port=1 chain=4 src IP=172.16.20.104 dst IP=172.16.20.14 -> MAC=52:54:04:00:00:bb
2018-11-28 15:21:34,774 INFO    ARP: port=1 chain=5 src IP=172.16.20.105 dst IP=172.16.20.15 -> MAC=52:54:05:00:00:bb
2018-11-28 15:21:34,774 INFO ARP resolved successfully for port 1
2018-11-28 15:21:34,876 INFO Port 0: dst MAC ['52:54:00:00:00:aa', '52:54:01:00:00:aa', '52:54:02:00:00:aa', '52:54:03:00:00:aa', '52:54:04:00:00:aa', '52:54:05:00:00:aa']
2018-11-28 15:21:34,876 INFO Port 1: dst MAC ['52:54:00:00:00:bb', '52:54:01:00:00:bb', '52:54:02:00:00:bb', '52:54:03:00:00:bb', '52:54:04:00:00:bb', '52:54:05:00:00:bb']
2018-11-28 15:21:34,876 INFO Starting traffic generator to ensure end-to-end connectivity
2018-11-28 15:21:34,911 INFO Created 6 traffic streams for port 0.
2018-11-28 15:21:34,914 INFO Created 6 traffic streams for port 1.
2018-11-28 15:21:35,027 INFO Captured unique src mac 0/12, capturing return packets (retry 1/100)...
2018-11-28 15:21:37,202 INFO Received packet from mac: 52:54:02:00:00:bb (chain=2, port=1)
2018-11-28 15:21:37,204 INFO Received packet from mac: 52:54:03:00:00:bb (chain=3, port=1)
2018-11-28 15:21:37,318 INFO Captured unique src mac 2/12, capturing return packets (retry 2/100)...
2018-11-28 15:21:39,494 INFO Received packet from mac: 52:54:01:00:00:bb (chain=1, port=1)
2018-11-28 15:21:39,610 INFO Captured unique src mac 3/12, capturing return packets (retry 3/100)...
2018-11-28 15:21:41,785 INFO Received packet from mac: 52:54:04:00:00:bb (chain=4, port=1)
2018-11-28 15:21:41,788 INFO Received packet from mac: 52:54:00:00:00:bb (chain=0, port=1)
2018-11-28 15:21:41,899 INFO Captured unique src mac 5/12, capturing return packets (retry 4/100)...
2018-11-28 15:21:44,080 INFO Received packet from mac: 52:54:05:00:00:bb (chain=5, port=1)
2018-11-28 15:21:44,195 INFO Captured unique src mac 6/12, capturing return packets (retry 5/100)...
2018-11-28 15:21:46,489 INFO Captured unique src mac 6/12, capturing return packets (retry 6/100)...
2018-11-28 15:21:48,780 INFO Captured unique src mac 6/12, capturing return packets (retry 7/100)...
2018-11-28 15:21:51,069 INFO Captured unique src mac 6/12, capturing return packets (retry 8/100)...
2018-11-28 15:21:53,358 INFO Captured unique src mac 6/12, capturing return packets (retry 9/100)...
2018-11-28 15:21:55,647 INFO Captured unique src mac 6/12, capturing return packets (retry 10/100)...
2018-11-28 15:21:57,823 INFO Received packet from mac: 52:54:03:00:00:aa (chain=3, port=0)
2018-11-28 15:21:57,939 INFO Captured unique src mac 7/12, capturing return packets (retry 11/100)...
2018-11-28 15:22:00,229 INFO Captured unique src mac 7/12, capturing return packets (retry 12/100)...
2018-11-28 15:22:02,524 INFO Captured unique src mac 7/12, capturing return packets (retry 13/100)...
2018-11-28 15:22:04,705 INFO Received packet from mac: 52:54:04:00:00:aa (chain=4, port=0)
2018-11-28 15:22:04,707 INFO Received packet from mac: 52:54:00:00:00:aa (chain=0, port=0)
2018-11-28 15:22:04,818 INFO Captured unique src mac 9/12, capturing return packets (retry 14/100)...
2018-11-28 15:22:07,107 INFO Captured unique src mac 9/12, capturing return packets (retry 15/100)...
2018-11-28 15:22:09,397 INFO Captured unique src mac 9/12, capturing return packets (retry 16/100)...
2018-11-28 15:22:11,574 INFO Received packet from mac: 52:54:05:00:00:aa (chain=5, port=0)
2018-11-28 15:22:11,577 INFO Received packet from mac: 52:54:01:00:00:aa (chain=1, port=0)
2018-11-28 15:22:11,578 INFO Received packet from mac: 52:54:02:00:00:aa (chain=2, port=0)
2018-11-28 15:22:11,578 INFO End-to-end connectivity established
2018-11-28 15:22:11,598 INFO Cleared all existing streams
2018-11-28 15:22:11,642 INFO Created 12 traffic streams for port 0.
2018-11-28 15:22:11,649 INFO Created 12 traffic streams for port 1.
2018-11-28 15:22:11,649 INFO *** Searching NDR for 64 (Bidirectional)...
2018-11-28 15:22:11,649 INFO Range search [0.0 .. 200.0] targets: {'ndr': 0.001}
2018-11-28 15:22:11,649 INFO Modified traffic stream for port 0, new rate=100.0%.
2018-11-28 15:22:11,649 INFO Modified traffic stream for port 1, new rate=100.0%.
2018-11-28 15:22:11,650 INFO Running traffic generator


2018-11-28 15:22:18 - [local][warning]   - [1mCPU util. is high: 85.3%[22m
2018-11-28 15:22:21,673 INFO TX: 372541452; RX: 4872575; Est. Dropped: 367668877; Est. Drop rate: 98.6921%
2018-11-28 15:22:31,691 INFO TX: 748839346; RX: 9785411; Est. Dropped: 739053935; Est. Drop rate: 98.6933%
2018-11-28 15:22:41,694 INFO TX: 1126793702; RX: 14750320; Est. Dropped: 1112043382; Est. Drop rate: 98.6909%
2018-11-28 15:22:43,705 INFO WARNING: There is a significant difference between requested TX rate (74404760) and actual TX rate (37559790). The traffic generator may not have sufficient CPU to achieve the requested TX rate.
2018-11-28 15:22:43,705 INFO Average drop rate: 98.678728
2018-11-28 15:22:43,705 INFO Range search [0.0 .. 100.0] targets: {'ndr': 0.001}
2018-11-28 15:22:43,705 INFO Modified traffic stream for port 0, new rate=50.0%.
2018-11-28 15:22:43,705 INFO Modified traffic stream for port 1, new rate=50.0%.
2018-11-28 15:22:43,705 INFO Running traffic generator
2018-11-28 15:22:53,736 INFO TX: 372370028; RX: 5104654; Est. Dropped: 367265374; Est. Drop rate: 98.6291%
2018-11-28 15:23:03,754 INFO TX: 745111400; RX: 9813626; Est. Dropped: 735297774; Est. Drop rate: 98.6829%
2018-11-28 15:23:13,745 INFO TX: 1116070692; RX: 14480811; Est. Dropped: 1101589881; Est. Drop rate: 98.7025%
2018-11-28 15:23:15,756 INFO Average drop rate: 98.690247
2018-11-28 15:23:15,756 INFO Range search [0.0 .. 50.0] targets: {'ndr': 0.001}
2018-11-28 15:23:15,756 INFO Modified traffic stream for port 0, new rate=25.0%.
2018-11-28 15:23:15,756 INFO Modified traffic stream for port 1, new rate=25.0%.
2018-11-28 15:23:15,756 INFO Running traffic generator
2018-11-28 15:23:25,795 INFO TX: 186195658; RX: 4589962; Est. Dropped: 181605696; Est. Drop rate: 97.5349%
2018-11-28 15:23:35,814 INFO TX: 372562615; RX: 9710951; Est. Dropped: 362851664; Est. Drop rate: 97.3935%
2018-11-28 15:23:45,805 INFO TX: 558035700; RX: 14508409; Est. Dropped: 543527291; Est. Drop rate: 97.4001%
2018-11-28 15:23:47,815 INFO Average drop rate: 97.374999
2018-11-28 15:23:47,816 INFO Range search [0.0 .. 25.0] targets: {'ndr': 0.001}
2018-11-28 15:23:47,816 INFO Modified traffic stream for port 0, new rate=12.5%.
2018-11-28 15:23:47,816 INFO Modified traffic stream for port 1, new rate=12.5%.
2018-11-28 15:23:47,816 INFO Running traffic generator
2018-11-28 15:23:57,846 INFO TX: 93100014; RX: 5440921; Est. Dropped: 87659093; Est. Drop rate: 94.1558%
2018-11-28 15:24:07,865 INFO TX: 186281980; RX: 10546544; Est. Dropped: 175735436; Est. Drop rate: 94.3384%
2018-11-28 15:24:17,857 INFO TX: 279017820; RX: 15439991; Est. Dropped: 263577829; Est. Drop rate: 94.4663%
2018-11-28 15:24:19,867 INFO Average drop rate: 94.417854
2018-11-28 15:24:19,867 INFO Range search [0.0 .. 12.5] targets: {'ndr': 0.001}
2018-11-28 15:24:19,867 INFO Modified traffic stream for port 0, new rate=6.25%.
2018-11-28 15:24:19,867 INFO Modified traffic stream for port 1, new rate=6.25%.
2018-11-28 15:24:19,867 INFO Running traffic generator
2018-11-28 15:24:29,899 INFO TX: 46550342; RX: 4689576; Est. Dropped: 41860766; Est. Drop rate: 89.9258%
2018-11-28 15:24:39,918 INFO TX: 93146304; RX: 9020786; Est. Dropped: 84125518; Est. Drop rate: 90.3155%
2018-11-28 15:24:49,907 INFO TX: 139508940; RX: 13724103; Est. Dropped: 125784837; Est. Drop rate: 90.1626%
2018-11-28 15:24:51,919 INFO Average drop rate: 90.055776
2018-11-28 15:24:51,919 INFO Range search [0.0 .. 6.25] targets: {'ndr': 0.001}
2018-11-28 15:24:51,919 INFO Modified traffic stream for port 0, new rate=3.125%.
2018-11-28 15:24:51,919 INFO Modified traffic stream for port 1, new rate=3.125%.
2018-11-28 15:24:51,919 INFO Running traffic generator
2018-11-28 15:25:01,952 INFO TX: 23274524; RX: 4069852; Est. Dropped: 19204672; Est. Drop rate: 82.5137%
2018-11-28 15:25:11,968 INFO TX: 46563936; RX: 8048301; Est. Dropped: 38515635; Est. Drop rate: 82.7156%
2018-11-28 15:25:21,963 INFO TX: 69754464; RX: 12128649; Est. Dropped: 57625815; Est. Drop rate: 82.6124%
2018-11-28 15:25:23,975 INFO Average drop rate: 82.411986
2018-11-28 15:25:23,975 INFO Range search [0.0 .. 3.125] targets: {'ndr': 0.001}
2018-11-28 15:25:23,975 INFO Modified traffic stream for port 0, new rate=1.5625%.
2018-11-28 15:25:23,975 INFO Modified traffic stream for port 1, new rate=1.5625%.
2018-11-28 15:25:23,975 INFO Running traffic generator
2018-11-28 15:25:34,010 INFO TX: 11637420; RX: 3384181; Est. Dropped: 8253239; Est. Drop rate: 70.9198%
2018-11-28 15:25:44,030 INFO TX: 23287312; RX: 6771254; Est. Dropped: 16516058; Est. Drop rate: 70.9230%
2018-11-28 15:25:54,020 INFO TX: 34877232; RX: 9837715; Est. Dropped: 25039517; Est. Drop rate: 71.7933%
2018-11-28 15:25:56,032 INFO Average drop rate: 71.356549
2018-11-28 15:25:56,032 INFO Range search [0.0 .. 1.5625] targets: {'ndr': 0.001}
2018-11-28 15:25:56,032 INFO Modified traffic stream for port 0, new rate=0.78125%.
2018-11-28 15:25:56,032 INFO Modified traffic stream for port 1, new rate=0.78125%.
2018-11-28 15:25:56,032 INFO Running traffic generator
2018-11-28 15:26:06,066 INFO TX: 5818625; RX: 2642258; Est. Dropped: 3176367; Est. Drop rate: 54.5896%
2018-11-28 15:26:16,087 INFO TX: 11643304; RX: 5399776; Est. Dropped: 6243528; Est. Drop rate: 53.6233%
2018-11-28 15:26:26,077 INFO TX: 17438628; RX: 8028369; Est. Dropped: 9410259; Est. Drop rate: 53.9622%
2018-11-28 15:26:28,089 INFO Average drop rate: 53.128555
2018-11-28 15:26:28,089 INFO Range search [0.0 .. 0.78125] targets: {'ndr': 0.001}
2018-11-28 15:26:28,089 INFO Modified traffic stream for port 0, new rate=0.390625%.
2018-11-28 15:26:28,089 INFO Modified traffic stream for port 1, new rate=0.390625%.
2018-11-28 15:26:28,089 INFO Running traffic generator
2018-11-28 15:26:38,123 INFO TX: 2909088; RX: 2305185; Est. Dropped: 603903; Est. Drop rate: 20.7592%
2018-11-28 15:26:48,143 INFO TX: 5821632; RX: 4640730; Est. Dropped: 1180902; Est. Drop rate: 20.2847%
2018-11-28 15:26:58,131 INFO TX: 8719320; RX: 6781050; Est. Dropped: 1938270; Est. Drop rate: 22.2296%
2018-11-28 15:27:00,143 INFO Average drop rate: 20.608465
2018-11-28 15:27:00,143 INFO Range search [0.0 .. 0.390625] targets: {'ndr': 0.001}
2018-11-28 15:27:00,143 INFO Modified traffic stream for port 0, new rate=0.1953125%.
2018-11-28 15:27:00,144 INFO Modified traffic stream for port 1, new rate=0.1953125%.
2018-11-28 15:27:00,144 INFO Running traffic generator
2018-11-28 15:27:10,177 INFO TX: 1454610; RX: 2117856; Est. Dropped: -663246; Est. Drop rate: -45.5961%
2018-11-28 15:27:20,197 INFO TX: 2910882; RX: 4118462; Est. Dropped: -1207580; Est. Drop rate: -41.4850%
2018-11-28 15:27:30,184 INFO TX: 4359660; RX: 6167290; Est. Dropped: -1807630; Est. Drop rate: -41.4626%
2018-11-28 15:27:32,200 INFO Average drop rate: -44.714290
2018-11-28 15:27:32,200 INFO Range search [0.1953125 .. 0.390625] targets: {'ndr': 0.001}
2018-11-28 15:27:32,200 INFO Modified traffic stream for port 0, new rate=0.29296875%.
2018-11-28 15:27:32,200 INFO Modified traffic stream for port 1, new rate=0.29296875%.
2018-11-28 15:27:32,200 INFO Running traffic generator
2018-11-28 15:27:42,234 INFO TX: 2181822; RX: 2134768; Est. Dropped: 47054; Est. Drop rate: 2.1566%
2018-11-28 15:27:52,254 INFO TX: 4366230; RX: 4359639; Est. Dropped: 6591; Est. Drop rate: 0.1510%
2018-11-28 15:28:02,243 INFO TX: 6539484; RX: 6419167; Est. Dropped: 120317; Est. Drop rate: 1.8399%
2018-11-28 15:28:04,256 INFO Average drop rate: -0.167949
2018-11-28 15:28:04,256 INFO Range search [0.29296875 .. 0.390625] targets: {'ndr': 0.001}
2018-11-28 15:28:04,256 INFO Found ndr (0.001) load: 0.29296875
2018-11-28 15:28:04,256 INFO NDR load: 0.5859375
2018-11-28 15:28:04,275 INFO Cleared all existing streams
2018-11-28 15:28:04,410 INFO Created 24 traffic streams for port 0.
2018-11-28 15:28:04,424 INFO Created 24 traffic streams for port 1.
2018-11-28 15:28:04,424 INFO *** Searching NDR for IMIX (Bidirectional)...
2018-11-28 15:28:04,424 INFO Range search [0.0 .. 200.0] targets: {'ndr': 0.001}
2018-11-28 15:28:04,425 INFO Modified traffic stream for port 0, new rate=100.0%.
2018-11-28 15:28:04,425 INFO Modified traffic stream for port 1, new rate=100.0%.
2018-11-28 15:28:04,425 INFO Running traffic generator


2018-11-28 15:28:12 - [local][warning]   - [1mCPU util. is high: 88.0%[22m
2018-11-28 15:28:14,456 INFO TX: 145283883; RX: 3840605; Est. Dropped: 141443278; Est. Drop rate: 97.3565%
2018-11-28 15:28:24,474 INFO TX: 290692200; RX: 7439988; Est. Dropped: 283252212; Est. Drop rate: 97.4406%
2018-11-28 15:28:34,470 INFO TX: 435570583; RX: 11029521; Est. Dropped: 424541062; Est. Drop rate: 97.4678%
2018-11-28 15:28:36,481 INFO WARNING: There is a significant difference between requested TX rate (16368398) and actual TX rate (14519019). The traffic generator may not have sufficient CPU to achieve the requested TX rate.
2018-11-28 15:28:36,481 INFO Average drop rate: 97.437441
2018-11-28 15:28:36,481 INFO Range search [0.0 .. 100.0] targets: {'ndr': 0.001}
2018-11-28 15:28:36,481 INFO Modified traffic stream for port 0, new rate=50.0%.
2018-11-28 15:28:36,481 INFO Modified traffic stream for port 1, new rate=50.0%.
2018-11-28 15:28:36,481 INFO Running traffic generator
2018-11-28 15:28:46,513 INFO TX: 81913226; RX: 3816055; Est. Dropped: 78097171; Est. Drop rate: 95.3413%
2018-11-28 15:28:56,532 INFO TX: 163912464; RX: 7318517; Est. Dropped: 156593947; Est. Drop rate: 95.5351%
2018-11-28 15:29:06,526 INFO TX: 245526768; RX: 10856203; Est. Dropped: 234670565; Est. Drop rate: 95.5784%
2018-11-28 15:29:08,537 INFO Average drop rate: 95.522335
2018-11-28 15:29:08,537 INFO Range search [0.0 .. 50.0] targets: {'ndr': 0.001}
2018-11-28 15:29:08,537 INFO Modified traffic stream for port 0, new rate=25.0%.
2018-11-28 15:29:08,537 INFO Modified traffic stream for port 1, new rate=25.0%.
2018-11-28 15:29:08,537 INFO Running traffic generator
2018-11-28 15:29:18,570 INFO TX: 40950996; RX: 3404952; Est. Dropped: 37546044; Est. Drop rate: 91.6853%
2018-11-28 15:29:28,589 INFO TX: 81962314; RX: 7032233; Est. Dropped: 74930081; Est. Drop rate: 91.4202%
2018-11-28 15:29:38,580 INFO TX: 122763792; RX: 10613922; Est. Dropped: 112149870; Est. Drop rate: 91.3542%
2018-11-28 15:29:40,591 INFO Average drop rate: 91.240478
2018-11-28 15:29:40,591 INFO Range search [0.0 .. 25.0] targets: {'ndr': 0.001}
2018-11-28 15:29:40,591 INFO Modified traffic stream for port 0, new rate=12.5%.
2018-11-28 15:29:40,591 INFO Modified traffic stream for port 1, new rate=12.5%.
2018-11-28 15:29:40,592 INFO Running traffic generator
2018-11-28 15:29:50,625 INFO TX: 20482906; RX: 3253609; Est. Dropped: 17229297; Est. Drop rate: 84.1155%
2018-11-28 15:30:00,645 INFO TX: 40984972; RX: 6481369; Est. Dropped: 34503603; Est. Drop rate: 84.1860%
2018-11-28 15:30:10,636 INFO TX: 61382292; RX: 9847713; Est. Dropped: 51534579; Est. Drop rate: 83.9568%
2018-11-28 15:30:12,647 INFO Average drop rate: 83.728877
2018-11-28 15:30:12,647 INFO Range search [0.0 .. 12.5] targets: {'ndr': 0.001}
2018-11-28 15:30:12,647 INFO Modified traffic stream for port 0, new rate=6.25%.
2018-11-28 15:30:12,647 INFO Modified traffic stream for port 1, new rate=6.25%.
2018-11-28 15:30:12,648 INFO Running traffic generator
2018-11-28 15:30:22,682 INFO TX: 10240056; RX: 3120210; Est. Dropped: 7119846; Est. Drop rate: 69.5294%
2018-11-28 15:30:32,702 INFO TX: 20491536; RX: 6245895; Est. Dropped: 14245641; Est. Drop rate: 69.5196%
2018-11-28 15:30:42,692 INFO TX: 30691548; RX: 9112542; Est. Dropped: 21579006; Est. Drop rate: 70.3093%
2018-11-28 15:30:44,704 INFO Average drop rate: 69.823011
2018-11-28 15:30:44,704 INFO Range search [0.0 .. 6.25] targets: {'ndr': 0.001}
2018-11-28 15:30:44,704 INFO Modified traffic stream for port 0, new rate=3.125%.
2018-11-28 15:30:44,704 INFO Modified traffic stream for port 1, new rate=3.125%.
2018-11-28 15:30:44,704 INFO Running traffic generator
2018-11-28 15:30:54,736 INFO TX: 5118564; RX: 2491601; Est. Dropped: 2626963; Est. Drop rate: 51.3223%
2018-11-28 15:31:04,756 INFO TX: 10244390; RX: 4969136; Est. Dropped: 5275254; Est. Drop rate: 51.4941%
2018-11-28 15:31:14,749 INFO TX: 15346176; RX: 7376108; Est. Dropped: 7970068; Est. Drop rate: 51.9352%
2018-11-28 15:31:16,761 INFO Average drop rate: 51.073714
2018-11-28 15:31:16,761 INFO Range search [0.0 .. 3.125] targets: {'ndr': 0.001}
2018-11-28 15:31:16,761 INFO Modified traffic stream for port 0, new rate=1.5625%.
2018-11-28 15:31:16,761 INFO Modified traffic stream for port 1, new rate=1.5625%.
2018-11-28 15:31:16,762 INFO Running traffic generator
2018-11-28 15:31:26,797 INFO TX: 2560332; RX: 2081472; Est. Dropped: 478860; Est. Drop rate: 18.7030%
2018-11-28 15:31:36,818 INFO TX: 5123544; RX: 4162506; Est. Dropped: 961038; Est. Drop rate: 18.7573%
2018-11-28 15:31:46,807 INFO TX: 7673508; RX: 6251079; Est. Dropped: 1422429; Est. Drop rate: 18.5369%
2018-11-28 15:31:48,819 INFO Average drop rate: 16.728503
2018-11-28 15:31:48,819 INFO Range search [0.0 .. 1.5625] targets: {'ndr': 0.001}
2018-11-28 15:31:48,820 INFO Modified traffic stream for port 0, new rate=0.78125%.
2018-11-28 15:31:48,820 INFO Modified traffic stream for port 1, new rate=0.78125%.
2018-11-28 15:31:48,820 INFO Running traffic generator
2018-11-28 15:31:58,856 INFO TX: 1280346; RX: 1804507; Est. Dropped: -524161; Est. Drop rate: -40.9390%
2018-11-28 15:32:08,877 INFO TX: 2562018; RX: 3638895; Est. Dropped: -1076877; Est. Drop rate: -42.0324%
2018-11-28 15:32:18,864 INFO TX: 3837144; RX: 5513481; Est. Dropped: -1676337; Est. Drop rate: -43.6871%
2018-11-28 15:32:20,876 INFO Average drop rate: -47.122287
2018-11-28 15:32:20,877 INFO Range search [0.78125 .. 1.5625] targets: {'ndr': 0.001}
2018-11-28 15:32:20,877 INFO Modified traffic stream for port 0, new rate=1.171875%.
2018-11-28 15:32:20,877 INFO Modified traffic stream for port 1, new rate=1.171875%.
2018-11-28 15:32:20,877 INFO Running traffic generator
2018-11-28 15:32:30,913 INFO TX: 1920342; RX: 2051400; Est. Dropped: -131058; Est. Drop rate: -6.8247%
2018-11-28 15:32:40,934 INFO TX: 3842826; RX: 4152871; Est. Dropped: -310045; Est. Drop rate: -8.0682%
2018-11-28 15:32:50,919 INFO TX: 5755320; RX: 6116893; Est. Dropped: -361573; Est. Drop rate: -6.2824%
2018-11-28 15:32:52,931 INFO Average drop rate: -8.718525
2018-11-28 15:32:52,931 INFO Range search [1.171875 .. 1.5625] targets: {'ndr': 0.001}
2018-11-28 15:32:52,931 INFO Modified traffic stream for port 0, new rate=1.3671875%.
2018-11-28 15:32:52,932 INFO Modified traffic stream for port 1, new rate=1.3671875%.
2018-11-28 15:32:52,932 INFO Running traffic generator
2018-11-28 15:33:02,966 INFO TX: 2240424; RX: 2003559; Est. Dropped: 236865; Est. Drop rate: 10.5723%
2018-11-28 15:33:12,987 INFO TX: 4483068; RX: 4187329; Est. Dropped: 295739; Est. Drop rate: 6.5968%
2018-11-28 15:33:22,975 INFO TX: 6714396; RX: 6193581; Est. Dropped: 520815; Est. Drop rate: 7.7567%
2018-11-28 15:33:24,988 INFO Average drop rate: 5.599670
2018-11-28 15:33:24,988 INFO Range search [1.171875 .. 1.3671875] targets: {'ndr': 0.001}
2018-11-28 15:33:24,988 INFO Modified traffic stream for port 0, new rate=1.26953125%.
2018-11-28 15:33:24,988 INFO Modified traffic stream for port 1, new rate=1.26953125%.
2018-11-28 15:33:24,988 INFO Running traffic generator
2018-11-28 15:33:35,021 INFO TX: 2079864; RX: 2143789; Est. Dropped: -63925; Est. Drop rate: -3.0735%
2018-11-28 15:33:45,045 INFO TX: 4163010; RX: 4143658; Est. Dropped: 19352; Est. Drop rate: 0.4649%
2018-11-28 15:33:55,031 INFO TX: 6234864; RX: 6166749; Est. Dropped: 68115; Est. Drop rate: 1.0925%
2018-11-28 15:33:57,044 INFO Average drop rate: -1.034120
2018-11-28 15:33:57,044 INFO Range search [1.26953125 .. 1.3671875] targets: {'ndr': 0.001}
2018-11-28 15:33:57,044 INFO Found ndr (0.001) load: 1.26953125
2018-11-28 15:33:57,044 INFO NDR load: 2.5390625
2018-11-28 15:33:57,044 INFO Service chain 'EXT' run completed.
2018-11-28 15:33:57,044 INFO Clean up skipped.
2018-11-28 15:33:57,078 INFO Saving results in json file: /tmp/nfvbench/vsc_6c2n_ndr-1.json...
2018-11-28 15:33:57,081 INFO
========== NFVBench Summary ==========
Date: 2018-11-28 15:21:34
NFVBench version 2.0.5
Openstack Neutron:
  vSwitch:
  Encapsulation:
Benchmarks:
> Networks:
  > Components:
    > Traffic Generator:
        Profile: trex-local
        Tool: TRex
    > Versions:
      > Traffic_Generator:
          build_date: Nov 13 2017
          version: v2.32
          built_by: hhaim
          mode: STL
          build_time: 10:58:17
  > Measurement Parameters:
      NDR: 0.001
  > Service chain:
    > EXT:
      > Traffic:
          Profile: traffic_profile_2sizes
          Bidirectional: True
          Flow count: 1024
          Service chains count: 6
          Compute nodes: []

            Run Summary:

              +-----+-----------------+------------------+------------------+-----------------+----------------------+----------------------+----------------------+
              |  -  |  L2 Frame Size  |  Rate (fwd+rev)  |  Rate (fwd+rev)  |  Avg Drop Rate  |  Avg Latency (usec)  |   Min Latency (usec) |  Max Latency (usec)  |
              +=====+=================+==================+==================+=================+======================+======================+======================+
              | NDR |       64        |  146.4844 Mbps   |   217,982 pps    |    -0.1679%     |        20,212        |                   10 |       119,676        |
              +-----+-----------------+------------------+------------------+-----------------+----------------------+----------------------+----------------------+
              | NDR |      IMIX       |  634.7656 Mbps   |   207,800 pps    |    -1.0341%     |        21,937        |                    2 |       145,060        |
              +-----+-----------------+------------------+------------------+-----------------+----------------------+----------------------+----------------------+


            L2 frame size: 64
            NDR search duration: 353 seconds


            L2 frame size: IMIX
            NDR search duration: 353 seconds


2018-11-28 15:42:19,875 INFO Loading configuration file: /tmp/nfvbench/nfvbench_config.cfg
2018-11-28 15:42:19,909 INFO EXT chain with OpenStack mode disabled
2018-11-28 15:42:19,909 INFO -c /tmp/nfvbench/nfvbench_config.cfg --rate ndr --flow-count 1024 --duration 30 --json /tmp/nfvbench/vsc_6c2n_ndr-1.json
2018-11-28 15:42:19,910 INFO Connecting to TRex (127.0.0.1)...


2018-11-28 15:42:20 - [local][warning]   - [1mCPU util. is high: 98.0%[22m
2018-11-28 15:42:20,045 INFO Connected to TRex
2018-11-28 15:42:20,045 INFO    Port 0: Device 158b speed=25Gbps mac=3c:fd:fe:bd:f8:60 pci=0000:3b:00.0 driver=net_i40e
2018-11-28 15:42:20,046 INFO    Port 1: Device 158b speed=25Gbps mac=3c:fd:fe:bd:f8:61 pci=0000:3b:00.1 driver=net_i40e
2018-11-28 15:42:20,047 INFO ChainRunner initialized
2018-11-28 15:42:20,047 INFO Starting 6xEXT benchmark...
2018-11-28 15:42:20,151 INFO Polling ARP until successful...
2018-11-28 15:42:20,364 INFO    ARP: port=0 chain=0 src IP=172.16.10.100 dst IP=172.16.10.10 -> MAC=52:54:00:00:00:aa
2018-11-28 15:42:20,364 INFO    ARP: port=0 chain=1 src IP=172.16.10.101 dst IP=172.16.10.11 -> MAC=52:54:01:00:00:aa
2018-11-28 15:42:20,364 INFO    ARP: port=0 chain=2 src IP=172.16.10.102 dst IP=172.16.10.12 -> MAC=52:54:02:00:00:aa
2018-11-28 15:42:20,364 INFO    ARP: port=0 chain=3 src IP=172.16.10.103 dst IP=172.16.10.13 -> MAC=52:54:03:00:00:aa
2018-11-28 15:42:20,365 INFO    ARP: port=0 chain=4 src IP=172.16.10.104 dst IP=172.16.10.14 -> MAC=52:54:04:00:00:aa
2018-11-28 15:42:20,365 INFO    ARP: port=0 chain=5 src IP=172.16.10.105 dst IP=172.16.10.15 -> MAC=52:54:05:00:00:aa
2018-11-28 15:42:20,365 INFO ARP resolved successfully for port 0
2018-11-28 15:42:20,578 INFO    ARP: port=1 chain=0 src IP=172.16.20.100 dst IP=172.16.20.10 -> MAC=52:54:00:00:00:bb
2018-11-28 15:42:20,578 INFO    ARP: port=1 chain=1 src IP=172.16.20.101 dst IP=172.16.20.11 -> MAC=52:54:01:00:00:bb
2018-11-28 15:42:20,578 INFO    ARP: port=1 chain=2 src IP=172.16.20.102 dst IP=172.16.20.12 -> MAC=52:54:02:00:00:bb
2018-11-28 15:42:20,578 INFO    ARP: port=1 chain=3 src IP=172.16.20.103 dst IP=172.16.20.13 -> MAC=52:54:03:00:00:bb
2018-11-28 15:42:20,578 INFO    ARP: port=1 chain=4 src IP=172.16.20.104 dst IP=172.16.20.14 -> MAC=52:54:04:00:00:bb
2018-11-28 15:42:20,578 INFO    ARP: port=1 chain=5 src IP=172.16.20.105 dst IP=172.16.20.15 -> MAC=52:54:05:00:00:bb
2018-11-28 15:42:20,578 INFO ARP resolved successfully for port 1
2018-11-28 15:42:20,680 INFO Port 0: dst MAC ['52:54:00:00:00:aa', '52:54:01:00:00:aa', '52:54:02:00:00:aa', '52:54:03:00:00:aa', '52:54:04:00:00:aa', '52:54:05:00:00:aa']
2018-11-28 15:42:20,680 INFO Port 1: dst MAC ['52:54:00:00:00:bb', '52:54:01:00:00:bb', '52:54:02:00:00:bb', '52:54:03:00:00:bb', '52:54:04:00:00:bb', '52:54:05:00:00:bb']
2018-11-28 15:42:20,680 INFO Starting traffic generator to ensure end-to-end connectivity
2018-11-28 15:42:20,716 INFO Created 6 traffic streams for port 0.
2018-11-28 15:42:20,719 INFO Created 6 traffic streams for port 1.
2018-11-28 15:42:20,832 INFO Captured unique src mac 0/12, capturing return packets (retry 1/100)...
2018-11-28 15:42:23,007 INFO Received packet from mac: 52:54:04:00:00:bb (chain=4, port=1)
2018-11-28 15:42:23,009 INFO Received packet from mac: 52:54:01:00:00:bb (chain=1, port=1)
2018-11-28 15:42:23,122 INFO Captured unique src mac 2/12, capturing return packets (retry 2/100)...
2018-11-28 15:42:25,410 INFO Captured unique src mac 2/12, capturing return packets (retry 3/100)...
2018-11-28 15:42:27,587 INFO Received packet from mac: 52:54:05:00:00:bb (chain=5, port=1)
2018-11-28 15:42:27,589 INFO Received packet from mac: 52:54:02:00:00:bb (chain=2, port=1)
2018-11-28 15:42:27,706 INFO Captured unique src mac 4/12, capturing return packets (retry 4/100)...
2018-11-28 15:42:29,886 INFO Received packet from mac: 52:54:00:00:00:bb (chain=0, port=1)
2018-11-28 15:42:30,001 INFO Captured unique src mac 5/12, capturing return packets (retry 5/100)...
2018-11-28 15:42:32,176 INFO Received packet from mac: 52:54:03:00:00:bb (chain=3, port=1)
2018-11-28 15:42:32,290 INFO Captured unique src mac 6/12, capturing return packets (retry 6/100)...
2018-11-28 15:42:34,466 INFO Received packet from mac: 52:54:05:00:00:aa (chain=5, port=0)
2018-11-28 15:42:34,468 INFO Received packet from mac: 52:54:00:00:00:aa (chain=0, port=0)
2018-11-28 15:42:34,469 INFO Received packet from mac: 52:54:03:00:00:aa (chain=3, port=0)
2018-11-28 15:42:34,581 INFO Captured unique src mac 9/12, capturing return packets (retry 7/100)...
2018-11-28 15:42:36,869 INFO Captured unique src mac 9/12, capturing return packets (retry 8/100)...
2018-11-28 15:42:39,157 INFO Captured unique src mac 9/12, capturing return packets (retry 9/100)...
2018-11-28 15:42:41,446 INFO Captured unique src mac 9/12, capturing return packets (retry 10/100)...
2018-11-28 15:42:43,734 INFO Captured unique src mac 9/12, capturing return packets (retry 11/100)...
2018-11-28 15:42:46,027 INFO Captured unique src mac 9/12, capturing return packets (retry 12/100)...
2018-11-28 15:42:48,321 INFO Captured unique src mac 9/12, capturing return packets (retry 13/100)...
2018-11-28 15:42:50,609 INFO Captured unique src mac 9/12, capturing return packets (retry 14/100)...
2018-11-28 15:42:52,897 INFO Captured unique src mac 9/12, capturing return packets (retry 15/100)...
2018-11-28 15:42:55,074 INFO Received packet from mac: 52:54:04:00:00:aa (chain=4, port=0)
2018-11-28 15:42:55,187 INFO Captured unique src mac 10/12, capturing return packets (retry 16/100)...
2018-11-28 15:42:57,475 INFO Captured unique src mac 10/12, capturing return packets (retry 17/100)...
2018-11-28 15:42:59,763 INFO Captured unique src mac 10/12, capturing return packets (retry 18/100)...
2018-11-28 15:43:02,052 INFO Captured unique src mac 10/12, capturing return packets (retry 19/100)...
2018-11-28 15:43:04,230 INFO Received packet from mac: 52:54:02:00:00:aa (chain=2, port=0)
2018-11-28 15:43:04,341 INFO Captured unique src mac 11/12, capturing return packets (retry 20/100)...
2018-11-28 15:43:06,635 INFO Captured unique src mac 11/12, capturing return packets (retry 21/100)...
2018-11-28 15:43:08,927 INFO Captured unique src mac 11/12, capturing return packets (retry 22/100)...
2018-11-28 15:43:11,218 INFO Captured unique src mac 11/12, capturing return packets (retry 23/100)...
2018-11-28 15:43:13,508 INFO Captured unique src mac 11/12, capturing return packets (retry 24/100)...
2018-11-28 15:43:15,798 INFO Captured unique src mac 11/12, capturing return packets (retry 25/100)...
2018-11-28 15:43:18,088 INFO Captured unique src mac 11/12, capturing return packets (retry 26/100)...
2018-11-28 15:43:20,378 INFO Captured unique src mac 11/12, capturing return packets (retry 27/100)...
2018-11-28 15:43:22,668 INFO Captured unique src mac 11/12, capturing return packets (retry 28/100)...
2018-11-28 15:43:24,962 INFO Captured unique src mac 11/12, capturing return packets (retry 29/100)...
2018-11-28 15:43:27,256 INFO Captured unique src mac 11/12, capturing return packets (retry 30/100)...
2018-11-28 15:43:29,574 INFO Captured unique src mac 11/12, capturing return packets (retry 31/100)...
2018-11-28 15:43:31,864 INFO Captured unique src mac 11/12, capturing return packets (retry 32/100)...
2018-11-28 15:43:34,153 INFO Captured unique src mac 11/12, capturing return packets (retry 33/100)...
2018-11-28 15:43:36,444 INFO Captured unique src mac 11/12, capturing return packets (retry 34/100)...
2018-11-28 15:43:38,734 INFO Captured unique src mac 11/12, capturing return packets (retry 35/100)...
2018-11-28 15:43:41,024 INFO Captured unique src mac 11/12, capturing return packets (retry 36/100)...
2018-11-28 15:43:43,319 INFO Captured unique src mac 11/12, capturing return packets (retry 37/100)...
2018-11-28 15:43:45,614 INFO Captured unique src mac 11/12, capturing return packets (retry 38/100)...
2018-11-28 15:43:47,904 INFO Captured unique src mac 11/12, capturing return packets (retry 39/100)...
2018-11-28 15:43:50,194 INFO Captured unique src mac 11/12, capturing return packets (retry 40/100)...
2018-11-28 15:43:52,484 INFO Captured unique src mac 11/12, capturing return packets (retry 41/100)...
2018-11-28 15:43:54,775 INFO Captured unique src mac 11/12, capturing return packets (retry 42/100)...
2018-11-28 15:43:57,065 INFO Captured unique src mac 11/12, capturing return packets (retry 43/100)...
2018-11-28 15:43:59,353 INFO Captured unique src mac 11/12, capturing return packets (retry 44/100)...
2018-11-28 15:44:01,644 INFO Captured unique src mac 11/12, capturing return packets (retry 45/100)...
2018-11-28 15:44:03,940 INFO Captured unique src mac 11/12, capturing return packets (retry 46/100)...
2018-11-28 15:44:06,235 INFO Captured unique src mac 11/12, capturing return packets (retry 47/100)...
2018-11-28 15:44:08,525 INFO Captured unique src mac 11/12, capturing return packets (retry 48/100)...
2018-11-28 15:44:10,816 INFO Captured unique src mac 11/12, capturing return packets (retry 49/100)...
2018-11-28 15:44:13,106 INFO Captured unique src mac 11/12, capturing return packets (retry 50/100)...
2018-11-28 15:44:15,396 INFO Captured unique src mac 11/12, capturing return packets (retry 51/100)...
2018-11-28 15:44:17,686 INFO Captured unique src mac 11/12, capturing return packets (retry 52/100)...
2018-11-28 15:44:19,975 INFO Captured unique src mac 11/12, capturing return packets (retry 53/100)...
2018-11-28 15:44:22,270 INFO Captured unique src mac 11/12, capturing return packets (retry 54/100)...
2018-11-28 15:44:24,565 INFO Captured unique src mac 11/12, capturing return packets (retry 55/100)...
2018-11-28 15:44:26,868 INFO Captured unique src mac 11/12, capturing return packets (retry 56/100)...
2018-11-28 15:44:29,158 INFO Captured unique src mac 11/12, capturing return packets (retry 57/100)...
2018-11-28 15:44:31,446 INFO Captured unique src mac 11/12, capturing return packets (retry 58/100)...
2018-11-28 15:44:33,734 INFO Captured unique src mac 11/12, capturing return packets (retry 59/100)...
2018-11-28 15:44:36,021 INFO Captured unique src mac 11/12, capturing return packets (retry 60/100)...
2018-11-28 15:44:38,197 INFO Received packet from mac: 52:54:01:00:00:aa (chain=1, port=0)
2018-11-28 15:44:38,197 INFO End-to-end connectivity established
2018-11-28 15:44:38,215 INFO Cleared all existing streams
2018-11-28 15:44:38,260 INFO Created 12 traffic streams for port 0.
2018-11-28 15:44:38,266 INFO Created 12 traffic streams for port 1.
2018-11-28 15:44:38,266 INFO *** Searching NDR for 64 (Bidirectional)...
2018-11-28 15:44:38,266 INFO Range search [0.0 .. 200.0] targets: {'ndr': 0.001}
2018-11-28 15:44:38,267 INFO Modified traffic stream for port 0, new rate=100.0%.
2018-11-28 15:44:38,267 INFO Modified traffic stream for port 1, new rate=100.0%.
2018-11-28 15:44:38,267 INFO Running traffic generator


2018-11-28 15:44:45 - [local][warning]   - [1mCPU util. is high: 86.7%[22m
2018-11-28 15:44:48,298 INFO TX: 372873169; RX: 4774651; Est. Dropped: 368098518; Est. Drop rate: 98.7195%
2018-11-28 15:44:58,316 INFO TX: 749321777; RX: 9663620; Est. Dropped: 739658157; Est. Drop rate: 98.7104%
2018-11-28 15:45:08,312 INFO TX: 1126644490; RX: 14519970; Est. Dropped: 1112124520; Est. Drop rate: 98.7112%
2018-11-28 15:45:10,322 INFO WARNING: There is a significant difference between requested TX rate (74404760) and actual TX rate (37554816). The traffic generator may not have sufficient CPU to achieve the requested TX rate.
2018-11-28 15:45:10,322 INFO Average drop rate: 98.699136
2018-11-28 15:45:10,322 INFO Range search [0.0 .. 100.0] targets: {'ndr': 0.001}
2018-11-28 15:45:10,322 INFO Modified traffic stream for port 0, new rate=50.0%.
2018-11-28 15:45:10,322 INFO Modified traffic stream for port 1, new rate=50.0%.
2018-11-28 15:45:10,322 INFO Running traffic generator


2018-11-28 15:45:15 - [local][warning]   - [1mCPU util. is high: 85.5%[22m
2018-11-28 15:45:20,353 INFO TX: 372367952; RX: 4747284; Est. Dropped: 367620668; Est. Drop rate: 98.7251%
2018-11-28 15:45:30,371 INFO TX: 745086232; RX: 10417395; Est. Dropped: 734668837; Est. Drop rate: 98.6019%
2018-11-28 15:45:40,363 INFO TX: 1116070692; RX: 14749300; Est. Dropped: 1101321392; Est. Drop rate: 98.6785%
2018-11-28 15:45:42,373 INFO Average drop rate: 98.664929
2018-11-28 15:45:42,374 INFO Range search [0.0 .. 50.0] targets: {'ndr': 0.001}
2018-11-28 15:45:42,374 INFO Modified traffic stream for port 0, new rate=25.0%.
2018-11-28 15:45:42,374 INFO Modified traffic stream for port 1, new rate=25.0%.
2018-11-28 15:45:42,374 INFO Running traffic generator
2018-11-28 15:45:52,404 INFO TX: 186079722; RX: 4886536; Est. Dropped: 181193186; Est. Drop rate: 97.3740%
2018-11-28 15:46:02,423 INFO TX: 372443482; RX: 9570476; Est. Dropped: 362873006; Est. Drop rate: 97.4304%
2018-11-28 15:46:12,425 INFO TX: 558035700; RX: 14498452; Est. Dropped: 543537248; Est. Drop rate: 97.4019%
2018-11-28 15:46:14,436 INFO Average drop rate: 97.375637
2018-11-28 15:46:14,436 INFO Range search [0.0 .. 25.0] targets: {'ndr': 0.001}
2018-11-28 15:46:14,436 INFO Modified traffic stream for port 0, new rate=12.5%.
2018-11-28 15:46:14,436 INFO Modified traffic stream for port 1, new rate=12.5%.
2018-11-28 15:46:14,436 INFO Running traffic generator
2018-11-28 15:46:24,470 INFO TX: 93101838; RX: 4864939; Est. Dropped: 88236899; Est. Drop rate: 94.7746%
2018-11-28 15:46:34,490 INFO TX: 186287042; RX: 9435406; Est. Dropped: 176851636; Est. Drop rate: 94.9350%
2018-11-28 15:46:44,481 INFO TX: 279017820; RX: 14101167; Est. Dropped: 264916653; Est. Drop rate: 94.9461%
2018-11-28 15:46:46,492 INFO Average drop rate: 94.896430
2018-11-28 15:46:46,492 INFO Range search [0.0 .. 12.5] targets: {'ndr': 0.001}
2018-11-28 15:46:46,492 INFO Modified traffic stream for port 0, new rate=6.25%.
2018-11-28 15:46:46,492 INFO Modified traffic stream for port 1, new rate=6.25%.
2018-11-28 15:46:46,492 INFO Running traffic generator
2018-11-28 15:46:56,524 INFO TX: 46549570; RX: 4188249; Est. Dropped: 42361321; Est. Drop rate: 91.0026%
2018-11-28 15:47:06,543 INFO TX: 93143810; RX: 8656873; Est. Dropped: 84486937; Est. Drop rate: 90.7059%
2018-11-28 15:47:16,534 INFO TX: 139508940; RX: 13004250; Est. Dropped: 126504690; Est. Drop rate: 90.6786%
2018-11-28 15:47:18,545 INFO Average drop rate: 90.582555
2018-11-28 15:47:18,545 INFO Range search [0.0 .. 6.25] targets: {'ndr': 0.001}
2018-11-28 15:47:18,545 INFO Modified traffic stream for port 0, new rate=3.125%.
2018-11-28 15:47:18,545 INFO Modified traffic stream for port 1, new rate=3.125%.
2018-11-28 15:47:18,545 INFO Running traffic generator
2018-11-28 15:47:28,578 INFO TX: 23275710; RX: 4088984; Est. Dropped: 19186726; Est. Drop rate: 82.4324%
2018-11-28 15:47:38,602 INFO TX: 46582494; RX: 8172016; Est. Dropped: 38410478; Est. Drop rate: 82.4569%
2018-11-28 15:47:48,588 INFO TX: 69754464; RX: 12387202; Est. Dropped: 57367262; Est. Drop rate: 82.2417%
2018-11-28 15:47:50,599 INFO Average drop rate: 82.043840
2018-11-28 15:47:50,599 INFO Range search [0.0 .. 3.125] targets: {'ndr': 0.001}
2018-11-28 15:47:50,600 INFO Modified traffic stream for port 0, new rate=1.5625%.
2018-11-28 15:47:50,600 INFO Modified traffic stream for port 1, new rate=1.5625%.
2018-11-28 15:47:50,600 INFO Running traffic generator
2018-11-28 15:48:00,633 INFO TX: 11637606; RX: 3472405; Est. Dropped: 8165201; Est. Drop rate: 70.1622%
2018-11-28 15:48:10,653 INFO TX: 23286894; RX: 6856043; Est. Dropped: 16430851; Est. Drop rate: 70.5584%
2018-11-28 15:48:20,644 INFO TX: 34877232; RX: 10174762; Est. Dropped: 24702470; Est. Drop rate: 70.8269%
2018-11-28 15:48:22,655 INFO Average drop rate: 70.426667
2018-11-28 15:48:22,655 INFO Range search [0.0 .. 1.5625] targets: {'ndr': 0.001}
2018-11-28 15:48:22,655 INFO Modified traffic stream for port 0, new rate=0.78125%.
2018-11-28 15:48:22,656 INFO Modified traffic stream for port 1, new rate=0.78125%.
2018-11-28 15:48:22,656 INFO Running traffic generator
2018-11-28 15:48:32,689 INFO TX: 5818962; RX: 2439818; Est. Dropped: 3379144; Est. Drop rate: 58.0713%
2018-11-28 15:48:42,710 INFO TX: 11643462; RX: 5143446; Est. Dropped: 6500016; Est. Drop rate: 55.8255%
2018-11-28 15:48:52,700 INFO TX: 17438628; RX: 7757147; Est. Dropped: 9681481; Est. Drop rate: 55.5174%
2018-11-28 15:48:54,712 INFO Average drop rate: 54.774636
2018-11-28 15:48:54,712 INFO Range search [0.0 .. 0.78125] targets: {'ndr': 0.001}
2018-11-28 15:48:54,712 INFO Modified traffic stream for port 0, new rate=0.390625%.
2018-11-28 15:48:54,712 INFO Modified traffic stream for port 1, new rate=0.390625%.
2018-11-28 15:48:54,712 INFO Running traffic generator
2018-11-28 15:49:04,746 INFO TX: 2909088; RX: 2303125; Est. Dropped: 605963; Est. Drop rate: 20.8300%
2018-11-28 15:49:14,766 INFO TX: 5821440; RX: 4562908; Est. Dropped: 1258532; Est. Drop rate: 21.6189%
2018-11-28 15:49:24,757 INFO TX: 8719320; RX: 6870554; Est. Dropped: 1848766; Est. Drop rate: 21.2031%
2018-11-28 15:49:26,769 INFO Average drop rate: 19.550630
2018-11-28 15:49:26,769 INFO Range search [0.0 .. 0.390625] targets: {'ndr': 0.001}
2018-11-28 15:49:26,769 INFO Modified traffic stream for port 0, new rate=0.1953125%.
2018-11-28 15:49:26,769 INFO Modified traffic stream for port 1, new rate=0.1953125%.
2018-11-28 15:49:26,769 INFO Running traffic generator
2018-11-28 15:49:36,803 INFO TX: 1454634; RX: 2121646; Est. Dropped: -667012; Est. Drop rate: -45.8543%
2018-11-28 15:49:46,824 INFO TX: 2910828; RX: 4191611; Est. Dropped: -1280783; Est. Drop rate: -44.0006%
2018-11-28 15:49:56,814 INFO TX: 4359660; RX: 6283545; Est. Dropped: -1923885; Est. Drop rate: -44.1292%
2018-11-28 15:49:58,828 INFO Average drop rate: -47.603643
2018-11-28 15:49:58,828 INFO Range search [0.1953125 .. 0.390625] targets: {'ndr': 0.001}
2018-11-28 15:49:58,829 INFO Modified traffic stream for port 0, new rate=0.29296875%.
2018-11-28 15:49:58,829 INFO Modified traffic stream for port 1, new rate=0.29296875%.
2018-11-28 15:49:58,829 INFO Running traffic generator
2018-11-28 15:50:08,864 INFO TX: 2181828; RX: 2122309; Est. Dropped: 59519; Est. Drop rate: 2.7279%
2018-11-28 15:50:18,885 INFO TX: 4366224; RX: 4356902; Est. Dropped: 9322; Est. Drop rate: 0.2135%
2018-11-28 15:50:28,875 INFO TX: 6539484; RX: 6519186; Est. Dropped: 20298; Est. Drop rate: 0.3104%
2018-11-28 15:50:30,887 INFO Average drop rate: -1.814272
2018-11-28 15:50:30,887 INFO Range search [0.29296875 .. 0.390625] targets: {'ndr': 0.001}
2018-11-28 15:50:30,887 INFO Found ndr (0.001) load: 0.29296875
2018-11-28 15:50:30,887 INFO NDR load: 0.5859375
2018-11-28 15:50:30,907 INFO Cleared all existing streams
2018-11-28 15:50:31,043 INFO Created 24 traffic streams for port 0.
2018-11-28 15:50:31,062 INFO Created 24 traffic streams for port 1.
2018-11-28 15:50:31,062 INFO *** Searching NDR for IMIX (Bidirectional)...
2018-11-28 15:50:31,062 INFO Range search [0.0 .. 200.0] targets: {'ndr': 0.001}
2018-11-28 15:50:31,062 INFO Modified traffic stream for port 0, new rate=100.0%.
2018-11-28 15:50:31,062 INFO Modified traffic stream for port 1, new rate=100.0%.
2018-11-28 15:50:31,063 INFO Running traffic generator


2018-11-28 15:50:38 - [local][warning]   - [1mCPU util. is high: 85.9%[22m
2018-11-28 15:50:41,097 INFO TX: 145280671; RX: 3674569; Est. Dropped: 141606102; Est. Drop rate: 97.4707%
2018-11-28 15:50:51,116 INFO TX: 290703717; RX: 7245583; Est. Dropped: 283458134; Est. Drop rate: 97.5076%
2018-11-28 15:51:01,107 INFO TX: 435530487; RX: 10640744; Est. Dropped: 424889743; Est. Drop rate: 97.5568%
2018-11-28 15:51:03,117 INFO WARNING: There is a significant difference between requested TX rate (16368398) and actual TX rate (14517682). The traffic generator may not have sufficient CPU to achieve the requested TX rate.
2018-11-28 15:51:03,117 INFO Average drop rate: 97.525338
2018-11-28 15:51:03,118 INFO Range search [0.0 .. 100.0] targets: {'ndr': 0.001}
2018-11-28 15:51:03,118 INFO Modified traffic stream for port 0, new rate=50.0%.
2018-11-28 15:51:03,118 INFO Modified traffic stream for port 1, new rate=50.0%.
2018-11-28 15:51:03,118 INFO Running traffic generator
2018-11-28 15:51:13,156 INFO TX: 81929365; RX: 3382392; Est. Dropped: 78546973; Est. Drop rate: 95.8716%
2018-11-28 15:51:23,172 INFO TX: 163898091; RX: 7433186; Est. Dropped: 156464905; Est. Drop rate: 95.4648%
2018-11-28 15:51:33,167 INFO TX: 245526768; RX: 11028921; Est. Dropped: 234497847; Est. Drop rate: 95.5081%
2018-11-28 15:51:35,177 INFO Average drop rate: 95.455763
2018-11-28 15:51:35,177 INFO Range search [0.0 .. 50.0] targets: {'ndr': 0.001}
2018-11-28 15:51:35,177 INFO Modified traffic stream for port 0, new rate=25.0%.
2018-11-28 15:51:35,177 INFO Modified traffic stream for port 1, new rate=25.0%.
2018-11-28 15:51:35,177 INFO Running traffic generator
2018-11-28 15:51:45,212 INFO TX: 40961454; RX: 3915274; Est. Dropped: 37046180; Est. Drop rate: 90.4416%
2018-11-28 15:51:55,232 INFO TX: 81963712; RX: 7608283; Est. Dropped: 74355429; Est. Drop rate: 90.7175%
2018-11-28 15:52:05,222 INFO TX: 122763792; RX: 10906247; Est. Dropped: 111857545; Est. Drop rate: 91.1161%
2018-11-28 15:52:07,233 INFO Average drop rate: 91.005408
2018-11-28 15:52:07,233 INFO Range search [0.0 .. 25.0] targets: {'ndr': 0.001}
2018-11-28 15:52:07,234 INFO Modified traffic stream for port 0, new rate=12.5%.
2018-11-28 15:52:07,234 INFO Modified traffic stream for port 1, new rate=12.5%.
2018-11-28 15:52:07,234 INFO Running traffic generator
2018-11-28 15:52:17,262 INFO TX: 20470834; RX: 3324996; Est. Dropped: 17145838; Est. Drop rate: 83.7574%
2018-11-28 15:52:27,283 INFO TX: 40973344; RX: 6682094; Est. Dropped: 34291250; Est. Drop rate: 83.6916%
2018-11-28 15:52:37,278 INFO TX: 61382292; RX: 10125757; Est. Dropped: 51256535; Est. Drop rate: 83.5038%
2018-11-28 15:52:39,291 INFO Average drop rate: 83.297755
2018-11-28 15:52:39,291 INFO Range search [0.0 .. 12.5] targets: {'ndr': 0.001}
2018-11-28 15:52:39,293 INFO Modified traffic stream for port 0, new rate=6.25%.
2018-11-28 15:52:39,293 INFO Modified traffic stream for port 1, new rate=6.25%.
2018-11-28 15:52:39,293 INFO Running traffic generator
2018-11-28 15:52:49,318 INFO TX: 10231354; RX: 3078793; Est. Dropped: 7152561; Est. Drop rate: 69.9083%
2018-11-28 15:52:59,338 INFO TX: 20483254; RX: 5981840; Est. Dropped: 14501414; Est. Drop rate: 70.7964%
2018-11-28 15:53:09,337 INFO TX: 30691548; RX: 8990312; Est. Dropped: 21701236; Est. Drop rate: 70.7075%
2018-11-28 15:53:11,348 INFO Average drop rate: 70.282226
2018-11-28 15:53:11,348 INFO Range search [0.0 .. 6.25] targets: {'ndr': 0.001}
2018-11-28 15:53:11,349 INFO Modified traffic stream for port 0, new rate=3.125%.
2018-11-28 15:53:11,349 INFO Modified traffic stream for port 1, new rate=3.125%.
2018-11-28 15:53:11,349 INFO Running traffic generator
2018-11-28 15:53:21,383 INFO TX: 5120136; RX: 2454595; Est. Dropped: 2665541; Est. Drop rate: 52.0600%
2018-11-28 15:53:31,403 INFO TX: 10245958; RX: 5030159; Est. Dropped: 5215799; Est. Drop rate: 50.9059%
2018-11-28 15:53:41,393 INFO TX: 15346176; RX: 7513730; Est. Dropped: 7832446; Est. Drop rate: 51.0384%
2018-11-28 15:53:43,405 INFO Average drop rate: 50.130938
2018-11-28 15:53:43,405 INFO Range search [0.0 .. 3.125] targets: {'ndr': 0.001}
2018-11-28 15:53:43,405 INFO Modified traffic stream for port 0, new rate=1.5625%.
2018-11-28 15:53:43,405 INFO Modified traffic stream for port 1, new rate=1.5625%.
2018-11-28 15:53:43,405 INFO Running traffic generator

========== NFVBench Summary ==========
Date: 2018-11-28 15:42:20
NFVBench version 2.0.5
Openstack Neutron:
  vSwitch:
  Encapsulation:
Benchmarks:
> Networks:
  > Components:
    > Traffic Generator:
        Profile: trex-local
        Tool: TRex
    > Versions:
      > Traffic_Generator:
          build_date: Nov 13 2017
          version: v2.32
          built_by: hhaim
          mode: STL
          build_time: 10:58:17
  > Measurement Parameters:
      NDR: 0.001
  > Service chain:
    > EXT:
      > Traffic:
          Profile: traffic_profile_2sizes
          Bidirectional: True
          Flow count: 1024
          Service chains count: 6
          Compute nodes: []

            Run Summary:

              +-----+-----------------+------------------+------------------+-----------------+----------------------+----------------------+----------------------+
              |  -  |  L2 Frame Size  |  Rate (fwd+rev)  |  Rate (fwd+rev)  |  Avg Drop Rate  |  Avg Latency (usec)  |   Min Latency (usec) |  Max Latency (usec)  |
              +=====+=================+==================+==================+=================+======================+======================+======================+
              | NDR |       64        |  146.4844 Mbps   |   217,982 pps    |    -1.8143%     |        17,170        |                   10 |       120,467        |
              +-----+-----------------+------------------+------------------+-----------------+----------------------+----------------------+----------------------+
              | NDR |      IMIX       |  585.9375 Mbps   |   191,816 pps    |    -10.1514%    |        21,544        |                   20 |       197,527        |
              +-----+-----------------+------------------+------------------+-----------------+----------------------+----------------------+----------------------+


            L2 frame size: 64
            NDR search duration: 353 seconds


            L2 frame size: IMIX
            NDR search duration: 353 seconds


