2018-11-28 14:30:49,535 INFO Loading configuration file: /tmp/nfvbench/nfvbench_config.cfg
2018-11-28 14:30:49,569 INFO EXT chain with OpenStack mode disabled
2018-11-28 14:30:49,569 INFO -c /tmp/nfvbench/nfvbench_config.cfg --rate ndr --flow-count 1024 --duration 30 --json /tmp/nfvbench/vsc_4c4n_ndr-1.json
2018-11-28 14:30:49,571 INFO Connecting to TRex (127.0.0.1)...


2018-11-28 14:30:49 - [local][warning]   - [1mCPU util. is high: 85.8%[22m
2018-11-28 14:30:49,706 INFO Connected to TRex
2018-11-28 14:30:49,706 INFO    Port 0: Device 158b speed=25Gbps mac=3c:fd:fe:bd:f8:60 pci=0000:3b:00.0 driver=net_i40e
2018-11-28 14:30:49,706 INFO    Port 1: Device 158b speed=25Gbps mac=3c:fd:fe:bd:f8:61 pci=0000:3b:00.1 driver=net_i40e
2018-11-28 14:30:49,707 INFO ChainRunner initialized
2018-11-28 14:30:49,708 INFO Starting 4xEXT benchmark...
2018-11-28 14:30:49,813 INFO Polling ARP until successful...
2018-11-28 14:30:50,024 INFO    ARP: port=0 chain=0 src IP=172.16.10.100 dst IP=172.16.10.10 -> MAC=52:54:00:00:00:aa
2018-11-28 14:30:50,024 INFO    ARP: port=0 chain=1 src IP=172.16.10.101 dst IP=172.16.10.11 -> MAC=52:54:01:00:00:aa
2018-11-28 14:30:50,024 INFO    ARP: port=0 chain=2 src IP=172.16.10.102 dst IP=172.16.10.12 -> MAC=52:54:02:00:00:aa
2018-11-28 14:30:50,024 INFO    ARP: port=0 chain=3 src IP=172.16.10.103 dst IP=172.16.10.13 -> MAC=52:54:03:00:00:aa
2018-11-28 14:30:50,024 INFO ARP resolved successfully for port 0
2018-11-28 14:30:50,234 INFO    ARP: port=1 chain=0 src IP=172.16.20.100 dst IP=172.16.20.10 -> MAC=52:54:00:00:00:bb
2018-11-28 14:30:50,235 INFO    ARP: port=1 chain=1 src IP=172.16.20.101 dst IP=172.16.20.11 -> MAC=52:54:01:00:00:bb
2018-11-28 14:30:50,235 INFO    ARP: port=1 chain=2 src IP=172.16.20.102 dst IP=172.16.20.12 -> MAC=52:54:02:00:00:bb
2018-11-28 14:30:50,235 INFO    ARP: port=1 chain=3 src IP=172.16.20.103 dst IP=172.16.20.13 -> MAC=52:54:03:00:00:bb
2018-11-28 14:30:50,235 INFO ARP resolved successfully for port 1
2018-11-28 14:30:50,336 INFO Port 0: dst MAC ['52:54:00:00:00:aa', '52:54:01:00:00:aa', '52:54:02:00:00:aa', '52:54:03:00:00:aa']
2018-11-28 14:30:50,336 INFO Port 1: dst MAC ['52:54:00:00:00:bb', '52:54:01:00:00:bb', '52:54:02:00:00:bb', '52:54:03:00:00:bb']
2018-11-28 14:30:50,336 INFO Starting traffic generator to ensure end-to-end connectivity
2018-11-28 14:30:50,360 INFO Created 4 traffic streams for port 0.
2018-11-28 14:30:50,362 INFO Created 4 traffic streams for port 1.
2018-11-28 14:30:50,473 INFO Captured unique src mac 0/8, capturing return packets (retry 1/100)...
2018-11-28 14:30:52,648 INFO Received packet from mac: 52:54:03:00:00:bb (chain=3, port=1)
2018-11-28 14:30:52,649 INFO Received packet from mac: 52:54:02:00:00:bb (chain=2, port=1)
2018-11-28 14:30:52,651 INFO Received packet from mac: 52:54:01:00:00:bb (chain=1, port=1)
2018-11-28 14:30:52,762 INFO Captured unique src mac 3/8, capturing return packets (retry 2/100)...
2018-11-28 14:30:54,940 INFO Received packet from mac: 52:54:00:00:00:bb (chain=0, port=1)
2018-11-28 14:30:55,054 INFO Captured unique src mac 4/8, capturing return packets (retry 3/100)...
2018-11-28 14:30:57,343 INFO Captured unique src mac 4/8, capturing return packets (retry 4/100)...
2018-11-28 14:30:59,637 INFO Captured unique src mac 4/8, capturing return packets (retry 5/100)...
2018-11-28 14:31:01,927 INFO Captured unique src mac 4/8, capturing return packets (retry 6/100)...
2018-11-28 14:31:04,217 INFO Captured unique src mac 4/8, capturing return packets (retry 7/100)...
2018-11-28 14:31:06,506 INFO Captured unique src mac 4/8, capturing return packets (retry 8/100)...
2018-11-28 14:31:08,795 INFO Captured unique src mac 4/8, capturing return packets (retry 9/100)...
2018-11-28 14:31:11,084 INFO Captured unique src mac 4/8, capturing return packets (retry 10/100)...
2018-11-28 14:31:13,373 INFO Captured unique src mac 4/8, capturing return packets (retry 11/100)...
2018-11-28 14:31:15,662 INFO Captured unique src mac 4/8, capturing return packets (retry 12/100)...
2018-11-28 14:31:17,955 INFO Captured unique src mac 4/8, capturing return packets (retry 13/100)...
2018-11-28 14:31:20,247 INFO Captured unique src mac 4/8, capturing return packets (retry 14/100)...
2018-11-28 14:31:22,537 INFO Captured unique src mac 4/8, capturing return packets (retry 15/100)...
2018-11-28 14:31:24,826 INFO Captured unique src mac 4/8, capturing return packets (retry 16/100)...
2018-11-28 14:31:27,115 INFO Captured unique src mac 4/8, capturing return packets (retry 17/100)...
2018-11-28 14:31:29,404 INFO Captured unique src mac 4/8, capturing return packets (retry 18/100)...
2018-11-28 14:31:31,693 INFO Captured unique src mac 4/8, capturing return packets (retry 19/100)...
2018-11-28 14:31:33,982 INFO Captured unique src mac 4/8, capturing return packets (retry 20/100)...
2018-11-28 14:31:36,272 INFO Captured unique src mac 4/8, capturing return packets (retry 21/100)...
2018-11-28 14:31:38,566 INFO Captured unique src mac 4/8, capturing return packets (retry 22/100)...
2018-11-28 14:31:40,857 INFO Captured unique src mac 4/8, capturing return packets (retry 23/100)...
2018-11-28 14:31:43,147 INFO Captured unique src mac 4/8, capturing return packets (retry 24/100)...
2018-11-28 14:31:45,436 INFO Captured unique src mac 4/8, capturing return packets (retry 25/100)...
2018-11-28 14:31:47,615 INFO Received packet from mac: 52:54:00:00:00:aa (chain=0, port=0)
2018-11-28 14:31:47,725 INFO Captured unique src mac 5/8, capturing return packets (retry 26/100)...
2018-11-28 14:31:49,904 INFO Received packet from mac: 52:54:01:00:00:aa (chain=1, port=0)
2018-11-28 14:31:50,015 INFO Captured unique src mac 6/8, capturing return packets (retry 27/100)...
2018-11-28 14:31:52,304 INFO Captured unique src mac 6/8, capturing return packets (retry 28/100)...
2018-11-28 14:31:54,482 INFO Received packet from mac: 52:54:02:00:00:aa (chain=2, port=0)
2018-11-28 14:31:54,595 INFO Captured unique src mac 7/8, capturing return packets (retry 29/100)...
2018-11-28 14:31:56,890 INFO Captured unique src mac 7/8, capturing return packets (retry 30/100)...
2018-11-28 14:31:59,182 INFO Captured unique src mac 7/8, capturing return packets (retry 31/100)...
2018-11-28 14:32:01,471 INFO Captured unique src mac 7/8, capturing return packets (retry 32/100)...
2018-11-28 14:32:03,760 INFO Captured unique src mac 7/8, capturing return packets (retry 33/100)...
2018-11-28 14:32:05,939 INFO Received packet from mac: 52:54:03:00:00:aa (chain=3, port=0)
2018-11-28 14:32:05,939 INFO End-to-end connectivity established
2018-11-28 14:32:05,957 INFO Cleared all existing streams
2018-11-28 14:32:05,988 INFO Created 8 traffic streams for port 0.
2018-11-28 14:32:05,993 INFO Created 8 traffic streams for port 1.
2018-11-28 14:32:05,993 INFO *** Searching NDR for 64 (Bidirectional)...
2018-11-28 14:32:05,993 INFO Range search [0.0 .. 200.0] targets: {'ndr': 0.001}
2018-11-28 14:32:05,993 INFO Modified traffic stream for port 0, new rate=100.0%.
2018-11-28 14:32:05,993 INFO Modified traffic stream for port 1, new rate=100.0%.
2018-11-28 14:32:05,993 INFO Running traffic generator


2018-11-28 14:32:13 - [local][warning]   - [1mCPU util. is high: 87.3%[22m
2018-11-28 14:32:16,019 INFO TX: 378770625; RX: 1634033; Est. Dropped: 377136592; Est. Drop rate: 99.5686%
2018-11-28 14:32:26,033 INFO TX: 756292111; RX: 3182265; Est. Dropped: 753109846; Est. Drop rate: 99.5792%
2018-11-28 14:32:36,027 INFO TX: 1136096812; RX: 4637779; Est. Dropped: 1131459033; Est. Drop rate: 99.5918%
2018-11-28 14:32:38,035 INFO WARNING: There is a significant difference between requested TX rate (74404760) and actual TX rate (37869893). The traffic generator may not have sufficient CPU to achieve the requested TX rate.
2018-11-28 14:32:38,035 INFO Average drop rate: 99.584051
2018-11-28 14:32:38,035 INFO Range search [0.0 .. 100.0] targets: {'ndr': 0.001}
2018-11-28 14:32:38,035 INFO Modified traffic stream for port 0, new rate=50.0%.
2018-11-28 14:32:38,035 INFO Modified traffic stream for port 1, new rate=50.0%.
2018-11-28 14:32:38,035 INFO Running traffic generator


2018-11-28 14:32:43 - [local][warning]   - [1mCPU util. is high: 85.2%[22m
2018-11-28 14:32:48,068 INFO TX: 372396493; RX: 1610032; Est. Dropped: 370786461; Est. Drop rate: 99.5677%
2018-11-28 14:32:58,083 INFO TX: 745015100; RX: 2952182; Est. Dropped: 742062918; Est. Drop rate: 99.6037%
2018-11-28 14:33:08,070 INFO TX: 1116072000; RX: 4421690; Est. Dropped: 1111650310; Est. Drop rate: 99.6038%
2018-11-28 14:33:10,078 INFO Average drop rate: 99.598358
2018-11-28 14:33:10,078 INFO Range search [0.0 .. 50.0] targets: {'ndr': 0.001}
2018-11-28 14:33:10,078 INFO Modified traffic stream for port 0, new rate=25.0%.
2018-11-28 14:33:10,078 INFO Modified traffic stream for port 1, new rate=25.0%.
2018-11-28 14:33:10,078 INFO Running traffic generator
2018-11-28 14:33:20,113 INFO TX: 186232592; RX: 1635943; Est. Dropped: 184596649; Est. Drop rate: 99.1216%
2018-11-28 14:33:30,128 INFO TX: 372526652; RX: 3334917; Est. Dropped: 369191735; Est. Drop rate: 99.1048%
2018-11-28 14:33:40,124 INFO TX: 558035712; RX: 4855180; Est. Dropped: 553180532; Est. Drop rate: 99.1300%
2018-11-28 14:33:42,132 INFO Average drop rate: 99.118127
2018-11-28 14:33:42,132 INFO Range search [0.0 .. 25.0] targets: {'ndr': 0.001}
2018-11-28 14:33:42,133 INFO Modified traffic stream for port 0, new rate=12.5%.
2018-11-28 14:33:42,133 INFO Modified traffic stream for port 1, new rate=12.5%.
2018-11-28 14:33:42,133 INFO Running traffic generator
2018-11-28 14:33:52,166 INFO TX: 93103876; RX: 1601019; Est. Dropped: 91502857; Est. Drop rate: 98.2804%
2018-11-28 14:34:02,180 INFO TX: 186242796; RX: 3198103; Est. Dropped: 183044693; Est. Drop rate: 98.2828%
2018-11-28 14:34:12,178 INFO TX: 279017896; RX: 4580701; Est. Dropped: 274437195; Est. Drop rate: 98.3583%
2018-11-28 14:34:14,186 INFO Average drop rate: 98.335299
2018-11-28 14:34:14,186 INFO Range search [0.0 .. 12.5] targets: {'ndr': 0.001}
2018-11-28 14:34:14,187 INFO Modified traffic stream for port 0, new rate=6.25%.
2018-11-28 14:34:14,187 INFO Modified traffic stream for port 1, new rate=6.25%.
2018-11-28 14:34:14,187 INFO Running traffic generator
2018-11-28 14:34:24,218 INFO TX: 46550336; RX: 1400370; Est. Dropped: 45149966; Est. Drop rate: 96.9917%
2018-11-28 14:34:34,231 INFO TX: 93119160; RX: 2922797; Est. Dropped: 90196363; Est. Drop rate: 96.8612%
2018-11-28 14:34:44,220 INFO TX: 139508936; RX: 4317333; Est. Dropped: 135191603; Est. Drop rate: 96.9053%
2018-11-28 14:34:46,228 INFO Average drop rate: 96.847166
2018-11-28 14:34:46,228 INFO Range search [0.0 .. 6.25] targets: {'ndr': 0.001}
2018-11-28 14:34:46,228 INFO Modified traffic stream for port 0, new rate=3.125%.
2018-11-28 14:34:46,228 INFO Modified traffic stream for port 1, new rate=3.125%.
2018-11-28 14:34:46,228 INFO Running traffic generator
2018-11-28 14:34:56,260 INFO TX: 23273116; RX: 1512756; Est. Dropped: 21760360; Est. Drop rate: 93.5000%
2018-11-28 14:35:06,274 INFO TX: 46559493; RX: 2949662; Est. Dropped: 43609831; Est. Drop rate: 93.6647%
2018-11-28 14:35:16,270 INFO TX: 69754472; RX: 4385146; Est. Dropped: 65369326; Est. Drop rate: 93.7135%
2018-11-28 14:35:18,279 INFO Average drop rate: 93.595601
2018-11-28 14:35:18,279 INFO Range search [0.0 .. 3.125] targets: {'ndr': 0.001}
2018-11-28 14:35:18,279 INFO Modified traffic stream for port 0, new rate=1.5625%.
2018-11-28 14:35:18,279 INFO Modified traffic stream for port 1, new rate=1.5625%.
2018-11-28 14:35:18,279 INFO Running traffic generator
2018-11-28 14:35:28,302 INFO TX: 11630288; RX: 1213679; Est. Dropped: 10416609; Est. Drop rate: 89.5645%
2018-11-28 14:35:38,317 INFO TX: 23272576; RX: 2510580; Est. Dropped: 20761996; Est. Drop rate: 89.2123%
2018-11-28 14:35:48,317 INFO TX: 34877232; RX: 3762108; Est. Dropped: 31115124; Est. Drop rate: 89.2133%
2018-11-28 14:35:50,328 INFO Average drop rate: 89.029046
2018-11-28 14:35:50,328 INFO Range search [0.0 .. 1.5625] targets: {'ndr': 0.001}
2018-11-28 14:35:50,328 INFO Modified traffic stream for port 0, new rate=0.78125%.
2018-11-28 14:35:50,328 INFO Modified traffic stream for port 1, new rate=0.78125%.
2018-11-28 14:35:50,328 INFO Running traffic generator
2018-11-28 14:36:00,360 INFO TX: 5818376; RX: 1263310; Est. Dropped: 4555066; Est. Drop rate: 78.2876%
2018-11-28 14:36:10,375 INFO TX: 11640420; RX: 2425473; Est. Dropped: 9214947; Est. Drop rate: 79.1634%
2018-11-28 14:36:20,373 INFO TX: 17438624; RX: 3608732; Est. Dropped: 13829892; Est. Drop rate: 79.3061%
2018-11-28 14:36:22,383 INFO Average drop rate: 78.831931
2018-11-28 14:36:22,383 INFO Range search [0.0 .. 0.78125] targets: {'ndr': 0.001}
2018-11-28 14:36:22,383 INFO Modified traffic stream for port 0, new rate=0.390625%.
2018-11-28 14:36:22,383 INFO Modified traffic stream for port 1, new rate=0.390625%.
2018-11-28 14:36:22,383 INFO Running traffic generator
2018-11-28 14:36:32,412 INFO TX: 2909196; RX: 1193907; Est. Dropped: 1715289; Est. Drop rate: 58.9609%
2018-11-28 14:36:42,427 INFO TX: 5820280; RX: 2502186; Est. Dropped: 3318094; Est. Drop rate: 57.0092%
2018-11-28 14:36:52,421 INFO TX: 8719312; RX: 3780304; Est. Dropped: 4939008; Est. Drop rate: 56.6445%
2018-11-28 14:36:54,430 INFO Average drop rate: 55.515057
2018-11-28 14:36:54,431 INFO Range search [0.0 .. 0.390625] targets: {'ndr': 0.001}
2018-11-28 14:36:54,431 INFO Modified traffic stream for port 0, new rate=0.1953125%.
2018-11-28 14:36:54,431 INFO Modified traffic stream for port 1, new rate=0.1953125%.
2018-11-28 14:36:54,431 INFO Running traffic generator
2018-11-28 14:37:04,454 INFO TX: 1453672; RX: 1062543; Est. Dropped: 391129; Est. Drop rate: 26.9063%
2018-11-28 14:37:14,468 INFO TX: 2908924; RX: 2158112; Est. Dropped: 750812; Est. Drop rate: 25.8106%
2018-11-28 14:37:24,469 INFO TX: 4359656; RX: 3288309; Est. Dropped: 1071347; Est. Drop rate: 24.5741%
2018-11-28 14:37:26,479 INFO Average drop rate: 22.889467
2018-11-28 14:37:26,479 INFO Range search [0.0 .. 0.1953125] targets: {'ndr': 0.001}
2018-11-28 14:37:26,480 INFO Modified traffic stream for port 0, new rate=0.09765625%.
2018-11-28 14:37:26,480 INFO Modified traffic stream for port 1, new rate=0.09765625%.
2018-11-28 14:37:26,480 INFO Running traffic generator
2018-11-28 14:37:36,508 INFO TX: 727272; RX: 1122644; Est. Dropped: -395372; Est. Drop rate: -54.3637%
2018-11-28 14:37:46,523 INFO TX: 1454904; RX: 2170408; Est. Dropped: -715504; Est. Drop rate: -49.1788%
2018-11-28 14:37:56,516 INFO TX: 2179832; RX: 3281401; Est. Dropped: -1101569; Est. Drop rate: -50.5346%
2018-11-28 14:37:58,525 INFO Average drop rate: -54.537597
2018-11-28 14:37:58,525 INFO Range search [0.09765625 .. 0.1953125] targets: {'ndr': 0.001}
2018-11-28 14:37:58,525 INFO Found ndr (0.001) load: 0.09765625
2018-11-28 14:37:58,525 INFO NDR load: 0.1953125
2018-11-28 14:37:58,545 INFO Cleared all existing streams
2018-11-28 14:37:58,635 INFO Created 16 traffic streams for port 0.
2018-11-28 14:37:58,645 INFO Created 16 traffic streams for port 1.
2018-11-28 14:37:58,645 INFO *** Searching NDR for IMIX (Bidirectional)...
2018-11-28 14:37:58,645 INFO Range search [0.0 .. 200.0] targets: {'ndr': 0.001}
2018-11-28 14:37:58,645 INFO Modified traffic stream for port 0, new rate=100.0%.
2018-11-28 14:37:58,645 INFO Modified traffic stream for port 1, new rate=100.0%.
2018-11-28 14:37:58,645 INFO Running traffic generator


2018-11-28 14:38:06 - [local][warning]   - [1mCPU util. is high: 87.1%[22m
2018-11-28 14:38:08,669 INFO TX: 145038946; RX: 1424106; Est. Dropped: 143614840; Est. Drop rate: 99.0181%
2018-11-28 14:38:18,686 INFO TX: 290179260; RX: 2795882; Est. Dropped: 287383378; Est. Drop rate: 99.0365%
2018-11-28 14:38:28,687 INFO TX: 434931219; RX: 4055468; Est. Dropped: 430875751; Est. Drop rate: 99.0676%
2018-11-28 14:38:30,695 INFO WARNING: There is a significant difference between requested TX rate (16368398) and actual TX rate (14497707). The traffic generator may not have sufficient CPU to achieve the requested TX rate.
2018-11-28 14:38:30,695 INFO Average drop rate: 99.055613
2018-11-28 14:38:30,695 INFO Range search [0.0 .. 100.0] targets: {'ndr': 0.001}
2018-11-28 14:38:30,696 INFO Modified traffic stream for port 0, new rate=50.0%.
2018-11-28 14:38:30,696 INFO Modified traffic stream for port 1, new rate=50.0%.
2018-11-28 14:38:30,696 INFO Running traffic generator
2018-11-28 14:38:40,727 INFO TX: 81926119; RX: 1402160; Est. Dropped: 80523959; Est. Drop rate: 98.2885%
2018-11-28 14:38:50,745 INFO TX: 163909896; RX: 2661318; Est. Dropped: 161248578; Est. Drop rate: 98.3764%
2018-11-28 14:39:00,737 INFO TX: 245526496; RX: 3945659; Est. Dropped: 241580837; Est. Drop rate: 98.3930%
2018-11-28 14:39:02,746 INFO Average drop rate: 98.358938
2018-11-28 14:39:02,746 INFO Range search [0.0 .. 50.0] targets: {'ndr': 0.001}
2018-11-28 14:39:02,746 INFO Modified traffic stream for port 0, new rate=25.0%.
2018-11-28 14:39:02,746 INFO Modified traffic stream for port 1, new rate=25.0%.
2018-11-28 14:39:02,746 INFO Running traffic generator
2018-11-28 14:39:12,775 INFO TX: 40963802; RX: 1402408; Est. Dropped: 39561394; Est. Drop rate: 96.5765%
2018-11-28 14:39:22,792 INFO TX: 81955989; RX: 2745835; Est. Dropped: 79210154; Est. Drop rate: 96.6496%
2018-11-28 14:39:32,787 INFO TX: 122763528; RX: 4163411; Est. Dropped: 118600117; Est. Drop rate: 96.6086%
2018-11-28 14:39:34,796 INFO Average drop rate: 96.543063
2018-11-28 14:39:34,796 INFO Range search [0.0 .. 25.0] targets: {'ndr': 0.001}
2018-11-28 14:39:34,797 INFO Modified traffic stream for port 0, new rate=12.5%.
2018-11-28 14:39:34,797 INFO Modified traffic stream for port 1, new rate=12.5%.
2018-11-28 14:39:34,797 INFO Running traffic generator
2018-11-28 14:39:44,829 INFO TX: 20482516; RX: 1387619; Est. Dropped: 19094897; Est. Drop rate: 93.2253%
2018-11-28 14:39:54,847 INFO TX: 40979756; RX: 2584987; Est. Dropped: 38394769; Est. Drop rate: 93.6920%
2018-11-28 14:40:04,839 INFO TX: 61382040; RX: 3826930; Est. Dropped: 57555110; Est. Drop rate: 93.7654%
2018-11-28 14:40:06,849 INFO Average drop rate: 93.641324
2018-11-28 14:40:06,849 INFO Range search [0.0 .. 12.5] targets: {'ndr': 0.001}
2018-11-28 14:40:06,849 INFO Modified traffic stream for port 0, new rate=6.25%.
2018-11-28 14:40:06,849 INFO Modified traffic stream for port 1, new rate=6.25%.
2018-11-28 14:40:06,849 INFO Running traffic generator
2018-11-28 14:40:16,884 INFO TX: 10238440; RX: 1315284; Est. Dropped: 8923156; Est. Drop rate: 87.1535%
2018-11-28 14:40:26,902 INFO TX: 20492412; RX: 2605606; Est. Dropped: 17886806; Est. Drop rate: 87.2850%
2018-11-28 14:40:36,886 INFO TX: 30691280; RX: 3812149; Est. Dropped: 26879131; Est. Drop rate: 87.5790%
2018-11-28 14:40:38,895 INFO Average drop rate: 87.326361
2018-11-28 14:40:38,896 INFO Range search [0.0 .. 6.25] targets: {'ndr': 0.001}
2018-11-28 14:40:38,896 INFO Modified traffic stream for port 0, new rate=3.125%.
2018-11-28 14:40:38,896 INFO Modified traffic stream for port 1, new rate=3.125%.
2018-11-28 14:40:38,896 INFO Running traffic generator
2018-11-28 14:40:48,927 INFO TX: 5120032; RX: 1284600; Est. Dropped: 3835432; Est. Drop rate: 74.9103%
2018-11-28 14:40:58,945 INFO TX: 10245344; RX: 2481016; Est. Dropped: 7764328; Est. Drop rate: 75.7840%
2018-11-28 14:41:08,928 INFO TX: 15345912; RX: 3662019; Est. Dropped: 11683893; Est. Drop rate: 76.1368%
2018-11-28 14:41:10,938 INFO Average drop rate: 75.610514
2018-11-28 14:41:10,938 INFO Range search [0.0 .. 3.125] targets: {'ndr': 0.001}
2018-11-28 14:41:10,938 INFO Modified traffic stream for port 0, new rate=1.5625%.
2018-11-28 14:41:10,938 INFO Modified traffic stream for port 1, new rate=1.5625%.
2018-11-28 14:41:10,938 INFO Running traffic generator
2018-11-28 14:41:20,969 INFO TX: 2560240; RX: 1132989; Est. Dropped: 1427251; Est. Drop rate: 55.7468%
2018-11-28 14:41:30,987 INFO TX: 5122712; RX: 2260160; Est. Dropped: 2862552; Est. Drop rate: 55.8796%
2018-11-28 14:41:40,978 INFO TX: 7673224; RX: 3503942; Est. Dropped: 4169282; Est. Drop rate: 54.3355%
2018-11-28 14:41:42,988 INFO Average drop rate: 53.393072
2018-11-28 14:41:42,989 INFO Range search [0.0 .. 1.5625] targets: {'ndr': 0.001}
2018-11-28 14:41:42,989 INFO Modified traffic stream for port 0, new rate=0.78125%.
2018-11-28 14:41:42,989 INFO Modified traffic stream for port 1, new rate=0.78125%.
2018-11-28 14:41:42,989 INFO Running traffic generator
2018-11-28 14:41:53,018 INFO TX: 1279992; RX: 1136664; Est. Dropped: 143328; Est. Drop rate: 11.1976%
2018-11-28 14:42:03,033 INFO TX: 2560944; RX: 2315724; Est. Dropped: 245220; Est. Drop rate: 9.5754%
2018-11-28 14:42:13,029 INFO TX: 3836880; RX: 3553522; Est. Dropped: 283358; Est. Drop rate: 7.3851%
2018-11-28 14:42:15,039 INFO Average drop rate: 5.060987
2018-11-28 14:42:15,039 INFO Range search [0.0 .. 0.78125] targets: {'ndr': 0.001}
2018-11-28 14:42:15,039 INFO Modified traffic stream for port 0, new rate=0.390625%.
2018-11-28 14:42:15,039 INFO Modified traffic stream for port 1, new rate=0.390625%.
2018-11-28 14:42:15,039 INFO Running traffic generator
2018-11-28 14:42:25,069 INFO TX: 640148; RX: 1111896; Est. Dropped: -471748; Est. Drop rate: -73.6936%
2018-11-28 14:42:35,087 INFO TX: 1280908; RX: 2193016; Est. Dropped: -912108; Est. Drop rate: -71.2079%
2018-11-28 14:42:45,076 INFO TX: 1918704; RX: 3337544; Est. Dropped: -1418840; Est. Drop rate: -73.9478%
2018-11-28 14:42:47,086 INFO Average drop rate: -78.604829
2018-11-28 14:42:47,086 INFO Range search [0.390625 .. 0.78125] targets: {'ndr': 0.001}
2018-11-28 14:42:47,087 INFO Modified traffic stream for port 0, new rate=0.5859375%.
2018-11-28 14:42:47,087 INFO Modified traffic stream for port 1, new rate=0.5859375%.
2018-11-28 14:42:47,087 INFO Running traffic generator
2018-11-28 14:42:57,117 INFO TX: 960188; RX: 1169901; Est. Dropped: -209713; Est. Drop rate: -21.8408%
2018-11-28 14:43:07,132 INFO TX: 1920940; RX: 2305231; Est. Dropped: -384291; Est. Drop rate: -20.0054%
2018-11-28 14:43:17,126 INFO TX: 2877792; RX: 3433227; Est. Dropped: -555435; Est. Drop rate: -19.3007%
2018-11-28 14:43:19,135 INFO Average drop rate: -22.462708
2018-11-28 14:43:19,135 INFO Range search [0.5859375 .. 0.78125] targets: {'ndr': 0.001}
2018-11-28 14:43:19,136 INFO Modified traffic stream for port 0, new rate=0.68359375%.
2018-11-28 14:43:19,136 INFO Modified traffic stream for port 1, new rate=0.68359375%.
2018-11-28 14:43:19,136 INFO Running traffic generator
2018-11-28 14:43:29,162 INFO TX: 1119852; RX: 1157667; Est. Dropped: -37815; Est. Drop rate: -3.3768%
2018-11-28 14:43:39,177 INFO TX: 2240572; RX: 2373885; Est. Dropped: -133313; Est. Drop rate: -5.9500%
2018-11-28 14:43:49,176 INFO TX: 3357336; RX: 3492579; Est. Dropped: -135243; Est. Drop rate: -4.0283%
2018-11-28 14:43:51,185 INFO Average drop rate: -5.982183
2018-11-28 14:43:51,185 INFO Range search [0.68359375 .. 0.78125] targets: {'ndr': 0.001}
2018-11-28 14:43:51,186 INFO Found ndr (0.001) load: 0.68359375
2018-11-28 14:43:51,186 INFO NDR load: 1.3671875
2018-11-28 14:43:51,186 INFO Service chain 'EXT' run completed.
2018-11-28 14:43:51,186 INFO Clean up skipped.
2018-11-28 14:43:51,220 INFO Saving results in json file: /tmp/nfvbench/vsc_4c4n_ndr-1.json...
2018-11-28 14:43:51,224 INFO 
========== NFVBench Summary ==========
Date: 2018-11-28 14:30:49
NFVBench version 2.0.5
Openstack Neutron:
  vSwitch: 
  Encapsulation: 
Benchmarks:
> Networks:
  > Components:
    > Traffic Generator:
        Profile: trex-local
        Tool: TRex
    > Versions:
      > Traffic_Generator:
          build_date: Nov 13 2017
          version: v2.32
          built_by: hhaim
          mode: STL
          build_time: 10:58:17
  > Measurement Parameters:
      NDR: 0.001
  > Service chain:
    > EXT:
      > Traffic:
          Profile: traffic_profile_2sizes
          Bidirectional: True
          Flow count: 1024
          Service chains count: 4
          Compute nodes: []
            
            Run Summary:
            
              +-----+-----------------+------------------+------------------+-----------------+----------------------+----------------------+----------------------+
              |  -  |  L2 Frame Size  |  Rate (fwd+rev)  |  Rate (fwd+rev)  |  Avg Drop Rate  |  Avg Latency (usec)  |   Min Latency (usec) |  Max Latency (usec)  |
              +=====+=================+==================+==================+=================+======================+======================+======================+
              | NDR |       64        |   48.8281 Mbps   |    72,660 pps    |    -54.5376%    |        37,078        |                   20 |       379,528        |
              +-----+-----------------+------------------+------------------+-----------------+----------------------+----------------------+----------------------+
              | NDR |      IMIX       |  341.7969 Mbps   |   111,892 pps    |    -5.9822%     |        48,407        |                   20 |      1,316,542       |
              +-----+-----------------+------------------+------------------+-----------------+----------------------+----------------------+----------------------+
              
            
            L2 frame size: 64
            NDR search duration: 353 seconds
            
            
            L2 frame size: IMIX
            NDR search duration: 353 seconds
            

