2018-11-27 11:57:20,872 INFO Loading configuration file: /tmp/nfvbench/nfvbench_config.cfg
2018-11-27 11:57:20,903 INFO EXT chain with OpenStack mode disabled
2018-11-27 11:57:20,903 INFO -c /tmp/nfvbench/nfvbench_config.cfg --rate 18500000pps --flow-count 1024 --duration 30 --json /tmp/nfvbench/vsc_2c4n_18500000pps-1.json
2018-11-27 11:57:20,905 INFO Connecting to TRex (127.0.0.1)...
2018-11-27 11:57:21,047 INFO Connected to TRex
2018-11-27 11:57:21,047 INFO    Port 0: Device 158b speed=25Gbps mac=3c:fd:fe:bd:f8:60 pci=0000:3b:00.0 driver=net_i40e
2018-11-27 11:57:21,047 INFO    Port 1: Device 158b speed=25Gbps mac=3c:fd:fe:bd:f8:61 pci=0000:3b:00.1 driver=net_i40e
2018-11-27 11:57:21,048 INFO ChainRunner initialized
2018-11-27 11:57:21,049 INFO Starting 2xEXT benchmark...
2018-11-27 11:57:21,154 INFO Polling ARP until successful...
2018-11-27 11:57:21,363 INFO    ARP: port=0 chain=0 src IP=172.16.10.100 dst IP=172.16.10.10 -> MAC=52:54:00:00:00:aa
2018-11-27 11:57:21,363 INFO    ARP: port=0 chain=1 src IP=172.16.10.101 dst IP=172.16.10.11 -> MAC=52:54:01:00:00:aa
2018-11-27 11:57:21,363 INFO ARP resolved successfully for port 0
2018-11-27 11:57:21,572 INFO    ARP: port=1 chain=0 src IP=172.16.20.100 dst IP=172.16.20.10 -> MAC=52:54:00:00:00:bb
2018-11-27 11:57:21,572 INFO    ARP: port=1 chain=1 src IP=172.16.20.101 dst IP=172.16.20.11 -> MAC=52:54:01:00:00:bb
2018-11-27 11:57:21,572 INFO ARP resolved successfully for port 1
2018-11-27 11:57:21,673 INFO Port 0: dst MAC ['52:54:00:00:00:aa', '52:54:01:00:00:aa']
2018-11-27 11:57:21,674 INFO Port 1: dst MAC ['52:54:00:00:00:bb', '52:54:01:00:00:bb']
2018-11-27 11:57:21,674 INFO Starting traffic generator to ensure end-to-end connectivity
2018-11-27 11:57:21,686 INFO Created 2 traffic streams for port 0.
2018-11-27 11:57:21,688 INFO Created 2 traffic streams for port 1.
2018-11-27 11:57:21,800 INFO Captured unique src mac 0/4, capturing return packets (retry 1/100)...
2018-11-27 11:57:23,972 INFO Received packet from mac: 52:54:01:00:00:bb (chain=1, port=1)
2018-11-27 11:57:23,972 INFO Received packet from mac: 52:54:00:00:00:bb (chain=0, port=1)
2018-11-27 11:57:23,975 INFO Received packet from mac: 52:54:01:00:00:aa (chain=1, port=0)
2018-11-27 11:57:23,975 INFO Received packet from mac: 52:54:00:00:00:aa (chain=0, port=0)
2018-11-27 11:57:23,975 INFO End-to-end connectivity established
2018-11-27 11:57:23,992 INFO Cleared all existing streams
2018-11-27 11:57:24,008 INFO Created 4 traffic streams for port 0.
2018-11-27 11:57:24,010 INFO Created 4 traffic streams for port 1.
2018-11-27 11:57:24,010 INFO Starting to generate traffic...
2018-11-27 11:57:24,010 INFO Running traffic generator
2018-11-27 11:57:34,034 INFO TX: 185190635; RX: 2870761; Est. Dropped: 182319874; Est. Drop rate: 98.4498%
2018-11-27 11:57:44,048 INFO TX: 370455194; RX: 6339167; Est. Dropped: 364116027; Est. Drop rate: 98.2888%
2018-11-27 11:57:54,044 INFO TX: 554991204; RX: 9882932; Est. Dropped: 545108272; Est. Drop rate: 98.2193%
2018-11-27 11:57:54,044 INFO ...traffic generating ended.
2018-11-27 11:57:54,049 INFO Service chain 'EXT' run completed.
2018-11-27 11:57:54,049 INFO Clean up skipped.
2018-11-27 11:57:54,078 INFO Saving results in json file: /tmp/nfvbench/vsc_2c4n_18500000pps-1.json...
2018-11-27 11:57:54,085 INFO 
========== NFVBench Summary ==========
Date: 2018-11-27 11:57:21
NFVBench version 2.0.5
Openstack Neutron:
  vSwitch: 
  Encapsulation: 
Benchmarks:
> Networks:
  > Components:
    > Traffic Generator:
        Profile: trex-local
        Tool: TRex
    > Versions:
      > Traffic_Generator:
          build_date: Nov 13 2017
          version: v2.32
          built_by: hhaim
          mode: STL
          build_time: 10:58:17
  > Service chain:
    > EXT:
      > Traffic:
          Profile: traffic_profile_64B
          Bidirectional: True
          Flow count: 1024
          Service chains count: 2
          Compute nodes: []
            
            Run Summary:
            
              +-----------------+-------------+----------------------+----------------------+----------------------+
              |   L2 Frame Size |  Drop Rate  |  Avg Latency (usec)  |  Min Latency (usec)  |  Max Latency (usec)  |
              +=================+=============+======================+======================+======================+
              |              64 |  98.2193%   |        5,872         |        1,000         |       166,337        |
              +-----------------+-------------+----------------------+----------------------+----------------------+
              
            
            L2 frame size: 64
            
            Run Config:
            
              +-------------+---------------------------+------------------------+-----------------+---------------------------+------------------------+-----------------+
              |  Direction  |  Requested TX Rate (bps)  |  Actual TX Rate (bps)  |  RX Rate (bps)  |  Requested TX Rate (pps)  |  Actual TX Rate (pps)  |  RX Rate (pps)  |
              +=============+===========================+========================+=================+===========================+========================+=================+
              |   Forward   |        6.2160 Gbps        |      6.2159 Gbps       |  142.0693 Mbps  |       9,250,000 pps       |     9,249,853 pps      |   211,412 pps   |
              +-------------+---------------------------+------------------------+-----------------+---------------------------+------------------------+-----------------+
              |   Reverse   |        6.2160 Gbps        |      6.2159 Gbps       |  79.3084 Mbps   |       9,250,000 pps       |     9,249,853 pps      |   118,018 pps   |
              +-------------+---------------------------+------------------------+-----------------+---------------------------+------------------------+-----------------+
              |    Total    |       12.4320 Gbps        |      12.4318 Gbps      |  221.3777 Mbps  |      18,500,000 pps       |     18,499,706 pps     |   329,430 pps   |
              +-------------+---------------------------+------------------------+-----------------+---------------------------+------------------------+-----------------+
              
            Forward Chain Packet Counters and Latency:
            
              +---------+--------------+--------------------------+------------+------------+--------------+
              |  Chain  |  TRex.TX.p0  |        TRex.RX.p1        |  Avg lat.  |  Min lat.  |   Max lat.   |
              +=========+==============+==========================+============+============+==============+
              |    0    | 138,747,801  | -135,656,866 (-97.7723%) | 5,070 usec | 1,000 usec | 77,809 usec  |
              +---------+--------------+--------------------------+------------+------------+--------------+
              |    1    | 138,747,801  | -135,496,102 (-97.6564%) | 4,818 usec | 1,000 usec | 166,337 usec |
              +---------+--------------+--------------------------+------------+------------+--------------+
              |  total  | 277,495,602  | -271,152,968 (-97.7143%) | 4,944 usec | 1,000 usec | 166,337 usec |
              +---------+--------------+--------------------------+------------+------------+--------------+
              
            Reverse Chain Packet Counters and Latency:
            
              +---------+--------------+--------------------------+------------+------------+-------------+
              |  Chain  |  TRex.TX.p1  |        TRex.RX.p0        |  Avg lat.  |  Min lat.  |  Max lat.   |
              +=========+==============+==========================+============+============+=============+
              |    0    | 138,747,801  | -136,982,147 (-98.7274%) | 7,081 usec | 1,000 usec | 45,281 usec |
              +---------+--------------+--------------------------+------------+------------+-------------+
              |    1    | 138,747,801  | -136,972,903 (-98.7208%) | 5,701 usec | 1,000 usec | 49,529 usec |
              +---------+--------------+--------------------------+------------+------------+-------------+
              |  total  | 277,495,602  | -273,955,050 (-98.7241%) | 6,391 usec | 1,000 usec | 49,529 usec |
              +---------+--------------+--------------------------+------------+------------+-------------+
              

