2018-11-21 14:36:36,453 INFO Loading configuration file: /tmp/nfvbench/nfvbench_config.cfg
2018-11-21 14:36:36,484 INFO EXT chain with OpenStack mode disabled
2018-11-21 14:36:36,484 INFO -c /tmp/nfvbench/nfvbench_config.cfg --rate 18500000pps --flow-count 1024 --duration 30 --json /tmp/nfvbench/vsc_1c1n_18500000pps-1.json
2018-11-21 14:36:36,485 INFO Connecting to TRex (127.0.0.1)...
2018-11-21 14:36:36,631 INFO Connected to TRex
2018-11-21 14:36:36,631 INFO    Port 0: Device 158b speed=25Gbps mac=3c:fd:fe:bd:f8:60 pci=0000:3b:00.0 driver=net_i40e
2018-11-21 14:36:36,631 INFO    Port 1: Device 158b speed=25Gbps mac=3c:fd:fe:bd:f8:61 pci=0000:3b:00.1 driver=net_i40e
2018-11-21 14:36:36,632 INFO ChainRunner initialized
2018-11-21 14:36:36,632 INFO Starting 1xEXT benchmark...
2018-11-21 14:36:36,738 INFO Polling ARP until successful...
2018-11-21 14:36:36,866 INFO    ARP: port=0 chain=0 src IP=172.16.10.100 dst IP=172.16.10.10 -> MAC=52:54:00:00:00:aa
2018-11-21 14:36:36,866 INFO ARP resolved successfully for port 0
2018-11-21 14:36:36,993 INFO    ARP: port=1 chain=0 src IP=172.16.20.100 dst IP=172.16.20.10 -> MAC=52:54:00:00:00:bb
2018-11-21 14:36:36,993 INFO ARP resolved successfully for port 1
2018-11-21 14:36:37,095 INFO Port 0: dst MAC ['52:54:00:00:00:aa']
2018-11-21 14:36:37,095 INFO Port 1: dst MAC ['52:54:00:00:00:bb']
2018-11-21 14:36:37,095 INFO Starting traffic generator to ensure end-to-end connectivity
2018-11-21 14:36:37,102 INFO Created 1 traffic streams for port 0.
2018-11-21 14:36:37,103 INFO Created 1 traffic streams for port 1.
2018-11-21 14:36:37,220 INFO Captured unique src mac 0/2, capturing return packets (retry 1/100)...
2018-11-21 14:36:39,341 INFO Received packet from mac: 52:54:00:00:00:aa (chain=0, port=0)
2018-11-21 14:36:39,341 INFO Received packet from mac: 52:54:00:00:00:bb (chain=0, port=1)
2018-11-21 14:36:39,341 INFO End-to-end connectivity established
2018-11-21 14:36:39,359 INFO Cleared all existing streams
2018-11-21 14:36:39,367 INFO Created 2 traffic streams for port 0.
2018-11-21 14:36:39,369 INFO Created 2 traffic streams for port 1.
2018-11-21 14:36:39,369 INFO Starting to generate traffic...
2018-11-21 14:36:39,369 INFO Running traffic generator
2018-11-21 14:36:49,388 INFO TX: 185189964; RX: 61563420; Est. Dropped: 123626544; Est. Drop rate: 66.7566%
2018-11-21 14:36:59,402 INFO TX: 370428059; RX: 122547292; Est. Dropped: 247880767; Est. Drop rate: 66.9174%
2018-11-21 14:37:09,399 INFO TX: 555000546; RX: 183662291; Est. Dropped: 371338255; Est. Drop rate: 66.9077%
2018-11-21 14:37:09,399 INFO ...traffic generating ended.
2018-11-21 14:37:09,403 INFO Service chain 'EXT' run completed.
2018-11-21 14:37:09,403 INFO Clean up skipped.
2018-11-21 14:37:09,426 INFO Saving results in json file: /tmp/nfvbench/vsc_1c1n_18500000pps-1.json...
2018-11-21 14:37:09,431 INFO 
========== NFVBench Summary ==========
Date: 2018-11-21 14:36:36
NFVBench version 2.0.5
Openstack Neutron:
  vSwitch: 
  Encapsulation: 
Benchmarks:
> Networks:
  > Components:
    > Traffic Generator:
        Profile: trex-local
        Tool: TRex
    > Versions:
      > Traffic_Generator:
          build_date: Nov 13 2017
          version: v2.32
          built_by: hhaim
          mode: STL
          build_time: 10:58:17
  > Service chain:
    > EXT:
      > Traffic:
          Profile: traffic_profile_64B
          Bidirectional: True
          Flow count: 1024
          Service chains count: 1
          Compute nodes: []
            
            Run Summary:
            
              +-----------------+-------------+----------------------+----------------------+----------------------+
              |   L2 Frame Size |  Drop Rate  |   Avg Latency (usec) |   Min Latency (usec) |   Max Latency (usec) |
              +=================+=============+======================+======================+======================+
              |              64 |  66.9077%   |                  512 |                   10 |                  604 |
              +-----------------+-------------+----------------------+----------------------+----------------------+
              
            
            L2 frame size: 64
            
            Run Config:
            
              +-------------+---------------------------+------------------------+-----------------+---------------------------+------------------------+-----------------+
              |  Direction  |  Requested TX Rate (bps)  |  Actual TX Rate (bps)  |  RX Rate (bps)  |  Requested TX Rate (pps)  |  Actual TX Rate (pps)  |  RX Rate (pps)  |
              +=============+===========================+========================+=================+===========================+========================+=================+
              |   Forward   |        6.2160 Gbps        |      6.2160 Gbps       |   2.0570 Gbps   |       9,250,000 pps       |     9,250,009 pps      |  3,061,028 pps  |
              +-------------+---------------------------+------------------------+-----------------+---------------------------+------------------------+-----------------+
              |   Reverse   |        6.2160 Gbps        |      6.2160 Gbps       |   2.0570 Gbps   |       9,250,000 pps       |     9,250,009 pps      |  3,061,048 pps  |
              +-------------+---------------------------+------------------------+-----------------+---------------------------+------------------------+-----------------+
              |    Total    |       12.4320 Gbps        |      12.4320 Gbps      |   4.1140 Gbps   |      18,500,000 pps       |     18,500,018 pps     |  6,122,076 pps  |
              +-------------+---------------------------+------------------------+-----------------+---------------------------+------------------------+-----------------+
              
            Forward Chain Packet Counters and Latency:
            
              +---------+--------------+--------------------------+------------+------------+------------+
              |   Chain |  TRex.TX.p0  |        TRex.RX.p1        |  Avg lat.  |  Min lat.  |  Max lat.  |
              +=========+==============+==========================+============+============+============+
              |       0 | 277,500,273  | -185,669,432 (-66.9078%) |  522 usec  |  10 usec   |  604 usec  |
              +---------+--------------+--------------------------+------------+------------+------------+
              
            Reverse Chain Packet Counters and Latency:
            
              +---------+--------------+--------------------------+------------+------------+------------+
              |   Chain |  TRex.TX.p1  |        TRex.RX.p0        |  Avg lat.  |  Min lat.  |  Max lat.  |
              +=========+==============+==========================+============+============+============+
              |       0 | 277,500,273  | -185,668,823 (-66.9076%) |  504 usec  |  100 usec  |  596 usec  |
              +---------+--------------+--------------------------+------------+------------+------------+
              

