2018-11-21 11:14:45,292 INFO Loading configuration file: /tmp/nfvbench/nfvbench_config.cfg
2018-11-21 11:14:45,327 INFO EXT chain with OpenStack mode disabled
2018-11-21 11:14:45,327 INFO -c /tmp/nfvbench/nfvbench_config.cfg --rate 18500000pps --flow-count 1024 --duration 30 --json /tmp/nfvbench/csc_1c1n_18500000pps-1.json
2018-11-21 11:14:45,328 INFO Connecting to TRex (127.0.0.1)...
2018-11-21 11:14:45,470 INFO Connected to TRex
2018-11-21 11:14:45,470 INFO    Port 0: Ethernet Controller X710 for 10GbE SFP+ speed=10Gbps mac=e4:43:4b:2e:b1:d1 pci=0000:1a:00.1 driver=net_i40e
2018-11-21 11:14:45,470 INFO    Port 1: Ethernet Controller X710 for 10GbE SFP+ speed=10Gbps mac=e4:43:4b:2e:b1:d2 pci=0000:1a:00.2 driver=net_i40e
2018-11-21 11:14:45,471 INFO ChainRunner initialized
2018-11-21 11:14:45,472 INFO Starting 1xEXT benchmark...
2018-11-21 11:14:45,578 INFO Polling ARP until successful...
2018-11-21 11:14:45,690 INFO    ARP: port=0 chain=0 src IP=172.16.10.100 dst IP=172.16.10.10 -> MAC=52:54:00:00:00:aa
2018-11-21 11:14:45,690 INFO ARP resolved successfully for port 0
2018-11-21 11:14:45,818 INFO    ARP: port=1 chain=0 src IP=172.16.20.100 dst IP=172.16.20.10 -> MAC=52:54:00:00:00:bb
2018-11-21 11:14:45,818 INFO ARP resolved successfully for port 1
2018-11-21 11:14:45,920 INFO Port 0: dst MAC ['52:54:00:00:00:aa']
2018-11-21 11:14:45,920 INFO Port 1: dst MAC ['52:54:00:00:00:bb']
2018-11-21 11:14:45,920 INFO Starting traffic generator to ensure end-to-end connectivity
2018-11-21 11:14:45,929 INFO Created 1 traffic streams for port 0.
2018-11-21 11:14:45,930 INFO Created 1 traffic streams for port 1.
2018-11-21 11:14:46,064 INFO Captured unique src mac 0/2, capturing return packets (retry 1/100)...
2018-11-21 11:14:48,185 INFO Received packet from mac: 52:54:00:00:00:aa (chain=0, port=0)
2018-11-21 11:14:48,185 INFO Received packet from mac: 52:54:00:00:00:bb (chain=0, port=1)
2018-11-21 11:14:48,185 INFO End-to-end connectivity established
2018-11-21 11:14:48,203 INFO Cleared all existing streams
2018-11-21 11:14:48,211 INFO Created 2 traffic streams for port 0.
2018-11-21 11:14:48,213 INFO Created 2 traffic streams for port 1.
2018-11-21 11:14:48,216 INFO Starting to generate traffic...
2018-11-21 11:14:48,216 INFO Running traffic generator
2018-11-21 11:14:58,238 INFO TX: 185183089; RX: 56213133; Est. Dropped: 128969956; Est. Drop rate: 69.6446%
2018-11-21 11:15:08,252 INFO TX: 370427398; RX: 112102875; Est. Dropped: 258324523; Est. Drop rate: 69.7369%
2018-11-21 11:15:18,249 INFO TX: 554995210; RX: 167698501; Est. Dropped: 387296709; Est. Drop rate: 69.7838%
2018-11-21 11:15:18,249 INFO ...traffic generating ended.
2018-11-21 11:15:18,252 INFO Service chain 'EXT' run completed.
2018-11-21 11:15:18,253 INFO Clean up skipped.
2018-11-21 11:15:18,276 INFO Saving results in json file: /tmp/nfvbench/csc_1c1n_18500000pps-1.json...
2018-11-21 11:15:18,282 INFO 
========== NFVBench Summary ==========
Date: 2018-11-21 11:14:45
NFVBench version 2.0.4
Openstack Neutron:
  vSwitch: 
  Encapsulation: 
Benchmarks:
> Networks:
  > Components:
    > Traffic Generator:
        Profile: trex-local
        Tool: TRex
    > Versions:
      > Traffic_Generator:
          build_date: Nov 13 2017
          version: v2.32
          built_by: hhaim
          mode: STL
          build_time: 10:58:17
  > Service chain:
    > EXT:
      > Traffic:
          Profile: traffic_profile_64B
          Bidirectional: True
          Flow count: 1024
          Service chains count: 1
          Compute nodes: []
            
            Run Summary:
            
              +-----------------+-------------+----------------------+----------------------+----------------------+
              |   L2 Frame Size |  Drop Rate  |   Avg Latency (usec) |   Min Latency (usec) |   Max Latency (usec) |
              +=================+=============+======================+======================+======================+
              |              64 |  69.7838%   |                  628 |                   10 |                  732 |
              +-----------------+-------------+----------------------+----------------------+----------------------+
              
            
            L2 frame size: 64
            
            Run Config:
            
              +-------------+---------------------------+------------------------+-----------------+---------------------------+------------------------+-----------------+
              |  Direction  |  Requested TX Rate (bps)  |  Actual TX Rate (bps)  |  RX Rate (bps)  |  Requested TX Rate (pps)  |  Actual TX Rate (pps)  |  RX Rate (pps)  |
              +=============+===========================+========================+=================+===========================+========================+=================+
              |   Forward   |        6.2160 Gbps        |      6.2159 Gbps       |   1.8782 Gbps   |       9,250,000 pps       |     9,249,920 pps      |  2,794,959 pps  |
              +-------------+---------------------------+------------------------+-----------------+---------------------------+------------------------+-----------------+
              |   Reverse   |        6.2160 Gbps        |      6.2159 Gbps       |   1.8782 Gbps   |       9,250,000 pps       |     9,249,920 pps      |  2,794,990 pps  |
              +-------------+---------------------------+------------------------+-----------------+---------------------------+------------------------+-----------------+
              |    Total    |       12.4320 Gbps        |      12.4319 Gbps      |   3.7564 Gbps   |      18,500,000 pps       |     18,499,840 pps     |  5,589,949 pps  |
              +-------------+---------------------------+------------------------+-----------------+---------------------------+------------------------+-----------------+
              
            Forward Chain Packet Counters and Latency:
            
              +---------+--------------+--------------------------+------------+------------+------------+
              |   Chain |  TRex.TX.p0  |        TRex.RX.p1        |  Avg lat.  |  Min lat.  |  Max lat.  |
              +=========+==============+==========================+============+============+============+
              |       0 | 277,497,605  | -193,648,820 (-69.7840%) |  594 usec  |  10 usec   |  732 usec  |
              +---------+--------------+--------------------------+------------+------------+------------+
              
            Reverse Chain Packet Counters and Latency:
            
              +---------+--------------+--------------------------------+------------+------------+------------+
              |   Chain |  TRex.TX.p1  |           TRex.RX.p0           |  Avg lat.  |  Min lat.  |  Max lat.  |
              +=========+==============+================================+============+============+============+
              |       0 | 277,497,605  | +59,856,387,661 (+21570.0556%) |  664 usec  |  300 usec  |  706 usec  |
              +---------+--------------+--------------------------------+------------+------------+------------+
              

