2018-11-28 12:56:27,479 INFO Loading configuration file: /tmp/nfvbench/nfvbench_config.cfg
2018-11-28 12:56:27,517 INFO EXT chain with OpenStack mode disabled
2018-11-28 12:56:27,517 INFO -c /tmp/nfvbench/nfvbench_config.cfg --rate ndr --flow-count 1024 --duration 30 --json /tmp/nfvbench/csc_6c1n_ndr-1.json
2018-11-28 12:56:27,518 INFO Connecting to TRex (127.0.0.1)...
2018-11-28 12:56:27,654 INFO Connected to TRex
2018-11-28 12:56:27,654 INFO    Port 0: Ethernet Controller X710 for 10GbE SFP+ speed=10Gbps mac=e4:43:4b:2e:b1:d1 pci=0000:1a:00.1 driver=net_i40e
2018-11-28 12:56:27,654 INFO    Port 1: Ethernet Controller X710 for 10GbE SFP+ speed=10Gbps mac=e4:43:4b:2e:b1:d2 pci=0000:1a:00.2 driver=net_i40e
2018-11-28 12:56:27,655 INFO ChainRunner initialized
2018-11-28 12:56:27,656 INFO Starting 6xEXT benchmark...
2018-11-28 12:56:27,783 INFO Polling ARP until successful...
2018-11-28 12:56:27,996 INFO    ARP: port=0 chain=0 src IP=172.16.10.100 dst IP=172.16.10.10 -> MAC=52:54:00:00:00:aa
2018-11-28 12:56:27,996 INFO    ARP: port=0 chain=1 src IP=172.16.10.101 dst IP=172.16.10.11 -> MAC=52:54:01:00:00:aa
2018-11-28 12:56:27,996 INFO    ARP: port=0 chain=2 src IP=172.16.10.102 dst IP=172.16.10.12 -> MAC=52:54:02:00:00:aa
2018-11-28 12:56:27,996 INFO    ARP: port=0 chain=3 src IP=172.16.10.103 dst IP=172.16.10.13 -> MAC=52:54:03:00:00:aa
2018-11-28 12:56:27,996 INFO    ARP: port=0 chain=4 src IP=172.16.10.104 dst IP=172.16.10.14 -> MAC=52:54:04:00:00:aa
2018-11-28 12:56:27,996 INFO    ARP: port=0 chain=5 src IP=172.16.10.105 dst IP=172.16.10.15 -> MAC=52:54:05:00:00:aa
2018-11-28 12:56:27,996 INFO ARP resolved successfully for port 0
2018-11-28 12:56:28,209 INFO    ARP: port=1 chain=0 src IP=172.16.20.100 dst IP=172.16.20.10 -> MAC=52:54:00:00:00:bb
2018-11-28 12:56:28,209 INFO    ARP: port=1 chain=1 src IP=172.16.20.101 dst IP=172.16.20.11 -> MAC=52:54:01:00:00:bb
2018-11-28 12:56:28,209 INFO    ARP: port=1 chain=2 src IP=172.16.20.102 dst IP=172.16.20.12 -> MAC=52:54:02:00:00:bb
2018-11-28 12:56:28,209 INFO    ARP: port=1 chain=3 src IP=172.16.20.103 dst IP=172.16.20.13 -> MAC=52:54:03:00:00:bb
2018-11-28 12:56:28,209 INFO    ARP: port=1 chain=4 src IP=172.16.20.104 dst IP=172.16.20.14 -> MAC=52:54:04:00:00:bb
2018-11-28 12:56:28,209 INFO    ARP: port=1 chain=5 src IP=172.16.20.105 dst IP=172.16.20.15 -> MAC=52:54:05:00:00:bb
2018-11-28 12:56:28,210 INFO ARP resolved successfully for port 1
2018-11-28 12:56:28,311 INFO Port 0: dst MAC ['52:54:00:00:00:aa', '52:54:01:00:00:aa', '52:54:02:00:00:aa', '52:54:03:00:00:aa', '52:54:04:00:00:aa', '52:54:05:00:00:aa']
2018-11-28 12:56:28,311 INFO Port 1: dst MAC ['52:54:00:00:00:bb', '52:54:01:00:00:bb', '52:54:02:00:00:bb', '52:54:03:00:00:bb', '52:54:04:00:00:bb', '52:54:05:00:00:bb']
2018-11-28 12:56:28,311 INFO Starting traffic generator to ensure end-to-end connectivity
2018-11-28 12:56:28,345 INFO Created 6 traffic streams for port 0.
2018-11-28 12:56:28,349 INFO Created 6 traffic streams for port 1.
2018-11-28 12:56:28,463 INFO Captured unique src mac 0/12, capturing return packets (retry 1/100)...
2018-11-28 12:56:30,586 INFO Received packet from mac: 52:54:00:00:00:bb (chain=0, port=1)
2018-11-28 12:56:30,586 INFO Received packet from mac: 52:54:03:00:00:bb (chain=3, port=1)
2018-11-28 12:56:30,586 INFO Received packet from mac: 52:54:01:00:00:bb (chain=1, port=1)
2018-11-28 12:56:30,586 INFO Received packet from mac: 52:54:02:00:00:bb (chain=2, port=1)
2018-11-28 12:56:30,586 INFO Received packet from mac: 52:54:05:00:00:bb (chain=5, port=1)
2018-11-28 12:56:30,586 INFO Received packet from mac: 52:54:04:00:00:bb (chain=4, port=1)
2018-11-28 12:56:30,586 INFO Received packet from mac: 52:54:03:00:00:aa (chain=3, port=0)
2018-11-28 12:56:30,586 INFO Received packet from mac: 52:54:01:00:00:aa (chain=1, port=0)
2018-11-28 12:56:30,587 INFO Received packet from mac: 52:54:04:00:00:aa (chain=4, port=0)
2018-11-28 12:56:30,587 INFO Received packet from mac: 52:54:00:00:00:aa (chain=0, port=0)
2018-11-28 12:56:30,587 INFO Received packet from mac: 52:54:02:00:00:aa (chain=2, port=0)
2018-11-28 12:56:30,587 INFO Received packet from mac: 52:54:05:00:00:aa (chain=5, port=0)
2018-11-28 12:56:30,587 INFO End-to-end connectivity established
2018-11-28 12:56:30,606 INFO Cleared all existing streams
2018-11-28 12:56:30,650 INFO Created 12 traffic streams for port 0.
2018-11-28 12:56:30,657 INFO Created 12 traffic streams for port 1.
2018-11-28 12:56:30,657 INFO *** Searching NDR for 64 (Bidirectional)...
2018-11-28 12:56:30,657 INFO Range search [0.0 .. 200.0] targets: {'ndr': 0.001}
2018-11-28 12:56:30,657 INFO Modified traffic stream for port 0, new rate=100.0%.
2018-11-28 12:56:30,658 INFO Modified traffic stream for port 1, new rate=100.0%.
2018-11-28 12:56:30,658 INFO Running traffic generator


2018-11-28 12:56:36 - [local][warning]   - [1mCPU util. is high: 86.0%[22m
2018-11-28 12:56:40,690 INFO TX: 261695271; RX: 47746642; Est. Dropped: 213948629; Est. Drop rate: 81.7549%
2018-11-28 12:56:50,709 INFO TX: 525238018; RX: 95534930; Est. Dropped: 429703088; Est. Drop rate: 81.8111%
2018-11-28 12:57:00,704 INFO TX: 788009460; RX: 143157275; Est. Dropped: 644852185; Est. Drop rate: 81.8331%
2018-11-28 12:57:02,714 INFO WARNING: There is a significant difference between requested TX rate (29761904) and actual TX rate (26266982). The traffic generator may not have sufficient CPU to achieve the requested TX rate.
2018-11-28 12:57:02,714 INFO Average drop rate: 81.833051
2018-11-28 12:57:02,714 INFO Range search [0.0 .. 100.0] targets: {'ndr': 0.001}
2018-11-28 12:57:02,715 INFO Modified traffic stream for port 0, new rate=50.0%.
2018-11-28 12:57:02,715 INFO Modified traffic stream for port 1, new rate=50.0%.
2018-11-28 12:57:02,715 INFO Running traffic generator
2018-11-28 12:57:12,748 INFO TX: 148955113; RX: 47743905; Est. Dropped: 101211208; Est. Drop rate: 67.9475%
2018-11-28 12:57:22,766 INFO TX: 298039418; RX: 95523950; Est. Dropped: 202515468; Est. Drop rate: 67.9492%
2018-11-28 12:57:32,761 INFO TX: 446429472; RX: 143102115; Est. Dropped: 303327357; Est. Drop rate: 67.9452%
2018-11-28 12:57:34,771 INFO Average drop rate: 67.945191
2018-11-28 12:57:34,772 INFO Range search [0.0 .. 50.0] targets: {'ndr': 0.001}
2018-11-28 12:57:34,772 INFO Modified traffic stream for port 0, new rate=25.0%.
2018-11-28 12:57:34,772 INFO Modified traffic stream for port 1, new rate=25.0%.
2018-11-28 12:57:34,772 INFO Running traffic generator
2018-11-28 12:57:44,807 INFO TX: 74503556; RX: 47801748; Est. Dropped: 26701808; Est. Drop rate: 35.8396%
2018-11-28 12:57:54,827 INFO TX: 149039798; RX: 95605140; Est. Dropped: 53434658; Est. Drop rate: 35.8526%
2018-11-28 12:58:04,814 INFO TX: 223214496; RX: 143172610; Est. Dropped: 80041886; Est. Drop rate: 35.8587%
2018-11-28 12:58:06,825 INFO Average drop rate: 35.858731
2018-11-28 12:58:06,825 INFO Range search [0.0 .. 25.0] targets: {'ndr': 0.001}
2018-11-28 12:58:06,825 INFO Modified traffic stream for port 0, new rate=12.5%.
2018-11-28 12:58:06,825 INFO Modified traffic stream for port 1, new rate=12.5%.
2018-11-28 12:58:06,825 INFO Running traffic generator
2018-11-28 12:58:16,861 INFO TX: 37236812; RX: 37236668; Est. Dropped: 144; Est. Drop rate: 0.0004%
2018-11-28 12:58:26,880 INFO TX: 74512957; RX: 74512854; Est. Dropped: 103; Est. Drop rate: 0.0001%
2018-11-28 12:58:36,870 INFO TX: 111607152; RX: 111607152; Est. Dropped: 0; Est. Drop rate: 0.0000%
2018-11-28 12:58:38,882 INFO Average drop rate: 0.000000
2018-11-28 12:58:38,882 INFO Range search [12.5 .. 25.0] targets: {'ndr': 0.001}
2018-11-28 12:58:38,882 INFO Modified traffic stream for port 0, new rate=18.75%.
2018-11-28 12:58:38,882 INFO Modified traffic stream for port 1, new rate=18.75%.
2018-11-28 12:58:38,882 INFO Running traffic generator
2018-11-28 12:58:48,921 INFO TX: 55855206; RX: 47734199; Est. Dropped: 8121007; Est. Drop rate: 14.5394%
2018-11-28 12:58:58,941 INFO TX: 111764015; RX: 95515330; Est. Dropped: 16248685; Est. Drop rate: 14.5384%
2018-11-28 12:59:08,932 INFO TX: 167411016; RX: 143067814; Est. Dropped: 24343202; Est. Drop rate: 14.5410%
2018-11-28 12:59:10,943 INFO Average drop rate: 14.540980
2018-11-28 12:59:10,943 INFO Range search [12.5 .. 18.75] targets: {'ndr': 0.001}
2018-11-28 12:59:10,943 INFO Modified traffic stream for port 0, new rate=15.625%.
2018-11-28 12:59:10,943 INFO Modified traffic stream for port 1, new rate=15.625%.
2018-11-28 12:59:10,943 INFO Running traffic generator
2018-11-28 12:59:20,985 INFO TX: 46542992; RX: 46532998; Est. Dropped: 9994; Est. Drop rate: 0.0215%
2018-11-28 12:59:31,004 INFO TX: 93136205; RX: 92748124; Est. Dropped: 388081; Est. Drop rate: 0.4167%
2018-11-28 12:59:40,995 INFO TX: 139508952; RX: 138644493; Est. Dropped: 864459; Est. Drop rate: 0.6196%
2018-11-28 12:59:43,006 INFO Average drop rate: 0.619644
2018-11-28 12:59:43,006 INFO Range search [12.5 .. 15.625] targets: {'ndr': 0.001}
2018-11-28 12:59:43,006 INFO Modified traffic stream for port 0, new rate=14.0625%.
2018-11-28 12:59:43,006 INFO Modified traffic stream for port 1, new rate=14.0625%.
2018-11-28 12:59:43,006 INFO Running traffic generator
2018-11-28 12:59:53,047 INFO TX: 41892166; RX: 41891730; Est. Dropped: 436; Est. Drop rate: 0.0010%
2018-11-28 13:00:03,067 INFO TX: 83825794; RX: 83825342; Est. Dropped: 452; Est. Drop rate: 0.0005%
2018-11-28 13:00:13,060 INFO TX: 125558172; RX: 125558172; Est. Dropped: 0; Est. Drop rate: 0.0000%
2018-11-28 13:00:15,071 INFO Average drop rate: 0.000000
2018-11-28 13:00:15,072 INFO Range search [14.0625 .. 15.625] targets: {'ndr': 0.001}
2018-11-28 13:00:15,072 INFO Modified traffic stream for port 0, new rate=14.84375%.
2018-11-28 13:00:15,072 INFO Modified traffic stream for port 1, new rate=14.84375%.
2018-11-28 13:00:15,072 INFO Running traffic generator
2018-11-28 13:00:25,107 INFO TX: 44220696; RX: 44220115; Est. Dropped: 581; Est. Drop rate: 0.0013%
2018-11-28 13:00:35,127 INFO TX: 88484318; RX: 88483537; Est. Dropped: 781; Est. Drop rate: 0.0009%
2018-11-28 13:00:45,118 INFO TX: 132533436; RX: 132533436; Est. Dropped: 0; Est. Drop rate: 0.0000%
2018-11-28 13:00:47,129 INFO Average drop rate: 0.000000
2018-11-28 13:00:47,129 INFO Range search [14.84375 .. 15.625] targets: {'ndr': 0.001}
2018-11-28 13:00:47,129 INFO Modified traffic stream for port 0, new rate=15.234375%.
2018-11-28 13:00:47,129 INFO Modified traffic stream for port 1, new rate=15.234375%.
2018-11-28 13:00:47,130 INFO Running traffic generator
2018-11-28 13:00:57,169 INFO TX: 45381622; RX: 45380808; Est. Dropped: 814; Est. Drop rate: 0.0018%
2018-11-28 13:01:07,189 INFO TX: 90812170; RX: 90811219; Est. Dropped: 951; Est. Drop rate: 0.0010%
2018-11-28 13:01:17,180 INFO TX: 136021164; RX: 136021164; Est. Dropped: 0; Est. Drop rate: 0.0000%
2018-11-28 13:01:19,191 INFO Average drop rate: 0.000000
2018-11-28 13:01:19,191 INFO Range search [15.234375 .. 15.625] targets: {'ndr': 0.001}
2018-11-28 13:01:19,191 INFO Modified traffic stream for port 0, new rate=15.4296875%.
2018-11-28 13:01:19,191 INFO Modified traffic stream for port 1, new rate=15.4296875%.
2018-11-28 13:01:19,191 INFO Running traffic generator
2018-11-28 13:01:29,224 INFO TX: 45965022; RX: 45941392; Est. Dropped: 23630; Est. Drop rate: 0.0514%
2018-11-28 13:01:39,245 INFO TX: 91976398; RX: 91930589; Est. Dropped: 45809; Est. Drop rate: 0.0498%
2018-11-28 13:01:49,237 INFO TX: 137764944; RX: 137708410; Est. Dropped: 56534; Est. Drop rate: 0.0410%
2018-11-28 13:01:51,248 INFO Average drop rate: 0.041037
2018-11-28 13:01:51,249 INFO Range search [15.234375 .. 15.4296875] targets: {'ndr': 0.001}
2018-11-28 13:01:51,249 INFO Modified traffic stream for port 0, new rate=15.33203125%.
2018-11-28 13:01:51,249 INFO Modified traffic stream for port 1, new rate=15.33203125%.
2018-11-28 13:01:51,249 INFO Running traffic generator
2018-11-28 13:02:01,282 INFO TX: 45674168; RX: 45673097; Est. Dropped: 1071; Est. Drop rate: 0.0023%
2018-11-28 13:02:11,302 INFO TX: 91395155; RX: 91394361; Est. Dropped: 794; Est. Drop rate: 0.0009%
2018-11-28 13:02:21,295 INFO TX: 136893084; RX: 136893084; Est. Dropped: 0; Est. Drop rate: 0.0000%
2018-11-28 13:02:23,306 INFO Average drop rate: 0.000000
2018-11-28 13:02:23,306 INFO Range search [15.33203125 .. 15.4296875] targets: {'ndr': 0.001}
2018-11-28 13:02:23,306 INFO Found ndr (0.001) load: 15.33203125
2018-11-28 13:02:23,306 INFO NDR load: 30.6640625
2018-11-28 13:02:23,335 INFO Cleared all existing streams
2018-11-28 13:02:23,467 INFO Created 24 traffic streams for port 0.
2018-11-28 13:02:23,483 INFO Created 24 traffic streams for port 1.
2018-11-28 13:02:23,483 INFO *** Searching NDR for IMIX (Bidirectional)...
2018-11-28 13:02:23,483 INFO Range search [0.0 .. 200.0] targets: {'ndr': 0.001}
2018-11-28 13:02:23,483 INFO Modified traffic stream for port 0, new rate=100.0%.
2018-11-28 13:02:23,483 INFO Modified traffic stream for port 1, new rate=100.0%.
2018-11-28 13:02:23,483 INFO Running traffic generator
2018-11-28 13:02:33,517 INFO TX: 65537474; RX: 28894964; Est. Dropped: 36642510; Est. Drop rate: 55.9108%
2018-11-28 13:02:43,536 INFO TX: 131137796; RX: 57830481; Est. Dropped: 73307315; Est. Drop rate: 55.9010%
2018-11-28 13:02:53,526 INFO TX: 196421724; RX: 86698377; Est. Dropped: 109723347; Est. Drop rate: 55.8611%
2018-11-28 13:02:55,536 INFO Average drop rate: 55.861106
2018-11-28 13:02:55,536 INFO Range search [0.0 .. 100.0] targets: {'ndr': 0.001}
2018-11-28 13:02:55,537 INFO Modified traffic stream for port 0, new rate=50.0%.
2018-11-28 13:02:55,537 INFO Modified traffic stream for port 1, new rate=50.0%.
2018-11-28 13:02:55,537 INFO Running traffic generator
2018-11-28 13:03:05,572 INFO TX: 32768679; RX: 29426428; Est. Dropped: 3342251; Est. Drop rate: 10.1995%
2018-11-28 13:03:15,591 INFO TX: 65567914; RX: 58881276; Est. Dropped: 6686638; Est. Drop rate: 10.1980%
2018-11-28 13:03:25,582 INFO TX: 98211156; RX: 88190479; Est. Dropped: 10020677; Est. Drop rate: 10.2032%
2018-11-28 13:03:27,592 INFO Average drop rate: 10.203196
2018-11-28 13:03:27,593 INFO Range search [0.0 .. 50.0] targets: {'ndr': 0.001}
2018-11-28 13:03:27,593 INFO Modified traffic stream for port 0, new rate=25.0%.
2018-11-28 13:03:27,593 INFO Modified traffic stream for port 1, new rate=25.0%.
2018-11-28 13:03:27,593 INFO Running traffic generator
2018-11-28 13:03:37,630 INFO TX: 16383762; RX: 16383756; Est. Dropped: 6; Est. Drop rate: 0.0000%
2018-11-28 13:03:47,650 INFO TX: 32784974; RX: 32784938; Est. Dropped: 36; Est. Drop rate: 0.0001%
2018-11-28 13:03:57,640 INFO TX: 49106004; RX: 49106004; Est. Dropped: 0; Est. Drop rate: 0.0000%
2018-11-28 13:03:59,652 INFO Average drop rate: 0.000000
2018-11-28 13:03:59,652 INFO Range search [25.0 .. 50.0] targets: {'ndr': 0.001}
2018-11-28 13:03:59,652 INFO Modified traffic stream for port 0, new rate=37.5%.
2018-11-28 13:03:59,652 INFO Modified traffic stream for port 1, new rate=37.5%.
2018-11-28 13:03:59,652 INFO Running traffic generator
2018-11-28 13:04:09,694 INFO TX: 24574956; RX: 24574908; Est. Dropped: 48; Est. Drop rate: 0.0002%
2018-11-28 13:04:19,715 INFO TX: 49176325; RX: 49176114; Est. Dropped: 211; Est. Drop rate: 0.0004%
2018-11-28 13:04:29,704 INFO TX: 73658616; RX: 73658616; Est. Dropped: 0; Est. Drop rate: 0.0000%
2018-11-28 13:04:31,716 INFO Average drop rate: 0.000000
2018-11-28 13:04:31,716 INFO Range search [37.5 .. 50.0] targets: {'ndr': 0.001}
2018-11-28 13:04:31,716 INFO Modified traffic stream for port 0, new rate=43.75%.
2018-11-28 13:04:31,716 INFO Modified traffic stream for port 1, new rate=43.75%.
2018-11-28 13:04:31,716 INFO Running traffic generator
2018-11-28 13:04:41,758 INFO TX: 28669369; RX: 28669037; Est. Dropped: 332; Est. Drop rate: 0.0012%
2018-11-28 13:04:51,778 INFO TX: 57371890; RX: 57371569; Est. Dropped: 321; Est. Drop rate: 0.0006%
2018-11-28 13:05:01,771 INFO TX: 85934892; RX: 85934892; Est. Dropped: 0; Est. Drop rate: 0.0000%
2018-11-28 13:05:03,782 INFO Average drop rate: 0.000000
2018-11-28 13:05:03,782 INFO Range search [43.75 .. 50.0] targets: {'ndr': 0.001}
2018-11-28 13:05:03,783 INFO Modified traffic stream for port 0, new rate=46.875%.
2018-11-28 13:05:03,783 INFO Modified traffic stream for port 1, new rate=46.875%.
2018-11-28 13:05:03,783 INFO Running traffic generator
2018-11-28 13:05:13,829 INFO TX: 30723890; RX: 30026521; Est. Dropped: 697369; Est. Drop rate: 2.2698%
2018-11-28 13:05:23,849 INFO TX: 61475522; RX: 60074134; Est. Dropped: 1401388; Est. Drop rate: 2.2796%
2018-11-28 13:05:33,838 INFO TX: 92073060; RX: 90002888; Est. Dropped: 2070172; Est. Drop rate: 2.2484%
2018-11-28 13:05:35,850 INFO Average drop rate: 2.248401
2018-11-28 13:05:35,850 INFO Range search [43.75 .. 46.875] targets: {'ndr': 0.001}
2018-11-28 13:05:35,850 INFO Modified traffic stream for port 0, new rate=45.3125%.
2018-11-28 13:05:35,850 INFO Modified traffic stream for port 1, new rate=45.3125%.
2018-11-28 13:05:35,850 INFO Running traffic generator
2018-11-28 13:05:45,894 INFO TX: 29695512; RX: 29695000; Est. Dropped: 512; Est. Drop rate: 0.0017%
2018-11-28 13:05:55,915 INFO TX: 59424026; RX: 59423745; Est. Dropped: 281; Est. Drop rate: 0.0005%
2018-11-28 13:06:05,904 INFO TX: 89003976; RX: 89003976; Est. Dropped: 0; Est. Drop rate: 0.0000%
2018-11-28 13:06:07,916 INFO Average drop rate: 0.000000
2018-11-28 13:06:07,916 INFO Range search [45.3125 .. 46.875] targets: {'ndr': 0.001}
2018-11-28 13:06:07,916 INFO Modified traffic stream for port 0, new rate=46.09375%.
2018-11-28 13:06:07,916 INFO Modified traffic stream for port 1, new rate=46.09375%.
2018-11-28 13:06:07,916 INFO Running traffic generator
2018-11-28 13:06:17,954 INFO TX: 30199257; RX: 29926537; Est. Dropped: 272720; Est. Drop rate: 0.9031%
2018-11-28 13:06:27,974 INFO TX: 60438496; RX: 59831798; Est. Dropped: 606698; Est. Drop rate: 1.0038%
2018-11-28 13:06:37,968 INFO TX: 90538488; RX: 89599227; Est. Dropped: 939261; Est. Drop rate: 1.0374%
2018-11-28 13:06:39,979 INFO Average drop rate: 1.037416
2018-11-28 13:06:39,979 INFO Range search [45.3125 .. 46.09375] targets: {'ndr': 0.001}
2018-11-28 13:06:39,979 INFO Modified traffic stream for port 0, new rate=45.703125%.
2018-11-28 13:06:39,979 INFO Modified traffic stream for port 1, new rate=45.703125%.
2018-11-28 13:06:39,980 INFO Running traffic generator
2018-11-28 13:06:50,016 INFO TX: 29953141; RX: 29952660; Est. Dropped: 481; Est. Drop rate: 0.0016%
2018-11-28 13:07:00,036 INFO TX: 59935776; RX: 59935226; Est. Dropped: 550; Est. Drop rate: 0.0009%
2018-11-28 13:07:10,026 INFO TX: 89771244; RX: 89750530; Est. Dropped: 20714; Est. Drop rate: 0.0231%
2018-11-28 13:07:12,038 INFO Average drop rate: 0.023074
2018-11-28 13:07:12,038 INFO Range search [45.3125 .. 45.703125] targets: {'ndr': 0.001}
2018-11-28 13:07:12,038 INFO Modified traffic stream for port 0, new rate=45.5078125%.
2018-11-28 13:07:12,038 INFO Modified traffic stream for port 1, new rate=45.5078125%.
2018-11-28 13:07:12,038 INFO Running traffic generator
2018-11-28 13:07:22,080 INFO TX: 29824498; RX: 29824029; Est. Dropped: 469; Est. Drop rate: 0.0016%
2018-11-28 13:07:32,101 INFO TX: 59679222; RX: 59678866; Est. Dropped: 356; Est. Drop rate: 0.0006%
2018-11-28 13:07:42,090 INFO TX: 89387604; RX: 89387604; Est. Dropped: 0; Est. Drop rate: 0.0000%
2018-11-28 13:07:44,102 INFO Average drop rate: 0.000000
2018-11-28 13:07:44,102 INFO Range search [45.5078125 .. 45.703125] targets: {'ndr': 0.001}
2018-11-28 13:07:44,102 INFO Modified traffic stream for port 0, new rate=45.60546875%.
2018-11-28 13:07:44,102 INFO Modified traffic stream for port 1, new rate=45.60546875%.
2018-11-28 13:07:44,102 INFO Running traffic generator
2018-11-28 13:07:54,147 INFO TX: 29888198; RX: 29887887; Est. Dropped: 311; Est. Drop rate: 0.0010%
2018-11-28 13:08:04,167 INFO TX: 59807028; RX: 59806634; Est. Dropped: 394; Est. Drop rate: 0.0007%
2018-11-28 13:08:14,157 INFO TX: 89579412; RX: 89579412; Est. Dropped: 0; Est. Drop rate: 0.0000%
2018-11-28 13:08:16,168 INFO Average drop rate: 0.000000
2018-11-28 13:08:16,169 INFO Range search [45.60546875 .. 45.703125] targets: {'ndr': 0.001}
2018-11-28 13:08:16,169 INFO Found ndr (0.001) load: 45.60546875
2018-11-28 13:08:16,169 INFO NDR load: 91.2109375
2018-11-28 13:08:16,169 INFO Service chain 'EXT' run completed.
2018-11-28 13:08:16,169 INFO Clean up skipped.
2018-11-28 13:08:16,204 INFO Saving results in json file: /tmp/nfvbench/csc_6c1n_ndr-1.json...
2018-11-28 13:08:16,209 INFO 
========== NFVBench Summary ==========
Date: 2018-11-28 12:56:27
NFVBench version 2.0.4
Openstack Neutron:
  vSwitch: 
  Encapsulation: 
Benchmarks:
> Networks:
  > Components:
    > Traffic Generator:
        Profile: trex-local
        Tool: TRex
    > Versions:
      > Traffic_Generator:
          build_date: Nov 13 2017
          version: v2.32
          built_by: hhaim
          mode: STL
          build_time: 10:58:17
  > Measurement Parameters:
      NDR: 0.001
  > Service chain:
    > EXT:
      > Traffic:
          Profile: traffic_profile_2sizes
          Bidirectional: True
          Flow count: 1024
          Service chains count: 6
          Compute nodes: []
            
            Run Summary:
            
              +-----+-----------------+------------------+------------------+-----------------+----------------------+----------------------+----------------------+
              |  -  |  L2 Frame Size  |  Rate (fwd+rev)  |  Rate (fwd+rev)  |  Avg Drop Rate  |   Avg Latency (usec) |   Min Latency (usec) |   Max Latency (usec) |
              +=====+=================+==================+==================+=================+======================+======================+======================+
              | NDR |       64        |   3.0664 Gbps    |  4,563,104 pps   |     0.0000%     |                  265 |                   10 |                  472 |
              +-----+-----------------+------------------+------------------+-----------------+----------------------+----------------------+----------------------+
              | NDR |      IMIX       |   9.1211 Gbps    |  2,985,952 pps   |     0.0000%     |                  179 |                   10 |                  340 |
              +-----+-----------------+------------------+------------------+-----------------+----------------------+----------------------+----------------------+
              
            
            L2 frame size: 64
            NDR search duration: 353 seconds
            
            
            L2 frame size: IMIX
            NDR search duration: 353 seconds
            

