2018-11-23 08:31:46,989 INFO Loading configuration file: /tmp/nfvbench/nfvbench_config.cfg
2018-11-23 08:31:47,023 INFO EXT chain with OpenStack mode disabled
2018-11-23 08:31:47,023 INFO -c /tmp/nfvbench/nfvbench_config.cfg --rate 18500000pps --flow-count 1024 --duration 30 --json /tmp/nfvbench/vsc_1c2n_18500000pps-1.json
2018-11-23 08:31:47,025 INFO Connecting to TRex (127.0.0.1)...
2018-11-23 08:31:47,161 INFO Connected to TRex
2018-11-23 08:31:47,161 INFO    Port 0: Ethernet Controller X710 for 10GbE SFP+ speed=10Gbps mac=e4:43:4b:2e:b1:d1 pci=0000:1a:00.1 driver=net_i40e
2018-11-23 08:31:47,161 INFO    Port 1: Ethernet Controller X710 for 10GbE SFP+ speed=10Gbps mac=e4:43:4b:2e:b1:d2 pci=0000:1a:00.2 driver=net_i40e
2018-11-23 08:31:47,162 INFO ChainRunner initialized
2018-11-23 08:31:47,162 INFO Starting 1xEXT benchmark...
2018-11-23 08:31:47,267 INFO Polling ARP until successful...
2018-11-23 08:31:47,395 INFO    ARP: port=0 chain=0 src IP=172.16.10.100 dst IP=172.16.10.10 -> MAC=52:54:00:00:00:aa
2018-11-23 08:31:47,395 INFO ARP resolved successfully for port 0
2018-11-23 08:31:50,404 INFO Retrying ARP for: ['172.16.20.10'] (retry 1/100)
2018-11-23 08:31:52,533 INFO    ARP: port=1 chain=0 src IP=172.16.20.100 dst IP=172.16.20.10 -> MAC=52:54:00:00:00:bb
2018-11-23 08:31:52,533 INFO ARP resolved successfully for port 1
2018-11-23 08:31:52,635 INFO Port 0: dst MAC ['52:54:00:00:00:aa']
2018-11-23 08:31:52,635 INFO Port 1: dst MAC ['52:54:00:00:00:bb']
2018-11-23 08:31:52,635 INFO Starting traffic generator to ensure end-to-end connectivity
2018-11-23 08:31:52,642 INFO Created 1 traffic streams for port 0.
2018-11-23 08:31:52,643 INFO Created 1 traffic streams for port 1.
2018-11-23 08:31:52,753 INFO Captured unique src mac 0/2, capturing return packets (retry 1/100)...
2018-11-23 08:31:54,874 INFO Received packet from mac: 52:54:00:00:00:bb (chain=0, port=1)
2018-11-23 08:31:54,874 INFO Received packet from mac: 52:54:00:00:00:aa (chain=0, port=0)
2018-11-23 08:31:54,875 INFO End-to-end connectivity established
2018-11-23 08:31:54,892 INFO Cleared all existing streams
2018-11-23 08:31:54,900 INFO Created 2 traffic streams for port 0.
2018-11-23 08:31:54,902 INFO Created 2 traffic streams for port 1.
2018-11-23 08:31:54,905 INFO Starting to generate traffic...
2018-11-23 08:31:54,906 INFO Running traffic generator
2018-11-23 08:32:04,927 INFO TX: 185189538; RX: 31153216; Est. Dropped: 154036322; Est. Drop rate: 83.1777%
2018-11-23 08:32:14,941 INFO TX: 370442977; RX: 62336064; Est. Dropped: 308106913; Est. Drop rate: 83.1726%
2018-11-23 08:32:24,937 INFO TX: 555000046; RX: 93380388; Est. Dropped: 461619658; Est. Drop rate: 83.1747%
2018-11-23 08:32:24,937 INFO ...traffic generating ended.
2018-11-23 08:32:24,941 INFO Service chain 'EXT' run completed.
2018-11-23 08:32:24,941 INFO Clean up skipped.
2018-11-23 08:32:24,965 INFO Saving results in json file: /tmp/nfvbench/vsc_1c2n_18500000pps-1.json...
2018-11-23 08:32:24,971 INFO 
========== NFVBench Summary ==========
Date: 2018-11-23 08:31:47
NFVBench version 2.0.4
Openstack Neutron:
  vSwitch: 
  Encapsulation: 
Benchmarks:
> Networks:
  > Components:
    > Traffic Generator:
        Profile: trex-local
        Tool: TRex
    > Versions:
      > Traffic_Generator:
          build_date: Nov 13 2017
          version: v2.32
          built_by: hhaim
          mode: STL
          build_time: 10:58:17
  > Service chain:
    > EXT:
      > Traffic:
          Profile: traffic_profile_64B
          Bidirectional: True
          Flow count: 1024
          Service chains count: 1
          Compute nodes: []
            
            Run Summary:
            
              +-----------------+-------------+----------------------+----------------------+----------------------+
              |   L2 Frame Size |  Drop Rate  |  Avg Latency (usec)  |   Min Latency (usec) |  Max Latency (usec)  |
              +=================+=============+======================+======================+======================+
              |              64 |  83.1747%   |        1,271         |                  200 |        1,538         |
              +-----------------+-------------+----------------------+----------------------+----------------------+
              
            
            L2 frame size: 64
            
            Run Config:
            
              +-------------+---------------------------+------------------------+-----------------+---------------------------+------------------------+-----------------+
              |  Direction  |  Requested TX Rate (bps)  |  Actual TX Rate (bps)  |  RX Rate (bps)  |  Requested TX Rate (pps)  |  Actual TX Rate (pps)  |  RX Rate (pps)  |
              +=============+===========================+========================+=================+===========================+========================+=================+
              |   Forward   |        6.2160 Gbps        |      6.2160 Gbps       |   1.0322 Gbps   |       9,250,000 pps       |     9,250,000 pps      |  1,535,998 pps  |
              +-------------+---------------------------+------------------------+-----------------+---------------------------+------------------------+-----------------+
              |   Reverse   |        6.2160 Gbps        |      6.2160 Gbps       |   1.0595 Gbps   |       9,250,000 pps       |     9,250,000 pps      |  1,576,680 pps  |
              +-------------+---------------------------+------------------------+-----------------+---------------------------+------------------------+-----------------+
              |    Total    |       12.4320 Gbps        |      12.4320 Gbps      |   2.0917 Gbps   |      18,500,000 pps       |     18,500,000 pps     |  3,112,678 pps  |
              +-------------+---------------------------+------------------------+-----------------+---------------------------+------------------------+-----------------+
              
            Forward Chain Packet Counters and Latency:
            
              +---------+--------------+--------------------------+------------+------------+------------+
              |   Chain |  TRex.TX.p0  |        TRex.RX.p1        |  Avg lat.  |  Min lat.  |  Max lat.  |
              +=========+==============+==========================+============+============+============+
              |       0 | 277,500,023  | -231,420,062 (-83.3946%) | 1,446 usec | 1,000 usec | 1,538 usec |
              +---------+--------------+--------------------------+------------+------------+------------+
              
            Reverse Chain Packet Counters and Latency:
            
              +---------+--------------+--------------------------------+------------+------------+------------+
              |   Chain |  TRex.TX.p1  |           TRex.RX.p0           |  Avg lat.  |  Min lat.  |  Max lat.  |
              +=========+==============+================================+============+============+============+
              |       0 | 277,500,023  | +64,147,397,463 (+23116.1774%) | 1,094 usec |  200 usec  | 1,331 usec |
              +---------+--------------+--------------------------------+------------+------------+------------+
              

