2018-11-29 09:46:15,995 INFO Loading configuration file: /tmp/nfvbench/nfvbench_config.cfg
2018-11-29 09:46:16,033 INFO EXT chain with OpenStack mode disabled
2018-11-29 09:46:16,034 INFO -c /tmp/nfvbench/nfvbench_config.cfg --rate ndr --flow-count 1024 --duration 30 --json /tmp/nfvbench/vsc_6c1n_ndr-1.json
2018-11-29 09:46:16,035 INFO Connecting to TRex (127.0.0.1)...


2018-11-29 09:46:16 - [local][warning]   - [1mCPU util. is high: 97.1%[22m
2018-11-29 09:46:16,172 INFO Connected to TRex
2018-11-29 09:46:16,172 INFO    Port 0: Ethernet Controller X710 for 10GbE SFP+ speed=10Gbps mac=e4:43:4b:2e:b1:d1 pci=0000:1a:00.1 driver=net_i40e
2018-11-29 09:46:16,172 INFO    Port 1: Ethernet Controller X710 for 10GbE SFP+ speed=10Gbps mac=e4:43:4b:2e:b1:d2 pci=0000:1a:00.2 driver=net_i40e
2018-11-29 09:46:16,173 INFO ChainRunner initialized
2018-11-29 09:46:16,174 INFO Starting 6xEXT benchmark...
2018-11-29 09:46:16,278 INFO Polling ARP until successful...
2018-11-29 09:46:16,491 INFO    ARP: port=0 chain=0 src IP=172.16.10.100 dst IP=172.16.10.10 -> MAC=52:54:00:00:00:aa
2018-11-29 09:46:16,491 INFO    ARP: port=0 chain=1 src IP=172.16.10.101 dst IP=172.16.10.11 -> MAC=52:54:01:00:00:aa
2018-11-29 09:46:16,491 INFO    ARP: port=0 chain=2 src IP=172.16.10.102 dst IP=172.16.10.12 -> MAC=52:54:02:00:00:aa
2018-11-29 09:46:16,491 INFO    ARP: port=0 chain=3 src IP=172.16.10.103 dst IP=172.16.10.13 -> MAC=52:54:03:00:00:aa
2018-11-29 09:46:16,491 INFO    ARP: port=0 chain=4 src IP=172.16.10.104 dst IP=172.16.10.14 -> MAC=52:54:04:00:00:aa
2018-11-29 09:46:16,491 INFO    ARP: port=0 chain=5 src IP=172.16.10.105 dst IP=172.16.10.15 -> MAC=52:54:05:00:00:aa
2018-11-29 09:46:16,491 INFO ARP resolved successfully for port 0
2018-11-29 09:46:16,704 INFO    ARP: port=1 chain=0 src IP=172.16.20.100 dst IP=172.16.20.10 -> MAC=52:54:00:00:00:bb
2018-11-29 09:46:16,704 INFO    ARP: port=1 chain=1 src IP=172.16.20.101 dst IP=172.16.20.11 -> MAC=52:54:01:00:00:bb
2018-11-29 09:46:16,704 INFO    ARP: port=1 chain=2 src IP=172.16.20.102 dst IP=172.16.20.12 -> MAC=52:54:02:00:00:bb
2018-11-29 09:46:16,705 INFO    ARP: port=1 chain=3 src IP=172.16.20.103 dst IP=172.16.20.13 -> MAC=52:54:03:00:00:bb
2018-11-29 09:46:16,705 INFO    ARP: port=1 chain=4 src IP=172.16.20.104 dst IP=172.16.20.14 -> MAC=52:54:04:00:00:bb
2018-11-29 09:46:16,705 INFO    ARP: port=1 chain=5 src IP=172.16.20.105 dst IP=172.16.20.15 -> MAC=52:54:05:00:00:bb
2018-11-29 09:46:16,705 INFO ARP resolved successfully for port 1
2018-11-29 09:46:16,806 INFO Port 0: dst MAC ['52:54:00:00:00:aa', '52:54:01:00:00:aa', '52:54:02:00:00:aa', '52:54:03:00:00:aa', '52:54:04:00:00:aa', '52:54:05:00:00:aa']
2018-11-29 09:46:16,806 INFO Port 1: dst MAC ['52:54:00:00:00:bb', '52:54:01:00:00:bb', '52:54:02:00:00:bb', '52:54:03:00:00:bb', '52:54:04:00:00:bb', '52:54:05:00:00:bb']
2018-11-29 09:46:16,806 INFO Starting traffic generator to ensure end-to-end connectivity
2018-11-29 09:46:16,840 INFO Created 6 traffic streams for port 0.
2018-11-29 09:46:16,845 INFO Created 6 traffic streams for port 1.
2018-11-29 09:46:16,982 INFO Captured unique src mac 0/12, capturing return packets (retry 1/100)...
2018-11-29 09:46:19,105 INFO Received packet from mac: 52:54:04:00:00:bb (chain=4, port=1)
2018-11-29 09:46:19,105 INFO Received packet from mac: 52:54:01:00:00:aa (chain=1, port=0)
2018-11-29 09:46:19,105 INFO Received packet from mac: 52:54:05:00:00:aa (chain=5, port=0)
2018-11-29 09:46:19,105 INFO Received packet from mac: 52:54:03:00:00:bb (chain=3, port=1)
2018-11-29 09:46:19,105 INFO Received packet from mac: 52:54:01:00:00:bb (chain=1, port=1)
2018-11-29 09:46:19,105 INFO Received packet from mac: 52:54:02:00:00:aa (chain=2, port=0)
2018-11-29 09:46:19,105 INFO Received packet from mac: 52:54:00:00:00:aa (chain=0, port=0)
2018-11-29 09:46:19,105 INFO Received packet from mac: 52:54:00:00:00:bb (chain=0, port=1)
2018-11-29 09:46:19,105 INFO Received packet from mac: 52:54:05:00:00:bb (chain=5, port=1)
2018-11-29 09:46:19,105 INFO Received packet from mac: 52:54:03:00:00:aa (chain=3, port=0)
2018-11-29 09:46:19,105 INFO Received packet from mac: 52:54:02:00:00:bb (chain=2, port=1)
2018-11-29 09:46:19,105 INFO Received packet from mac: 52:54:04:00:00:aa (chain=4, port=0)
2018-11-29 09:46:19,106 INFO End-to-end connectivity established
2018-11-29 09:46:19,125 INFO Cleared all existing streams
2018-11-29 09:46:19,169 INFO Created 12 traffic streams for port 0.
2018-11-29 09:46:19,176 INFO Created 12 traffic streams for port 1.
2018-11-29 09:46:19,177 INFO *** Searching NDR for 64 (Bidirectional)...
2018-11-29 09:46:19,177 INFO Range search [0.0 .. 200.0] targets: {'ndr': 0.001}
2018-11-29 09:46:19,177 INFO Modified traffic stream for port 0, new rate=100.0%.
2018-11-29 09:46:19,177 INFO Modified traffic stream for port 1, new rate=100.0%.
2018-11-29 09:46:19,177 INFO Running traffic generator


2018-11-29 09:46:25 - [local][warning]   - [1mCPU util. is high: 87.2%[22m
2018-11-29 09:46:29,210 INFO TX: 261291132; RX: 14989817; Est. Dropped: 246301315; Est. Drop rate: 94.2632%
2018-11-29 09:46:39,229 INFO TX: 524621402; RX: 29988467; Est. Dropped: 494632935; Est. Drop rate: 94.2838%
2018-11-29 09:46:49,223 INFO TX: 786951672; RX: 44940794; Est. Dropped: 742010878; Est. Drop rate: 94.2893%
2018-11-29 09:46:51,234 INFO WARNING: There is a significant difference between requested TX rate (29761904) and actual TX rate (26231722). The traffic generator may not have sufficient CPU to achieve the requested TX rate.
2018-11-29 09:46:51,234 INFO Average drop rate: 94.289152
2018-11-29 09:46:51,234 INFO Range search [0.0 .. 100.0] targets: {'ndr': 0.001}
2018-11-29 09:46:51,234 INFO Modified traffic stream for port 0, new rate=50.0%.
2018-11-29 09:46:51,234 INFO Modified traffic stream for port 1, new rate=50.0%.
2018-11-29 09:46:51,234 INFO Running traffic generator
2018-11-29 09:47:01,273 INFO TX: 148947253; RX: 14995819; Est. Dropped: 133951434; Est. Drop rate: 89.9321%
2018-11-29 09:47:11,293 INFO TX: 298029321; RX: 30007902; Est. Dropped: 268021419; Est. Drop rate: 89.9312%
2018-11-29 09:47:21,285 INFO TX: 446428308; RX: 44951046; Est. Dropped: 401477262; Est. Drop rate: 89.9310%
2018-11-29 09:47:23,296 INFO Average drop rate: 89.930960
2018-11-29 09:47:23,296 INFO Range search [0.0 .. 50.0] targets: {'ndr': 0.001}
2018-11-29 09:47:23,296 INFO Modified traffic stream for port 0, new rate=25.0%.
2018-11-29 09:47:23,296 INFO Modified traffic stream for port 1, new rate=25.0%.
2018-11-29 09:47:23,296 INFO Running traffic generator
2018-11-29 09:47:33,329 INFO TX: 74475870; RX: 13293264; Est. Dropped: 61182606; Est. Drop rate: 82.1509%
2018-11-29 09:47:43,349 INFO TX: 149026830; RX: 26602030; Est. Dropped: 122424800; Est. Drop rate: 82.1495%
2018-11-29 09:47:53,339 INFO TX: 223214196; RX: 39838966; Est. Dropped: 183375230; Est. Drop rate: 82.1521%
2018-11-29 09:47:55,351 INFO Average drop rate: 82.151907
2018-11-29 09:47:55,351 INFO Range search [0.0 .. 25.0] targets: {'ndr': 0.001}
2018-11-29 09:47:55,351 INFO Modified traffic stream for port 0, new rate=12.5%.
2018-11-29 09:47:55,351 INFO Modified traffic stream for port 1, new rate=12.5%.
2018-11-29 09:47:55,351 INFO Running traffic generator
2018-11-29 09:48:05,393 INFO TX: 37240415; RX: 7341949; Est. Dropped: 29898466; Est. Drop rate: 80.2850%
2018-11-29 09:48:15,414 INFO TX: 74519108; RX: 14682084; Est. Dropped: 59837024; Est. Drop rate: 80.2976%
2018-11-29 09:48:25,405 INFO TX: 111607140; RX: 21961683; Est. Dropped: 89645457; Est. Drop rate: 80.3223%
2018-11-29 09:48:27,417 INFO Average drop rate: 80.322272
2018-11-29 09:48:27,417 INFO Range search [0.0 .. 12.5] targets: {'ndr': 0.001}
2018-11-29 09:48:27,417 INFO Modified traffic stream for port 0, new rate=6.25%.
2018-11-29 09:48:27,418 INFO Modified traffic stream for port 1, new rate=6.25%.
2018-11-29 09:48:27,418 INFO Running traffic generator
2018-11-29 09:48:37,451 INFO TX: 18618624; RX: 4301352; Est. Dropped: 14317272; Est. Drop rate: 76.8976%
2018-11-29 09:48:47,471 INFO TX: 37257146; RX: 8569430; Est. Dropped: 28687716; Est. Drop rate: 76.9992%
2018-11-29 09:48:57,461 INFO TX: 55803588; RX: 12843681; Est. Dropped: 42959907; Est. Drop rate: 76.9841%
2018-11-29 09:48:59,473 INFO Average drop rate: 76.984130
2018-11-29 09:48:59,473 INFO Range search [0.0 .. 6.25] targets: {'ndr': 0.001}
2018-11-29 09:48:59,473 INFO Modified traffic stream for port 0, new rate=3.125%.
2018-11-29 09:48:59,473 INFO Modified traffic stream for port 1, new rate=3.125%.
2018-11-29 09:48:59,473 INFO Running traffic generator
2018-11-29 09:49:09,516 INFO TX: 9309338; RX: 2781563; Est. Dropped: 6527775; Est. Drop rate: 70.1207%
2018-11-29 09:49:19,537 INFO TX: 18628770; RX: 5552975; Est. Dropped: 13075795; Est. Drop rate: 70.1914%
2018-11-29 09:49:29,527 INFO TX: 27901788; RX: 8328609; Est. Dropped: 19573179; Est. Drop rate: 70.1503%
2018-11-29 09:49:31,539 INFO Average drop rate: 70.150250
2018-11-29 09:49:31,539 INFO Range search [0.0 .. 3.125] targets: {'ndr': 0.001}
2018-11-29 09:49:31,539 INFO Modified traffic stream for port 0, new rate=1.5625%.
2018-11-29 09:49:31,539 INFO Modified traffic stream for port 1, new rate=1.5625%.
2018-11-29 09:49:31,539 INFO Running traffic generator
2018-11-29 09:49:41,581 INFO TX: 4654596; RX: 2001218; Est. Dropped: 2653378; Est. Drop rate: 57.0055%
2018-11-29 09:49:51,602 INFO TX: 9314196; RX: 4015155; Est. Dropped: 5299041; Est. Drop rate: 56.8921%
2018-11-29 09:50:01,591 INFO TX: 13950900; RX: 6021492; Est. Dropped: 7929408; Est. Drop rate: 56.8380%
2018-11-29 09:50:03,604 INFO Average drop rate: 56.837537
2018-11-29 09:50:03,604 INFO Range search [0.0 .. 1.5625] targets: {'ndr': 0.001}
2018-11-29 09:50:03,604 INFO Modified traffic stream for port 0, new rate=0.78125%.
2018-11-29 09:50:03,604 INFO Modified traffic stream for port 1, new rate=0.78125%.
2018-11-29 09:50:03,604 INFO Running traffic generator
2018-11-29 09:50:13,640 INFO TX: 2327112; RX: 1641880; Est. Dropped: 685232; Est. Drop rate: 29.4456%
2018-11-29 09:50:23,661 INFO TX: 4657122; RX: 3294616; Est. Dropped: 1362506; Est. Drop rate: 29.2564%
2018-11-29 09:50:33,653 INFO TX: 6975456; RX: 4933075; Est. Dropped: 2042381; Est. Drop rate: 29.2795%
2018-11-29 09:50:35,666 INFO Average drop rate: 29.279534
2018-11-29 09:50:35,666 INFO Range search [0.0 .. 0.78125] targets: {'ndr': 0.001}
2018-11-29 09:50:35,666 INFO Modified traffic stream for port 0, new rate=0.390625%.
2018-11-29 09:50:35,666 INFO Modified traffic stream for port 1, new rate=0.390625%.
2018-11-29 09:50:35,666 INFO Running traffic generator
2018-11-29 09:50:45,708 INFO TX: 1163730; RX: 1154316; Est. Dropped: 9414; Est. Drop rate: 0.8090%
2018-11-29 09:50:55,730 INFO TX: 2328798; RX: 2314880; Est. Dropped: 13918; Est. Drop rate: 0.5976%
2018-11-29 09:51:05,719 INFO TX: 3487728; RX: 3460947; Est. Dropped: 26781; Est. Drop rate: 0.7679%
2018-11-29 09:51:07,731 INFO Average drop rate: 0.764796
2018-11-29 09:51:07,732 INFO Range search [0.0 .. 0.390625] targets: {'ndr': 0.001}
2018-11-29 09:51:07,732 INFO Modified traffic stream for port 0, new rate=0.1953125%.
2018-11-29 09:51:07,732 INFO Modified traffic stream for port 1, new rate=0.1953125%.
2018-11-29 09:51:07,732 INFO Running traffic generator
2018-11-29 09:51:17,772 INFO TX: 581832; RX: 581306; Est. Dropped: 526; Est. Drop rate: 0.0904%
2018-11-29 09:51:27,805 INFO TX: 1165038; RX: 1164645; Est. Dropped: 393; Est. Drop rate: 0.0337%
2018-11-29 09:51:37,782 INFO TX: 1743864; RX: 1743864; Est. Dropped: 0; Est. Drop rate: 0.0000%
2018-11-29 09:51:39,795 INFO Average drop rate: 0.000000
2018-11-29 09:51:39,795 INFO Range search [0.1953125 .. 0.390625] targets: {'ndr': 0.001}
2018-11-29 09:51:39,795 INFO Modified traffic stream for port 0, new rate=0.29296875%.
2018-11-29 09:51:39,795 INFO Modified traffic stream for port 1, new rate=0.29296875%.
2018-11-29 09:51:39,795 INFO Running traffic generator
2018-11-29 09:51:49,837 INFO TX: 872754; RX: 871873; Est. Dropped: 881; Est. Drop rate: 0.1009%
2018-11-29 09:51:59,859 INFO TX: 1746546; RX: 1743682; Est. Dropped: 2864; Est. Drop rate: 0.1640%
2018-11-29 09:52:09,849 INFO TX: 2615796; RX: 2612020; Est. Dropped: 3776; Est. Drop rate: 0.1444%
2018-11-29 09:52:11,862 INFO Average drop rate: 0.144354
2018-11-29 09:52:11,862 INFO Range search [0.1953125 .. 0.29296875] targets: {'ndr': 0.001}
2018-11-29 09:52:11,862 INFO Found ndr (0.001) load: 0.1953125
2018-11-29 09:52:11,862 INFO NDR load: 0.390625
2018-11-29 09:52:11,887 INFO Cleared all existing streams
2018-11-29 09:52:12,019 INFO Created 24 traffic streams for port 0.
2018-11-29 09:52:12,034 INFO Created 24 traffic streams for port 1.
2018-11-29 09:52:12,034 INFO *** Searching NDR for IMIX (Bidirectional)...
2018-11-29 09:52:12,034 INFO Range search [0.0 .. 200.0] targets: {'ndr': 0.001}
2018-11-29 09:52:12,034 INFO Modified traffic stream for port 0, new rate=100.0%.
2018-11-29 09:52:12,034 INFO Modified traffic stream for port 1, new rate=100.0%.
2018-11-29 09:52:12,035 INFO Running traffic generator
2018-11-29 09:52:22,070 INFO TX: 65542869; RX: 11682798; Est. Dropped: 53860071; Est. Drop rate: 82.1753%
2018-11-29 09:52:32,090 INFO TX: 131149624; RX: 23377499; Est. Dropped: 107772125; Est. Drop rate: 82.1749%
2018-11-29 09:52:42,079 INFO TX: 196421556; RX: 35003401; Est. Dropped: 161418155; Est. Drop rate: 82.1795%
2018-11-29 09:52:44,090 INFO Average drop rate: 82.179320
2018-11-29 09:52:44,091 INFO Range search [0.0 .. 100.0] targets: {'ndr': 0.001}
2018-11-29 09:52:44,091 INFO Modified traffic stream for port 0, new rate=50.0%.
2018-11-29 09:52:44,091 INFO Modified traffic stream for port 1, new rate=50.0%.
2018-11-29 09:52:44,091 INFO Running traffic generator
2018-11-29 09:52:54,125 INFO TX: 32769132; RX: 6520950; Est. Dropped: 26248182; Est. Drop rate: 80.1003%
2018-11-29 09:53:04,145 INFO TX: 65570797; RX: 13042029; Est. Dropped: 52528768; Est. Drop rate: 80.1100%
2018-11-29 09:53:14,136 INFO TX: 98211192; RX: 19545309; Est. Dropped: 78665883; Est. Drop rate: 80.0987%
2018-11-29 09:53:16,147 INFO Average drop rate: 80.098434
2018-11-29 09:53:16,147 INFO Range search [0.0 .. 50.0] targets: {'ndr': 0.001}
2018-11-29 09:53:16,147 INFO Modified traffic stream for port 0, new rate=25.0%.
2018-11-29 09:53:16,147 INFO Modified traffic stream for port 1, new rate=25.0%.
2018-11-29 09:53:16,147 INFO Running traffic generator
2018-11-29 09:53:26,183 INFO TX: 16385377; RX: 3903379; Est. Dropped: 12481998; Est. Drop rate: 76.1777%
2018-11-29 09:53:36,204 INFO TX: 32787742; RX: 7814215; Est. Dropped: 24973527; Est. Drop rate: 76.1673%
2018-11-29 09:53:46,195 INFO TX: 49105992; RX: 11713815; Est. Dropped: 37392177; Est. Drop rate: 76.1459%
2018-11-29 09:53:48,207 INFO Average drop rate: 76.145854
2018-11-29 09:53:48,207 INFO Range search [0.0 .. 25.0] targets: {'ndr': 0.001}
2018-11-29 09:53:48,207 INFO Modified traffic stream for port 0, new rate=12.5%.
2018-11-29 09:53:48,207 INFO Modified traffic stream for port 1, new rate=12.5%.
2018-11-29 09:53:48,207 INFO Running traffic generator
2018-11-29 09:53:58,272 INFO TX: 8192347; RX: 2582381; Est. Dropped: 5609966; Est. Drop rate: 68.4781%
2018-11-29 09:54:08,293 INFO TX: 16393418; RX: 5162206; Est. Dropped: 11231212; Est. Drop rate: 68.5105%
2018-11-29 09:54:18,285 INFO TX: 24553404; RX: 7754438; Est. Dropped: 16798966; Est. Drop rate: 68.4181%
2018-11-29 09:54:20,297 INFO Average drop rate: 68.418074
2018-11-29 09:54:20,297 INFO Range search [0.0 .. 12.5] targets: {'ndr': 0.001}
2018-11-29 09:54:20,297 INFO Modified traffic stream for port 0, new rate=6.25%.
2018-11-29 09:54:20,298 INFO Modified traffic stream for port 1, new rate=6.25%.
2018-11-29 09:54:20,298 INFO Running traffic generator
2018-11-29 09:54:30,342 INFO TX: 4096560; RX: 1901100; Est. Dropped: 2195460; Est. Drop rate: 53.5928%
2018-11-29 09:54:40,364 INFO TX: 8197420; RX: 3835257; Est. Dropped: 4362163; Est. Drop rate: 53.2139%
2018-11-29 09:54:50,352 INFO TX: 12277104; RX: 5776158; Est. Dropped: 6500946; Est. Drop rate: 52.9518%
2018-11-29 09:54:52,364 INFO Average drop rate: 52.951290
2018-11-29 09:54:52,364 INFO Range search [0.0 .. 6.25] targets: {'ndr': 0.001}
2018-11-29 09:54:52,364 INFO Modified traffic stream for port 0, new rate=3.125%.
2018-11-29 09:54:52,364 INFO Modified traffic stream for port 1, new rate=3.125%.
2018-11-29 09:54:52,364 INFO Running traffic generator
2018-11-29 09:55:02,406 INFO TX: 2048364; RX: 1588339; Est. Dropped: 460025; Est. Drop rate: 22.4582%
2018-11-29 09:55:12,427 INFO TX: 4098972; RX: 3176330; Est. Dropped: 922642; Est. Drop rate: 22.5091%
2018-11-29 09:55:22,417 INFO TX: 6138948; RX: 4758625; Est. Dropped: 1380323; Est. Drop rate: 22.4847%
2018-11-29 09:55:24,429 INFO Average drop rate: 22.484325
2018-11-29 09:55:24,429 INFO Range search [0.0 .. 3.125] targets: {'ndr': 0.001}
2018-11-29 09:55:24,429 INFO Modified traffic stream for port 0, new rate=1.5625%.
2018-11-29 09:55:24,429 INFO Modified traffic stream for port 1, new rate=1.5625%.
2018-11-29 09:55:24,429 INFO Running traffic generator
2018-11-29 09:55:34,472 INFO TX: 1024344; RX: 1018239; Est. Dropped: 6105; Est. Drop rate: 0.5960%
2018-11-29 09:55:44,494 INFO TX: 2049798; RX: 2034233; Est. Dropped: 15565; Est. Drop rate: 0.7593%
2018-11-29 09:55:54,483 INFO TX: 3069876; RX: 3053680; Est. Dropped: 16196; Est. Drop rate: 0.5276%
2018-11-29 09:55:56,496 INFO Average drop rate: 0.527578
2018-11-29 09:55:56,496 INFO Range search [0.0 .. 1.5625] targets: {'ndr': 0.001}
2018-11-29 09:55:56,496 INFO Modified traffic stream for port 0, new rate=0.78125%.
2018-11-29 09:55:56,496 INFO Modified traffic stream for port 1, new rate=0.78125%.
2018-11-29 09:55:56,496 INFO Running traffic generator
2018-11-29 09:56:06,538 INFO TX: 512286; RX: 511913; Est. Dropped: 373; Est. Drop rate: 0.0728%
2018-11-29 09:56:16,560 INFO TX: 1025154; RX: 1024690; Est. Dropped: 464; Est. Drop rate: 0.0453%
2018-11-29 09:56:26,551 INFO TX: 1535328; RX: 1535328; Est. Dropped: 0; Est. Drop rate: 0.0000%
2018-11-29 09:56:28,563 INFO Average drop rate: 0.000000
2018-11-29 09:56:28,563 INFO Range search [0.78125 .. 1.5625] targets: {'ndr': 0.001}
2018-11-29 09:56:28,563 INFO Modified traffic stream for port 0, new rate=1.171875%.
2018-11-29 09:56:28,564 INFO Modified traffic stream for port 1, new rate=1.171875%.
2018-11-29 09:56:28,564 INFO Running traffic generator
2018-11-29 09:56:38,607 INFO TX: 768258; RX: 767439; Est. Dropped: 819; Est. Drop rate: 0.1066%
2018-11-29 09:56:48,628 INFO TX: 1537380; RX: 1536524; Est. Dropped: 856; Est. Drop rate: 0.0557%
2018-11-29 09:56:58,618 INFO TX: 2302608; RX: 2302456; Est. Dropped: 152; Est. Drop rate: 0.0066%
2018-11-29 09:57:00,630 INFO Average drop rate: 0.006601
2018-11-29 09:57:00,630 INFO Range search [0.78125 .. 1.171875] targets: {'ndr': 0.001}
2018-11-29 09:57:00,631 INFO Modified traffic stream for port 0, new rate=0.9765625%.
2018-11-29 09:57:00,631 INFO Modified traffic stream for port 1, new rate=0.9765625%.
2018-11-29 09:57:00,631 INFO Running traffic generator
2018-11-29 09:57:10,674 INFO TX: 640290; RX: 639658; Est. Dropped: 632; Est. Drop rate: 0.0987%
2018-11-29 09:57:20,695 INFO TX: 1281300; RX: 1280766; Est. Dropped: 534; Est. Drop rate: 0.0417%
2018-11-29 09:57:30,683 INFO TX: 1918980; RX: 1918955; Est. Dropped: 25; Est. Drop rate: 0.0013%
2018-11-29 09:57:32,696 INFO Average drop rate: 0.000000
2018-11-29 09:57:32,696 INFO Range search [0.9765625 .. 1.171875] targets: {'ndr': 0.001}
2018-11-29 09:57:32,697 INFO Modified traffic stream for port 0, new rate=1.07421875%.
2018-11-29 09:57:32,697 INFO Modified traffic stream for port 1, new rate=1.07421875%.
2018-11-29 09:57:32,697 INFO Running traffic generator
2018-11-29 09:57:42,739 INFO TX: 704238; RX: 703462; Est. Dropped: 776; Est. Drop rate: 0.1102%
2018-11-29 09:57:52,760 INFO TX: 1409250; RX: 1408610; Est. Dropped: 640; Est. Drop rate: 0.0454%
2018-11-29 09:58:02,749 INFO TX: 2110800; RX: 2110800; Est. Dropped: 0; Est. Drop rate: 0.0000%
2018-11-29 09:58:04,762 INFO Average drop rate: 0.000000
2018-11-29 09:58:04,762 INFO Range search [1.07421875 .. 1.171875] targets: {'ndr': 0.001}
2018-11-29 09:58:04,762 INFO Found ndr (0.001) load: 1.07421875
2018-11-29 09:58:04,762 INFO NDR load: 2.1484375
2018-11-29 09:58:04,762 INFO Service chain 'EXT' run completed.
2018-11-29 09:58:04,762 INFO Clean up skipped.
2018-11-29 09:58:04,799 INFO Saving results in json file: /tmp/nfvbench/vsc_6c1n_ndr-1.json...
2018-11-29 09:58:04,803 INFO 
========== NFVBench Summary ==========
Date: 2018-11-29 09:46:16
NFVBench version 2.0.4
Openstack Neutron:
  vSwitch: 
  Encapsulation: 
Benchmarks:
> Networks:
  > Components:
    > Traffic Generator:
        Profile: trex-local
        Tool: TRex
    > Versions:
      > Traffic_Generator:
          build_date: Nov 13 2017
          version: v2.32
          built_by: hhaim
          mode: STL
          build_time: 10:58:17
  > Measurement Parameters:
      NDR: 0.001
  > Service chain:
    > EXT:
      > Traffic:
          Profile: traffic_profile_2sizes
          Bidirectional: True
          Flow count: 1024
          Service chains count: 6
          Compute nodes: []
            
            Run Summary:
            
              +-----+-----------------+------------------+------------------+-----------------+----------------------+----------------------+----------------------+
              |  -  |  L2 Frame Size  |  Rate (fwd+rev)  |  Rate (fwd+rev)  |  Avg Drop Rate  |  Avg Latency (usec)  |   Min Latency (usec) |  Max Latency (usec)  |
              +=====+=================+==================+==================+=================+======================+======================+======================+
              | NDR |       64        |   39.0625 Mbps   |    58,128 pps    |     0.0000%     |        8,526         |                   10 |        39,192        |
              +-----+-----------------+------------------+------------------+-----------------+----------------------+----------------------+----------------------+
              | NDR |      IMIX       |  214.8438 Mbps   |    70,332 pps    |     0.0000%     |        8,678         |                   10 |        39,738        |
              +-----+-----------------+------------------+------------------+-----------------+----------------------+----------------------+----------------------+
              
            
            L2 frame size: 64
            NDR search duration: 353 seconds
            
            
            L2 frame size: IMIX
            NDR search duration: 353 seconds
            

