2018-11-23 09:44:57,002 INFO Loading configuration file: /tmp/nfvbench/nfvbench_config.cfg
2018-11-23 09:44:57,036 INFO EXT chain with OpenStack mode disabled
2018-11-23 09:44:57,036 INFO -c /tmp/nfvbench/nfvbench_config.cfg --rate 18500000pps --flow-count 1024 --duration 30 --json /tmp/nfvbench/vsc_1c6n_18500000pps-1.json
2018-11-23 09:44:57,038 INFO Connecting to TRex (127.0.0.1)...
2018-11-23 09:44:57,175 INFO Connected to TRex
2018-11-23 09:44:57,176 INFO    Port 0: Ethernet Controller X710 for 10GbE SFP+ speed=10Gbps mac=e4:43:4b:2e:b1:d1 pci=0000:1a:00.1 driver=net_i40e
2018-11-23 09:44:57,176 INFO    Port 1: Ethernet Controller X710 for 10GbE SFP+ speed=10Gbps mac=e4:43:4b:2e:b1:d2 pci=0000:1a:00.2 driver=net_i40e
2018-11-23 09:44:57,176 INFO ChainRunner initialized
2018-11-23 09:44:57,177 INFO Starting 1xEXT benchmark...
2018-11-23 09:44:57,282 INFO Polling ARP until successful...
2018-11-23 09:44:57,411 INFO    ARP: port=0 chain=0 src IP=172.16.10.100 dst IP=172.16.10.10 -> MAC=52:54:00:00:00:aa
2018-11-23 09:44:57,411 INFO ARP resolved successfully for port 0
2018-11-23 09:44:57,540 INFO    ARP: port=1 chain=0 src IP=172.16.20.100 dst IP=172.16.20.10 -> MAC=52:54:00:00:00:bb
2018-11-23 09:44:57,540 INFO ARP resolved successfully for port 1
2018-11-23 09:44:57,642 INFO Port 0: dst MAC ['52:54:00:00:00:aa']
2018-11-23 09:44:57,642 INFO Port 1: dst MAC ['52:54:00:00:00:bb']
2018-11-23 09:44:57,642 INFO Starting traffic generator to ensure end-to-end connectivity
2018-11-23 09:44:57,648 INFO Created 1 traffic streams for port 0.
2018-11-23 09:44:57,649 INFO Created 1 traffic streams for port 1.
2018-11-23 09:44:57,764 INFO Captured unique src mac 0/2, capturing return packets (retry 1/100)...
2018-11-23 09:44:59,886 INFO Received packet from mac: 52:54:00:00:00:bb (chain=0, port=1)
2018-11-23 09:44:59,886 INFO Received packet from mac: 52:54:00:00:00:aa (chain=0, port=0)
2018-11-23 09:44:59,886 INFO End-to-end connectivity established
2018-11-23 09:44:59,908 INFO Cleared all existing streams
2018-11-23 09:44:59,916 INFO Created 2 traffic streams for port 0.
2018-11-23 09:44:59,918 INFO Created 2 traffic streams for port 1.
2018-11-23 09:44:59,921 INFO Starting to generate traffic...
2018-11-23 09:44:59,921 INFO Running traffic generator
2018-11-23 09:45:09,942 INFO TX: 185174159; RX: 12096320; Est. Dropped: 173077839; Est. Drop rate: 93.4676%
2018-11-23 09:45:19,956 INFO TX: 370419659; RX: 24205189; Est. Dropped: 346214470; Est. Drop rate: 93.4655%
2018-11-23 09:45:29,953 INFO TX: 554999878; RX: 36291831; Est. Dropped: 518708047; Est. Drop rate: 93.4609%
2018-11-23 09:45:29,953 INFO ...traffic generating ended.
2018-11-23 09:45:29,957 INFO Service chain 'EXT' run completed.
2018-11-23 09:45:29,957 INFO Clean up skipped.
2018-11-23 09:45:29,981 INFO Saving results in json file: /tmp/nfvbench/vsc_1c6n_18500000pps-1.json...
2018-11-23 09:45:29,987 INFO 
========== NFVBench Summary ==========
Date: 2018-11-23 09:44:57
NFVBench version 2.0.4
Openstack Neutron:
  vSwitch: 
  Encapsulation: 
Benchmarks:
> Networks:
  > Components:
    > Traffic Generator:
        Profile: trex-local
        Tool: TRex
    > Versions:
      > Traffic_Generator:
          build_date: Nov 13 2017
          version: v2.32
          built_by: hhaim
          mode: STL
          build_time: 10:58:17
  > Service chain:
    > EXT:
      > Traffic:
          Profile: traffic_profile_64B
          Bidirectional: True
          Flow count: 1024
          Service chains count: 1
          Compute nodes: []
            
            Run Summary:
            
              +-----------------+-------------+----------------------+----------------------+----------------------+
              |   L2 Frame Size |  Drop Rate  |  Avg Latency (usec)  |   Min Latency (usec) |  Max Latency (usec)  |
              +=================+=============+======================+======================+======================+
              |              64 |  93.4609%   |        3,822         |                   50 |        5,218         |
              +-----------------+-------------+----------------------+----------------------+----------------------+
              
            
            L2 frame size: 64
            
            Run Config:
            
              +-------------+---------------------------+------------------------+-----------------+---------------------------+------------------------+-----------------+
              |  Direction  |  Requested TX Rate (bps)  |  Actual TX Rate (bps)  |  RX Rate (bps)  |  Requested TX Rate (pps)  |  Actual TX Rate (pps)  |  RX Rate (pps)  |
              +=============+===========================+========================+=================+===========================+========================+=================+
              |   Forward   |        6.2160 Gbps        |      6.2160 Gbps       |  419.6570 Mbps  |       9,250,000 pps       |     9,249,997 pps      |   624,489 pps   |
              +-------------+---------------------------+------------------------+-----------------+---------------------------+------------------------+-----------------+
              |   Reverse   |        6.2160 Gbps        |      6.2160 Gbps       |  393.2800 Mbps  |       9,250,000 pps       |     9,249,997 pps      |   585,238 pps   |
              +-------------+---------------------------+------------------------+-----------------+---------------------------+------------------------+-----------------+
              |    Total    |       12.4320 Gbps        |      12.4320 Gbps      |  812.9370 Mbps  |      18,500,000 pps       |     18,499,994 pps     |  1,209,727 pps  |
              +-------------+---------------------------+------------------------+-----------------+---------------------------+------------------------+-----------------+
              
            Forward Chain Packet Counters and Latency:
            
              +---------+--------------+--------------------------+------------+------------+------------+
              |   Chain |  TRex.TX.p0  |        TRex.RX.p1        |  Avg lat.  |  Min lat.  |  Max lat.  |
              +=========+==============+==========================+============+============+============+
              |       0 | 277,499,939  | -258,765,253 (-93.2488%) | 3,740 usec |  50 usec   | 4,501 usec |
              +---------+--------------+--------------------------+------------+------------+------------+
              
            Reverse Chain Packet Counters and Latency:
            
              +---------+--------------+--------------------------------+------------+------------+------------+
              |   Chain |  TRex.TX.p1  |           TRex.RX.p0           |  Avg lat.  |  Min lat.  |  Max lat.  |
              +=========+==============+================================+============+============+============+
              |       0 | 277,499,939  | +64,147,745,609 (+23116.3098%) | 3,899 usec | 3,000 usec | 5,218 usec |
              +---------+--------------+--------------------------------+------------+------------+------------+
              

