2018-11-06 11:21:24,135 INFO Loading configuration file: /tmp/nfvbench/nfvbench_config.cfg
2018-11-06 11:21:24,166 INFO EXT chain with OpenStack mode disabled
2018-11-06 11:21:24,167 INFO -c /tmp/nfvbench/nfvbench_config.cfg --rate ndr --flow-count 1000 --duration 30
2018-11-06 11:21:24,168 INFO Connecting to TRex (127.0.0.1)...
2018-11-06 11:21:24,312 INFO Connected to TRex
2018-11-06 11:21:24,312 INFO    Port 0: Device 158b speed=25Gbps mac=3c:fd:fe:bd:f8:60 pci=0000:3b:00.0 driver=net_i40e
2018-11-06 11:21:24,312 INFO    Port 1: Device 158b speed=25Gbps mac=3c:fd:fe:bd:f8:61 pci=0000:3b:00.1 driver=net_i40e
2018-11-06 11:21:24,313 INFO Port 0: VLANs [1070]
2018-11-06 11:21:24,313 INFO Port 1: VLANs [1064]
2018-11-06 11:21:24,313 INFO Port 0: dst MAC ['52:54:00:00:00:aa']
2018-11-06 11:21:24,313 INFO Port 1: dst MAC ['52:54:00:00:00:bb']
2018-11-06 11:21:24,314 INFO ChainRunner initialized
2018-11-06 11:21:24,314 INFO Adjusting frame size 64 Bytes to minimum size 68 Bytes due to traffic generator restriction
2018-11-06 11:21:24,314 INFO Starting 1xEXT benchmark...
2018-11-06 11:21:24,318 INFO Starting traffic generator to ensure end-to-end connectivity
2018-11-06 11:21:24,325 INFO Created 1 traffic streams for port 0.
2018-11-06 11:21:24,326 INFO Created 1 traffic streams for port 1.
2018-11-06 11:21:24,435 INFO Captured unique src mac 0/2, capturing return packets (retry 1/100)...
2018-11-06 11:21:26,556 INFO Received packet from mac: 52:54:00:00:00:bb (chain=0, port=1)
2018-11-06 11:21:26,556 INFO Received packet from mac: 52:54:00:00:00:aa (chain=0, port=0)
2018-11-06 11:21:26,556 INFO End-to-end connectivity established
2018-11-06 11:21:26,572 INFO Cleared all existing streams
2018-11-06 11:21:26,581 INFO Created 2 traffic streams for port 0.
2018-11-06 11:21:26,583 INFO Created 2 traffic streams for port 1.
2018-11-06 11:21:26,583 INFO *** Searching NDR for 68 (Bidirectional)...
2018-11-06 11:21:26,583 INFO Range search [0.0 .. 200.0] targets: {'ndr': 0.001}
2018-11-06 11:21:26,583 INFO Modified traffic stream for port 0, new rate=100.0%.
2018-11-06 11:21:26,583 INFO Modified traffic stream for port 1, new rate=100.0%.
2018-11-06 11:21:26,583 INFO Running traffic generator


2018-11-06 11:21:33 - [local][warning]   - [1mCPU util. is high: 86.8%[22m
2018-11-06 11:21:36,604 INFO TX: 406755308; RX: 47866793; Est. Dropped: 358888515; Est. Drop rate: 88.2320%
2018-11-06 11:21:46,613 INFO TX: 814177957; RX: 95551592; Est. Dropped: 718626365; Est. Drop rate: 88.2640%
2018-11-06 11:21:56,618 INFO TX: 1221013626; RX: 143227368; Est. Dropped: 1077786258; Est. Drop rate: 88.2698%
2018-11-06 11:21:58,622 INFO WARNING: There is a significant difference between requested TX rate (71022726) and actual TX rate (40700454). The traffic generator may not have sufficient CPU to achieve the requested TX rate.
2018-11-06 11:21:58,622 INFO Average drop rate: 88.269798
2018-11-06 11:21:58,623 INFO Range search [0.0 .. 100.0] targets: {'ndr': 0.001}
2018-11-06 11:21:58,623 INFO Modified traffic stream for port 0, new rate=50.0%.
2018-11-06 11:21:58,623 INFO Modified traffic stream for port 1, new rate=50.0%.
2018-11-06 11:21:58,623 INFO Running traffic generator
2018-11-06 11:22:08,646 INFO TX: 355454710; RX: 46841473; Est. Dropped: 308613237; Est. Drop rate: 86.8221%


2018-11-06 11:22:16 - [local][warning]   - [1mCPU util. is high: 85.2%[22m
2018-11-06 11:22:18,660 INFO TX: 711057607; RX: 93726401; Est. Dropped: 617331206; Est. Drop rate: 86.8187%
2018-11-06 11:22:28,655 INFO TX: 1065340920; RX: 140652495; Est. Dropped: 924688425; Est. Drop rate: 86.7974%
2018-11-06 11:22:30,660 INFO Average drop rate: 86.797419
2018-11-06 11:22:30,660 INFO Range search [0.0 .. 50.0] targets: {'ndr': 0.001}
2018-11-06 11:22:30,660 INFO Modified traffic stream for port 0, new rate=25.0%.
2018-11-06 11:22:30,660 INFO Modified traffic stream for port 1, new rate=25.0%.
2018-11-06 11:22:30,660 INFO Running traffic generator
2018-11-06 11:22:40,682 INFO TX: 177713516; RX: 47528242; Est. Dropped: 130185274; Est. Drop rate: 73.2557%
2018-11-06 11:22:50,695 INFO TX: 355495877; RX: 95066869; Est. Dropped: 260429008; Est. Drop rate: 73.2580%
2018-11-06 11:23:00,691 INFO TX: 532670476; RX: 142425211; Est. Dropped: 390245265; Est. Drop rate: 73.2620%
2018-11-06 11:23:02,696 INFO Average drop rate: 73.262041
2018-11-06 11:23:02,696 INFO Range search [0.0 .. 25.0] targets: {'ndr': 0.001}
2018-11-06 11:23:02,696 INFO Modified traffic stream for port 0, new rate=12.5%.
2018-11-06 11:23:02,696 INFO Modified traffic stream for port 1, new rate=12.5%.
2018-11-06 11:23:02,696 INFO Running traffic generator
2018-11-06 11:23:12,725 INFO TX: 88860276; RX: 47515190; Est. Dropped: 41345086; Est. Drop rate: 46.5282%
2018-11-06 11:23:22,738 INFO TX: 177742235; RX: 95053180; Est. Dropped: 82689055; Est. Drop rate: 46.5219%
2018-11-06 11:23:32,734 INFO TX: 266335230; RX: 142424735; Est. Dropped: 123910495; Est. Drop rate: 46.5243%
2018-11-06 11:23:34,739 INFO Average drop rate: 46.524260
2018-11-06 11:23:34,739 INFO Range search [0.0 .. 12.5] targets: {'ndr': 0.001}
2018-11-06 11:23:34,739 INFO Modified traffic stream for port 0, new rate=6.25%.
2018-11-06 11:23:34,739 INFO Modified traffic stream for port 1, new rate=6.25%.
2018-11-06 11:23:34,739 INFO Running traffic generator
2018-11-06 11:23:44,760 INFO TX: 44428086; RX: 44427873; Est. Dropped: 213; Est. Drop rate: 0.0005%
2018-11-06 11:23:54,771 INFO TX: 88863734; RX: 88863510; Est. Dropped: 224; Est. Drop rate: 0.0003%
2018-11-06 11:24:04,767 INFO TX: 133167616; RX: 133167616; Est. Dropped: 0; Est. Drop rate: 0.0000%
2018-11-06 11:24:06,773 INFO Average drop rate: 0.000000
2018-11-06 11:24:06,773 INFO Range search [6.25 .. 12.5] targets: {'ndr': 0.001}
2018-11-06 11:24:06,773 INFO Modified traffic stream for port 0, new rate=9.375%.
2018-11-06 11:24:06,773 INFO Modified traffic stream for port 1, new rate=9.375%.
2018-11-06 11:24:06,773 INFO Running traffic generator
2018-11-06 11:24:16,795 INFO TX: 66641692; RX: 47579736; Est. Dropped: 19061956; Est. Drop rate: 28.6036%
2018-11-06 11:24:26,808 INFO TX: 133314120; RX: 95170164; Est. Dropped: 38143956; Est. Drop rate: 28.6121%
2018-11-06 11:24:36,804 INFO TX: 199751424; RX: 142580318; Est. Dropped: 57171106; Est. Drop rate: 28.6211%
2018-11-06 11:24:38,809 INFO Average drop rate: 28.621126
2018-11-06 11:24:38,809 INFO Range search [6.25 .. 9.375] targets: {'ndr': 0.001}
2018-11-06 11:24:38,809 INFO Modified traffic stream for port 0, new rate=7.8125%.
2018-11-06 11:24:38,809 INFO Modified traffic stream for port 1, new rate=7.8125%.
2018-11-06 11:24:38,809 INFO Running traffic generator
2018-11-06 11:24:48,830 INFO TX: 55541397; RX: 47632631; Est. Dropped: 7908766; Est. Drop rate: 14.2394%
2018-11-06 11:24:58,844 INFO TX: 111095174; RX: 95281607; Est. Dropped: 15813567; Est. Drop rate: 14.2343%
2018-11-06 11:25:08,835 INFO TX: 166459516; RX: 142762675; Est. Dropped: 23696841; Est. Drop rate: 14.2358%
2018-11-06 11:25:10,839 INFO Average drop rate: 14.235798
2018-11-06 11:25:10,839 INFO Range search [6.25 .. 7.8125] targets: {'ndr': 0.001}
2018-11-06 11:25:10,840 INFO Modified traffic stream for port 0, new rate=7.03125%.
2018-11-06 11:25:10,840 INFO Modified traffic stream for port 1, new rate=7.03125%.
2018-11-06 11:25:10,840 INFO Running traffic generator
2018-11-06 11:25:20,860 INFO TX: 49982621; RX: 48025512; Est. Dropped: 1957109; Est. Drop rate: 3.9156%
2018-11-06 11:25:30,874 INFO TX: 99981759; RX: 96051731; Est. Dropped: 3930028; Est. Drop rate: 3.9307%
2018-11-06 11:25:40,872 INFO TX: 149813568; RX: 143924497; Est. Dropped: 5889071; Est. Drop rate: 3.9309%
2018-11-06 11:25:42,876 INFO Average drop rate: 3.930933
2018-11-06 11:25:42,877 INFO Range search [6.25 .. 7.03125] targets: {'ndr': 0.001}
2018-11-06 11:25:42,877 INFO Modified traffic stream for port 0, new rate=6.640625%.
2018-11-06 11:25:42,877 INFO Modified traffic stream for port 1, new rate=6.640625%.
2018-11-06 11:25:42,877 INFO Running traffic generator
2018-11-06 11:25:52,899 INFO TX: 47210612; RX: 47210215; Est. Dropped: 397; Est. Drop rate: 0.0008%
2018-11-06 11:26:02,911 INFO TX: 94426278; RX: 94425643; Est. Dropped: 635; Est. Drop rate: 0.0007%
2018-11-06 11:26:12,910 INFO TX: 141490592; RX: 141490362; Est. Dropped: 230; Est. Drop rate: 0.0002%
2018-11-06 11:26:14,915 INFO Average drop rate: 0.000163
2018-11-06 11:26:14,916 INFO Range search [6.640625 .. 7.03125] targets: {'ndr': 0.001}
2018-11-06 11:26:14,916 INFO Modified traffic stream for port 0, new rate=6.8359375%.
2018-11-06 11:26:14,916 INFO Modified traffic stream for port 1, new rate=6.8359375%.
2018-11-06 11:26:14,916 INFO Running traffic generator
2018-11-06 11:26:24,938 INFO TX: 48592237; RX: 47736621; Est. Dropped: 855616; Est. Drop rate: 1.7608%
2018-11-06 11:26:34,951 INFO TX: 97205244; RX: 95497841; Est. Dropped: 1707403; Est. Drop rate: 1.7565%
2018-11-06 11:26:44,941 INFO TX: 145652080; RX: 143102575; Est. Dropped: 2549505; Est. Drop rate: 1.7504%
2018-11-06 11:26:46,947 INFO Average drop rate: 1.750408
2018-11-06 11:26:46,947 INFO Range search [6.640625 .. 6.8359375] targets: {'ndr': 0.001}
2018-11-06 11:26:46,947 INFO Modified traffic stream for port 0, new rate=6.73828125%.
2018-11-06 11:26:46,948 INFO Modified traffic stream for port 1, new rate=6.73828125%.
2018-11-06 11:26:46,948 INFO Running traffic generator
2018-11-06 11:26:56,970 INFO TX: 47902584; RX: 47725226; Est. Dropped: 177358; Est. Drop rate: 0.3702%
2018-11-06 11:27:06,982 INFO TX: 95821337; RX: 95458118; Est. Dropped: 363219; Est. Drop rate: 0.3791%
2018-11-06 11:27:16,974 INFO TX: 143571338; RX: 143024967; Est. Dropped: 546371; Est. Drop rate: 0.3806%
2018-11-06 11:27:18,978 INFO Average drop rate: 0.380557
2018-11-06 11:27:18,978 INFO Range search [6.640625 .. 6.73828125] targets: {'ndr': 0.001}
2018-11-06 11:27:18,979 INFO Found ndr (0.001) load: 6.640625
2018-11-06 11:27:18,979 INFO NDR load: 13.28125
2018-11-06 11:27:18,979 INFO Service chain 'EXT' run completed.
2018-11-06 11:27:18,979 INFO Clean up skipped.
2018-11-06 11:27:19,006 INFO 
========== NFVBench Summary ==========
Date: 2018-11-06 11:21:24
NFVBench version 2.0.3
Openstack Neutron:
  vSwitch: 
  Encapsulation: 
Benchmarks:
> Networks:
  > Components:
    > Traffic Generator:
        Profile: trex-local
        Tool: TRex
    > Versions:
      > Traffic_Generator:
          build_date: Nov 13 2017
          version: v2.32
          built_by: hhaim
          mode: STL
          build_time: 10:58:17
  > Measurement Parameters:
      NDR: 0.001
  > Service chain:
    > EXT:
      > Traffic:
          Profile: traffic_profile_64B
          Bidirectional: True
          Flow count: 1000
          Service chains count: 1
          Compute nodes: []
            
            Run Summary:
            
              +-----+-----------------+------------------+------------------+-----------------+----------------------+----------------------+----------------------+
              |  -  |   L2 Frame Size |  Rate (fwd+rev)  |  Rate (fwd+rev)  |  Avg Drop Rate  |   Avg Latency (usec) |   Min Latency (usec) |   Max Latency (usec) |
              +=====+=================+==================+==================+=================+======================+======================+======================+
              | NDR |              64 |   3.3203 Gbps    |  4,716,352 pps   |     0.0002%     |                  128 |                   10 |                  187 |
              +-----+-----------------+------------------+------------------+-----------------+----------------------+----------------------+----------------------+
              
            
            L2 frame size: 64
            Actual l2 frame size: 68
            NDR search duration: 352 seconds
            

