2018-11-06 10:52:13,327 INFO Loading configuration file: /tmp/nfvbench/nfvbench_config.cfg
2018-11-06 10:52:13,358 INFO EXT chain with OpenStack mode disabled
2018-11-06 10:52:13,358 INFO -c /tmp/nfvbench/nfvbench_config.cfg --rate ndr --flow-count 1000 --duration 30
2018-11-06 10:52:13,360 INFO Connecting to TRex (127.0.0.1)...
2018-11-06 10:52:13,397 INFO Connected to TRex
2018-11-06 10:52:13,397 INFO    Port 0: Device 158b speed=25Gbps mac=3c:fd:fe:bd:f8:60 pci=0000:3b:00.0 driver=net_i40e
2018-11-06 10:52:13,397 INFO    Port 1: Device 158b speed=25Gbps mac=3c:fd:fe:bd:f8:61 pci=0000:3b:00.1 driver=net_i40e
2018-11-06 10:52:13,398 INFO Port 0: VLANs [1070]
2018-11-06 10:52:13,398 INFO Port 1: VLANs [1064]
2018-11-06 10:52:13,398 INFO Port 0: dst MAC ['52:54:00:00:00:aa']
2018-11-06 10:52:13,398 INFO Port 1: dst MAC ['52:54:00:00:00:bb']
2018-11-06 10:52:13,398 INFO ChainRunner initialized
2018-11-06 10:52:13,399 INFO Adjusting frame size 64 Bytes to minimum size 68 Bytes due to traffic generator restriction
2018-11-06 10:52:13,399 INFO Starting 1xEXT benchmark...
2018-11-06 10:52:13,404 INFO Starting traffic generator to ensure end-to-end connectivity
2018-11-06 10:52:13,411 INFO Created 1 traffic streams for port 0.
2018-11-06 10:52:13,412 INFO Created 1 traffic streams for port 1.
2018-11-06 10:52:13,522 INFO Captured unique src mac 0/2, capturing return packets (retry 1/100)...
2018-11-06 10:52:15,643 INFO Received packet from mac: 52:54:00:00:00:bb (chain=0, port=1)
2018-11-06 10:52:15,643 INFO Received packet from mac: 52:54:00:00:00:aa (chain=0, port=0)
2018-11-06 10:52:15,643 INFO End-to-end connectivity established
2018-11-06 10:52:15,659 INFO Cleared all existing streams
2018-11-06 10:52:15,668 INFO Created 2 traffic streams for port 0.
2018-11-06 10:52:15,669 INFO Created 2 traffic streams for port 1.
2018-11-06 10:52:15,669 INFO *** Searching NDR for 68 (Bidirectional)...
2018-11-06 10:52:15,670 INFO Range search [0.0 .. 200.0] targets: {'ndr': 0.001}
2018-11-06 10:52:15,670 INFO Modified traffic stream for port 0, new rate=100.0%.
2018-11-06 10:52:15,670 INFO Modified traffic stream for port 1, new rate=100.0%.
2018-11-06 10:52:15,670 INFO Running traffic generator


2018-11-06 10:52:23 - [local][warning]   - [1mCPU util. is high: 88.5%[22m
2018-11-06 10:52:25,691 INFO TX: 408227968; RX: 47242271; Est. Dropped: 360985697; Est. Drop rate: 88.4275%
2018-11-06 10:52:35,704 INFO TX: 816368409; RX: 94601759; Est. Dropped: 721766650; Est. Drop rate: 88.4119%
2018-11-06 10:52:45,704 INFO TX: 1223473456; RX: 141556723; Est. Dropped: 1081916733; Est. Drop rate: 88.4299%
2018-11-06 10:52:47,709 INFO WARNING: There is a significant difference between requested TX rate (71022726) and actual TX rate (40782448). The traffic generator may not have sufficient CPU to achieve the requested TX rate.
2018-11-06 10:52:47,709 INFO Average drop rate: 88.429931
2018-11-06 10:52:47,709 INFO Range search [0.0 .. 100.0] targets: {'ndr': 0.001}
2018-11-06 10:52:47,709 INFO Modified traffic stream for port 0, new rate=50.0%.
2018-11-06 10:52:47,709 INFO Modified traffic stream for port 1, new rate=50.0%.
2018-11-06 10:52:47,709 INFO Running traffic generator
2018-11-06 10:52:57,733 INFO TX: 355463174; RX: 47364457; Est. Dropped: 308098717; Est. Drop rate: 86.6753%


2018-11-06 10:53:06 - [local][warning]   - [1mCPU util. is high: 85.1%[22m
2018-11-06 10:53:07,747 INFO TX: 711069004; RX: 94737967; Est. Dropped: 616331037; Est. Drop rate: 86.6767%
2018-11-06 10:53:17,743 INFO TX: 1065340918; RX: 142030454; Est. Dropped: 923310464; Est. Drop rate: 86.6681%
2018-11-06 10:53:19,748 INFO Average drop rate: 86.668075
2018-11-06 10:53:19,748 INFO Range search [0.0 .. 50.0] targets: {'ndr': 0.001}
2018-11-06 10:53:19,749 INFO Modified traffic stream for port 0, new rate=25.0%.
2018-11-06 10:53:19,749 INFO Modified traffic stream for port 1, new rate=25.0%.
2018-11-06 10:53:19,749 INFO Running traffic generator
2018-11-06 10:53:29,771 INFO TX: 177734531; RX: 47239222; Est. Dropped: 130495309; Est. Drop rate: 73.4215%
2018-11-06 10:53:39,782 INFO TX: 355491619; RX: 94687333; Est. Dropped: 260804286; Est. Drop rate: 73.3644%
2018-11-06 10:53:49,778 INFO TX: 532670454; RX: 141924223; Est. Dropped: 390746231; Est. Drop rate: 73.3561%
2018-11-06 10:53:51,783 INFO Average drop rate: 73.356093
2018-11-06 10:53:51,783 INFO Range search [0.0 .. 25.0] targets: {'ndr': 0.001}
2018-11-06 10:53:51,783 INFO Modified traffic stream for port 0, new rate=12.5%.
2018-11-06 10:53:51,783 INFO Modified traffic stream for port 1, new rate=12.5%.
2018-11-06 10:53:51,783 INFO Running traffic generator
2018-11-06 10:54:01,813 INFO TX: 88866713; RX: 47689625; Est. Dropped: 41177088; Est. Drop rate: 46.3358%
2018-11-06 10:54:11,828 INFO TX: 177767795; RX: 95363735; Est. Dropped: 82404060; Est. Drop rate: 46.3549%
2018-11-06 10:54:21,824 INFO TX: 266335228; RX: 142908584; Est. Dropped: 123426644; Est. Drop rate: 46.3426%
2018-11-06 10:54:23,829 INFO Average drop rate: 46.342590
2018-11-06 10:54:23,829 INFO Range search [0.0 .. 12.5] targets: {'ndr': 0.001}
2018-11-06 10:54:23,830 INFO Modified traffic stream for port 0, new rate=6.25%.
2018-11-06 10:54:23,830 INFO Modified traffic stream for port 1, new rate=6.25%.
2018-11-06 10:54:23,830 INFO Running traffic generator
2018-11-06 10:54:33,861 INFO TX: 44431633; RX: 44431500; Est. Dropped: 133; Est. Drop rate: 0.0003%
2018-11-06 10:54:43,874 INFO TX: 88882173; RX: 88881981; Est. Dropped: 192; Est. Drop rate: 0.0002%
2018-11-06 10:54:53,871 INFO TX: 133167616; RX: 133167616; Est. Dropped: 0; Est. Drop rate: 0.0000%
2018-11-06 10:54:55,877 INFO Average drop rate: 0.000000
2018-11-06 10:54:55,877 INFO Range search [6.25 .. 12.5] targets: {'ndr': 0.001}
2018-11-06 10:54:55,877 INFO Modified traffic stream for port 0, new rate=9.375%.
2018-11-06 10:54:55,877 INFO Modified traffic stream for port 1, new rate=9.375%.
2018-11-06 10:54:55,877 INFO Running traffic generator
2018-11-06 10:55:05,899 INFO TX: 66651015; RX: 47268156; Est. Dropped: 19382859; Est. Drop rate: 29.0811%
2018-11-06 10:55:15,913 INFO TX: 133327604; RX: 94520818; Est. Dropped: 38806786; Est. Drop rate: 29.1063%
2018-11-06 10:55:25,909 INFO TX: 199751422; RX: 141579736; Est. Dropped: 58171686; Est. Drop rate: 29.1220%
2018-11-06 10:55:27,915 INFO Average drop rate: 29.122038
2018-11-06 10:55:27,915 INFO Range search [6.25 .. 9.375] targets: {'ndr': 0.001}
2018-11-06 10:55:27,915 INFO Modified traffic stream for port 0, new rate=7.8125%.
2018-11-06 10:55:27,915 INFO Modified traffic stream for port 1, new rate=7.8125%.
2018-11-06 10:55:27,915 INFO Running traffic generator
2018-11-06 10:55:37,938 INFO TX: 55543911; RX: 48230234; Est. Dropped: 7313677; Est. Drop rate: 13.1674%
2018-11-06 10:55:47,951 INFO TX: 111102549; RX: 96471580; Est. Dropped: 14630969; Est. Drop rate: 13.1689%
2018-11-06 10:55:57,948 INFO TX: 166459520; RX: 144546270; Est. Dropped: 21913250; Est. Drop rate: 13.1643%
2018-11-06 10:55:59,954 INFO Average drop rate: 13.164312
2018-11-06 10:55:59,954 INFO Range search [6.25 .. 7.8125] targets: {'ndr': 0.001}
2018-11-06 10:55:59,954 INFO Modified traffic stream for port 0, new rate=7.03125%.
2018-11-06 10:55:59,954 INFO Modified traffic stream for port 1, new rate=7.03125%.
2018-11-06 10:55:59,954 INFO Running traffic generator
2018-11-06 10:56:09,977 INFO TX: 49986603; RX: 48205142; Est. Dropped: 1781461; Est. Drop rate: 3.5639%
2018-11-06 10:56:19,991 INFO TX: 99993380; RX: 96436187; Est. Dropped: 3557193; Est. Drop rate: 3.5574%
2018-11-06 10:56:29,987 INFO TX: 149813568; RX: 144484162; Est. Dropped: 5329406; Est. Drop rate: 3.5574%
2018-11-06 10:56:31,993 INFO Average drop rate: 3.557359
2018-11-06 10:56:31,993 INFO Range search [6.25 .. 7.03125] targets: {'ndr': 0.001}
2018-11-06 10:56:31,994 INFO Modified traffic stream for port 0, new rate=6.640625%.
2018-11-06 10:56:31,994 INFO Modified traffic stream for port 1, new rate=6.640625%.
2018-11-06 10:56:31,994 INFO Running traffic generator
2018-11-06 10:56:42,024 INFO TX: 47210934; RX: 47196312; Est. Dropped: 14622; Est. Drop rate: 0.0310%
2018-11-06 10:56:52,039 INFO TX: 94439327; RX: 94412594; Est. Dropped: 26733; Est. Drop rate: 0.0283%
2018-11-06 10:57:02,035 INFO TX: 141490592; RX: 141449828; Est. Dropped: 40764; Est. Drop rate: 0.0288%
2018-11-06 10:57:04,041 INFO Average drop rate: 0.028810
2018-11-06 10:57:04,041 INFO Range search [6.25 .. 6.640625] targets: {'ndr': 0.001}
2018-11-06 10:57:04,041 INFO Modified traffic stream for port 0, new rate=6.4453125%.
2018-11-06 10:57:04,041 INFO Modified traffic stream for port 1, new rate=6.4453125%.
2018-11-06 10:57:04,041 INFO Running traffic generator
2018-11-06 10:57:14,064 INFO TX: 45823297; RX: 45822912; Est. Dropped: 385; Est. Drop rate: 0.0008%
2018-11-06 10:57:24,077 INFO TX: 91659461; RX: 91659012; Est. Dropped: 449; Est. Drop rate: 0.0005%
2018-11-06 10:57:34,074 INFO TX: 137329104; RX: 137329104; Est. Dropped: 0; Est. Drop rate: 0.0000%
2018-11-06 10:57:36,080 INFO Average drop rate: 0.000000
2018-11-06 10:57:36,080 INFO Range search [6.4453125 .. 6.640625] targets: {'ndr': 0.001}
2018-11-06 10:57:36,080 INFO Modified traffic stream for port 0, new rate=6.54296875%.
2018-11-06 10:57:36,080 INFO Modified traffic stream for port 1, new rate=6.54296875%.
2018-11-06 10:57:36,080 INFO Running traffic generator
2018-11-06 10:57:46,102 INFO TX: 46512647; RX: 46512319; Est. Dropped: 328; Est. Drop rate: 0.0007%
2018-11-06 10:57:56,116 INFO TX: 93046621; RX: 93046234; Est. Dropped: 387; Est. Drop rate: 0.0004%
2018-11-06 10:58:06,113 INFO TX: 139409848; RX: 139409848; Est. Dropped: 0; Est. Drop rate: 0.0000%
2018-11-06 10:58:08,118 INFO Average drop rate: 0.000000
2018-11-06 10:58:08,118 INFO Range search [6.54296875 .. 6.640625] targets: {'ndr': 0.001}
2018-11-06 10:58:08,118 INFO Found ndr (0.001) load: 6.54296875
2018-11-06 10:58:08,119 INFO NDR load: 13.0859375
2018-11-06 10:58:08,119 INFO Service chain 'EXT' run completed.
2018-11-06 10:58:08,119 INFO Clean up skipped.
2018-11-06 10:58:08,145 INFO 
========== NFVBench Summary ==========
Date: 2018-11-06 10:52:13
NFVBench version 2.0.3
Openstack Neutron:
  vSwitch: 
  Encapsulation: 
Benchmarks:
> Networks:
  > Components:
    > Traffic Generator:
        Profile: trex-local
        Tool: TRex
    > Versions:
      > Traffic_Generator:
          build_date: Nov 13 2017
          version: v2.32
          built_by: hhaim
          mode: STL
          build_time: 10:58:17
  > Measurement Parameters:
      NDR: 0.001
  > Service chain:
    > EXT:
      > Traffic:
          Profile: traffic_profile_64B
          Bidirectional: True
          Flow count: 1000
          Service chains count: 1
          Compute nodes: []
            
            Run Summary:
            
              +-----+-----------------+------------------+------------------+-----------------+----------------------+----------------------+----------------------+
              |  -  |   L2 Frame Size |  Rate (fwd+rev)  |  Rate (fwd+rev)  |  Avg Drop Rate  |   Avg Latency (usec) |   Min Latency (usec) |   Max Latency (usec) |
              +=====+=================+==================+==================+=================+======================+======================+======================+
              | NDR |              64 |   3.2715 Gbps    |  4,646,994 pps   |     0.0000%     |                  140 |                   10 |                  200 |
              +-----+-----------------+------------------+------------------+-----------------+----------------------+----------------------+----------------------+
              
            
            L2 frame size: 64
            Actual l2 frame size: 68
            NDR search duration: 352 seconds
            

