2018-11-12 10:04:37,761 INFO Loading configuration file: /tmp/nfvbench/nfvbench_config.cfg
2018-11-12 10:04:37,792 INFO EXT chain with OpenStack mode disabled
2018-11-12 10:04:37,793 INFO -c /tmp/nfvbench/nfvbench_config.cfg --rate 20Gbps --flow-count 1000 --duration 30 --json /tmp/nfvbench/2vsc_4_20Gbps-1.log
2018-11-12 10:04:37,794 INFO Connecting to TRex (127.0.0.1)...
2018-11-12 10:04:37,928 INFO Connected to TRex
2018-11-12 10:04:37,928 INFO    Port 0: Device 158b speed=25Gbps mac=3c:fd:fe:bd:f8:60 pci=0000:3b:00.0 driver=net_i40e
2018-11-12 10:04:37,928 INFO    Port 1: Device 158b speed=25Gbps mac=3c:fd:fe:bd:f8:61 pci=0000:3b:00.1 driver=net_i40e
2018-11-12 10:04:37,929 INFO Port 0: VLANs (1070, 1071)
2018-11-12 10:04:37,929 INFO Port 1: VLANs (1064, 1065)
2018-11-12 10:04:37,929 INFO ChainRunner initialized
2018-11-12 10:04:37,929 INFO Adjusting frame size 64 Bytes to minimum size 68 Bytes due to traffic generator restriction
2018-11-12 10:04:37,930 INFO Starting 2xEXT benchmark...
2018-11-12 10:04:38,034 INFO Polling ARP until successful...
2018-11-12 10:04:38,146 INFO    ARP: port=0 chain=0 src IP=172.16.10.100 dst IP=172.16.10.10 -> MAC=52:54:00:00:00:aa
2018-11-12 10:04:38,146 INFO    ARP: port=0 chain=1 src IP=172.16.10.101 dst IP=172.16.10.11 -> MAC=52:54:00:00:00:aa
2018-11-12 10:04:38,146 INFO ARP resolved successfully for port 0
2018-11-12 10:04:38,258 INFO    ARP: port=1 chain=0 src IP=172.16.20.100 dst IP=172.16.20.10 -> MAC=52:54:00:00:00:bb
2018-11-12 10:04:38,258 INFO    ARP: port=1 chain=1 src IP=172.16.20.101 dst IP=172.16.20.11 -> MAC=52:54:00:00:00:bb
2018-11-12 10:04:38,258 INFO ARP resolved successfully for port 1
2018-11-12 10:04:38,360 INFO Port 0: dst MAC ['52:54:00:00:00:aa', '52:54:00:00:00:aa']
2018-11-12 10:04:38,360 INFO Port 1: dst MAC ['52:54:00:00:00:bb', '52:54:00:00:00:bb']
2018-11-12 10:04:38,360 INFO Starting traffic generator to ensure end-to-end connectivity
2018-11-12 10:04:38,372 INFO Created 2 traffic streams for port 0.
2018-11-12 10:04:38,373 INFO Created 2 traffic streams for port 1.
2018-11-12 10:04:38,482 INFO Captured unique src mac 0/2, capturing return packets (retry 1/100)...
2018-11-12 10:04:40,604 INFO Received packet from mac: 52:54:00:00:00:bb (chain=1, port=1)
2018-11-12 10:04:40,604 INFO Received packet from mac: 52:54:00:00:00:aa (chain=1, port=0)
2018-11-12 10:04:40,604 INFO End-to-end connectivity established
2018-11-12 10:04:40,621 INFO Cleared all existing streams
2018-11-12 10:04:40,637 INFO Created 4 traffic streams for port 0.
2018-11-12 10:04:40,640 INFO Created 4 traffic streams for port 1.
2018-11-12 10:04:40,643 INFO Starting to generate traffic...
2018-11-12 10:04:40,643 INFO Running traffic generator
2018-11-12 10:04:50,656 INFO TX: 284106237; RX: 17113629; Est. Dropped: 266992608; Est. Drop rate: 93.9763%
2018-11-12 10:05:00,662 INFO TX: 568353168; RX: 34241633; Est. Dropped: 534111535; Est. Drop rate: 93.9753%
2018-11-12 10:05:10,677 INFO TX: 852265864; RX: 51341025; Est. Dropped: 800924839; Est. Drop rate: 93.9759%
2018-11-12 10:05:10,677 INFO ...traffic generating ended.
2018-11-12 10:05:10,682 INFO Service chain 'EXT' run completed.
2018-11-12 10:05:10,682 INFO Clean up skipped.
2018-11-12 10:05:10,706 INFO Saving results in json file: /tmp/nfvbench/2vsc_4_20Gbps-1.log...
2018-11-12 10:05:10,713 INFO 
========== NFVBench Summary ==========
Date: 2018-11-12 10:04:37
NFVBench version 2.0.3
Openstack Neutron:
  vSwitch: 
  Encapsulation: 
Benchmarks:
> Networks:
  > Components:
    > Traffic Generator:
        Profile: trex-local
        Tool: TRex
    > Versions:
      > Traffic_Generator:
          build_date: Nov 13 2017
          version: v2.32
          built_by: hhaim
          mode: STL
          build_time: 10:58:17
  > Service chain:
    > EXT:
      > Traffic:
          Profile: traffic_profile_64B
          Bidirectional: True
          Flow count: 1000
          Service chains count: 2
          Compute nodes: []
            
            Run Summary:
            
              +-----------------+-------------+----------------------+----------------------+----------------------+
              |   L2 Frame Size |  Drop Rate  |   Avg Latency (usec) |   Min Latency (usec) |   Max Latency (usec) |
              +=================+=============+======================+======================+======================+
              |              64 |  93.9759%   |                  489 |                  100 |                  777 |
              +-----------------+-------------+----------------------+----------------------+----------------------+
              
            
            L2 frame size: 64
            Actual l2 frame size: 68
            
            Run Config:
            
              +-------------+---------------------------+------------------------+-----------------+---------------------------+------------------------+-----------------+
              |  Direction  |  Requested TX Rate (bps)  |  Actual TX Rate (bps)  |  RX Rate (bps)  |  Requested TX Rate (pps)  |  Actual TX Rate (pps)  |  RX Rate (pps)  |
              +=============+===========================+========================+=================+===========================+========================+=================+
              |   Forward   |       10.0000 Gbps        |      9.9999 Gbps       |  587.1203 Mbps  |      14,204,545 pps       |     14,204,431 pps     |   833,977 pps   |
              +-------------+---------------------------+------------------------+-----------------+---------------------------+------------------------+-----------------+
              |   Reverse   |       10.0000 Gbps        |      9.9999 Gbps       |  617.6825 Mbps  |      14,204,545 pps       |     14,204,431 pps     |   877,389 pps   |
              +-------------+---------------------------+------------------------+-----------------+---------------------------+------------------------+-----------------+
              |    Total    |       20.0000 Gbps        |      19.9998 Gbps      |   1.2048 Gbps   |      28,409,090 pps       |     28,408,862 pps     |  1,711,366 pps  |
              +-------------+---------------------------+------------------------+-----------------+---------------------------+------------------------+-----------------+
              
            Forward Chain Packet Counters and Latency:
            
              +---------+--------------+--------------------------+------------+------------+------------+
              |  Chain  |  TRex.TX.p0  |        TRex.RX.p1        |  Avg lat.  |  Min lat.  |  Max lat.  |
              +=========+==============+==========================+============+============+============+
              |    0    | 213,066,466  | -200,556,617 (-94.1287%) |  586 usec  |  400 usec  |  777 usec  |
              +---------+--------------+--------------------------+------------+------------+------------+
              |    1    | 213,066,466  | -200,556,986 (-94.1288%) |  458 usec  |  100 usec  |  687 usec  |
              +---------+--------------+--------------------------+------------+------------+------------+
              |  total  | 426,132,932  | -401,113,603 (-94.1288%) |  522 usec  |  100 usec  |  777 usec  |
              +---------+--------------+--------------------------+------------+------------+------------+
              
            Reverse Chain Packet Counters and Latency:
            
              +---------+--------------+--------------------------+------------+------------+------------+
              |  Chain  |  TRex.TX.p1  |        TRex.RX.p0        |  Avg lat.  |  Min lat.  |  Max lat.  |
              +=========+==============+==========================+============+============+============+
              |    0    | 213,066,466  | -199,904,994 (-93.8228%) |  479 usec  |  100 usec  |  749 usec  |
              +---------+--------------+--------------------------+------------+------------+------------+
              |    1    | 213,066,466  | -199,906,242 (-93.8234%) |  436 usec  |  100 usec  |  763 usec  |
              +---------+--------------+--------------------------+------------+------------+------------+
              |  total  | 426,132,932  | -399,811,236 (-93.8231%) |  458 usec  |  100 usec  |  763 usec  |
              +---------+--------------+--------------------------+------------+------------+------------+
              

