2018-12-07 06:37:58,151 INFO Loading configuration file: /tmp/nfvbench/nfvbench_config.cfg
2018-12-07 06:37:58,188 INFO EXT chain with OpenStack mode disabled
2018-12-07 06:37:58,189 INFO -c /tmp/nfvbench/nfvbench_config.cfg --rate 18500000pps --flow-count 1024 --duration 30 --json /tmp/nfvbench/csc_1c2n_18500000pps-1.json
2018-12-07 06:37:58,190 INFO Connecting to TRex (127.0.0.1)...
2018-12-07 06:37:58,329 INFO Connected to TRex
2018-12-07 06:37:58,329 INFO    Port 0: Ethernet Controller X710 for 10GbE SFP+ speed=10Gbps mac=e4:43:4b:2e:b1:d1 pci=0000:1a:00.1 driver=net_i40e
2018-12-07 06:37:58,329 INFO    Port 1: Ethernet Controller X710 for 10GbE SFP+ speed=10Gbps mac=e4:43:4b:2e:b1:d2 pci=0000:1a:00.2 driver=net_i40e
2018-12-07 06:37:58,330 INFO ChainRunner initialized
2018-12-07 06:37:58,330 INFO Starting 1xEXT benchmark...
2018-12-07 06:37:58,435 INFO Polling ARP until successful...
2018-12-07 06:37:58,546 INFO    ARP: port=0 chain=0 src IP=172.16.10.100 dst IP=172.16.10.10 -> MAC=52:54:00:00:00:aa
2018-12-07 06:37:58,546 INFO ARP resolved successfully for port 0
2018-12-07 06:37:58,656 INFO    ARP: port=1 chain=0 src IP=172.16.20.100 dst IP=172.16.20.10 -> MAC=52:54:00:00:00:bb
2018-12-07 06:37:58,656 INFO ARP resolved successfully for port 1
2018-12-07 06:37:58,758 INFO Port 0: dst MAC ['52:54:00:00:00:aa']
2018-12-07 06:37:58,758 INFO Port 1: dst MAC ['52:54:00:00:00:bb']
2018-12-07 06:37:58,758 INFO Starting traffic generator to ensure end-to-end connectivity
2018-12-07 06:37:58,764 INFO Created 1 traffic streams for port 0.
2018-12-07 06:37:58,766 INFO Created 1 traffic streams for port 1.
2018-12-07 06:37:58,876 INFO Captured unique src mac 0/2, capturing return packets (retry 1/100)...
2018-12-07 06:38:00,997 INFO Received packet from mac: 52:54:00:00:00:aa (chain=0, port=0)
2018-12-07 06:38:00,997 INFO Received packet from mac: 52:54:00:00:00:bb (chain=0, port=1)
2018-12-07 06:38:00,997 INFO End-to-end connectivity established
2018-12-07 06:38:01,015 INFO Cleared all existing streams
2018-12-07 06:38:01,038 INFO Created 4 traffic streams for port 0.
2018-12-07 06:38:01,041 INFO Created 4 traffic streams for port 1.
2018-12-07 06:38:01,045 INFO Starting to generate traffic...
2018-12-07 06:38:01,045 INFO Running traffic generator


2018-12-07 06:38:09 - [local][warning]   - [1mCPU util. is high: 88.3%[22m
2018-12-07 06:38:11,067 INFO TX: 65542433; RX: 18019636; Est. Dropped: 47522797; Est. Drop rate: 72.5069%
2018-12-07 06:38:21,081 INFO TX: 131108774; RX: 35898301; Est. Dropped: 95210473; Est. Drop rate: 72.6195%
2018-12-07 06:38:31,081 INFO TX: 196511700; RX: 53735155; Est. Dropped: 142776545; Est. Drop rate: 72.6555%
2018-12-07 06:38:31,081 INFO ...traffic generating ended.
2018-12-07 06:38:31,085 INFO WARNING: There is a significant difference between requested TX rate (18500000.0) and actual TX rate (6550390). The traffic generator may not have sufficient CPU to achieve the requested TX rate.
2018-12-07 06:38:31,085 INFO Service chain 'EXT' run completed.
2018-12-07 06:38:31,085 INFO Clean up skipped.
2018-12-07 06:38:31,109 INFO Saving results in json file: /tmp/nfvbench/csc_1c2n_18500000pps-1.json...
2018-12-07 06:38:31,117 INFO
========== NFVBench Summary ==========
Date: 2018-12-07 06:37:58
NFVBench version 2.0.4
Openstack Neutron:
  vSwitch:
  Encapsulation:
Benchmarks:
> Networks:
  > Components:
    > Traffic Generator:
        Profile: trex-local
        Tool: TRex
    > Versions:
      > Traffic_Generator:
          build_date: Nov 13 2017
          version: v2.32
          built_by: hhaim
          mode: STL
          build_time: 10:58:17
  > Service chain:
    > EXT:
      > Traffic:
          Profile: traffic_profile_IMIX
          Bidirectional: True
          Flow count: 1024
          Service chains count: 1
          Compute nodes: []

            Run Summary:

              +-----------------+-------------+----------------------+----------------------+----------------------+
              |  L2 Frame Size  |  Drop Rate  |  Avg Latency (usec)  |   Min Latency (usec) |  Max Latency (usec)  |
              +=================+=============+======================+======================+======================+
              |      IMIX       |  72.6555%   |        2,319         |                   20 |        2,922         |
              +-----------------+-------------+----------------------+----------------------+----------------------+


            L2 frame size: IMIX

            Run Config:

              +-------------+---------------------------+------------------------+-----------------+---------------------------+------------------------+-----------------+
              |  Direction  |  Requested TX Rate (bps)  |  Actual TX Rate (bps)  |  RX Rate (bps)  |  Requested TX Rate (pps)  |  Actual TX Rate (pps)  |  RX Rate (pps)  |
              +=============+===========================+========================+=================+===========================+========================+=================+
              |   Forward   |       28.2557 Gbps        |      10.0044 Gbps      |   2.7357 Gbps   |       9,250,000 pps       |     3,275,135 pps      |   895,573 pps   |
              +-------------+---------------------------+------------------------+-----------------+---------------------------+------------------------+-----------------+
              |   Reverse   |       28.2557 Gbps        |      10.0048 Gbps      |   2.7358 Gbps   |       9,250,000 pps       |     3,275,254 pps      |   895,598 pps   |
              +-------------+---------------------------+------------------------+-----------------+---------------------------+------------------------+-----------------+
              |    Total    |       56.5113 Gbps        |      20.0093 Gbps      |   5.4714 Gbps   |      18,500,000 pps       |     6,550,389 pps      |  1,791,171 pps  |
              +-------------+---------------------------+------------------------+-----------------+---------------------------+------------------------+-----------------+

              WARNING: There is a significant difference between requested TX rate (18500000.0) and actual TX rate (6550390). The traffic generator may not have sufficient CPU to achieve the requested TX rate.

            Forward Chain Packet Counters and Latency:

              +---------+--------------+-------------------------+------------+------------+------------+
              |   Chain |  TRex.TX.p0  |       TRex.RX.p1        |  Avg lat.  |  Min lat.  |  Max lat.  |
              +=========+==============+=========================+============+============+============+
              |       0 |  98,254,060  | -71,386,867 (-72.6554%) | 2,643 usec |  20 usec   | 2,922 usec |
              +---------+--------------+-------------------------+------------+------------+------------+

            Reverse Chain Packet Counters and Latency:

              +---------+--------------+--------------------------------+------------+------------+------------+
              |   Chain |  TRex.TX.p1  |           TRex.RX.p0           |  Avg lat.  |  Min lat.  |  Max lat.  |
              +=========+==============+================================+============+============+============+
              |       0 |  98,257,640  | +64,326,623,822 (+65467.2999%) | 1,997 usec | 1,000 usec | 2,108 usec |
              +---------+--------------+--------------------------------+------------+------------+------------+


