2018-12-07 06:54:57,861 INFO Loading configuration file: /tmp/nfvbench/nfvbench_config.cfg
2018-12-07 06:54:57,898 INFO EXT chain with OpenStack mode disabled
2018-12-07 06:54:57,898 INFO -c /tmp/nfvbench/nfvbench_config.cfg --rate 18500000pps --flow-count 1024 --duration 30 --json /tmp/nfvbench/csc_1c4n_18500000pps-1.json
2018-12-07 06:54:57,900 INFO Connecting to TRex (127.0.0.1)...
2018-12-07 06:54:58,037 INFO Connected to TRex
2018-12-07 06:54:58,037 INFO    Port 0: Ethernet Controller X710 for 10GbE SFP+ speed=10Gbps mac=e4:43:4b:2e:b1:d1 pci=0000:1a:00.1 driver=net_i40e
2018-12-07 06:54:58,037 INFO    Port 1: Ethernet Controller X710 for 10GbE SFP+ speed=10Gbps mac=e4:43:4b:2e:b1:d2 pci=0000:1a:00.2 driver=net_i40e
2018-12-07 06:54:58,038 INFO ChainRunner initialized
2018-12-07 06:54:58,039 INFO Starting 1xEXT benchmark...
2018-12-07 06:54:58,143 INFO Polling ARP until successful...
2018-12-07 06:54:58,254 INFO    ARP: port=0 chain=0 src IP=172.16.10.100 dst IP=172.16.10.10 -> MAC=52:54:00:00:00:aa
2018-12-07 06:54:58,254 INFO ARP resolved successfully for port 0
2018-12-07 06:54:58,365 INFO    ARP: port=1 chain=0 src IP=172.16.20.100 dst IP=172.16.20.10 -> MAC=52:54:00:00:00:bb
2018-12-07 06:54:58,365 INFO ARP resolved successfully for port 1
2018-12-07 06:54:58,466 INFO Port 0: dst MAC ['52:54:00:00:00:aa']
2018-12-07 06:54:58,466 INFO Port 1: dst MAC ['52:54:00:00:00:bb']
2018-12-07 06:54:58,466 INFO Starting traffic generator to ensure end-to-end connectivity
2018-12-07 06:54:58,473 INFO Created 1 traffic streams for port 0.
2018-12-07 06:54:58,474 INFO Created 1 traffic streams for port 1.
2018-12-07 06:54:58,584 INFO Captured unique src mac 0/2, capturing return packets (retry 1/100)...
2018-12-07 06:55:00,705 INFO Received packet from mac: 52:54:00:00:00:bb (chain=0, port=1)
2018-12-07 06:55:00,705 INFO Received packet from mac: 52:54:00:00:00:aa (chain=0, port=0)
2018-12-07 06:55:00,705 INFO End-to-end connectivity established
2018-12-07 06:55:00,723 INFO Cleared all existing streams
2018-12-07 06:55:00,746 INFO Created 4 traffic streams for port 0.
2018-12-07 06:55:00,749 INFO Created 4 traffic streams for port 1.
2018-12-07 06:55:00,752 INFO Starting to generate traffic...
2018-12-07 06:55:00,752 INFO Running traffic generator


2018-12-07 06:55:08 - [local][warning]   - [1mCPU util. is high: 86.1%[22m
2018-12-07 06:55:10,774 INFO TX: 65542645; RX: 9404744; Est. Dropped: 56137901; Est. Drop rate: 85.6510%
2018-12-07 06:55:20,788 INFO TX: 131109187; RX: 18817608; Est. Dropped: 112291579; Est. Drop rate: 85.6474%
2018-12-07 06:55:30,790 INFO TX: 196513732; RX: 28212174; Est. Dropped: 168301558; Est. Drop rate: 85.6437%
2018-12-07 06:55:30,790 INFO ...traffic generating ended.
2018-12-07 06:55:30,793 INFO WARNING: There is a significant difference between requested TX rate (18500000.0) and actual TX rate (6550457). The traffic generator may not have sufficient CPU to achieve the requested TX rate.
2018-12-07 06:55:30,793 INFO Service chain 'EXT' run completed.
2018-12-07 06:55:30,793 INFO Clean up skipped.
2018-12-07 06:55:30,817 INFO Saving results in json file: /tmp/nfvbench/csc_1c4n_18500000pps-1.json...
2018-12-07 06:55:30,824 INFO
========== NFVBench Summary ==========
Date: 2018-12-07 06:54:58
NFVBench version 2.0.4
Openstack Neutron:
  vSwitch:
  Encapsulation:
Benchmarks:
> Networks:
  > Components:
    > Traffic Generator:
        Profile: trex-local
        Tool: TRex
    > Versions:
      > Traffic_Generator:
          build_date: Nov 13 2017
          version: v2.32
          built_by: hhaim
          mode: STL
          build_time: 10:58:17
  > Service chain:
    > EXT:
      > Traffic:
          Profile: traffic_profile_IMIX
          Bidirectional: True
          Flow count: 1024
          Service chains count: 1
          Compute nodes: []

            Run Summary:

              +-----------------+-------------+----------------------+----------------------+----------------------+
              |  L2 Frame Size  |  Drop Rate  |  Avg Latency (usec)  |  Min Latency (usec)  |  Max Latency (usec)  |
              +=================+=============+======================+======================+======================+
              |      IMIX       |  85.6437%   |        5,256         |        2,000         |        6,814         |
              +-----------------+-------------+----------------------+----------------------+----------------------+


            L2 frame size: IMIX

            Run Config:

              +-------------+---------------------------+------------------------+-----------------+---------------------------+------------------------+-----------------+
              |  Direction  |  Requested TX Rate (bps)  |  Actual TX Rate (bps)  |  RX Rate (bps)  |  Requested TX Rate (pps)  |  Actual TX Rate (pps)  |  RX Rate (pps)  |
              +=============+===========================+========================+=================+===========================+========================+=================+
              |   Forward   |       28.2557 Gbps        |      10.0045 Gbps      |   1.4363 Gbps   |       9,250,000 pps       |     3,275,166 pps      |   470,213 pps   |
              +-------------+---------------------------+------------------------+-----------------+---------------------------+------------------------+-----------------+
              |   Reverse   |       28.2557 Gbps        |      10.0049 Gbps      |   1.4363 Gbps   |       9,250,000 pps       |     3,275,291 pps      |   470,192 pps   |
              +-------------+---------------------------+------------------------+-----------------+---------------------------+------------------------+-----------------+
              |    Total    |       56.5113 Gbps        |      20.0095 Gbps      |   2.8726 Gbps   |      18,500,000 pps       |     6,550,457 pps      |   940,405 pps   |
              +-------------+---------------------------+------------------------+-----------------+---------------------------+------------------------+-----------------+

              WARNING: There is a significant difference between requested TX rate (18500000.0) and actual TX rate (6550457). The traffic generator may not have sufficient CPU to achieve the requested TX rate.

            Forward Chain Packet Counters and Latency:

              +---------+--------------+-------------------------+------------+------------+------------+
              |   Chain |  TRex.TX.p0  |       TRex.RX.p1        |  Avg lat.  |  Min lat.  |  Max lat.  |
              +=========+==============+=========================+============+============+============+
              |       0 |  98,254,981  | -84,148,584 (-85.6431%) | 6,195 usec | 2,000 usec | 6,814 usec |
              +---------+--------------+-------------------------+------------+------------+------------+

            Reverse Chain Packet Counters and Latency:

              +---------+--------------+--------------------------------+------------+------------+------------+
              |   Chain |  TRex.TX.p1  |           TRex.RX.p0           |  Avg lat.  |  Min lat.  |  Max lat.  |
              +=========+==============+================================+============+============+============+
              |       0 |  98,258,751  | +64,326,309,741 (+65466.2400%) | 4,320 usec | 3,000 usec | 4,788 usec |
              +---------+--------------+--------------------------------+------------+------------+------------+


