2018-12-07 07:12:38,179 INFO Loading configuration file: /tmp/nfvbench/nfvbench_config.cfg
2018-12-07 07:12:38,216 INFO EXT chain with OpenStack mode disabled
2018-12-07 07:12:38,216 INFO -c /tmp/nfvbench/nfvbench_config.cfg --rate 18500000pps --flow-count 1024 --duration 30 --json /tmp/nfvbench/csc_1c8n_18500000pps-1.json
2018-12-07 07:12:38,218 INFO Connecting to TRex (127.0.0.1)...
2018-12-07 07:12:38,356 INFO Connected to TRex
2018-12-07 07:12:38,357 INFO    Port 0: Ethernet Controller X710 for 10GbE SFP+ speed=10Gbps mac=e4:43:4b:2e:b1:d1 pci=0000:1a:00.1 driver=net_i40e
2018-12-07 07:12:38,357 INFO    Port 1: Ethernet Controller X710 for 10GbE SFP+ speed=10Gbps mac=e4:43:4b:2e:b1:d2 pci=0000:1a:00.2 driver=net_i40e
2018-12-07 07:12:38,357 INFO ChainRunner initialized
2018-12-07 07:12:38,358 INFO Starting 1xEXT benchmark...
2018-12-07 07:12:38,463 INFO Polling ARP until successful...
2018-12-07 07:12:38,574 INFO    ARP: port=0 chain=0 src IP=172.16.10.100 dst IP=172.16.10.10 -> MAC=52:54:00:00:00:aa
2018-12-07 07:12:38,574 INFO ARP resolved successfully for port 0
2018-12-07 07:12:38,684 INFO    ARP: port=1 chain=0 src IP=172.16.20.100 dst IP=172.16.20.10 -> MAC=52:54:00:00:00:bb
2018-12-07 07:12:38,684 INFO ARP resolved successfully for port 1
2018-12-07 07:12:38,786 INFO Port 0: dst MAC ['52:54:00:00:00:aa']
2018-12-07 07:12:38,786 INFO Port 1: dst MAC ['52:54:00:00:00:bb']
2018-12-07 07:12:38,786 INFO Starting traffic generator to ensure end-to-end connectivity
2018-12-07 07:12:38,792 INFO Created 1 traffic streams for port 0.
2018-12-07 07:12:38,794 INFO Created 1 traffic streams for port 1.
2018-12-07 07:12:38,904 INFO Captured unique src mac 0/2, capturing return packets (retry 1/100)...
2018-12-07 07:12:41,049 INFO Received packet from mac: 52:54:00:00:00:aa (chain=0, port=0)
2018-12-07 07:12:41,049 INFO Received packet from mac: 52:54:00:00:00:bb (chain=0, port=1)
2018-12-07 07:12:41,049 INFO End-to-end connectivity established
2018-12-07 07:12:41,066 INFO Cleared all existing streams
2018-12-07 07:12:41,089 INFO Created 4 traffic streams for port 0.
2018-12-07 07:12:41,092 INFO Created 4 traffic streams for port 1.
2018-12-07 07:12:41,095 INFO Starting to generate traffic...
2018-12-07 07:12:41,095 INFO Running traffic generator


2018-12-07 07:12:48 - [local][warning]   - [1mCPU util. is high: 86.9%[22m
2018-12-07 07:12:51,118 INFO TX: 65550206; RX: 4597064; Est. Dropped: 60953142; Est. Drop rate: 92.9870%
2018-12-07 07:13:01,133 INFO TX: 131121521; RX: 9213512; Est. Dropped: 121908009; Est. Drop rate: 92.9733%
2018-12-07 07:13:11,132 INFO TX: 196516849; RX: 13790918; Est. Dropped: 182725931; Est. Drop rate: 92.9823%
2018-12-07 07:13:11,132 INFO ...traffic generating ended.
2018-12-07 07:13:11,135 INFO WARNING: There is a significant difference between requested TX rate (18500000.0) and actual TX rate (6550561). The traffic generator may not have sufficient CPU to achieve the requested TX rate.
2018-12-07 07:13:11,136 INFO Service chain 'EXT' run completed.
2018-12-07 07:13:11,136 INFO Clean up skipped.
2018-12-07 07:13:11,160 INFO Saving results in json file: /tmp/nfvbench/csc_1c8n_18500000pps-1.json...
2018-12-07 07:13:11,167 INFO
========== NFVBench Summary ==========
Date: 2018-12-07 07:12:38
NFVBench version 2.0.4
Openstack Neutron:
  vSwitch:
  Encapsulation:
Benchmarks:
> Networks:
  > Components:
    > Traffic Generator:
        Profile: trex-local
        Tool: TRex
    > Versions:
      > Traffic_Generator:
          build_date: Nov 13 2017
          version: v2.32
          built_by: hhaim
          mode: STL
          build_time: 10:58:17
  > Service chain:
    > EXT:
      > Traffic:
          Profile: traffic_profile_IMIX
          Bidirectional: True
          Flow count: 1024
          Service chains count: 1
          Compute nodes: []

            Run Summary:

              +-----------------+-------------+----------------------+----------------------+----------------------+
              |  L2 Frame Size  |  Drop Rate  |  Avg Latency (usec)  |  Min Latency (usec)  |  Max Latency (usec)  |
              +=================+=============+======================+======================+======================+
              |      IMIX       |  92.9823%   |        15,087        |        3,000         |        17,703        |
              +-----------------+-------------+----------------------+----------------------+----------------------+


            L2 frame size: IMIX

            Run Config:

              +-------------+---------------------------+------------------------+-----------------+---------------------------+------------------------+-----------------+
              |  Direction  |  Requested TX Rate (bps)  |  Actual TX Rate (bps)  |  RX Rate (bps)  |  Requested TX Rate (pps)  |  Actual TX Rate (pps)  |  RX Rate (pps)  |
              +=============+===========================+========================+=================+===========================+========================+=================+
              |   Forward   |       28.2557 Gbps        |      10.0048 Gbps      |  702.1812 Mbps  |       9,250,000 pps       |     3,275,248 pps      |   229,871 pps   |
              +-------------+---------------------------+------------------------+-----------------+---------------------------+------------------------+-----------------+
              |   Reverse   |       28.2557 Gbps        |      10.0050 Gbps      |  702.0407 Mbps  |       9,250,000 pps       |     3,275,313 pps      |   229,825 pps   |
              +-------------+---------------------------+------------------------+-----------------+---------------------------+------------------------+-----------------+
              |    Total    |       56.5113 Gbps        |      20.0098 Gbps      |   1.4042 Gbps   |      18,500,000 pps       |     6,550,561 pps      |   459,696 pps   |
              +-------------+---------------------------+------------------------+-----------------+---------------------------+------------------------+-----------------+

              WARNING: There is a significant difference between requested TX rate (18500000.0) and actual TX rate (6550561). The traffic generator may not have sufficient CPU to achieve the requested TX rate.

            Forward Chain Packet Counters and Latency:

              +---------+--------------+-------------------------+-------------+-------------+-------------+
              |   Chain |  TRex.TX.p0  |       TRex.RX.p1        |  Avg lat.   |  Min lat.   |  Max lat.   |
              +=========+==============+=========================+=============+=============+=============+
              |       0 |  98,257,451  | -91,361,302 (-92.9816%) | 16,990 usec | 10,000 usec | 17,703 usec |
              +---------+--------------+-------------------------+-------------+-------------+-------------+

            Reverse Chain Packet Counters and Latency:

              +---------+--------------+--------------------------------+-------------+------------+-------------+
              |   Chain |  TRex.TX.p1  |           TRex.RX.p0           |  Avg lat.   |  Min lat.  |  Max lat.   |
              +=========+==============+================================+=============+============+=============+
              |       0 |  98,259,398  | +64,326,361,011 (+65465.8611%) | 13,186 usec | 3,000 usec | 13,697 usec |
              +---------+--------------+--------------------------------+-------------+------------+-------------+


