2018-12-07 07:38:05,195 INFO Loading configuration file: /tmp/nfvbench/nfvbench_config.cfg
2018-12-07 07:38:05,232 INFO EXT chain with OpenStack mode disabled
2018-12-07 07:38:05,232 INFO -c /tmp/nfvbench/nfvbench_config.cfg --rate 18500000pps --flow-count 1024 --duration 30 --json /tmp/nfvbench/csp_1c4n_18500000pps-1.json
2018-12-07 07:38:05,234 INFO Connecting to TRex (127.0.0.1)...
2018-12-07 07:38:05,377 INFO Connected to TRex
2018-12-07 07:38:05,377 INFO    Port 0: Ethernet Controller X710 for 10GbE SFP+ speed=10Gbps mac=e4:43:4b:2e:b1:d1 pci=0000:1a:00.1 driver=net_i40e
2018-12-07 07:38:05,377 INFO    Port 1: Ethernet Controller X710 for 10GbE SFP+ speed=10Gbps mac=e4:43:4b:2e:b1:d2 pci=0000:1a:00.2 driver=net_i40e
2018-12-07 07:38:05,378 INFO ChainRunner initialized
2018-12-07 07:38:05,378 INFO Starting 1xEXT benchmark...
2018-12-07 07:38:05,483 INFO Polling ARP until successful...
2018-12-07 07:38:05,594 INFO    ARP: port=0 chain=0 src IP=172.16.10.100 dst IP=172.16.10.10 -> MAC=52:54:00:00:00:aa
2018-12-07 07:38:05,594 INFO ARP resolved successfully for port 0
2018-12-07 07:38:05,704 INFO    ARP: port=1 chain=0 src IP=172.16.20.100 dst IP=172.16.20.10 -> MAC=52:54:00:00:00:bb
2018-12-07 07:38:05,704 INFO ARP resolved successfully for port 1
2018-12-07 07:38:05,806 INFO Port 0: dst MAC ['52:54:00:00:00:aa']
2018-12-07 07:38:05,806 INFO Port 1: dst MAC ['52:54:00:00:00:bb']
2018-12-07 07:38:05,806 INFO Starting traffic generator to ensure end-to-end connectivity
2018-12-07 07:38:05,813 INFO Created 1 traffic streams for port 0.
2018-12-07 07:38:05,814 INFO Created 1 traffic streams for port 1.
2018-12-07 07:38:05,924 INFO Captured unique src mac 0/2, capturing return packets (retry 1/100)...
2018-12-07 07:38:08,055 INFO Received packet from mac: 52:54:00:00:00:bb (chain=0, port=1)
2018-12-07 07:38:08,055 INFO Received packet from mac: 52:54:00:00:00:aa (chain=0, port=0)
2018-12-07 07:38:08,055 INFO End-to-end connectivity established
2018-12-07 07:38:08,072 INFO Cleared all existing streams
2018-12-07 07:38:08,095 INFO Created 4 traffic streams for port 0.
2018-12-07 07:38:08,098 INFO Created 4 traffic streams for port 1.
2018-12-07 07:38:08,102 INFO Starting to generate traffic...
2018-12-07 07:38:08,102 INFO Running traffic generator


2018-12-07 07:38:16 - [local][warning]   - [1mCPU util. is high: 88.2%[22m
2018-12-07 07:38:18,124 INFO TX: 65542582; RX: 33128241; Est. Dropped: 32414341; Est. Drop rate: 49.4554%
2018-12-07 07:38:28,138 INFO TX: 131108911; RX: 66259907; Est. Dropped: 64849004; Est. Drop rate: 49.4619%
2018-12-07 07:38:38,139 INFO TX: 196513318; RX: 99284397; Est. Dropped: 97228921; Est. Drop rate: 49.4770%
2018-12-07 07:38:38,139 INFO ...traffic generating ended.
2018-12-07 07:38:38,143 INFO WARNING: There is a significant difference between requested TX rate (18500000.0) and actual TX rate (6550443). The traffic generator may not have sufficient CPU to achieve the requested TX rate.
2018-12-07 07:38:38,143 INFO Service chain 'EXT' run completed.
2018-12-07 07:38:38,143 INFO Clean up skipped.
2018-12-07 07:38:38,167 INFO Saving results in json file: /tmp/nfvbench/csp_1c4n_18500000pps-1.json...
2018-12-07 07:38:38,175 INFO
========== NFVBench Summary ==========
Date: 2018-12-07 07:38:05
NFVBench version 2.0.4
Openstack Neutron:
  vSwitch:
  Encapsulation:
Benchmarks:
> Networks:
  > Components:
    > Traffic Generator:
        Profile: trex-local
        Tool: TRex
    > Versions:
      > Traffic_Generator:
          build_date: Nov 13 2017
          version: v2.32
          built_by: hhaim
          mode: STL
          build_time: 10:58:17
  > Service chain:
    > EXT:
      > Traffic:
          Profile: traffic_profile_IMIX
          Bidirectional: True
          Flow count: 1024
          Service chains count: 1
          Compute nodes: []

            Run Summary:

              +-----------------+-------------+----------------------+----------------------+----------------------+
              |  L2 Frame Size  |  Drop Rate  |  Avg Latency (usec)  |   Min Latency (usec) |  Max Latency (usec)  |
              +=================+=============+======================+======================+======================+
              |      IMIX       |  49.4770%   |        1,238         |                   20 |        1,471         |
              +-----------------+-------------+----------------------+----------------------+----------------------+


            L2 frame size: IMIX

            Run Config:

              +-------------+---------------------------+------------------------+-----------------+---------------------------+------------------------+-----------------+
              |  Direction  |  Requested TX Rate (bps)  |  Actual TX Rate (bps)  |  RX Rate (bps)  |  Requested TX Rate (pps)  |  Actual TX Rate (pps)  |  RX Rate (pps)  |
              +=============+===========================+========================+=================+===========================+========================+=================+
              |   Forward   |       28.2557 Gbps        |      10.0047 Gbps      |   5.0547 Gbps   |       9,250,000 pps       |     3,275,214 pps      |  1,654,732 pps  |
              +-------------+---------------------------+------------------------+-----------------+---------------------------+------------------------+-----------------+
              |   Reverse   |       28.2557 Gbps        |      10.0047 Gbps      |   5.0547 Gbps   |       9,250,000 pps       |     3,275,229 pps      |  1,654,747 pps  |
              +-------------+---------------------------+------------------------+-----------------+---------------------------+------------------------+-----------------+
              |    Total    |       56.5113 Gbps        |      20.0094 Gbps      |  10.1094 Gbps   |      18,500,000 pps       |     6,550,443 pps      |  3,309,479 pps  |
              +-------------+---------------------------+------------------------+-----------------+---------------------------+------------------------+-----------------+

              WARNING: There is a significant difference between requested TX rate (18500000.0) and actual TX rate (6550443). The traffic generator may not have sufficient CPU to achieve the requested TX rate.

            Forward Chain Packet Counters and Latency:

              +---------+--------------+-------------------------+------------+------------+------------+
              |   Chain |  TRex.TX.p0  |       TRex.RX.p1        |  Avg lat.  |  Min lat.  |  Max lat.  |
              +=========+==============+=========================+============+============+============+
              |       0 |  98,256,444  | -48,614,475 (-49.4771%) | 1,262 usec |  20 usec   | 1,402 usec |
              +---------+--------------+-------------------------+------------+------------+------------+

            Reverse Chain Packet Counters and Latency:

              +---------+--------------+--------------------------------+------------+------------+------------+
              |   Chain |  TRex.TX.p1  |           TRex.RX.p0           |  Avg lat.  |  Min lat.  |  Max lat.  |
              +=========+==============+================================+============+============+============+
              |       0 |  98,256,874  | +60,033,692,901 (+61098.7206%) | 1,216 usec |  30 usec   | 1,471 usec |
              +---------+--------------+--------------------------------+------------+------------+------------+


