2018-12-07 05:56:32,871 INFO Loading configuration file: /tmp/nfvbench/nfvbench_config.cfg
2018-12-07 05:56:32,908 INFO EXT chain with OpenStack mode disabled
2018-12-07 05:56:32,908 INFO -c /tmp/nfvbench/nfvbench_config.cfg --rate 18500000pps --flow-count 1024 --duration 30 --json /tmp/nfvbench/vsc_1c6n_18500000pps-1.json
2018-12-07 05:56:32,909 INFO Connecting to TRex (127.0.0.1)...
2018-12-07 05:56:33,052 INFO Connected to TRex
2018-12-07 05:56:33,052 INFO    Port 0: Ethernet Controller X710 for 10GbE SFP+ speed=10Gbps mac=e4:43:4b:2e:b1:d1 pci=0000:1a:00.1 driver=net_i40e
2018-12-07 05:56:33,052 INFO    Port 1: Ethernet Controller X710 for 10GbE SFP+ speed=10Gbps mac=e4:43:4b:2e:b1:d2 pci=0000:1a:00.2 driver=net_i40e
2018-12-07 05:56:33,053 INFO ChainRunner initialized
2018-12-07 05:56:33,054 INFO Starting 1xEXT benchmark...
2018-12-07 05:56:33,159 INFO Polling ARP until successful...
2018-12-07 05:56:33,270 INFO    ARP: port=0 chain=0 src IP=172.16.10.100 dst IP=172.16.10.10 -> MAC=52:54:00:00:00:aa
2018-12-07 05:56:33,270 INFO ARP resolved successfully for port 0
2018-12-07 05:56:33,380 INFO    ARP: port=1 chain=0 src IP=172.16.20.100 dst IP=172.16.20.10 -> MAC=52:54:00:00:00:bb
2018-12-07 05:56:33,380 INFO ARP resolved successfully for port 1
2018-12-07 05:56:33,482 INFO Port 0: dst MAC ['52:54:00:00:00:aa']
2018-12-07 05:56:33,482 INFO Port 1: dst MAC ['52:54:00:00:00:bb']
2018-12-07 05:56:33,482 INFO Starting traffic generator to ensure end-to-end connectivity
2018-12-07 05:56:33,489 INFO Created 1 traffic streams for port 0.
2018-12-07 05:56:33,490 INFO Created 1 traffic streams for port 1.
2018-12-07 05:56:33,599 INFO Captured unique src mac 0/2, capturing return packets (retry 1/100)...
2018-12-07 05:56:35,721 INFO Received packet from mac: 52:54:00:00:00:bb (chain=0, port=1)
2018-12-07 05:56:35,721 INFO Received packet from mac: 52:54:00:00:00:aa (chain=0, port=0)
2018-12-07 05:56:35,721 INFO End-to-end connectivity established
2018-12-07 05:56:35,738 INFO Cleared all existing streams
2018-12-07 05:56:35,761 INFO Created 4 traffic streams for port 0.
2018-12-07 05:56:35,764 INFO Created 4 traffic streams for port 1.
2018-12-07 05:56:35,766 INFO Starting to generate traffic...
2018-12-07 05:56:35,766 INFO Running traffic generator


2018-12-07 05:56:43 - [local][warning]   - [1mCPU util. is high: 85.9%[22m
2018-12-07 05:56:45,789 INFO TX: 65543520; RX: 5893616; Est. Dropped: 59649904; Est. Drop rate: 91.0081%
2018-12-07 05:56:55,804 INFO TX: 131113797; RX: 11791088; Est. Dropped: 119322709; Est. Drop rate: 91.0070%
2018-12-07 05:57:05,806 INFO TX: 196528849; RX: 17684582; Est. Dropped: 178844267; Est. Drop rate: 91.0015%
2018-12-07 05:57:05,806 INFO ...traffic generating ended.
2018-12-07 05:57:05,810 INFO WARNING: There is a significant difference between requested TX rate (18500000.0) and actual TX rate (6550961). The traffic generator may not have sufficient CPU to achieve the requested TX rate.
2018-12-07 05:57:05,810 INFO Service chain 'EXT' run completed.
2018-12-07 05:57:05,810 INFO Clean up skipped.
2018-12-07 05:57:05,848 INFO Saving results in json file: /tmp/nfvbench/vsc_1c6n_18500000pps-1.json...
2018-12-07 05:57:05,856 INFO
========== NFVBench Summary ==========
Date: 2018-12-07 05:56:33
NFVBench version 2.0.4
Openstack Neutron:
  vSwitch:
  Encapsulation:
Benchmarks:
> Networks:
  > Components:
    > Traffic Generator:
        Profile: trex-local
        Tool: TRex
    > Versions:
      > Traffic_Generator:
          build_date: Nov 13 2017
          version: v2.32
          built_by: hhaim
          mode: STL
          build_time: 10:58:17
  > Service chain:
    > EXT:
      > Traffic:
          Profile: traffic_profile_IMIX
          Bidirectional: True
          Flow count: 1024
          Service chains count: 1
          Compute nodes: []

            Run Summary:

              +-----------------+-------------+----------------------+----------------------+----------------------+
              |  L2 Frame Size  |  Drop Rate  |  Avg Latency (usec)  |  Min Latency (usec)  |  Max Latency (usec)  |
              +=================+=============+======================+======================+======================+
              |      IMIX       |  91.0015%   |        8,359         |        3,000         |        9,934         |
              +-----------------+-------------+----------------------+----------------------+----------------------+


            L2 frame size: IMIX

            Run Config:

              +-------------+---------------------------+------------------------+-----------------+---------------------------+------------------------+-----------------+
              |  Direction  |  Requested TX Rate (bps)  |  Actual TX Rate (bps)  |  RX Rate (bps)  |  Requested TX Rate (pps)  |  Actual TX Rate (pps)  |  RX Rate (pps)  |
              +=============+===========================+========================+=================+===========================+========================+=================+
              |   Forward   |       28.2557 Gbps        |      10.0055 Gbps      |  900.3875 Mbps  |       9,250,000 pps       |     3,275,487 pps      |   294,758 pps   |
              +-------------+---------------------------+------------------------+-----------------+---------------------------+------------------------+-----------------+
              |   Reverse   |       28.2557 Gbps        |      10.0055 Gbps      |  900.2959 Mbps  |       9,250,000 pps       |     3,275,473 pps      |   294,728 pps   |
              +-------------+---------------------------+------------------------+-----------------+---------------------------+------------------------+-----------------+
              |    Total    |       56.5113 Gbps        |      20.0110 Gbps      |   1.8007 Gbps   |      18,500,000 pps       |     6,550,960 pps      |   589,486 pps   |
              +-------------+---------------------------+------------------------+-----------------+---------------------------+------------------------+-----------------+

              WARNING: There is a significant difference between requested TX rate (18500000.0) and actual TX rate (6550961). The traffic generator may not have sufficient CPU to achieve the requested TX rate.

            Forward Chain Packet Counters and Latency:

              +---------+--------------+-------------------------+------------+------------+------------+
              |   Chain |  TRex.TX.p0  |       TRex.RX.p1        |  Avg lat.  |  Min lat.  |  Max lat.  |
              +=========+==============+=========================+============+============+============+
              |       0 |  98,264,633  | -89,421,892 (-91.0011%) | 8,784 usec | 3,000 usec | 9,934 usec |
              +---------+--------------+-------------------------+------------+------------+------------+

            Reverse Chain Packet Counters and Latency:

              +---------+--------------+--------------------------------+------------+------------+------------+
              |   Chain |  TRex.TX.p1  |           TRex.RX.p0           |  Avg lat.  |  Min lat.  |  Max lat.  |
              +=========+==============+================================+============+============+============+
              |       0 |  98,264,216  | +60,031,611,013 (+61092.0368%) | 7,937 usec | 5,000 usec | 8,860 usec |
              +---------+--------------+--------------------------------+------------+------------+------------+


