2018-12-07 06:14:42,442 INFO Loading configuration file: /tmp/nfvbench/nfvbench_config.cfg
2018-12-07 06:14:42,478 INFO EXT chain with OpenStack mode disabled
2018-12-07 06:14:42,479 INFO -c /tmp/nfvbench/nfvbench_config.cfg --rate ndr --flow-count 1024 --duration 30 --json /tmp/nfvbench/vsc_1c8n_ndr-1.json
2018-12-07 06:14:42,480 INFO Connecting to TRex (127.0.0.1)...


2018-12-07 06:14:42 - [local][warning]   - [1mCPU util. is high: 94.0%[22m
2018-12-07 06:14:42,616 INFO Connected to TRex
2018-12-07 06:14:42,616 INFO    Port 0: Ethernet Controller X710 for 10GbE SFP+ speed=10Gbps mac=e4:43:4b:2e:b1:d1 pci=0000:1a:00.1 driver=net_i40e
2018-12-07 06:14:42,616 INFO    Port 1: Ethernet Controller X710 for 10GbE SFP+ speed=10Gbps mac=e4:43:4b:2e:b1:d2 pci=0000:1a:00.2 driver=net_i40e
2018-12-07 06:14:42,617 INFO ChainRunner initialized
2018-12-07 06:14:42,618 INFO Starting 1xEXT benchmark...
2018-12-07 06:14:42,723 INFO Polling ARP until successful...
2018-12-07 06:14:42,834 INFO    ARP: port=0 chain=0 src IP=172.16.10.100 dst IP=172.16.10.10 -> MAC=52:54:00:00:00:aa
2018-12-07 06:14:42,834 INFO ARP resolved successfully for port 0
2018-12-07 06:14:42,944 INFO    ARP: port=1 chain=0 src IP=172.16.20.100 dst IP=172.16.20.10 -> MAC=52:54:00:00:00:bb
2018-12-07 06:14:42,944 INFO ARP resolved successfully for port 1
2018-12-07 06:14:43,046 INFO Port 0: dst MAC ['52:54:00:00:00:aa']
2018-12-07 06:14:43,046 INFO Port 1: dst MAC ['52:54:00:00:00:bb']
2018-12-07 06:14:43,046 INFO Starting traffic generator to ensure end-to-end connectivity
2018-12-07 06:14:43,053 INFO Created 1 traffic streams for port 0.
2018-12-07 06:14:43,054 INFO Created 1 traffic streams for port 1.
2018-12-07 06:14:43,164 INFO Captured unique src mac 0/2, capturing return packets (retry 1/100)...
2018-12-07 06:14:45,307 INFO Received packet from mac: 52:54:00:00:00:aa (chain=0, port=0)
2018-12-07 06:14:45,307 INFO Received packet from mac: 52:54:00:00:00:bb (chain=0, port=1)
2018-12-07 06:14:45,308 INFO End-to-end connectivity established
2018-12-07 06:14:45,325 INFO Cleared all existing streams
2018-12-07 06:14:45,348 INFO Created 4 traffic streams for port 0.
2018-12-07 06:14:45,351 INFO Created 4 traffic streams for port 1.
2018-12-07 06:14:45,351 INFO *** Searching NDR for IMIX (Bidirectional)...
2018-12-07 06:14:45,351 INFO Range search [0.0 .. 200.0] targets: {'ndr': 0.001}
2018-12-07 06:14:45,351 INFO Modified traffic stream for port 0, new rate=100.0%.
2018-12-07 06:14:45,351 INFO Modified traffic stream for port 1, new rate=100.0%.
2018-12-07 06:14:45,351 INFO Running traffic generator
2018-12-07 06:14:55,374 INFO TX: 65537583; RX: 4432502; Est. Dropped: 61105081; Est. Drop rate: 93.2367%
2018-12-07 06:15:05,388 INFO TX: 131103258; RX: 8862326; Est. Dropped: 122240932; Est. Drop rate: 93.2402%
2018-12-07 06:15:15,384 INFO TX: 196419844; RX: 13287221; Est. Dropped: 183132623; Est. Drop rate: 93.2353%
2018-12-07 06:15:17,390 INFO Average drop rate: 93.235296
2018-12-07 06:15:17,390 INFO Range search [0.0 .. 100.0] targets: {'ndr': 0.001}
2018-12-07 06:15:17,390 INFO Modified traffic stream for port 0, new rate=50.0%.
2018-12-07 06:15:17,390 INFO Modified traffic stream for port 1, new rate=50.0%.
2018-12-07 06:15:17,391 INFO Running traffic generator
2018-12-07 06:15:27,417 INFO TX: 32767678; RX: 4423246; Est. Dropped: 28344432; Est. Drop rate: 86.5012%
2018-12-07 06:15:37,432 INFO TX: 65550935; RX: 8850279; Est. Dropped: 56700656; Est. Drop rate: 86.4986%
2018-12-07 06:15:47,427 INFO TX: 98210358; RX: 13265117; Est. Dropped: 84945241; Est. Drop rate: 86.4932%
2018-12-07 06:15:49,433 INFO Average drop rate: 86.493159
2018-12-07 06:15:49,433 INFO Range search [0.0 .. 50.0] targets: {'ndr': 0.001}
2018-12-07 06:15:49,433 INFO Modified traffic stream for port 0, new rate=25.0%.
2018-12-07 06:15:49,433 INFO Modified traffic stream for port 1, new rate=25.0%.
2018-12-07 06:15:49,433 INFO Running traffic generator
2018-12-07 06:15:59,463 INFO TX: 16384126; RX: 4448575; Est. Dropped: 11935551; Est. Drop rate: 72.8483%
2018-12-07 06:16:09,477 INFO TX: 32775469; RX: 8905538; Est. Dropped: 23869931; Est. Drop rate: 72.8286%
2018-12-07 06:16:19,474 INFO TX: 49105274; RX: 13350291; Est. Dropped: 35754983; Est. Drop rate: 72.8129%
2018-12-07 06:16:21,480 INFO Average drop rate: 72.812918
2018-12-07 06:16:21,480 INFO Range search [0.0 .. 25.0] targets: {'ndr': 0.001}
2018-12-07 06:16:21,480 INFO Modified traffic stream for port 0, new rate=12.5%.
2018-12-07 06:16:21,480 INFO Modified traffic stream for port 1, new rate=12.5%.
2018-12-07 06:16:21,480 INFO Running traffic generator
2018-12-07 06:16:31,509 INFO TX: 8191464; RX: 4461956; Est. Dropped: 3729508; Est. Drop rate: 45.5292%
2018-12-07 06:16:41,523 INFO TX: 16387583; RX: 8931415; Est. Dropped: 7456168; Est. Drop rate: 45.4989%
2018-12-07 06:16:51,519 INFO TX: 24552726; RX: 13395032; Est. Dropped: 11157694; Est. Drop rate: 45.4438%
2018-12-07 06:16:53,524 INFO Average drop rate: 45.443809
2018-12-07 06:16:53,525 INFO Range search [0.0 .. 12.5] targets: {'ndr': 0.001}
2018-12-07 06:16:53,525 INFO Modified traffic stream for port 0, new rate=6.25%.
2018-12-07 06:16:53,525 INFO Modified traffic stream for port 1, new rate=6.25%.
2018-12-07 06:16:53,525 INFO Running traffic generator
2018-12-07 06:17:03,560 INFO TX: 4095605; RX: 4095605; Est. Dropped: 0; Est. Drop rate: 0.0000%
2018-12-07 06:17:13,575 INFO TX: 8193479; RX: 8193070; Est. Dropped: 409; Est. Drop rate: 0.0050%
2018-12-07 06:17:23,570 INFO TX: 12276434; RX: 12276434; Est. Dropped: 0; Est. Drop rate: 0.0000%
2018-12-07 06:17:25,576 INFO Average drop rate: 0.000000
2018-12-07 06:17:25,577 INFO Range search [6.25 .. 12.5] targets: {'ndr': 0.001}
2018-12-07 06:17:25,577 INFO Modified traffic stream for port 0, new rate=9.375%.
2018-12-07 06:17:25,577 INFO Modified traffic stream for port 1, new rate=9.375%.
2018-12-07 06:17:25,577 INFO Running traffic generator
2018-12-07 06:17:35,610 INFO TX: 6145231; RX: 4486185; Est. Dropped: 1659046; Est. Drop rate: 26.9973%
2018-12-07 06:17:45,626 INFO TX: 12292106; RX: 8979497; Est. Dropped: 3312609; Est. Drop rate: 26.9491%
2018-12-07 06:17:55,620 INFO TX: 18414576; RX: 13459855; Est. Dropped: 4954721; Est. Drop rate: 26.9065%
2018-12-07 06:17:57,626 INFO Average drop rate: 26.906517
2018-12-07 06:17:57,626 INFO Range search [6.25 .. 9.375] targets: {'ndr': 0.001}
2018-12-07 06:17:57,626 INFO Modified traffic stream for port 0, new rate=7.8125%.
2018-12-07 06:17:57,626 INFO Modified traffic stream for port 1, new rate=7.8125%.
2018-12-07 06:17:57,626 INFO Running traffic generator
2018-12-07 06:18:07,654 INFO TX: 5120004; RX: 4488033; Est. Dropped: 631971; Est. Drop rate: 12.3432%
2018-12-07 06:18:17,662 INFO TX: 10238746; RX: 8971617; Est. Dropped: 1267129; Est. Drop rate: 12.3758%
2018-12-07 06:18:27,667 INFO TX: 15345498; RX: 13452293; Est. Dropped: 1893205; Est. Drop rate: 12.3372%
2018-12-07 06:18:29,677 INFO Average drop rate: 12.337201
2018-12-07 06:18:29,677 INFO Range search [6.25 .. 7.8125] targets: {'ndr': 0.001}
2018-12-07 06:18:29,677 INFO Modified traffic stream for port 0, new rate=7.03125%.
2018-12-07 06:18:29,677 INFO Modified traffic stream for port 1, new rate=7.03125%.
2018-12-07 06:18:29,677 INFO Running traffic generator
2018-12-07 06:18:39,699 INFO TX: 4607402; RX: 4607369; Est. Dropped: 33; Est. Drop rate: 0.0007%
2018-12-07 06:18:49,714 INFO TX: 9217602; RX: 9217471; Est. Dropped: 131; Est. Drop rate: 0.0014%
2018-12-07 06:18:59,710 INFO TX: 13810960; RX: 13810960; Est. Dropped: 0; Est. Drop rate: 0.0000%
2018-12-07 06:19:01,716 INFO Average drop rate: 0.000000
2018-12-07 06:19:01,716 INFO Range search [7.03125 .. 7.8125] targets: {'ndr': 0.001}
2018-12-07 06:19:01,716 INFO Modified traffic stream for port 0, new rate=7.421875%.
2018-12-07 06:19:01,716 INFO Modified traffic stream for port 1, new rate=7.421875%.
2018-12-07 06:19:01,716 INFO Running traffic generator
2018-12-07 06:19:11,752 INFO TX: 4863791; RX: 4863388; Est. Dropped: 403; Est. Drop rate: 0.0083%
2018-12-07 06:19:21,767 INFO TX: 9730022; RX: 9729670; Est. Dropped: 352; Est. Drop rate: 0.0036%
2018-12-07 06:19:31,762 INFO TX: 14578238; RX: 14578238; Est. Dropped: 0; Est. Drop rate: 0.0000%
2018-12-07 06:19:33,768 INFO Average drop rate: 0.000000
2018-12-07 06:19:33,768 INFO Range search [7.421875 .. 7.8125] targets: {'ndr': 0.001}
2018-12-07 06:19:33,768 INFO Modified traffic stream for port 0, new rate=7.6171875%.
2018-12-07 06:19:33,768 INFO Modified traffic stream for port 1, new rate=7.6171875%.
2018-12-07 06:19:33,768 INFO Running traffic generator
2018-12-07 06:19:43,794 INFO TX: 4991882; RX: 4991549; Est. Dropped: 333; Est. Drop rate: 0.0067%
2018-12-07 06:19:53,809 INFO TX: 9986250; RX: 9985827; Est. Dropped: 423; Est. Drop rate: 0.0042%
2018-12-07 06:20:03,804 INFO TX: 14961872; RX: 14961872; Est. Dropped: 0; Est. Drop rate: 0.0000%
2018-12-07 06:20:05,810 INFO Average drop rate: 0.000000
2018-12-07 06:20:05,810 INFO Range search [7.6171875 .. 7.8125] targets: {'ndr': 0.001}
2018-12-07 06:20:05,810 INFO Modified traffic stream for port 0, new rate=7.71484375%.
2018-12-07 06:20:05,810 INFO Modified traffic stream for port 1, new rate=7.71484375%.
2018-12-07 06:20:05,811 INFO Running traffic generator
2018-12-07 06:20:15,839 INFO TX: 5055849; RX: 4508844; Est. Dropped: 547005; Est. Drop rate: 10.8193%
2018-12-07 06:20:25,854 INFO TX: 10114516; RX: 9015980; Est. Dropped: 1098536; Est. Drop rate: 10.8610%
2018-12-07 06:20:35,850 INFO TX: 15153680; RX: 13514314; Est. Dropped: 1639366; Est. Drop rate: 10.8183%
2018-12-07 06:20:37,856 INFO Average drop rate: 10.818270
2018-12-07 06:20:37,856 INFO Range search [7.6171875 .. 7.71484375] targets: {'ndr': 0.001}
2018-12-07 06:20:37,856 INFO Found ndr (0.001) load: 7.6171875
2018-12-07 06:20:37,856 INFO NDR load: 15.234375
2018-12-07 06:20:37,857 INFO Service chain 'EXT' run completed.
2018-12-07 06:20:37,857 INFO Clean up skipped.
2018-12-07 06:20:37,885 INFO Saving results in json file: /tmp/nfvbench/vsc_1c8n_ndr-1.json...
2018-12-07 06:20:37,888 INFO
========== NFVBench Summary ==========
Date: 2018-12-07 06:14:42
NFVBench version 2.0.4
Openstack Neutron:
  vSwitch:
  Encapsulation:
Benchmarks:
> Networks:
  > Components:
    > Traffic Generator:
        Profile: trex-local
        Tool: TRex
    > Versions:
      > Traffic_Generator:
          build_date: Nov 13 2017
          version: v2.32
          built_by: hhaim
          mode: STL
          build_time: 10:58:17
  > Measurement Parameters:
      NDR: 0.001
  > Service chain:
    > EXT:
      > Traffic:
          Profile: traffic_profile_IMIX
          Bidirectional: True
          Flow count: 1024
          Service chains count: 1
          Compute nodes: []

            Run Summary:

              +-----+-----------------+------------------+------------------+-----------------+----------------------+----------------------+----------------------+
              |  -  |  L2 Frame Size  |  Rate (fwd+rev)  |  Rate (fwd+rev)  |  Avg Drop Rate  |   Avg Latency (usec) |   Min Latency (usec) |  Max Latency (usec)  |
              +=====+=================+==================+==================+=================+======================+======================+======================+
              | NDR |      IMIX       |   1.5234 Gbps    |   498,724 pps    |     0.0000%     |                  737 |                   50 |        1,185         |
              +-----+-----------------+------------------+------------------+-----------------+----------------------+----------------------+----------------------+


            L2 frame size: IMIX
            NDR search duration: 353 seconds


