2018-12-07 05:45:02,851 INFO Loading configuration file: /tmp/nfvbench/nfvbench_config.cfg
2018-12-07 05:45:02,888 INFO EXT chain with OpenStack mode disabled
2018-12-07 05:45:02,888 INFO -c /tmp/nfvbench/nfvbench_config.cfg --rate 18500000pps --flow-count 1024 --duration 30 --json /tmp/nfvbench/vsc_1c4n_18500000pps-1.json
2018-12-07 05:45:02,890 INFO Connecting to TRex (127.0.0.1)...
2018-12-07 05:45:03,029 INFO Connected to TRex
2018-12-07 05:45:03,029 INFO    Port 0: Ethernet Controller X710 for 10GbE SFP+ speed=10Gbps mac=e4:43:4b:2e:b1:d1 pci=0000:1a:00.1 driver=net_i40e
2018-12-07 05:45:03,029 INFO    Port 1: Ethernet Controller X710 for 10GbE SFP+ speed=10Gbps mac=e4:43:4b:2e:b1:d2 pci=0000:1a:00.2 driver=net_i40e
2018-12-07 05:45:03,030 INFO ChainRunner initialized
2018-12-07 05:45:03,031 INFO Starting 1xEXT benchmark...
2018-12-07 05:45:03,136 INFO Polling ARP until successful...
2018-12-07 05:45:03,247 INFO    ARP: port=0 chain=0 src IP=172.16.10.100 dst IP=172.16.10.10 -> MAC=52:54:00:00:00:aa
2018-12-07 05:45:03,247 INFO ARP resolved successfully for port 0
2018-12-07 05:45:03,358 INFO    ARP: port=1 chain=0 src IP=172.16.20.100 dst IP=172.16.20.10 -> MAC=52:54:00:00:00:bb
2018-12-07 05:45:03,358 INFO ARP resolved successfully for port 1
2018-12-07 05:45:03,464 INFO Port 0: dst MAC ['52:54:00:00:00:aa']
2018-12-07 05:45:03,465 INFO Port 1: dst MAC ['52:54:00:00:00:bb']
2018-12-07 05:45:03,465 INFO Starting traffic generator to ensure end-to-end connectivity
2018-12-07 05:45:03,471 INFO Created 1 traffic streams for port 0.
2018-12-07 05:45:03,472 INFO Created 1 traffic streams for port 1.
2018-12-07 05:45:03,582 INFO Captured unique src mac 0/2, capturing return packets (retry 1/100)...
2018-12-07 05:45:05,708 INFO Received packet from mac: 52:54:00:00:00:bb (chain=0, port=1)
2018-12-07 05:45:05,708 INFO Received packet from mac: 52:54:00:00:00:aa (chain=0, port=0)
2018-12-07 05:45:05,708 INFO End-to-end connectivity established
2018-12-07 05:45:05,724 INFO Cleared all existing streams
2018-12-07 05:45:05,747 INFO Created 4 traffic streams for port 0.
2018-12-07 05:45:05,750 INFO Created 4 traffic streams for port 1.
2018-12-07 05:45:05,753 INFO Starting to generate traffic...
2018-12-07 05:45:05,753 INFO Running traffic generator


2018-12-07 05:45:13 - [local][warning]   - [1mCPU util. is high: 87.2%[22m
2018-12-07 05:45:15,776 INFO TX: 65544200; RX: 8934064; Est. Dropped: 56610136; Est. Drop rate: 86.3694%
2018-12-07 05:45:25,790 INFO TX: 131110813; RX: 17901568; Est. Dropped: 113209245; Est. Drop rate: 86.3462%
2018-12-07 05:45:35,789 INFO TX: 196509106; RX: 26840870; Est. Dropped: 169668236; Est. Drop rate: 86.3412%
2018-12-07 05:45:35,789 INFO ...traffic generating ended.
2018-12-07 05:45:35,792 INFO WARNING: There is a significant difference between requested TX rate (18500000.0) and actual TX rate (6550303). The traffic generator may not have sufficient CPU to achieve the requested TX rate.
2018-12-07 05:45:35,793 INFO Service chain 'EXT' run completed.
2018-12-07 05:45:35,793 INFO Clean up skipped.
2018-12-07 05:45:35,816 INFO Saving results in json file: /tmp/nfvbench/vsc_1c4n_18500000pps-1.json...
2018-12-07 05:45:35,823 INFO
========== NFVBench Summary ==========
Date: 2018-12-07 05:45:03
NFVBench version 2.0.4
Openstack Neutron:
  vSwitch:
  Encapsulation:
Benchmarks:
> Networks:
  > Components:
    > Traffic Generator:
        Profile: trex-local
        Tool: TRex
    > Versions:
      > Traffic_Generator:
          build_date: Nov 13 2017
          version: v2.32
          built_by: hhaim
          mode: STL
          build_time: 10:58:17
  > Service chain:
    > EXT:
      > Traffic:
          Profile: traffic_profile_IMIX
          Bidirectional: True
          Flow count: 1024
          Service chains count: 1
          Compute nodes: []

            Run Summary:

              +-----------------+-------------+----------------------+----------------------+----------------------+
              |  L2 Frame Size  |  Drop Rate  |  Avg Latency (usec)  |   Min Latency (usec) |  Max Latency (usec)  |
              +=================+=============+======================+======================+======================+
              |      IMIX       |  86.3412%   |        4,893         |                   50 |        5,597         |
              +-----------------+-------------+----------------------+----------------------+----------------------+


            L2 frame size: IMIX

            Run Config:

              +-------------+---------------------------+------------------------+-----------------+---------------------------+------------------------+-----------------+
              |  Direction  |  Requested TX Rate (bps)  |  Actual TX Rate (bps)  |  RX Rate (bps)  |  Requested TX Rate (pps)  |  Actual TX Rate (pps)  |  RX Rate (pps)  |
              +=============+===========================+========================+=================+===========================+========================+=================+
              |   Forward   |       28.2557 Gbps        |      10.0044 Gbps      |   1.3669 Gbps   |       9,250,000 pps       |     3,275,112 pps      |   447,491 pps   |
              +-------------+---------------------------+------------------------+-----------------+---------------------------+------------------------+-----------------+
              |   Reverse   |       28.2557 Gbps        |      10.0046 Gbps      |   1.3661 Gbps   |       9,250,000 pps       |     3,275,190 pps      |   447,203 pps   |
              +-------------+---------------------------+------------------------+-----------------+---------------------------+------------------------+-----------------+
              |    Total    |       56.5113 Gbps        |      20.0090 Gbps      |   2.7330 Gbps   |      18,500,000 pps       |     6,550,302 pps      |   894,694 pps   |
              +-------------+---------------------------+------------------------+-----------------+---------------------------+------------------------+-----------------+

              WARNING: There is a significant difference between requested TX rate (18500000.0) and actual TX rate (6550303). The traffic generator may not have sufficient CPU to achieve the requested TX rate.

            Forward Chain Packet Counters and Latency:

              +---------+--------------+-------------------------+------------+------------+------------+
              |   Chain |  TRex.TX.p0  |       TRex.RX.p1        |  Avg lat.  |  Min lat.  |  Max lat.  |
              +=========+==============+=========================+============+============+============+
              |       0 |  98,253,379  | -84,828,622 (-86.3366%) | 5,144 usec |  50 usec   | 5,597 usec |
              +---------+--------------+-------------------------+------------+------------+------------+

            Reverse Chain Packet Counters and Latency:

              +---------+--------------+--------------------------------+------------+------------+------------+
              |   Chain |  TRex.TX.p1  |           TRex.RX.p0           |  Avg lat.  |  Min lat.  |  Max lat.  |
              +=========+==============+================================+============+============+============+
              |       0 |  98,255,727  | +64,326,757,352 (+65468.7104%) | 4,644 usec | 3,000 usec | 5,176 usec |
              +---------+--------------+--------------------------------+------------+------------+------------+


