2018-11-28 12:23:39,973 INFO Loading configuration file: /tmp/nfvbench/nfvbench_config.cfg
2018-11-28 12:23:40,011 INFO EXT chain with OpenStack mode disabled
2018-11-28 12:23:40,011 INFO -c /tmp/nfvbench/nfvbench_config.cfg --rate 18500000pps --flow-count 1024 --duration 30 --json /tmp/nfvbench/csc_4c2n_18500000pps-1.json
2018-11-28 12:23:40,013 INFO Connecting to TRex (127.0.0.1)...
2018-11-28 12:23:40,153 INFO Connected to TRex
2018-11-28 12:23:40,153 INFO    Port 0: Ethernet Controller X710 for 10GbE SFP+ speed=10Gbps mac=e4:43:4b:2e:b1:d1 pci=0000:1a:00.1 driver=net_i40e
2018-11-28 12:23:40,153 INFO    Port 1: Ethernet Controller X710 for 10GbE SFP+ speed=10Gbps mac=e4:43:4b:2e:b1:d2 pci=0000:1a:00.2 driver=net_i40e
2018-11-28 12:23:40,154 INFO ChainRunner initialized
2018-11-28 12:23:40,155 INFO Starting 4xEXT benchmark...
2018-11-28 12:23:40,260 INFO Polling ARP until successful...
2018-11-28 12:23:40,396 INFO    ARP: port=0 chain=0 src IP=172.16.10.100 dst IP=172.16.10.10 -> MAC=52:54:00:00:00:aa
2018-11-28 12:23:40,396 INFO    ARP: port=0 chain=1 src IP=172.16.10.101 dst IP=172.16.10.11 -> MAC=52:54:01:00:00:aa
2018-11-28 12:23:40,396 INFO    ARP: port=0 chain=2 src IP=172.16.10.102 dst IP=172.16.10.12 -> MAC=52:54:02:00:00:aa
2018-11-28 12:23:40,396 INFO    ARP: port=0 chain=3 src IP=172.16.10.103 dst IP=172.16.10.13 -> MAC=52:54:03:00:00:aa
2018-11-28 12:23:40,396 INFO ARP resolved successfully for port 0
2018-11-28 12:23:40,607 INFO    ARP: port=1 chain=0 src IP=172.16.20.100 dst IP=172.16.20.10 -> MAC=52:54:00:00:00:bb
2018-11-28 12:23:40,607 INFO    ARP: port=1 chain=1 src IP=172.16.20.101 dst IP=172.16.20.11 -> MAC=52:54:01:00:00:bb
2018-11-28 12:23:40,607 INFO    ARP: port=1 chain=2 src IP=172.16.20.102 dst IP=172.16.20.12 -> MAC=52:54:02:00:00:bb
2018-11-28 12:23:40,607 INFO    ARP: port=1 chain=3 src IP=172.16.20.103 dst IP=172.16.20.13 -> MAC=52:54:03:00:00:bb
2018-11-28 12:23:40,607 INFO ARP resolved successfully for port 1
2018-11-28 12:23:40,709 INFO Port 0: dst MAC ['52:54:00:00:00:aa', '52:54:01:00:00:aa', '52:54:02:00:00:aa', '52:54:03:00:00:aa']
2018-11-28 12:23:40,709 INFO Port 1: dst MAC ['52:54:00:00:00:bb', '52:54:01:00:00:bb', '52:54:02:00:00:bb', '52:54:03:00:00:bb']
2018-11-28 12:23:40,709 INFO Starting traffic generator to ensure end-to-end connectivity
2018-11-28 12:23:40,732 INFO Created 4 traffic streams for port 0.
2018-11-28 12:23:40,735 INFO Created 4 traffic streams for port 1.
2018-11-28 12:23:40,847 INFO Captured unique src mac 0/8, capturing return packets (retry 1/100)...
2018-11-28 12:23:42,969 INFO Received packet from mac: 52:54:01:00:00:bb (chain=1, port=1)
2018-11-28 12:23:42,969 INFO Received packet from mac: 52:54:02:00:00:bb (chain=2, port=1)
2018-11-28 12:23:42,969 INFO Received packet from mac: 52:54:03:00:00:bb (chain=3, port=1)
2018-11-28 12:23:42,969 INFO Received packet from mac: 52:54:00:00:00:bb (chain=0, port=1)
2018-11-28 12:23:42,969 INFO Received packet from mac: 52:54:02:00:00:aa (chain=2, port=0)
2018-11-28 12:23:42,969 INFO Received packet from mac: 52:54:03:00:00:aa (chain=3, port=0)
2018-11-28 12:23:42,970 INFO Received packet from mac: 52:54:00:00:00:aa (chain=0, port=0)
2018-11-28 12:23:42,970 INFO Received packet from mac: 52:54:01:00:00:aa (chain=1, port=0)
2018-11-28 12:23:42,970 INFO End-to-end connectivity established
2018-11-28 12:23:42,987 INFO Cleared all existing streams
2018-11-28 12:23:43,018 INFO Created 8 traffic streams for port 0.
2018-11-28 12:23:43,023 INFO Created 8 traffic streams for port 1.
2018-11-28 12:23:43,028 INFO Starting to generate traffic...
2018-11-28 12:23:43,028 INFO Running traffic generator
2018-11-28 12:23:53,056 INFO TX: 185189671; RX: 27480320; Est. Dropped: 157709351; Est. Drop rate: 85.1610%
2018-11-28 12:24:03,074 INFO TX: 370502056; RX: 54982400; Est. Dropped: 315519656; Est. Drop rate: 85.1600%
2018-11-28 12:24:13,069 INFO TX: 555004560; RX: 82372534; Est. Dropped: 472632026; Est. Drop rate: 85.1582%
2018-11-28 12:24:13,069 INFO ...traffic generating ended.
2018-11-28 12:24:13,094 INFO Cleared all existing streams
2018-11-28 12:24:13,183 INFO Created 16 traffic streams for port 0.
2018-11-28 12:24:13,193 INFO Created 16 traffic streams for port 1.
2018-11-28 12:24:13,199 INFO Starting to generate traffic...
2018-11-28 12:24:13,199 INFO Running traffic generator


2018-11-28 12:24:16 - [local][warning]   - [1mCPU util. is high: 86.5%[22m
2018-11-28 12:24:23,229 INFO TX: 65548611; RX: 14372210; Est. Dropped: 51176401; Est. Drop rate: 78.0740%
2018-11-28 12:24:33,246 INFO TX: 131138643; RX: 28717014; Est. Dropped: 102421629; Est. Drop rate: 78.1018%
2018-11-28 12:24:43,244 INFO TX: 196518068; RX: 43071493; Est. Dropped: 153446575; Est. Drop rate: 78.0827%
2018-11-28 12:24:43,244 INFO ...traffic generating ended.
2018-11-28 12:24:43,250 INFO WARNING: There is a significant difference between requested TX rate (18500000.0) and actual TX rate (6550602). The traffic generator may not have sufficient CPU to achieve the requested TX rate.
2018-11-28 12:24:43,250 INFO Service chain 'EXT' run completed.
2018-11-28 12:24:43,250 INFO Clean up skipped.
2018-11-28 12:24:43,279 INFO Saving results in json file: /tmp/nfvbench/csc_4c2n_18500000pps-1.json...
2018-11-28 12:24:43,293 INFO
========== NFVBench Summary ==========
Date: 2018-11-28 12:23:40
NFVBench version 2.0.4
Openstack Neutron:
  vSwitch:
  Encapsulation:
Benchmarks:
> Networks:
  > Components:
    > Traffic Generator:
        Profile: trex-local
        Tool: TRex
    > Versions:
      > Traffic_Generator:
          build_date: Nov 13 2017
          version: v2.32
          built_by: hhaim
          mode: STL
          build_time: 10:58:17
  > Service chain:
    > EXT:
      > Traffic:
          Profile: traffic_profile_2sizes
          Bidirectional: True
          Flow count: 1024
          Service chains count: 4
          Compute nodes: []

            Run Summary:

              +-----------------+-------------+----------------------+----------------------+----------------------+
              |  L2 Frame Size  |  Drop Rate  |  Avg Latency (usec)  |   Min Latency (usec) |  Max Latency (usec)  |
              +=================+=============+======================+======================+======================+
              |       64        |  85.1582%   |        2,453         |                  300 |        3,099         |
              +-----------------+-------------+----------------------+----------------------+----------------------+
              |      IMIX       |  78.0827%   |        4,523         |                   60 |        5,805         |
              +-----------------+-------------+----------------------+----------------------+----------------------+


            L2 frame size: 64

            Run Config:

              +-------------+---------------------------+------------------------+-----------------+---------------------------+------------------------+-----------------+
              |  Direction  |  Requested TX Rate (bps)  |  Actual TX Rate (bps)  |  RX Rate (bps)  |  Requested TX Rate (pps)  |  Actual TX Rate (pps)  |  RX Rate (pps)  |
              +=============+===========================+========================+=================+===========================+========================+=================+
              |   Forward   |        6.5120 Gbps        |      6.5121 Gbps       |   1.5464 Gbps   |       9,250,000 pps       |     9,250,076 pps      |  2,196,607 pps  |
              +-------------+---------------------------+------------------------+-----------------+---------------------------+------------------------+-----------------+
              |   Reverse   |        6.5120 Gbps        |      6.5121 Gbps       |  386.5970 Mbps  |       9,250,000 pps       |     9,250,076 pps      |   549,143 pps   |
              +-------------+---------------------------+------------------------+-----------------+---------------------------+------------------------+-----------------+
              |    Total    |       13.0240 Gbps        |      13.0241 Gbps      |   1.9330 Gbps   |      18,500,000 pps       |     18,500,152 pps     |  2,745,750 pps  |
              +-------------+---------------------------+------------------------+-----------------+---------------------------+------------------------+-----------------+

            Forward Chain Packet Counters and Latency:

              +---------+--------------+--------------------------+------------+------------+------------+
              |  Chain  |  TRex.TX.p0  |        TRex.RX.p1        |  Avg lat.  |  Min lat.  |  Max lat.  |
              +=========+==============+==========================+============+============+============+
              |    0    |  69,375,570  | -52,901,044 (-76.2531%)  | 2,848 usec |  600 usec  | 3,099 usec |
              +---------+--------------+--------------------------+------------+------------+------------+
              |    1    |  69,375,570  | -52,901,044 (-76.2531%)  | 2,848 usec |  300 usec  | 3,081 usec |
              +---------+--------------+--------------------------+------------+------------+------------+
              |    2    |  69,375,570  | -52,900,980 (-76.2530%)  | 2,876 usec |  400 usec  | 3,045 usec |
              +---------+--------------+--------------------------+------------+------------+------------+
              |    3    |  69,375,570  | -52,900,981 (-76.2530%)  | 2,895 usec |  400 usec  | 3,077 usec |
              +---------+--------------+--------------------------+------------+------------+------------+
              |  total  | 277,502,280  | -211,604,049 (-76.2531%) | 2,867 usec |  300 usec  | 3,099 usec |
              +---------+--------------+--------------------------+------------+------------+------------+

            Reverse Chain Packet Counters and Latency:

              +---------+--------------+--------------------------+------------+------------+------------+
              |  Chain  |  TRex.TX.p1  |        TRex.RX.p0        |  Avg lat.  |  Min lat.  |  Max lat.  |
              +=========+==============+==========================+============+============+============+
              |    0    |  69,375,570  | -65,257,045 (-94.0634%)  | 2,364 usec | 1,000 usec | 2,515 usec |
              +---------+--------------+--------------------------+------------+------------+------------+
              |    1    |  69,375,570  | -65,257,012 (-94.0634%)  | 2,346 usec | 1,000 usec | 2,519 usec |
              +---------+--------------+--------------------------+------------+------------+------------+
              |    2    |  69,375,570  | -65,256,997 (-94.0634%)  | 2,348 usec | 1,000 usec | 2,524 usec |
              +---------+--------------+--------------------------+------------+------------+------------+
              |    3    |  69,375,570  | -65,256,923 (-94.0633%)  | 2,347 usec | 1,000 usec | 2,522 usec |
              +---------+--------------+--------------------------+------------+------------+------------+
              |  total  | 277,502,280  | -261,027,977 (-94.0634%) | 2,351 usec | 1,000 usec | 2,524 usec |
              +---------+--------------+--------------------------+------------+------------+------------+


            L2 frame size: IMIX

            Run Config:

              +-------------+---------------------------+------------------------+-----------------+---------------------------+------------------------+-----------------+
              |  Direction  |  Requested TX Rate (bps)  |  Actual TX Rate (bps)  |  RX Rate (bps)  |  Requested TX Rate (pps)  |  Actual TX Rate (pps)  |  RX Rate (pps)  |
              +=============+===========================+========================+=================+===========================+========================+=================+
              |   Forward   |       28.2557 Gbps        |      10.0050 Gbps      |   3.5086 Gbps   |       9,250,000 pps       |     3,275,313 pps      |  1,148,596 pps  |
              +-------------+---------------------------+------------------------+-----------------+---------------------------+------------------------+-----------------+
              |   Reverse   |       28.2557 Gbps        |      10.0049 Gbps      |  877.0559 Mbps  |       9,250,000 pps       |     3,275,288 pps      |   287,120 pps   |
              +-------------+---------------------------+------------------------+-----------------+---------------------------+------------------------+-----------------+
              |    Total    |       56.5113 Gbps        |      20.0099 Gbps      |   4.3856 Gbps   |      18,500,000 pps       |     6,550,601 pps      |  1,435,716 pps  |
              +-------------+---------------------------+------------------------+-----------------+---------------------------+------------------------+-----------------+

              WARNING: There is a significant difference between requested TX rate (18500000.0) and actual TX rate (6550602). The traffic generator may not have sufficient CPU to achieve the requested TX rate.

            Forward Chain Packet Counters and Latency:

              +---------+--------------+-------------------------+------------+------------+------------+
              |  Chain  |  TRex.TX.p0  |       TRex.RX.p1        |  Avg lat.  |  Min lat.  |  Max lat.  |
              +=========+==============+=========================+============+============+============+
              |    0    |  24,564,851  | -15,950,400 (-64.9318%) | 5,288 usec |  100 usec  | 5,686 usec |
              +---------+--------------+-------------------------+------------+------------+------------+
              |    1    |  24,564,851  | -15,950,401 (-64.9318%) | 5,344 usec |  100 usec  | 5,729 usec |
              +---------+--------------+-------------------------+------------+------------+------------+
              |    2    |  24,564,851  | -15,950,337 (-64.9315%) | 5,355 usec |  100 usec  | 5,805 usec |
              +---------+--------------+-------------------------+------------+------------+------------+
              |    3    |  24,564,851  | -15,950,373 (-64.9317%) | 5,399 usec |  60 usec   | 5,790 usec |
              +---------+--------------+-------------------------+------------+------------+------------+
              |  total  |  98,259,404  | -63,801,511 (-64.9317%) | 5,347 usec |  60 usec   | 5,805 usec |
              +---------+--------------+-------------------------+------------+------------+------------+

            Reverse Chain Packet Counters and Latency:

              +---------+--------------+-------------------------+------------+------------+------------+
              |  Chain  |  TRex.TX.p1  |       TRex.RX.p0        |  Avg lat.  |  Min lat.  |  Max lat.  |
              +=========+==============+=========================+============+============+============+
              |    0    |  24,564,666  | -22,410,963 (-91.2325%) | 4,293 usec | 3,000 usec | 4,708 usec |
              +---------+--------------+-------------------------+------------+------------+------------+
              |    1    |  24,564,666  | -22,410,978 (-91.2326%) | 4,314 usec | 3,000 usec | 4,727 usec |
              +---------+--------------+-------------------------+------------+------------+------------+
              |    2    |  24,564,666  | -22,411,113 (-91.2331%) | 4,323 usec | 3,000 usec | 4,745 usec |
              +---------+--------------+-------------------------+------------+------------+------------+
              |    3    |  24,564,666  | -22,412,010 (-91.2368%) | 4,346 usec | 3,000 usec | 4,764 usec |
              +---------+--------------+-------------------------+------------+------------+------------+
              |  total  |  98,258,664  | -89,645,064 (-91.2338%) | 4,319 usec | 3,000 usec | 4,764 usec |
              +---------+--------------+-------------------------+------------+------------+------------+


