2018-11-28 13:31:40,058 INFO Loading configuration file: /tmp/nfvbench/nfvbench_config.cfg
2018-11-28 13:31:40,096 INFO EXT chain with OpenStack mode disabled
2018-11-28 13:31:40,096 INFO -c /tmp/nfvbench/nfvbench_config.cfg --rate 18500000pps --flow-count 1024 --duration 30 --json /tmp/nfvbench/csc_8c1n_18500000pps-1.json
2018-11-28 13:31:40,102 INFO Connecting to TRex (127.0.0.1)...
nohup: ignoring input and appending output to 'nohup.out'
2018-11-28 13:31:45,107 INFO TRex server is running...
2018-11-28 13:31:51,732 INFO Connected to TRex
2018-11-28 13:31:51,732 INFO    Port 0: Ethernet Controller X710 for 10GbE SFP+ speed=10Gbps mac=e4:43:4b:2e:b1:d1 pci=0000:1a:00.1 driver=net_i40e
2018-11-28 13:31:51,732 INFO    Port 1: Ethernet Controller X710 for 10GbE SFP+ speed=10Gbps mac=e4:43:4b:2e:b1:d2 pci=0000:1a:00.2 driver=net_i40e
2018-11-28 13:31:51,733 INFO ChainRunner initialized
2018-11-28 13:31:51,734 INFO Starting 8xEXT benchmark...
2018-11-28 13:31:51,861 INFO Polling ARP until successful...
2018-11-28 13:31:52,020 INFO    ARP: port=0 chain=0 src IP=172.16.10.100 dst IP=172.16.10.10 -> MAC=52:54:00:00:00:aa
2018-11-28 13:31:52,020 INFO    ARP: port=0 chain=1 src IP=172.16.10.101 dst IP=172.16.10.11 -> MAC=52:54:01:00:00:aa
2018-11-28 13:31:52,020 INFO    ARP: port=0 chain=2 src IP=172.16.10.102 dst IP=172.16.10.12 -> MAC=52:54:02:00:00:aa
2018-11-28 13:31:52,020 INFO    ARP: port=0 chain=3 src IP=172.16.10.103 dst IP=172.16.10.13 -> MAC=52:54:03:00:00:aa
2018-11-28 13:31:52,020 INFO    ARP: port=0 chain=4 src IP=172.16.10.104 dst IP=172.16.10.14 -> MAC=52:54:04:00:00:aa
2018-11-28 13:31:52,020 INFO    ARP: port=0 chain=5 src IP=172.16.10.105 dst IP=172.16.10.15 -> MAC=52:54:05:00:00:aa
2018-11-28 13:31:52,020 INFO    ARP: port=0 chain=6 src IP=172.16.10.106 dst IP=172.16.10.16 -> MAC=52:54:06:00:00:aa
2018-11-28 13:31:52,020 INFO    ARP: port=0 chain=7 src IP=172.16.10.107 dst IP=172.16.10.17 -> MAC=52:54:07:00:00:aa
2018-11-28 13:31:52,020 INFO ARP resolved successfully for port 0
2018-11-28 13:31:52,177 INFO    ARP: port=1 chain=0 src IP=172.16.20.100 dst IP=172.16.20.10 -> MAC=52:54:00:00:00:bb
2018-11-28 13:31:52,177 INFO    ARP: port=1 chain=1 src IP=172.16.20.101 dst IP=172.16.20.11 -> MAC=52:54:01:00:00:bb
2018-11-28 13:31:52,177 INFO    ARP: port=1 chain=2 src IP=172.16.20.102 dst IP=172.16.20.12 -> MAC=52:54:02:00:00:bb
2018-11-28 13:31:52,177 INFO    ARP: port=1 chain=3 src IP=172.16.20.103 dst IP=172.16.20.13 -> MAC=52:54:03:00:00:bb
2018-11-28 13:31:52,177 INFO    ARP: port=1 chain=4 src IP=172.16.20.104 dst IP=172.16.20.14 -> MAC=52:54:04:00:00:bb
2018-11-28 13:31:52,177 INFO    ARP: port=1 chain=5 src IP=172.16.20.105 dst IP=172.16.20.15 -> MAC=52:54:05:00:00:bb
2018-11-28 13:31:52,177 INFO    ARP: port=1 chain=6 src IP=172.16.20.106 dst IP=172.16.20.16 -> MAC=52:54:06:00:00:bb
2018-11-28 13:31:52,177 INFO    ARP: port=1 chain=7 src IP=172.16.20.107 dst IP=172.16.20.17 -> MAC=52:54:07:00:00:bb
2018-11-28 13:31:52,177 INFO ARP resolved successfully for port 1
2018-11-28 13:31:52,301 INFO Port 0: dst MAC ['52:54:00:00:00:aa', '52:54:01:00:00:aa', '52:54:02:00:00:aa', '52:54:03:00:00:aa', '52:54:04:00:00:aa', '52:54:05:00:00:aa', '52:54:06:00:00:aa', '52:54:07:00:00:aa']
2018-11-28 13:31:52,301 INFO Port 1: dst MAC ['52:54:00:00:00:bb', '52:54:01:00:00:bb', '52:54:02:00:00:bb', '52:54:03:00:00:bb', '52:54:04:00:00:bb', '52:54:05:00:00:bb', '52:54:06:00:00:bb', '52:54:07:00:00:bb']
2018-11-28 13:31:52,301 INFO Starting traffic generator to ensure end-to-end connectivity
2018-11-28 13:31:52,346 INFO Created 8 traffic streams for port 0.
2018-11-28 13:31:52,352 INFO Created 8 traffic streams for port 1.
2018-11-28 13:31:52,467 INFO Captured unique src mac 0/16, capturing return packets (retry 1/100)...
2018-11-28 13:31:54,592 INFO Received packet from mac: 52:54:01:00:00:bb (chain=1, port=1)
2018-11-28 13:31:54,592 INFO Received packet from mac: 52:54:03:00:00:bb (chain=3, port=1)
2018-11-28 13:31:54,592 INFO Received packet from mac: 52:54:05:00:00:bb (chain=5, port=1)
2018-11-28 13:31:54,592 INFO Received packet from mac: 52:54:06:00:00:bb (chain=6, port=1)
2018-11-28 13:31:54,592 INFO Received packet from mac: 52:54:07:00:00:bb (chain=7, port=1)
2018-11-28 13:31:54,592 INFO Received packet from mac: 52:54:04:00:00:bb (chain=4, port=1)
2018-11-28 13:31:54,592 INFO Received packet from mac: 52:54:02:00:00:bb (chain=2, port=1)
2018-11-28 13:31:54,592 INFO Received packet from mac: 52:54:00:00:00:bb (chain=0, port=1)
2018-11-28 13:31:54,592 INFO Received packet from mac: 52:54:03:00:00:aa (chain=3, port=0)
2018-11-28 13:31:54,592 INFO Received packet from mac: 52:54:04:00:00:aa (chain=4, port=0)
2018-11-28 13:31:54,592 INFO Received packet from mac: 52:54:05:00:00:aa (chain=5, port=0)
2018-11-28 13:31:54,592 INFO Received packet from mac: 52:54:02:00:00:aa (chain=2, port=0)
2018-11-28 13:31:54,592 INFO Received packet from mac: 52:54:06:00:00:aa (chain=6, port=0)
2018-11-28 13:31:54,592 INFO Received packet from mac: 52:54:07:00:00:aa (chain=7, port=0)
2018-11-28 13:31:54,592 INFO Received packet from mac: 52:54:00:00:00:aa (chain=0, port=0)
2018-11-28 13:31:54,592 INFO Received packet from mac: 52:54:01:00:00:aa (chain=1, port=0)
2018-11-28 13:31:54,592 INFO End-to-end connectivity established
2018-11-28 13:31:54,612 INFO Cleared all existing streams
2018-11-28 13:31:54,684 INFO Created 16 traffic streams for port 0.
2018-11-28 13:31:54,695 INFO Created 16 traffic streams for port 1.
2018-11-28 13:31:54,703 INFO Starting to generate traffic...
2018-11-28 13:31:54,703 INFO Running traffic generator
2018-11-28 13:32:04,736 INFO TX: 185140972; RX: 46570364; Est. Dropped: 138570608; Est. Drop rate: 74.8460%
2018-11-28 13:32:14,757 INFO TX: 370520228; RX: 93321596; Est. Dropped: 277198632; Est. Drop rate: 74.8134%
2018-11-28 13:32:24,750 INFO TX: 555000016; RX: 139839460; Est. Dropped: 415160556; Est. Drop rate: 74.8037%
2018-11-28 13:32:24,750 INFO ...traffic generating ended.
2018-11-28 13:32:24,780 INFO Cleared all existing streams
2018-11-28 13:32:24,957 INFO Created 32 traffic streams for port 0.
2018-11-28 13:32:24,977 INFO Created 32 traffic streams for port 1.
2018-11-28 13:32:24,990 INFO Starting to generate traffic...
2018-11-28 13:32:24,990 INFO Running traffic generator


2018-11-28 13:32:28 - [local][warning]   - [1mCPU util. is high: 85.6%[22m
2018-11-28 13:32:35,029 INFO TX: 65542731; RX: 28026121; Est. Dropped: 37516610; Est. Drop rate: 57.2399%
2018-11-28 13:32:45,051 INFO TX: 131159093; RX: 56083228; Est. Dropped: 75075865; Est. Drop rate: 57.2403%
2018-11-28 13:32:55,044 INFO TX: 196511944; RX: 84043598; Est. Dropped: 112468346; Est. Drop rate: 57.2323%
2018-11-28 13:32:55,044 INFO ...traffic generating ended.
2018-11-28 13:32:55,053 INFO WARNING: There is a significant difference between requested TX rate (18500000.0) and actual TX rate (6550398). The traffic generator may not have sufficient CPU to achieve the requested TX rate.
2018-11-28 13:32:55,053 INFO Service chain 'EXT' run completed.
2018-11-28 13:32:55,053 INFO Clean up skipped.
2018-11-28 13:32:55,085 INFO Saving results in json file: /tmp/nfvbench/csc_8c1n_18500000pps-1.json...
2018-11-28 13:32:55,105 INFO 
========== NFVBench Summary ==========
Date: 2018-11-28 13:31:51
NFVBench version 2.0.4
Openstack Neutron:
  vSwitch: 
  Encapsulation: 
Benchmarks:
> Networks:
  > Components:
    > Traffic Generator:
        Profile: trex-local
        Tool: TRex
    > Versions:
      > Traffic_Generator:
          build_date: Nov 13 2017
          version: v2.32
          built_by: hhaim
          mode: STL
          build_time: 10:58:17
  > Service chain:
    > EXT:
      > Traffic:
          Profile: traffic_profile_2sizes
          Bidirectional: True
          Flow count: 1024
          Service chains count: 8
          Compute nodes: []
            
            Run Summary:
            
              +-----------------+-------------+----------------------+----------------------+----------------------+
              |  L2 Frame Size  |  Drop Rate  |  Avg Latency (usec)  |   Min Latency (usec) |  Max Latency (usec)  |
              +=================+=============+======================+======================+======================+
              |       64        |  74.8037%   |         649          |                   80 |         811          |
              +-----------------+-------------+----------------------+----------------------+----------------------+
              |      IMIX       |  57.2323%   |        1,020         |                   70 |        1,406         |
              +-----------------+-------------+----------------------+----------------------+----------------------+
              
            
            L2 frame size: 64
            
            Run Config:
            
              +-------------+---------------------------+------------------------+-----------------+---------------------------+------------------------+-----------------+
              |  Direction  |  Requested TX Rate (bps)  |  Actual TX Rate (bps)  |  RX Rate (bps)  |  Requested TX Rate (pps)  |  Actual TX Rate (pps)  |  RX Rate (pps)  |
              +=============+===========================+========================+=================+===========================+========================+=================+
              |   Forward   |        6.2160 Gbps        |      6.2160 Gbps       |   1.5457 Gbps   |       9,250,000 pps       |     9,250,000 pps      |  2,300,173 pps  |
              +-------------+---------------------------+------------------------+-----------------+---------------------------+------------------------+-----------------+
              |   Reverse   |        6.2160 Gbps        |      6.2160 Gbps       |   1.5867 Gbps   |       9,250,000 pps       |     9,250,000 pps      |  2,361,142 pps  |
              +-------------+---------------------------+------------------------+-----------------+---------------------------+------------------------+-----------------+
              |    Total    |       12.4320 Gbps        |      12.4320 Gbps      |   3.1324 Gbps   |      18,500,000 pps       |     18,500,000 pps     |  4,661,315 pps  |
              +-------------+---------------------------+------------------------+-----------------+---------------------------+------------------------+-----------------+
              
            Forward Chain Packet Counters and Latency:
            
              +---------+--------------+--------------------------+------------+------------+------------+
              |  Chain  |  TRex.TX.p0  |        TRex.RX.p1        |  Avg lat.  |  Min lat.  |  Max lat.  |
              +=========+==============+==========================+============+============+============+
              |    0    |  34,687,501  | -26,061,873 (-75.1333%)  |  642 usec  |  200 usec  |  799 usec  |
              +---------+--------------+--------------------------+------------+------------+------------+
              |    1    |  34,687,501  | -26,061,500 (-75.1323%)  |  643 usec  |  200 usec  |  807 usec  |
              +---------+--------------+--------------------------+------------+------------+------------+
              |    2    |  34,687,501  | -26,061,895 (-75.1334%)  |  647 usec  |  200 usec  |  811 usec  |
              +---------+--------------+--------------------------+------------+------------+------------+
              |    3    |  34,687,501  | -26,061,960 (-75.1336%)  |  648 usec  |  200 usec  |  789 usec  |
              +---------+--------------+--------------------------+------------+------------+------------+
              |    4    |  34,687,501  | -26,061,753 (-75.1330%)  |  653 usec  |  200 usec  |  799 usec  |
              +---------+--------------+--------------------------+------------+------------+------------+
              |    5    |  34,687,501  | -26,061,774 (-75.1330%)  |  654 usec  |  200 usec  |  792 usec  |
              +---------+--------------+--------------------------+------------+------------+------------+
              |    6    |  34,687,501  | -26,062,073 (-75.1339%)  |  657 usec  |  200 usec  |  796 usec  |
              +---------+--------------+--------------------------+------------+------------+------------+
              |    7    |  34,687,501  | -26,061,985 (-75.1336%)  |  655 usec  |  200 usec  |  797 usec  |
              +---------+--------------+--------------------------+------------+------------+------------+
              |  total  | 277,500,008  | -208,494,813 (-75.1333%) |  650 usec  |  200 usec  |  811 usec  |
              +---------+--------------+--------------------------+------------+------------+------------+
              
            Reverse Chain Packet Counters and Latency:
            
              +---------+--------------+---------------------------------+------------+------------+------------+
              |  Chain  |  TRex.TX.p1  |           TRex.RX.p0            |  Avg lat.  |  Min lat.  |  Max lat.  |
              +=========+==============+=================================+============+============+============+
              |    0    |  34,687,501  |     -25,833,317 (-74.4744%)     |  648 usec  |  90 usec   |  793 usec  |
              +---------+--------------+---------------------------------+------------+------------+------------+
              |    1    |  34,687,501  |     -25,833,473 (-74.4749%)     |  650 usec  |  100 usec  |  796 usec  |
              +---------+--------------+---------------------------------+------------+------------+------------+
              |    2    |  34,687,501  |     -25,832,993 (-74.4735%)     |  648 usec  |  80 usec   |  799 usec  |
              +---------+--------------+---------------------------------+------------+------------+------------+
              |    3    |  34,687,501  |     -25,833,162 (-74.4740%)     |  650 usec  |  90 usec   |  799 usec  |
              +---------+--------------+---------------------------------+------------+------------+------------+
              |    4    |  34,687,501  | +64,389,844,215 (+185628.3744%) |  651 usec  |  80 usec   |  803 usec  |
              +---------+--------------+---------------------------------+------------+------------+------------+
              |    5    |  34,687,501  | +64,389,844,228 (+185628.3744%) |  656 usec  |  90 usec   |  806 usec  |
              +---------+--------------+---------------------------------+------------+------------+------------+
              |    6    |  34,687,501  | +64,389,844,265 (+185628.3745%) |  653 usec  |  80 usec   |  807 usec  |
              +---------+--------------+---------------------------------+------------+------------+------------+
              |    7    |  34,687,501  |     -25,833,310 (-74.4744%)     |  651 usec  |  100 usec  |  809 usec  |
              +---------+--------------+---------------------------------+------------+------------+------------+
              |  total  | 277,500,008  | +193,040,366,453 (+69564.0940%) |  651 usec  |  80 usec   |  809 usec  |
              +---------+--------------+---------------------------------+------------+------------+------------+
              
            
            L2 frame size: IMIX
            
            Run Config:
            
              +-------------+---------------------------+------------------------+-----------------+---------------------------+------------------------+-----------------+
              |  Direction  |  Requested TX Rate (bps)  |  Actual TX Rate (bps)  |  RX Rate (bps)  |  Requested TX Rate (pps)  |  Actual TX Rate (pps)  |  RX Rate (pps)  |
              +=============+===========================+========================+=================+===========================+========================+=================+
              |   Forward   |       28.2557 Gbps        |      10.0054 Gbps      |   4.1943 Gbps   |       9,250,000 pps       |     3,275,452 pps      |  1,373,085 pps  |
              +-------------+---------------------------+------------------------+-----------------+---------------------------+------------------------+-----------------+
              |   Reverse   |       28.2557 Gbps        |      10.0039 Gbps      |   4.3632 Gbps   |       9,250,000 pps       |     3,274,946 pps      |  1,428,367 pps  |
              +-------------+---------------------------+------------------------+-----------------+---------------------------+------------------------+-----------------+
              |    Total    |       56.5113 Gbps        |      20.0093 Gbps      |   8.5575 Gbps   |      18,500,000 pps       |     6,550,398 pps      |  2,801,452 pps  |
              +-------------+---------------------------+------------------------+-----------------+---------------------------+------------------------+-----------------+
              
              WARNING: There is a significant difference between requested TX rate (18500000.0) and actual TX rate (6550398). The traffic generator may not have sufficient CPU to achieve the requested TX rate.
              
            Forward Chain Packet Counters and Latency:
            
              +---------+--------------+-------------------------+------------+------------+------------+
              |  Chain  |  TRex.TX.p0  |       TRex.RX.p1        |  Avg lat.  |  Min lat.  |  Max lat.  |
              +=========+==============+=========================+============+============+============+
              |    0    |  12,282,945  | -7,133,775 (-58.0787%)  |  990 usec  |  100 usec  | 1,342 usec |
              +---------+--------------+-------------------------+------------+------------+------------+
              |    1    |  12,282,945  | -7,132,778 (-58.0706%)  |  995 usec  |  80 usec   | 1,332 usec |
              +---------+--------------+-------------------------+------------+------------+------------+
              |    2    |  12,282,945  | -7,134,439 (-58.0841%)  | 1,005 usec |  90 usec   | 1,356 usec |
              +---------+--------------+-------------------------+------------+------------+------------+
              |    3    |  12,282,945  | -7,133,310 (-58.0749%)  | 1,010 usec |  70 usec   | 1,364 usec |
              +---------+--------------+-------------------------+------------+------------+------------+
              |    4    |  12,282,945  | -7,135,174 (-58.0901%)  | 1,003 usec |  100 usec  | 1,375 usec |
              +---------+--------------+-------------------------+------------+------------+------------+
              |    5    |  12,282,945  | -7,134,156 (-58.0818%)  | 1,027 usec |  100 usec  | 1,390 usec |
              +---------+--------------+-------------------------+------------+------------+------------+
              |    6    |  12,282,945  | -7,134,820 (-58.0872%)  | 1,046 usec |  100 usec  | 1,401 usec |
              +---------+--------------+-------------------------+------------+------------+------------+
              |    7    |  12,282,945  | -7,132,534 (-58.0686%)  | 1,046 usec |  90 usec   | 1,373 usec |
              +---------+--------------+-------------------------+------------+------------+------------+
              |  total  |  98,263,560  | -57,070,986 (-58.0795%) | 1,015 usec |  70 usec   | 1,401 usec |
              +---------+--------------+-------------------------+------------+------------+------------+
              
            Reverse Chain Packet Counters and Latency:
            
              +---------+--------------+----------------------------------+------------+------------+------------+
              |  Chain  |  TRex.TX.p1  |            TRex.RX.p0            |  Avg lat.  |  Min lat.  |  Max lat.  |
              +=========+==============+==================================+============+============+============+
              |    0    |  12,281,048  | +64,412,295,172 (+524485.3303%)  |  999 usec  |  600 usec  | 1,329 usec |
              +---------+--------------+----------------------------------+------------+------------+------------+
              |    1    |  12,281,048  |      -6,926,064 (-56.3964%)      | 1,015 usec |  600 usec  | 1,340 usec |
              +---------+--------------+----------------------------------+------------+------------+------------+
              |    2    |  12,281,048  |      -6,925,315 (-56.3903%)      | 1,021 usec |  700 usec  | 1,350 usec |
              +---------+--------------+----------------------------------+------------+------------+------------+
              |    3    |  12,281,048  |      -6,923,850 (-56.3783%)      | 1,025 usec |  600 usec  | 1,362 usec |
              +---------+--------------+----------------------------------+------------+------------+------------+
              |    4    |  12,281,048  |      -6,924,759 (-56.3857%)      | 1,026 usec |  700 usec  | 1,375 usec |
              +---------+--------------+----------------------------------+------------+------------+------------+
              |    5    |  12,281,048  | +64,412,295,217 (+524485.3307%)  | 1,032 usec |  600 usec  | 1,385 usec |
              +---------+--------------+----------------------------------+------------+------------+------------+
              |    6    |  12,281,048  | +64,412,295,204 (+524485.3306%)  | 1,041 usec |  700 usec  | 1,397 usec |
              +---------+--------------+----------------------------------+------------+------------+------------+
              |    7    |  12,281,048  |      -6,923,722 (-56.3773%)      | 1,051 usec |  600 usec  | 1,406 usec |
              +---------+--------------+----------------------------------+------------+------------+------------+
              |  total  |  98,248,384  | +193,202,261,883 (+196646.7580%) | 1,026 usec |  600 usec  | 1,406 usec |
              +---------+--------------+----------------------------------+------------+------------+------------+
              

