2018-11-21 11:26:26,676 INFO Loading configuration file: /tmp/nfvbench/nfvbench_config.cfg
2018-11-21 11:26:26,711 INFO EXT chain with OpenStack mode disabled
2018-11-21 11:26:26,711 INFO -c /tmp/nfvbench/nfvbench_config.cfg --rate ndr --flow-count 1024 --duration 30 --json /tmp/nfvbench/csc_1c2n_ndr-1.json
2018-11-21 11:26:26,713 INFO Connecting to TRex (127.0.0.1)...
2018-11-21 11:26:26,848 INFO Connected to TRex
2018-11-21 11:26:26,848 INFO    Port 0: Ethernet Controller X710 for 10GbE SFP+ speed=10Gbps mac=e4:43:4b:2e:b1:d1 pci=0000:1a:00.1 driver=net_i40e
2018-11-21 11:26:26,849 INFO    Port 1: Ethernet Controller X710 for 10GbE SFP+ speed=10Gbps mac=e4:43:4b:2e:b1:d2 pci=0000:1a:00.2 driver=net_i40e
2018-11-21 11:26:26,849 INFO ChainRunner initialized
2018-11-21 11:26:26,850 INFO Starting 1xEXT benchmark...
2018-11-21 11:26:26,973 INFO Polling ARP until successful...
2018-11-21 11:26:27,084 INFO    ARP: port=0 chain=0 src IP=172.16.10.100 dst IP=172.16.10.10 -> MAC=52:54:00:00:00:aa
2018-11-21 11:26:27,084 INFO ARP resolved successfully for port 0
2018-11-21 11:26:27,228 INFO    ARP: port=1 chain=0 src IP=172.16.20.100 dst IP=172.16.20.10 -> MAC=52:54:00:00:00:bb
2018-11-21 11:26:27,228 INFO ARP resolved successfully for port 1
2018-11-21 11:26:27,330 INFO Port 0: dst MAC ['52:54:00:00:00:aa']
2018-11-21 11:26:27,330 INFO Port 1: dst MAC ['52:54:00:00:00:bb']
2018-11-21 11:26:27,330 INFO Starting traffic generator to ensure end-to-end connectivity
2018-11-21 11:26:27,336 INFO Created 1 traffic streams for port 0.
2018-11-21 11:26:27,337 INFO Created 1 traffic streams for port 1.
2018-11-21 11:26:27,465 INFO Captured unique src mac 0/2, capturing return packets (retry 1/100)...
2018-11-21 11:26:29,587 INFO Received packet from mac: 52:54:00:00:00:bb (chain=0, port=1)
2018-11-21 11:26:29,587 INFO Received packet from mac: 52:54:00:00:00:aa (chain=0, port=0)
2018-11-21 11:26:29,587 INFO End-to-end connectivity established
2018-11-21 11:26:29,603 INFO Cleared all existing streams
2018-11-21 11:26:29,612 INFO Created 2 traffic streams for port 0.
2018-11-21 11:26:29,614 INFO Created 2 traffic streams for port 1.
2018-11-21 11:26:29,614 INFO *** Searching NDR for 64 (Bidirectional)...
2018-11-21 11:26:29,614 INFO Range search [0.0 .. 200.0] targets: {'ndr': 0.001}
2018-11-21 11:26:29,614 INFO Modified traffic stream for port 0, new rate=100.0%.
2018-11-21 11:26:29,614 INFO Modified traffic stream for port 1, new rate=100.0%.
2018-11-21 11:26:29,614 INFO Running traffic generator


2018-11-21 11:26:36 - [local][warning]   - [1mCPU util. is high: 87.8%[22m
2018-11-21 11:26:39,635 INFO TX: 273744794; RX: 33524858; Est. Dropped: 240219936; Est. Drop rate: 87.7532%
2018-11-21 11:26:49,650 INFO TX: 547802955; RX: 66953082; Est. Dropped: 480849873; Est. Drop rate: 87.7779%
2018-11-21 11:26:59,654 INFO TX: 821238658; RX: 100253374; Est. Dropped: 720985284; Est. Drop rate: 87.7924%
2018-11-21 11:27:01,660 INFO Average drop rate: 87.792419
2018-11-21 11:27:01,660 INFO Range search [0.0 .. 100.0] targets: {'ndr': 0.001}
2018-11-21 11:27:01,661 INFO Modified traffic stream for port 0, new rate=50.0%.
2018-11-21 11:27:01,661 INFO Modified traffic stream for port 1, new rate=50.0%.
2018-11-21 11:27:01,661 INFO Running traffic generator
2018-11-21 11:27:11,689 INFO TX: 148946488; RX: 33269887; Est. Dropped: 115676601; Est. Drop rate: 77.6632%
2018-11-21 11:27:21,703 INFO TX: 297944297; RX: 66534519; Est. Dropped: 231409778; Est. Drop rate: 77.6688%
2018-11-21 11:27:31,702 INFO TX: 446428394; RX: 99694829; Est. Dropped: 346733565; Est. Drop rate: 77.6683%
2018-11-21 11:27:33,708 INFO Average drop rate: 77.668349
2018-11-21 11:27:33,708 INFO Range search [0.0 .. 50.0] targets: {'ndr': 0.001}
2018-11-21 11:27:33,708 INFO Modified traffic stream for port 0, new rate=25.0%.
2018-11-21 11:27:33,708 INFO Modified traffic stream for port 1, new rate=25.0%.
2018-11-21 11:27:33,708 INFO Running traffic generator
2018-11-21 11:27:43,735 INFO TX: 74472995; RX: 33327578; Est. Dropped: 41145417; Est. Drop rate: 55.2488%
2018-11-21 11:27:53,750 INFO TX: 148979616; RX: 66637786; Est. Dropped: 82341830; Est. Drop rate: 55.2705%
2018-11-21 11:28:03,748 INFO TX: 223214862; RX: 99822208; Est. Dropped: 123392654; Est. Drop rate: 55.2798%
2018-11-21 11:28:05,757 INFO Average drop rate: 55.279766
2018-11-21 11:28:05,757 INFO Range search [0.0 .. 25.0] targets: {'ndr': 0.001}
2018-11-21 11:28:05,757 INFO Modified traffic stream for port 0, new rate=12.5%.
2018-11-21 11:28:05,757 INFO Modified traffic stream for port 1, new rate=12.5%.
2018-11-21 11:28:05,757 INFO Running traffic generator
2018-11-21 11:28:15,784 INFO TX: 37235392; RX: 33413654; Est. Dropped: 3821738; Est. Drop rate: 10.2637%
2018-11-21 11:28:25,799 INFO TX: 74490219; RX: 66811414; Est. Dropped: 7678805; Est. Drop rate: 10.3085%
2018-11-21 11:28:35,797 INFO TX: 111607246; RX: 100101805; Est. Dropped: 11505441; Est. Drop rate: 10.3089%
2018-11-21 11:28:37,804 INFO Average drop rate: 10.308866
2018-11-21 11:28:37,804 INFO Range search [0.0 .. 12.5] targets: {'ndr': 0.001}
2018-11-21 11:28:37,804 INFO Modified traffic stream for port 0, new rate=6.25%.
2018-11-21 11:28:37,804 INFO Modified traffic stream for port 1, new rate=6.25%.
2018-11-21 11:28:37,804 INFO Running traffic generator
2018-11-21 11:28:47,831 INFO TX: 18618206; RX: 18618210; Est. Dropped: -4; Est. Drop rate: -0.0000%
2018-11-21 11:28:57,845 INFO TX: 37245756; RX: 37245569; Est. Dropped: 187; Est. Drop rate: 0.0005%
2018-11-21 11:29:07,842 INFO TX: 55803570; RX: 55803570; Est. Dropped: 0; Est. Drop rate: 0.0000%
2018-11-21 11:29:09,848 INFO Average drop rate: 0.000000
2018-11-21 11:29:09,848 INFO Range search [6.25 .. 12.5] targets: {'ndr': 0.001}
2018-11-21 11:29:09,848 INFO Modified traffic stream for port 0, new rate=9.375%.
2018-11-21 11:29:09,848 INFO Modified traffic stream for port 1, new rate=9.375%.
2018-11-21 11:29:09,848 INFO Running traffic generator
2018-11-21 11:29:19,874 INFO TX: 27926442; RX: 27926281; Est. Dropped: 161; Est. Drop rate: 0.0006%
2018-11-21 11:29:29,888 INFO TX: 55866122; RX: 55865992; Est. Dropped: 130; Est. Drop rate: 0.0002%
2018-11-21 11:29:39,887 INFO TX: 83705402; RX: 83705402; Est. Dropped: 0; Est. Drop rate: 0.0000%
2018-11-21 11:29:41,893 INFO Average drop rate: 0.000000
2018-11-21 11:29:41,893 INFO Range search [9.375 .. 12.5] targets: {'ndr': 0.001}
2018-11-21 11:29:41,893 INFO Modified traffic stream for port 0, new rate=10.9375%.
2018-11-21 11:29:41,893 INFO Modified traffic stream for port 1, new rate=10.9375%.
2018-11-21 11:29:41,893 INFO Running traffic generator
2018-11-21 11:29:51,925 INFO TX: 32589420; RX: 32588857; Est. Dropped: 563; Est. Drop rate: 0.0017%
2018-11-21 11:30:01,939 INFO TX: 65185436; RX: 65184795; Est. Dropped: 641; Est. Drop rate: 0.0010%
2018-11-21 11:30:11,937 INFO TX: 97656390; RX: 97656390; Est. Dropped: 0; Est. Drop rate: 0.0000%
2018-11-21 11:30:13,947 INFO Average drop rate: 0.000000
2018-11-21 11:30:13,947 INFO Range search [10.9375 .. 12.5] targets: {'ndr': 0.001}
2018-11-21 11:30:13,947 INFO Modified traffic stream for port 0, new rate=11.71875%.
2018-11-21 11:30:13,947 INFO Modified traffic stream for port 1, new rate=11.71875%.
2018-11-21 11:30:13,947 INFO Running traffic generator
2018-11-21 11:30:23,974 INFO TX: 34911746; RX: 33735663; Est. Dropped: 1176083; Est. Drop rate: 3.3687%
2018-11-21 11:30:33,988 INFO TX: 69835846; RX: 67238639; Est. Dropped: 2597207; Est. Drop rate: 3.7190%
2018-11-21 11:30:43,984 INFO TX: 104631602; RX: 100636066; Est. Dropped: 3995536; Est. Drop rate: 3.8187%
2018-11-21 11:30:45,990 INFO Average drop rate: 3.818670
2018-11-21 11:30:45,990 INFO Range search [10.9375 .. 11.71875] targets: {'ndr': 0.001}
2018-11-21 11:30:45,991 INFO Modified traffic stream for port 0, new rate=11.328125%.
2018-11-21 11:30:45,991 INFO Modified traffic stream for port 1, new rate=11.328125%.
2018-11-21 11:30:45,991 INFO Running traffic generator
2018-11-21 11:30:56,017 INFO TX: 33746260; RX: 33745021; Est. Dropped: 1239; Est. Drop rate: 0.0037%
2018-11-21 11:31:06,032 INFO TX: 67508700; RX: 67507675; Est. Dropped: 1025; Est. Drop rate: 0.0015%
2018-11-21 11:31:16,027 INFO TX: 101143892; RX: 101143892; Est. Dropped: 0; Est. Drop rate: 0.0000%
2018-11-21 11:31:18,033 INFO Average drop rate: 0.000000
2018-11-21 11:31:18,033 INFO Range search [11.328125 .. 11.71875] targets: {'ndr': 0.001}
2018-11-21 11:31:18,034 INFO Modified traffic stream for port 0, new rate=11.5234375%.
2018-11-21 11:31:18,034 INFO Modified traffic stream for port 1, new rate=11.5234375%.
2018-11-21 11:31:18,034 INFO Running traffic generator
2018-11-21 11:31:28,056 INFO TX: 34326813; RX: 34324952; Est. Dropped: 1861; Est. Drop rate: 0.0054%
2018-11-21 11:31:38,071 INFO TX: 68668904; RX: 68667319; Est. Dropped: 1585; Est. Drop rate: 0.0023%
2018-11-21 11:31:48,067 INFO TX: 102887656; RX: 102887656; Est. Dropped: 0; Est. Drop rate: 0.0000%
2018-11-21 11:31:50,073 INFO Average drop rate: 0.000000
2018-11-21 11:31:50,073 INFO Range search [11.5234375 .. 11.71875] targets: {'ndr': 0.001}
2018-11-21 11:31:50,073 INFO Modified traffic stream for port 0, new rate=11.62109375%.
2018-11-21 11:31:50,073 INFO Modified traffic stream for port 1, new rate=11.62109375%.
2018-11-21 11:31:50,073 INFO Running traffic generator
2018-11-21 11:32:00,099 INFO TX: 34615811; RX: 33591313; Est. Dropped: 1024498; Est. Drop rate: 2.9596%
2018-11-21 11:32:10,114 INFO TX: 69249183; RX: 67099153; Est. Dropped: 2150030; Est. Drop rate: 3.1048%
2018-11-21 11:32:20,110 INFO TX: 103759934; RX: 100480249; Est. Dropped: 3279685; Est. Drop rate: 3.1608%
2018-11-21 11:32:22,116 INFO Average drop rate: 3.160840
2018-11-21 11:32:22,116 INFO Range search [11.5234375 .. 11.62109375] targets: {'ndr': 0.001}
2018-11-21 11:32:22,116 INFO Found ndr (0.001) load: 11.5234375
2018-11-21 11:32:22,116 INFO NDR load: 23.046875
2018-11-21 11:32:22,116 INFO Service chain 'EXT' run completed.
2018-11-21 11:32:22,117 INFO Clean up skipped.
2018-11-21 11:32:22,145 INFO Saving results in json file: /tmp/nfvbench/csc_1c2n_ndr-1.json...
2018-11-21 11:32:22,149 INFO 
========== NFVBench Summary ==========
Date: 2018-11-21 11:26:26
NFVBench version 2.0.4
Openstack Neutron:
  vSwitch: 
  Encapsulation: 
Benchmarks:
> Networks:
  > Components:
    > Traffic Generator:
        Profile: trex-local
        Tool: TRex
    > Versions:
      > Traffic_Generator:
          build_date: Nov 13 2017
          version: v2.32
          built_by: hhaim
          mode: STL
          build_time: 10:58:17
  > Measurement Parameters:
      NDR: 0.001
  > Service chain:
    > EXT:
      > Traffic:
          Profile: traffic_profile_64B
          Bidirectional: True
          Flow count: 1024
          Service chains count: 1
          Compute nodes: []
            
            Run Summary:
            
              +-----+-----------------+------------------+------------------+-----------------+----------------------+----------------------+----------------------+
              |  -  |   L2 Frame Size |  Rate (fwd+rev)  |  Rate (fwd+rev)  |  Avg Drop Rate  |   Avg Latency (usec) |   Min Latency (usec) |   Max Latency (usec) |
              +=====+=================+==================+==================+=================+======================+======================+======================+
              | NDR |              64 |   2.3047 Gbps    |  3,429,594 pps   |     0.0000%     |                  572 |                   20 |                  781 |
              +-----+-----------------+------------------+------------------+-----------------+----------------------+----------------------+----------------------+
              
            
            L2 frame size: 64
            NDR search duration: 353 seconds
            

