2018-11-21 11:15:18,936 INFO Loading configuration file: /tmp/nfvbench/nfvbench_config.cfg
2018-11-21 11:15:18,971 INFO EXT chain with OpenStack mode disabled
2018-11-21 11:15:18,971 INFO -c /tmp/nfvbench/nfvbench_config.cfg --rate ndr --flow-count 1024 --duration 30 --json /tmp/nfvbench/csc_1c1n_ndr-1.json
2018-11-21 11:15:18,972 INFO Connecting to TRex (127.0.0.1)...
2018-11-21 11:15:19,108 INFO Connected to TRex
2018-11-21 11:15:19,108 INFO    Port 0: Ethernet Controller X710 for 10GbE SFP+ speed=10Gbps mac=e4:43:4b:2e:b1:d1 pci=0000:1a:00.1 driver=net_i40e
2018-11-21 11:15:19,108 INFO    Port 1: Ethernet Controller X710 for 10GbE SFP+ speed=10Gbps mac=e4:43:4b:2e:b1:d2 pci=0000:1a:00.2 driver=net_i40e
2018-11-21 11:15:19,109 INFO ChainRunner initialized
2018-11-21 11:15:19,109 INFO Starting 1xEXT benchmark...
2018-11-21 11:15:19,215 INFO Polling ARP until successful...
2018-11-21 11:15:19,326 INFO    ARP: port=0 chain=0 src IP=172.16.10.100 dst IP=172.16.10.10 -> MAC=52:54:00:00:00:aa
2018-11-21 11:15:19,326 INFO ARP resolved successfully for port 0
2018-11-21 11:15:19,453 INFO    ARP: port=1 chain=0 src IP=172.16.20.100 dst IP=172.16.20.10 -> MAC=52:54:00:00:00:bb
2018-11-21 11:15:19,453 INFO ARP resolved successfully for port 1
2018-11-21 11:15:19,555 INFO Port 0: dst MAC ['52:54:00:00:00:aa']
2018-11-21 11:15:19,555 INFO Port 1: dst MAC ['52:54:00:00:00:bb']
2018-11-21 11:15:19,555 INFO Starting traffic generator to ensure end-to-end connectivity
2018-11-21 11:15:19,562 INFO Created 1 traffic streams for port 0.
2018-11-21 11:15:19,563 INFO Created 1 traffic streams for port 1.
2018-11-21 11:15:19,672 INFO Captured unique src mac 0/2, capturing return packets (retry 1/100)...
2018-11-21 11:15:21,793 INFO Received packet from mac: 52:54:00:00:00:bb (chain=0, port=1)
2018-11-21 11:15:21,793 INFO Received packet from mac: 52:54:00:00:00:aa (chain=0, port=0)
2018-11-21 11:15:21,793 INFO End-to-end connectivity established
2018-11-21 11:15:21,810 INFO Cleared all existing streams
2018-11-21 11:15:21,819 INFO Created 2 traffic streams for port 0.
2018-11-21 11:15:21,820 INFO Created 2 traffic streams for port 1.
2018-11-21 11:15:21,820 INFO *** Searching NDR for 64 (Bidirectional)...
2018-11-21 11:15:21,820 INFO Range search [0.0 .. 200.0] targets: {'ndr': 0.001}
2018-11-21 11:15:21,821 INFO Modified traffic stream for port 0, new rate=100.0%.
2018-11-21 11:15:21,821 INFO Modified traffic stream for port 1, new rate=100.0%.
2018-11-21 11:15:21,821 INFO Running traffic generator


2018-11-21 11:15:28 - [local][warning]   - [1mCPU util. is high: 88.0%[22m
2018-11-21 11:15:31,847 INFO TX: 273486885; RX: 55851323; Est. Dropped: 217635562; Est. Drop rate: 79.5781%
2018-11-21 11:15:41,862 INFO TX: 547289605; RX: 111790139; Est. Dropped: 435499466; Est. Drop rate: 79.5739%
2018-11-21 11:15:51,862 INFO TX: 820626250; RX: 167475655; Est. Dropped: 653150595; Est. Drop rate: 79.5917%
2018-11-21 11:15:53,867 INFO Average drop rate: 79.591726
2018-11-21 11:15:53,868 INFO Range search [0.0 .. 100.0] targets: {'ndr': 0.001}
2018-11-21 11:15:53,868 INFO Modified traffic stream for port 0, new rate=50.0%.
2018-11-21 11:15:53,868 INFO Modified traffic stream for port 1, new rate=50.0%.
2018-11-21 11:15:53,868 INFO Running traffic generator
2018-11-21 11:16:03,898 INFO TX: 148958713; RX: 55778364; Est. Dropped: 93180349; Est. Drop rate: 62.5545%
2018-11-21 11:16:13,913 INFO TX: 297985743; RX: 111548476; Est. Dropped: 186437267; Est. Drop rate: 62.5658%
2018-11-21 11:16:23,907 INFO TX: 446428394; RX: 167119776; Est. Dropped: 279308618; Est. Drop rate: 62.5652%
2018-11-21 11:16:25,913 INFO Average drop rate: 62.565155
2018-11-21 11:16:25,913 INFO Range search [0.0 .. 50.0] targets: {'ndr': 0.001}
2018-11-21 11:16:25,913 INFO Modified traffic stream for port 0, new rate=25.0%.
2018-11-21 11:16:25,914 INFO Modified traffic stream for port 1, new rate=25.0%.
2018-11-21 11:16:25,914 INFO Running traffic generator
2018-11-21 11:16:35,939 INFO TX: 74479127; RX: 55735292; Est. Dropped: 18743835; Est. Drop rate: 25.1666%
2018-11-21 11:16:45,954 INFO TX: 148989152; RX: 111495335; Est. Dropped: 37493817; Est. Drop rate: 25.1655%
2018-11-21 11:16:55,950 INFO TX: 223214862; RX: 167073919; Est. Dropped: 56140943; Est. Drop rate: 25.1511%
2018-11-21 11:16:57,955 INFO Average drop rate: 25.151078
2018-11-21 11:16:57,956 INFO Range search [0.0 .. 25.0] targets: {'ndr': 0.001}
2018-11-21 11:16:57,956 INFO Modified traffic stream for port 0, new rate=12.5%.
2018-11-21 11:16:57,956 INFO Modified traffic stream for port 1, new rate=12.5%.
2018-11-21 11:16:57,956 INFO Running traffic generator
2018-11-21 11:17:07,986 INFO TX: 37238351; RX: 37238304; Est. Dropped: 47; Est. Drop rate: 0.0001%
2018-11-21 11:17:18,001 INFO TX: 74492012; RX: 74491922; Est. Dropped: 90; Est. Drop rate: 0.0001%
2018-11-21 11:17:28,001 INFO TX: 111607246; RX: 111607246; Est. Dropped: 0; Est. Drop rate: 0.0000%
2018-11-21 11:17:30,007 INFO Average drop rate: 0.000000
2018-11-21 11:17:30,007 INFO Range search [12.5 .. 25.0] targets: {'ndr': 0.001}
2018-11-21 11:17:30,007 INFO Modified traffic stream for port 0, new rate=18.75%.
2018-11-21 11:17:30,007 INFO Modified traffic stream for port 1, new rate=18.75%.
2018-11-21 11:17:30,007 INFO Running traffic generator
2018-11-21 11:17:40,035 INFO TX: 55857492; RX: 55490959; Est. Dropped: 366533; Est. Drop rate: 0.6562%
2018-11-21 11:17:50,050 INFO TX: 111737142; RX: 110995327; Est. Dropped: 741815; Est. Drop rate: 0.6639%
2018-11-21 11:18:00,048 INFO TX: 167410944; RX: 166427343; Est. Dropped: 983601; Est. Drop rate: 0.5875%
2018-11-21 11:18:02,054 INFO Average drop rate: 0.587537
2018-11-21 11:18:02,055 INFO Range search [12.5 .. 18.75] targets: {'ndr': 0.001}
2018-11-21 11:18:02,055 INFO Modified traffic stream for port 0, new rate=15.625%.
2018-11-21 11:18:02,055 INFO Modified traffic stream for port 1, new rate=15.625%.
2018-11-21 11:18:02,055 INFO Running traffic generator
2018-11-21 11:18:12,084 INFO TX: 46548206; RX: 46548044; Est. Dropped: 162; Est. Drop rate: 0.0003%
2018-11-21 11:18:22,099 INFO TX: 93112720; RX: 93112685; Est. Dropped: 35; Est. Drop rate: 0.0000%
2018-11-21 11:18:32,095 INFO TX: 139509012; RX: 139509012; Est. Dropped: 0; Est. Drop rate: 0.0000%
2018-11-21 11:18:34,102 INFO Average drop rate: 0.000000
2018-11-21 11:18:34,102 INFO Range search [15.625 .. 18.75] targets: {'ndr': 0.001}
2018-11-21 11:18:34,102 INFO Modified traffic stream for port 0, new rate=17.1875%.
2018-11-21 11:18:34,102 INFO Modified traffic stream for port 1, new rate=17.1875%.
2018-11-21 11:18:34,102 INFO Running traffic generator
2018-11-21 11:18:44,129 INFO TX: 51203339; RX: 51203032; Est. Dropped: 307; Est. Drop rate: 0.0006%
2018-11-21 11:18:54,144 INFO TX: 102429602; RX: 102429306; Est. Dropped: 296; Est. Drop rate: 0.0003%
2018-11-21 11:19:04,139 INFO TX: 153459842; RX: 153459842; Est. Dropped: 0; Est. Drop rate: 0.0000%
2018-11-21 11:19:06,145 INFO Average drop rate: 0.000000
2018-11-21 11:19:06,145 INFO Range search [17.1875 .. 18.75] targets: {'ndr': 0.001}
2018-11-21 11:19:06,145 INFO Modified traffic stream for port 0, new rate=17.96875%.
2018-11-21 11:19:06,145 INFO Modified traffic stream for port 1, new rate=17.96875%.
2018-11-21 11:19:06,146 INFO Running traffic generator
2018-11-21 11:19:16,172 INFO TX: 53530623; RX: 53529960; Est. Dropped: 663; Est. Drop rate: 0.0012%
2018-11-21 11:19:26,187 INFO TX: 107085035; RX: 107084574; Est. Dropped: 461; Est. Drop rate: 0.0004%
2018-11-21 11:19:36,185 INFO TX: 160434848; RX: 160434848; Est. Dropped: 0; Est. Drop rate: 0.0000%
2018-11-21 11:19:38,191 INFO Average drop rate: 0.000000
2018-11-21 11:19:38,191 INFO Range search [17.96875 .. 18.75] targets: {'ndr': 0.001}
2018-11-21 11:19:38,191 INFO Modified traffic stream for port 0, new rate=18.359375%.
2018-11-21 11:19:38,191 INFO Modified traffic stream for port 1, new rate=18.359375%.
2018-11-21 11:19:38,191 INFO Running traffic generator
2018-11-21 11:19:48,221 INFO TX: 54696765; RX: 54696120; Est. Dropped: 645; Est. Drop rate: 0.0012%
2018-11-21 11:19:58,236 INFO TX: 109415559; RX: 109414872; Est. Dropped: 687; Est. Drop rate: 0.0006%
2018-11-21 11:20:08,234 INFO TX: 163923040; RX: 163923040; Est. Dropped: 0; Est. Drop rate: 0.0000%
2018-11-21 11:20:10,240 INFO Average drop rate: 0.000000
2018-11-21 11:20:10,240 INFO Range search [18.359375 .. 18.75] targets: {'ndr': 0.001}
2018-11-21 11:20:10,241 INFO Modified traffic stream for port 0, new rate=18.5546875%.
2018-11-21 11:20:10,241 INFO Modified traffic stream for port 1, new rate=18.5546875%.
2018-11-21 11:20:10,241 INFO Running traffic generator
2018-11-21 11:20:20,267 INFO TX: 55276323; RX: 55275476; Est. Dropped: 847; Est. Drop rate: 0.0015%
2018-11-21 11:20:30,282 INFO TX: 110577582; RX: 110576642; Est. Dropped: 940; Est. Drop rate: 0.0009%
2018-11-21 11:20:40,278 INFO TX: 165667154; RX: 165667154; Est. Dropped: 0; Est. Drop rate: 0.0000%
2018-11-21 11:20:42,284 INFO Average drop rate: 0.000000
2018-11-21 11:20:42,284 INFO Range search [18.5546875 .. 18.75] targets: {'ndr': 0.001}
2018-11-21 11:20:42,284 INFO Modified traffic stream for port 0, new rate=18.65234375%.
2018-11-21 11:20:42,284 INFO Modified traffic stream for port 1, new rate=18.65234375%.
2018-11-21 11:20:42,284 INFO Running traffic generator
2018-11-21 11:20:52,313 INFO TX: 55570327; RX: 55569511; Est. Dropped: 816; Est. Drop rate: 0.0015%
2018-11-21 11:21:02,328 INFO TX: 111161459; RX: 111160340; Est. Dropped: 1119; Est. Drop rate: 0.0010%
2018-11-21 11:21:12,324 INFO TX: 166538324; RX: 166538324; Est. Dropped: 0; Est. Drop rate: 0.0000%
2018-11-21 11:21:14,330 INFO Average drop rate: 0.000000
2018-11-21 11:21:14,330 INFO Range search [18.65234375 .. 18.75] targets: {'ndr': 0.001}
2018-11-21 11:21:14,330 INFO Found ndr (0.001) load: 18.65234375
2018-11-21 11:21:14,330 INFO NDR load: 37.3046875
2018-11-21 11:21:14,330 INFO Service chain 'EXT' run completed.
2018-11-21 11:21:14,330 INFO Clean up skipped.
2018-11-21 11:21:14,363 INFO Saving results in json file: /tmp/nfvbench/csc_1c1n_ndr-1.json...
2018-11-21 11:21:14,367 INFO 
========== NFVBench Summary ==========
Date: 2018-11-21 11:15:19
NFVBench version 2.0.4
Openstack Neutron:
  vSwitch: 
  Encapsulation: 
Benchmarks:
> Networks:
  > Components:
    > Traffic Generator:
        Profile: trex-local
        Tool: TRex
    > Versions:
      > Traffic_Generator:
          build_date: Nov 13 2017
          version: v2.32
          built_by: hhaim
          mode: STL
          build_time: 10:58:17
  > Measurement Parameters:
      NDR: 0.001
  > Service chain:
    > EXT:
      > Traffic:
          Profile: traffic_profile_64B
          Bidirectional: True
          Flow count: 1024
          Service chains count: 1
          Compute nodes: []
            
            Run Summary:
            
              +-----+-----------------+------------------+------------------+-----------------+----------------------+----------------------+----------------------+
              |  -  |   L2 Frame Size |  Rate (fwd+rev)  |  Rate (fwd+rev)  |  Avg Drop Rate  |   Avg Latency (usec) |   Min Latency (usec) |   Max Latency (usec) |
              +=====+=================+==================+==================+=================+======================+======================+======================+
              | NDR |              64 |   3.7305 Gbps    |  5,551,292 pps   |     0.0000%     |                  215 |                   10 |                  314 |
              +-----+-----------------+------------------+------------------+-----------------+----------------------+----------------------+----------------------+
              
            
            L2 frame size: 64
            NDR search duration: 353 seconds
            

