2018-11-21 12:09:08,661 INFO Loading configuration file: /tmp/nfvbench/nfvbench_config.cfg
2018-11-21 12:09:08,696 INFO EXT chain with OpenStack mode disabled
2018-11-21 12:09:08,696 INFO -c /tmp/nfvbench/nfvbench_config.cfg --rate 18500000pps --flow-count 1024 --duration 30 --json /tmp/nfvbench/csc_1c4n_18500000pps-1.json
2018-11-21 12:09:08,697 INFO Connecting to TRex (127.0.0.1)...
2018-11-21 12:09:08,839 INFO Connected to TRex
2018-11-21 12:09:08,839 INFO    Port 0: Ethernet Controller X710 for 10GbE SFP+ speed=10Gbps mac=e4:43:4b:2e:b1:d1 pci=0000:1a:00.1 driver=net_i40e
2018-11-21 12:09:08,840 INFO    Port 1: Ethernet Controller X710 for 10GbE SFP+ speed=10Gbps mac=e4:43:4b:2e:b1:d2 pci=0000:1a:00.2 driver=net_i40e
2018-11-21 12:09:08,840 INFO ChainRunner initialized
2018-11-21 12:09:08,841 INFO Starting 1xEXT benchmark...
2018-11-21 12:09:08,945 INFO Polling ARP until successful...
2018-11-21 12:09:09,061 INFO    ARP: port=0 chain=0 src IP=172.16.10.100 dst IP=172.16.10.10 -> MAC=52:54:00:00:00:aa
2018-11-21 12:09:09,061 INFO ARP resolved successfully for port 0
2018-11-21 12:09:09,189 INFO    ARP: port=1 chain=0 src IP=172.16.20.100 dst IP=172.16.20.10 -> MAC=52:54:00:00:00:bb
2018-11-21 12:09:09,189 INFO ARP resolved successfully for port 1
2018-11-21 12:09:09,291 INFO Port 0: dst MAC ['52:54:00:00:00:aa']
2018-11-21 12:09:09,291 INFO Port 1: dst MAC ['52:54:00:00:00:bb']
2018-11-21 12:09:09,291 INFO Starting traffic generator to ensure end-to-end connectivity
2018-11-21 12:09:09,298 INFO Created 1 traffic streams for port 0.
2018-11-21 12:09:09,299 INFO Created 1 traffic streams for port 1.
2018-11-21 12:09:09,423 INFO Captured unique src mac 0/2, capturing return packets (retry 1/100)...
2018-11-21 12:09:11,544 INFO Received packet from mac: 52:54:00:00:00:aa (chain=0, port=0)
2018-11-21 12:09:11,545 INFO Received packet from mac: 52:54:00:00:00:bb (chain=0, port=1)
2018-11-21 12:09:11,545 INFO End-to-end connectivity established
2018-11-21 12:09:11,561 INFO Cleared all existing streams
2018-11-21 12:09:11,569 INFO Created 2 traffic streams for port 0.
2018-11-21 12:09:11,571 INFO Created 2 traffic streams for port 1.
2018-11-21 12:09:11,575 INFO Starting to generate traffic...
2018-11-21 12:09:11,575 INFO Running traffic generator
2018-11-21 12:09:21,596 INFO TX: 185187286; RX: 19157144; Est. Dropped: 166030142; Est. Drop rate: 89.6553%
2018-11-21 12:09:31,611 INFO TX: 370448552; RX: 38274200; Est. Dropped: 332174352; Est. Drop rate: 89.6681%
2018-11-21 12:09:41,608 INFO TX: 554995210; RX: 57312006; Est. Dropped: 497683204; Est. Drop rate: 89.6734%
2018-11-21 12:09:41,608 INFO ...traffic generating ended.
2018-11-21 12:09:41,612 INFO Service chain 'EXT' run completed.
2018-11-21 12:09:41,612 INFO Clean up skipped.
2018-11-21 12:09:41,635 INFO Saving results in json file: /tmp/nfvbench/csc_1c4n_18500000pps-1.json...
2018-11-21 12:09:41,641 INFO 
========== NFVBench Summary ==========
Date: 2018-11-21 12:09:08
NFVBench version 2.0.4
Openstack Neutron:
  vSwitch: 
  Encapsulation: 
Benchmarks:
> Networks:
  > Components:
    > Traffic Generator:
        Profile: trex-local
        Tool: TRex
    > Versions:
      > Traffic_Generator:
          build_date: Nov 13 2017
          version: v2.32
          built_by: hhaim
          mode: STL
          build_time: 10:58:17
  > Service chain:
    > EXT:
      > Traffic:
          Profile: traffic_profile_64B
          Bidirectional: True
          Flow count: 1024
          Service chains count: 1
          Compute nodes: []
            
            Run Summary:
            
              +-----------------+-------------+----------------------+----------------------+----------------------+
              |   L2 Frame Size |  Drop Rate  |  Avg Latency (usec)  |   Min Latency (usec) |  Max Latency (usec)  |
              +=================+=============+======================+======================+======================+
              |              64 |  89.6734%   |        3,183         |                   30 |        3,966         |
              +-----------------+-------------+----------------------+----------------------+----------------------+
              
            
            L2 frame size: 64
            
            Run Config:
            
              +-------------+---------------------------+------------------------+-----------------+---------------------------+------------------------+-----------------+
              |  Direction  |  Requested TX Rate (bps)  |  Actual TX Rate (bps)  |  RX Rate (bps)  |  Requested TX Rate (pps)  |  Actual TX Rate (pps)  |  RX Rate (pps)  |
              +=============+===========================+========================+=================+===========================+========================+=================+
              |   Forward   |        6.2160 Gbps        |      6.2159 Gbps       |  641.9128 Mbps  |       9,250,000 pps       |     9,249,920 pps      |   955,227 pps   |
              +-------------+---------------------------+------------------------+-----------------+---------------------------+------------------------+-----------------+
              |   Reverse   |        6.2160 Gbps        |      6.2159 Gbps       |  641.8761 Mbps  |       9,250,000 pps       |     9,249,920 pps      |   955,172 pps   |
              +-------------+---------------------------+------------------------+-----------------+---------------------------+------------------------+-----------------+
              |    Total    |       12.4320 Gbps        |      12.4319 Gbps      |   1.2838 Gbps   |      18,500,000 pps       |     18,499,840 pps     |  1,910,399 pps  |
              +-------------+---------------------------+------------------------+-----------------+---------------------------+------------------------+-----------------+
              
            Forward Chain Packet Counters and Latency:
            
              +---------+--------------+--------------------------+------------+------------+------------+
              |   Chain |  TRex.TX.p0  |        TRex.RX.p1        |  Avg lat.  |  Min lat.  |  Max lat.  |
              +=========+==============+==========================+============+============+============+
              |       0 | 277,497,605  | -248,840,784 (-89.6731%) | 3,618 usec |  30 usec   | 3,966 usec |
              +---------+--------------+--------------------------+------------+------------+------------+
              
            Reverse Chain Packet Counters and Latency:
            
              +---------+--------------+--------------------------------+------------+------------+------------+
              |   Chain |  TRex.TX.p1  |           TRex.RX.p0           |  Avg lat.  |  Min lat.  |  Max lat.  |
              +=========+==============+================================+============+============+============+
              |       0 | 277,497,605  | +64,147,886,902 (+23116.5552%) | 2,751 usec | 1,000 usec | 2,865 usec |
              +---------+--------------+--------------------------------+------------+------------+------------+
              

