2018-11-21 11:25:53,017 INFO Loading configuration file: /tmp/nfvbench/nfvbench_config.cfg
2018-11-21 11:25:53,051 INFO EXT chain with OpenStack mode disabled
2018-11-21 11:25:53,051 INFO -c /tmp/nfvbench/nfvbench_config.cfg --rate 18500000pps --flow-count 1024 --duration 30 --json /tmp/nfvbench/csc_1c2n_18500000pps-1.json
2018-11-21 11:25:53,053 INFO Connecting to TRex (127.0.0.1)...
2018-11-21 11:25:53,195 INFO Connected to TRex
2018-11-21 11:25:53,195 INFO    Port 0: Ethernet Controller X710 for 10GbE SFP+ speed=10Gbps mac=e4:43:4b:2e:b1:d1 pci=0000:1a:00.1 driver=net_i40e
2018-11-21 11:25:53,195 INFO    Port 1: Ethernet Controller X710 for 10GbE SFP+ speed=10Gbps mac=e4:43:4b:2e:b1:d2 pci=0000:1a:00.2 driver=net_i40e
2018-11-21 11:25:53,196 INFO ChainRunner initialized
2018-11-21 11:25:53,197 INFO Starting 1xEXT benchmark...
2018-11-21 11:25:53,302 INFO Polling ARP until successful...
2018-11-21 11:25:53,413 INFO    ARP: port=0 chain=0 src IP=172.16.10.100 dst IP=172.16.10.10 -> MAC=52:54:00:00:00:aa
2018-11-21 11:25:53,413 INFO ARP resolved successfully for port 0
2018-11-21 11:25:53,541 INFO    ARP: port=1 chain=0 src IP=172.16.20.100 dst IP=172.16.20.10 -> MAC=52:54:00:00:00:bb
2018-11-21 11:25:53,541 INFO ARP resolved successfully for port 1
2018-11-21 11:25:53,658 INFO Port 0: dst MAC ['52:54:00:00:00:aa']
2018-11-21 11:25:53,658 INFO Port 1: dst MAC ['52:54:00:00:00:bb']
2018-11-21 11:25:53,658 INFO Starting traffic generator to ensure end-to-end connectivity
2018-11-21 11:25:53,665 INFO Created 1 traffic streams for port 0.
2018-11-21 11:25:53,666 INFO Created 1 traffic streams for port 1.
2018-11-21 11:25:53,776 INFO Captured unique src mac 0/2, capturing return packets (retry 1/100)...
2018-11-21 11:25:55,920 INFO Received packet from mac: 52:54:00:00:00:aa (chain=0, port=0)
2018-11-21 11:25:55,920 INFO Received packet from mac: 52:54:00:00:00:bb (chain=0, port=1)
2018-11-21 11:25:55,920 INFO End-to-end connectivity established
2018-11-21 11:25:55,937 INFO Cleared all existing streams
2018-11-21 11:25:55,946 INFO Created 2 traffic streams for port 0.
2018-11-21 11:25:55,947 INFO Created 2 traffic streams for port 1.
2018-11-21 11:25:55,951 INFO Starting to generate traffic...
2018-11-21 11:25:55,951 INFO Running traffic generator
2018-11-21 11:26:05,974 INFO TX: 185185079; RX: 33372699; Est. Dropped: 151812380; Est. Drop rate: 81.9787%
2018-11-21 11:26:15,989 INFO TX: 370448529; RX: 66748508; Est. Dropped: 303700021; Est. Drop rate: 81.9817%
2018-11-21 11:26:25,984 INFO TX: 554995210; RX: 99970054; Est. Dropped: 455025156; Est. Drop rate: 81.9872%
2018-11-21 11:26:25,984 INFO ...traffic generating ended.
2018-11-21 11:26:25,987 INFO Service chain 'EXT' run completed.
2018-11-21 11:26:25,987 INFO Clean up skipped.
2018-11-21 11:26:26,012 INFO Saving results in json file: /tmp/nfvbench/csc_1c2n_18500000pps-1.json...
2018-11-21 11:26:26,018 INFO 
========== NFVBench Summary ==========
Date: 2018-11-21 11:25:53
NFVBench version 2.0.4
Openstack Neutron:
  vSwitch: 
  Encapsulation: 
Benchmarks:
> Networks:
  > Components:
    > Traffic Generator:
        Profile: trex-local
        Tool: TRex
    > Versions:
      > Traffic_Generator:
          build_date: Nov 13 2017
          version: v2.32
          built_by: hhaim
          mode: STL
          build_time: 10:58:17
  > Service chain:
    > EXT:
      > Traffic:
          Profile: traffic_profile_64B
          Bidirectional: True
          Flow count: 1024
          Service chains count: 1
          Compute nodes: []
            
            Run Summary:
            
              +-----------------+-------------+----------------------+----------------------+----------------------+
              |   L2 Frame Size |  Drop Rate  |  Avg Latency (usec)  |   Min Latency (usec) |  Max Latency (usec)  |
              +=================+=============+======================+======================+======================+
              |              64 |  81.9872%   |        1,430         |                  400 |        1,782         |
              +-----------------+-------------+----------------------+----------------------+----------------------+
              
            
            L2 frame size: 64
            
            Run Config:
            
              +-------------+---------------------------+------------------------+-----------------+---------------------------+------------------------+-----------------+
              |  Direction  |  Requested TX Rate (bps)  |  Actual TX Rate (bps)  |  RX Rate (bps)  |  Requested TX Rate (pps)  |  Actual TX Rate (pps)  |  RX Rate (pps)  |
              +=============+===========================+========================+=================+===========================+========================+=================+
              |   Forward   |        6.2160 Gbps        |      6.2159 Gbps       |   1.1197 Gbps   |       9,250,000 pps       |     9,249,920 pps      |  1,666,195 pps  |
              +-------------+---------------------------+------------------------+-----------------+---------------------------+------------------------+-----------------+
              |   Reverse   |        6.2160 Gbps        |      6.2159 Gbps       |   1.1196 Gbps   |       9,250,000 pps       |     9,249,920 pps      |  1,666,139 pps  |
              +-------------+---------------------------+------------------------+-----------------+---------------------------+------------------------+-----------------+
              |    Total    |       12.4320 Gbps        |      12.4319 Gbps      |   2.2393 Gbps   |      18,500,000 pps       |     18,499,840 pps     |  3,332,334 pps  |
              +-------------+---------------------------+------------------------+-----------------+---------------------------+------------------------+-----------------+
              
            Forward Chain Packet Counters and Latency:
            
              +---------+--------------+--------------------------+------------+------------+------------+
              |   Chain |  TRex.TX.p0  |        TRex.RX.p1        |  Avg lat.  |  Min lat.  |  Max lat.  |
              +=========+==============+==========================+============+============+============+
              |       0 | 277,497,605  | -227,511,728 (-81.9869%) | 1,602 usec |  400 usec  | 1,782 usec |
              +---------+--------------+--------------------------+------------+------------+------------+
              
            Reverse Chain Packet Counters and Latency:
            
              +---------+--------------+--------------------------------+------------+------------+------------+
              |   Chain |  TRex.TX.p1  |           TRex.RX.p0           |  Avg lat.  |  Min lat.  |  Max lat.  |
              +=========+==============+================================+============+============+============+
              |       0 | 277,497,605  | +59,854,197,221 (+21569.2662%) | 1,261 usec |  800 usec  | 1,321 usec |
              +---------+--------------+--------------------------------+------------+------------+------------+
              

