2018-11-27 11:04:53,069 INFO Loading configuration file: /tmp/nfvbench/nfvbench_config.cfg
2018-11-27 11:04:53,103 INFO EXT chain with OpenStack mode disabled
2018-11-27 11:04:53,104 INFO -c /tmp/nfvbench/nfvbench_config.cfg --rate ndr --flow-count 1024 --duration 30 --json /tmp/nfvbench/csp_2c4n_ndr-1.json
2018-11-27 11:04:53,105 INFO Connecting to TRex (127.0.0.1)...
2018-11-27 11:04:53,241 INFO Connected to TRex
2018-11-27 11:04:53,241 INFO    Port 0: Ethernet Controller X710 for 10GbE SFP+ speed=10Gbps mac=e4:43:4b:2e:b1:d1 pci=0000:1a:00.1 driver=net_i40e
2018-11-27 11:04:53,241 INFO    Port 1: Ethernet Controller X710 for 10GbE SFP+ speed=10Gbps mac=e4:43:4b:2e:b1:d2 pci=0000:1a:00.2 driver=net_i40e
2018-11-27 11:04:53,242 INFO ChainRunner initialized
2018-11-27 11:04:53,242 INFO Starting 1xEXT benchmark...
2018-11-27 11:04:53,347 INFO Polling ARP until successful...
2018-11-27 11:04:53,490 INFO    ARP: port=0 chain=0 src IP=172.16.10.100 dst IP=172.16.10.10 -> MAC=52:54:00:00:00:aa
2018-11-27 11:04:53,490 INFO ARP resolved successfully for port 0
2018-11-27 11:04:53,619 INFO    ARP: port=1 chain=0 src IP=172.16.20.100 dst IP=172.16.20.10 -> MAC=52:54:00:00:00:bb
2018-11-27 11:04:53,619 INFO ARP resolved successfully for port 1
2018-11-27 11:04:53,720 INFO Port 0: dst MAC ['52:54:00:00:00:aa']
2018-11-27 11:04:53,720 INFO Port 1: dst MAC ['52:54:00:00:00:bb']
2018-11-27 11:04:53,720 INFO Starting traffic generator to ensure end-to-end connectivity
2018-11-27 11:04:53,727 INFO Created 1 traffic streams for port 0.
2018-11-27 11:04:53,728 INFO Created 1 traffic streams for port 1.
2018-11-27 11:04:53,838 INFO Captured unique src mac 0/2, capturing return packets (retry 1/100)...
2018-11-27 11:04:55,960 INFO Received packet from mac: 52:54:00:00:00:bb (chain=0, port=1)
2018-11-27 11:04:55,960 INFO Received packet from mac: 52:54:00:00:00:aa (chain=0, port=0)
2018-11-27 11:04:55,960 INFO End-to-end connectivity established
2018-11-27 11:04:55,977 INFO Cleared all existing streams
2018-11-27 11:04:55,986 INFO Created 2 traffic streams for port 0.
2018-11-27 11:04:55,987 INFO Created 2 traffic streams for port 1.
2018-11-27 11:04:55,987 INFO *** Searching NDR for 64 (Bidirectional)...
2018-11-27 11:04:55,988 INFO Range search [0.0 .. 200.0] targets: {'ndr': 0.001}
2018-11-27 11:04:55,988 INFO Modified traffic stream for port 0, new rate=100.0%.
2018-11-27 11:04:55,988 INFO Modified traffic stream for port 1, new rate=100.0%.
2018-11-27 11:04:55,988 INFO Running traffic generator


2018-11-27 11:05:02 - [local][warning]   - [1mCPU util. is high: 88.8%[22m
2018-11-27 11:05:06,010 INFO TX: 274055364; RX: 56645770; Est. Dropped: 217409594; Est. Drop rate: 79.3305%
2018-11-27 11:05:16,024 INFO TX: 548383670; RX: 113031234; Est. Dropped: 435352436; Est. Drop rate: 79.3883%
2018-11-27 11:05:26,022 INFO TX: 822080236; RX: 169240921; Est. Dropped: 652839315; Est. Drop rate: 79.4131%
2018-11-27 11:05:28,028 INFO Average drop rate: 79.413090
2018-11-27 11:05:28,028 INFO Range search [0.0 .. 100.0] targets: {'ndr': 0.001}
2018-11-27 11:05:28,028 INFO Modified traffic stream for port 0, new rate=50.0%.
2018-11-27 11:05:28,028 INFO Modified traffic stream for port 1, new rate=50.0%.
2018-11-27 11:05:28,028 INFO Running traffic generator
2018-11-27 11:05:38,057 INFO TX: 148953844; RX: 56422201; Est. Dropped: 92531643; Est. Drop rate: 62.1210%
2018-11-27 11:05:48,072 INFO TX: 297977264; RX: 112875587; Est. Dropped: 185101677; Est. Drop rate: 62.1194%
2018-11-27 11:05:58,067 INFO TX: 446428396; RX: 169123018; Est. Dropped: 277305378; Est. Drop rate: 62.1164%
2018-11-27 11:06:00,073 INFO Average drop rate: 62.116429
2018-11-27 11:06:00,073 INFO Range search [0.0 .. 50.0] targets: {'ndr': 0.001}
2018-11-27 11:06:00,073 INFO Modified traffic stream for port 0, new rate=25.0%.
2018-11-27 11:06:00,073 INFO Modified traffic stream for port 1, new rate=25.0%.
2018-11-27 11:06:00,073 INFO Running traffic generator
2018-11-27 11:06:10,100 INFO TX: 74479033; RX: 56471121; Est. Dropped: 18007912; Est. Drop rate: 24.1785%
2018-11-27 11:06:20,115 INFO TX: 148986933; RX: 112720168; Est. Dropped: 36266765; Est. Drop rate: 24.3422%
2018-11-27 11:06:30,113 INFO TX: 223216590; RX: 168927239; Est. Dropped: 54289351; Est. Drop rate: 24.3214%
2018-11-27 11:06:32,119 INFO Average drop rate: 24.321378
2018-11-27 11:06:32,119 INFO Range search [0.0 .. 25.0] targets: {'ndr': 0.001}
2018-11-27 11:06:32,119 INFO Modified traffic stream for port 0, new rate=12.5%.
2018-11-27 11:06:32,119 INFO Modified traffic stream for port 1, new rate=12.5%.
2018-11-27 11:06:32,119 INFO Running traffic generator
2018-11-27 11:06:42,147 INFO TX: 37238122; RX: 37237776; Est. Dropped: 346; Est. Drop rate: 0.0009%
2018-11-27 11:06:52,161 INFO TX: 74491141; RX: 74490774; Est. Dropped: 367; Est. Drop rate: 0.0005%
2018-11-27 11:07:02,159 INFO TX: 111607248; RX: 111607248; Est. Dropped: 0; Est. Drop rate: 0.0000%
2018-11-27 11:07:04,164 INFO Average drop rate: 0.000000
2018-11-27 11:07:04,165 INFO Range search [12.5 .. 25.0] targets: {'ndr': 0.001}
2018-11-27 11:07:04,165 INFO Modified traffic stream for port 0, new rate=18.75%.
2018-11-27 11:07:04,165 INFO Modified traffic stream for port 1, new rate=18.75%.
2018-11-27 11:07:04,165 INFO Running traffic generator
2018-11-27 11:07:14,190 INFO TX: 55856467; RX: 55854876; Est. Dropped: 1591; Est. Drop rate: 0.0028%
2018-11-27 11:07:24,204 INFO TX: 111735085; RX: 111700448; Est. Dropped: 34637; Est. Drop rate: 0.0310%
2018-11-27 11:07:34,201 INFO TX: 167411916; RX: 167379248; Est. Dropped: 32668; Est. Drop rate: 0.0195%
2018-11-27 11:07:36,206 INFO Average drop rate: 0.019514
2018-11-27 11:07:36,206 INFO Range search [12.5 .. 18.75] targets: {'ndr': 0.001}
2018-11-27 11:07:36,207 INFO Modified traffic stream for port 0, new rate=15.625%.
2018-11-27 11:07:36,207 INFO Modified traffic stream for port 1, new rate=15.625%.
2018-11-27 11:07:36,207 INFO Running traffic generator
2018-11-27 11:07:46,237 INFO TX: 46545737; RX: 46545294; Est. Dropped: 443; Est. Drop rate: 0.0010%
2018-11-27 11:07:56,251 INFO TX: 93111866; RX: 93111568; Est. Dropped: 298; Est. Drop rate: 0.0003%
2018-11-27 11:08:06,247 INFO TX: 139509688; RX: 139509688; Est. Dropped: 0; Est. Drop rate: 0.0000%
2018-11-27 11:08:08,253 INFO Average drop rate: 0.000000
2018-11-27 11:08:08,253 INFO Range search [15.625 .. 18.75] targets: {'ndr': 0.001}
2018-11-27 11:08:08,253 INFO Modified traffic stream for port 0, new rate=17.1875%.
2018-11-27 11:08:08,253 INFO Modified traffic stream for port 1, new rate=17.1875%.
2018-11-27 11:08:08,253 INFO Running traffic generator
2018-11-27 11:08:18,284 INFO TX: 51200004; RX: 51198992; Est. Dropped: 1012; Est. Drop rate: 0.0020%
2018-11-27 11:08:28,298 INFO TX: 102421224; RX: 102420208; Est. Dropped: 1016; Est. Drop rate: 0.0010%
2018-11-27 11:08:38,294 INFO TX: 153458214; RX: 153458214; Est. Dropped: 0; Est. Drop rate: 0.0000%
2018-11-27 11:08:40,300 INFO Average drop rate: 0.000000
2018-11-27 11:08:40,300 INFO Range search [17.1875 .. 18.75] targets: {'ndr': 0.001}
2018-11-27 11:08:40,300 INFO Modified traffic stream for port 0, new rate=17.96875%.
2018-11-27 11:08:40,300 INFO Modified traffic stream for port 1, new rate=17.96875%.
2018-11-27 11:08:40,300 INFO Running traffic generator
2018-11-27 11:08:50,329 INFO TX: 53523726; RX: 53522602; Est. Dropped: 1124; Est. Drop rate: 0.0021%
2018-11-27 11:09:00,344 INFO TX: 107073709; RX: 107072304; Est. Dropped: 1405; Est. Drop rate: 0.0013%
2018-11-27 11:09:10,340 INFO TX: 160433960; RX: 160433960; Est. Dropped: 0; Est. Drop rate: 0.0000%
2018-11-27 11:09:12,346 INFO Average drop rate: 0.000000
2018-11-27 11:09:12,346 INFO Range search [17.96875 .. 18.75] targets: {'ndr': 0.001}
2018-11-27 11:09:12,346 INFO Modified traffic stream for port 0, new rate=18.359375%.
2018-11-27 11:09:12,346 INFO Modified traffic stream for port 1, new rate=18.359375%.
2018-11-27 11:09:12,346 INFO Running traffic generator
2018-11-27 11:09:22,375 INFO TX: 54691076; RX: 54689511; Est. Dropped: 1565; Est. Drop rate: 0.0029%
2018-11-27 11:09:32,390 INFO TX: 109405408; RX: 109403932; Est. Dropped: 1476; Est. Drop rate: 0.0013%
2018-11-27 11:09:42,388 INFO TX: 163923042; RX: 163923042; Est. Dropped: 0; Est. Drop rate: 0.0000%
2018-11-27 11:09:44,394 INFO Average drop rate: 0.000000
2018-11-27 11:09:44,394 INFO Range search [18.359375 .. 18.75] targets: {'ndr': 0.001}
2018-11-27 11:09:44,395 INFO Modified traffic stream for port 0, new rate=18.5546875%.
2018-11-27 11:09:44,395 INFO Modified traffic stream for port 1, new rate=18.5546875%.
2018-11-27 11:09:44,395 INFO Running traffic generator
2018-11-27 11:09:54,422 INFO TX: 55271750; RX: 55270240; Est. Dropped: 1510; Est. Drop rate: 0.0027%
2018-11-27 11:10:04,436 INFO TX: 110568373; RX: 110566960; Est. Dropped: 1413; Est. Drop rate: 0.0013%
2018-11-27 11:10:14,432 INFO TX: 165668106; RX: 165668106; Est. Dropped: 0; Est. Drop rate: 0.0000%
2018-11-27 11:10:16,438 INFO Average drop rate: 0.000000
2018-11-27 11:10:16,438 INFO Range search [18.5546875 .. 18.75] targets: {'ndr': 0.001}
2018-11-27 11:10:16,438 INFO Modified traffic stream for port 0, new rate=18.65234375%.
2018-11-27 11:10:16,438 INFO Modified traffic stream for port 1, new rate=18.65234375%.
2018-11-27 11:10:16,438 INFO Running traffic generator
2018-11-27 11:10:26,466 INFO TX: 55562227; RX: 55560311; Est. Dropped: 1916; Est. Drop rate: 0.0034%
2018-11-27 11:10:36,481 INFO TX: 111149815; RX: 111147998; Est. Dropped: 1817; Est. Drop rate: 0.0016%
2018-11-27 11:10:46,479 INFO TX: 166539286; RX: 166539286; Est. Dropped: 0; Est. Drop rate: 0.0000%
2018-11-27 11:10:48,485 INFO Average drop rate: 0.000000
2018-11-27 11:10:48,485 INFO Range search [18.65234375 .. 18.75] targets: {'ndr': 0.001}
2018-11-27 11:10:48,485 INFO Found ndr (0.001) load: 18.65234375
2018-11-27 11:10:48,485 INFO NDR load: 37.3046875
2018-11-27 11:10:48,485 INFO Service chain 'EXT' run completed.
2018-11-27 11:10:48,486 INFO Clean up skipped.
2018-11-27 11:10:48,518 INFO Saving results in json file: /tmp/nfvbench/csp_2c4n_ndr-1.json...
2018-11-27 11:10:48,521 INFO 
========== NFVBench Summary ==========
Date: 2018-11-27 11:04:53
NFVBench version 2.0.4
Openstack Neutron:
  vSwitch: 
  Encapsulation: 
Benchmarks:
> Networks:
  > Components:
    > Traffic Generator:
        Profile: trex-local
        Tool: TRex
    > Versions:
      > Traffic_Generator:
          build_date: Nov 13 2017
          version: v2.32
          built_by: hhaim
          mode: STL
          build_time: 10:58:17
  > Measurement Parameters:
      NDR: 0.001
  > Service chain:
    > EXT:
      > Traffic:
          Profile: traffic_profile_64B
          Bidirectional: True
          Flow count: 1024
          Service chains count: 1
          Compute nodes: []
            
            Run Summary:
            
              +-----+-----------------+------------------+------------------+-----------------+----------------------+----------------------+----------------------+
              |  -  |   L2 Frame Size |  Rate (fwd+rev)  |  Rate (fwd+rev)  |  Avg Drop Rate  |   Avg Latency (usec) |   Min Latency (usec) |   Max Latency (usec) |
              +=====+=================+==================+==================+=================+======================+======================+======================+
              | NDR |              64 |   3.7305 Gbps    |  5,551,292 pps   |     0.0000%     |                  349 |                   20 |                  473 |
              +-----+-----------------+------------------+------------------+-----------------+----------------------+----------------------+----------------------+
              
            
            L2 frame size: 64
            NDR search duration: 352 seconds
            

