2018-11-28 14:11:06,636 INFO Loading configuration file: /tmp/nfvbench/nfvbench_config.cfg
2018-11-28 14:11:06,674 INFO EXT chain with OpenStack mode disabled
2018-11-28 14:11:06,674 INFO -c /tmp/nfvbench/nfvbench_config.cfg --rate 18500000pps --flow-count 1024 --duration 30 --json /tmp/nfvbench/csp_2c2n_18500000pps-1.json
2018-11-28 14:11:06,676 INFO Connecting to TRex (127.0.0.1)...
2018-11-28 14:11:06,820 INFO Connected to TRex
2018-11-28 14:11:06,820 INFO    Port 0: Ethernet Controller X710 for 10GbE SFP+ speed=10Gbps mac=e4:43:4b:2e:b1:d1 pci=0000:1a:00.1 driver=net_i40e
2018-11-28 14:11:06,820 INFO    Port 1: Ethernet Controller X710 for 10GbE SFP+ speed=10Gbps mac=e4:43:4b:2e:b1:d2 pci=0000:1a:00.2 driver=net_i40e
2018-11-28 14:11:06,821 INFO ChainRunner initialized
2018-11-28 14:11:06,822 INFO Starting 2xEXT benchmark...
2018-11-28 14:11:06,926 INFO Polling ARP until successful...
2018-11-28 14:11:07,056 INFO    ARP: port=0 chain=0 src IP=172.16.10.100 dst IP=172.16.10.10 -> MAC=52:54:00:00:00:aa
2018-11-28 14:11:07,056 INFO    ARP: port=0 chain=1 src IP=172.16.10.101 dst IP=172.16.10.11 -> MAC=52:54:01:00:00:aa
2018-11-28 14:11:07,056 INFO ARP resolved successfully for port 0
2018-11-28 14:11:07,185 INFO    ARP: port=1 chain=0 src IP=172.16.20.100 dst IP=172.16.20.10 -> MAC=52:54:00:00:00:bb
2018-11-28 14:11:07,185 INFO    ARP: port=1 chain=1 src IP=172.16.20.101 dst IP=172.16.20.11 -> MAC=52:54:01:00:00:bb
2018-11-28 14:11:07,185 INFO ARP resolved successfully for port 1
2018-11-28 14:11:07,286 INFO Port 0: dst MAC ['52:54:00:00:00:aa', '52:54:01:00:00:aa']
2018-11-28 14:11:07,286 INFO Port 1: dst MAC ['52:54:00:00:00:bb', '52:54:01:00:00:bb']
2018-11-28 14:11:07,286 INFO Starting traffic generator to ensure end-to-end connectivity
2018-11-28 14:11:07,298 INFO Created 2 traffic streams for port 0.
2018-11-28 14:11:07,300 INFO Created 2 traffic streams for port 1.
2018-11-28 14:11:07,411 INFO Captured unique src mac 0/4, capturing return packets (retry 1/100)...
2018-11-28 14:11:09,533 INFO Received packet from mac: 52:54:01:00:00:bb (chain=1, port=1)
2018-11-28 14:11:09,533 INFO Received packet from mac: 52:54:00:00:00:aa (chain=0, port=0)
2018-11-28 14:11:09,533 INFO Received packet from mac: 52:54:01:00:00:aa (chain=1, port=0)
2018-11-28 14:11:09,533 INFO Received packet from mac: 52:54:00:00:00:bb (chain=0, port=1)
2018-11-28 14:11:09,533 INFO End-to-end connectivity established
2018-11-28 14:11:09,551 INFO Cleared all existing streams
2018-11-28 14:11:09,566 INFO Created 4 traffic streams for port 0.
2018-11-28 14:11:09,569 INFO Created 4 traffic streams for port 1.
2018-11-28 14:11:09,573 INFO Starting to generate traffic...
2018-11-28 14:11:09,573 INFO Running traffic generator
2018-11-28 14:11:19,598 INFO TX: 185196414; RX: 48260696; Est. Dropped: 136935718; Est. Drop rate: 73.9408%
2018-11-28 14:11:29,614 INFO TX: 370474715; RX: 96768600; Est. Dropped: 273706115; Est. Drop rate: 73.8798%
2018-11-28 14:11:39,608 INFO TX: 555000032; RX: 145185532; Est. Dropped: 409814500; Est. Drop rate: 73.8404%
2018-11-28 14:11:39,609 INFO ...traffic generating ended.
2018-11-28 14:11:39,631 INFO Cleared all existing streams
2018-11-28 14:11:39,680 INFO Created 8 traffic streams for port 0.
2018-11-28 14:11:39,686 INFO Created 8 traffic streams for port 1.
2018-11-28 14:11:39,690 INFO Starting to generate traffic...
2018-11-28 14:11:39,690 INFO Running traffic generator


2018-11-28 14:11:43 - [local][warning]   - [1mCPU util. is high: 85.1%[22m
2018-11-28 14:11:49,715 INFO TX: 65546332; RX: 30117552; Est. Dropped: 35428780; Est. Drop rate: 54.0515%
2018-11-28 14:11:59,731 INFO TX: 131125436; RX: 60159472; Est. Dropped: 70965964; Est. Drop rate: 54.1207%
2018-11-28 14:12:09,728 INFO TX: 196513602; RX: 90088154; Est. Dropped: 106425448; Est. Drop rate: 54.1568%
2018-11-28 14:12:09,729 INFO ...traffic generating ended.
2018-11-28 14:12:09,733 INFO WARNING: There is a significant difference between requested TX rate (18500000.0) and actual TX rate (6550453). The traffic generator may not have sufficient CPU to achieve the requested TX rate.
2018-11-28 14:12:09,733 INFO Service chain 'EXT' run completed.
2018-11-28 14:12:09,733 INFO Clean up skipped.
2018-11-28 14:12:09,759 INFO Saving results in json file: /tmp/nfvbench/csp_2c2n_18500000pps-1.json...
2018-11-28 14:12:09,771 INFO 
========== NFVBench Summary ==========
Date: 2018-11-28 14:11:06
NFVBench version 2.0.4
Openstack Neutron:
  vSwitch: 
  Encapsulation: 
Benchmarks:
> Networks:
  > Components:
    > Traffic Generator:
        Profile: trex-local
        Tool: TRex
    > Versions:
      > Traffic_Generator:
          build_date: Nov 13 2017
          version: v2.32
          built_by: hhaim
          mode: STL
          build_time: 10:58:17
  > Service chain:
    > EXT:
      > Traffic:
          Profile: traffic_profile_2sizes
          Bidirectional: True
          Flow count: 1024
          Service chains count: 2
          Compute nodes: []
            
            Run Summary:
            
              +-----------------+-------------+----------------------+----------------------+----------------------+
              |  L2 Frame Size  |  Drop Rate  |  Avg Latency (usec)  |   Min Latency (usec) |  Max Latency (usec)  |
              +=================+=============+======================+======================+======================+
              |       64        |  73.8404%   |         677          |                   20 |         736          |
              +-----------------+-------------+----------------------+----------------------+----------------------+
              |      IMIX       |  54.1568%   |        1,066         |                   20 |        1,156         |
              +-----------------+-------------+----------------------+----------------------+----------------------+
              
            
            L2 frame size: 64
            
            Run Config:
            
              +-------------+---------------------------+------------------------+-----------------+---------------------------+------------------------+-----------------+
              |  Direction  |  Requested TX Rate (bps)  |  Actual TX Rate (bps)  |  RX Rate (bps)  |  Requested TX Rate (pps)  |  Actual TX Rate (pps)  |  RX Rate (pps)  |
              +=============+===========================+========================+=================+===========================+========================+=================+
              |   Forward   |        6.2160 Gbps        |      6.2160 Gbps       |   1.6258 Gbps   |       9,250,000 pps       |     9,250,000 pps      |  2,419,339 pps  |
              +-------------+---------------------------+------------------------+-----------------+---------------------------+------------------------+-----------------+
              |   Reverse   |        6.2160 Gbps        |      6.2160 Gbps       |   1.6264 Gbps   |       9,250,000 pps       |     9,250,000 pps      |  2,420,178 pps  |
              +-------------+---------------------------+------------------------+-----------------+---------------------------+------------------------+-----------------+
              |    Total    |       12.4320 Gbps        |      12.4320 Gbps      |   3.2522 Gbps   |      18,500,000 pps       |     18,500,000 pps     |  4,839,517 pps  |
              +-------------+---------------------------+------------------------+-----------------+---------------------------+------------------------+-----------------+
              
            Forward Chain Packet Counters and Latency:
            
              +---------+--------------+--------------------------+------------+------------+------------+
              |  Chain  |  TRex.TX.p0  |        TRex.RX.p1        |  Avg lat.  |  Min lat.  |  Max lat.  |
              +=========+==============+==========================+============+============+============+
              |    0    | 138,750,008  | -102,459,678 (-73.8448%) |  674 usec  |  200 usec  |  726 usec  |
              +---------+--------------+--------------------------+------------+------------+------------+
              |    1    | 138,750,008  | -102,460,155 (-73.8452%) |  682 usec  |  200 usec  |  736 usec  |
              +---------+--------------+--------------------------+------------+------------+------------+
              |  total  | 277,500,016  | -204,919,833 (-73.8450%) |  678 usec  |  200 usec  |  736 usec  |
              +---------+--------------+--------------------------+------------+------------+------------+
              
            Reverse Chain Packet Counters and Latency:
            
              +---------+--------------+--------------------------------+------------+------------+------------+
              |  Chain  |  TRex.TX.p1  |           TRex.RX.p0           |  Avg lat.  |  Min lat.  |  Max lat.  |
              +=========+==============+================================+============+============+============+
              |    0    | 138,750,008  |    -102,447,476 (-73.8360%)    |  672 usec  |  20 usec   |  724 usec  |
              +---------+--------------+--------------------------------+------------+------------+------------+
              |    1    | 138,750,008  | +64,286,903,682 (+46332.9009%) |  682 usec  |  60 usec   |  733 usec  |
              +---------+--------------+--------------------------------+------------+------------+------------+
              |  total  | 277,500,016  | +64,184,456,206 (+23129.5324%) |  677 usec  |  20 usec   |  733 usec  |
              +---------+--------------+--------------------------------+------------+------------+------------+
              
            
            L2 frame size: IMIX
            
            Run Config:
            
              +-------------+---------------------------+------------------------+-----------------+---------------------------+------------------------+-----------------+
              |  Direction  |  Requested TX Rate (bps)  |  Actual TX Rate (bps)  |  RX Rate (bps)  |  Requested TX Rate (pps)  |  Actual TX Rate (pps)  |  RX Rate (pps)  |
              +=============+===========================+========================+=================+===========================+========================+=================+
              |   Forward   |       28.2557 Gbps        |      10.0044 Gbps      |   4.5863 Gbps   |       9,250,000 pps       |     3,275,104 pps      |  1,501,409 pps  |
              +-------------+---------------------------+------------------------+-----------------+---------------------------+------------------------+-----------------+
              |   Reverse   |       28.2557 Gbps        |      10.0051 Gbps      |   4.5867 Gbps   |       9,250,000 pps       |     3,275,349 pps      |  1,501,528 pps  |
              +-------------+---------------------------+------------------------+-----------------+---------------------------+------------------------+-----------------+
              |    Total    |       56.5113 Gbps        |      20.0095 Gbps      |   9.1730 Gbps   |      18,500,000 pps       |     6,550,453 pps      |  3,002,937 pps  |
              +-------------+---------------------------+------------------------+-----------------+---------------------------+------------------------+-----------------+
              
              WARNING: There is a significant difference between requested TX rate (18500000.0) and actual TX rate (6550453). The traffic generator may not have sufficient CPU to achieve the requested TX rate.
              
            Forward Chain Packet Counters and Latency:
            
              +---------+--------------+-------------------------+------------+------------+------------+
              |  Chain  |  TRex.TX.p0  |       TRex.RX.p1        |  Avg lat.  |  Min lat.  |  Max lat.  |
              +=========+==============+=========================+============+============+============+
              |    0    |  49,126,562  | -26,605,631 (-54.1573%) | 1,035 usec |  60 usec   | 1,109 usec |
              +---------+--------------+-------------------------+------------+------------+------------+
              |    1    |  49,126,562  | -26,605,201 (-54.1564%) | 1,079 usec |  20 usec   | 1,149 usec |
              +---------+--------------+-------------------------+------------+------------+------------+
              |  total  |  98,253,124  | -53,210,832 (-54.1569%) | 1,057 usec |  20 usec   | 1,149 usec |
              +---------+--------------+-------------------------+------------+------------+------------+
              
            Reverse Chain Packet Counters and Latency:
            
              +---------+--------------+---------------------------------+------------+------------+------------+
              |  Chain  |  TRex.TX.p1  |           TRex.RX.p0            |  Avg lat.  |  Min lat.  |  Max lat.  |
              +=========+==============+=================================+============+============+============+
              |    0    |  49,130,239  |     -26,607,300 (-54.1567%)     | 1,057 usec |  900 usec  | 1,113 usec |
              +---------+--------------+---------------------------------+------------+------------+------------+
              |    1    |  49,130,239  | +64,376,164,820 (+131031.6541%) | 1,097 usec |  900 usec  | 1,156 usec |
              +---------+--------------+---------------------------------+------------+------------+------------+
              |  total  |  98,260,478  | +64,349,557,520 (+65488.7487%)  | 1,077 usec |  900 usec  | 1,156 usec |
              +---------+--------------+---------------------------------+------------+------------+------------+
              

