2018-11-27 11:20:53,587 INFO Loading configuration file: /tmp/nfvbench/nfvbench_config.cfg
2018-11-27 11:20:53,621 INFO EXT chain with OpenStack mode disabled
2018-11-27 11:20:53,621 INFO -c /tmp/nfvbench/nfvbench_config.cfg --rate 18500000pps --flow-count 1024 --duration 30 --json /tmp/nfvbench/vsc_2c1n_18500000pps-1.json
2018-11-27 11:20:53,623 INFO Connecting to TRex (127.0.0.1)...
2018-11-27 11:20:53,763 INFO Connected to TRex
2018-11-27 11:20:53,763 INFO    Port 0: Ethernet Controller X710 for 10GbE SFP+ speed=10Gbps mac=e4:43:4b:2e:b1:d1 pci=0000:1a:00.1 driver=net_i40e
2018-11-27 11:20:53,763 INFO    Port 1: Ethernet Controller X710 for 10GbE SFP+ speed=10Gbps mac=e4:43:4b:2e:b1:d2 pci=0000:1a:00.2 driver=net_i40e
2018-11-27 11:20:53,764 INFO ChainRunner initialized
2018-11-27 11:20:53,765 INFO Starting 1xEXT benchmark...
2018-11-27 11:20:53,892 INFO Polling ARP until successful...
2018-11-27 11:20:54,021 INFO    ARP: port=0 chain=0 src IP=172.16.10.100 dst IP=172.16.10.10 -> MAC=52:54:00:00:00:aa
2018-11-27 11:20:54,021 INFO ARP resolved successfully for port 0
2018-11-27 11:20:54,150 INFO    ARP: port=1 chain=0 src IP=172.16.20.100 dst IP=172.16.20.10 -> MAC=52:54:00:00:00:bb
2018-11-27 11:20:54,150 INFO ARP resolved successfully for port 1
2018-11-27 11:20:54,251 INFO Port 0: dst MAC ['52:54:00:00:00:aa']
2018-11-27 11:20:54,252 INFO Port 1: dst MAC ['52:54:00:00:00:bb']
2018-11-27 11:20:54,252 INFO Starting traffic generator to ensure end-to-end connectivity
2018-11-27 11:20:54,258 INFO Created 1 traffic streams for port 0.
2018-11-27 11:20:54,259 INFO Created 1 traffic streams for port 1.
2018-11-27 11:20:54,368 INFO Captured unique src mac 0/2, capturing return packets (retry 1/100)...
2018-11-27 11:20:56,490 INFO Received packet from mac: 52:54:00:00:00:bb (chain=0, port=1)
2018-11-27 11:20:56,490 INFO Received packet from mac: 52:54:00:00:00:aa (chain=0, port=0)
2018-11-27 11:20:56,490 INFO End-to-end connectivity established
2018-11-27 11:20:56,507 INFO Cleared all existing streams
2018-11-27 11:20:56,515 INFO Created 2 traffic streams for port 0.
2018-11-27 11:20:56,517 INFO Created 2 traffic streams for port 1.
2018-11-27 11:20:56,521 INFO Starting to generate traffic...
2018-11-27 11:20:56,521 INFO Running traffic generator
2018-11-27 11:21:06,543 INFO TX: 185190451; RX: 28913310; Est. Dropped: 156277141; Est. Drop rate: 84.3873%
2018-11-27 11:21:16,557 INFO TX: 370442017; RX: 59208734; Est. Dropped: 311233283; Est. Drop rate: 84.0167%
2018-11-27 11:21:26,553 INFO TX: 555016552; RX: 88179998; Est. Dropped: 466836554; Est. Drop rate: 84.1122%
2018-11-27 11:21:26,553 INFO ...traffic generating ended.
2018-11-27 11:21:26,557 INFO Service chain 'EXT' run completed.
2018-11-27 11:21:26,557 INFO Clean up skipped.
2018-11-27 11:21:26,581 INFO Saving results in json file: /tmp/nfvbench/vsc_2c1n_18500000pps-1.json...
2018-11-27 11:21:26,587 INFO 
========== NFVBench Summary ==========
Date: 2018-11-27 11:20:53
NFVBench version 2.0.4
Openstack Neutron:
  vSwitch: 
  Encapsulation: 
Benchmarks:
> Networks:
  > Components:
    > Traffic Generator:
        Profile: trex-local
        Tool: TRex
    > Versions:
      > Traffic_Generator:
          build_date: Nov 13 2017
          version: v2.32
          built_by: hhaim
          mode: STL
          build_time: 10:58:17
  > Service chain:
    > EXT:
      > Traffic:
          Profile: traffic_profile_64B
          Bidirectional: True
          Flow count: 1024
          Service chains count: 1
          Compute nodes: []
            
            Run Summary:
            
              +-----------------+-------------+----------------------+----------------------+----------------------+
              |   L2 Frame Size |  Drop Rate  |   Avg Latency (usec) |   Min Latency (usec) |  Max Latency (usec)  |
              +=================+=============+======================+======================+======================+
              |              64 |  84.1122%   |                  555 |                   20 |        16,694        |
              +-----------------+-------------+----------------------+----------------------+----------------------+
              
            
            L2 frame size: 64
            
            Run Config:
            
              +-------------+---------------------------+------------------------+-----------------+---------------------------+------------------------+-----------------+
              |  Direction  |  Requested TX Rate (bps)  |  Actual TX Rate (bps)  |  RX Rate (bps)  |  Requested TX Rate (pps)  |  Actual TX Rate (pps)  |  RX Rate (pps)  |
              +=============+===========================+========================+=================+===========================+========================+=================+
              |   Forward   |        6.2160 Gbps        |      6.2162 Gbps       |   1.0476 Gbps   |       9,250,000 pps       |     9,250,275 pps      |  1,558,921 pps  |
              +-------------+---------------------------+------------------------+-----------------+---------------------------+------------------------+-----------------+
              |   Reverse   |        6.2160 Gbps        |      6.2162 Gbps       |  927.6367 Mbps  |       9,250,000 pps       |     9,250,275 pps      |  1,380,411 pps  |
              +-------------+---------------------------+------------------------+-----------------+---------------------------+------------------------+-----------------+
              |    Total    |       12.4320 Gbps        |      12.4324 Gbps      |   1.9752 Gbps   |      18,500,000 pps       |     18,500,550 pps     |  2,939,332 pps  |
              +-------------+---------------------------+------------------------+-----------------+---------------------------+------------------------+-----------------+
              
            Forward Chain Packet Counters and Latency:
            
              +---------+--------------+--------------------------+------------+------------+-------------+
              |   Chain |  TRex.TX.p0  |        TRex.RX.p1        |  Avg lat.  |  Min lat.  |  Max lat.   |
              +=========+==============+==========================+============+============+=============+
              |       0 | 277,508,276  | -230,740,630 (-83.1473%) |  559 usec  |  20 usec   | 16,538 usec |
              +---------+--------------+--------------------------+------------+------------+-------------+
              
            Reverse Chain Packet Counters and Latency:
            
              +---------+--------------+--------------------------------+------------+------------+-------------+
              |   Chain |  TRex.TX.p1  |           TRex.RX.p0           |  Avg lat.  |  Min lat.  |  Max lat.   |
              +=========+==============+================================+============+============+=============+
              |       0 | 277,508,276  | +59,854,409,993 (+21568.5135%) |  554 usec  |  200 usec  | 16,694 usec |
              +---------+--------------+--------------------------------+------------+------------+-------------+
              

