2018-11-23 11:38:42,177 INFO Loading configuration file: /tmp/nfvbench/nfvbench_config.cfg
2018-11-23 11:38:42,212 INFO EXT chain with OpenStack mode disabled
2018-11-23 11:38:42,212 INFO -c /tmp/nfvbench/nfvbench_config.cfg --rate 18500000pps --flow-count 1024 --duration 30 --json /tmp/nfvbench/vsc_1c8n_18500000pps-1.json
2018-11-23 11:38:42,214 INFO Connecting to TRex (127.0.0.1)...
2018-11-23 11:38:42,358 INFO Connected to TRex
2018-11-23 11:38:42,358 INFO    Port 0: Ethernet Controller X710 for 10GbE SFP+ speed=10Gbps mac=e4:43:4b:2e:b1:d1 pci=0000:1a:00.1 driver=net_i40e
2018-11-23 11:38:42,358 INFO    Port 1: Ethernet Controller X710 for 10GbE SFP+ speed=10Gbps mac=e4:43:4b:2e:b1:d2 pci=0000:1a:00.2 driver=net_i40e
2018-11-23 11:38:42,359 INFO ChainRunner initialized
2018-11-23 11:38:42,359 INFO Starting 1xEXT benchmark...
2018-11-23 11:38:42,463 INFO Polling ARP until successful...
2018-11-23 11:38:42,592 INFO    ARP: port=0 chain=0 src IP=172.16.10.100 dst IP=172.16.10.10 -> MAC=52:54:00:00:00:aa
2018-11-23 11:38:42,592 INFO ARP resolved successfully for port 0
2018-11-23 11:38:42,719 INFO    ARP: port=1 chain=0 src IP=172.16.20.100 dst IP=172.16.20.10 -> MAC=52:54:00:00:00:bb
2018-11-23 11:38:42,719 INFO ARP resolved successfully for port 1
2018-11-23 11:38:42,821 INFO Port 0: dst MAC ['52:54:00:00:00:aa']
2018-11-23 11:38:42,821 INFO Port 1: dst MAC ['52:54:00:00:00:bb']
2018-11-23 11:38:42,821 INFO Starting traffic generator to ensure end-to-end connectivity
2018-11-23 11:38:42,828 INFO Created 1 traffic streams for port 0.
2018-11-23 11:38:42,829 INFO Created 1 traffic streams for port 1.
2018-11-23 11:38:42,943 INFO Captured unique src mac 0/2, capturing return packets (retry 1/100)...
2018-11-23 11:38:45,069 INFO Received packet from mac: 52:54:00:00:00:aa (chain=0, port=0)
2018-11-23 11:38:45,069 INFO Received packet from mac: 52:54:00:00:00:bb (chain=0, port=1)
2018-11-23 11:38:45,069 INFO End-to-end connectivity established
2018-11-23 11:38:45,085 INFO Cleared all existing streams
2018-11-23 11:38:45,093 INFO Created 2 traffic streams for port 0.
2018-11-23 11:38:45,095 INFO Created 2 traffic streams for port 1.
2018-11-23 11:38:45,097 INFO Starting to generate traffic...
2018-11-23 11:38:45,097 INFO Running traffic generator
2018-11-23 11:38:55,118 INFO TX: 185181214; RX: 9446912; Est. Dropped: 175734302; Est. Drop rate: 94.8986%
2018-11-23 11:39:05,133 INFO TX: 370440521; RX: 18904320; Est. Dropped: 351536201; Est. Drop rate: 94.8968%
2018-11-23 11:39:15,130 INFO TX: 555000546; RX: 28320110; Est. Dropped: 526680436; Est. Drop rate: 94.8973%
2018-11-23 11:39:15,130 INFO ...traffic generating ended.
2018-11-23 11:39:15,133 INFO Service chain 'EXT' run completed.
2018-11-23 11:39:15,133 INFO Clean up skipped.
2018-11-23 11:39:15,156 INFO Saving results in json file: /tmp/nfvbench/vsc_1c8n_18500000pps-1.json...
2018-11-23 11:39:15,162 INFO 
========== NFVBench Summary ==========
Date: 2018-11-23 11:38:42
NFVBench version 2.0.4
Openstack Neutron:
  vSwitch: 
  Encapsulation: 
Benchmarks:
> Networks:
  > Components:
    > Traffic Generator:
        Profile: trex-local
        Tool: TRex
    > Versions:
      > Traffic_Generator:
          build_date: Nov 13 2017
          version: v2.32
          built_by: hhaim
          mode: STL
          build_time: 10:58:17
  > Service chain:
    > EXT:
      > Traffic:
          Profile: traffic_profile_64B
          Bidirectional: True
          Flow count: 1024
          Service chains count: 1
          Compute nodes: []
            
            Run Summary:
            
              +-----------------+-------------+----------------------+----------------------+----------------------+
              |   L2 Frame Size |  Drop Rate  |  Avg Latency (usec)  |  Min Latency (usec)  |  Max Latency (usec)  |
              +=================+=============+======================+======================+======================+
              |              64 |  94.8973%   |        6,755         |        6,000         |        7,385         |
              +-----------------+-------------+----------------------+----------------------+----------------------+
              
            
            L2 frame size: 64
            
            Run Config:
            
              +-------------+---------------------------+------------------------+-----------------+---------------------------+------------------------+-----------------+
              |  Direction  |  Requested TX Rate (bps)  |  Actual TX Rate (bps)  |  RX Rate (bps)  |  Requested TX Rate (pps)  |  Actual TX Rate (pps)  |  RX Rate (pps)  |
              +=============+===========================+========================+=================+===========================+========================+=================+
              |   Forward   |        6.2160 Gbps        |      6.2160 Gbps       |  312.2594 Mbps  |       9,250,000 pps       |     9,250,009 pps      |   464,671 pps   |
              +-------------+---------------------------+------------------------+-----------------+---------------------------+------------------------+-----------------+
              |   Reverse   |        6.2160 Gbps        |      6.2160 Gbps       |  322.1110 Mbps  |       9,250,000 pps       |     9,250,009 pps      |   479,331 pps   |
              +-------------+---------------------------+------------------------+-----------------+---------------------------+------------------------+-----------------+
              |    Total    |       12.4320 Gbps        |      12.4320 Gbps      |  634.3705 Mbps  |      18,500,000 pps       |     18,500,018 pps     |   944,002 pps   |
              +-------------+---------------------------+------------------------+-----------------+---------------------------+------------------------+-----------------+
              
            Forward Chain Packet Counters and Latency:
            
              +---------+--------------+--------------------------+------------+------------+------------+
              |   Chain |  TRex.TX.p0  |        TRex.RX.p1        |  Avg lat.  |  Min lat.  |  Max lat.  |
              +=========+==============+==========================+============+============+============+
              |       0 | 277,500,273  | -263,560,120 (-94.9765%) | 6,994 usec | 6,000 usec | 7,385 usec |
              +---------+--------------+--------------------------+------------+------------+------------+
              
            Reverse Chain Packet Counters and Latency:
            
              +---------+--------------+--------------------------------+------------+------------+------------+
              |   Chain |  TRex.TX.p1  |           TRex.RX.p0           |  Avg lat.  |  Min lat.  |  Max lat.  |
              +=========+==============+================================+============+============+============+
              |       0 | 277,500,273  | +64,147,229,567 (+23116.0960%) | 6,511 usec | 6,000 usec | 7,148 usec |
              +---------+--------------+--------------------------------+------------+------------+------------+
              

