2018-11-05 11:03:20,457 INFO Loading configuration file: /tmp/nfvbench/nfvbench_config.cfg
2018-11-05 11:03:20,488 INFO EXT chain with OpenStack mode disabled
2018-11-05 11:03:20,488 INFO -c /tmp/nfvbench/nfvbench_config.cfg --rate 20Gbps --flow-count 1000 --duration 30
2018-11-05 11:03:20,490 INFO Connecting to TRex (127.0.0.1)...
2018-11-05 11:03:20,624 INFO Connected to TRex
2018-11-05 11:03:20,624 INFO    Port 0: Device 158b speed=25Gbps mac=3c:fd:fe:bd:f8:60 pci=0000:3b:00.0 driver=net_i40e
2018-11-05 11:03:20,624 INFO    Port 1: Device 158b speed=25Gbps mac=3c:fd:fe:bd:f8:61 pci=0000:3b:00.1 driver=net_i40e
2018-11-05 11:03:20,625 INFO Port 0: VLANs [1070]
2018-11-05 11:03:20,625 INFO Port 1: VLANs [1064]
2018-11-05 11:03:20,625 INFO Port 0: dst MAC ['52:54:00:00:00:aa']
2018-11-05 11:03:20,625 INFO Port 1: dst MAC ['52:54:00:00:00:bb']
2018-11-05 11:03:20,625 INFO ChainRunner initialized
2018-11-05 11:03:20,626 INFO Adjusting frame size 64 Bytes to minimum size 68 Bytes due to traffic generator restriction
2018-11-05 11:03:20,626 INFO Starting 1xEXT benchmark...
2018-11-05 11:03:20,630 INFO Starting traffic generator to ensure end-to-end connectivity
2018-11-05 11:03:20,637 INFO Created 1 traffic streams for port 0.
2018-11-05 11:03:20,638 INFO Created 1 traffic streams for port 1.
2018-11-05 11:03:20,748 INFO Captured unique src mac 0/2, capturing return packets (retry 1/100)...
2018-11-05 11:03:22,869 INFO Received packet from mac: 52:54:00:00:00:bb (chain=0, port=1)
2018-11-05 11:03:22,869 INFO Received packet from mac: 52:54:00:00:00:aa (chain=0, port=0)
2018-11-05 11:03:22,869 INFO End-to-end connectivity established
2018-11-05 11:03:22,886 INFO Cleared all existing streams
2018-11-05 11:03:22,894 INFO Created 2 traffic streams for port 0.
2018-11-05 11:03:22,896 INFO Created 2 traffic streams for port 1.
2018-11-05 11:03:22,900 INFO Starting to generate traffic...
2018-11-05 11:03:22,900 INFO Running traffic generator
2018-11-05 11:03:32,920 INFO TX: 284384088; RX: 10622430; Est. Dropped: 273761658; Est. Drop rate: 96.2648%
2018-11-05 11:03:42,934 INFO TX: 568857668; RX: 21290930; Est. Dropped: 547566738; Est. Drop rate: 96.2572%
2018-11-05 11:03:52,931 INFO TX: 852256184; RX: 31877405; Est. Dropped: 820378779; Est. Drop rate: 96.2596%
2018-11-05 11:03:52,931 INFO ...traffic generating ended.
2018-11-05 11:03:52,934 INFO Service chain 'EXT' run completed.
2018-11-05 11:03:52,935 INFO Clean up skipped.
2018-11-05 11:03:52,962 INFO 
========== NFVBench Summary ==========
Date: 2018-11-05 11:03:20
NFVBench version 2.0.2
Openstack Neutron:
  vSwitch: 
  Encapsulation: 
Benchmarks:
> Networks:
  > Components:
    > Traffic Generator:
        Profile: trex-local
        Tool: TRex
    > Versions:
      > Traffic_Generator:
          build_date: Nov 13 2017
          version: v2.32
          built_by: hhaim
          mode: STL
          build_time: 10:58:17
  > Service chain:
    > EXT:
      > Traffic:
          Profile: traffic_profile_64B
          Bidirectional: True
          Flow count: 1000
          Service chains count: 1
          Compute nodes: []
            
            Run Summary:
            
              +-----------------+-------------+----------------------+----------------------+----------------------+
              |   L2 Frame Size |  Drop Rate  |  Avg Latency (usec)  |   Min Latency (usec) |  Max Latency (usec)  |
              +=================+=============+======================+======================+======================+
              |              64 |  96.2596%   |        1,242         |                  500 |        1,476         |
              +-----------------+-------------+----------------------+----------------------+----------------------+
              
            
            L2 frame size: 64
            Actual l2 frame size: 68
            
            Run Config:
            
              +-------------+---------------------------+------------------------+-----------------+---------------------------+------------------------+-----------------+
              |  Direction  |  Requested TX Rate (bps)  |  Actual TX Rate (bps)  |  RX Rate (bps)  |  Requested TX Rate (pps)  |  Actual TX Rate (pps)  |  RX Rate (pps)  |
              +=============+===========================+========================+=================+===========================+========================+=================+
              |   Forward   |       10.0000 Gbps        |      9.9998 Gbps       |  374.4456 Mbps  |      14,204,545 pps       |     14,204,269 pps     |   531,882 pps   |
              +-------------+---------------------------+------------------------+-----------------+---------------------------+------------------------+-----------------+
              |   Reverse   |       10.0000 Gbps        |      9.9998 Gbps       |  373.6109 Mbps  |      14,204,545 pps       |     14,204,269 pps     |   530,697 pps   |
              +-------------+---------------------------+------------------------+-----------------+---------------------------+------------------------+-----------------+
              |    Total    |       20.0000 Gbps        |      19.9996 Gbps      |  748.0564 Mbps  |      28,409,090 pps       |     28,408,538 pps     |  1,062,579 pps  |
              +-------------+---------------------------+------------------------+-----------------+---------------------------+------------------------+-----------------+
              
            Forward Chain Packet Counters and Latency:
            
              +---------+--------------+--------------------------+------------+------------+------------+
              |   Chain |  TRex.TX.p0  |        TRex.RX.p1        |  Avg lat.  |  Min lat.  |  Max lat.  |
              +=========+==============+==========================+============+============+============+
              |       0 | 426,128,092  | -410,171,605 (-96.2555%) | 1,307 usec |  500 usec  | 1,476 usec |
              +---------+--------------+--------------------------+------------+------------+------------+
              
            Reverse Chain Packet Counters and Latency:
            
              +---------+--------------+--------------------------+------------+------------+------------+
              |   Chain |  TRex.TX.p1  |        TRex.RX.p0        |  Avg lat.  |  Min lat.  |  Max lat.  |
              +=========+==============+==========================+============+============+============+
              |       0 | 426,128,092  | -410,207,174 (-96.2638%) | 1,178 usec |  600 usec  | 1,367 usec |
              +---------+--------------+--------------------------+------------+------------+------------+
              

