2019-05-23 06:03:06,387 INFO Loading configuration file: /tmp/nfvbench/nfvbench_config.cfg
2019-05-23 06:03:06,423 INFO EXT chain with OpenStack mode disabled
2019-05-23 06:03:06,424 INFO -c /tmp/nfvbench/nfvbench_config.cfg --rate ndr_pdr --flow-count 1024 --duration 30 --json /tmp/nfvbench/priv_csc_3c2n_ndr_pdr-2.json
2019-05-23 06:03:06,426 INFO Connecting to TRex (127.0.0.1)...
2019-05-23 06:03:06,457 INFO Connected to TRex
2019-05-23 06:03:06,457 INFO    Port 0: Ethernet Controller X710 for 10GbE SFP+ speed=10Gbps mac=e4:43:4b:2e:9f:e2 pci=0000:1a:00.2 driver=net_i40e
2019-05-23 06:03:06,457 INFO    Port 1: Ethernet Controller X710 for 10GbE SFP+ speed=10Gbps mac=e4:43:4b:2e:9f:e3 pci=0000:1a:00.3 driver=net_i40e
2019-05-23 06:03:06,458 INFO Port 0: dst MAC ['52:54:00:00:00:aa', '52:54:01:00:00:aa', '52:54:02:00:00:aa']
2019-05-23 06:03:06,458 INFO Port 1: dst MAC ['52:54:00:00:00:bb', '52:54:01:00:00:bb', '52:54:02:00:00:bb']
2019-05-23 06:03:06,458 INFO ChainRunner initialized
2019-05-23 06:03:06,459 INFO Starting 3xEXT benchmark...
2019-05-23 06:03:06,464 INFO Starting traffic generator to ensure end-to-end connectivity
2019-05-23 06:03:06,486 INFO Created 3 traffic streams for port 0.
2019-05-23 06:03:06,488 INFO Created 3 traffic streams for port 1.
2019-05-23 06:03:06,600 INFO Captured unique src mac 0/6, capturing return packets (retry 1/100)...
2019-05-23 06:03:08,723 INFO Received packet from mac: 52:54:01:00:00:bb (chain=1, port=1)
2019-05-23 06:03:08,723 INFO Received packet from mac: 52:54:00:00:00:bb (chain=0, port=1)
2019-05-23 06:03:08,723 INFO Received packet from mac: 52:54:02:00:00:bb (chain=2, port=1)
2019-05-23 06:03:08,723 INFO Received packet from mac: 52:54:00:00:00:aa (chain=0, port=0)
2019-05-23 06:03:08,723 INFO Received packet from mac: 52:54:02:00:00:aa (chain=2, port=0)
2019-05-23 06:03:08,723 INFO Received packet from mac: 52:54:01:00:00:aa (chain=1, port=0)
2019-05-23 06:03:08,723 INFO End-to-end connectivity established
2019-05-23 06:03:08,742 INFO Cleared all existing streams
2019-05-23 06:03:08,777 INFO Created 6 traffic streams for port 0.
2019-05-23 06:03:08,782 INFO Created 6 traffic streams for port 1.
2019-05-23 06:03:08,782 INFO *** Searching NDR for 64 (Bidirectional)...
2019-05-23 06:03:08,782 INFO *** Searching PDR for 64 (Bidirectional)...
2019-05-23 06:03:08,783 INFO Range search [0.0 .. 200.0] targets: {'ndr': 0.001, 'pdr': 0.1}
2019-05-23 06:03:08,783 INFO Modified traffic stream for port 0, new rate=100.0%.
2019-05-23 06:03:08,783 INFO Modified traffic stream for port 1, new rate=100.0%.
2019-05-23 06:03:08,783 INFO Running traffic generator


2019-05-23 06:03:16 - [local][warning]   - [1mCPU util. is high: 87.9%[22m
2019-05-23 06:03:18,812 INFO TX: 252046540; RX: 66729861; Est. Dropped: 185316679; Est. Drop rate: 73.5248%
2019-05-23 06:03:28,830 INFO TX: 505167294; RX: 133518075; Est. Dropped: 371649219; Est. Drop rate: 73.5695%
2019-05-23 06:03:38,823 INFO TX: 757481508; RX: 200073412; Est. Dropped: 557408096; Est. Drop rate: 73.5870%
2019-05-23 06:03:40,831 INFO WARNING: There is a significant difference between requested TX rate (29761904) and actual TX rate (25249383). The traffic generator may not have sufficient CPU to achieve the requested TX rate.
2019-05-23 06:03:40,831 INFO Average drop rate: 73.587024
2019-05-23 06:03:40,831 INFO Range search [0.0 .. 100.0] targets: {'ndr': 0.001, 'pdr': 0.1}
2019-05-23 06:03:40,831 INFO Modified traffic stream for port 0, new rate=50.0%.
2019-05-23 06:03:40,831 INFO Modified traffic stream for port 1, new rate=50.0%.
2019-05-23 06:03:40,831 INFO Running traffic generator
2019-05-23 06:03:50,870 INFO TX: 148959676; RX: 66754840; Est. Dropped: 82204836; Est. Drop rate: 55.1860%
2019-05-23 06:04:00,888 INFO TX: 298042311; RX: 133561461; Est. Dropped: 164480850; Est. Drop rate: 55.1871%
2019-05-23 06:04:10,878 INFO TX: 446428776; RX: 200065526; Est. Dropped: 246363250; Est. Drop rate: 55.1853%
2019-05-23 06:04:12,886 INFO Average drop rate: 55.185343
2019-05-23 06:04:12,886 INFO Range search [0.0 .. 50.0] targets: {'ndr': 0.001, 'pdr': 0.1}
2019-05-23 06:04:12,886 INFO Modified traffic stream for port 0, new rate=25.0%.
2019-05-23 06:04:12,887 INFO Modified traffic stream for port 1, new rate=25.0%.
2019-05-23 06:04:12,887 INFO Running traffic generator
2019-05-23 06:04:22,913 INFO TX: 74451099; RX: 65319461; Est. Dropped: 9131638; Est. Drop rate: 12.2653%
2019-05-23 06:04:32,931 INFO TX: 148986498; RX: 130726467; Est. Dropped: 18260031; Est. Drop rate: 12.2562%
2019-05-23 06:04:42,926 INFO TX: 223214160; RX: 195858070; Est. Dropped: 27356090; Est. Drop rate: 12.2555%
2019-05-23 06:04:44,934 INFO Average drop rate: 12.255535
2019-05-23 06:04:44,934 INFO Range search [0.0 .. 25.0] targets: {'ndr': 0.001, 'pdr': 0.1}
2019-05-23 06:04:44,934 INFO Modified traffic stream for port 0, new rate=12.5%.
2019-05-23 06:04:44,934 INFO Modified traffic stream for port 1, new rate=12.5%.
2019-05-23 06:04:44,934 INFO Running traffic generator
2019-05-23 06:04:54,963 INFO TX: 37238512; RX: 37238368; Est. Dropped: 144; Est. Drop rate: 0.0004%
2019-05-23 06:05:04,981 INFO TX: 74507243; RX: 74507117; Est. Dropped: 126; Est. Drop rate: 0.0002%
2019-05-23 06:05:14,972 INFO TX: 111607176; RX: 111607176; Est. Dropped: 0; Est. Drop rate: 0.0000%
2019-05-23 06:05:16,980 INFO Average drop rate: 0.000000
2019-05-23 06:05:16,980 INFO Range search [12.5 .. 25.0] targets: {'ndr': 0.001, 'pdr': 0.1}
2019-05-23 06:05:16,980 INFO Modified traffic stream for port 0, new rate=18.75%.
2019-05-23 06:05:16,980 INFO Modified traffic stream for port 1, new rate=18.75%.
2019-05-23 06:05:16,980 INFO Running traffic generator
2019-05-23 06:05:27,008 INFO TX: 55857862; RX: 55856860; Est. Dropped: 1002; Est. Drop rate: 0.0018%
2019-05-23 06:05:37,022 INFO TX: 111736316; RX: 111735303; Est. Dropped: 1013; Est. Drop rate: 0.0009%
2019-05-23 06:05:47,015 INFO TX: 167410716; RX: 167410716; Est. Dropped: 0; Est. Drop rate: 0.0000%
2019-05-23 06:05:49,023 INFO Average drop rate: 0.000000
2019-05-23 06:05:49,023 INFO Range search [18.75 .. 25.0] targets: {'ndr': 0.001, 'pdr': 0.1}
2019-05-23 06:05:49,024 INFO Modified traffic stream for port 0, new rate=21.875%.
2019-05-23 06:05:49,024 INFO Modified traffic stream for port 1, new rate=21.875%.
2019-05-23 06:05:49,024 INFO Running traffic generator
2019-05-23 06:05:59,051 INFO TX: 65166672; RX: 62937650; Est. Dropped: 2229022; Est. Drop rate: 3.4205%
2019-05-23 06:06:09,066 INFO TX: 130366917; RX: 125911097; Est. Dropped: 4455820; Est. Drop rate: 3.4179%
2019-05-23 06:06:19,061 INFO TX: 195312522; RX: 188647314; Est. Dropped: 6665208; Est. Drop rate: 3.4126%
2019-05-23 06:06:21,069 INFO Average drop rate: 3.412586
2019-05-23 06:06:21,070 INFO Range search [18.75 .. 21.875] targets: {'ndr': 0.001, 'pdr': 0.1}
2019-05-23 06:06:21,070 INFO Modified traffic stream for port 0, new rate=20.3125%.
2019-05-23 06:06:21,070 INFO Modified traffic stream for port 1, new rate=20.3125%.
2019-05-23 06:06:21,070 INFO Running traffic generator
2019-05-23 06:06:31,098 INFO TX: 60505135; RX: 60503269; Est. Dropped: 1866; Est. Drop rate: 0.0031%
2019-05-23 06:06:41,116 INFO TX: 121067410; RX: 121065414; Est. Dropped: 1996; Est. Drop rate: 0.0016%
2019-05-23 06:06:51,111 INFO TX: 181361682; RX: 181361682; Est. Dropped: 0; Est. Drop rate: 0.0000%
2019-05-23 06:06:53,120 INFO Average drop rate: 0.000000
2019-05-23 06:06:53,120 INFO Range search [20.3125 .. 21.875] targets: {'ndr': 0.001, 'pdr': 0.1}
2019-05-23 06:06:53,120 INFO Modified traffic stream for port 0, new rate=21.09375%.
2019-05-23 06:06:53,120 INFO Modified traffic stream for port 1, new rate=21.09375%.
2019-05-23 06:06:53,120 INFO Running traffic generator
2019-05-23 06:07:03,150 INFO TX: 62841118; RX: 62323167; Est. Dropped: 517951; Est. Drop rate: 0.8242%
2019-05-23 06:07:13,165 INFO TX: 125714281; RX: 124705968; Est. Dropped: 1008313; Est. Drop rate: 0.8021%
2019-05-23 06:07:23,160 INFO TX: 188336970; RX: 186830788; Est. Dropped: 1506182; Est. Drop rate: 0.7997%
2019-05-23 06:07:25,169 INFO Average drop rate: 0.799727
2019-05-23 06:07:25,169 INFO Range search [20.3125 .. 21.09375] targets: {'ndr': 0.001, 'pdr': 0.1}
2019-05-23 06:07:25,169 INFO Modified traffic stream for port 0, new rate=20.703125%.
2019-05-23 06:07:25,169 INFO Modified traffic stream for port 1, new rate=20.703125%.
2019-05-23 06:07:25,169 INFO Running traffic generator
2019-05-23 06:07:35,201 INFO TX: 61665993; RX: 61663797; Est. Dropped: 2196; Est. Drop rate: 0.0036%
2019-05-23 06:07:45,215 INFO TX: 123367467; RX: 123364652; Est. Dropped: 2815; Est. Drop rate: 0.0023%
2019-05-23 06:07:55,212 INFO TX: 184848885; RX: 184848885; Est. Dropped: 0; Est. Drop rate: 0.0000%
2019-05-23 06:07:57,219 INFO Average drop rate: 0.000000
2019-05-23 06:07:57,219 INFO Range search [20.703125 .. 21.09375] targets: {'ndr': 0.001, 'pdr': 0.1}
2019-05-23 06:07:57,220 INFO Modified traffic stream for port 0, new rate=20.8984375%.
2019-05-23 06:07:57,220 INFO Modified traffic stream for port 1, new rate=20.8984375%.
2019-05-23 06:07:57,220 INFO Running traffic generator
2019-05-23 06:08:07,254 INFO TX: 62259477; RX: 62194368; Est. Dropped: 65109; Est. Drop rate: 0.1046%
2019-05-23 06:08:17,269 INFO TX: 124556399; RX: 124451020; Est. Dropped: 105379; Est. Drop rate: 0.0846%
2019-05-23 06:08:27,256 INFO TX: 186593280; RX: 186457887; Est. Dropped: 135393; Est. Drop rate: 0.0726%
2019-05-23 06:08:29,264 INFO Average drop rate: 0.072560
2019-05-23 06:08:29,264 INFO Range search [20.703125 .. 20.8984375] targets: {'ndr': 0.001}
2019-05-23 06:08:29,264 INFO Modified traffic stream for port 0, new rate=20.80078125%.
2019-05-23 06:08:29,264 INFO Modified traffic stream for port 1, new rate=20.80078125%.
2019-05-23 06:08:29,265 INFO Running traffic generator
2019-05-23 06:08:39,303 INFO TX: 61970180; RX: 61967491; Est. Dropped: 2689; Est. Drop rate: 0.0043%
2019-05-23 06:08:49,321 INFO TX: 123989163; RX: 123986292; Est. Dropped: 2871; Est. Drop rate: 0.0023%
2019-05-23 06:08:59,312 INFO TX: 185721270; RX: 185721270; Est. Dropped: 0; Est. Drop rate: 0.0000%
2019-05-23 06:09:01,320 INFO Average drop rate: 0.000000
2019-05-23 06:09:01,320 INFO Range search [20.80078125 .. 20.8984375] targets: {'ndr': 0.001}
2019-05-23 06:09:01,321 INFO Found ndr (0.001) load: 20.80078125
2019-05-23 06:09:01,321 INFO Range search [20.8984375 .. 21.09375] targets: {'pdr': 0.1}
2019-05-23 06:09:01,321 INFO Modified traffic stream for port 0, new rate=20.99609375%.
2019-05-23 06:09:01,321 INFO Modified traffic stream for port 1, new rate=20.99609375%.
2019-05-23 06:09:01,321 INFO Running traffic generator
2019-05-23 06:09:11,358 INFO TX: 62585013; RX: 62282141; Est. Dropped: 302872; Est. Drop rate: 0.4839%
2019-05-23 06:09:21,376 INFO TX: 125180407; RX: 124582741; Est. Dropped: 597666; Est. Drop rate: 0.4774%
2019-05-23 06:09:31,363 INFO TX: 187465218; RX: 186571354; Est. Dropped: 893864; Est. Drop rate: 0.4768%
2019-05-23 06:09:33,371 INFO Average drop rate: 0.476816
2019-05-23 06:09:33,371 INFO Range search [20.8984375 .. 20.99609375] targets: {'pdr': 0.1}
2019-05-23 06:09:33,371 INFO Found pdr (0.1) load: 20.8984375
2019-05-23 06:09:33,372 INFO NDR load: 41.6015625
2019-05-23 06:09:33,372 INFO PDR load: 41.796875
2019-05-23 06:09:33,372 INFO Service chain 'EXT' run completed.
2019-05-23 06:09:33,372 INFO Clean up skipped.
2019-05-23 06:09:33,408 INFO Saving results in json file: /tmp/nfvbench/priv_csc_3c2n_ndr_pdr-2.json...
2019-05-23 06:09:33,412 INFO 
========== NFVBench Summary ==========
Date: 2019-05-23 06:03:06
NFVBench version 2.0.5
Openstack Neutron:
  vSwitch: 
  Encapsulation: 
Benchmarks:
> Networks:
  > Components:
    > Traffic Generator:
        Profile: trex-local
        Tool: TRex
    > Versions:
      > Traffic_Generator:
          build_date: Nov 13 2017
          version: v2.32
          built_by: hhaim
          mode: STL
          build_time: 10:58:17
  > Measurement Parameters:
      NDR: 0.001
      PDR: 0.1
  > Service chain:
    > EXT:
      > Traffic:
          Profile: traffic_profile_64B
          Bidirectional: True
          Flow count: 1024
          Service chains count: 3
          Compute nodes: []
            
            Run Summary:
            
              +-----+-----------------+------------------+------------------+-----------------+----------------------+----------------------+----------------------+
              |  -  |   L2 Frame Size |  Rate (fwd+rev)  |  Rate (fwd+rev)  |  Avg Drop Rate  |   Avg Latency (usec) |   Min Latency (usec) |  Max Latency (usec)  |
              +=====+=================+==================+==================+=================+======================+======================+======================+
              | NDR |              64 |   4.1602 Gbps    |  6,190,708 pps   |     0.0000%     |                  465 |                   20 |         792          |
              +-----+-----------------+------------------+------------------+-----------------+----------------------+----------------------+----------------------+
              | PDR |              64 |   4.1797 Gbps    |  6,219,772 pps   |     0.0726%     |                  680 |                   20 |        1,211         |
              +-----+-----------------+------------------+------------------+-----------------+----------------------+----------------------+----------------------+
              
            
            L2 frame size: 64
            NDR search duration: 353 seconds
            PDR search duration: 32 seconds
            

