2019-05-23 06:17:08,715 INFO Loading configuration file: /tmp/nfvbench/nfvbench_config.cfg
2019-05-23 06:17:08,751 INFO EXT chain with OpenStack mode disabled
2019-05-23 06:17:08,751 INFO -c /tmp/nfvbench/nfvbench_config.cfg --rate 10Gbps --flow-count 1024 --duration 30 --json /tmp/nfvbench/priv_csc_3c2n_10Gbps-3.json
2019-05-23 06:17:08,752 INFO Connecting to TRex (127.0.0.1)...
2019-05-23 06:17:08,784 INFO Connected to TRex
2019-05-23 06:17:08,784 INFO    Port 0: Ethernet Controller X710 for 10GbE SFP+ speed=10Gbps mac=e4:43:4b:2e:9f:e2 pci=0000:1a:00.2 driver=net_i40e
2019-05-23 06:17:08,784 INFO    Port 1: Ethernet Controller X710 for 10GbE SFP+ speed=10Gbps mac=e4:43:4b:2e:9f:e3 pci=0000:1a:00.3 driver=net_i40e
2019-05-23 06:17:08,785 INFO Port 0: dst MAC ['52:54:00:00:00:aa', '52:54:01:00:00:aa', '52:54:02:00:00:aa']
2019-05-23 06:17:08,785 INFO Port 1: dst MAC ['52:54:00:00:00:bb', '52:54:01:00:00:bb', '52:54:02:00:00:bb']
2019-05-23 06:17:08,786 INFO ChainRunner initialized
2019-05-23 06:17:08,787 INFO Starting 3xEXT benchmark...
2019-05-23 06:17:08,791 INFO Starting traffic generator to ensure end-to-end connectivity
2019-05-23 06:17:08,814 INFO Created 3 traffic streams for port 0.
2019-05-23 06:17:08,816 INFO Created 3 traffic streams for port 1.
2019-05-23 06:17:08,928 INFO Captured unique src mac 0/6, capturing return packets (retry 1/100)...
2019-05-23 06:17:11,056 INFO Received packet from mac: 52:54:00:00:00:bb (chain=0, port=1)
2019-05-23 06:17:11,056 INFO Received packet from mac: 52:54:02:00:00:bb (chain=2, port=1)
2019-05-23 06:17:11,056 INFO Received packet from mac: 52:54:01:00:00:bb (chain=1, port=1)
2019-05-23 06:17:11,056 INFO Received packet from mac: 52:54:00:00:00:aa (chain=0, port=0)
2019-05-23 06:17:11,056 INFO Received packet from mac: 52:54:01:00:00:aa (chain=1, port=0)
2019-05-23 06:17:11,056 INFO Received packet from mac: 52:54:02:00:00:aa (chain=2, port=0)
2019-05-23 06:17:11,056 INFO End-to-end connectivity established
2019-05-23 06:17:11,075 INFO Cleared all existing streams
2019-05-23 06:17:11,109 INFO Created 6 traffic streams for port 0.
2019-05-23 06:17:11,114 INFO Created 6 traffic streams for port 1.
2019-05-23 06:17:11,114 INFO Starting to generate traffic...
2019-05-23 06:17:11,114 INFO Running traffic generator
2019-05-23 06:17:21,145 INFO TX: 148968006; RX: 66767126; Est. Dropped: 82200880; Est. Drop rate: 55.1802%
2019-05-23 06:17:31,162 INFO TX: 298054201; RX: 133592180; Est. Dropped: 164462021; Est. Drop rate: 55.1786%
2019-05-23 06:17:41,153 INFO TX: 446428776; RX: 200099572; Est. Dropped: 246329204; Est. Drop rate: 55.1777%
2019-05-23 06:17:41,153 INFO ...traffic generating ended.
2019-05-23 06:17:41,159 INFO Service chain 'EXT' run completed.
2019-05-23 06:17:41,159 INFO Clean up skipped.
2019-05-23 06:17:41,186 INFO Saving results in json file: /tmp/nfvbench/priv_csc_3c2n_10Gbps-3.json...
2019-05-23 06:17:41,194 INFO 
========== NFVBench Summary ==========
Date: 2019-05-23 06:17:08
NFVBench version 2.0.5
Openstack Neutron:
  vSwitch: 
  Encapsulation: 
Benchmarks:
> Networks:
  > Components:
    > Traffic Generator:
        Profile: trex-local
        Tool: TRex
    > Versions:
      > Traffic_Generator:
          build_date: Nov 13 2017
          version: v2.32
          built_by: hhaim
          mode: STL
          build_time: 10:58:17
  > Service chain:
    > EXT:
      > Traffic:
          Profile: traffic_profile_64B
          Bidirectional: True
          Flow count: 1024
          Service chains count: 3
          Compute nodes: []
            
            Run Summary:
            
              +-----------------+-------------+----------------------+----------------------+----------------------+
              |   L2 Frame Size |  Drop Rate  |  Avg Latency (usec)  |   Min Latency (usec) |  Max Latency (usec)  |
              +=================+=============+======================+======================+======================+
              |              64 |  55.1777%   |        1,125         |                  100 |        1,572         |
              +-----------------+-------------+----------------------+----------------------+----------------------+
              
            
            L2 frame size: 64
            
            Run Config:
            
              +-------------+---------------------------+------------------------+-----------------+---------------------------+------------------------+-----------------+
              |  Direction  |  Requested TX Rate (bps)  |  Actual TX Rate (bps)  |  RX Rate (bps)  |  Requested TX Rate (pps)  |  Actual TX Rate (pps)  |  RX Rate (pps)  |
              +=============+===========================+========================+=================+===========================+========================+=================+
              |   Forward   |        5.0000 Gbps        |      5.0000 Gbps       |   2.2305 Gbps   |       7,440,476 pps       |     7,440,479 pps      |  3,319,144 pps  |
              +-------------+---------------------------+------------------------+-----------------+---------------------------+------------------------+-----------------+
              |   Reverse   |        5.0000 Gbps        |      5.0000 Gbps       |   2.2518 Gbps   |       7,440,476 pps       |     7,440,479 pps      |  3,350,840 pps  |
              +-------------+---------------------------+------------------------+-----------------+---------------------------+------------------------+-----------------+
              |    Total    |       10.0000 Gbps        |      10.0000 Gbps      |   4.4822 Gbps   |      14,880,952 pps       |     14,880,958 pps     |  6,669,984 pps  |
              +-------------+---------------------------+------------------------+-----------------+---------------------------+------------------------+-----------------+
              
            Forward Chain Packet Counters and Latency:
            
              +---------+--------------+--------------------------+------------+------------+------------+
              |  Chain  |  TRex.TX.p0  |        TRex.RX.p1        |  Avg lat.  |  Min lat.  |  Max lat.  |
              +=========+==============+==========================+============+============+============+
              |    0    |  74,404,796  | -41,047,527 (-55.1679%)  | 1,149 usec |  400 usec  | 1,559 usec |
              +---------+--------------+--------------------------+------------+------------+------------+
              |    1    |  74,404,796  | -41,435,298 (-55.6890%)  | 1,111 usec |  200 usec  | 1,518 usec |
              +---------+--------------+--------------------------+------------+------------+------------+
              |    2    |  74,404,796  | -41,157,218 (-55.3153%)  | 1,101 usec |  100 usec  | 1,504 usec |
              +---------+--------------+--------------------------+------------+------------+------------+
              |  total  | 223,214,388  | -123,640,043 (-55.3907%) | 1,120 usec |  100 usec  | 1,559 usec |
              +---------+--------------+--------------------------+------------+------------+------------+
              
            Reverse Chain Packet Counters and Latency:
            
              +---------+--------------+---------------------------------+------------+------------+------------+
              |  Chain  |  TRex.TX.p1  |           TRex.RX.p0            |  Avg lat.  |  Min lat.  |  Max lat.  |
              +=========+==============+=================================+============+============+============+
              |    0    |  74,404,796  | +60,056,540,900 (+80715.9540%)  | 1,147 usec |  400 usec  | 1,565 usec |
              +---------+--------------+---------------------------------+------------+------------+------------+
              |    1    |  74,404,796  | +64,351,491,182 (+86488.3645%)  | 1,133 usec |  200 usec  | 1,572 usec |
              +---------+--------------+---------------------------------+------------+------------+------------+
              |    2    |  74,404,796  | +60,056,535,240 (+80715.9464%)  | 1,118 usec |  200 usec  | 1,512 usec |
              +---------+--------------+---------------------------------+------------+------------+------------+
              |  total  | 223,214,388  | +184,464,567,322 (+82640.0883%) | 1,133 usec |  200 usec  | 1,572 usec |
              +---------+--------------+---------------------------------+------------+------------+------------+
              

