2019-05-23 06:09:34,164 INFO Loading configuration file: /tmp/nfvbench/nfvbench_config.cfg
2019-05-23 06:09:34,200 INFO EXT chain with OpenStack mode disabled
2019-05-23 06:09:34,200 INFO -c /tmp/nfvbench/nfvbench_config.cfg --rate ndr_pdr --flow-count 1024 --duration 30 --json /tmp/nfvbench/priv_csc_3c2n_ndr_pdr-3.json
2019-05-23 06:09:34,202 INFO Connecting to TRex (127.0.0.1)...
2019-05-23 06:09:34,339 INFO Connected to TRex
2019-05-23 06:09:34,339 INFO    Port 0: Ethernet Controller X710 for 10GbE SFP+ speed=10Gbps mac=e4:43:4b:2e:9f:e2 pci=0000:1a:00.2 driver=net_i40e
2019-05-23 06:09:34,339 INFO    Port 1: Ethernet Controller X710 for 10GbE SFP+ speed=10Gbps mac=e4:43:4b:2e:9f:e3 pci=0000:1a:00.3 driver=net_i40e
2019-05-23 06:09:34,341 INFO Port 0: dst MAC ['52:54:00:00:00:aa', '52:54:01:00:00:aa', '52:54:02:00:00:aa']
2019-05-23 06:09:34,341 INFO Port 1: dst MAC ['52:54:00:00:00:bb', '52:54:01:00:00:bb', '52:54:02:00:00:bb']
2019-05-23 06:09:34,341 INFO ChainRunner initialized
2019-05-23 06:09:34,342 INFO Starting 3xEXT benchmark...
2019-05-23 06:09:34,346 INFO Starting traffic generator to ensure end-to-end connectivity
2019-05-23 06:09:34,367 INFO Created 3 traffic streams for port 0.
2019-05-23 06:09:34,370 INFO Created 3 traffic streams for port 1.
2019-05-23 06:09:34,481 INFO Captured unique src mac 0/6, capturing return packets (retry 1/100)...
2019-05-23 06:09:36,626 INFO Received packet from mac: 52:54:02:00:00:bb (chain=2, port=1)
2019-05-23 06:09:36,626 INFO Received packet from mac: 52:54:00:00:00:bb (chain=0, port=1)
2019-05-23 06:09:36,626 INFO Received packet from mac: 52:54:01:00:00:bb (chain=1, port=1)
2019-05-23 06:09:36,626 INFO Received packet from mac: 52:54:02:00:00:aa (chain=2, port=0)
2019-05-23 06:09:36,627 INFO Received packet from mac: 52:54:00:00:00:aa (chain=0, port=0)
2019-05-23 06:09:36,627 INFO Received packet from mac: 52:54:01:00:00:aa (chain=1, port=0)
2019-05-23 06:09:36,627 INFO End-to-end connectivity established
2019-05-23 06:09:36,646 INFO Cleared all existing streams
2019-05-23 06:09:36,680 INFO Created 6 traffic streams for port 0.
2019-05-23 06:09:36,684 INFO Created 6 traffic streams for port 1.
2019-05-23 06:09:36,685 INFO *** Searching NDR for 64 (Bidirectional)...
2019-05-23 06:09:36,685 INFO *** Searching PDR for 64 (Bidirectional)...
2019-05-23 06:09:36,685 INFO Range search [0.0 .. 200.0] targets: {'ndr': 0.001, 'pdr': 0.1}
2019-05-23 06:09:36,685 INFO Modified traffic stream for port 0, new rate=100.0%.
2019-05-23 06:09:36,685 INFO Modified traffic stream for port 1, new rate=100.0%.
2019-05-23 06:09:36,685 INFO Running traffic generator


2019-05-23 06:09:44 - [local][warning]   - [1mCPU util. is high: 87.9%[22m
2019-05-23 06:09:46,714 INFO TX: 251869026; RX: 66727655; Est. Dropped: 185141371; Est. Drop rate: 73.5070%
2019-05-23 06:09:56,728 INFO TX: 504720045; RX: 133492309; Est. Dropped: 371227736; Est. Drop rate: 73.5512%
2019-05-23 06:10:06,726 INFO TX: 757049601; RX: 200063260; Est. Dropped: 556986341; Est. Drop rate: 73.5733%
2019-05-23 06:10:08,733 INFO WARNING: There is a significant difference between requested TX rate (29761904) and actual TX rate (25234986). The traffic generator may not have sufficient CPU to achieve the requested TX rate.
2019-05-23 06:10:08,734 INFO Average drop rate: 73.573296
2019-05-23 06:10:08,734 INFO Range search [0.0 .. 100.0] targets: {'ndr': 0.001, 'pdr': 0.1}
2019-05-23 06:10:08,734 INFO Modified traffic stream for port 0, new rate=50.0%.
2019-05-23 06:10:08,734 INFO Modified traffic stream for port 1, new rate=50.0%.
2019-05-23 06:10:08,734 INFO Running traffic generator
2019-05-23 06:10:18,762 INFO TX: 148948000; RX: 66755825; Est. Dropped: 82192175; Est. Drop rate: 55.1818%
2019-05-23 06:10:28,776 INFO TX: 297975470; RX: 133508644; Est. Dropped: 164466826; Est. Drop rate: 55.1948%
2019-05-23 06:10:38,766 INFO TX: 446428776; RX: 199960242; Est. Dropped: 246468534; Est. Drop rate: 55.2089%
2019-05-23 06:10:40,774 INFO Average drop rate: 55.208926
2019-05-23 06:10:40,774 INFO Range search [0.0 .. 50.0] targets: {'ndr': 0.001, 'pdr': 0.1}
2019-05-23 06:10:40,774 INFO Modified traffic stream for port 0, new rate=25.0%.
2019-05-23 06:10:40,774 INFO Modified traffic stream for port 1, new rate=25.0%.
2019-05-23 06:10:40,774 INFO Running traffic generator
2019-05-23 06:10:50,803 INFO TX: 74477249; RX: 65362648; Est. Dropped: 9114601; Est. Drop rate: 12.2381%
2019-05-23 06:11:00,817 INFO TX: 148984854; RX: 130736654; Est. Dropped: 18248200; Est. Drop rate: 12.2484%
2019-05-23 06:11:10,813 INFO TX: 223214160; RX: 195881265; Est. Dropped: 27332895; Est. Drop rate: 12.2451%
2019-05-23 06:11:12,821 INFO Average drop rate: 12.245144
2019-05-23 06:11:12,821 INFO Range search [0.0 .. 25.0] targets: {'ndr': 0.001, 'pdr': 0.1}
2019-05-23 06:11:12,822 INFO Modified traffic stream for port 0, new rate=12.5%.
2019-05-23 06:11:12,822 INFO Modified traffic stream for port 1, new rate=12.5%.
2019-05-23 06:11:12,822 INFO Running traffic generator
2019-05-23 06:11:22,851 INFO TX: 37240221; RX: 37240056; Est. Dropped: 165; Est. Drop rate: 0.0004%
2019-05-23 06:11:32,865 INFO TX: 74493655; RX: 74493474; Est. Dropped: 181; Est. Drop rate: 0.0002%
2019-05-23 06:11:42,856 INFO TX: 111607176; RX: 111607176; Est. Dropped: 0; Est. Drop rate: 0.0000%
2019-05-23 06:11:44,865 INFO Average drop rate: 0.000000
2019-05-23 06:11:44,865 INFO Range search [12.5 .. 25.0] targets: {'ndr': 0.001, 'pdr': 0.1}
2019-05-23 06:11:44,865 INFO Modified traffic stream for port 0, new rate=18.75%.
2019-05-23 06:11:44,865 INFO Modified traffic stream for port 1, new rate=18.75%.
2019-05-23 06:11:44,865 INFO Running traffic generator
2019-05-23 06:11:54,893 INFO TX: 55857044; RX: 55856042; Est. Dropped: 1002; Est. Drop rate: 0.0018%
2019-05-23 06:12:04,910 INFO TX: 111753672; RX: 111752613; Est. Dropped: 1059; Est. Drop rate: 0.0009%
2019-05-23 06:12:14,908 INFO TX: 167410716; RX: 167410716; Est. Dropped: 0; Est. Drop rate: 0.0000%
2019-05-23 06:12:16,916 INFO Average drop rate: 0.000000
2019-05-23 06:12:16,917 INFO Range search [18.75 .. 25.0] targets: {'ndr': 0.001, 'pdr': 0.1}
2019-05-23 06:12:16,917 INFO Modified traffic stream for port 0, new rate=21.875%.
2019-05-23 06:12:16,917 INFO Modified traffic stream for port 1, new rate=21.875%.
2019-05-23 06:12:16,917 INFO Running traffic generator
2019-05-23 06:12:26,945 INFO TX: 65167419; RX: 62942149; Est. Dropped: 2225270; Est. Drop rate: 3.4147%
2019-05-23 06:12:36,960 INFO TX: 130364324; RX: 125920017; Est. Dropped: 4444307; Est. Drop rate: 3.4091%
2019-05-23 06:12:46,955 INFO TX: 195312522; RX: 188662147; Est. Dropped: 6650375; Est. Drop rate: 3.4050%
2019-05-23 06:12:48,964 INFO Average drop rate: 3.404992
2019-05-23 06:12:48,964 INFO Range search [18.75 .. 21.875] targets: {'ndr': 0.001, 'pdr': 0.1}
2019-05-23 06:12:48,964 INFO Modified traffic stream for port 0, new rate=20.3125%.
2019-05-23 06:12:48,964 INFO Modified traffic stream for port 1, new rate=20.3125%.
2019-05-23 06:12:48,964 INFO Running traffic generator
2019-05-23 06:12:58,993 INFO TX: 60512319; RX: 60510410; Est. Dropped: 1909; Est. Drop rate: 0.0032%
2019-05-23 06:13:09,010 INFO TX: 121073726; RX: 121071650; Est. Dropped: 2076; Est. Drop rate: 0.0017%
2019-05-23 06:13:18,997 INFO TX: 181361682; RX: 181361682; Est. Dropped: 0; Est. Drop rate: 0.0000%
2019-05-23 06:13:21,004 INFO Average drop rate: 0.000000
2019-05-23 06:13:21,004 INFO Range search [20.3125 .. 21.875] targets: {'ndr': 0.001, 'pdr': 0.1}
2019-05-23 06:13:21,004 INFO Modified traffic stream for port 0, new rate=21.09375%.
2019-05-23 06:13:21,004 INFO Modified traffic stream for port 1, new rate=21.09375%.
2019-05-23 06:13:21,005 INFO Running traffic generator
2019-05-23 06:13:31,035 INFO TX: 62803942; RX: 62345171; Est. Dropped: 458771; Est. Drop rate: 0.7305%
2019-05-23 06:13:41,051 INFO TX: 125686128; RX: 124766121; Est. Dropped: 920007; Est. Drop rate: 0.7320%
2019-05-23 06:13:51,051 INFO TX: 188336970; RX: 186961318; Est. Dropped: 1375652; Est. Drop rate: 0.7304%
2019-05-23 06:13:53,059 INFO Average drop rate: 0.730421
2019-05-23 06:13:53,059 INFO Range search [20.3125 .. 21.09375] targets: {'ndr': 0.001, 'pdr': 0.1}
2019-05-23 06:13:53,059 INFO Modified traffic stream for port 0, new rate=20.703125%.
2019-05-23 06:13:53,060 INFO Modified traffic stream for port 1, new rate=20.703125%.
2019-05-23 06:13:53,060 INFO Running traffic generator
2019-05-23 06:14:03,087 INFO TX: 61676128; RX: 61673692; Est. Dropped: 2436; Est. Drop rate: 0.0039%
2019-05-23 06:14:13,102 INFO TX: 123383673; RX: 123381259; Est. Dropped: 2414; Est. Drop rate: 0.0020%
2019-05-23 06:14:23,092 INFO TX: 184849308; RX: 184849308; Est. Dropped: 0; Est. Drop rate: 0.0000%
2019-05-23 06:14:25,100 INFO Average drop rate: 0.000000
2019-05-23 06:14:25,100 INFO Range search [20.703125 .. 21.09375] targets: {'ndr': 0.001, 'pdr': 0.1}
2019-05-23 06:14:25,101 INFO Modified traffic stream for port 0, new rate=20.8984375%.
2019-05-23 06:14:25,101 INFO Modified traffic stream for port 1, new rate=20.8984375%.
2019-05-23 06:14:25,101 INFO Running traffic generator
2019-05-23 06:14:35,128 INFO TX: 62256902; RX: 62215302; Est. Dropped: 41600; Est. Drop rate: 0.0668%
2019-05-23 06:14:45,142 INFO TX: 124543079; RX: 124456318; Est. Dropped: 86761; Est. Drop rate: 0.0697%
2019-05-23 06:14:55,134 INFO TX: 186593280; RX: 186457003; Est. Dropped: 136277; Est. Drop rate: 0.0730%
2019-05-23 06:14:57,142 INFO Average drop rate: 0.073034
2019-05-23 06:14:57,143 INFO Range search [20.703125 .. 20.8984375] targets: {'ndr': 0.001}
2019-05-23 06:14:57,143 INFO Modified traffic stream for port 0, new rate=20.80078125%.
2019-05-23 06:14:57,143 INFO Modified traffic stream for port 1, new rate=20.80078125%.
2019-05-23 06:14:57,143 INFO Running traffic generator
2019-05-23 06:15:07,169 INFO TX: 61953493; RX: 61950899; Est. Dropped: 2594; Est. Drop rate: 0.0042%
2019-05-23 06:15:17,184 INFO TX: 123953219; RX: 123950481; Est. Dropped: 2738; Est. Drop rate: 0.0022%
2019-05-23 06:15:27,186 INFO TX: 185721270; RX: 185721270; Est. Dropped: 0; Est. Drop rate: 0.0000%
2019-05-23 06:15:29,194 INFO Average drop rate: 0.000000
2019-05-23 06:15:29,194 INFO Range search [20.80078125 .. 20.8984375] targets: {'ndr': 0.001}
2019-05-23 06:15:29,194 INFO Found ndr (0.001) load: 20.80078125
2019-05-23 06:15:29,194 INFO Range search [20.8984375 .. 21.09375] targets: {'pdr': 0.1}
2019-05-23 06:15:29,194 INFO Modified traffic stream for port 0, new rate=20.99609375%.
2019-05-23 06:15:29,194 INFO Modified traffic stream for port 1, new rate=20.99609375%.
2019-05-23 06:15:29,195 INFO Running traffic generator
2019-05-23 06:15:39,223 INFO TX: 62549853; RX: 62253455; Est. Dropped: 296398; Est. Drop rate: 0.4739%
2019-05-23 06:15:49,238 INFO TX: 125131417; RX: 124557276; Est. Dropped: 574141; Est. Drop rate: 0.4588%
2019-05-23 06:15:59,234 INFO TX: 187465218; RX: 186621140; Est. Dropped: 844078; Est. Drop rate: 0.4503%
2019-05-23 06:16:01,241 INFO Average drop rate: 0.450258
2019-05-23 06:16:01,242 INFO Range search [20.8984375 .. 20.99609375] targets: {'pdr': 0.1}
2019-05-23 06:16:01,242 INFO Found pdr (0.1) load: 20.8984375
2019-05-23 06:16:01,242 INFO NDR load: 41.6015625
2019-05-23 06:16:01,242 INFO PDR load: 41.796875
2019-05-23 06:16:01,242 INFO Service chain 'EXT' run completed.
2019-05-23 06:16:01,242 INFO Clean up skipped.
2019-05-23 06:16:01,283 INFO Saving results in json file: /tmp/nfvbench/priv_csc_3c2n_ndr_pdr-3.json...
2019-05-23 06:16:01,288 INFO 
========== NFVBench Summary ==========
Date: 2019-05-23 06:09:34
NFVBench version 2.0.5
Openstack Neutron:
  vSwitch: 
  Encapsulation: 
Benchmarks:
> Networks:
  > Components:
    > Traffic Generator:
        Profile: trex-local
        Tool: TRex
    > Versions:
      > Traffic_Generator:
          build_date: Nov 13 2017
          version: v2.32
          built_by: hhaim
          mode: STL
          build_time: 10:58:17
  > Measurement Parameters:
      NDR: 0.001
      PDR: 0.1
  > Service chain:
    > EXT:
      > Traffic:
          Profile: traffic_profile_64B
          Bidirectional: True
          Flow count: 1024
          Service chains count: 3
          Compute nodes: []
            
            Run Summary:
            
              +-----+-----------------+------------------+------------------+-----------------+----------------------+----------------------+----------------------+
              |  -  |   L2 Frame Size |  Rate (fwd+rev)  |  Rate (fwd+rev)  |  Avg Drop Rate  |   Avg Latency (usec) |   Min Latency (usec) |  Max Latency (usec)  |
              +=====+=================+==================+==================+=================+======================+======================+======================+
              | NDR |              64 |   4.1602 Gbps    |  6,190,708 pps   |     0.0000%     |                  461 |                   20 |         802          |
              +-----+-----------------+------------------+------------------+-----------------+----------------------+----------------------+----------------------+
              | PDR |              64 |   4.1797 Gbps    |  6,219,772 pps   |     0.0730%     |                  683 |                   20 |        1,223         |
              +-----+-----------------+------------------+------------------+-----------------+----------------------+----------------------+----------------------+
              
            
            L2 frame size: 64
            NDR search duration: 353 seconds
            PDR search duration: 32 seconds
            

