2019-05-23 06:16:02,059 INFO Loading configuration file: /tmp/nfvbench/nfvbench_config.cfg
2019-05-23 06:16:02,095 INFO EXT chain with OpenStack mode disabled
2019-05-23 06:16:02,095 INFO -c /tmp/nfvbench/nfvbench_config.cfg --rate 10Gbps --flow-count 1024 --duration 30 --json /tmp/nfvbench/priv_csc_3c2n_10Gbps-1.json
2019-05-23 06:16:02,097 INFO Connecting to TRex (127.0.0.1)...
2019-05-23 06:16:02,233 INFO Connected to TRex
2019-05-23 06:16:02,233 INFO    Port 0: Ethernet Controller X710 for 10GbE SFP+ speed=10Gbps mac=e4:43:4b:2e:9f:e2 pci=0000:1a:00.2 driver=net_i40e
2019-05-23 06:16:02,233 INFO    Port 1: Ethernet Controller X710 for 10GbE SFP+ speed=10Gbps mac=e4:43:4b:2e:9f:e3 pci=0000:1a:00.3 driver=net_i40e
2019-05-23 06:16:02,234 INFO Port 0: dst MAC ['52:54:00:00:00:aa', '52:54:01:00:00:aa', '52:54:02:00:00:aa']
2019-05-23 06:16:02,235 INFO Port 1: dst MAC ['52:54:00:00:00:bb', '52:54:01:00:00:bb', '52:54:02:00:00:bb']
2019-05-23 06:16:02,235 INFO ChainRunner initialized
2019-05-23 06:16:02,236 INFO Starting 3xEXT benchmark...
2019-05-23 06:16:02,241 INFO Starting traffic generator to ensure end-to-end connectivity
2019-05-23 06:16:02,262 INFO Created 3 traffic streams for port 0.
2019-05-23 06:16:02,265 INFO Created 3 traffic streams for port 1.
2019-05-23 06:16:02,377 INFO Captured unique src mac 0/6, capturing return packets (retry 1/100)...
2019-05-23 06:16:04,499 INFO Received packet from mac: 52:54:01:00:00:bb (chain=1, port=1)
2019-05-23 06:16:04,499 INFO Received packet from mac: 52:54:00:00:00:bb (chain=0, port=1)
2019-05-23 06:16:04,499 INFO Received packet from mac: 52:54:02:00:00:bb (chain=2, port=1)
2019-05-23 06:16:04,500 INFO Received packet from mac: 52:54:02:00:00:aa (chain=2, port=0)
2019-05-23 06:16:04,500 INFO Received packet from mac: 52:54:00:00:00:aa (chain=0, port=0)
2019-05-23 06:16:04,500 INFO Received packet from mac: 52:54:01:00:00:aa (chain=1, port=0)
2019-05-23 06:16:04,500 INFO End-to-end connectivity established
2019-05-23 06:16:04,520 INFO Cleared all existing streams
2019-05-23 06:16:04,547 INFO Created 6 traffic streams for port 0.
2019-05-23 06:16:04,556 INFO Created 6 traffic streams for port 1.
2019-05-23 06:16:04,556 INFO Starting to generate traffic...
2019-05-23 06:16:04,556 INFO Running traffic generator
2019-05-23 06:16:14,587 INFO TX: 148971235; RX: 66754875; Est. Dropped: 82216360; Est. Drop rate: 55.1894%
2019-05-23 06:16:24,604 INFO TX: 298052852; RX: 133565097; Est. Dropped: 164487755; Est. Drop rate: 55.1874%
2019-05-23 06:16:34,595 INFO TX: 446428776; RX: 200070096; Est. Dropped: 246358680; Est. Drop rate: 55.1843%
2019-05-23 06:16:34,595 INFO ...traffic generating ended.
2019-05-23 06:16:34,601 INFO Service chain 'EXT' run completed.
2019-05-23 06:16:34,601 INFO Clean up skipped.
2019-05-23 06:16:34,630 INFO Saving results in json file: /tmp/nfvbench/priv_csc_3c2n_10Gbps-1.json...
2019-05-23 06:16:34,638 INFO 
========== NFVBench Summary ==========
Date: 2019-05-23 06:16:02
NFVBench version 2.0.5
Openstack Neutron:
  vSwitch: 
  Encapsulation: 
Benchmarks:
> Networks:
  > Components:
    > Traffic Generator:
        Profile: trex-local
        Tool: TRex
    > Versions:
      > Traffic_Generator:
          build_date: Nov 13 2017
          version: v2.32
          built_by: hhaim
          mode: STL
          build_time: 10:58:17
  > Service chain:
    > EXT:
      > Traffic:
          Profile: traffic_profile_64B
          Bidirectional: True
          Flow count: 1024
          Service chains count: 3
          Compute nodes: []
            
            Run Summary:
            
              +-----------------+-------------+----------------------+----------------------+----------------------+
              |   L2 Frame Size |  Drop Rate  |  Avg Latency (usec)  |   Min Latency (usec) |  Max Latency (usec)  |
              +=================+=============+======================+======================+======================+
              |              64 |  55.1843%   |        1,125         |                   40 |        1,878         |
              +-----------------+-------------+----------------------+----------------------+----------------------+
              
            
            L2 frame size: 64
            
            Run Config:
            
              +-------------+---------------------------+------------------------+-----------------+---------------------------+------------------------+-----------------+
              |  Direction  |  Requested TX Rate (bps)  |  Actual TX Rate (bps)  |  RX Rate (bps)  |  Requested TX Rate (pps)  |  Actual TX Rate (pps)  |  RX Rate (pps)  |
              +=============+===========================+========================+=================+===========================+========================+=================+
              |   Forward   |        5.0000 Gbps        |      5.0000 Gbps       |   2.2279 Gbps   |       7,440,476 pps       |     7,440,479 pps      |  3,315,287 pps  |
              +-------------+---------------------------+------------------------+-----------------+---------------------------+------------------------+-----------------+
              |   Reverse   |        5.0000 Gbps        |      5.0000 Gbps       |   2.2537 Gbps   |       7,440,476 pps       |     7,440,479 pps      |  3,353,715 pps  |
              +-------------+---------------------------+------------------------+-----------------+---------------------------+------------------------+-----------------+
              |    Total    |       10.0000 Gbps        |      10.0000 Gbps      |   4.4816 Gbps   |      14,880,952 pps       |     14,880,958 pps     |  6,669,002 pps  |
              +-------------+---------------------------+------------------------+-----------------+---------------------------+------------------------+-----------------+
              
            Forward Chain Packet Counters and Latency:
            
              +---------+--------------+--------------------------+------------+------------+------------+
              |  Chain  |  TRex.TX.p0  |        TRex.RX.p1        |  Avg lat.  |  Min lat.  |  Max lat.  |
              +=========+==============+==========================+============+============+============+
              |    0    |  74,404,796  | -41,298,382 (-55.5050%)  | 1,141 usec |  600 usec  | 1,513 usec |
              +---------+--------------+--------------------------+------------+------------+------------+
              |    1    |  74,404,796  | -41,219,651 (-55.3992%)  | 1,118 usec |  700 usec  | 1,859 usec |
              +---------+--------------+--------------------------+------------+------------+------------+
              |    2    |  74,404,796  | -41,237,721 (-55.4235%)  | 1,103 usec |  400 usec  | 1,878 usec |
              +---------+--------------+--------------------------+------------+------------+------------+
              |  total  | 223,214,388  | -123,755,754 (-55.4426%) | 1,121 usec |  400 usec  | 1,878 usec |
              +---------+--------------+--------------------------+------------+------------+------------+
              
            Reverse Chain Packet Counters and Latency:
            
              +---------+--------------+---------------------------------+------------+------------+------------+
              |  Chain  |  TRex.TX.p1  |           TRex.RX.p0            |  Avg lat.  |  Min lat.  |  Max lat.  |
              +=========+==============+=================================+============+============+============+
              |    0    |  74,404,796  | +64,350,898,563 (+86487.5680%)  | 1,147 usec |  40 usec   | 1,555 usec |
              +---------+--------------+---------------------------------+------------+------------+------------+
              |    1    |  74,404,796  | +60,055,931,076 (+80715.1344%)  | 1,126 usec |  70 usec   | 1,532 usec |
              +---------+--------------+---------------------------------+------------+------------+------------+
              |    2    |  74,404,796  | +64,350,898,721 (+86487.5682%)  | 1,121 usec |  200 usec  | 1,543 usec |
              +---------+--------------+---------------------------------+------------+------------+------------+
              |  total  | 223,214,388  | +188,757,728,360 (+84563.4236%) | 1,131 usec |  40 usec   | 1,555 usec |
              +---------+--------------+---------------------------------+------------+------------+------------+
              

