2018-11-19 10:22:23,536 INFO Loading configuration file: /tmp/nfvbench/nfvbench_config.cfg
2018-11-19 10:22:23,567 INFO EXT chain with OpenStack mode disabled
2018-11-19 10:22:23,567 INFO -c /tmp/nfvbench/nfvbench_config.cfg --rate 18500000pps --flow-count 1024 --duration 30 --json /tmp/nfvbench/2csc_1_18500000pps-1.json
2018-11-19 10:22:23,569 INFO Connecting to TRex (127.0.0.1)...
2018-11-19 10:22:23,710 INFO Connected to TRex
2018-11-19 10:22:23,710 INFO    Port 0: Device 158b speed=25Gbps mac=3c:fd:fe:bd:f8:60 pci=0000:3b:00.0 driver=net_i40e
2018-11-19 10:22:23,710 INFO    Port 1: Device 158b speed=25Gbps mac=3c:fd:fe:bd:f8:61 pci=0000:3b:00.1 driver=net_i40e
2018-11-19 10:22:23,711 INFO Port 0: VLANs (1070, 1071)
2018-11-19 10:22:23,711 INFO Port 1: VLANs (1064, 1065)
2018-11-19 10:22:23,711 INFO ChainRunner initialized
2018-11-19 10:22:23,712 INFO Starting 2xEXT benchmark...
2018-11-19 10:22:23,817 INFO Polling ARP until successful...
2018-11-19 10:22:24,026 INFO    ARP: port=0 chain=0 src IP=172.16.10.100 dst IP=172.16.10.10 -> MAC=52:54:00:00:00:aa
2018-11-19 10:22:24,027 INFO    ARP: port=0 chain=1 src IP=172.16.10.101 dst IP=172.16.10.11 -> MAC=52:54:00:00:00:aa
2018-11-19 10:22:24,027 INFO ARP resolved successfully for port 0
2018-11-19 10:22:24,236 INFO    ARP: port=1 chain=0 src IP=172.16.20.100 dst IP=172.16.20.10 -> MAC=52:54:00:00:00:bb
2018-11-19 10:22:24,236 INFO    ARP: port=1 chain=1 src IP=172.16.20.101 dst IP=172.16.20.11 -> MAC=52:54:00:00:00:bb
2018-11-19 10:22:24,236 INFO ARP resolved successfully for port 1
2018-11-19 10:22:24,338 INFO Port 0: dst MAC ['52:54:00:00:00:aa', '52:54:00:00:00:aa']
2018-11-19 10:22:24,338 INFO Port 1: dst MAC ['52:54:00:00:00:bb', '52:54:00:00:00:bb']
2018-11-19 10:22:24,338 INFO Starting traffic generator to ensure end-to-end connectivity
2018-11-19 10:22:24,352 INFO Created 2 traffic streams for port 0.
2018-11-19 10:22:24,354 INFO Created 2 traffic streams for port 1.
2018-11-19 10:22:24,465 INFO Captured unique src mac 0/2, capturing return packets (retry 1/100)...
2018-11-19 10:22:26,587 INFO Received packet from mac: 52:54:00:00:00:bb (chain=1, port=1)
2018-11-19 10:22:26,587 INFO Received packet from mac: 52:54:00:00:00:aa (chain=1, port=0)
2018-11-19 10:22:26,587 INFO End-to-end connectivity established
2018-11-19 10:22:26,603 INFO Cleared all existing streams
2018-11-19 10:22:26,633 INFO Created 4 traffic streams for port 0.
2018-11-19 10:22:26,636 INFO Created 4 traffic streams for port 1.
2018-11-19 10:22:26,636 INFO Starting to generate traffic...
2018-11-19 10:22:26,636 INFO Running traffic generator
2018-11-19 10:22:36,658 INFO TX: 185177411; RX: 31778536; Est. Dropped: 153398875; Est. Drop rate: 82.8389%
2018-11-19 10:22:46,672 INFO TX: 370433685; RX: 63596070; Est. Dropped: 306837615; Est. Drop rate: 82.8320%
2018-11-19 10:22:56,669 INFO TX: 555001872; RX: 95293585; Est. Dropped: 459708287; Est. Drop rate: 82.8300%
2018-11-19 10:22:56,669 INFO ...traffic generating ended.
2018-11-19 10:22:56,674 INFO Service chain 'EXT' run completed.
2018-11-19 10:22:56,674 INFO Clean up skipped.
2018-11-19 10:22:56,697 INFO Saving results in json file: /tmp/nfvbench/2csc_1_18500000pps-1.json...
2018-11-19 10:22:56,704 INFO 
========== NFVBench Summary ==========
Date: 2018-11-19 10:22:23
NFVBench version 2.0.5
Openstack Neutron:
  vSwitch: 
  Encapsulation: 
Benchmarks:
> Networks:
  > Components:
    > Traffic Generator:
        Profile: trex-local
        Tool: TRex
    > Versions:
      > Traffic_Generator:
          build_date: Nov 13 2017
          version: v2.32
          built_by: hhaim
          mode: STL
          build_time: 10:58:17
  > Service chain:
    > EXT:
      > Traffic:
          Profile: traffic_profile_64B
          Bidirectional: True
          Flow count: 1024
          Service chains count: 2
          Compute nodes: []
            
            Run Summary:
            
              +-----------------+-------------+----------------------+----------------------+----------------------+
              |   L2 Frame Size |  Drop Rate  |   Avg Latency (usec) |   Min Latency (usec) |  Max Latency (usec)  |
              +=================+=============+======================+======================+======================+
              |              64 |  82.8300%   |                  905 |                   10 |        16,602        |
              +-----------------+-------------+----------------------+----------------------+----------------------+
              
            
            L2 frame size: 64
            
            Run Config:
            
              +-------------+---------------------------+------------------------+-----------------+---------------------------+------------------------+-----------------+
              |  Direction  |  Requested TX Rate (bps)  |  Actual TX Rate (bps)  |  RX Rate (bps)  |  Requested TX Rate (pps)  |  Actual TX Rate (pps)  |  RX Rate (pps)  |
              +=============+===========================+========================+=================+===========================+========================+=================+
              |   Forward   |        6.2160 Gbps        |      6.2160 Gbps       |   1.0675 Gbps   |       9,250,000 pps       |     9,250,031 pps      |  1,588,609 pps  |
              +-------------+---------------------------+------------------------+-----------------+---------------------------+------------------------+-----------------+
              |   Reverse   |        6.2160 Gbps        |      6.2160 Gbps       |   1.0670 Gbps   |       9,250,000 pps       |     9,250,031 pps      |  1,587,842 pps  |
              +-------------+---------------------------+------------------------+-----------------+---------------------------+------------------------+-----------------+
              |    Total    |       12.4320 Gbps        |      12.4320 Gbps      |   2.1346 Gbps   |      18,500,000 pps       |     18,500,062 pps     |  3,176,451 pps  |
              +-------------+---------------------------+------------------------+-----------------+---------------------------+------------------------+-----------------+
              
            Forward Chain Packet Counters and Latency:
            
              +---------+--------------+--------------------------+------------+------------+-------------+
              |  Chain  |  TRex.TX.p0  |        TRex.RX.p1        |  Avg lat.  |  Min lat.  |  Max lat.   |
              +=========+==============+==========================+============+============+=============+
              |    0    | 138,750,468  | -114,965,149 (-82.8575%) | 1,002 usec |  400 usec  | 16,601 usec |
              +---------+--------------+--------------------------+------------+------------+-------------+
              |    1    | 138,750,468  | -114,877,491 (-82.7943%) |  979 usec  |  10 usec   | 16,563 usec |
              +---------+--------------+--------------------------+------------+------------+-------------+
              |  total  | 277,500,936  | -229,842,640 (-82.8259%) |  991 usec  |  10 usec   | 16,601 usec |
              +---------+--------------+--------------------------+------------+------------+-------------+
              
            Reverse Chain Packet Counters and Latency:
            
              +---------+--------------+--------------------------+------------+------------+-------------+
              |  Chain  |  TRex.TX.p1  |        TRex.RX.p0        |  Avg lat.  |  Min lat.  |  Max lat.   |
              +=========+==============+==========================+============+============+=============+
              |    0    | 138,750,468  | -114,965,940 (-82.8581%) |  774 usec  |  100 usec  | 16,602 usec |
              +---------+--------------+--------------------------+------------+------------+-------------+
              |    1    | 138,750,468  | -114,899,707 (-82.8103%) |  868 usec  |  400 usec  | 16,580 usec |
              +---------+--------------+--------------------------+------------+------------+-------------+
              |  total  | 277,500,936  | -229,865,647 (-82.8342%) |  821 usec  |  100 usec  | 16,602 usec |
              +---------+--------------+--------------------------+------------+------------+-------------+
              

