2018-11-19 10:50:13,030 INFO Loading configuration file: /tmp/nfvbench/nfvbench_config.cfg
2018-11-19 10:50:13,062 INFO EXT chain with OpenStack mode disabled
2018-11-19 10:50:13,062 INFO -c /tmp/nfvbench/nfvbench_config.cfg --rate ndr --flow-count 1024 --duration 30 --json /tmp/nfvbench/2csc_8_ndr-1.json
2018-11-19 10:50:13,064 INFO Connecting to TRex (127.0.0.1)...
2018-11-19 10:50:13,198 INFO Connected to TRex
2018-11-19 10:50:13,198 INFO    Port 0: Device 158b speed=25Gbps mac=3c:fd:fe:bd:f8:60 pci=0000:3b:00.0 driver=net_i40e
2018-11-19 10:50:13,199 INFO    Port 1: Device 158b speed=25Gbps mac=3c:fd:fe:bd:f8:61 pci=0000:3b:00.1 driver=net_i40e
2018-11-19 10:50:13,199 INFO Port 0: VLANs (1070, 1071)
2018-11-19 10:50:13,199 INFO Port 1: VLANs (1064, 1065)
2018-11-19 10:50:13,199 INFO ChainRunner initialized
2018-11-19 10:50:13,200 INFO Starting 2xEXT benchmark...
2018-11-19 10:50:13,305 INFO Polling ARP until successful...
2018-11-19 10:50:13,515 INFO    ARP: port=0 chain=0 src IP=172.16.10.100 dst IP=172.16.10.10 -> MAC=52:54:00:00:00:aa
2018-11-19 10:50:13,515 INFO    ARP: port=0 chain=1 src IP=172.16.10.101 dst IP=172.16.10.11 -> MAC=52:54:00:00:00:aa
2018-11-19 10:50:13,515 INFO ARP resolved successfully for port 0
2018-11-19 10:50:13,725 INFO    ARP: port=1 chain=0 src IP=172.16.20.100 dst IP=172.16.20.10 -> MAC=52:54:00:00:00:bb
2018-11-19 10:50:13,725 INFO    ARP: port=1 chain=1 src IP=172.16.20.101 dst IP=172.16.20.11 -> MAC=52:54:00:00:00:bb
2018-11-19 10:50:13,725 INFO ARP resolved successfully for port 1
2018-11-19 10:50:13,827 INFO Port 0: dst MAC ['52:54:00:00:00:aa', '52:54:00:00:00:aa']
2018-11-19 10:50:13,827 INFO Port 1: dst MAC ['52:54:00:00:00:bb', '52:54:00:00:00:bb']
2018-11-19 10:50:13,827 INFO Starting traffic generator to ensure end-to-end connectivity
2018-11-19 10:50:13,842 INFO Created 2 traffic streams for port 0.
2018-11-19 10:50:13,844 INFO Created 2 traffic streams for port 1.
2018-11-19 10:50:13,953 INFO Captured unique src mac 0/2, capturing return packets (retry 1/100)...
2018-11-19 10:50:16,075 INFO Received packet from mac: 52:54:00:00:00:aa (chain=1, port=0)
2018-11-19 10:50:16,075 INFO Received packet from mac: 52:54:00:00:00:bb (chain=1, port=1)
2018-11-19 10:50:16,075 INFO End-to-end connectivity established
2018-11-19 10:50:16,093 INFO Cleared all existing streams
2018-11-19 10:50:16,122 INFO Created 4 traffic streams for port 0.
2018-11-19 10:50:16,124 INFO Created 4 traffic streams for port 1.
2018-11-19 10:50:16,125 INFO *** Searching NDR for 64 (Bidirectional)...
2018-11-19 10:50:16,125 INFO Range search [0.0 .. 200.0] targets: {'ndr': 0.001}
2018-11-19 10:50:16,125 INFO Modified traffic stream for port 0, new rate=100.0%.
2018-11-19 10:50:16,125 INFO Modified traffic stream for port 1, new rate=100.0%.
2018-11-19 10:50:16,125 INFO Running traffic generator


2018-11-19 10:50:22 - [local][warning]   - [1mCPU util. is high: 87.5%[22m
2018-11-19 10:50:26,148 INFO TX: 416106882; RX: 1824151; Est. Dropped: 414282731; Est. Drop rate: 99.5616%
2018-11-19 10:50:36,163 INFO TX: 836647694; RX: 3584877; Est. Dropped: 833062817; Est. Drop rate: 99.5715%
2018-11-19 10:50:46,162 INFO TX: 1255996838; RX: 5462185; Est. Dropped: 1250534653; Est. Drop rate: 99.5651%
2018-11-19 10:50:48,166 INFO WARNING: There is a significant difference between requested TX rate (74404760) and actual TX rate (41866561). The traffic generator may not have sufficient CPU to achieve the requested TX rate.
2018-11-19 10:50:48,166 INFO Average drop rate: 99.564704
2018-11-19 10:50:48,166 INFO Range search [0.0 .. 100.0] targets: {'ndr': 0.001}
2018-11-19 10:50:48,166 INFO Modified traffic stream for port 0, new rate=50.0%.
2018-11-19 10:50:48,166 INFO Modified traffic stream for port 1, new rate=50.0%.
2018-11-19 10:50:48,166 INFO Running traffic generator
2018-11-19 10:50:58,193 INFO TX: 372363246; RX: 1840074; Est. Dropped: 370523172; Est. Drop rate: 99.5058%
2018-11-19 10:51:08,208 INFO TX: 744927837; RX: 3662856; Est. Dropped: 741264981; Est. Drop rate: 99.5083%
2018-11-19 10:51:18,196 INFO TX: 1116084132; RX: 5448014; Est. Dropped: 1110636118; Est. Drop rate: 99.5119%
2018-11-19 10:51:20,201 INFO Average drop rate: 99.511374
2018-11-19 10:51:20,201 INFO Range search [0.0 .. 50.0] targets: {'ndr': 0.001}
2018-11-19 10:51:20,202 INFO Modified traffic stream for port 0, new rate=25.0%.
2018-11-19 10:51:20,202 INFO Modified traffic stream for port 1, new rate=25.0%.
2018-11-19 10:51:20,202 INFO Running traffic generator
2018-11-19 10:51:30,234 INFO TX: 186192474; RX: 1786358; Est. Dropped: 184406116; Est. Drop rate: 99.0406%
2018-11-19 10:51:40,249 INFO TX: 372478695; RX: 3648872; Est. Dropped: 368829823; Est. Drop rate: 99.0204%
2018-11-19 10:51:50,239 INFO TX: 558026568; RX: 5407836; Est. Dropped: 552618732; Est. Drop rate: 99.0309%
2018-11-19 10:51:52,245 INFO Average drop rate: 99.030349
2018-11-19 10:51:52,245 INFO Range search [0.0 .. 25.0] targets: {'ndr': 0.001}
2018-11-19 10:51:52,245 INFO Modified traffic stream for port 0, new rate=12.5%.
2018-11-19 10:51:52,245 INFO Modified traffic stream for port 1, new rate=12.5%.
2018-11-19 10:51:52,245 INFO Running traffic generator
2018-11-19 10:52:02,268 INFO TX: 93091180; RX: 1842049; Est. Dropped: 91249131; Est. Drop rate: 98.0212%
2018-11-19 10:52:12,283 INFO TX: 186234668; RX: 3625851; Est. Dropped: 182608817; Est. Drop rate: 98.0531%
2018-11-19 10:52:22,281 INFO TX: 279011292; RX: 5806460; Est. Dropped: 273204832; Est. Drop rate: 97.9189%
2018-11-19 10:52:24,288 INFO Average drop rate: 97.917081
2018-11-19 10:52:24,288 INFO Range search [0.0 .. 12.5] targets: {'ndr': 0.001}
2018-11-19 10:52:24,288 INFO Modified traffic stream for port 0, new rate=6.25%.
2018-11-19 10:52:24,288 INFO Modified traffic stream for port 1, new rate=6.25%.
2018-11-19 10:52:24,288 INFO Running traffic generator
2018-11-19 10:52:34,313 INFO TX: 46547192; RX: 1825497; Est. Dropped: 44721695; Est. Drop rate: 96.0782%
2018-11-19 10:52:44,328 INFO TX: 93116435; RX: 3522084; Est. Dropped: 89594351; Est. Drop rate: 96.2175%
2018-11-19 10:52:54,321 INFO TX: 139503020; RX: 5400563; Est. Dropped: 134102457; Est. Drop rate: 96.1287%
2018-11-19 10:52:56,328 INFO Average drop rate: 96.125776
2018-11-19 10:52:56,328 INFO Range search [0.0 .. 6.25] targets: {'ndr': 0.001}
2018-11-19 10:52:56,328 INFO Modified traffic stream for port 0, new rate=3.125%.
2018-11-19 10:52:56,328 INFO Modified traffic stream for port 1, new rate=3.125%.
2018-11-19 10:52:56,328 INFO Running traffic generator
2018-11-19 10:53:06,356 INFO TX: 23272530; RX: 1756300; Est. Dropped: 21516230; Est. Drop rate: 92.4533%
2018-11-19 10:53:16,372 INFO TX: 46556860; RX: 3682762; Est. Dropped: 42874098; Est. Drop rate: 92.0898%
2018-11-19 10:53:26,367 INFO TX: 69748800; RX: 5402372; Est. Dropped: 64346428; Est. Drop rate: 92.2545%
2018-11-19 10:53:28,378 INFO Average drop rate: 92.250156
2018-11-19 10:53:28,378 INFO Range search [0.0 .. 3.125] targets: {'ndr': 0.001}
2018-11-19 10:53:28,378 INFO Modified traffic stream for port 0, new rate=1.5625%.
2018-11-19 10:53:28,378 INFO Modified traffic stream for port 1, new rate=1.5625%.
2018-11-19 10:53:28,378 INFO Running traffic generator
2018-11-19 10:53:38,402 INFO TX: 11635490; RX: 1707329; Est. Dropped: 9928161; Est. Drop rate: 85.3265%
2018-11-19 10:53:48,417 INFO TX: 23276766; RX: 3543037; Est. Dropped: 19733729; Est. Drop rate: 84.7787%
2018-11-19 10:53:58,413 INFO TX: 34871528; RX: 5238650; Est. Dropped: 29632878; Est. Drop rate: 84.9773%
2018-11-19 10:54:00,420 INFO Average drop rate: 84.968763
2018-11-19 10:54:00,420 INFO Range search [0.0 .. 1.5625] targets: {'ndr': 0.001}
2018-11-19 10:54:00,420 INFO Modified traffic stream for port 0, new rate=0.78125%.
2018-11-19 10:54:00,420 INFO Modified traffic stream for port 1, new rate=0.78125%.
2018-11-19 10:54:00,420 INFO Running traffic generator
2018-11-19 10:54:10,452 INFO TX: 5816720; RX: 1635477; Est. Dropped: 4181243; Est. Drop rate: 71.8832%
2018-11-19 10:54:20,467 INFO TX: 11636064; RX: 3350253; Est. Dropped: 8285811; Est. Drop rate: 71.2080%
2018-11-19 10:54:30,463 INFO TX: 17432908; RX: 5027285; Est. Dropped: 12405623; Est. Drop rate: 71.1621%
2018-11-19 10:54:32,470 INFO Average drop rate: 71.145709
2018-11-19 10:54:32,470 INFO Range search [0.0 .. 0.78125] targets: {'ndr': 0.001}
2018-11-19 10:54:32,471 INFO Modified traffic stream for port 0, new rate=0.390625%.
2018-11-19 10:54:32,471 INFO Modified traffic stream for port 1, new rate=0.390625%.
2018-11-19 10:54:32,471 INFO Running traffic generator
2018-11-19 10:54:42,503 INFO TX: 2907176; RX: 1708611; Est. Dropped: 1198565; Est. Drop rate: 41.2278%
2018-11-19 10:54:52,519 INFO TX: 5816106; RX: 3344487; Est. Dropped: 2471619; Est. Drop rate: 42.4961%
2018-11-19 10:55:02,514 INFO TX: 8713600; RX: 4987244; Est. Dropped: 3726356; Est. Drop rate: 42.7648%
2018-11-19 10:55:04,521 INFO Average drop rate: 42.736894
2018-11-19 10:55:04,521 INFO Range search [0.0 .. 0.390625] targets: {'ndr': 0.001}
2018-11-19 10:55:04,521 INFO Modified traffic stream for port 0, new rate=0.1953125%.
2018-11-19 10:55:04,521 INFO Modified traffic stream for port 1, new rate=0.1953125%.
2018-11-19 10:55:04,521 INFO Running traffic generator
2018-11-19 10:55:14,555 INFO TX: 1452654; RX: 1396194; Est. Dropped: 56460; Est. Drop rate: 3.8867%
2018-11-19 10:55:24,569 INFO TX: 2906000; RX: 2777795; Est. Dropped: 128205; Est. Drop rate: 4.4117%
2018-11-19 10:55:34,564 INFO TX: 4353944; RX: 4166194; Est. Dropped: 187750; Est. Drop rate: 4.3122%
2018-11-19 10:55:36,569 INFO Average drop rate: 4.279982
2018-11-19 10:55:36,569 INFO Range search [0.0 .. 0.1953125] targets: {'ndr': 0.001}
2018-11-19 10:55:36,570 INFO Modified traffic stream for port 0, new rate=0.09765625%.
2018-11-19 10:55:36,570 INFO Modified traffic stream for port 1, new rate=0.09765625%.
2018-11-19 10:55:36,570 INFO Running traffic generator
2018-11-19 10:55:46,605 INFO TX: 725386; RX: 723160; Est. Dropped: 2226; Est. Drop rate: 0.3069%
2018-11-19 10:55:56,619 INFO TX: 1451030; RX: 1447319; Est. Dropped: 3711; Est. Drop rate: 0.2557%
2018-11-19 10:56:06,607 INFO TX: 2174120; RX: 2171734; Est. Dropped: 2386; Est. Drop rate: 0.1097%
2018-11-19 10:56:08,614 INFO Average drop rate: 0.034037
2018-11-19 10:56:08,614 INFO Range search [0.0 .. 0.09765625] targets: {'ndr': 0.001}
2018-11-19 10:56:08,614 INFO Found ndr (0.001) load: 0.0
2018-11-19 10:56:08,614 INFO NDR load: 0
2018-11-19 10:56:08,614 INFO Service chain 'EXT' run completed.
2018-11-19 10:56:08,614 INFO Clean up skipped.
2018-11-19 10:56:08,647 INFO Saving results in json file: /tmp/nfvbench/2csc_8_ndr-1.json...
2018-11-19 10:56:08,650 INFO 
========== NFVBench Summary ==========
Date: 2018-11-19 10:50:13
NFVBench version 2.0.5
Openstack Neutron:
  vSwitch: 
  Encapsulation: 
Benchmarks:
> Networks:
  > Components:
    > Traffic Generator:
        Profile: trex-local
        Tool: TRex
    > Versions:
      > Traffic_Generator:
          build_date: Nov 13 2017
          version: v2.32
          built_by: hhaim
          mode: STL
          build_time: 10:58:17
  > Measurement Parameters:
      NDR: 0.001
  > Service chain:
    > EXT:
      > Traffic:
          Profile: traffic_profile_64B
          Bidirectional: True
          Flow count: 1024
          Service chains count: 2
          Compute nodes: []
            
            Run Summary:
            
              +-----+-----------------+------------------+------------------+-----------------+----------------------+----------------------+----------------------+
              |  -  |   L2 Frame Size |  Rate (fwd+rev)  |  Rate (fwd+rev)  |  Avg Drop Rate  |   Avg Latency (usec) |   Min Latency (usec) |   Max Latency (usec) |
              +=====+=================+==================+==================+=================+======================+======================+======================+
              | NDR |              64 |    0.0000 bps    |      0 pps       |       0%        |                    0 |                    0 |                    0 |
              +-----+-----------------+------------------+------------------+-----------------+----------------------+----------------------+----------------------+
              
            
            L2 frame size: 64
            NDR search duration: 352 seconds
            

