2018-11-19 10:49:39,250 INFO Loading configuration file: /tmp/nfvbench/nfvbench_config.cfg
2018-11-19 10:49:39,281 INFO EXT chain with OpenStack mode disabled
2018-11-19 10:49:39,281 INFO -c /tmp/nfvbench/nfvbench_config.cfg --rate 18500000pps --flow-count 1024 --duration 30 --json /tmp/nfvbench/2csc_8_18500000pps-1.json
2018-11-19 10:49:39,282 INFO Connecting to TRex (127.0.0.1)...
2018-11-19 10:49:39,426 INFO Connected to TRex
2018-11-19 10:49:39,426 INFO    Port 0: Device 158b speed=25Gbps mac=3c:fd:fe:bd:f8:60 pci=0000:3b:00.0 driver=net_i40e
2018-11-19 10:49:39,426 INFO    Port 1: Device 158b speed=25Gbps mac=3c:fd:fe:bd:f8:61 pci=0000:3b:00.1 driver=net_i40e
2018-11-19 10:49:39,427 INFO Port 0: VLANs (1070, 1071)
2018-11-19 10:49:39,427 INFO Port 1: VLANs (1064, 1065)
2018-11-19 10:49:39,428 INFO ChainRunner initialized
2018-11-19 10:49:39,428 INFO Starting 2xEXT benchmark...
2018-11-19 10:49:39,534 INFO Polling ARP until successful...
2018-11-19 10:49:39,743 INFO    ARP: port=0 chain=0 src IP=172.16.10.100 dst IP=172.16.10.10 -> MAC=52:54:00:00:00:aa
2018-11-19 10:49:39,743 INFO    ARP: port=0 chain=1 src IP=172.16.10.101 dst IP=172.16.10.11 -> MAC=52:54:00:00:00:aa
2018-11-19 10:49:39,743 INFO ARP resolved successfully for port 0
2018-11-19 10:49:39,953 INFO    ARP: port=1 chain=0 src IP=172.16.20.100 dst IP=172.16.20.10 -> MAC=52:54:00:00:00:bb
2018-11-19 10:49:39,953 INFO    ARP: port=1 chain=1 src IP=172.16.20.101 dst IP=172.16.20.11 -> MAC=52:54:00:00:00:bb
2018-11-19 10:49:39,953 INFO ARP resolved successfully for port 1
2018-11-19 10:49:40,055 INFO Port 0: dst MAC ['52:54:00:00:00:aa', '52:54:00:00:00:aa']
2018-11-19 10:49:40,055 INFO Port 1: dst MAC ['52:54:00:00:00:bb', '52:54:00:00:00:bb']
2018-11-19 10:49:40,055 INFO Starting traffic generator to ensure end-to-end connectivity
2018-11-19 10:49:40,070 INFO Created 2 traffic streams for port 0.
2018-11-19 10:49:40,071 INFO Created 2 traffic streams for port 1.
2018-11-19 10:49:40,181 INFO Captured unique src mac 0/2, capturing return packets (retry 1/100)...
2018-11-19 10:49:42,303 INFO Received packet from mac: 52:54:00:00:00:bb (chain=1, port=1)
2018-11-19 10:49:42,303 INFO Received packet from mac: 52:54:00:00:00:aa (chain=1, port=0)
2018-11-19 10:49:42,303 INFO End-to-end connectivity established
2018-11-19 10:49:42,320 INFO Cleared all existing streams
2018-11-19 10:49:42,349 INFO Created 4 traffic streams for port 0.
2018-11-19 10:49:42,352 INFO Created 4 traffic streams for port 1.
2018-11-19 10:49:42,352 INFO Starting to generate traffic...
2018-11-19 10:49:42,352 INFO Running traffic generator
2018-11-19 10:49:52,374 INFO TX: 185190705; RX: 1761762; Est. Dropped: 183428943; Est. Drop rate: 99.0487%
2018-11-19 10:50:02,389 INFO TX: 370460297; RX: 3702357; Est. Dropped: 366757940; Est. Drop rate: 99.0006%
2018-11-19 10:50:12,385 INFO TX: 555001872; RX: 5453629; Est. Dropped: 549548243; Est. Drop rate: 99.0174%
2018-11-19 10:50:12,385 INFO ...traffic generating ended.
2018-11-19 10:50:12,390 INFO Service chain 'EXT' run completed.
2018-11-19 10:50:12,390 INFO Clean up skipped.
2018-11-19 10:50:12,413 INFO Saving results in json file: /tmp/nfvbench/2csc_8_18500000pps-1.json...
2018-11-19 10:50:12,420 INFO 
========== NFVBench Summary ==========
Date: 2018-11-19 10:49:39
NFVBench version 2.0.5
Openstack Neutron:
  vSwitch: 
  Encapsulation: 
Benchmarks:
> Networks:
  > Components:
    > Traffic Generator:
        Profile: trex-local
        Tool: TRex
    > Versions:
      > Traffic_Generator:
          build_date: Nov 13 2017
          version: v2.32
          built_by: hhaim
          mode: STL
          build_time: 10:58:17
  > Service chain:
    > EXT:
      > Traffic:
          Profile: traffic_profile_64B
          Bidirectional: True
          Flow count: 1024
          Service chains count: 2
          Compute nodes: []
            
            Run Summary:
            
              +-----------------+-------------+----------------------+----------------------+----------------------+
              |   L2 Frame Size |  Drop Rate  |  Avg Latency (usec)  |  Min Latency (usec)  |  Max Latency (usec)  |
              +=================+=============+======================+======================+======================+
              |              64 |  99.0174%   |        47,443        |        3,000         |        92,930        |
              +-----------------+-------------+----------------------+----------------------+----------------------+
              
            
            L2 frame size: 64
            
            Run Config:
            
              +-------------+---------------------------+------------------------+-----------------+---------------------------+------------------------+-----------------+
              |  Direction  |  Requested TX Rate (bps)  |  Actual TX Rate (bps)  |  RX Rate (bps)  |  Requested TX Rate (pps)  |  Actual TX Rate (pps)  |  RX Rate (pps)  |
              +=============+===========================+========================+=================+===========================+========================+=================+
              |   Forward   |        6.2160 Gbps        |      6.2160 Gbps       |  61.2340 Mbps   |       9,250,000 pps       |     9,250,031 pps      |   91,122 pps    |
              +-------------+---------------------------+------------------------+-----------------+---------------------------+------------------------+-----------------+
              |   Reverse   |        6.2160 Gbps        |      6.2160 Gbps       |  60.9273 Mbps   |       9,250,000 pps       |     9,250,031 pps      |   90,665 pps    |
              +-------------+---------------------------+------------------------+-----------------+---------------------------+------------------------+-----------------+
              |    Total    |       12.4320 Gbps        |      12.4320 Gbps      |  122.1613 Mbps  |      18,500,000 pps       |     18,500,062 pps     |   181,787 pps   |
              +-------------+---------------------------+------------------------+-----------------+---------------------------+------------------------+-----------------+
              
            Forward Chain Packet Counters and Latency:
            
              +---------+--------------+--------------------------+-------------+------------+-------------+
              |  Chain  |  TRex.TX.p0  |        TRex.RX.p1        |  Avg lat.   |  Min lat.  |  Max lat.   |
              +=========+==============+==========================+=============+============+=============+
              |    0    | 138,750,468  | -137,385,366 (-99.0161%) | 43,761 usec | 3,000 usec | 89,211 usec |
              +---------+--------------+--------------------------+-------------+------------+-------------+
              |    1    | 138,750,468  | -137,380,375 (-99.0125%) | 46,354 usec | 5,000 usec | 92,930 usec |
              +---------+--------------+--------------------------+-------------+------------+-------------+
              |  total  | 277,500,936  | -274,765,741 (-99.0143%) | 45,058 usec | 3,000 usec | 92,930 usec |
              +---------+--------------+--------------------------+-------------+------------+-------------+
              
            Reverse Chain Packet Counters and Latency:
            
              +---------+--------------+--------------------------+-------------+------------+-------------+
              |  Chain  |  TRex.TX.p1  |        TRex.RX.p0        |  Avg lat.   |  Min lat.  |  Max lat.   |
              +=========+==============+==========================+=============+============+=============+
              |    0    | 138,750,468  | -137,392,658 (-99.0214%) | 47,257 usec | 7,000 usec | 72,784 usec |
              +---------+--------------+--------------------------+-------------+------------+-------------+
              |    1    | 138,750,468  | -137,387,797 (-99.0179%) | 52,379 usec | 4,000 usec | 80,697 usec |
              +---------+--------------+--------------------------+-------------+------------+-------------+
              |  total  | 277,500,936  | -274,780,455 (-99.0196%) | 49,818 usec | 4,000 usec | 80,697 usec |
              +---------+--------------+--------------------------+-------------+------------+-------------+
              

