2018-11-19 07:52:16,726 INFO Loading configuration file: /tmp/nfvbench/nfvbench_config.cfg
2018-11-19 07:52:16,757 INFO EXT chain with OpenStack mode disabled
2018-11-19 07:52:16,757 INFO -c /tmp/nfvbench/nfvbench_config.cfg --rate 18500000pps --flow-count 1024 --duration 30 --json /tmp/nfvbench/1vsc_2_18500000pps-1.log
2018-11-19 07:52:16,759 INFO Connecting to TRex (127.0.0.1)...
2018-11-19 07:52:16,907 INFO Connected to TRex
2018-11-19 07:52:16,907 INFO    Port 0: Device 158b speed=25Gbps mac=3c:fd:fe:bd:f8:60 pci=0000:3b:00.0 driver=net_i40e
2018-11-19 07:52:16,907 INFO    Port 1: Device 158b speed=25Gbps mac=3c:fd:fe:bd:f8:61 pci=0000:3b:00.1 driver=net_i40e
2018-11-19 07:52:16,908 INFO Port 0: VLANs [1070]
2018-11-19 07:52:16,908 INFO Port 1: VLANs [1064]
2018-11-19 07:52:16,908 INFO ChainRunner initialized
2018-11-19 07:52:16,909 INFO Starting 1xEXT benchmark...
2018-11-19 07:52:17,013 INFO Polling ARP until successful...
2018-11-19 07:52:17,124 INFO    ARP: port=0 chain=0 src IP=172.16.10.100 dst IP=172.16.10.10 -> MAC=52:54:00:00:00:aa
2018-11-19 07:52:17,125 INFO ARP resolved successfully for port 0
2018-11-19 07:52:17,235 INFO    ARP: port=1 chain=0 src IP=172.16.20.100 dst IP=172.16.20.10 -> MAC=52:54:00:00:00:bb
2018-11-19 07:52:17,235 INFO ARP resolved successfully for port 1
2018-11-19 07:52:17,337 INFO Port 0: dst MAC ['52:54:00:00:00:aa']
2018-11-19 07:52:17,337 INFO Port 1: dst MAC ['52:54:00:00:00:bb']
2018-11-19 07:52:17,337 INFO Starting traffic generator to ensure end-to-end connectivity
2018-11-19 07:52:17,345 INFO Created 1 traffic streams for port 0.
2018-11-19 07:52:17,346 INFO Created 1 traffic streams for port 1.
2018-11-19 07:52:17,456 INFO Captured unique src mac 0/2, capturing return packets (retry 1/100)...
2018-11-19 07:52:19,578 INFO Received packet from mac: 52:54:00:00:00:bb (chain=0, port=1)
2018-11-19 07:52:19,578 INFO Received packet from mac: 52:54:00:00:00:aa (chain=0, port=0)
2018-11-19 07:52:19,578 INFO End-to-end connectivity established
2018-11-19 07:52:19,595 INFO Cleared all existing streams
2018-11-19 07:52:19,610 INFO Created 2 traffic streams for port 0.
2018-11-19 07:52:19,612 INFO Created 2 traffic streams for port 1.
2018-11-19 07:52:19,612 INFO Starting to generate traffic...
2018-11-19 07:52:19,612 INFO Running traffic generator
2018-11-19 07:52:29,632 INFO TX: 185191935; RX: 30969058; Est. Dropped: 154222877; Est. Drop rate: 83.2773%
2018-11-19 07:52:39,645 INFO TX: 370429616; RX: 61971170; Est. Dropped: 308458446; Est. Drop rate: 83.2705%
2018-11-19 07:52:49,641 INFO TX: 554995212; RX: 92862434; Est. Dropped: 462132778; Est. Drop rate: 83.2679%
2018-11-19 07:52:49,641 INFO ...traffic generating ended.
2018-11-19 07:52:49,645 INFO Service chain 'EXT' run completed.
2018-11-19 07:52:49,645 INFO Clean up skipped.
2018-11-19 07:52:49,669 INFO Saving results in json file: /tmp/nfvbench/1vsc_2_18500000pps-1.log...
2018-11-19 07:52:49,674 INFO 
========== NFVBench Summary ==========
Date: 2018-11-19 07:52:16
NFVBench version 2.0.5
Openstack Neutron:
  vSwitch: 
  Encapsulation: 
Benchmarks:
> Networks:
  > Components:
    > Traffic Generator:
        Profile: trex-local
        Tool: TRex
    > Versions:
      > Traffic_Generator:
          build_date: Nov 13 2017
          version: v2.32
          built_by: hhaim
          mode: STL
          build_time: 10:58:17
  > Service chain:
    > EXT:
      > Traffic:
          Profile: traffic_profile_64B
          Bidirectional: True
          Flow count: 1024
          Service chains count: 1
          Compute nodes: []
            
            Run Summary:
            
              +-----------------+-------------+----------------------+----------------------+----------------------+
              |   L2 Frame Size |  Drop Rate  |  Avg Latency (usec)  |   Min Latency (usec) |  Max Latency (usec)  |
              +=================+=============+======================+======================+======================+
              |              64 |  83.2679%   |        1,201         |                   20 |        1,449         |
              +-----------------+-------------+----------------------+----------------------+----------------------+
              
            
            L2 frame size: 64
            
            Run Config:
            
              +-------------+---------------------------+------------------------+-----------------+---------------------------+------------------------+-----------------+
              |  Direction  |  Requested TX Rate (bps)  |  Actual TX Rate (bps)  |  RX Rate (bps)  |  Requested TX Rate (pps)  |  Actual TX Rate (pps)  |  RX Rate (pps)  |
              +=============+===========================+========================+=================+===========================+========================+=================+
              |   Forward   |        6.2160 Gbps        |      6.2159 Gbps       |   1.0400 Gbps   |       9,250,000 pps       |     9,249,920 pps      |  1,547,594 pps  |
              +-------------+---------------------------+------------------------+-----------------+---------------------------+------------------------+-----------------+
              |   Reverse   |        6.2160 Gbps        |      6.2159 Gbps       |   1.0401 Gbps   |       9,250,000 pps       |     9,249,920 pps      |  1,547,819 pps  |
              +-------------+---------------------------+------------------------+-----------------+---------------------------+------------------------+-----------------+
              |    Total    |       12.4320 Gbps        |      12.4319 Gbps      |   2.0801 Gbps   |      18,500,000 pps       |     18,499,840 pps     |  3,095,413 pps  |
              +-------------+---------------------------+------------------------+-----------------+---------------------------+------------------------+-----------------+
              
            Forward Chain Packet Counters and Latency:
            
              +---------+--------------+--------------------------+------------+------------+------------+
              |   Chain |  TRex.TX.p0  |        TRex.RX.p1        |  Avg lat.  |  Min lat.  |  Max lat.  |
              +=========+==============+==========================+============+============+============+
              |       0 | 277,497,606  | -231,069,764 (-83.2691%) | 1,196 usec |  20 usec   | 1,381 usec |
              +---------+--------------+--------------------------+------------+------------+------------+
              
            Reverse Chain Packet Counters and Latency:
            
              +---------+--------------+--------------------------+------------+------------+------------+
              |   Chain |  TRex.TX.p1  |        TRex.RX.p0        |  Avg lat.  |  Min lat.  |  Max lat.  |
              +=========+==============+==========================+============+============+============+
              |       0 | 277,497,606  | -231,063,014 (-83.2667%) | 1,209 usec |  200 usec  | 1,449 usec |
              +---------+--------------+--------------------------+------------+------------+------------+
              

