2018-11-16 11:19:40,435 INFO Loading configuration file: /tmp/nfvbench/nfvbench_config.cfg
2018-11-16 11:19:40,466 INFO EXT chain with OpenStack mode disabled
2018-11-16 11:19:40,467 INFO -c /tmp/nfvbench/nfvbench_config.cfg --rate ndr --flow-count 1024 --duration 30 --json /tmp/nfvbench/1csp_2_ndr-1.log
2018-11-16 11:19:40,468 INFO Connecting to TRex (127.0.0.1)...
2018-11-16 11:19:40,498 INFO Connected to TRex
2018-11-16 11:19:40,498 INFO    Port 0: Device 158b speed=25Gbps mac=3c:fd:fe:bd:f8:60 pci=0000:3b:00.0 driver=net_i40e
2018-11-16 11:19:40,498 INFO    Port 1: Device 158b speed=25Gbps mac=3c:fd:fe:bd:f8:61 pci=0000:3b:00.1 driver=net_i40e
2018-11-16 11:19:40,499 INFO Port 0: VLANs [1070]
2018-11-16 11:19:40,499 INFO Port 1: VLANs [1064]
2018-11-16 11:19:40,499 INFO ChainRunner initialized
2018-11-16 11:19:40,500 INFO Starting 1xEXT benchmark...
2018-11-16 11:19:40,605 INFO Polling ARP until successful...
2018-11-16 11:19:40,717 INFO    ARP: port=0 chain=0 src IP=172.16.10.100 dst IP=172.16.10.10 -> MAC=52:54:00:00:00:aa
2018-11-16 11:19:40,717 INFO ARP resolved successfully for port 0
2018-11-16 11:19:40,833 INFO    ARP: port=1 chain=0 src IP=172.16.20.100 dst IP=172.16.20.10 -> MAC=52:54:00:00:00:bb
2018-11-16 11:19:40,833 INFO ARP resolved successfully for port 1
2018-11-16 11:19:40,934 INFO Port 0: dst MAC ['52:54:00:00:00:aa']
2018-11-16 11:19:40,934 INFO Port 1: dst MAC ['52:54:00:00:00:bb']
2018-11-16 11:19:40,935 INFO Starting traffic generator to ensure end-to-end connectivity
2018-11-16 11:19:40,943 INFO Created 1 traffic streams for port 0.
2018-11-16 11:19:40,944 INFO Created 1 traffic streams for port 1.
2018-11-16 11:19:41,053 INFO Captured unique src mac 0/2, capturing return packets (retry 1/100)...
2018-11-16 11:19:43,176 INFO Received packet from mac: 52:54:00:00:00:bb (chain=0, port=1)
2018-11-16 11:19:43,176 INFO Received packet from mac: 52:54:00:00:00:aa (chain=0, port=0)
2018-11-16 11:19:43,176 INFO End-to-end connectivity established
2018-11-16 11:19:43,194 INFO Cleared all existing streams
2018-11-16 11:19:43,208 INFO Created 2 traffic streams for port 0.
2018-11-16 11:19:43,210 INFO Created 2 traffic streams for port 1.
2018-11-16 11:19:43,210 INFO *** Searching NDR for 64 (Bidirectional)...
2018-11-16 11:19:43,210 INFO Range search [0.0 .. 200.0] targets: {'ndr': 0.001}
2018-11-16 11:19:43,210 INFO Modified traffic stream for port 0, new rate=100.0%.
2018-11-16 11:19:43,210 INFO Modified traffic stream for port 1, new rate=100.0%.
2018-11-16 11:19:43,210 INFO Running traffic generator


2018-11-16 11:19:49 - [local][warning]   - [1mCPU util. is high: 87.0%[22m
2018-11-16 11:19:53,231 INFO TX: 412412084; RX: 52020128; Est. Dropped: 360391956; Est. Drop rate: 87.3864%
2018-11-16 11:20:03,244 INFO TX: 825082785; RX: 103831456; Est. Dropped: 721251329; Est. Drop rate: 87.4156%
2018-11-16 11:20:13,245 INFO TX: 1236824328; RX: 155516522; Est. Dropped: 1081307806; Est. Drop rate: 87.4261%
2018-11-16 11:20:15,251 INFO WARNING: There is a significant difference between requested TX rate (74404760) and actual TX rate (41227477). The traffic generator may not have sufficient CPU to achieve the requested TX rate.
2018-11-16 11:20:15,251 INFO Average drop rate: 87.426143
2018-11-16 11:20:15,251 INFO Range search [0.0 .. 100.0] targets: {'ndr': 0.001}
2018-11-16 11:20:15,251 INFO Modified traffic stream for port 0, new rate=50.0%.
2018-11-16 11:20:15,251 INFO Modified traffic stream for port 1, new rate=50.0%.
2018-11-16 11:20:15,251 INFO Running traffic generator


2018-11-16 11:20:22 - [local][warning]   - [1mCPU util. is high: 85.3%[22m
2018-11-16 11:20:25,272 INFO TX: 372393974; RX: 52379734; Est. Dropped: 320014240; Est. Drop rate: 85.9343%
2018-11-16 11:20:35,286 INFO TX: 744920428; RX: 104759382; Est. Dropped: 640161046; Est. Drop rate: 85.9368%
2018-11-16 11:20:45,279 INFO TX: 1116067280; RX: 156943324; Est. Dropped: 959123956; Est. Drop rate: 85.9378%
2018-11-16 11:20:47,284 INFO Average drop rate: 85.937826
2018-11-16 11:20:47,284 INFO Range search [0.0 .. 50.0] targets: {'ndr': 0.001}
2018-11-16 11:20:47,285 INFO Modified traffic stream for port 0, new rate=25.0%.
2018-11-16 11:20:47,285 INFO Modified traffic stream for port 1, new rate=25.0%.
2018-11-16 11:20:47,285 INFO Running traffic generator
2018-11-16 11:20:57,307 INFO TX: 186190880; RX: 53380458; Est. Dropped: 132810422; Est. Drop rate: 71.3303%
2018-11-16 11:21:07,320 INFO TX: 372429813; RX: 106756202; Est. Dropped: 265673611; Est. Drop rate: 71.3352%
2018-11-16 11:21:17,319 INFO TX: 558032626; RX: 159981014; Est. Dropped: 398051612; Est. Drop rate: 71.3312%
2018-11-16 11:21:19,323 INFO Average drop rate: 71.331244
2018-11-16 11:21:19,323 INFO Range search [0.0 .. 25.0] targets: {'ndr': 0.001}
2018-11-16 11:21:19,323 INFO Modified traffic stream for port 0, new rate=12.5%.
2018-11-16 11:21:19,323 INFO Modified traffic stream for port 1, new rate=12.5%.
2018-11-16 11:21:19,323 INFO Running traffic generator
2018-11-16 11:21:29,345 INFO TX: 93097617; RX: 51499669; Est. Dropped: 41597948; Est. Drop rate: 44.6821%
2018-11-16 11:21:39,358 INFO TX: 186217006; RX: 103059288; Est. Dropped: 83157718; Est. Drop rate: 44.6564%
2018-11-16 11:21:49,350 INFO TX: 279014968; RX: 154445469; Est. Dropped: 124569499; Est. Drop rate: 44.6462%
2018-11-16 11:21:51,355 INFO Average drop rate: 44.646171
2018-11-16 11:21:51,355 INFO Range search [0.0 .. 12.5] targets: {'ndr': 0.001}
2018-11-16 11:21:51,356 INFO Modified traffic stream for port 0, new rate=6.25%.
2018-11-16 11:21:51,356 INFO Modified traffic stream for port 1, new rate=6.25%.
2018-11-16 11:21:51,356 INFO Running traffic generator
2018-11-16 11:22:01,375 INFO TX: 46545287; RX: 46545031; Est. Dropped: 256; Est. Drop rate: 0.0006%
2018-11-16 11:22:11,388 INFO TX: 93104656; RX: 93104091; Est. Dropped: 565; Est. Drop rate: 0.0006%
2018-11-16 11:22:21,384 INFO TX: 139506064; RX: 139506064; Est. Dropped: 0; Est. Drop rate: 0.0000%
2018-11-16 11:22:23,388 INFO Average drop rate: 0.000000
2018-11-16 11:22:23,388 INFO Range search [6.25 .. 12.5] targets: {'ndr': 0.001}
2018-11-16 11:22:23,388 INFO Modified traffic stream for port 0, new rate=9.375%.
2018-11-16 11:22:23,389 INFO Modified traffic stream for port 1, new rate=9.375%.
2018-11-16 11:22:23,389 INFO Running traffic generator
2018-11-16 11:22:33,411 INFO TX: 69823384; RX: 51305974; Est. Dropped: 18517410; Est. Drop rate: 26.5204%
2018-11-16 11:22:43,424 INFO TX: 139667857; RX: 102626783; Est. Dropped: 37041074; Est. Drop rate: 26.5208%
2018-11-16 11:22:53,420 INFO TX: 209260524; RX: 153766498; Est. Dropped: 55494026; Est. Drop rate: 26.5191%
2018-11-16 11:22:55,426 INFO Average drop rate: 26.519109
2018-11-16 11:22:55,426 INFO Range search [6.25 .. 9.375] targets: {'ndr': 0.001}
2018-11-16 11:22:55,426 INFO Modified traffic stream for port 0, new rate=7.8125%.
2018-11-16 11:22:55,426 INFO Modified traffic stream for port 1, new rate=7.8125%.
2018-11-16 11:22:55,427 INFO Running traffic generator
2018-11-16 11:23:05,447 INFO TX: 58186941; RX: 51402453; Est. Dropped: 6784488; Est. Drop rate: 11.6598%
2018-11-16 11:23:15,460 INFO TX: 116389750; RX: 103016917; Est. Dropped: 13372833; Est. Drop rate: 11.4897%
2018-11-16 11:23:25,456 INFO TX: 174383334; RX: 155031619; Est. Dropped: 19351715; Est. Drop rate: 11.0972%
2018-11-16 11:23:27,460 INFO Average drop rate: 11.097227
2018-11-16 11:23:27,460 INFO Range search [6.25 .. 7.8125] targets: {'ndr': 0.001}
2018-11-16 11:23:27,460 INFO Modified traffic stream for port 0, new rate=7.03125%.
2018-11-16 11:23:27,460 INFO Modified traffic stream for port 1, new rate=7.03125%.
2018-11-16 11:23:27,460 INFO Running traffic generator
2018-11-16 11:23:37,482 INFO TX: 52358919; RX: 51378722; Est. Dropped: 980197; Est. Drop rate: 1.8721%
2018-11-16 11:23:47,495 INFO TX: 104742189; RX: 102786413; Est. Dropped: 1955776; Est. Drop rate: 1.8672%
2018-11-16 11:23:57,494 INFO TX: 156944668; RX: 154018832; Est. Dropped: 2925836; Est. Drop rate: 1.8642%
2018-11-16 11:23:59,498 INFO Average drop rate: 1.864247
2018-11-16 11:23:59,498 INFO Range search [6.25 .. 7.03125] targets: {'ndr': 0.001}
2018-11-16 11:23:59,498 INFO Modified traffic stream for port 0, new rate=6.640625%.
2018-11-16 11:23:59,499 INFO Modified traffic stream for port 1, new rate=6.640625%.
2018-11-16 11:23:59,499 INFO Running traffic generator
2018-11-16 11:24:09,520 INFO TX: 49454155; RX: 49453608; Est. Dropped: 547; Est. Drop rate: 0.0011%
2018-11-16 11:24:19,531 INFO TX: 98916132; RX: 98915577; Est. Dropped: 555; Est. Drop rate: 0.0006%
2018-11-16 11:24:29,524 INFO TX: 148225378; RX: 148225378; Est. Dropped: 0; Est. Drop rate: 0.0000%
2018-11-16 11:24:31,528 INFO Average drop rate: 0.000000
2018-11-16 11:24:31,529 INFO Range search [6.640625 .. 7.03125] targets: {'ndr': 0.001}
2018-11-16 11:24:31,529 INFO Modified traffic stream for port 0, new rate=6.8359375%.
2018-11-16 11:24:31,529 INFO Modified traffic stream for port 1, new rate=6.8359375%.
2018-11-16 11:24:31,529 INFO Running traffic generator
2018-11-16 11:24:41,551 INFO TX: 50911282; RX: 50910424; Est. Dropped: 858; Est. Drop rate: 0.0017%
2018-11-16 11:24:51,563 INFO TX: 101831613; RX: 101830648; Est. Dropped: 965; Est. Drop rate: 0.0009%
2018-11-16 11:25:01,555 INFO TX: 152585042; RX: 152585042; Est. Dropped: 0; Est. Drop rate: 0.0000%
2018-11-16 11:25:03,560 INFO Average drop rate: 0.000000
2018-11-16 11:25:03,560 INFO Range search [6.8359375 .. 7.03125] targets: {'ndr': 0.001}
2018-11-16 11:25:03,560 INFO Modified traffic stream for port 0, new rate=6.93359375%.
2018-11-16 11:25:03,560 INFO Modified traffic stream for port 1, new rate=6.93359375%.
2018-11-16 11:25:03,560 INFO Running traffic generator
2018-11-16 11:25:13,582 INFO TX: 51632484; RX: 51631606; Est. Dropped: 878; Est. Drop rate: 0.0017%
2018-11-16 11:25:23,590 INFO TX: 103263366; RX: 103262372; Est. Dropped: 994; Est. Drop rate: 0.0010%
2018-11-16 11:25:33,592 INFO TX: 154764844; RX: 154764844; Est. Dropped: 0; Est. Drop rate: 0.0000%
2018-11-16 11:25:35,597 INFO Average drop rate: 0.000000
2018-11-16 11:25:35,597 INFO Range search [6.93359375 .. 7.03125] targets: {'ndr': 0.001}
2018-11-16 11:25:35,597 INFO Found ndr (0.001) load: 6.93359375
2018-11-16 11:25:35,597 INFO NDR load: 13.8671875
2018-11-16 11:25:35,597 INFO Service chain 'EXT' run completed.
2018-11-16 11:25:35,597 INFO Clean up skipped.
2018-11-16 11:25:35,623 INFO Saving results in json file: /tmp/nfvbench/1csp_2_ndr-1.log...
2018-11-16 11:25:35,626 INFO 
========== NFVBench Summary ==========
Date: 2018-11-16 11:19:40
NFVBench version 2.0.5
Openstack Neutron:
  vSwitch: 
  Encapsulation: 
Benchmarks:
> Networks:
  > Components:
    > Traffic Generator:
        Profile: trex-local
        Tool: TRex
    > Versions:
      > Traffic_Generator:
          build_date: Nov 13 2017
          version: v2.32
          built_by: hhaim
          mode: STL
          build_time: 10:58:17
  > Measurement Parameters:
      NDR: 0.001
  > Service chain:
    > EXT:
      > Traffic:
          Profile: traffic_profile_64B
          Bidirectional: True
          Flow count: 1024
          Service chains count: 1
          Compute nodes: []
            
            Run Summary:
            
              +-----+-----------------+------------------+------------------+-----------------+----------------------+----------------------+----------------------+
              |  -  |   L2 Frame Size |  Rate (fwd+rev)  |  Rate (fwd+rev)  |  Avg Drop Rate  |   Avg Latency (usec) |   Min Latency (usec) |   Max Latency (usec) |
              +=====+=================+==================+==================+=================+======================+======================+======================+
              | NDR |              64 |   3.4668 Gbps    |  5,158,922 pps   |     0.0000%     |                  250 |                   10 |                  384 |
              +-----+-----------------+------------------+------------------+-----------------+----------------------+----------------------+----------------------+
              
            
            L2 frame size: 64
            NDR search duration: 352 seconds
            

