2018-10-31 14:05:47,605 INFO Loading configuration file: /tmp/nfvbench/nfvbench_config.cfg
2018-10-31 14:05:47,635 INFO EXT chain with OpenStack mode disabled
2018-10-31 14:05:47,636 INFO -c /tmp/nfvbench/nfvbench_config.cfg --rate ndr --flow-count 1000 --duration 30
2018-10-31 14:05:47,637 INFO Connecting to TRex (127.0.0.1)...
2018-10-31 14:05:47,772 INFO Connected to TRex
2018-10-31 14:05:47,772 INFO    Port 0: Device 158b speed=25Gbps mac=3c:fd:fe:bd:f8:60 pci=0000:3b:00.0 driver=net_i40e
2018-10-31 14:05:47,772 INFO    Port 1: Device 158b speed=25Gbps mac=3c:fd:fe:bd:f8:61 pci=0000:3b:00.1 driver=net_i40e
2018-10-31 14:05:47,773 INFO Port 0: dst MAC ['52:54:00:00:00:aa']
2018-10-31 14:05:47,773 INFO Port 1: dst MAC ['52:54:00:00:00:bb']
2018-10-31 14:05:47,773 INFO ChainRunner initialized
2018-10-31 14:05:47,774 INFO Starting 1xEXT benchmark...
2018-10-31 14:05:47,985 INFO Starting traffic generator to ensure end-to-end connectivity
2018-10-31 14:05:47,991 INFO Created 1 traffic streams for port 0.
2018-10-31 14:05:47,992 INFO Created 1 traffic streams for port 1.
2018-10-31 14:05:48,102 INFO Captured unique src mac 0/2, capturing return packets (retry 1/100)...
2018-10-31 14:05:50,223 INFO Received packet from mac: 52:54:00:00:00:bb (chain=0, port=1)
2018-10-31 14:05:50,223 INFO Received packet from mac: 52:54:00:00:00:aa (chain=0, port=0)
2018-10-31 14:05:50,223 INFO End-to-end connectivity established
2018-10-31 14:05:50,239 INFO Cleared all existing streams
2018-10-31 14:05:50,247 INFO Created 2 traffic streams for port 0.
2018-10-31 14:05:50,248 INFO Created 2 traffic streams for port 1.
2018-10-31 14:05:50,248 INFO *** Searching NDR for 64 (Bidirectional)...
2018-10-31 14:05:50,249 INFO Range search [0.0 .. 200.0] targets: {'ndr': 0.001}
2018-10-31 14:05:50,249 INFO Modified traffic stream for port 0, new rate=100.0%.
2018-10-31 14:05:50,249 INFO Modified traffic stream for port 1, new rate=100.0%.
2018-10-31 14:05:50,249 INFO Running traffic generator


2018-10-31 14:05:57 - [local][warning]   - [1mCPU util. is high: 87.5%[22m
2018-10-31 14:06:00,269 INFO TX: 410874151; RX: 8289536; Est. Dropped: 402584615; Est. Drop rate: 97.9825%
2018-10-31 14:06:10,282 INFO TX: 821864584; RX: 16583552; Est. Dropped: 805281032; Est. Drop rate: 97.9822%
2018-10-31 14:06:20,282 INFO TX: 1231626086; RX: 24859264; Est. Dropped: 1206766822; Est. Drop rate: 97.9816%
2018-10-31 14:06:22,287 INFO WARNING: There is a significant difference between requested TX rate (74404760) and actual TX rate (41054202). The traffic generator may not have sufficient CPU to achieve the requested TX rate.
2018-10-31 14:06:22,287 INFO Average drop rate: 97.981590
2018-10-31 14:06:22,288 INFO Range search [0.0 .. 100.0] targets: {'ndr': 0.001}
2018-10-31 14:06:22,288 INFO Modified traffic stream for port 0, new rate=50.0%.
2018-10-31 14:06:22,288 INFO Modified traffic stream for port 1, new rate=50.0%.
2018-10-31 14:06:22,288 INFO Running traffic generator


2018-10-31 14:06:29 - [local][warning]   - [1mCPU util. is high: 85.1%[22m
2018-10-31 14:06:32,312 INFO TX: 372379968; RX: 8289632; Est. Dropped: 364090336; Est. Drop rate: 97.7739%
2018-10-31 14:06:42,325 INFO TX: 744904947; RX: 16581856; Est. Dropped: 728323091; Est. Drop rate: 97.7740%
2018-10-31 14:06:52,322 INFO TX: 1116072674; RX: 24849122; Est. Dropped: 1091223552; Est. Drop rate: 97.7735%
2018-10-31 14:06:54,328 INFO Average drop rate: 97.773521
2018-10-31 14:06:54,328 INFO Range search [0.0 .. 50.0] targets: {'ndr': 0.001}
2018-10-31 14:06:54,328 INFO Modified traffic stream for port 0, new rate=25.0%.
2018-10-31 14:06:54,328 INFO Modified traffic stream for port 1, new rate=25.0%.
2018-10-31 14:06:54,328 INFO Running traffic generator
2018-10-31 14:07:04,352 INFO TX: 186180924; RX: 8272909; Est. Dropped: 177908015; Est. Drop rate: 95.5565%
2018-10-31 14:07:14,365 INFO TX: 372444864; RX: 16550605; Est. Dropped: 355894259; Est. Drop rate: 95.5562%
2018-10-31 14:07:24,362 INFO TX: 558035996; RX: 24800909; Est. Dropped: 533235087; Est. Drop rate: 95.5557%
2018-10-31 14:07:26,368 INFO Average drop rate: 95.555679
2018-10-31 14:07:26,368 INFO Range search [0.0 .. 25.0] targets: {'ndr': 0.001}
2018-10-31 14:07:26,368 INFO Modified traffic stream for port 0, new rate=12.5%.
2018-10-31 14:07:26,368 INFO Modified traffic stream for port 1, new rate=12.5%.
2018-10-31 14:07:26,368 INFO Running traffic generator
2018-10-31 14:07:36,392 INFO TX: 93095522; RX: 8274166; Est. Dropped: 84821356; Est. Drop rate: 91.1122%
2018-10-31 14:07:46,406 INFO TX: 186228858; RX: 16550198; Est. Dropped: 169678660; Est. Drop rate: 91.1130%
2018-10-31 14:07:56,403 INFO TX: 279017832; RX: 24800502; Est. Dropped: 254217330; Est. Drop rate: 91.1115%
2018-10-31 14:07:58,409 INFO Average drop rate: 91.111499
2018-10-31 14:07:58,409 INFO Range search [0.0 .. 12.5] targets: {'ndr': 0.001}
2018-10-31 14:07:58,409 INFO Modified traffic stream for port 0, new rate=6.25%.
2018-10-31 14:07:58,409 INFO Modified traffic stream for port 1, new rate=6.25%.
2018-10-31 14:07:58,409 INFO Running traffic generator
2018-10-31 14:08:08,434 INFO TX: 46550069; RX: 8314332; Est. Dropped: 38235737; Est. Drop rate: 82.1389%
2018-10-31 14:08:18,448 INFO TX: 93114011; RX: 16634012; Est. Dropped: 76479999; Est. Drop rate: 82.1359%
2018-10-31 14:08:28,442 INFO TX: 139508928; RX: 24924764; Est. Dropped: 114584164; Est. Drop rate: 82.1339%
2018-10-31 14:08:30,446 INFO Average drop rate: 82.133929
2018-10-31 14:08:30,446 INFO Range search [0.0 .. 6.25] targets: {'ndr': 0.001}
2018-10-31 14:08:30,447 INFO Modified traffic stream for port 0, new rate=3.125%.
2018-10-31 14:08:30,447 INFO Modified traffic stream for port 1, new rate=3.125%.
2018-10-31 14:08:30,447 INFO Running traffic generator
2018-10-31 14:08:40,476 INFO TX: 23273075; RX: 8378036; Est. Dropped: 14895039; Est. Drop rate: 64.0012%
2018-10-31 14:08:50,489 INFO TX: 46554054; RX: 16758836; Est. Dropped: 29795218; Est. Drop rate: 64.0013%
2018-10-31 14:09:00,480 INFO TX: 69754464; RX: 25113737; Est. Dropped: 44640727; Est. Drop rate: 63.9969%
2018-10-31 14:09:02,485 INFO Average drop rate: 63.996946
2018-10-31 14:09:02,485 INFO Range search [0.0 .. 3.125] targets: {'ndr': 0.001}
2018-10-31 14:09:02,485 INFO Modified traffic stream for port 0, new rate=1.5625%.
2018-10-31 14:09:02,485 INFO Modified traffic stream for port 1, new rate=1.5625%.
2018-10-31 14:09:02,486 INFO Running traffic generator
2018-10-31 14:09:12,510 INFO TX: 11637341; RX: 10602172; Est. Dropped: 1035169; Est. Drop rate: 8.8952%
2018-10-31 14:09:22,523 INFO TX: 23277220; RX: 21166662; Est. Dropped: 2110558; Est. Drop rate: 9.0671%
2018-10-31 14:09:32,517 INFO TX: 34877234; RX: 31695202; Est. Dropped: 3182032; Est. Drop rate: 9.1235%
2018-10-31 14:09:34,522 INFO Average drop rate: 9.123522
2018-10-31 14:09:34,522 INFO Range search [0.0 .. 1.5625] targets: {'ndr': 0.001}
2018-10-31 14:09:34,522 INFO Modified traffic stream for port 0, new rate=0.78125%.
2018-10-31 14:09:34,522 INFO Modified traffic stream for port 1, new rate=0.78125%.
2018-10-31 14:09:34,522 INFO Running traffic generator
2018-10-31 14:09:44,546 INFO TX: 5818110; RX: 5818110; Est. Dropped: 0; Est. Drop rate: 0.0000%
2018-10-31 14:09:54,559 INFO TX: 11638247; RX: 11637959; Est. Dropped: 288; Est. Drop rate: 0.0025%
2018-10-31 14:10:04,549 INFO TX: 17438616; RX: 17438616; Est. Dropped: 0; Est. Drop rate: 0.0000%
2018-10-31 14:10:06,553 INFO Average drop rate: 0.000000
2018-10-31 14:10:06,553 INFO Range search [0.78125 .. 1.5625] targets: {'ndr': 0.001}
2018-10-31 14:10:06,553 INFO Modified traffic stream for port 0, new rate=1.171875%.
2018-10-31 14:10:06,553 INFO Modified traffic stream for port 1, new rate=1.171875%.
2018-10-31 14:10:06,553 INFO Running traffic generator
2018-10-31 14:10:16,577 INFO TX: 8727169; RX: 8726804; Est. Dropped: 365; Est. Drop rate: 0.0042%
2018-10-31 14:10:26,590 INFO TX: 17456516; RX: 17456295; Est. Dropped: 221; Est. Drop rate: 0.0013%
2018-10-31 14:10:36,582 INFO TX: 26157926; RX: 26157926; Est. Dropped: 0; Est. Drop rate: 0.0000%
2018-10-31 14:10:38,587 INFO Average drop rate: 0.000000
2018-10-31 14:10:38,587 INFO Range search [1.171875 .. 1.5625] targets: {'ndr': 0.001}
2018-10-31 14:10:38,587 INFO Modified traffic stream for port 0, new rate=1.3671875%.
2018-10-31 14:10:38,587 INFO Modified traffic stream for port 1, new rate=1.3671875%.
2018-10-31 14:10:38,587 INFO Running traffic generator
2018-10-31 14:10:48,610 INFO TX: 10182149; RX: 10181734; Est. Dropped: 415; Est. Drop rate: 0.0041%
2018-10-31 14:10:58,621 INFO TX: 20365418; RX: 20364878; Est. Dropped: 540; Est. Drop rate: 0.0027%
2018-10-31 14:11:08,618 INFO TX: 30517580; RX: 30517580; Est. Dropped: 0; Est. Drop rate: 0.0000%
2018-10-31 14:11:10,622 INFO Average drop rate: 0.000000
2018-10-31 14:11:10,622 INFO Range search [1.3671875 .. 1.5625] targets: {'ndr': 0.001}
2018-10-31 14:11:10,623 INFO Modified traffic stream for port 0, new rate=1.46484375%.
2018-10-31 14:11:10,623 INFO Modified traffic stream for port 1, new rate=1.46484375%.
2018-10-31 14:11:10,623 INFO Running traffic generator
2018-10-31 14:11:20,648 INFO TX: 10909888; RX: 10909440; Est. Dropped: 448; Est. Drop rate: 0.0041%
2018-10-31 14:11:30,661 INFO TX: 21822969; RX: 21822102; Est. Dropped: 867; Est. Drop rate: 0.0040%
2018-10-31 14:11:40,656 INFO TX: 32697408; RX: 32697408; Est. Dropped: 0; Est. Drop rate: 0.0000%
2018-10-31 14:11:42,661 INFO Average drop rate: 0.000000
2018-10-31 14:11:42,662 INFO Range search [1.46484375 .. 1.5625] targets: {'ndr': 0.001}
2018-10-31 14:11:42,662 INFO Found ndr (0.001) load: 1.46484375
2018-10-31 14:11:42,662 INFO NDR load: 2.9296875
2018-10-31 14:11:42,662 INFO Service chain 'EXT' run completed.
2018-10-31 14:11:42,662 INFO Clean up skipped.
2018-10-31 14:11:42,690 INFO 
========== NFVBench Summary ==========
Date: 2018-10-31 14:05:47
NFVBench version 2.0.1
Openstack Neutron:
  vSwitch: 
  Encapsulation: 
Benchmarks:
> Networks:
  > Components:
    > Traffic Generator:
        Profile: trex-local
        Tool: TRex
    > Versions:
      > Traffic_Generator:
          build_date: Nov 13 2017
          version: v2.32
          built_by: hhaim
          mode: STL
          build_time: 10:58:17
  > Measurement Parameters:
      NDR: 0.001
  > Service chain:
    > EXT:
      > Traffic:
          Profile: traffic_profile_64B
          Bidirectional: True
          Flow count: 1000
          Service chains count: 1
          Compute nodes: []
            
            Run Summary:
            
              +-----+-----------------+------------------+------------------+-----------------+----------------------+----------------------+----------------------+
              |  -  |   L2 Frame Size |  Rate (fwd+rev)  |  Rate (fwd+rev)  |  Avg Drop Rate  |   Avg Latency (usec) |   Min Latency (usec) |   Max Latency (usec) |
              +=====+=================+==================+==================+=================+======================+======================+======================+
              | NDR |              64 |  732.4219 Mbps   |  1,089,912 pps   |     0.0000%     |                  618 |                   40 |                  785 |
              +-----+-----------------+------------------+------------------+-----------------+----------------------+----------------------+----------------------+
              
            
            L2 frame size: 64
            NDR search duration: 352 seconds
            

