2018-11-19 10:57:08,725 INFO Loading configuration file: /tmp/nfvbench/nfvbench_config.cfg
2018-11-19 10:57:08,756 INFO EXT chain with OpenStack mode disabled
2018-11-19 10:57:08,757 INFO -c /tmp/nfvbench/nfvbench_config.cfg --rate 18500000pps --flow-count 1024 --duration 30 --json /tmp/nfvbench/2csp_1_18500000pps-1.json
2018-11-19 10:57:08,758 INFO Connecting to TRex (127.0.0.1)...
2018-11-19 10:57:08,788 INFO Connected to TRex
2018-11-19 10:57:08,788 INFO    Port 0: Device 158b speed=25Gbps mac=3c:fd:fe:bd:f8:60 pci=0000:3b:00.0 driver=net_i40e
2018-11-19 10:57:08,788 INFO    Port 1: Device 158b speed=25Gbps mac=3c:fd:fe:bd:f8:61 pci=0000:3b:00.1 driver=net_i40e
2018-11-19 10:57:08,789 INFO Port 0: VLANs (1070, 1071)
2018-11-19 10:57:08,789 INFO Port 1: VLANs (1064, 1065)
2018-11-19 10:57:08,789 INFO ChainRunner initialized
2018-11-19 10:57:08,790 INFO Starting 2xEXT benchmark...
2018-11-19 10:57:08,895 INFO Polling ARP until successful...
2018-11-19 10:57:09,105 INFO    ARP: port=0 chain=0 src IP=172.16.10.100 dst IP=172.16.10.10 -> MAC=52:54:00:00:00:aa
2018-11-19 10:57:09,105 INFO    ARP: port=0 chain=1 src IP=172.16.10.101 dst IP=172.16.10.11 -> MAC=52:54:00:00:00:aa
2018-11-19 10:57:09,105 INFO ARP resolved successfully for port 0
2018-11-19 10:57:09,314 INFO    ARP: port=1 chain=0 src IP=172.16.20.100 dst IP=172.16.20.10 -> MAC=52:54:00:00:00:bb
2018-11-19 10:57:09,314 INFO    ARP: port=1 chain=1 src IP=172.16.20.101 dst IP=172.16.20.11 -> MAC=52:54:00:00:00:bb
2018-11-19 10:57:09,314 INFO ARP resolved successfully for port 1
2018-11-19 10:57:09,416 INFO Port 0: dst MAC ['52:54:00:00:00:aa', '52:54:00:00:00:aa']
2018-11-19 10:57:09,416 INFO Port 1: dst MAC ['52:54:00:00:00:bb', '52:54:00:00:00:bb']
2018-11-19 10:57:09,416 INFO Starting traffic generator to ensure end-to-end connectivity
2018-11-19 10:57:09,431 INFO Created 2 traffic streams for port 0.
2018-11-19 10:57:09,432 INFO Created 2 traffic streams for port 1.
2018-11-19 10:57:09,542 INFO Captured unique src mac 0/2, capturing return packets (retry 1/100)...
2018-11-19 10:57:11,663 INFO Received packet from mac: 52:54:00:00:00:bb (chain=1, port=1)
2018-11-19 10:57:11,663 INFO Received packet from mac: 52:54:00:00:00:aa (chain=1, port=0)
2018-11-19 10:57:11,663 INFO End-to-end connectivity established
2018-11-19 10:57:11,680 INFO Cleared all existing streams
2018-11-19 10:57:11,710 INFO Created 4 traffic streams for port 0.
2018-11-19 10:57:11,713 INFO Created 4 traffic streams for port 1.
2018-11-19 10:57:11,713 INFO Starting to generate traffic...
2018-11-19 10:57:11,713 INFO Running traffic generator
2018-11-19 10:57:21,737 INFO TX: 185195656; RX: 31609854; Est. Dropped: 153585802; Est. Drop rate: 82.9316%
2018-11-19 10:57:31,745 INFO TX: 370376406; RX: 63293956; Est. Dropped: 307082450; Est. Drop rate: 82.9109%
2018-11-19 10:57:41,743 INFO TX: 555001872; RX: 94887268; Est. Dropped: 460114604; Est. Drop rate: 82.9033%
2018-11-19 10:57:41,743 INFO ...traffic generating ended.
2018-11-19 10:57:41,747 INFO Service chain 'EXT' run completed.
2018-11-19 10:57:41,747 INFO Clean up skipped.
2018-11-19 10:57:41,772 INFO Saving results in json file: /tmp/nfvbench/2csp_1_18500000pps-1.json...
2018-11-19 10:57:41,778 INFO 
========== NFVBench Summary ==========
Date: 2018-11-19 10:57:08
NFVBench version 2.0.5
Openstack Neutron:
  vSwitch: 
  Encapsulation: 
Benchmarks:
> Networks:
  > Components:
    > Traffic Generator:
        Profile: trex-local
        Tool: TRex
    > Versions:
      > Traffic_Generator:
          build_date: Nov 13 2017
          version: v2.32
          built_by: hhaim
          mode: STL
          build_time: 10:58:17
  > Service chain:
    > EXT:
      > Traffic:
          Profile: traffic_profile_64B
          Bidirectional: True
          Flow count: 1024
          Service chains count: 2
          Compute nodes: []
            
            Run Summary:
            
              +-----------------+-------------+----------------------+----------------------+----------------------+
              |   L2 Frame Size |  Drop Rate  |  Avg Latency (usec)  |   Min Latency (usec) |  Max Latency (usec)  |
              +=================+=============+======================+======================+======================+
              |              64 |  82.9033%   |        1,439         |                  100 |        16,452        |
              +-----------------+-------------+----------------------+----------------------+----------------------+
              
            
            L2 frame size: 64
            
            Run Config:
            
              +-------------+---------------------------+------------------------+-----------------+---------------------------+------------------------+-----------------+
              |  Direction  |  Requested TX Rate (bps)  |  Actual TX Rate (bps)  |  RX Rate (bps)  |  Requested TX Rate (pps)  |  Actual TX Rate (pps)  |  RX Rate (pps)  |
              +=============+===========================+========================+=================+===========================+========================+=================+
              |   Forward   |        6.2160 Gbps        |      6.2160 Gbps       |   1.0628 Gbps   |       9,250,000 pps       |     9,250,031 pps      |  1,581,533 pps  |
              +-------------+---------------------------+------------------------+-----------------+---------------------------+------------------------+-----------------+
              |   Reverse   |        6.2160 Gbps        |      6.2160 Gbps       |   1.0627 Gbps   |       9,250,000 pps       |     9,250,031 pps      |  1,581,375 pps  |
              +-------------+---------------------------+------------------------+-----------------+---------------------------+------------------------+-----------------+
              |    Total    |       12.4320 Gbps        |      12.4320 Gbps      |   2.1255 Gbps   |      18,500,000 pps       |     18,500,062 pps     |  3,162,908 pps  |
              +-------------+---------------------------+------------------------+-----------------+---------------------------+------------------------+-----------------+
              
            Forward Chain Packet Counters and Latency:
            
              +---------+--------------+--------------------------+------------+------------+-------------+
              |  Chain  |  TRex.TX.p0  |        TRex.RX.p1        |  Avg lat.  |  Min lat.  |  Max lat.   |
              +=========+==============+==========================+============+============+=============+
              |    0    | 138,750,468  | -114,992,383 (-82.8771%) | 1,612 usec |  100 usec  | 16,452 usec |
              +---------+--------------+--------------------------+------------+------------+-------------+
              |    1    | 138,750,468  | -115,062,555 (-82.9277%) | 1,665 usec |  400 usec  | 16,424 usec |
              +---------+--------------+--------------------------+------------+------------+-------------+
              |  total  | 277,500,936  | -230,054,938 (-82.9024%) | 1,639 usec |  100 usec  | 16,452 usec |
              +---------+--------------+--------------------------+------------+------------+-------------+
              
            Reverse Chain Packet Counters and Latency:
            
              +---------+--------------+--------------------------+------------+------------+-------------+
              |  Chain  |  TRex.TX.p1  |        TRex.RX.p0        |  Avg lat.  |  Min lat.  |  Max lat.   |
              +=========+==============+==========================+============+============+=============+
              |    0    | 138,750,468  | -115,099,320 (-82.9542%) | 1,263 usec |  400 usec  | 16,420 usec |
              +---------+--------------+--------------------------+------------+------------+-------------+
              |    1    | 138,750,468  | -114,960,346 (-82.8540%) | 1,222 usec |  100 usec  | 16,434 usec |
              +---------+--------------+--------------------------+------------+------------+-------------+
              |  total  | 277,500,936  | -230,059,666 (-82.9041%) | 1,243 usec |  100 usec  | 16,434 usec |
              +---------+--------------+--------------------------+------------+------------+-------------+
              

