2018-11-16 12:32:17,294 INFO Loading configuration file: /tmp/nfvbench/nfvbench_config.cfg
2018-11-16 12:32:17,325 INFO EXT chain with OpenStack mode disabled
2018-11-16 12:32:17,326 INFO -c /tmp/nfvbench/nfvbench_config.cfg --rate ndr --flow-count 1024 --duration 30 --json /tmp/nfvbench/1vsc_1_ndr-1.log
2018-11-16 12:32:17,327 INFO Connecting to TRex (127.0.0.1)...
2018-11-16 12:32:17,462 INFO Connected to TRex
2018-11-16 12:32:17,463 INFO    Port 0: Device 158b speed=25Gbps mac=3c:fd:fe:bd:f8:60 pci=0000:3b:00.0 driver=net_i40e
2018-11-16 12:32:17,463 INFO    Port 1: Device 158b speed=25Gbps mac=3c:fd:fe:bd:f8:61 pci=0000:3b:00.1 driver=net_i40e
2018-11-16 12:32:17,463 INFO Port 0: VLANs [1070]
2018-11-16 12:32:17,463 INFO Port 1: VLANs [1064]
2018-11-16 12:32:17,464 INFO ChainRunner initialized
2018-11-16 12:32:17,464 INFO Starting 1xEXT benchmark...
2018-11-16 12:32:17,569 INFO Polling ARP until successful...
2018-11-16 12:32:17,680 INFO    ARP: port=0 chain=0 src IP=172.16.10.100 dst IP=172.16.10.10 -> MAC=52:54:00:00:00:aa
2018-11-16 12:32:17,680 INFO ARP resolved successfully for port 0
2018-11-16 12:32:17,791 INFO    ARP: port=1 chain=0 src IP=172.16.20.100 dst IP=172.16.20.10 -> MAC=52:54:00:00:00:bb
2018-11-16 12:32:17,791 INFO ARP resolved successfully for port 1
2018-11-16 12:32:17,893 INFO Port 0: dst MAC ['52:54:00:00:00:aa']
2018-11-16 12:32:17,893 INFO Port 1: dst MAC ['52:54:00:00:00:bb']
2018-11-16 12:32:17,893 INFO Starting traffic generator to ensure end-to-end connectivity
2018-11-16 12:32:17,901 INFO Created 1 traffic streams for port 0.
2018-11-16 12:32:17,902 INFO Created 1 traffic streams for port 1.
2018-11-16 12:32:18,012 INFO Captured unique src mac 0/2, capturing return packets (retry 1/100)...
2018-11-16 12:32:20,133 INFO Received packet from mac: 52:54:00:00:00:bb (chain=0, port=1)
2018-11-16 12:32:20,133 INFO Received packet from mac: 52:54:00:00:00:aa (chain=0, port=0)
2018-11-16 12:32:20,133 INFO End-to-end connectivity established
2018-11-16 12:32:20,150 INFO Cleared all existing streams
2018-11-16 12:32:20,165 INFO Created 2 traffic streams for port 0.
2018-11-16 12:32:20,167 INFO Created 2 traffic streams for port 1.
2018-11-16 12:32:20,167 INFO *** Searching NDR for 64 (Bidirectional)...
2018-11-16 12:32:20,167 INFO Range search [0.0 .. 200.0] targets: {'ndr': 0.001}
2018-11-16 12:32:20,167 INFO Modified traffic stream for port 0, new rate=100.0%.
2018-11-16 12:32:20,167 INFO Modified traffic stream for port 1, new rate=100.0%.
2018-11-16 12:32:20,167 INFO Running traffic generator


2018-11-16 12:32:26 - [local][warning]   - [1mCPU util. is high: 86.4%[22m
2018-11-16 12:32:30,188 INFO TX: 413037379; RX: 48423518; Est. Dropped: 364613861; Est. Drop rate: 88.2762%
2018-11-16 12:32:40,201 INFO TX: 826155823; RX: 96761950; Est. Dropped: 729393873; Est. Drop rate: 88.2877%
2018-11-16 12:32:50,201 INFO TX: 1238165535; RX: 144978965; Est. Dropped: 1093186570; Est. Drop rate: 88.2908%
2018-11-16 12:32:52,206 INFO WARNING: There is a significant difference between requested TX rate (74404760) and actual TX rate (41272184). The traffic generator may not have sufficient CPU to achieve the requested TX rate.
2018-11-16 12:32:52,206 INFO Average drop rate: 88.290825
2018-11-16 12:32:52,207 INFO Range search [0.0 .. 100.0] targets: {'ndr': 0.001}
2018-11-16 12:32:52,207 INFO Modified traffic stream for port 0, new rate=50.0%.
2018-11-16 12:32:52,207 INFO Modified traffic stream for port 1, new rate=50.0%.
2018-11-16 12:32:52,207 INFO Running traffic generator


2018-11-16 12:33:00 - [local][warning]   - [1mCPU util. is high: 86.1%[22m
2018-11-16 12:33:02,228 INFO TX: 372393193; RX: 48355230; Est. Dropped: 324037963; Est. Drop rate: 87.0150%
2018-11-16 12:33:12,242 INFO TX: 744918699; RX: 96644510; Est. Dropped: 648274189; Est. Drop rate: 87.0262%
2018-11-16 12:33:22,237 INFO TX: 1116067280; RX: 144763674; Est. Dropped: 971303606; Est. Drop rate: 87.0291%
2018-11-16 12:33:24,243 INFO Average drop rate: 87.029127
2018-11-16 12:33:24,243 INFO Range search [0.0 .. 50.0] targets: {'ndr': 0.001}
2018-11-16 12:33:24,243 INFO Modified traffic stream for port 0, new rate=25.0%.
2018-11-16 12:33:24,243 INFO Modified traffic stream for port 1, new rate=25.0%.
2018-11-16 12:33:24,243 INFO Running traffic generator
2018-11-16 12:33:34,264 INFO TX: 186195275; RX: 48607996; Est. Dropped: 137587279; Est. Drop rate: 73.8941%
2018-11-16 12:33:44,277 INFO TX: 372444862; RX: 96943100; Est. Dropped: 275501762; Est. Drop rate: 73.9712%
2018-11-16 12:33:54,276 INFO TX: 558032626; RX: 145108279; Est. Dropped: 412924347; Est. Drop rate: 73.9965%
2018-11-16 12:33:56,282 INFO Average drop rate: 73.996452
2018-11-16 12:33:56,282 INFO Range search [0.0 .. 25.0] targets: {'ndr': 0.001}
2018-11-16 12:33:56,282 INFO Modified traffic stream for port 0, new rate=12.5%.
2018-11-16 12:33:56,282 INFO Modified traffic stream for port 1, new rate=12.5%.
2018-11-16 12:33:56,282 INFO Running traffic generator
2018-11-16 12:34:06,308 INFO TX: 93095057; RX: 48321701; Est. Dropped: 44773356; Est. Drop rate: 48.0942%
2018-11-16 12:34:16,314 INFO TX: 186158706; RX: 96621733; Est. Dropped: 89536973; Est. Drop rate: 48.0971%
2018-11-16 12:34:26,319 INFO TX: 279014968; RX: 144817865; Est. Dropped: 134197103; Est. Drop rate: 48.0967%
2018-11-16 12:34:28,325 INFO Average drop rate: 48.096740
2018-11-16 12:34:28,325 INFO Range search [0.0 .. 12.5] targets: {'ndr': 0.001}
2018-11-16 12:34:28,325 INFO Modified traffic stream for port 0, new rate=6.25%.
2018-11-16 12:34:28,325 INFO Modified traffic stream for port 1, new rate=6.25%.
2018-11-16 12:34:28,325 INFO Running traffic generator
2018-11-16 12:34:38,347 INFO TX: 46547955; RX: 46544042; Est. Dropped: 3913; Est. Drop rate: 0.0084%
2018-11-16 12:34:48,360 INFO TX: 93108741; RX: 93100615; Est. Dropped: 8126; Est. Drop rate: 0.0087%
2018-11-16 12:34:58,352 INFO TX: 139506064; RX: 139495387; Est. Dropped: 10677; Est. Drop rate: 0.0077%
2018-11-16 12:35:00,357 INFO Average drop rate: 0.007653
2018-11-16 12:35:00,357 INFO Range search [0.0 .. 6.25] targets: {'ndr': 0.001}
2018-11-16 12:35:00,357 INFO Modified traffic stream for port 0, new rate=3.125%.
2018-11-16 12:35:00,357 INFO Modified traffic stream for port 1, new rate=3.125%.
2018-11-16 12:35:00,357 INFO Running traffic generator
2018-11-16 12:35:10,380 INFO TX: 23273355; RX: 23273354; Est. Dropped: 1; Est. Drop rate: 0.0000%
2018-11-16 12:35:20,394 INFO TX: 46556303; RX: 46556308; Est. Dropped: -5; Est. Drop rate: -0.0000%
2018-11-16 12:35:30,390 INFO TX: 69751614; RX: 69751614; Est. Dropped: 0; Est. Drop rate: 0.0000%
2018-11-16 12:35:32,396 INFO Average drop rate: 0.000000
2018-11-16 12:35:32,396 INFO Range search [3.125 .. 6.25] targets: {'ndr': 0.001}
2018-11-16 12:35:32,396 INFO Modified traffic stream for port 0, new rate=4.6875%.
2018-11-16 12:35:32,396 INFO Modified traffic stream for port 1, new rate=4.6875%.
2018-11-16 12:35:32,396 INFO Running traffic generator
2018-11-16 12:35:42,418 INFO TX: 34910510; RX: 34910512; Est. Dropped: -2; Est. Drop rate: -0.0000%
2018-11-16 12:35:52,432 INFO TX: 69835133; RX: 69835002; Est. Dropped: 131; Est. Drop rate: 0.0002%
2018-11-16 12:36:02,428 INFO TX: 104628856; RX: 104628856; Est. Dropped: 0; Est. Drop rate: 0.0000%
2018-11-16 12:36:04,434 INFO Average drop rate: 0.000000
2018-11-16 12:36:04,434 INFO Range search [4.6875 .. 6.25] targets: {'ndr': 0.001}
2018-11-16 12:36:04,435 INFO Modified traffic stream for port 0, new rate=5.46875%.
2018-11-16 12:36:04,435 INFO Modified traffic stream for port 1, new rate=5.46875%.
2018-11-16 12:36:04,435 INFO Running traffic generator
2018-11-16 12:36:14,456 INFO TX: 40729482; RX: 40729322; Est. Dropped: 160; Est. Drop rate: 0.0004%
2018-11-16 12:36:24,470 INFO TX: 81474919; RX: 81474818; Est. Dropped: 101; Est. Drop rate: 0.0001%
2018-11-16 12:36:34,467 INFO TX: 122067478; RX: 122067478; Est. Dropped: 0; Est. Drop rate: 0.0000%
2018-11-16 12:36:36,472 INFO Average drop rate: 0.000000
2018-11-16 12:36:36,472 INFO Range search [5.46875 .. 6.25] targets: {'ndr': 0.001}
2018-11-16 12:36:36,473 INFO Modified traffic stream for port 0, new rate=5.859375%.
2018-11-16 12:36:36,473 INFO Modified traffic stream for port 1, new rate=5.859375%.
2018-11-16 12:36:36,473 INFO Running traffic generator
2018-11-16 12:36:46,494 INFO TX: 43638420; RX: 43625759; Est. Dropped: 12661; Est. Drop rate: 0.0290%
2018-11-16 12:36:56,509 INFO TX: 87293590; RX: 87268137; Est. Dropped: 25453; Est. Drop rate: 0.0292%
2018-11-16 12:37:06,505 INFO TX: 130786758; RX: 130749105; Est. Dropped: 37653; Est. Drop rate: 0.0288%
2018-11-16 12:37:08,511 INFO Average drop rate: 0.028790
2018-11-16 12:37:08,511 INFO Range search [5.46875 .. 5.859375] targets: {'ndr': 0.001}
2018-11-16 12:37:08,511 INFO Modified traffic stream for port 0, new rate=5.6640625%.
2018-11-16 12:37:08,511 INFO Modified traffic stream for port 1, new rate=5.6640625%.
2018-11-16 12:37:08,511 INFO Running traffic generator
2018-11-16 12:37:18,532 INFO TX: 42184136; RX: 42157667; Est. Dropped: 26469; Est. Drop rate: 0.0627%
2018-11-16 12:37:28,547 INFO TX: 84384697; RX: 84331156; Est. Dropped: 53541; Est. Drop rate: 0.0634%
2018-11-16 12:37:38,543 INFO TX: 126427092; RX: 126349338; Est. Dropped: 77754; Est. Drop rate: 0.0615%
2018-11-16 12:37:40,549 INFO Average drop rate: 0.061501
2018-11-16 12:37:40,549 INFO Range search [5.46875 .. 5.6640625] targets: {'ndr': 0.001}
2018-11-16 12:37:40,549 INFO Modified traffic stream for port 0, new rate=5.56640625%.
2018-11-16 12:37:40,549 INFO Modified traffic stream for port 1, new rate=5.56640625%.
2018-11-16 12:37:40,549 INFO Running traffic generator
2018-11-16 12:37:50,570 INFO TX: 41455500; RX: 41454597; Est. Dropped: 903; Est. Drop rate: 0.0022%
2018-11-16 12:38:00,584 INFO TX: 82928347; RX: 82926586; Est. Dropped: 1761; Est. Drop rate: 0.0021%
2018-11-16 12:38:10,581 INFO TX: 124247284; RX: 124244383; Est. Dropped: 2901; Est. Drop rate: 0.0023%
2018-11-16 12:38:12,587 INFO Average drop rate: 0.002335
2018-11-16 12:38:12,587 INFO Range search [5.46875 .. 5.56640625] targets: {'ndr': 0.001}
2018-11-16 12:38:12,587 INFO Found ndr (0.001) load: 5.46875
2018-11-16 12:38:12,587 INFO NDR load: 10.9375
2018-11-16 12:38:12,587 INFO Service chain 'EXT' run completed.
2018-11-16 12:38:12,587 INFO Clean up skipped.
2018-11-16 12:38:12,614 INFO Saving results in json file: /tmp/nfvbench/1vsc_1_ndr-1.log...
2018-11-16 12:38:12,617 INFO 
========== NFVBench Summary ==========
Date: 2018-11-16 12:32:17
NFVBench version 2.0.5
Openstack Neutron:
  vSwitch: 
  Encapsulation: 
Benchmarks:
> Networks:
  > Components:
    > Traffic Generator:
        Profile: trex-local
        Tool: TRex
    > Versions:
      > Traffic_Generator:
          build_date: Nov 13 2017
          version: v2.32
          built_by: hhaim
          mode: STL
          build_time: 10:58:17
  > Measurement Parameters:
      NDR: 0.001
  > Service chain:
    > EXT:
      > Traffic:
          Profile: traffic_profile_64B
          Bidirectional: True
          Flow count: 1024
          Service chains count: 1
          Compute nodes: []
            
            Run Summary:
            
              +-----+-----------------+------------------+------------------+-----------------+----------------------+----------------------+----------------------+
              |  -  |   L2 Frame Size |  Rate (fwd+rev)  |  Rate (fwd+rev)  |  Avg Drop Rate  |   Avg Latency (usec) |   Min Latency (usec) |   Max Latency (usec) |
              +=====+=================+==================+==================+=================+======================+======================+======================+
              | NDR |              64 |   2.7344 Gbps    |  4,069,010 pps   |     0.0000%     |                   83 |                   10 |                  159 |
              +-----+-----------------+------------------+------------------+-----------------+----------------------+----------------------+----------------------+
              
            
            L2 frame size: 64
            NDR search duration: 352 seconds
            

