2018-11-09 13:55:59,633 INFO Loading configuration file: /tmp/nfvbench/nfvbench_config.cfg
2018-11-09 13:55:59,664 INFO EXT chain with OpenStack mode disabled
2018-11-09 13:55:59,664 INFO -c /tmp/nfvbench/nfvbench_config.cfg --rate 20Gbps --flow-count 1000 --duration 30 --json /tmp/nfvbench/2csc_2_20Gbps-1.log
2018-11-09 13:55:59,666 INFO Connecting to TRex (127.0.0.1)...
2018-11-09 13:55:59,805 INFO Connected to TRex
2018-11-09 13:55:59,805 INFO    Port 0: Device 158b speed=25Gbps mac=3c:fd:fe:bd:f8:60 pci=0000:3b:00.0 driver=net_i40e
2018-11-09 13:55:59,805 INFO    Port 1: Device 158b speed=25Gbps mac=3c:fd:fe:bd:f8:61 pci=0000:3b:00.1 driver=net_i40e
2018-11-09 13:55:59,806 INFO Port 0: VLANs [1070]
2018-11-09 13:55:59,806 INFO Port 1: VLANs [1064]
2018-11-09 13:55:59,806 INFO ChainRunner initialized
2018-11-09 13:55:59,807 INFO Adjusting frame size 64 Bytes to minimum size 68 Bytes due to traffic generator restriction
2018-11-09 13:55:59,807 INFO Starting 1xEXT benchmark...
2018-11-09 13:55:59,911 INFO Polling ARP until successful...
2018-11-09 13:56:00,121 INFO    ARP: port=0 chain=0 src IP=172.16.10.100 dst IP=172.16.10.10 -> MAC=52:54:00:00:00:aa
2018-11-09 13:56:00,121 INFO ARP resolved successfully for port 0
2018-11-09 13:56:00,330 INFO    ARP: port=1 chain=0 src IP=172.16.20.100 dst IP=172.16.20.10 -> MAC=52:54:00:00:00:bb
2018-11-09 13:56:00,330 INFO ARP resolved successfully for port 1
2018-11-09 13:56:00,431 INFO Port 0: dst MAC ['52:54:00:00:00:aa']
2018-11-09 13:56:00,431 INFO Port 1: dst MAC ['52:54:00:00:00:bb']
2018-11-09 13:56:00,432 INFO Starting traffic generator to ensure end-to-end connectivity
2018-11-09 13:56:00,438 INFO Created 1 traffic streams for port 0.
2018-11-09 13:56:00,439 INFO Created 1 traffic streams for port 1.
2018-11-09 13:56:00,548 INFO Captured unique src mac 0/2, capturing return packets (retry 1/100)...
2018-11-09 13:56:02,672 INFO Received packet from mac: 52:54:00:00:00:bb (chain=0, port=1)
2018-11-09 13:56:02,672 INFO Received packet from mac: 52:54:00:00:00:aa (chain=0, port=0)
2018-11-09 13:56:02,672 INFO End-to-end connectivity established
2018-11-09 13:56:02,692 INFO Cleared all existing streams
2018-11-09 13:56:02,706 INFO Created 2 traffic streams for port 0.
2018-11-09 13:56:02,708 INFO Created 2 traffic streams for port 1.
2018-11-09 13:56:02,714 INFO Starting to generate traffic...
2018-11-09 13:56:02,714 INFO Running traffic generator
2018-11-09 13:56:12,735 INFO TX: 284377876; RX: 12374628; Est. Dropped: 272003248; Est. Drop rate: 95.6485%
2018-11-09 13:56:22,749 INFO TX: 568860792; RX: 24019524; Est. Dropped: 544841268; Est. Drop rate: 95.7776%
2018-11-09 13:56:32,740 INFO TX: 852281344; RX: 35672552; Est. Dropped: 816608792; Est. Drop rate: 95.8145%
2018-11-09 13:56:32,740 INFO ...traffic generating ended.
2018-11-09 13:56:32,744 INFO Service chain 'EXT' run completed.
2018-11-09 13:56:32,744 INFO Clean up skipped.
2018-11-09 13:56:32,767 INFO Saving results in json file: /tmp/nfvbench/2csc_2_20Gbps-1.log...
2018-11-09 13:56:32,772 INFO 
========== NFVBench Summary ==========
Date: 2018-11-09 13:55:59
NFVBench version 2.0.3
Openstack Neutron:
  vSwitch: 
  Encapsulation: 
Benchmarks:
> Networks:
  > Components:
    > Traffic Generator:
        Profile: trex-local
        Tool: TRex
    > Versions:
      > Traffic_Generator:
          build_date: Nov 13 2017
          version: v2.32
          built_by: hhaim
          mode: STL
          build_time: 10:58:17
  > Service chain:
    > EXT:
      > Traffic:
          Profile: traffic_profile_64B
          Bidirectional: True
          Flow count: 1000
          Service chains count: 1
          Compute nodes: []
            
            Run Summary:
            
              +-----------------+-------------+----------------------+----------------------+----------------------+
              |   L2 Frame Size |  Drop Rate  |  Avg Latency (usec)  |   Min Latency (usec) |  Max Latency (usec)  |
              +=================+=============+======================+======================+======================+
              |              64 |  95.8145%   |        1,440         |                  100 |        24,226        |
              +-----------------+-------------+----------------------+----------------------+----------------------+
              
            
            L2 frame size: 64
            Actual l2 frame size: 68
            
            Run Config:
            
              +-------------+---------------------------+------------------------+-----------------+---------------------------+------------------------+-----------------+
              |  Direction  |  Requested TX Rate (bps)  |  Actual TX Rate (bps)  |  RX Rate (bps)  |  Requested TX Rate (pps)  |  Actual TX Rate (pps)  |  RX Rate (pps)  |
              +=============+===========================+========================+=================+===========================+========================+=================+
              |   Forward   |       10.0000 Gbps        |      10.0001 Gbps      |  423.3366 Mbps  |      14,204,545 pps       |     14,204,689 pps     |   601,330 pps   |
              +-------------+---------------------------+------------------------+-----------------+---------------------------+------------------------+-----------------+
              |   Reverse   |       10.0000 Gbps        |      10.0001 Gbps      |  413.7793 Mbps  |      14,204,545 pps       |     14,204,689 pps     |   587,754 pps   |
              +-------------+---------------------------+------------------------+-----------------+---------------------------+------------------------+-----------------+
              |    Total    |       20.0000 Gbps        |      20.0002 Gbps      |  837.1159 Mbps  |      28,409,090 pps       |     28,409,378 pps     |  1,189,084 pps  |
              +-------------+---------------------------+------------------------+-----------------+---------------------------+------------------------+-----------------+
              
            Forward Chain Packet Counters and Latency:
            
              +---------+--------------+--------------------------+------------+------------+-------------+
              |   Chain |  TRex.TX.p0  |        TRex.RX.p1        |  Avg lat.  |  Min lat.  |  Max lat.   |
              +=========+==============+==========================+============+============+=============+
              |       0 | 426,140,672  | -408,100,759 (-95.7667%) | 1,301 usec |  100 usec  | 23,396 usec |
              +---------+--------------+--------------------------+------------+------------+-------------+
              
            Reverse Chain Packet Counters and Latency:
            
              +---------+--------------+--------------------------+------------+------------+-------------+
              |   Chain |  TRex.TX.p1  |        TRex.RX.p0        |  Avg lat.  |  Min lat.  |  Max lat.   |
              +=========+==============+==========================+============+============+=============+
              |       0 | 426,140,672  | -408,508,033 (-95.8622%) | 1,578 usec |  100 usec  | 24,226 usec |
              +---------+--------------+--------------------------+------------+------------+-------------+
              

