2018-11-05 08:59:47,591 INFO Loading configuration file: /tmp/nfvbench/nfvbench_config.cfg
2018-11-05 08:59:47,622 INFO EXT chain with OpenStack mode disabled
2018-11-05 08:59:47,622 INFO -c /tmp/nfvbench/nfvbench_config.cfg --rate ndr --flow-count 1000 --duration 30
2018-11-05 08:59:47,624 INFO Connecting to TRex (127.0.0.1)...
2018-11-05 08:59:47,765 INFO Connected to TRex
2018-11-05 08:59:47,766 INFO    Port 0: Device 158b speed=25Gbps mac=3c:fd:fe:bd:f8:60 pci=0000:3b:00.0 driver=net_i40e
2018-11-05 08:59:47,766 INFO    Port 1: Device 158b speed=25Gbps mac=3c:fd:fe:bd:f8:61 pci=0000:3b:00.1 driver=net_i40e
2018-11-05 08:59:47,766 INFO Port 0: VLANs [1070]
2018-11-05 08:59:47,766 INFO Port 1: VLANs [1064]
2018-11-05 08:59:47,767 INFO Port 0: dst MAC ['52:54:00:00:00:aa']
2018-11-05 08:59:47,767 INFO Port 1: dst MAC ['52:54:00:00:00:bb']
2018-11-05 08:59:47,767 INFO ChainRunner initialized
2018-11-05 08:59:47,767 INFO Adjusting frame size 64 Bytes to minimum size 68 Bytes due to traffic generator restriction
2018-11-05 08:59:47,768 INFO Starting 1xEXT benchmark...
2018-11-05 08:59:47,772 INFO Starting traffic generator to ensure end-to-end connectivity
2018-11-05 08:59:47,779 INFO Created 1 traffic streams for port 0.
2018-11-05 08:59:47,780 INFO Created 1 traffic streams for port 1.
2018-11-05 08:59:47,890 INFO Captured unique src mac 0/2, capturing return packets (retry 1/100)...
2018-11-05 08:59:50,011 INFO Received packet from mac: 52:54:00:00:00:bb (chain=0, port=1)
2018-11-05 08:59:50,011 INFO Received packet from mac: 52:54:00:00:00:aa (chain=0, port=0)
2018-11-05 08:59:50,011 INFO End-to-end connectivity established
2018-11-05 08:59:50,028 INFO Cleared all existing streams
2018-11-05 08:59:50,037 INFO Created 2 traffic streams for port 0.
2018-11-05 08:59:50,039 INFO Created 2 traffic streams for port 1.
2018-11-05 08:59:50,039 INFO *** Searching NDR for 68 (Bidirectional)...
2018-11-05 08:59:50,039 INFO Range search [0.0 .. 200.0] targets: {'ndr': 0.001}
2018-11-05 08:59:50,039 INFO Modified traffic stream for port 0, new rate=100.0%.
2018-11-05 08:59:50,039 INFO Modified traffic stream for port 1, new rate=100.0%.
2018-11-05 08:59:50,039 INFO Running traffic generator


2018-11-05 08:59:57 - [local][warning]   - [1mCPU util. is high: 86.1%[22m
2018-11-05 09:00:00,060 INFO TX: 408967687; RX: 8052516; Est. Dropped: 400915171; Est. Drop rate: 98.0310%
2018-11-05 09:00:10,069 INFO TX: 817913147; RX: 16089316; Est. Dropped: 801823831; Est. Drop rate: 98.0329%
2018-11-05 09:00:20,073 INFO TX: 1226198195; RX: 24113252; Est. Dropped: 1202084943; Est. Drop rate: 98.0335%
2018-11-05 09:00:22,078 INFO WARNING: There is a significant difference between requested TX rate (71022726) and actual TX rate (40873273). The traffic generator may not have sufficient CPU to achieve the requested TX rate.
2018-11-05 09:00:22,079 INFO Average drop rate: 98.033495
2018-11-05 09:00:22,079 INFO Range search [0.0 .. 100.0] targets: {'ndr': 0.001}
2018-11-05 09:00:22,079 INFO Modified traffic stream for port 0, new rate=50.0%.
2018-11-05 09:00:22,079 INFO Modified traffic stream for port 1, new rate=50.0%.
2018-11-05 09:00:22,079 INFO Running traffic generator
2018-11-05 09:00:32,101 INFO TX: 355390234; RX: 8011500; Est. Dropped: 347378734; Est. Drop rate: 97.7457%
2018-11-05 09:00:42,115 INFO TX: 711023875; RX: 16028396; Est. Dropped: 694995479; Est. Drop rate: 97.7457%
2018-11-05 09:00:52,114 INFO TX: 1065399596; RX: 24023852; Est. Dropped: 1041375744; Est. Drop rate: 97.7451%
2018-11-05 09:00:54,120 INFO Average drop rate: 97.745085
2018-11-05 09:00:54,120 INFO Range search [0.0 .. 50.0] targets: {'ndr': 0.001}
2018-11-05 09:00:54,120 INFO Modified traffic stream for port 0, new rate=25.0%.
2018-11-05 09:00:54,120 INFO Modified traffic stream for port 1, new rate=25.0%.
2018-11-05 09:00:54,120 INFO Running traffic generator
2018-11-05 09:01:04,144 INFO TX: 177723099; RX: 8024512; Est. Dropped: 169698587; Est. Drop rate: 95.4848%
2018-11-05 09:01:14,158 INFO TX: 355515636; RX: 16049471; Est. Dropped: 339466165; Est. Drop rate: 95.4856%
2018-11-05 09:01:24,155 INFO TX: 532651164; RX: 24050496; Est. Dropped: 508600668; Est. Drop rate: 95.4848%
2018-11-05 09:01:26,161 INFO Average drop rate: 95.484757
2018-11-05 09:01:26,161 INFO Range search [0.0 .. 25.0] targets: {'ndr': 0.001}
2018-11-05 09:01:26,161 INFO Modified traffic stream for port 0, new rate=12.5%.
2018-11-05 09:01:26,161 INFO Modified traffic stream for port 1, new rate=12.5%.
2018-11-05 09:01:26,161 INFO Running traffic generator
2018-11-05 09:01:36,184 INFO TX: 88867600; RX: 8039531; Est. Dropped: 80828069; Est. Drop rate: 90.9534%
2018-11-05 09:01:46,199 INFO TX: 177767956; RX: 16082731; Est. Dropped: 161685225; Est. Drop rate: 90.9530%
2018-11-05 09:01:56,195 INFO TX: 266335930; RX: 24101379; Est. Dropped: 242234551; Est. Drop rate: 90.9508%
2018-11-05 09:01:58,201 INFO Average drop rate: 90.950759
2018-11-05 09:01:58,201 INFO Range search [0.0 .. 12.5] targets: {'ndr': 0.001}
2018-11-05 09:01:58,201 INFO Modified traffic stream for port 0, new rate=6.25%.
2018-11-05 09:01:58,201 INFO Modified traffic stream for port 1, new rate=6.25%.
2018-11-05 09:01:58,201 INFO Running traffic generator
2018-11-05 09:02:08,225 INFO TX: 44433307; RX: 8084718; Est. Dropped: 36348589; Est. Drop rate: 81.8048%
2018-11-05 09:02:18,239 INFO TX: 88883791; RX: 16174958; Est. Dropped: 72708833; Est. Drop rate: 81.8021%
2018-11-05 09:02:28,236 INFO TX: 133168494; RX: 24238886; Est. Dropped: 108929608; Est. Drop rate: 81.7983%
2018-11-05 09:02:30,242 INFO Average drop rate: 81.798333
2018-11-05 09:02:30,242 INFO Range search [0.0 .. 6.25] targets: {'ndr': 0.001}
2018-11-05 09:02:30,242 INFO Modified traffic stream for port 0, new rate=3.125%.
2018-11-05 09:02:30,242 INFO Modified traffic stream for port 1, new rate=3.125%.
2018-11-05 09:02:30,242 INFO Running traffic generator
2018-11-05 09:02:40,266 INFO TX: 22216366; RX: 8137364; Est. Dropped: 14079002; Est. Drop rate: 63.3722%
2018-11-05 09:02:50,280 INFO TX: 44441297; RX: 16276564; Est. Dropped: 28164733; Est. Drop rate: 63.3751%
2018-11-05 09:03:00,276 INFO TX: 66583568; RX: 24390858; Est. Dropped: 42192710; Est. Drop rate: 63.3681%
2018-11-05 09:03:02,282 INFO Average drop rate: 63.368052
2018-11-05 09:03:02,282 INFO Range search [0.0 .. 3.125] targets: {'ndr': 0.001}
2018-11-05 09:03:02,282 INFO Modified traffic stream for port 0, new rate=1.5625%.
2018-11-05 09:03:02,282 INFO Modified traffic stream for port 1, new rate=1.5625%.
2018-11-05 09:03:02,283 INFO Running traffic generator
2018-11-05 09:03:12,306 INFO TX: 11108190; RX: 9852989; Est. Dropped: 1255201; Est. Drop rate: 11.2998%
2018-11-05 09:03:22,320 INFO TX: 22220791; RX: 19712741; Est. Dropped: 2508050; Est. Drop rate: 11.2870%
2018-11-05 09:03:32,317 INFO TX: 33291914; RX: 29521880; Est. Dropped: 3770034; Est. Drop rate: 11.3242%
2018-11-05 09:03:34,322 INFO Average drop rate: 11.324173
2018-11-05 09:03:34,322 INFO Range search [0.0 .. 1.5625] targets: {'ndr': 0.001}
2018-11-05 09:03:34,323 INFO Modified traffic stream for port 0, new rate=0.78125%.
2018-11-05 09:03:34,323 INFO Modified traffic stream for port 1, new rate=0.78125%.
2018-11-05 09:03:34,323 INFO Running traffic generator
2018-11-05 09:03:44,346 INFO TX: 5553760; RX: 5553760; Est. Dropped: 0; Est. Drop rate: 0.0000%
2018-11-05 09:03:54,360 INFO TX: 11110139; RX: 11109979; Est. Dropped: 160; Est. Drop rate: 0.0014%
2018-11-05 09:04:04,357 INFO TX: 16645938; RX: 16645938; Est. Dropped: 0; Est. Drop rate: 0.0000%
2018-11-05 09:04:06,363 INFO Average drop rate: 0.000000
2018-11-05 09:04:06,363 INFO Range search [0.78125 .. 1.5625] targets: {'ndr': 0.001}
2018-11-05 09:04:06,363 INFO Modified traffic stream for port 0, new rate=1.171875%.
2018-11-05 09:04:06,363 INFO Modified traffic stream for port 1, new rate=1.171875%.
2018-11-05 09:04:06,363 INFO Running traffic generator
2018-11-05 09:04:16,387 INFO TX: 8330592; RX: 8330409; Est. Dropped: 183; Est. Drop rate: 0.0022%
2018-11-05 09:04:26,399 INFO TX: 16664628; RX: 16664500; Est. Dropped: 128; Est. Drop rate: 0.0008%
2018-11-05 09:04:36,396 INFO TX: 24968936; RX: 24968936; Est. Dropped: 0; Est. Drop rate: 0.0000%
2018-11-05 09:04:38,401 INFO Average drop rate: 0.000000
2018-11-05 09:04:38,401 INFO Range search [1.171875 .. 1.5625] targets: {'ndr': 0.001}
2018-11-05 09:04:38,401 INFO Modified traffic stream for port 0, new rate=1.3671875%.
2018-11-05 09:04:38,401 INFO Modified traffic stream for port 1, new rate=1.3671875%.
2018-11-05 09:04:38,401 INFO Running traffic generator
2018-11-05 09:04:48,426 INFO TX: 9718367; RX: 9717909; Est. Dropped: 458; Est. Drop rate: 0.0047%
2018-11-05 09:04:58,439 INFO TX: 19442445; RX: 19441967; Est. Dropped: 478; Est. Drop rate: 0.0025%
2018-11-05 09:05:08,435 INFO TX: 29130444; RX: 29130444; Est. Dropped: 0; Est. Drop rate: 0.0000%
2018-11-05 09:05:10,439 INFO Average drop rate: 0.000000
2018-11-05 09:05:10,440 INFO Range search [1.3671875 .. 1.5625] targets: {'ndr': 0.001}
2018-11-05 09:05:10,440 INFO Modified traffic stream for port 0, new rate=1.46484375%.
2018-11-05 09:05:10,440 INFO Modified traffic stream for port 1, new rate=1.46484375%.
2018-11-05 09:05:10,440 INFO Running traffic generator
2018-11-05 09:05:20,464 INFO TX: 10413664; RX: 10412033; Est. Dropped: 1631; Est. Drop rate: 0.0157%
2018-11-05 09:05:30,477 INFO TX: 20830149; RX: 20828659; Est. Dropped: 1490; Est. Drop rate: 0.0072%
2018-11-05 09:05:40,474 INFO TX: 31211172; RX: 31210563; Est. Dropped: 609; Est. Drop rate: 0.0020%
2018-11-05 09:05:42,478 INFO Average drop rate: 0.001951
2018-11-05 09:05:42,479 INFO Range search [1.3671875 .. 1.46484375] targets: {'ndr': 0.001}
2018-11-05 09:05:42,479 INFO Found ndr (0.001) load: 1.3671875
2018-11-05 09:05:42,479 INFO NDR load: 2.734375
2018-11-05 09:05:42,479 INFO Service chain 'EXT' run completed.
2018-11-05 09:05:42,479 INFO Clean up skipped.
2018-11-05 09:05:42,510 INFO 
========== NFVBench Summary ==========
Date: 2018-11-05 08:59:47
NFVBench version 2.0.2
Openstack Neutron:
  vSwitch: 
  Encapsulation: 
Benchmarks:
> Networks:
  > Components:
    > Traffic Generator:
        Profile: trex-local
        Tool: TRex
    > Versions:
      > Traffic_Generator:
          build_date: Nov 13 2017
          version: v2.32
          built_by: hhaim
          mode: STL
          build_time: 10:58:17
  > Measurement Parameters:
      NDR: 0.001
  > Service chain:
    > EXT:
      > Traffic:
          Profile: traffic_profile_64B
          Bidirectional: True
          Flow count: 1000
          Service chains count: 1
          Compute nodes: []
            
            Run Summary:
            
              +-----+-----------------+------------------+------------------+-----------------+----------------------+----------------------+----------------------+
              |  -  |   L2 Frame Size |  Rate (fwd+rev)  |  Rate (fwd+rev)  |  Avg Drop Rate  |   Avg Latency (usec) |   Min Latency (usec) |   Max Latency (usec) |
              +=====+=================+==================+==================+=================+======================+======================+======================+
              | NDR |              64 |  683.5938 Mbps   |   971,012 pps    |     0.0000%     |                  435 |                   40 |                  666 |
              +-----+-----------------+------------------+------------------+-----------------+----------------------+----------------------+----------------------+
              
            
            L2 frame size: 64
            Actual l2 frame size: 68
            NDR search duration: 352 seconds
            

