2018-11-05 09:06:16,616 INFO Loading configuration file: /tmp/nfvbench/nfvbench_config.cfg
2018-11-05 09:06:16,647 INFO EXT chain with OpenStack mode disabled
2018-11-05 09:06:16,648 INFO -c /tmp/nfvbench/nfvbench_config.cfg --rate 20Gbps --flow-count 1000 --duration 30
2018-11-05 09:06:16,649 INFO Connecting to TRex (127.0.0.1)...
2018-11-05 09:06:16,793 INFO Connected to TRex
2018-11-05 09:06:16,793 INFO    Port 0: Device 158b speed=25Gbps mac=3c:fd:fe:bd:f8:60 pci=0000:3b:00.0 driver=net_i40e
2018-11-05 09:06:16,793 INFO    Port 1: Device 158b speed=25Gbps mac=3c:fd:fe:bd:f8:61 pci=0000:3b:00.1 driver=net_i40e
2018-11-05 09:06:16,794 INFO Port 0: VLANs [1070]
2018-11-05 09:06:16,794 INFO Port 1: VLANs [1064]
2018-11-05 09:06:16,794 INFO Port 0: dst MAC ['52:54:00:00:00:aa']
2018-11-05 09:06:16,794 INFO Port 1: dst MAC ['52:54:00:00:00:bb']
2018-11-05 09:06:16,794 INFO ChainRunner initialized
2018-11-05 09:06:16,795 INFO Adjusting frame size 64 Bytes to minimum size 68 Bytes due to traffic generator restriction
2018-11-05 09:06:16,795 INFO Starting 1xEXT benchmark...
2018-11-05 09:06:16,799 INFO Starting traffic generator to ensure end-to-end connectivity
2018-11-05 09:06:16,806 INFO Created 1 traffic streams for port 0.
2018-11-05 09:06:16,807 INFO Created 1 traffic streams for port 1.
2018-11-05 09:06:16,917 INFO Captured unique src mac 0/2, capturing return packets (retry 1/100)...
2018-11-05 09:06:19,038 INFO Received packet from mac: 52:54:00:00:00:bb (chain=0, port=1)
2018-11-05 09:06:19,038 INFO Received packet from mac: 52:54:00:00:00:aa (chain=0, port=0)
2018-11-05 09:06:19,038 INFO End-to-end connectivity established
2018-11-05 09:06:19,054 INFO Cleared all existing streams
2018-11-05 09:06:19,062 INFO Created 2 traffic streams for port 0.
2018-11-05 09:06:19,064 INFO Created 2 traffic streams for port 1.
2018-11-05 09:06:19,068 INFO Starting to generate traffic...
2018-11-05 09:06:19,068 INFO Running traffic generator
2018-11-05 09:06:29,088 INFO TX: 284373763; RX: 8056433; Est. Dropped: 276317330; Est. Drop rate: 97.1670%
2018-11-05 09:06:39,102 INFO TX: 568846086; RX: 16116534; Est. Dropped: 552729552; Est. Drop rate: 97.1668%
2018-11-05 09:06:49,099 INFO TX: 852256184; RX: 24148975; Est. Dropped: 828107209; Est. Drop rate: 97.1665%
2018-11-05 09:06:49,099 INFO ...traffic generating ended.
2018-11-05 09:06:49,102 INFO Service chain 'EXT' run completed.
2018-11-05 09:06:49,103 INFO Clean up skipped.
2018-11-05 09:06:49,130 INFO 
========== NFVBench Summary ==========
Date: 2018-11-05 09:06:16
NFVBench version 2.0.2
Openstack Neutron:
  vSwitch: 
  Encapsulation: 
Benchmarks:
> Networks:
  > Components:
    > Traffic Generator:
        Profile: trex-local
        Tool: TRex
    > Versions:
      > Traffic_Generator:
          build_date: Nov 13 2017
          version: v2.32
          built_by: hhaim
          mode: STL
          build_time: 10:58:17
  > Service chain:
    > EXT:
      > Traffic:
          Profile: traffic_profile_64B
          Bidirectional: True
          Flow count: 1000
          Service chains count: 1
          Compute nodes: []
            
            Run Summary:
            
              +-----------------+-------------+----------------------+----------------------+----------------------+
              |   L2 Frame Size |  Drop Rate  |  Avg Latency (usec)  |   Min Latency (usec) |  Max Latency (usec)  |
              +=================+=============+======================+======================+======================+
              |              64 |  97.1665%   |        1,800         |                   50 |        4,884         |
              +-----------------+-------------+----------------------+----------------------+----------------------+
              
            
            L2 frame size: 64
            Actual l2 frame size: 68
            
            Run Config:
            
              +-------------+---------------------------+------------------------+-----------------+---------------------------+------------------------+-----------------+
              |  Direction  |  Requested TX Rate (bps)  |  Actual TX Rate (bps)  |  RX Rate (bps)  |  Requested TX Rate (pps)  |  Actual TX Rate (pps)  |  RX Rate (pps)  |
              +=============+===========================+========================+=================+===========================+========================+=================+
              |   Forward   |       10.0000 Gbps        |      9.9998 Gbps       |  453.3511 Mbps  |      14,204,545 pps       |     14,204,269 pps     |   643,964 pps   |
              +-------------+---------------------------+------------------------+-----------------+---------------------------+------------------------+-----------------+
              |   Reverse   |       10.0000 Gbps        |      9.9998 Gbps       |  113.3448 Mbps  |      14,204,545 pps       |     14,204,269 pps     |   161,001 pps   |
              +-------------+---------------------------+------------------------+-----------------+---------------------------+------------------------+-----------------+
              |    Total    |       20.0000 Gbps        |      19.9996 Gbps      |  566.6959 Mbps  |      28,409,090 pps       |     28,408,538 pps     |   804,965 pps   |
              +-------------+---------------------------+------------------------+-----------------+---------------------------+------------------------+-----------------+
              
            Forward Chain Packet Counters and Latency:
            
              +---------+--------------+--------------------------+------------+------------+------------+
              |   Chain |  TRex.TX.p0  |        TRex.RX.p1        |  Avg lat.  |  Min lat.  |  Max lat.  |
              +=========+==============+==========================+============+============+============+
              |       0 | 426,128,092  | -406,809,151 (-95.4664%) | 4,788 usec |  50 usec   | 4,884 usec |
              +---------+--------------+--------------------------+------------+------------+------------+
              
            Reverse Chain Packet Counters and Latency:
            
              +---------+--------------+--------------------------+------------+------------+------------+
              |   Chain |  TRex.TX.p1  |        TRex.RX.p0        |  Avg lat.  |  Min lat.  |  Max lat.  |
              +=========+==============+==========================+============+============+============+
              |       0 | 426,128,092  | -421,298,058 (-98.8665%) | 1,054 usec | 1,000 usec | 1,892 usec |
              +---------+--------------+--------------------------+------------+------------+------------+
              

